<?xml version="1.0" encoding="UTF-8"?>
<testsuite xmlns:xsi="http://www.w3.org/2001/XMLSchema-instance" xsi:noNamespaceSchemaLocation="https://maven.apache.org/surefire/maven-surefire-plugin/xsd/surefire-test-report-3.0.xsd" version="3.0" name="Runner.TestRunner" time="53.692" tests="4" errors="1" skipped="0" failures="0">
  <properties>
    <property name="java.specification.version" value="21"/>
    <property name="webdriver.chrome.driver" value="C:\Users\info\.cache\selenium\chromedriver\win64\120.0.6099.109\chromedriver.exe"/>
    <property name="sun.cpu.isalist" value="amd64"/>
    <property name="sun.jnu.encoding" value="Cp1252"/>
    <property name="java.class.path" value="C:\Users\info\eclipse-workspace\AllureReportDemo\target\test-classes;C:\Users\info\eclipse-workspace\AllureReportDemo\target\classes;C:\Users\info\.m2\repository\io\cucumber\cucumber-java\7.15.0\cucumber-java-7.15.0.jar;C:\Users\info\.m2\repository\io\cucumber\cucumber-core\7.15.0\cucumber-core-7.15.0.jar;C:\Users\info\.m2\repository\io\cucumber\cucumber-gherkin\7.15.0\cucumber-gherkin-7.15.0.jar;C:\Users\info\.m2\repository\io\cucumber\cucumber-gherkin-messages\7.15.0\cucumber-gherkin-messages-7.15.0.jar;C:\Users\info\.m2\repository\io\cucumber\messages\22.0.0\messages-22.0.0.jar;C:\Users\info\.m2\repository\io\cucumber\tag-expressions\6.0.0\tag-expressions-6.0.0.jar;C:\Users\info\.m2\repository\io\cucumber\cucumber-expressions\17.0.1\cucumber-expressions-17.0.1.jar;C:\Users\info\.m2\repository\io\cucumber\datatable\7.15.0\datatable-7.15.0.jar;C:\Users\info\.m2\repository\io\cucumber\cucumber-plugin\7.15.0\cucumber-plugin-7.15.0.jar;C:\Users\info\.m2\repository\io\cucumber\docstring\7.15.0\docstring-7.15.0.jar;C:\Users\info\.m2\repository\io\cucumber\html-formatter\20.4.0\html-formatter-20.4.0.jar;C:\Users\info\.m2\repository\io\cucumber\junit-xml-formatter\0.2.0\junit-xml-formatter-0.2.0.jar;C:\Users\info\.m2\repository\io\cucumber\ci-environment\10.0.0\ci-environment-10.0.0.jar;C:\Users\info\.m2\repository\org\apiguardian\apiguardian-api\1.1.2\apiguardian-api-1.1.2.jar;C:\Users\info\.m2\repository\io\cucumber\cucumber-junit\7.15.0\cucumber-junit-7.15.0.jar;C:\Users\info\.m2\repository\junit\junit\4.13.2\junit-4.13.2.jar;C:\Users\info\.m2\repository\org\hamcrest\hamcrest-core\1.3\hamcrest-core-1.3.jar;C:\Users\info\.m2\repository\org\seleniumhq\selenium\selenium-java\4.16.1\selenium-java-4.16.1.jar;C:\Users\info\.m2\repository\org\seleniumhq\selenium\selenium-api\4.16.1\selenium-api-4.16.1.jar;C:\Users\info\.m2\repository\org\seleniumhq\selenium\selenium-chrome-driver\4.16.1\selenium-chrome-driver-4.16.1.jar;C:\Users\info\.m2\repository\com\google\auto\service\auto-service-annotations\1.1.1\auto-service-annotations-1.1.1.jar;C:\Users\info\.m2\repository\org\seleniumhq\selenium\selenium-chromium-driver\4.16.1\selenium-chromium-driver-4.16.1.jar;C:\Users\info\.m2\repository\org\seleniumhq\selenium\selenium-json\4.16.1\selenium-json-4.16.1.jar;C:\Users\info\.m2\repository\org\seleniumhq\selenium\selenium-manager\4.16.1\selenium-manager-4.16.1.jar;C:\Users\info\.m2\repository\org\seleniumhq\selenium\selenium-devtools-v118\4.16.1\selenium-devtools-v118-4.16.1.jar;C:\Users\info\.m2\repository\org\seleniumhq\selenium\selenium-devtools-v119\4.16.1\selenium-devtools-v119-4.16.1.jar;C:\Users\info\.m2\repository\org\seleniumhq\selenium\selenium-devtools-v120\4.16.1\selenium-devtools-v120-4.16.1.jar;C:\Users\info\.m2\repository\org\seleniumhq\selenium\selenium-devtools-v85\4.16.1\selenium-devtools-v85-4.16.1.jar;C:\Users\info\.m2\repository\org\seleniumhq\selenium\selenium-edge-driver\4.16.1\selenium-edge-driver-4.16.1.jar;C:\Users\info\.m2\repository\org\seleniumhq\selenium\selenium-firefox-driver\4.16.1\selenium-firefox-driver-4.16.1.jar;C:\Users\info\.m2\repository\org\seleniumhq\selenium\selenium-http\4.16.1\selenium-http-4.16.1.jar;C:\Users\info\.m2\repository\dev\failsafe\failsafe\3.3.2\failsafe-3.3.2.jar;C:\Users\info\.m2\repository\org\seleniumhq\selenium\selenium-ie-driver\4.16.1\selenium-ie-driver-4.16.1.jar;C:\Users\info\.m2\repository\org\seleniumhq\selenium\selenium-remote-driver\4.16.1\selenium-remote-driver-4.16.1.jar;C:\Users\info\.m2\repository\com\google\guava\guava\32.1.2-jre\guava-32.1.2-jre.jar;C:\Users\info\.m2\repository\com\google\guava\failureaccess\1.0.1\failureaccess-1.0.1.jar;C:\Users\info\.m2\repository\com\google\guava\listenablefuture\9999.0-empty-to-avoid-conflict-with-guava\listenablefuture-9999.0-empty-to-avoid-conflict-with-guava.jar;C:\Users\info\.m2\repository\com\google\code\findbugs\jsr305\3.0.2\jsr305-3.0.2.jar;C:\Users\info\.m2\repository\org\checkerframework\checker-qual\3.33.0\checker-qual-3.33.0.jar;C:\Users\info\.m2\repository\com\google\errorprone\error_prone_annotations\2.18.0\error_prone_annotations-2.18.0.jar;C:\Users\info\.m2\repository\com\google\j2objc\j2objc-annotations\2.8\j2objc-annotations-2.8.jar;C:\Users\info\.m2\repository\io\opentelemetry\opentelemetry-api\1.28.0\opentelemetry-api-1.28.0.jar;C:\Users\info\.m2\repository\io\opentelemetry\opentelemetry-context\1.28.0\opentelemetry-context-1.28.0.jar;C:\Users\info\.m2\repository\io\opentelemetry\opentelemetry-exporter-logging\1.28.0\opentelemetry-exporter-logging-1.28.0.jar;C:\Users\info\.m2\repository\io\opentelemetry\opentelemetry-sdk-metrics\1.28.0\opentelemetry-sdk-metrics-1.28.0.jar;C:\Users\info\.m2\repository\io\opentelemetry\opentelemetry-extension-incubator\1.28.0-alpha\opentelemetry-extension-incubator-1.28.0-alpha.jar;C:\Users\info\.m2\repository\io\opentelemetry\opentelemetry-sdk-logs\1.28.0\opentelemetry-sdk-logs-1.28.0.jar;C:\Users\info\.m2\repository\io\opentelemetry\opentelemetry-sdk-common\1.28.0\opentelemetry-sdk-common-1.28.0.jar;C:\Users\info\.m2\repository\io\opentelemetry\opentelemetry-sdk-extension-autoconfigure-spi\1.28.0\opentelemetry-sdk-extension-autoconfigure-spi-1.28.0.jar;C:\Users\info\.m2\repository\io\opentelemetry\opentelemetry-sdk-extension-autoconfigure\1.28.0\opentelemetry-sdk-extension-autoconfigure-1.28.0.jar;C:\Users\info\.m2\repository\io\opentelemetry\opentelemetry-api-events\1.28.0-alpha\opentelemetry-api-events-1.28.0-alpha.jar;C:\Users\info\.m2\repository\io\opentelemetry\opentelemetry-sdk-trace\1.28.0\opentelemetry-sdk-trace-1.28.0.jar;C:\Users\info\.m2\repository\io\opentelemetry\opentelemetry-sdk\1.28.0\opentelemetry-sdk-1.28.0.jar;C:\Users\info\.m2\repository\io\opentelemetry\opentelemetry-semconv\1.28.0-alpha\opentelemetry-semconv-1.28.0-alpha.jar;C:\Users\info\.m2\repository\net\bytebuddy\byte-buddy\1.14.5\byte-buddy-1.14.5.jar;C:\Users\info\.m2\repository\org\seleniumhq\selenium\selenium-os\4.16.1\selenium-os-4.16.1.jar;C:\Users\info\.m2\repository\org\apache\commons\commons-exec\1.3\commons-exec-1.3.jar;C:\Users\info\.m2\repository\org\seleniumhq\selenium\selenium-safari-driver\4.16.1\selenium-safari-driver-4.16.1.jar;C:\Users\info\.m2\repository\org\seleniumhq\selenium\selenium-support\4.16.1\selenium-support-4.16.1.jar;C:\Users\info\.m2\repository\io\github\bonigarcia\webdrivermanager\5.6.2\webdrivermanager-5.6.2.jar;C:\Users\info\.m2\repository\org\slf4j\slf4j-api\2.0.9\slf4j-api-2.0.9.jar;C:\Users\info\.m2\repository\com\google\code\gson\gson\2.10.1\gson-2.10.1.jar;C:\Users\info\.m2\repository\com\github\docker-java\docker-java\3.3.4\docker-java-3.3.4.jar;C:\Users\info\.m2\repository\com\github\docker-java\docker-java-core\3.3.4\docker-java-core-3.3.4.jar;C:\Users\info\.m2\repository\com\github\docker-java\docker-java-api\3.3.4\docker-java-api-3.3.4.jar;C:\Users\info\.m2\repository\org\bouncycastle\bcpkix-jdk18on\1.76\bcpkix-jdk18on-1.76.jar;C:\Users\info\.m2\repository\org\bouncycastle\bcprov-jdk18on\1.76\bcprov-jdk18on-1.76.jar;C:\Users\info\.m2\repository\org\bouncycastle\bcutil-jdk18on\1.76\bcutil-jdk18on-1.76.jar;C:\Users\info\.m2\repository\org\slf4j\jcl-over-slf4j\1.7.30\jcl-over-slf4j-1.7.30.jar;C:\Users\info\.m2\repository\com\github\docker-java\docker-java-transport-httpclient5\3.3.4\docker-java-transport-httpclient5-3.3.4.jar;C:\Users\info\.m2\repository\com\github\docker-java\docker-java-transport\3.3.4\docker-java-transport-3.3.4.jar;C:\Users\info\.m2\repository\net\java\dev\jna\jna\5.13.0\jna-5.13.0.jar;C:\Users\info\.m2\repository\org\brotli\dec\0.1.2\dec-0.1.2.jar;C:\Users\info\.m2\repository\org\apache\commons\commons-lang3\3.13.0\commons-lang3-3.13.0.jar;C:\Users\info\.m2\repository\org\apache\commons\commons-compress\1.24.0\commons-compress-1.24.0.jar;C:\Users\info\.m2\repository\org\apache\httpcomponents\client5\httpclient5\5.2.1\httpclient5-5.2.1.jar;C:\Users\info\.m2\repository\org\apache\httpcomponents\core5\httpcore5\5.2\httpcore5-5.2.jar;C:\Users\info\.m2\repository\org\apache\httpcomponents\core5\httpcore5-h2\5.2\httpcore5-h2-5.2.jar;C:\Users\info\.m2\repository\com\beust\jcommander\1.82\jcommander-1.82.jar;C:\Users\info\.m2\repository\com\fasterxml\jackson\core\jackson-databind\2.16.0\jackson-databind-2.16.0.jar;C:\Users\info\.m2\repository\com\fasterxml\jackson\core\jackson-annotations\2.16.0\jackson-annotations-2.16.0.jar;C:\Users\info\.m2\repository\com\fasterxml\jackson\core\jackson-core\2.16.0\jackson-core-2.16.0.jar;C:\Users\info\.m2\repository\com\fasterxml\jackson\dataformat\jackson-dataformat-yaml\2.16.0\jackson-dataformat-yaml-2.16.0.jar;C:\Users\info\.m2\repository\org\yaml\snakeyaml\2.2\snakeyaml-2.2.jar;C:\Users\info\.m2\repository\commons-io\commons-io\2.15.1\commons-io-2.15.1.jar;C:\Users\info\.m2\repository\org\eclipse\jetty\jetty-server\9.4.53.v20231009\jetty-server-9.4.53.v20231009.jar;C:\Users\info\.m2\repository\javax\servlet\javax.servlet-api\3.1.0\javax.servlet-api-3.1.0.jar;C:\Users\info\.m2\repository\org\eclipse\jetty\jetty-http\9.4.53.v20231009\jetty-http-9.4.53.v20231009.jar;C:\Users\info\.m2\repository\org\eclipse\jetty\jetty-util\9.4.53.v20231009\jetty-util-9.4.53.v20231009.jar;C:\Users\info\.m2\repository\org\eclipse\jetty\jetty-io\9.4.53.v20231009\jetty-io-9.4.53.v20231009.jar;C:\Users\info\.m2\repository\io\qameta\allure\allure-generator\2.25.0\allure-generator-2.25.0.jar;C:\Users\info\.m2\repository\io\qameta\allure\allure-plugin-api\2.25.0\allure-plugin-api-2.25.0.jar;C:\Users\info\.m2\repository\com\opencsv\opencsv\4.6\opencsv-4.6.jar;C:\Users\info\.m2\repository\org\apache\commons\commons-text\1.3\commons-text-1.3.jar;C:\Users\info\.m2\repository\commons-beanutils\commons-beanutils\1.9.3\commons-beanutils-1.9.3.jar;C:\Users\info\.m2\repository\commons-collections\commons-collections\3.2.2\commons-collections-3.2.2.jar;C:\Users\info\.m2\repository\org\apache\commons\commons-collections4\4.2\commons-collections4-4.2.jar;C:\Users\info\.m2\repository\com\vladsch\flexmark\flexmark\0.62.2\flexmark-0.62.2.jar;C:\Users\info\.m2\repository\com\vladsch\flexmark\flexmark-util-ast\0.62.2\flexmark-util-ast-0.62.2.jar;C:\Users\info\.m2\repository\org\jetbrains\annotations\15.0\annotations-15.0.jar;C:\Users\info\.m2\repository\com\vladsch\flexmark\flexmark-util-builder\0.62.2\flexmark-util-builder-0.62.2.jar;C:\Users\info\.m2\repository\com\vladsch\flexmark\flexmark-util-collection\0.62.2\flexmark-util-collection-0.62.2.jar;C:\Users\info\.m2\repository\com\vladsch\flexmark\flexmark-util-data\0.62.2\flexmark-util-data-0.62.2.jar;C:\Users\info\.m2\repository\com\vladsch\flexmark\flexmark-util-dependency\0.62.2\flexmark-util-dependency-0.62.2.jar;C:\Users\info\.m2\repository\com\vladsch\flexmark\flexmark-util-format\0.62.2\flexmark-util-format-0.62.2.jar;C:\Users\info\.m2\repository\com\vladsch\flexmark\flexmark-util-html\0.62.2\flexmark-util-html-0.62.2.jar;C:\Users\info\.m2\repository\com\vladsch\flexmark\flexmark-util-misc\0.62.2\flexmark-util-misc-0.62.2.jar;C:\Users\info\.m2\repository\com\vladsch\flexmark\flexmark-util-sequence\0.62.2\flexmark-util-sequence-0.62.2.jar;C:\Users\info\.m2\repository\com\vladsch\flexmark\flexmark-util-visitor\0.62.2\flexmark-util-visitor-0.62.2.jar;C:\Users\info\.m2\repository\com\vladsch\flexmark\flexmark-ext-tables\0.62.2\flexmark-ext-tables-0.62.2.jar;C:\Users\info\.m2\repository\com\vladsch\flexmark\flexmark-util\0.62.2\flexmark-util-0.62.2.jar;C:\Users\info\.m2\repository\com\vladsch\flexmark\flexmark-util-options\0.62.2\flexmark-util-options-0.62.2.jar;C:\Users\info\.m2\repository\com\fasterxml\jackson\dataformat\jackson-dataformat-xml\2.16.0\jackson-dataformat-xml-2.16.0.jar;C:\Users\info\.m2\repository\org\codehaus\woodstox\stax2-api\4.2.1\stax2-api-4.2.1.jar;C:\Users\info\.m2\repository\com\fasterxml\woodstox\woodstox-core\6.5.1\woodstox-core-6.5.1.jar;C:\Users\info\.m2\repository\com\fasterxml\jackson\module\jackson-module-jaxb-annotations\2.16.0\jackson-module-jaxb-annotations-2.16.0.jar;C:\Users\info\.m2\repository\jakarta\xml\bind\jakarta.xml.bind-api\2.3.3\jakarta.xml.bind-api-2.3.3.jar;C:\Users\info\.m2\repository\jakarta\activation\jakarta.activation-api\1.2.2\jakarta.activation-api-1.2.2.jar;C:\Users\info\.m2\repository\io\qameta\allure\allure-model\2.24.0\allure-model-2.24.0.jar;C:\Users\info\.m2\repository\javax\xml\bind\jaxb-api\2.3.1\jaxb-api-2.3.1.jar;C:\Users\info\.m2\repository\javax\activation\javax.activation-api\1.2.0\javax.activation-api-1.2.0.jar;C:\Users\info\.m2\repository\org\allurefw\allure1-model\1.0\allure1-model-1.0.jar;C:\Users\info\.m2\repository\ru\qatools\commons\properties\2.0.RC5\properties-2.0.RC5.jar;C:\Users\info\.m2\repository\com\github\baev\jaxb-utils\1.0\jaxb-utils-1.0.jar;C:\Users\info\.m2\repository\org\apache\httpcomponents\httpclient\4.5.14\httpclient-4.5.14.jar;C:\Users\info\.m2\repository\org\apache\httpcomponents\httpcore\4.4.16\httpcore-4.4.16.jar;C:\Users\info\.m2\repository\commons-logging\commons-logging\1.2\commons-logging-1.2.jar;C:\Users\info\.m2\repository\commons-codec\commons-codec\1.11\commons-codec-1.11.jar;C:\Users\info\.m2\repository\org\apache\tika\tika-core\2.9.1\tika-core-2.9.1.jar;C:\Users\info\.m2\repository\org\freemarker\freemarker\2.3.32\freemarker-2.3.32.jar;C:\Users\info\.m2\repository\org\junit\jupiter\junit-jupiter-api\5.10.1\junit-jupiter-api-5.10.1.jar;C:\Users\info\.m2\repository\org\opentest4j\opentest4j\1.3.0\opentest4j-1.3.0.jar;C:\Users\info\.m2\repository\org\junit\platform\junit-platform-commons\1.10.1\junit-platform-commons-1.10.1.jar;C:\Users\info\.m2\repository\io\qameta\allure\allure-junit5\2.25.0\allure-junit5-2.25.0.jar;C:\Users\info\.m2\repository\io\qameta\allure\allure-junit-platform\2.25.0\allure-junit-platform-2.25.0.jar;C:\Users\info\.m2\repository\io\qameta\allure\allure-test-filter\2.25.0\allure-test-filter-2.25.0.jar;C:\Users\info\.m2\repository\org\junit\platform\junit-platform-launcher\1.9.2\junit-platform-launcher-1.9.2.jar;C:\Users\info\.m2\repository\org\junit\platform\junit-platform-engine\1.9.2\junit-platform-engine-1.9.2.jar;C:\Users\info\.m2\repository\io\qameta\allure\allure-cucumber7-jvm\2.25.0\allure-cucumber7-jvm-2.25.0.jar;C:\Users\info\.m2\repository\io\qameta\allure\allure-java-commons\2.25.0\allure-java-commons-2.25.0.jar;C:\Users\info\.m2\repository\io\cucumber\gherkin\26.2.0\gherkin-26.2.0.jar;C:\Users\info\.m2\repository\ch\qos\logback\logback-classic\1.4.14\logback-classic-1.4.14.jar;C:\Users\info\.m2\repository\ch\qos\logback\logback-core\1.4.14\logback-core-1.4.14.jar;"/>
    <property name="java.vm.vendor" value="Oracle Corporation"/>
    <property name="sun.arch.data.model" value="64"/>
    <property name="user.variant" value=""/>
    <property name="java.vendor.url" value="https://java.oracle.com/"/>
    <property name="user.timezone" value="Africa/Lagos"/>
    <property name="os.name" value="Windows 10"/>
    <property name="java.vm.specification.version" value="21"/>
    <property name="sun.java.launcher" value="SUN_STANDARD"/>
    <property name="user.country" value="FR"/>
    <property name="sun.boot.library.path" value="C:\Program Files\Java\jdk-21\bin"/>
    <property name="sun.java.command" value="C:\Users\info\AppData\Local\Temp\surefire8828069771437633267\surefirebooter-20231221112644180_3.jar C:\Users\info\AppData\Local\Temp\surefire8828069771437633267 2023-12-21T11-26-43_970-jvmRun1 surefire-20231221112644180_1tmp surefire_0-20231221112644180_2tmp"/>
    <property name="jdk.debug" value="release"/>
    <property name="surefire.test.class.path" value="C:\Users\info\eclipse-workspace\AllureReportDemo\target\test-classes;C:\Users\info\eclipse-workspace\AllureReportDemo\target\classes;C:\Users\info\.m2\repository\io\cucumber\cucumber-java\7.15.0\cucumber-java-7.15.0.jar;C:\Users\info\.m2\repository\io\cucumber\cucumber-core\7.15.0\cucumber-core-7.15.0.jar;C:\Users\info\.m2\repository\io\cucumber\cucumber-gherkin\7.15.0\cucumber-gherkin-7.15.0.jar;C:\Users\info\.m2\repository\io\cucumber\cucumber-gherkin-messages\7.15.0\cucumber-gherkin-messages-7.15.0.jar;C:\Users\info\.m2\repository\io\cucumber\messages\22.0.0\messages-22.0.0.jar;C:\Users\info\.m2\repository\io\cucumber\tag-expressions\6.0.0\tag-expressions-6.0.0.jar;C:\Users\info\.m2\repository\io\cucumber\cucumber-expressions\17.0.1\cucumber-expressions-17.0.1.jar;C:\Users\info\.m2\repository\io\cucumber\datatable\7.15.0\datatable-7.15.0.jar;C:\Users\info\.m2\repository\io\cucumber\cucumber-plugin\7.15.0\cucumber-plugin-7.15.0.jar;C:\Users\info\.m2\repository\io\cucumber\docstring\7.15.0\docstring-7.15.0.jar;C:\Users\info\.m2\repository\io\cucumber\html-formatter\20.4.0\html-formatter-20.4.0.jar;C:\Users\info\.m2\repository\io\cucumber\junit-xml-formatter\0.2.0\junit-xml-formatter-0.2.0.jar;C:\Users\info\.m2\repository\io\cucumber\ci-environment\10.0.0\ci-environment-10.0.0.jar;C:\Users\info\.m2\repository\org\apiguardian\apiguardian-api\1.1.2\apiguardian-api-1.1.2.jar;C:\Users\info\.m2\repository\io\cucumber\cucumber-junit\7.15.0\cucumber-junit-7.15.0.jar;C:\Users\info\.m2\repository\junit\junit\4.13.2\junit-4.13.2.jar;C:\Users\info\.m2\repository\org\hamcrest\hamcrest-core\1.3\hamcrest-core-1.3.jar;C:\Users\info\.m2\repository\org\seleniumhq\selenium\selenium-java\4.16.1\selenium-java-4.16.1.jar;C:\Users\info\.m2\repository\org\seleniumhq\selenium\selenium-api\4.16.1\selenium-api-4.16.1.jar;C:\Users\info\.m2\repository\org\seleniumhq\selenium\selenium-chrome-driver\4.16.1\selenium-chrome-driver-4.16.1.jar;C:\Users\info\.m2\repository\com\google\auto\service\auto-service-annotations\1.1.1\auto-service-annotations-1.1.1.jar;C:\Users\info\.m2\repository\org\seleniumhq\selenium\selenium-chromium-driver\4.16.1\selenium-chromium-driver-4.16.1.jar;C:\Users\info\.m2\repository\org\seleniumhq\selenium\selenium-json\4.16.1\selenium-json-4.16.1.jar;C:\Users\info\.m2\repository\org\seleniumhq\selenium\selenium-manager\4.16.1\selenium-manager-4.16.1.jar;C:\Users\info\.m2\repository\org\seleniumhq\selenium\selenium-devtools-v118\4.16.1\selenium-devtools-v118-4.16.1.jar;C:\Users\info\.m2\repository\org\seleniumhq\selenium\selenium-devtools-v119\4.16.1\selenium-devtools-v119-4.16.1.jar;C:\Users\info\.m2\repository\org\seleniumhq\selenium\selenium-devtools-v120\4.16.1\selenium-devtools-v120-4.16.1.jar;C:\Users\info\.m2\repository\org\seleniumhq\selenium\selenium-devtools-v85\4.16.1\selenium-devtools-v85-4.16.1.jar;C:\Users\info\.m2\repository\org\seleniumhq\selenium\selenium-edge-driver\4.16.1\selenium-edge-driver-4.16.1.jar;C:\Users\info\.m2\repository\org\seleniumhq\selenium\selenium-firefox-driver\4.16.1\selenium-firefox-driver-4.16.1.jar;C:\Users\info\.m2\repository\org\seleniumhq\selenium\selenium-http\4.16.1\selenium-http-4.16.1.jar;C:\Users\info\.m2\repository\dev\failsafe\failsafe\3.3.2\failsafe-3.3.2.jar;C:\Users\info\.m2\repository\org\seleniumhq\selenium\selenium-ie-driver\4.16.1\selenium-ie-driver-4.16.1.jar;C:\Users\info\.m2\repository\org\seleniumhq\selenium\selenium-remote-driver\4.16.1\selenium-remote-driver-4.16.1.jar;C:\Users\info\.m2\repository\com\google\guava\guava\32.1.2-jre\guava-32.1.2-jre.jar;C:\Users\info\.m2\repository\com\google\guava\failureaccess\1.0.1\failureaccess-1.0.1.jar;C:\Users\info\.m2\repository\com\google\guava\listenablefuture\9999.0-empty-to-avoid-conflict-with-guava\listenablefuture-9999.0-empty-to-avoid-conflict-with-guava.jar;C:\Users\info\.m2\repository\com\google\code\findbugs\jsr305\3.0.2\jsr305-3.0.2.jar;C:\Users\info\.m2\repository\org\checkerframework\checker-qual\3.33.0\checker-qual-3.33.0.jar;C:\Users\info\.m2\repository\com\google\errorprone\error_prone_annotations\2.18.0\error_prone_annotations-2.18.0.jar;C:\Users\info\.m2\repository\com\google\j2objc\j2objc-annotations\2.8\j2objc-annotations-2.8.jar;C:\Users\info\.m2\repository\io\opentelemetry\opentelemetry-api\1.28.0\opentelemetry-api-1.28.0.jar;C:\Users\info\.m2\repository\io\opentelemetry\opentelemetry-context\1.28.0\opentelemetry-context-1.28.0.jar;C:\Users\info\.m2\repository\io\opentelemetry\opentelemetry-exporter-logging\1.28.0\opentelemetry-exporter-logging-1.28.0.jar;C:\Users\info\.m2\repository\io\opentelemetry\opentelemetry-sdk-metrics\1.28.0\opentelemetry-sdk-metrics-1.28.0.jar;C:\Users\info\.m2\repository\io\opentelemetry\opentelemetry-extension-incubator\1.28.0-alpha\opentelemetry-extension-incubator-1.28.0-alpha.jar;C:\Users\info\.m2\repository\io\opentelemetry\opentelemetry-sdk-logs\1.28.0\opentelemetry-sdk-logs-1.28.0.jar;C:\Users\info\.m2\repository\io\opentelemetry\opentelemetry-sdk-common\1.28.0\opentelemetry-sdk-common-1.28.0.jar;C:\Users\info\.m2\repository\io\opentelemetry\opentelemetry-sdk-extension-autoconfigure-spi\1.28.0\opentelemetry-sdk-extension-autoconfigure-spi-1.28.0.jar;C:\Users\info\.m2\repository\io\opentelemetry\opentelemetry-sdk-extension-autoconfigure\1.28.0\opentelemetry-sdk-extension-autoconfigure-1.28.0.jar;C:\Users\info\.m2\repository\io\opentelemetry\opentelemetry-api-events\1.28.0-alpha\opentelemetry-api-events-1.28.0-alpha.jar;C:\Users\info\.m2\repository\io\opentelemetry\opentelemetry-sdk-trace\1.28.0\opentelemetry-sdk-trace-1.28.0.jar;C:\Users\info\.m2\repository\io\opentelemetry\opentelemetry-sdk\1.28.0\opentelemetry-sdk-1.28.0.jar;C:\Users\info\.m2\repository\io\opentelemetry\opentelemetry-semconv\1.28.0-alpha\opentelemetry-semconv-1.28.0-alpha.jar;C:\Users\info\.m2\repository\net\bytebuddy\byte-buddy\1.14.5\byte-buddy-1.14.5.jar;C:\Users\info\.m2\repository\org\seleniumhq\selenium\selenium-os\4.16.1\selenium-os-4.16.1.jar;C:\Users\info\.m2\repository\org\apache\commons\commons-exec\1.3\commons-exec-1.3.jar;C:\Users\info\.m2\repository\org\seleniumhq\selenium\selenium-safari-driver\4.16.1\selenium-safari-driver-4.16.1.jar;C:\Users\info\.m2\repository\org\seleniumhq\selenium\selenium-support\4.16.1\selenium-support-4.16.1.jar;C:\Users\info\.m2\repository\io\github\bonigarcia\webdrivermanager\5.6.2\webdrivermanager-5.6.2.jar;C:\Users\info\.m2\repository\org\slf4j\slf4j-api\2.0.9\slf4j-api-2.0.9.jar;C:\Users\info\.m2\repository\com\google\code\gson\gson\2.10.1\gson-2.10.1.jar;C:\Users\info\.m2\repository\com\github\docker-java\docker-java\3.3.4\docker-java-3.3.4.jar;C:\Users\info\.m2\repository\com\github\docker-java\docker-java-core\3.3.4\docker-java-core-3.3.4.jar;C:\Users\info\.m2\repository\com\github\docker-java\docker-java-api\3.3.4\docker-java-api-3.3.4.jar;C:\Users\info\.m2\repository\org\bouncycastle\bcpkix-jdk18on\1.76\bcpkix-jdk18on-1.76.jar;C:\Users\info\.m2\repository\org\bouncycastle\bcprov-jdk18on\1.76\bcprov-jdk18on-1.76.jar;C:\Users\info\.m2\repository\org\bouncycastle\bcutil-jdk18on\1.76\bcutil-jdk18on-1.76.jar;C:\Users\info\.m2\repository\org\slf4j\jcl-over-slf4j\1.7.30\jcl-over-slf4j-1.7.30.jar;C:\Users\info\.m2\repository\com\github\docker-java\docker-java-transport-httpclient5\3.3.4\docker-java-transport-httpclient5-3.3.4.jar;C:\Users\info\.m2\repository\com\github\docker-java\docker-java-transport\3.3.4\docker-java-transport-3.3.4.jar;C:\Users\info\.m2\repository\net\java\dev\jna\jna\5.13.0\jna-5.13.0.jar;C:\Users\info\.m2\repository\org\brotli\dec\0.1.2\dec-0.1.2.jar;C:\Users\info\.m2\repository\org\apache\commons\commons-lang3\3.13.0\commons-lang3-3.13.0.jar;C:\Users\info\.m2\repository\org\apache\commons\commons-compress\1.24.0\commons-compress-1.24.0.jar;C:\Users\info\.m2\repository\org\apache\httpcomponents\client5\httpclient5\5.2.1\httpclient5-5.2.1.jar;C:\Users\info\.m2\repository\org\apache\httpcomponents\core5\httpcore5\5.2\httpcore5-5.2.jar;C:\Users\info\.m2\repository\org\apache\httpcomponents\core5\httpcore5-h2\5.2\httpcore5-h2-5.2.jar;C:\Users\info\.m2\repository\com\beust\jcommander\1.82\jcommander-1.82.jar;C:\Users\info\.m2\repository\com\fasterxml\jackson\core\jackson-databind\2.16.0\jackson-databind-2.16.0.jar;C:\Users\info\.m2\repository\com\fasterxml\jackson\core\jackson-annotations\2.16.0\jackson-annotations-2.16.0.jar;C:\Users\info\.m2\repository\com\fasterxml\jackson\core\jackson-core\2.16.0\jackson-core-2.16.0.jar;C:\Users\info\.m2\repository\com\fasterxml\jackson\dataformat\jackson-dataformat-yaml\2.16.0\jackson-dataformat-yaml-2.16.0.jar;C:\Users\info\.m2\repository\org\yaml\snakeyaml\2.2\snakeyaml-2.2.jar;C:\Users\info\.m2\repository\commons-io\commons-io\2.15.1\commons-io-2.15.1.jar;C:\Users\info\.m2\repository\org\eclipse\jetty\jetty-server\9.4.53.v20231009\jetty-server-9.4.53.v20231009.jar;C:\Users\info\.m2\repository\javax\servlet\javax.servlet-api\3.1.0\javax.servlet-api-3.1.0.jar;C:\Users\info\.m2\repository\org\eclipse\jetty\jetty-http\9.4.53.v20231009\jetty-http-9.4.53.v20231009.jar;C:\Users\info\.m2\repository\org\eclipse\jetty\jetty-util\9.4.53.v20231009\jetty-util-9.4.53.v20231009.jar;C:\Users\info\.m2\repository\org\eclipse\jetty\jetty-io\9.4.53.v20231009\jetty-io-9.4.53.v20231009.jar;C:\Users\info\.m2\repository\io\qameta\allure\allure-generator\2.25.0\allure-generator-2.25.0.jar;C:\Users\info\.m2\repository\io\qameta\allure\allure-plugin-api\2.25.0\allure-plugin-api-2.25.0.jar;C:\Users\info\.m2\repository\com\opencsv\opencsv\4.6\opencsv-4.6.jar;C:\Users\info\.m2\repository\org\apache\commons\commons-text\1.3\commons-text-1.3.jar;C:\Users\info\.m2\repository\commons-beanutils\commons-beanutils\1.9.3\commons-beanutils-1.9.3.jar;C:\Users\info\.m2\repository\commons-collections\commons-collections\3.2.2\commons-collections-3.2.2.jar;C:\Users\info\.m2\repository\org\apache\commons\commons-collections4\4.2\commons-collections4-4.2.jar;C:\Users\info\.m2\repository\com\vladsch\flexmark\flexmark\0.62.2\flexmark-0.62.2.jar;C:\Users\info\.m2\repository\com\vladsch\flexmark\flexmark-util-ast\0.62.2\flexmark-util-ast-0.62.2.jar;C:\Users\info\.m2\repository\org\jetbrains\annotations\15.0\annotations-15.0.jar;C:\Users\info\.m2\repository\com\vladsch\flexmark\flexmark-util-builder\0.62.2\flexmark-util-builder-0.62.2.jar;C:\Users\info\.m2\repository\com\vladsch\flexmark\flexmark-util-collection\0.62.2\flexmark-util-collection-0.62.2.jar;C:\Users\info\.m2\repository\com\vladsch\flexmark\flexmark-util-data\0.62.2\flexmark-util-data-0.62.2.jar;C:\Users\info\.m2\repository\com\vladsch\flexmark\flexmark-util-dependency\0.62.2\flexmark-util-dependency-0.62.2.jar;C:\Users\info\.m2\repository\com\vladsch\flexmark\flexmark-util-format\0.62.2\flexmark-util-format-0.62.2.jar;C:\Users\info\.m2\repository\com\vladsch\flexmark\flexmark-util-html\0.62.2\flexmark-util-html-0.62.2.jar;C:\Users\info\.m2\repository\com\vladsch\flexmark\flexmark-util-misc\0.62.2\flexmark-util-misc-0.62.2.jar;C:\Users\info\.m2\repository\com\vladsch\flexmark\flexmark-util-sequence\0.62.2\flexmark-util-sequence-0.62.2.jar;C:\Users\info\.m2\repository\com\vladsch\flexmark\flexmark-util-visitor\0.62.2\flexmark-util-visitor-0.62.2.jar;C:\Users\info\.m2\repository\com\vladsch\flexmark\flexmark-ext-tables\0.62.2\flexmark-ext-tables-0.62.2.jar;C:\Users\info\.m2\repository\com\vladsch\flexmark\flexmark-util\0.62.2\flexmark-util-0.62.2.jar;C:\Users\info\.m2\repository\com\vladsch\flexmark\flexmark-util-options\0.62.2\flexmark-util-options-0.62.2.jar;C:\Users\info\.m2\repository\com\fasterxml\jackson\dataformat\jackson-dataformat-xml\2.16.0\jackson-dataformat-xml-2.16.0.jar;C:\Users\info\.m2\repository\org\codehaus\woodstox\stax2-api\4.2.1\stax2-api-4.2.1.jar;C:\Users\info\.m2\repository\com\fasterxml\woodstox\woodstox-core\6.5.1\woodstox-core-6.5.1.jar;C:\Users\info\.m2\repository\com\fasterxml\jackson\module\jackson-module-jaxb-annotations\2.16.0\jackson-module-jaxb-annotations-2.16.0.jar;C:\Users\info\.m2\repository\jakarta\xml\bind\jakarta.xml.bind-api\2.3.3\jakarta.xml.bind-api-2.3.3.jar;C:\Users\info\.m2\repository\jakarta\activation\jakarta.activation-api\1.2.2\jakarta.activation-api-1.2.2.jar;C:\Users\info\.m2\repository\io\qameta\allure\allure-model\2.24.0\allure-model-2.24.0.jar;C:\Users\info\.m2\repository\javax\xml\bind\jaxb-api\2.3.1\jaxb-api-2.3.1.jar;C:\Users\info\.m2\repository\javax\activation\javax.activation-api\1.2.0\javax.activation-api-1.2.0.jar;C:\Users\info\.m2\repository\org\allurefw\allure1-model\1.0\allure1-model-1.0.jar;C:\Users\info\.m2\repository\ru\qatools\commons\properties\2.0.RC5\properties-2.0.RC5.jar;C:\Users\info\.m2\repository\com\github\baev\jaxb-utils\1.0\jaxb-utils-1.0.jar;C:\Users\info\.m2\repository\org\apache\httpcomponents\httpclient\4.5.14\httpclient-4.5.14.jar;C:\Users\info\.m2\repository\org\apache\httpcomponents\httpcore\4.4.16\httpcore-4.4.16.jar;C:\Users\info\.m2\repository\commons-logging\commons-logging\1.2\commons-logging-1.2.jar;C:\Users\info\.m2\repository\commons-codec\commons-codec\1.11\commons-codec-1.11.jar;C:\Users\info\.m2\repository\org\apache\tika\tika-core\2.9.1\tika-core-2.9.1.jar;C:\Users\info\.m2\repository\org\freemarker\freemarker\2.3.32\freemarker-2.3.32.jar;C:\Users\info\.m2\repository\org\junit\jupiter\junit-jupiter-api\5.10.1\junit-jupiter-api-5.10.1.jar;C:\Users\info\.m2\repository\org\opentest4j\opentest4j\1.3.0\opentest4j-1.3.0.jar;C:\Users\info\.m2\repository\org\junit\platform\junit-platform-commons\1.10.1\junit-platform-commons-1.10.1.jar;C:\Users\info\.m2\repository\io\qameta\allure\allure-junit5\2.25.0\allure-junit5-2.25.0.jar;C:\Users\info\.m2\repository\io\qameta\allure\allure-junit-platform\2.25.0\allure-junit-platform-2.25.0.jar;C:\Users\info\.m2\repository\io\qameta\allure\allure-test-filter\2.25.0\allure-test-filter-2.25.0.jar;C:\Users\info\.m2\repository\org\junit\platform\junit-platform-launcher\1.9.2\junit-platform-launcher-1.9.2.jar;C:\Users\info\.m2\repository\org\junit\platform\junit-platform-engine\1.9.2\junit-platform-engine-1.9.2.jar;C:\Users\info\.m2\repository\io\qameta\allure\allure-cucumber7-jvm\2.25.0\allure-cucumber7-jvm-2.25.0.jar;C:\Users\info\.m2\repository\io\qameta\allure\allure-java-commons\2.25.0\allure-java-commons-2.25.0.jar;C:\Users\info\.m2\repository\io\cucumber\gherkin\26.2.0\gherkin-26.2.0.jar;C:\Users\info\.m2\repository\ch\qos\logback\logback-classic\1.4.14\logback-classic-1.4.14.jar;C:\Users\info\.m2\repository\ch\qos\logback\logback-core\1.4.14\logback-core-1.4.14.jar;"/>
    <property name="sun.cpu.endian" value="little"/>
    <property name="user.home" value="C:\Users\info"/>
    <property name="user.language" value="fr"/>
    <property name="java.specification.vendor" value="Oracle Corporation"/>
    <property name="java.version.date" value="2023-10-17"/>
    <property name="java.home" value="C:\Program Files\Java\jdk-21"/>
    <property name="file.separator" value="\"/>
    <property name="basedir" value="C:\Users\info\eclipse-workspace\AllureReportDemo"/>
    <property name="java.vm.compressedOopsMode" value="32-bit"/>
    <property name="line.separator" value="&#10;"/>
    <property name="java.vm.specification.vendor" value="Oracle Corporation"/>
    <property name="java.specification.name" value="Java Platform API Specification"/>
    <property name="surefire.real.class.path" value="C:\Users\info\AppData\Local\Temp\surefire8828069771437633267\surefirebooter-20231221112644180_3.jar"/>
    <property name="user.script" value=""/>
    <property name="sun.management.compiler" value="HotSpot 64-Bit Tiered Compilers"/>
    <property name="java.runtime.version" value="21.0.1+12-LTS-29"/>
    <property name="user.name" value="info"/>
    <property name="stdout.encoding" value="Cp1252"/>
    <property name="path.separator" value=";"/>
    <property name="os.version" value="10.0"/>
    <property name="java.runtime.name" value="Java(TM) SE Runtime Environment"/>
    <property name="file.encoding" value="UTF-8"/>
    <property name="java.vm.name" value="Java HotSpot(TM) 64-Bit Server VM"/>
    <property name="localRepository" value="C:\Users\info\.m2\repository"/>
    <property name="java.vendor.url.bug" value="https://bugreport.java.com/bugreport/"/>
    <property name="java.io.tmpdir" value="C:\Users\info\AppData\Local\Temp\"/>
    <property name="java.version" value="21.0.1"/>
    <property name="user.dir" value="C:\Users\info\eclipse-workspace\AllureReportDemo"/>
    <property name="os.arch" value="amd64"/>
    <property name="java.vm.specification.name" value="Java Virtual Machine Specification"/>
    <property name="sun.os.patch.level" value=""/>
    <property name="native.encoding" value="Cp1252"/>
    <property name="java.library.path" value="C:\Program Files\Java\jdk-21\bin;C:\WINDOWS\Sun\Java\bin;C:\WINDOWS\system32;C:\WINDOWS;C:\Program Files\Common Files\Oracle\Java\javapath;C:\Program Files (x86)\VMware\VMware Player\bin\;C:\WINDOWS\system32;C:\WINDOWS;C:\WINDOWS\System32\Wbem;C:\WINDOWS\System32\WindowsPowerShell\v1.0\;C:\WINDOWS\System32\OpenSSH\;C:\xampp\php;C:\ProgramData\ComposerSetup\bin;C:\Program Files\Git\cmd;C:\Users\info\eclipse-workspace\AllureReportDemo\target\test-classes\com\sdetadda\allure;C:\apache-maven-3.9.6\bin;C:\Users\info\eclipse-workspace\AllureReportDemo\src\main\java;C:\Program Files\Java\jdk-21\bin;C:\Users\info\Downloads\allure-2.25.0\bin;C:\Users\info\eclipse-workspace\AllureReportDemo\target;C:\Users\info\eclipse-workspace\AllureReportDemo\test-output;C:\Users\info\eclipse-workspace\AllureReportDemo\test-output;C:\Users\info\scoop\shims;C:\Users\info\AppData\Local\Programs\Python\Python310\Scripts\;C:\Users\info\AppData\Local\Programs\Python\Python310\;C:\Users\info\AppData\Local\Microsoft\WindowsApps;C:\Users\info\AppData\Local\Programs\Microsoft VS Code\bin;C:\Users\info\AppData\Roaming\Composer\vendor\bin;C:\Program Files\Java\jdk-21;."/>
    <property name="java.vm.info" value="mixed mode, sharing"/>
    <property name="stderr.encoding" value="Cp1252"/>
    <property name="java.vendor" value="Oracle Corporation"/>
    <property name="java.vm.version" value="21.0.1+12-LTS-29"/>
    <property name="sun.io.unicode.encoding" value="UnicodeLittle"/>
    <property name="java.class.version" value="65.0"/>
  </properties>
  <testcase name="validate google search is working" classname="feature to test google search functionality" time="8.919">
    <error message="no such element: Unable to locate element: {&quot;method&quot;:&quot;css selector&quot;,&quot;selector&quot;:&quot;*[name=&apos;qb&apos;]&quot;}&#10;  (Session info: chrome=120.0.6099.110)&#10;For documentation on this error, please visit: https://www.selenium.dev/documentation/webdriver/troubleshooting/errors#no-such-element-exception&#10;Build info: version: &apos;4.16.1&apos;, revision: &apos;9b4c83354e&apos;&#10;System info: os.name: &apos;Windows 10&apos;, os.arch: &apos;amd64&apos;, os.version: &apos;10.0&apos;, java.version: &apos;21.0.1&apos;&#10;Driver info: org.openqa.selenium.chrome.ChromeDriver&#10;Command: [68123202ace38480c47ad217aeff79eb, findElement {using=name, value=qb}]&#10;Capabilities {acceptInsecureCerts: false, browserName: chrome, browserVersion: 120.0.6099.110, chrome: {chromedriverVersion: 120.0.6099.109 (3419140ab66..., userDataDir: C:\WINDOWS\SystemTemp\scope...}, fedcm:accounts: true, goog:chromeOptions: {debuggerAddress: localhost:62498}, networkConnectionEnabled: false, pageLoadStrategy: normal, platformName: windows, proxy: Proxy(), se:cdp: ws://localhost:62498/devtoo..., se:cdpVersion: 120.0.6099.110, setWindowRect: true, strictFileInteractability: false, timeouts: {implicit: 0, pageLoad: 300000, script: 30000}, unhandledPromptBehavior: dismiss and notify, webauthn:extension:credBlob: true, webauthn:extension:largeBlob: true, webauthn:extension:minPinLength: true, webauthn:extension:prf: true, webauthn:virtualAuthenticators: true}&#10;Session ID: 68123202ace38480c47ad217aeff79eb" type="org.openqa.selenium.NoSuchElementException"><![CDATA[org.openqa.selenium.NoSuchElementException: 
no such element: Unable to locate element: {"method":"css selector","selector":"*[name='qb']"}
  (Session info: chrome=120.0.6099.110)
For documentation on this error, please visit: https://www.selenium.dev/documentation/webdriver/troubleshooting/errors#no-such-element-exception
Build info: version: '4.16.1', revision: '9b4c83354e'
System info: os.name: 'Windows 10', os.arch: 'amd64', os.version: '10.0', java.version: '21.0.1'
Driver info: org.openqa.selenium.chrome.ChromeDriver
Command: [68123202ace38480c47ad217aeff79eb, findElement {using=name, value=qb}]
Capabilities {acceptInsecureCerts: false, browserName: chrome, browserVersion: 120.0.6099.110, chrome: {chromedriverVersion: 120.0.6099.109 (3419140ab66..., userDataDir: C:\WINDOWS\SystemTemp\scope...}, fedcm:accounts: true, goog:chromeOptions: {debuggerAddress: localhost:62498}, networkConnectionEnabled: false, pageLoadStrategy: normal, platformName: windows, proxy: Proxy(), se:cdp: ws://localhost:62498/devtoo..., se:cdpVersion: 120.0.6099.110, setWindowRect: true, strictFileInteractability: false, timeouts: {implicit: 0, pageLoad: 300000, script: 30000}, unhandledPromptBehavior: dismiss and notify, webauthn:extension:credBlob: true, webauthn:extension:largeBlob: true, webauthn:extension:minPinLength: true, webauthn:extension:prf: true, webauthn:virtualAuthenticators: true}
Session ID: 68123202ace38480c47ad217aeff79eb
	at java.base/jdk.internal.reflect.DirectConstructorHandleAccessor.newInstance(DirectConstructorHandleAccessor.java:62)
	at java.base/java.lang.reflect.Constructor.newInstanceWithCaller(Constructor.java:502)
	at java.base/java.lang.reflect.Constructor.newInstance(Constructor.java:486)
	at org.openqa.selenium.remote.codec.w3c.W3CHttpResponseCodec.createException(W3CHttpResponseCodec.java:200)
	at org.openqa.selenium.remote.codec.w3c.W3CHttpResponseCodec.decode(W3CHttpResponseCodec.java:133)
	at org.openqa.selenium.remote.codec.w3c.W3CHttpResponseCodec.decode(W3CHttpResponseCodec.java:52)
	at org.openqa.selenium.remote.HttpCommandExecutor.execute(HttpCommandExecutor.java:191)
	at org.openqa.selenium.remote.service.DriverCommandExecutor.invokeExecute(DriverCommandExecutor.java:200)
	at org.openqa.selenium.remote.service.DriverCommandExecutor.execute(DriverCommandExecutor.java:175)
	at org.openqa.selenium.remote.RemoteWebDriver.execute(RemoteWebDriver.java:523)
	at org.openqa.selenium.remote.ElementLocation$ElementFinder$2.findElement(ElementLocation.java:165)
	at org.openqa.selenium.remote.ElementLocation.findElement(ElementLocation.java:59)
	at org.openqa.selenium.remote.RemoteWebDriver.findElement(RemoteWebDriver.java:360)
	at org.openqa.selenium.remote.RemoteWebDriver.findElement(RemoteWebDriver.java:354)
	at com.sdetadda.allure.GoogleSearch.hits_enter(GoogleSearch.java:46)
	at ✽.hits enter(file:///C:/Users/info/eclipse-workspace/AllureReportDemo/src/test/resources/Features/GoogleSearch.feature:14)
]]></error>
    <system-out><![CDATA[
@google @search @severity=blocker @issue=6 @tmsLink=45678
Scenario: validate google search is working # src/test/resources/Features/GoogleSearch.feature:10
11:26:46.433 [main] DEBUG io.github.bonigarcia.wdm.WebDriverManager -- Using WebDriverManager 5.6.2
11:26:46.816 [main] WARN io.github.bonigarcia.wdm.versions.VersionDetector -- Exception reading CfT URL ('null') to get version of chromedriver (For input string: "120.0.6099.63")
11:26:46.828 [main] DEBUG org.apache.hc.client5.http.impl.classic.InternalHttpClient -- ex-0000000001 preparing request execution
11:26:46.841 [main] DEBUG org.apache.hc.client5.http.impl.classic.ProtocolExec -- ex-0000000001 target auth state: UNCHALLENGED
11:26:46.842 [main] DEBUG org.apache.hc.client5.http.impl.classic.ProtocolExec -- ex-0000000001 proxy auth state: UNCHALLENGED
11:26:46.842 [main] DEBUG org.apache.hc.client5.http.impl.classic.ConnectExec -- ex-0000000001 acquiring connection with route {s}->https://googlechromelabs.github.io:443
11:26:46.842 [main] DEBUG org.apache.hc.client5.http.impl.classic.InternalHttpClient -- ex-0000000001 acquiring endpoint (3 MINUTES)
11:26:46.844 [main] DEBUG org.apache.hc.client5.http.impl.io.PoolingHttpClientConnectionManager -- ex-0000000001 endpoint lease request (3 MINUTES) [route: {s}->https://googlechromelabs.github.io:443][total available: 0; route allocated: 0 of 5; total allocated: 0 of 25]
11:26:46.848 [main] DEBUG org.apache.hc.client5.http.impl.io.PoolingHttpClientConnectionManager -- ex-0000000001 endpoint leased [route: {s}->https://googlechromelabs.github.io:443][total available: 0; route allocated: 1 of 5; total allocated: 1 of 25]
11:26:46.861 [main] DEBUG org.apache.hc.client5.http.impl.io.PoolingHttpClientConnectionManager -- ex-0000000001 acquired ep-0000000001
11:26:46.862 [main] DEBUG org.apache.hc.client5.http.impl.classic.InternalHttpClient -- ex-0000000001 acquired endpoint ep-0000000001
11:26:46.862 [main] DEBUG org.apache.hc.client5.http.impl.classic.ConnectExec -- ex-0000000001 opening connection {s}->https://googlechromelabs.github.io:443
11:26:46.863 [main] DEBUG org.apache.hc.client5.http.impl.classic.InternalHttpClient -- ep-0000000001 connecting endpoint (null)
11:26:46.866 [main] DEBUG org.apache.hc.client5.http.impl.io.PoolingHttpClientConnectionManager -- ep-0000000001 connecting endpoint to https://googlechromelabs.github.io:443 (30 SECONDS)
11:26:46.866 [main] DEBUG org.apache.hc.client5.http.impl.io.DefaultHttpClientConnectionOperator -- googlechromelabs.github.io resolving remote address
11:26:46.867 [main] DEBUG org.apache.hc.client5.http.impl.io.DefaultHttpClientConnectionOperator -- googlechromelabs.github.io resolved to [googlechromelabs.github.io/185.199.108.153, googlechromelabs.github.io/185.199.111.153, googlechromelabs.github.io/185.199.110.153, googlechromelabs.github.io/185.199.109.153]
11:26:46.878 [main] DEBUG org.apache.hc.client5.http.impl.io.DefaultHttpClientConnectionOperator -- googlechromelabs.github.io:443 connecting null->googlechromelabs.github.io/185.199.108.153:443 (30 SECONDS)
11:26:46.878 [main] DEBUG org.apache.hc.client5.http.ssl.SSLConnectionSocketFactory -- Connecting socket to googlechromelabs.github.io/185.199.108.153:443 with timeout 30 SECONDS
11:26:47.050 [main] DEBUG org.apache.hc.client5.http.ssl.SSLConnectionSocketFactory -- Enabled protocols: [TLSv1.3, TLSv1.2]
11:26:47.050 [main] DEBUG org.apache.hc.client5.http.ssl.SSLConnectionSocketFactory -- Enabled cipher suites: [TLS_AES_256_GCM_SHA384, TLS_AES_128_GCM_SHA256, TLS_CHACHA20_POLY1305_SHA256, TLS_ECDHE_ECDSA_WITH_AES_256_GCM_SHA384, TLS_ECDHE_ECDSA_WITH_AES_128_GCM_SHA256, TLS_ECDHE_ECDSA_WITH_CHACHA20_POLY1305_SHA256, TLS_ECDHE_RSA_WITH_AES_256_GCM_SHA384, TLS_ECDHE_RSA_WITH_CHACHA20_POLY1305_SHA256, TLS_ECDHE_RSA_WITH_AES_128_GCM_SHA256, TLS_DHE_RSA_WITH_AES_256_GCM_SHA384, TLS_DHE_RSA_WITH_CHACHA20_POLY1305_SHA256, TLS_DHE_DSS_WITH_AES_256_GCM_SHA384, TLS_DHE_RSA_WITH_AES_128_GCM_SHA256, TLS_DHE_DSS_WITH_AES_128_GCM_SHA256, TLS_ECDHE_ECDSA_WITH_AES_256_CBC_SHA384, TLS_ECDHE_RSA_WITH_AES_256_CBC_SHA384, TLS_ECDHE_ECDSA_WITH_AES_128_CBC_SHA256, TLS_ECDHE_RSA_WITH_AES_128_CBC_SHA256, TLS_DHE_RSA_WITH_AES_256_CBC_SHA256, TLS_DHE_DSS_WITH_AES_256_CBC_SHA256, TLS_DHE_RSA_WITH_AES_128_CBC_SHA256, TLS_DHE_DSS_WITH_AES_128_CBC_SHA256, TLS_ECDHE_ECDSA_WITH_AES_256_CBC_SHA, TLS_ECDHE_RSA_WITH_AES_256_CBC_SHA, TLS_ECDHE_ECDSA_WITH_AES_128_CBC_SHA, TLS_ECDHE_RSA_WITH_AES_128_CBC_SHA, TLS_DHE_RSA_WITH_AES_256_CBC_SHA, TLS_DHE_DSS_WITH_AES_256_CBC_SHA, TLS_DHE_RSA_WITH_AES_128_CBC_SHA, TLS_DHE_DSS_WITH_AES_128_CBC_SHA, TLS_RSA_WITH_AES_256_GCM_SHA384, TLS_RSA_WITH_AES_128_GCM_SHA256, TLS_RSA_WITH_AES_256_CBC_SHA256, TLS_RSA_WITH_AES_128_CBC_SHA256, TLS_RSA_WITH_AES_256_CBC_SHA, TLS_RSA_WITH_AES_128_CBC_SHA, TLS_EMPTY_RENEGOTIATION_INFO_SCSV]
11:26:47.050 [main] DEBUG org.apache.hc.client5.http.ssl.SSLConnectionSocketFactory -- Starting handshake (null)
11:26:47.295 [main] DEBUG org.apache.hc.client5.http.ssl.SSLConnectionSocketFactory -- Secure session established
11:26:47.295 [main] DEBUG org.apache.hc.client5.http.ssl.SSLConnectionSocketFactory --  negotiated protocol: TLSv1.3
11:26:47.295 [main] DEBUG org.apache.hc.client5.http.ssl.SSLConnectionSocketFactory --  negotiated cipher suite: TLS_AES_128_GCM_SHA256
11:26:47.295 [main] DEBUG org.apache.hc.client5.http.ssl.SSLConnectionSocketFactory --  peer principal: CN=*.github.io, O="GitHub, Inc.", L=San Francisco, ST=California, C=US
11:26:47.298 [main] DEBUG org.apache.hc.client5.http.ssl.SSLConnectionSocketFactory --  peer alternative names: [*.github.io, github.io, *.github.com, github.com, www.github.com, *.githubusercontent.com, githubusercontent.com]
11:26:47.298 [main] DEBUG org.apache.hc.client5.http.ssl.SSLConnectionSocketFactory --  issuer principal: CN=DigiCert TLS RSA SHA256 2020 CA1, O=DigiCert Inc, C=US
11:26:47.299 [main] DEBUG org.apache.hc.client5.http.impl.io.DefaultManagedHttpClientConnection -- http-outgoing-0 set socket timeout to 3 MINUTES
11:26:47.299 [main] DEBUG org.apache.hc.client5.http.impl.io.DefaultHttpClientConnectionOperator -- googlechromelabs.github.io:443 connected null->googlechromelabs.github.io/185.199.108.153:443 as http-outgoing-0
11:26:47.299 [main] DEBUG org.apache.hc.client5.http.impl.io.PoolingHttpClientConnectionManager -- ep-0000000001 connected http-outgoing-0
11:26:47.299 [main] DEBUG org.apache.hc.client5.http.impl.classic.InternalHttpClient -- ep-0000000001 endpoint connected
11:26:47.300 [main] DEBUG org.apache.hc.client5.http.impl.classic.MainClientExec -- ex-0000000001 executing GET /chrome-for-testing/LATEST_RELEASE_120.0.6099.63 HTTP/1.1
11:26:47.301 [main] DEBUG org.apache.hc.client5.http.protocol.RequestAddCookies -- ex-0000000001 Cookie spec selected: strict
11:26:47.311 [main] DEBUG org.apache.hc.client5.http.impl.classic.InternalHttpClient -- ep-0000000001 start execution ex-0000000001
11:26:47.311 [main] DEBUG org.apache.hc.client5.http.impl.io.PoolingHttpClientConnectionManager -- ep-0000000001 executing exchange ex-0000000001 over http-outgoing-0
11:26:47.312 [main] DEBUG org.apache.hc.client5.http.headers -- http-outgoing-0 >> GET /chrome-for-testing/LATEST_RELEASE_120.0.6099.63 HTTP/1.1
11:26:47.312 [main] DEBUG org.apache.hc.client5.http.headers -- http-outgoing-0 >> user-agent: Apache-HttpClient/5.0
11:26:47.312 [main] DEBUG org.apache.hc.client5.http.headers -- http-outgoing-0 >> accept-encoding: gzip, deflate, br
11:26:47.312 [main] DEBUG org.apache.hc.client5.http.headers -- http-outgoing-0 >> cache-control: max-age=0
11:26:47.312 [main] DEBUG org.apache.hc.client5.http.headers -- http-outgoing-0 >> connection: keep-alive
11:26:47.312 [main] DEBUG org.apache.hc.client5.http.headers -- http-outgoing-0 >> Host: googlechromelabs.github.io
11:26:47.312 [main] DEBUG org.apache.hc.client5.http.wire -- http-outgoing-0 >> "GET /chrome-for-testing/LATEST_RELEASE_120.0.6099.63 HTTP/1.1[\r][\n]"
11:26:47.313 [main] DEBUG org.apache.hc.client5.http.wire -- http-outgoing-0 >> "user-agent: Apache-HttpClient/5.0[\r][\n]"
11:26:47.313 [main] DEBUG org.apache.hc.client5.http.wire -- http-outgoing-0 >> "accept-encoding: gzip, deflate, br[\r][\n]"
11:26:47.313 [main] DEBUG org.apache.hc.client5.http.wire -- http-outgoing-0 >> "cache-control: max-age=0[\r][\n]"
11:26:47.313 [main] DEBUG org.apache.hc.client5.http.wire -- http-outgoing-0 >> "connection: keep-alive[\r][\n]"
11:26:47.313 [main] DEBUG org.apache.hc.client5.http.wire -- http-outgoing-0 >> "Host: googlechromelabs.github.io[\r][\n]"
11:26:47.313 [main] DEBUG org.apache.hc.client5.http.wire -- http-outgoing-0 >> "[\r][\n]"
11:26:47.353 [main] DEBUG org.apache.hc.client5.http.wire -- http-outgoing-0 << "HTTP/1.1 404 Not Found[\r][\n]"
11:26:47.353 [main] DEBUG org.apache.hc.client5.http.wire -- http-outgoing-0 << "Connection: keep-alive[\r][\n]"
11:26:47.353 [main] DEBUG org.apache.hc.client5.http.wire -- http-outgoing-0 << "Content-Length: 5254[\r][\n]"
11:26:47.353 [main] DEBUG org.apache.hc.client5.http.wire -- http-outgoing-0 << "Server: GitHub.com[\r][\n]"
11:26:47.353 [main] DEBUG org.apache.hc.client5.http.wire -- http-outgoing-0 << "Content-Type: text/html; charset=utf-8[\r][\n]"
11:26:47.353 [main] DEBUG org.apache.hc.client5.http.wire -- http-outgoing-0 << "permissions-policy: interest-cohort=()[\r][\n]"
11:26:47.353 [main] DEBUG org.apache.hc.client5.http.wire -- http-outgoing-0 << "x-origin-cache: HIT[\r][\n]"
11:26:47.353 [main] DEBUG org.apache.hc.client5.http.wire -- http-outgoing-0 << "Access-Control-Allow-Origin: *[\r][\n]"
11:26:47.353 [main] DEBUG org.apache.hc.client5.http.wire -- http-outgoing-0 << "Strict-Transport-Security: max-age=31556952[\r][\n]"
11:26:47.353 [main] DEBUG org.apache.hc.client5.http.wire -- http-outgoing-0 << "ETag: W/"64d248ca-24a3"[\r][\n]"
11:26:47.354 [main] DEBUG org.apache.hc.client5.http.wire -- http-outgoing-0 << "Content-Security-Policy: default-src 'none'; style-src 'unsafe-inline'; img-src data:; connect-src 'self'[\r][\n]"
11:26:47.354 [main] DEBUG org.apache.hc.client5.http.wire -- http-outgoing-0 << "Content-Encoding: gzip[\r][\n]"
11:26:47.354 [main] DEBUG org.apache.hc.client5.http.wire -- http-outgoing-0 << "x-proxy-cache: MISS[\r][\n]"
11:26:47.354 [main] DEBUG org.apache.hc.client5.http.wire -- http-outgoing-0 << "X-GitHub-Request-Id: 4334:13C5B4:3D3D511:3E5167D:658410B8[\r][\n]"
11:26:47.354 [main] DEBUG org.apache.hc.client5.http.wire -- http-outgoing-0 << "Accept-Ranges: bytes[\r][\n]"
11:26:47.354 [main] DEBUG org.apache.hc.client5.http.wire -- http-outgoing-0 << "Date: Thu, 21 Dec 2023 10:26:50 GMT[\r][\n]"
11:26:47.354 [main] DEBUG org.apache.hc.client5.http.wire -- http-outgoing-0 << "Via: 1.1 varnish[\r][\n]"
11:26:47.354 [main] DEBUG org.apache.hc.client5.http.wire -- http-outgoing-0 << "Age: 561[\r][\n]"
11:26:47.354 [main] DEBUG org.apache.hc.client5.http.wire -- http-outgoing-0 << "X-Served-By: cache-mad22076-MAD[\r][\n]"
11:26:47.354 [main] DEBUG org.apache.hc.client5.http.wire -- http-outgoing-0 << "X-Cache: HIT[\r][\n]"
11:26:47.354 [main] DEBUG org.apache.hc.client5.http.wire -- http-outgoing-0 << "X-Cache-Hits: 1[\r][\n]"
11:26:47.354 [main] DEBUG org.apache.hc.client5.http.wire -- http-outgoing-0 << "X-Timer: S1703154410.009961,VS0,VE1[\r][\n]"
11:26:47.354 [main] DEBUG org.apache.hc.client5.http.wire -- http-outgoing-0 << "Vary: Accept-Encoding[\r][\n]"
11:26:47.354 [main] DEBUG org.apache.hc.client5.http.wire -- http-outgoing-0 << "X-Fastly-Request-ID: a4c61623c895fe5745675bd0afe34e38d914dd03[\r][\n]"
11:26:47.355 [main] DEBUG org.apache.hc.client5.http.wire -- http-outgoing-0 << "[\r][\n]"
11:26:47.358 [main] DEBUG org.apache.hc.client5.http.headers -- http-outgoing-0 << HTTP/1.1 404 Not Found
11:26:47.358 [main] DEBUG org.apache.hc.client5.http.headers -- http-outgoing-0 << Connection: keep-alive
11:26:47.358 [main] DEBUG org.apache.hc.client5.http.headers -- http-outgoing-0 << Content-Length: 5254
11:26:47.358 [main] DEBUG org.apache.hc.client5.http.headers -- http-outgoing-0 << Server: GitHub.com
11:26:47.358 [main] DEBUG org.apache.hc.client5.http.headers -- http-outgoing-0 << Content-Type: text/html; charset=utf-8
11:26:47.358 [main] DEBUG org.apache.hc.client5.http.headers -- http-outgoing-0 << permissions-policy: interest-cohort=()
11:26:47.358 [main] DEBUG org.apache.hc.client5.http.headers -- http-outgoing-0 << x-origin-cache: HIT
11:26:47.358 [main] DEBUG org.apache.hc.client5.http.headers -- http-outgoing-0 << Access-Control-Allow-Origin: *
11:26:47.358 [main] DEBUG org.apache.hc.client5.http.headers -- http-outgoing-0 << Strict-Transport-Security: max-age=31556952
11:26:47.358 [main] DEBUG org.apache.hc.client5.http.headers -- http-outgoing-0 << ETag: W/"64d248ca-24a3"
11:26:47.358 [main] DEBUG org.apache.hc.client5.http.headers -- http-outgoing-0 << Content-Security-Policy: default-src 'none'; style-src 'unsafe-inline'; img-src data:; connect-src 'self'
11:26:47.358 [main] DEBUG org.apache.hc.client5.http.headers -- http-outgoing-0 << Content-Encoding: gzip
11:26:47.358 [main] DEBUG org.apache.hc.client5.http.headers -- http-outgoing-0 << x-proxy-cache: MISS
11:26:47.359 [main] DEBUG org.apache.hc.client5.http.headers -- http-outgoing-0 << X-GitHub-Request-Id: 4334:13C5B4:3D3D511:3E5167D:658410B8
11:26:47.359 [main] DEBUG org.apache.hc.client5.http.headers -- http-outgoing-0 << Accept-Ranges: bytes
11:26:47.359 [main] DEBUG org.apache.hc.client5.http.headers -- http-outgoing-0 << Date: Thu, 21 Dec 2023 10:26:50 GMT
11:26:47.359 [main] DEBUG org.apache.hc.client5.http.headers -- http-outgoing-0 << Via: 1.1 varnish
11:26:47.359 [main] DEBUG org.apache.hc.client5.http.headers -- http-outgoing-0 << Age: 561
11:26:47.359 [main] DEBUG org.apache.hc.client5.http.headers -- http-outgoing-0 << X-Served-By: cache-mad22076-MAD
11:26:47.359 [main] DEBUG org.apache.hc.client5.http.headers -- http-outgoing-0 << X-Cache: HIT
11:26:47.359 [main] DEBUG org.apache.hc.client5.http.headers -- http-outgoing-0 << X-Cache-Hits: 1
11:26:47.359 [main] DEBUG org.apache.hc.client5.http.headers -- http-outgoing-0 << X-Timer: S1703154410.009961,VS0,VE1
11:26:47.359 [main] DEBUG org.apache.hc.client5.http.headers -- http-outgoing-0 << Vary: Accept-Encoding
11:26:47.359 [main] DEBUG org.apache.hc.client5.http.headers -- http-outgoing-0 << X-Fastly-Request-ID: a4c61623c895fe5745675bd0afe34e38d914dd03
11:26:47.363 [main] DEBUG org.apache.hc.client5.http.impl.classic.MainClientExec -- ex-0000000001 connection can be kept alive for 3 MINUTES
11:26:47.366 [main] ERROR io.github.bonigarcia.wdm.online.HttpClient -- Error HTTP 404 executing https://googlechromelabs.github.io/chrome-for-testing/LATEST_RELEASE_120.0.6099.63
11:26:47.367 [main] WARN io.github.bonigarcia.wdm.versions.VersionDetector -- Exception reading https://googlechromelabs.github.io/chrome-for-testing/LATEST_RELEASE_120.0.6099.63 to get latest version of chromedriver (Error HTTP 404 executing https://googlechromelabs.github.io/chrome-for-testing/LATEST_RELEASE_120.0.6099.63)
11:26:47.367 [main] DEBUG io.github.bonigarcia.wdm.versions.VersionDetector -- Getting driver version for chrome120.0.6099.63 from online versions.properties
11:26:47.368 [main] DEBUG org.apache.hc.client5.http.impl.classic.InternalHttpClient -- ex-0000000002 preparing request execution
11:26:47.368 [main] DEBUG org.apache.hc.client5.http.impl.classic.ProtocolExec -- ex-0000000002 target auth state: UNCHALLENGED
11:26:47.368 [main] DEBUG org.apache.hc.client5.http.impl.classic.ProtocolExec -- ex-0000000002 proxy auth state: UNCHALLENGED
11:26:47.369 [main] DEBUG org.apache.hc.client5.http.impl.classic.ConnectExec -- ex-0000000002 acquiring connection with route {s}->https://raw.githubusercontent.com:443
11:26:47.369 [main] DEBUG org.apache.hc.client5.http.impl.classic.InternalHttpClient -- ex-0000000002 acquiring endpoint (3 MINUTES)
11:26:47.369 [main] DEBUG org.apache.hc.client5.http.impl.io.PoolingHttpClientConnectionManager -- ex-0000000002 endpoint lease request (3 MINUTES) [route: {s}->https://raw.githubusercontent.com:443][total available: 0; route allocated: 0 of 5; total allocated: 1 of 25]
11:26:47.369 [main] DEBUG org.apache.hc.client5.http.impl.io.PoolingHttpClientConnectionManager -- ex-0000000002 endpoint leased [route: {s}->https://raw.githubusercontent.com:443][total available: 0; route allocated: 1 of 5; total allocated: 2 of 25]
11:26:47.369 [main] DEBUG org.apache.hc.client5.http.impl.io.PoolingHttpClientConnectionManager -- ex-0000000002 acquired ep-0000000002
11:26:47.369 [main] DEBUG org.apache.hc.client5.http.impl.classic.InternalHttpClient -- ex-0000000002 acquired endpoint ep-0000000002
11:26:47.369 [main] DEBUG org.apache.hc.client5.http.impl.classic.ConnectExec -- ex-0000000002 opening connection {s}->https://raw.githubusercontent.com:443
11:26:47.369 [main] DEBUG org.apache.hc.client5.http.impl.classic.InternalHttpClient -- ep-0000000002 connecting endpoint (null)
11:26:47.370 [main] DEBUG org.apache.hc.client5.http.impl.io.PoolingHttpClientConnectionManager -- ep-0000000002 connecting endpoint to https://raw.githubusercontent.com:443 (30 SECONDS)
11:26:47.370 [main] DEBUG org.apache.hc.client5.http.impl.io.DefaultHttpClientConnectionOperator -- raw.githubusercontent.com resolving remote address
11:26:47.370 [main] DEBUG org.apache.hc.client5.http.impl.io.DefaultHttpClientConnectionOperator -- raw.githubusercontent.com resolved to [raw.githubusercontent.com/185.199.111.133, raw.githubusercontent.com/185.199.108.133, raw.githubusercontent.com/185.199.109.133, raw.githubusercontent.com/185.199.110.133]
11:26:47.371 [main] DEBUG org.apache.hc.client5.http.impl.io.DefaultHttpClientConnectionOperator -- raw.githubusercontent.com:443 connecting null->raw.githubusercontent.com/185.199.111.133:443 (30 SECONDS)
11:26:47.371 [main] DEBUG org.apache.hc.client5.http.ssl.SSLConnectionSocketFactory -- Connecting socket to raw.githubusercontent.com/185.199.111.133:443 with timeout 30 SECONDS
11:26:47.410 [main] DEBUG org.apache.hc.client5.http.ssl.SSLConnectionSocketFactory -- Enabled protocols: [TLSv1.3, TLSv1.2]
11:26:47.410 [main] DEBUG org.apache.hc.client5.http.ssl.SSLConnectionSocketFactory -- Enabled cipher suites: [TLS_AES_256_GCM_SHA384, TLS_AES_128_GCM_SHA256, TLS_CHACHA20_POLY1305_SHA256, TLS_ECDHE_ECDSA_WITH_AES_256_GCM_SHA384, TLS_ECDHE_ECDSA_WITH_AES_128_GCM_SHA256, TLS_ECDHE_ECDSA_WITH_CHACHA20_POLY1305_SHA256, TLS_ECDHE_RSA_WITH_AES_256_GCM_SHA384, TLS_ECDHE_RSA_WITH_CHACHA20_POLY1305_SHA256, TLS_ECDHE_RSA_WITH_AES_128_GCM_SHA256, TLS_DHE_RSA_WITH_AES_256_GCM_SHA384, TLS_DHE_RSA_WITH_CHACHA20_POLY1305_SHA256, TLS_DHE_DSS_WITH_AES_256_GCM_SHA384, TLS_DHE_RSA_WITH_AES_128_GCM_SHA256, TLS_DHE_DSS_WITH_AES_128_GCM_SHA256, TLS_ECDHE_ECDSA_WITH_AES_256_CBC_SHA384, TLS_ECDHE_RSA_WITH_AES_256_CBC_SHA384, TLS_ECDHE_ECDSA_WITH_AES_128_CBC_SHA256, TLS_ECDHE_RSA_WITH_AES_128_CBC_SHA256, TLS_DHE_RSA_WITH_AES_256_CBC_SHA256, TLS_DHE_DSS_WITH_AES_256_CBC_SHA256, TLS_DHE_RSA_WITH_AES_128_CBC_SHA256, TLS_DHE_DSS_WITH_AES_128_CBC_SHA256, TLS_ECDHE_ECDSA_WITH_AES_256_CBC_SHA, TLS_ECDHE_RSA_WITH_AES_256_CBC_SHA, TLS_ECDHE_ECDSA_WITH_AES_128_CBC_SHA, TLS_ECDHE_RSA_WITH_AES_128_CBC_SHA, TLS_DHE_RSA_WITH_AES_256_CBC_SHA, TLS_DHE_DSS_WITH_AES_256_CBC_SHA, TLS_DHE_RSA_WITH_AES_128_CBC_SHA, TLS_DHE_DSS_WITH_AES_128_CBC_SHA, TLS_RSA_WITH_AES_256_GCM_SHA384, TLS_RSA_WITH_AES_128_GCM_SHA256, TLS_RSA_WITH_AES_256_CBC_SHA256, TLS_RSA_WITH_AES_128_CBC_SHA256, TLS_RSA_WITH_AES_256_CBC_SHA, TLS_RSA_WITH_AES_128_CBC_SHA, TLS_EMPTY_RENEGOTIATION_INFO_SCSV]
11:26:47.410 [main] DEBUG org.apache.hc.client5.http.ssl.SSLConnectionSocketFactory -- Starting handshake (null)
11:26:47.476 [main] DEBUG org.apache.hc.client5.http.ssl.SSLConnectionSocketFactory -- Secure session established
11:26:47.476 [main] DEBUG org.apache.hc.client5.http.ssl.SSLConnectionSocketFactory --  negotiated protocol: TLSv1.3
11:26:47.476 [main] DEBUG org.apache.hc.client5.http.ssl.SSLConnectionSocketFactory --  negotiated cipher suite: TLS_AES_128_GCM_SHA256
11:26:47.477 [main] DEBUG org.apache.hc.client5.http.ssl.SSLConnectionSocketFactory --  peer principal: CN=*.github.io, O="GitHub, Inc.", L=San Francisco, ST=California, C=US
11:26:47.477 [main] DEBUG org.apache.hc.client5.http.ssl.SSLConnectionSocketFactory --  peer alternative names: [*.github.io, github.io, *.github.com, github.com, www.github.com, *.githubusercontent.com, githubusercontent.com]
11:26:47.477 [main] DEBUG org.apache.hc.client5.http.ssl.SSLConnectionSocketFactory --  issuer principal: CN=DigiCert TLS RSA SHA256 2020 CA1, O=DigiCert Inc, C=US
11:26:47.478 [main] DEBUG org.apache.hc.client5.http.impl.io.DefaultManagedHttpClientConnection -- http-outgoing-1 set socket timeout to 3 MINUTES
11:26:47.478 [main] DEBUG org.apache.hc.client5.http.impl.io.DefaultHttpClientConnectionOperator -- raw.githubusercontent.com:443 connected null->raw.githubusercontent.com/185.199.111.133:443 as http-outgoing-1
11:26:47.478 [main] DEBUG org.apache.hc.client5.http.impl.io.PoolingHttpClientConnectionManager -- ep-0000000002 connected http-outgoing-1
11:26:47.479 [main] DEBUG org.apache.hc.client5.http.impl.classic.InternalHttpClient -- ep-0000000002 endpoint connected
11:26:47.479 [main] DEBUG org.apache.hc.client5.http.impl.classic.MainClientExec -- ex-0000000002 executing GET /bonigarcia/webdrivermanager/master/src/main/resources/versions.properties HTTP/1.1
11:26:47.479 [main] DEBUG org.apache.hc.client5.http.protocol.RequestAddCookies -- ex-0000000002 Cookie spec selected: strict
11:26:47.479 [main] DEBUG org.apache.hc.client5.http.impl.classic.InternalHttpClient -- ep-0000000002 start execution ex-0000000002
11:26:47.480 [main] DEBUG org.apache.hc.client5.http.impl.io.PoolingHttpClientConnectionManager -- ep-0000000002 executing exchange ex-0000000002 over http-outgoing-1
11:26:47.480 [main] DEBUG org.apache.hc.client5.http.headers -- http-outgoing-1 >> GET /bonigarcia/webdrivermanager/master/src/main/resources/versions.properties HTTP/1.1
11:26:47.480 [main] DEBUG org.apache.hc.client5.http.headers -- http-outgoing-1 >> user-agent: Apache-HttpClient/5.0
11:26:47.480 [main] DEBUG org.apache.hc.client5.http.headers -- http-outgoing-1 >> accept-encoding: gzip, deflate, br
11:26:47.481 [main] DEBUG org.apache.hc.client5.http.headers -- http-outgoing-1 >> cache-control: max-age=0
11:26:47.481 [main] DEBUG org.apache.hc.client5.http.headers -- http-outgoing-1 >> connection: keep-alive
11:26:47.481 [main] DEBUG org.apache.hc.client5.http.headers -- http-outgoing-1 >> Host: raw.githubusercontent.com
11:26:47.481 [main] DEBUG org.apache.hc.client5.http.wire -- http-outgoing-1 >> "GET /bonigarcia/webdrivermanager/master/src/main/resources/versions.properties HTTP/1.1[\r][\n]"
11:26:47.481 [main] DEBUG org.apache.hc.client5.http.wire -- http-outgoing-1 >> "user-agent: Apache-HttpClient/5.0[\r][\n]"
11:26:47.481 [main] DEBUG org.apache.hc.client5.http.wire -- http-outgoing-1 >> "accept-encoding: gzip, deflate, br[\r][\n]"
11:26:47.482 [main] DEBUG org.apache.hc.client5.http.wire -- http-outgoing-1 >> "cache-control: max-age=0[\r][\n]"
11:26:47.482 [main] DEBUG org.apache.hc.client5.http.wire -- http-outgoing-1 >> "connection: keep-alive[\r][\n]"
11:26:47.482 [main] DEBUG org.apache.hc.client5.http.wire -- http-outgoing-1 >> "Host: raw.githubusercontent.com[\r][\n]"
11:26:47.482 [main] DEBUG org.apache.hc.client5.http.wire -- http-outgoing-1 >> "[\r][\n]"
11:26:47.526 [main] DEBUG org.apache.hc.client5.http.wire -- http-outgoing-1 << "HTTP/1.1 200 OK[\r][\n]"
11:26:47.526 [main] DEBUG org.apache.hc.client5.http.wire -- http-outgoing-1 << "Connection: keep-alive[\r][\n]"
11:26:47.526 [main] DEBUG org.apache.hc.client5.http.wire -- http-outgoing-1 << "Content-Length: 1653[\r][\n]"
11:26:47.526 [main] DEBUG org.apache.hc.client5.http.wire -- http-outgoing-1 << "Cache-Control: max-age=300[\r][\n]"
11:26:47.526 [main] DEBUG org.apache.hc.client5.http.wire -- http-outgoing-1 << "Content-Security-Policy: default-src 'none'; style-src 'unsafe-inline'; sandbox[\r][\n]"
11:26:47.526 [main] DEBUG org.apache.hc.client5.http.wire -- http-outgoing-1 << "Content-Type: text/plain; charset=utf-8[\r][\n]"
11:26:47.526 [main] DEBUG org.apache.hc.client5.http.wire -- http-outgoing-1 << "ETag: W/"de56f96e4580ae55450ed6a794662cbdb2b39827f9709095aa3e1e7f6914629d"[\r][\n]"
11:26:47.526 [main] DEBUG org.apache.hc.client5.http.wire -- http-outgoing-1 << "Strict-Transport-Security: max-age=31536000[\r][\n]"
11:26:47.526 [main] DEBUG org.apache.hc.client5.http.wire -- http-outgoing-1 << "X-Content-Type-Options: nosniff[\r][\n]"
11:26:47.526 [main] DEBUG org.apache.hc.client5.http.wire -- http-outgoing-1 << "X-Frame-Options: deny[\r][\n]"
11:26:47.526 [main] DEBUG org.apache.hc.client5.http.wire -- http-outgoing-1 << "X-XSS-Protection: 1; mode=block[\r][\n]"
11:26:47.526 [main] DEBUG org.apache.hc.client5.http.wire -- http-outgoing-1 << "X-GitHub-Request-Id: 728E:2E6B8C:62B50D:676D49:6583D0E9[\r][\n]"
11:26:47.526 [main] DEBUG org.apache.hc.client5.http.wire -- http-outgoing-1 << "Content-Encoding: gzip[\r][\n]"
11:26:47.526 [main] DEBUG org.apache.hc.client5.http.wire -- http-outgoing-1 << "Accept-Ranges: bytes[\r][\n]"
11:26:47.526 [main] DEBUG org.apache.hc.client5.http.wire -- http-outgoing-1 << "Date: Thu, 21 Dec 2023 10:26:50 GMT[\r][\n]"
11:26:47.526 [main] DEBUG org.apache.hc.client5.http.wire -- http-outgoing-1 << "Via: 1.1 varnish[\r][\n]"
11:26:47.526 [main] DEBUG org.apache.hc.client5.http.wire -- http-outgoing-1 << "X-Served-By: cache-mad22073-MAD[\r][\n]"
11:26:47.527 [main] DEBUG org.apache.hc.client5.http.wire -- http-outgoing-1 << "X-Cache: HIT[\r][\n]"
11:26:47.527 [main] DEBUG org.apache.hc.client5.http.wire -- http-outgoing-1 << "X-Cache-Hits: 1[\r][\n]"
11:26:47.527 [main] DEBUG org.apache.hc.client5.http.wire -- http-outgoing-1 << "X-Timer: S1703154410.180056,VS0,VE1[\r][\n]"
11:26:47.527 [main] DEBUG org.apache.hc.client5.http.wire -- http-outgoing-1 << "Vary: Authorization,Accept-Encoding,Origin[\r][\n]"
11:26:47.527 [main] DEBUG org.apache.hc.client5.http.wire -- http-outgoing-1 << "Access-Control-Allow-Origin: *[\r][\n]"
11:26:47.527 [main] DEBUG org.apache.hc.client5.http.wire -- http-outgoing-1 << "Cross-Origin-Resource-Policy: cross-origin[\r][\n]"
11:26:47.527 [main] DEBUG org.apache.hc.client5.http.wire -- http-outgoing-1 << "X-Fastly-Request-ID: 0b7ef9e81bfc86d0287bb34030c5396ca9b66a98[\r][\n]"
11:26:47.527 [main] DEBUG org.apache.hc.client5.http.wire -- http-outgoing-1 << "Expires: Thu, 21 Dec 2023 10:31:50 GMT[\r][\n]"
11:26:47.527 [main] DEBUG org.apache.hc.client5.http.wire -- http-outgoing-1 << "Source-Age: 150[\r][\n]"
11:26:47.527 [main] DEBUG org.apache.hc.client5.http.wire -- http-outgoing-1 << "[\r][\n]"
11:26:47.527 [main] DEBUG org.apache.hc.client5.http.headers -- http-outgoing-1 << HTTP/1.1 200 OK
11:26:47.527 [main] DEBUG org.apache.hc.client5.http.headers -- http-outgoing-1 << Connection: keep-alive
11:26:47.527 [main] DEBUG org.apache.hc.client5.http.headers -- http-outgoing-1 << Content-Length: 1653
11:26:47.527 [main] DEBUG org.apache.hc.client5.http.headers -- http-outgoing-1 << Cache-Control: max-age=300
11:26:47.527 [main] DEBUG org.apache.hc.client5.http.headers -- http-outgoing-1 << Content-Security-Policy: default-src 'none'; style-src 'unsafe-inline'; sandbox
11:26:47.527 [main] DEBUG org.apache.hc.client5.http.headers -- http-outgoing-1 << Content-Type: text/plain; charset=utf-8
11:26:47.527 [main] DEBUG org.apache.hc.client5.http.headers -- http-outgoing-1 << ETag: W/"de56f96e4580ae55450ed6a794662cbdb2b39827f9709095aa3e1e7f6914629d"
11:26:47.527 [main] DEBUG org.apache.hc.client5.http.headers -- http-outgoing-1 << Strict-Transport-Security: max-age=31536000
11:26:47.527 [main] DEBUG org.apache.hc.client5.http.headers -- http-outgoing-1 << X-Content-Type-Options: nosniff
11:26:47.528 [main] DEBUG org.apache.hc.client5.http.headers -- http-outgoing-1 << X-Frame-Options: deny
11:26:47.528 [main] DEBUG org.apache.hc.client5.http.headers -- http-outgoing-1 << X-XSS-Protection: 1; mode=block
11:26:47.528 [main] DEBUG org.apache.hc.client5.http.headers -- http-outgoing-1 << X-GitHub-Request-Id: 728E:2E6B8C:62B50D:676D49:6583D0E9
11:26:47.528 [main] DEBUG org.apache.hc.client5.http.headers -- http-outgoing-1 << Content-Encoding: gzip
11:26:47.528 [main] DEBUG org.apache.hc.client5.http.headers -- http-outgoing-1 << Accept-Ranges: bytes
11:26:47.528 [main] DEBUG org.apache.hc.client5.http.headers -- http-outgoing-1 << Date: Thu, 21 Dec 2023 10:26:50 GMT
11:26:47.528 [main] DEBUG org.apache.hc.client5.http.headers -- http-outgoing-1 << Via: 1.1 varnish
11:26:47.528 [main] DEBUG org.apache.hc.client5.http.headers -- http-outgoing-1 << X-Served-By: cache-mad22073-MAD
11:26:47.528 [main] DEBUG org.apache.hc.client5.http.headers -- http-outgoing-1 << X-Cache: HIT
11:26:47.528 [main] DEBUG org.apache.hc.client5.http.headers -- http-outgoing-1 << X-Cache-Hits: 1
11:26:47.528 [main] DEBUG org.apache.hc.client5.http.headers -- http-outgoing-1 << X-Timer: S1703154410.180056,VS0,VE1
11:26:47.528 [main] DEBUG org.apache.hc.client5.http.headers -- http-outgoing-1 << Vary: Authorization,Accept-Encoding,Origin
11:26:47.528 [main] DEBUG org.apache.hc.client5.http.headers -- http-outgoing-1 << Access-Control-Allow-Origin: *
11:26:47.528 [main] DEBUG org.apache.hc.client5.http.headers -- http-outgoing-1 << Cross-Origin-Resource-Policy: cross-origin
11:26:47.528 [main] DEBUG org.apache.hc.client5.http.headers -- http-outgoing-1 << X-Fastly-Request-ID: 0b7ef9e81bfc86d0287bb34030c5396ca9b66a98
11:26:47.528 [main] DEBUG org.apache.hc.client5.http.headers -- http-outgoing-1 << Expires: Thu, 21 Dec 2023 10:31:50 GMT
11:26:47.528 [main] DEBUG org.apache.hc.client5.http.headers -- http-outgoing-1 << Source-Age: 150
11:26:47.528 [main] DEBUG org.apache.hc.client5.http.impl.classic.MainClientExec -- ex-0000000002 connection can be kept alive for 3 MINUTES
11:26:47.540 [main] DEBUG org.apache.hc.client5.http.wire -- http-outgoing-1 << "[0x1f][0xffffff8b][0x8][0x0][0x0][0x0][0x0][0x0][0x0][0x3][0xffffff8d][0xffffff97]Mo[0xffffffe3]6[0x10][0xffffff86][0xffffffef][0xfffffff9][0x15][0x2]z[0xffffff8e][0xffffffcc][0xffffffcf]![0x19][0xffffff80][0xffffff97]~[0xffffff9e][0xffffff8a][0x1e][0xffffffda]?[0xffffffe0][0xffffffb5][0xffffff95]DX[0xffffffc7][\n]"
11:26:47.541 [main] DEBUG org.apache.hc.client5.http.wire -- http-outgoing-1 << "lg[0xffffffb3][0xffffffe8][0xffffffaf][0xffffffef][0xc][0xffffffc9][0xffffffa1]h[0xffffffaa][0x5]z[0x8]v[0xffffffe7][0xffffffb1]D[0xffffffce][0xffffff90][0xffffffd4][0xffffffcb]w~[0x18][0xfffffffe]z[0xffffff9d][0xffffffaf][0xffffffc3][0xfffffff3]|[0xffffff9a][0xffffff86][0xffffffc3]r[0xffffffbe][0xffffffed][0xffffffe7][0xfffffff3]u[0xffffffb8][0xffffffbd]N[0xffffffc3][0xffffffd7][0xfffffff3][0xfffffff2]y[0x1e][0xffffff8e][0xffffff97][0xfffffff9][0xffffffdb]t[0x19][0xfffffff0][0xffffffef]:/[0xfffffff8][0xffffffcb]ay{[0xffffffdf][0xffffffdf][0xffffffe6]/[0xfffffff8][0xfffffff4][0xffffffe7]|{MO[0x1e][0xffffff96][0xffffffcb]e[0xffffffba][0xffffffbe]/[0xffffffe7][0xffffffe3]|~[0x19][0xffffffbe]\[0xffffff96][0xffffffcf][0xffffffeb][0xfffffffa][0xffffffca][0xffffffc3][0xffffffc3][0xf][0xffffffc3][0xffffff8f][0x19]=[\r][0xffffffbf]-[0xffffffcb][0xb][0xffffffbe][0xfffffff9][0xffffffd3][0xffffffeb]ey[0xffffff9b][0xffffff86][0xfffffffd][0xfffffff9][0xffffff98][0xffffffff];[0x7f][0xffffffbc][\r][0xffffff8f][0xffffffc3][0xffffffcf]i[0xffffffaa][0xffffffa7][0xffffffe1][0xffffff90]~[0xffffffcd][0x13][0xffffffe3][0xffffffcb][0x7f].[0x1f][0xffffff97][0xffffffc3][0xfffffff4]4[0xffffffbc][0xffffffde]n[0xffffffef]O[0xffffffbb]][0xfffffffb][0xffffffeb]x(o[0xffffff8f][0xffffffcb][0xffffffe5]ew[0xffffffc4]|O[0xffffffcb][0xfffffffe]x}[0xffffffc8][0xffffffcf]Hi"[0xfffffffe][0xffffff8d]b[0xffffffb4]N[0xffffffdb]1[0xffffff88][0xffffffca]5rM[0x1c][0xffffff9c][0x1a]AW[0xffffffae][0xffffff90][0xffffffab][0xffffffc4][0xffffffa5][0x1d]M[0xffffffa8]\"[0xffffff97][0xffffffc4]-[0xffffffe8][0x11]L[0xffffffe5][0x2][0xffffffb9] n[0xffffffbc][0x1c][0xffffff9d]c.B[0xffffffc4][0xffffffbf][0xffffffc4]qzW[0xffffff9f][0x17][0x1e][0xffffffb9]'[0xffffffae]m[0x18][0xffffff9d][0xffffffac][0xffffffdc]!w[0xffffff89][0xb]3[0xffffff82][0xffffffaa][0x1c][0xffffff90][0x3]qe[0xffffffc2][0x8][0xffffffeb][0xfffffff3][0x16][0xffffffb9]%.[0xffffff83][0xffffffc5][0x1f]+[0xffffffc7]zE[0xffffffaa][0xffffff97][0xffffffca]p5[0x7f][0xffffff81][0xfffffff5][0xffffff8a]T[0xffffffaf][0x0]1J[0xffffffbd]&[0xffffff84][0x5][0xffffff8b]T[0xffffffb0][0xffffffc0][0xfffffff1][0xffffff9a][0x9][0xffffffb0]`A[0x5][0xffffff9b]`[0xffffffe5]hV[0xffffff8e][0x5][0xb]*[0xffffffd8][0xfffffff8][0x0]#[0xfffffff0][0xffffff82][0xffffff86][0x10]CH[0xffffffd4][0x18][0xffffff9c][0xffffff9b][0xffffffa9][0xffffff8f][0xffffff81][0xffffff8a]5[0xffffffce][0xfffffffa][0x11][0xffffffa7]a[0xffffffec]b[0xffffffa0]Z[\r][0x4][0xffffffb5][0xffffffae]A[0xffffff80][0x18] Q0[0xffffffa3][0xffffffb1]Lm[0xc]6Q[0xffffffed]G[0xffffffe0]z[0xffffff82][0xffffff89][0xffffffc1]$[0xffffff8a][0xffffff8b][0xffffff83][0x1b][0xffffffc9]X[0xffffffc7]@E[0x1a][0xffffffeb][0xffffffdc][0xffffffba][0xffffffa9]A[0xffffffc5][0xffffffa0][0x12][0xffffffc5]-[0xffffffc5]Uf,cH[0x5][0x1a]<[0x1]X+c[0x11]C[0xffffffaa][0xffffffcf]h1*^'[0x1f][0xffffffa2]O[0xfffffff5]i[0xfffffffc]G[0xfffffff1][0xffffffc8][0xffffffde]G[0xffffff9f][0xffffffea][0xffffffd3][0xffffffca][0xffffff8c][0x1][0xffffff98][0xffffffba][0xffffffe8]Sy[0xffffffca][0xffffff8b][0xffffffd1]{[0xffffffa6][0x10]}*O[0x19][0x1c][0xffffff97][0xffffff97][0xffffffc2][0xffffffdb][0xffffffe8]Sy[0xffffffd2][0xffffffeb][0xffffffd1]sj[0xffffffde]D[0xffffff9f][0xffffffca][0xffffff93][0xffffffc6][0xffffff8d][0xffffff9a][0xffffffd7][0xffffffd8][0xffffffeb][0xffffffe8]Su[0xffffffb4][0xffffff93][0xffffff9a][0xffffff97][0xffffffc2][0xffffffcb][0xffffffe8]S[0x19][0x2]W^[0xffffffea]:[0xffffff9d][0xffffff88][0xffffff9e][0xffffffca][0xffffffd0][0x1]s[0xffffffc1]#T[0xffffffb0][0xb][0xffffffd1][0xffffff85][0xffffff84][0xffffff8d][0x1d]u[0xffffffa5]>:[0xffffff9f]([0xffffff9e][0x1d]<W[0xffffff8c]]tT[0xffffff88][0xfffffff6][0xffffff80][0xffffffdf][0x2][0xffffffa7][0xffffffe1] :H[0x14][0xf][0xffffffb8]Tu[0xc][0x1b][0x1d]U[0xffffffa2][0xffffff9d][0xffffffc3][0x3][0xffffffb6]>m[0xffffffa2]3[0x9]+<[0xffffffbf][0xc]utT[0xffffff89][0x6],[0x8]8e[0xffffffa7][0xffffffa2][0xffffffc2][0x1d][0xffffffe5]H[0xffffffde]E[0xffffff82]"N[0xc][0x2]E[0xffffffbc]7[0xffffffe0])[0xffffffe2][0x15][0x5]G[0x11][0xffffffef]&[0x0]E[0xffffff9c][0xc]X[0xffffff8c][0xffffffea][0x12][0xffffff81][0xffffffa1][0xffffff88][0xffffffd7][0x1c]4E<[0x1f]P.[0xffffffba][0xffffffce]G[0xffffffb9][0xffffffd4]o[0x6]([0x17][0xffffffad][0xffffffef]T[0xffffffed][0xfffffff7][0xffffffe5][0xffffffef][0xfffffff9]t[0xffffffda][0xf][0xffffffbf][0xffffffce][0xffffff97][0xffffffe9]y[0xfffffff9][0xffffffde]H[0xffffffd9][0xffffffcb]t[0xfffffff8][0xffffffba][0xfffffffc][0xffffffab][0xffffff92]]Q[0xffffffca]^P@?[0xffffffbe][0xffffff8c]([0xffffffa9][0xffffffbb][0xffffffb7]<[0xffffffc4][0xffffffae]yaw[0xffffff99]N[0xffffffd3][0xfffffffe]:][0x1f][0xffffff9e][0xfffffff3][0xffffffb8]R[0xffffff89][0xffffff88][0xffffffcb][0xffffff86]kW[0xffffff89][0xc][0x1b][0xffffffe2]7[0xffffffc4]m[0x8]l[0xffffff88][0xffffffdd][0x10][0xffffffb3]!zC[0xffffffd4][0xffffff86][0xffffffc8][\r]I9[0xffffffab]QU"B&[0xffffffeb]3[0xffffffc2]o[0xffffff88][0xffffffdb][0x10][0xffffffd8][0x10][0xffffffbb]!)g[0xffffffd9][0x12][0xffffffbd]!jC[0xffffffe4][0xffffff86][0xffffff88][0xffffff8e][0xffffff84][0xffffffd0][0x3][0xffffffdf][0x3][0xffffffd7][0x3][0xffffffe8][0xffffff81][0xffffffed]A[0xffffff9f]m[0xffffffe8][0xffffff93][\r]}[0xffffffae][0xffffffa1]O5P[0xffffffa6][0xfffffff8]m5`<[0xffffffcd][0xffffffe7][0xffffff8f][0xffffffef][0x19]K[0xffffffc6]>t[0xffffffcf]y[0xffffffdf][0x3][0xffffffd7][0x3][0xffffffe8][0xffffff81][0xffffffed][0xffffff81][0xffffffe9][0x1][0x15][0xffffffa0]|[0x3]T[0xf][0xffffffa8][0x0][0xffffffe5][0x1a] :[0xffffffe0]B[0xf]R[0xffffffa6][0xffffffd0][0x0][0xffffffd7][0x3][0xffffffe8][0xffffff81][0xffffffed][0xffffff81][0xffffffe9][0xffffff81][0xffffffee][0xffffff81][0xffffffea][0xffffff81][0xffffffec][0xffffff81][0xffffffe8][0x0][0xffffff84][0x1e][0xffffffa4]Lm[0x3]R[0xffffffa6][0xffffffa6][0x1][0xffffffd0][0x3][0xffffffdb][0xffffff83][0xffffff94]i[0xfffffff3][0x1][0xffffff81][0xffffffee]A[0xffffffca][0xffffffb4]9[0xfffffff6][0xffffff90]2m[0xe][0x5][0xffffff88][0xe][0xffffffd8][0xffffffd0][0x3][0xffffffdf][0x3][0xffffffd7][0xffffff83][0xffffff94][0xffffffa9]h[0xffffff80]e[0xffffffd0]*[0xffffffdf][0x1f][0xffffffef][0xffffffd3]e[0xffffffdf][0xffffffe8][0xffffffdd]B[0xfffffff1][0xffffffff][0xffffffd1][0xffffffbb][0xfffffff4][0xffffffe0]uy[0xffffffbe]}[0xffffffee]/S[0xffffff8e][0xffffffd8][0xffffffcb][0xfffffff5][0xffffffea][0xffffff97]~L[0xffffff9e]G[0xffffffd2][0xffffffe5][0x5][0x2]//[0xffffff89]ws[0xffffffe1][0xffffffe4][0xfffffff1][0xffffff92][0xffffffa7][\n]"
11:26:47.542 [main] DEBUG org.apache.hc.client5.http.wire -- http-outgoing-1 << "x[0xfffffffb][0xfffffffb][0xffffffc0][0xffffff98],^[0xffffffb2]T[0x1][0xffffffad][0xffffff83][0xffffffd4][0xffffff8a]9Y[0xffffffbc]d[0xffffffa9]<[0xe][0x13][0x1c]crx[0xffffffc9]Q9[0xfffffffc][0xffffff82]$[0xffffffda][0xffffff92][0xffffffc2]E[0xffffffeb] Q[0xffffffcc]2G=h[0xc][0xffffffa4]Te[0x18]T[0xffffff85][0xffffffc6]?z[0xffffffa6][0xffffffee][0xffffffce]=[0xffffffda]B[0xffffffa1][0xfffffff5][0xffffff8e]8Q[0xffffffc1][0xffffffb6][0xffffffb5][0xffffff8e][0xffffffa8][0xfffffff8][0x5][0xffffff9b][0xffffffd6]9[0xffffff86]Re[0xffffffd0][0xffffffad]oD[0xffffffb3][0xffffff91][0xffffffa9]j]#.Z[0xffffffc1][0xffffffb2]5[0xffffff8d][0xffffffe4][0xffffffc7]2[0x16][0xffffffad]g[0xfffffff4][0xffffffa5]p[0x1f]Z[0xffffffc7][0x8]P[0xffffffa8][0xffffffef][0xffffffec]b[0xffffffa6][0xffffffae]5[0xffffff8b]P6[0xffffffc6]Ck[0x15][0xffffffeb][0x12][0xffffffa1][0xffffff88][0xffffffdc]Y[0xffffffc5][0xc]M[0xffffffe3][0x14]}I[0xc][0xffffffc5][0xffffffe4][0xffffffce]'f[0xffffffa8][0xffffffee]mb[0xffffff86][0xffffffb2]q[0xffffff89][0xffffff96][0xffffffe7][0x17][0xffffff8d]I[0xffffffe4]TQ\[0xffffffee],b[0xffffff86][0xffffffbe]s[0xffffff88][0xffffff99][0xffffffba][0xffffffc6] :[0xffffff86][0xffffffd0][0xffffffd8]C_[0xffffffa6]G[0xffffffb5]Y[0xffffffdd]!g[0xffffff8f][0xffffff8a][0xffffffb3][0xffffff9a]C\[0xffffffe0]Buc[0xe][0xffffff81][0x7]U[0xffffff8d]7[0xfffffff4]e[0xffffffc3]Q~VkX7[0xb]5h[0xffffffb5][0xffffff86]|[0xffffffd6]Q[0xffffff87]Vg[0xffffffc8]'[0x1a][0xffffffb5][0xffffffa8]1[0xffffff86][0xffffffb2][0xffffff94][0xffffff8a][0xffffff82][0xffffffd4][0xfffffffa][0xffffffc2]2[0x17][0xffffffaa][0xffffffd2]j[0xb][0x1d][0xffffff8f]j[0x1b]W[0xffffffc8]G[0x19][0xffffffd5]i[0xfffffff5][0xffffff84][0xfffffff5]p[0xffffffa2]D5[0xffffff9e][0xffffff90]?5[0xffffffd4][0xffffffa9][0xffffffc6][0x12][0xffffffd6][0xffffffb9][0xffffff8a][0xffffff95]K[0xffffff81][\r]mP[0xffffff8c]\[0xe][0xffffff8a][0xffffff8f][0xffffffcb]A[0xffffffb1]q9(..[0x7][0xffffffc5][0xffffffc4][0xffffffe5][0xffffffa0]x[0xffffffb8][0x1c][0x14][0xb][0xffffff97][0x3][0xffffff99]=[[0xe]D[0x13][0x18][0xffffffca][0xffffff80]36[0xffffff94][0xffffff81].[0xfffffff3][0x18][0xffffffca]@[0xffffff95][0xffffffc5]0[0xffffff90][0xffffff83];[0xffffffd3]7[0x1f].[0xb])[0xffffffd8][0xfffffff0][0xffffffcb][0xfffffff1]ej4[0xfffffff0][0xffffffed]:![0xfffffff8]O[0x11]<N[0xffffffdf][0xffffffa6][0x13][0xffffff8d]:[0xffffffbe][0xfffffff1][0x8]I[0x11][0xffffffa7][0xfffffff3][0xffffffe3][0xffffffc7]uW[0xffffffd9]#[\r][0xffffffb2][0xffffffbb]-[0xffffffcb][0xffffffe9][0xffffffba][0xfffffffb][0xffffff9c][0xffffffbe][0x14]Q| [0xffffffba][0xfffffff6][0xffffffb5][0xffffffd2][0xffffffe3][0xffffffcd] }[0xffffffa1][0xffffffdc][0xffffffd5]J[0xffffff87][0xffffffa6][0x1b]W2S[0xffffffee]i[0xffffffa5]S[0xffffffe9] g[0xffffffca][0x1d][0xffffffad][0x4][0xffffff90][0xffffffd4]qf[0xffffffca][0xfffffffd][0xffffffac][0xffffffb4]x>p[0xfffffff5][0x12][0xffffffad][0xffffffdd][0xffffffac][0xffffffb4]([0xffffffb4][0xffffffae][0xffffffcc]V{Yi[0x0][0xffffffc7][0xffffff85]B[0xffffffb9][0xffffff93][0xffffffc5][0x1e][0xffffff80][0xffffffee][0xfffffff0][0xc][0xffffffb9][0xffffff8d][0xffffff95][0xffffffda][0xffffffd1][0xffffff8d]Y(7[0xffffffb1][0xffffffd8]"
11:26:47.543 [main] DEBUG org.apache.hc.client5.http.wire -- http-outgoing-1 << "[0xffffff8f]jT[0xffffffb0]B[0xffffffb9][0xffffff85][0xffffff95][\n]"
11:26:47.543 [main] DEBUG org.apache.hc.client5.http.wire -- http-outgoing-1 << "[0xffffffbf]T[0xffffffc7]#p[0x3][0xffffff8b][0x1d][0xffffff87][0xffffffa9]E[0xffffffd4][0xffffffee][0x15]o[0x3]K[0x1d]A[0xffffffa6][0xffffffdc][0xffffffbb]J%[0xffffffc5]:.w[0xffffffae]xYX[0xffffffea][0xffffff9f][0xffffff88]r[0xffffffdf][0xffffff8a][0xffffffd2]OB[0xffffff91]Y[0xffffffe9]Z%UW[0x16][0xffffff86][V,MUV[0x1a]V[0xffffffac][0xffffffc1]TV[0xffffffda]U[0xffffffcc][0xffffffaa][0xffffffce][0xffffffcc][0xffffffcd]j@[0xffffff8d][0xffffffd1]2[0xffffffa3][0xffffffd2][0xffffffa8][0x6]\z][0xffffff9e]*]j[0x10][0xffffffeb][0x4][0xffffffa5]C[0xfffffff5][0xffffffa4]t[0xffffffe5][0xffffffc5][0xffffffd2][0xffffff9d]z,,[0x13][0xffffffee]Li[0xffffffc7][0xfffffff3][0xffffffc6]pW[0xffffffea]pm[0xffffffcb]k[0xffffffdc][0xffffff92][0x2][0xffffff84][0xffffffb2]%[0xffffffdc][0xffffff8e][0x2][0x1e][0x9][0xffffffc8]k[0xffffffc1][0xffffffbd][0xffffffa8][0xffffffa5][0x5].O[0xffffff95]F[0xffffffd4]&[0xffffff83][0xffffff92][0x8]7[0xffffffa1]([\r][0xffffffb6][0xffffffcc][0xffffff87][0xffffffea][0xffffff95][0xffffffd5]3pN[0xffffffdc][0xffffff93][0xffffffe2]=[[0xffffffb6][0xffffffaa][0xfffffff6][0xffffffa3]X1[0xffffff9e][0xffffffbb][0xffffffc4]j3Jg6[0xffffff93][0xffffffd2][0xffffff88]*[0xffffffc7]G[0xffffff87]{P[0xffffffa5]+)[0xfffffffd]'[0xffffffc9]b![0xffffffa5][0xfffffff5][0xffffff94][0x1a]{[0xfffffff3][0xffffff8c][0xffffff8c][0xffffff89][0xffffffef][0xffffff97][0xffffffe9]q>_o[0xfffffffb][0xffffffd3]i:f[0xffffffa8]"[0xffffffd0][0xffffffcd][0xffffffae][0xfffffff3]912[0xffffffa2][0xffffff84][0xffffff81][\n]"
11:26:47.543 [main] DEBUG org.apache.hc.client5.http.wire -- http-outgoing-1 << "[0xffffffb9]|#"[0xffffffea]$[0xffffffde]vy?[0xffffffb4][0xffffff8f][0xfffffff8]a[0x19][0x1d]r[0xffffffa8]Htp[0xffffffa7]}>#[0xffffffd8][0xffffff87][0xffffffd1][0xffffff95][0xffffff8d]z[0xfffffffd][0xfffffff0][0xf][0xffffffe2][0x12][0xffffff8f][0xfffffff4]>[0x13][0x0][0x0]"
11:26:47.544 [main] DEBUG org.apache.hc.client5.http.impl.classic.InternalHttpClient -- ep-0000000002 releasing valid endpoint
11:26:47.544 [main] DEBUG org.apache.hc.client5.http.impl.io.PoolingHttpClientConnectionManager -- ep-0000000002 releasing endpoint
11:26:47.544 [main] DEBUG org.apache.hc.client5.http.impl.io.PoolingHttpClientConnectionManager -- ep-0000000002 connection http-outgoing-1 can be kept alive for 3 MINUTES
11:26:47.545 [main] DEBUG org.apache.hc.client5.http.impl.io.PoolingHttpClientConnectionManager -- ep-0000000002 connection released [route: {s}->https://raw.githubusercontent.com:443][total available: 1; route allocated: 1 of 5; total allocated: 2 of 25]
11:26:47.545 [main] DEBUG io.github.bonigarcia.wdm.versions.VersionDetector -- Driver for chrome120.0.6099.63 not found in online properties (using local versions.properties)
11:26:47.547 [main] DEBUG io.github.bonigarcia.wdm.WebDriverManager -- The driver version for CHROME 120.0.6099.63 is unknown ... trying with latest
11:26:47.552 [main] DEBUG org.apache.hc.client5.http.impl.classic.InternalHttpClient -- ex-0000000003 preparing request execution
11:26:47.553 [main] DEBUG org.apache.hc.client5.http.impl.classic.ProtocolExec -- ex-0000000003 target auth state: UNCHALLENGED
11:26:47.553 [main] DEBUG org.apache.hc.client5.http.impl.classic.ProtocolExec -- ex-0000000003 proxy auth state: UNCHALLENGED
11:26:47.553 [main] DEBUG org.apache.hc.client5.http.impl.classic.ConnectExec -- ex-0000000003 acquiring connection with route {s}->https://googlechromelabs.github.io:443
11:26:47.554 [main] DEBUG org.apache.hc.client5.http.impl.classic.InternalHttpClient -- ex-0000000003 acquiring endpoint (3 MINUTES)
11:26:47.554 [main] DEBUG org.apache.hc.client5.http.impl.io.PoolingHttpClientConnectionManager -- ex-0000000003 endpoint lease request (3 MINUTES) [route: {s}->https://googlechromelabs.github.io:443][total available: 1; route allocated: 1 of 5; total allocated: 2 of 25]
11:26:47.556 [main] DEBUG org.apache.hc.client5.http.impl.io.PoolingHttpClientConnectionManager -- ex-0000000003 endpoint leased [route: {s}->https://googlechromelabs.github.io:443][total available: 1; route allocated: 2 of 5; total allocated: 3 of 25]
11:26:47.556 [main] DEBUG org.apache.hc.client5.http.impl.io.PoolingHttpClientConnectionManager -- ex-0000000003 acquired ep-0000000003
11:26:47.556 [main] DEBUG org.apache.hc.client5.http.impl.classic.InternalHttpClient -- ex-0000000003 acquired endpoint ep-0000000003
11:26:47.556 [main] DEBUG org.apache.hc.client5.http.impl.classic.ConnectExec -- ex-0000000003 opening connection {s}->https://googlechromelabs.github.io:443
11:26:47.556 [main] DEBUG org.apache.hc.client5.http.impl.classic.InternalHttpClient -- ep-0000000003 connecting endpoint (null)
11:26:47.556 [main] DEBUG org.apache.hc.client5.http.impl.io.PoolingHttpClientConnectionManager -- ep-0000000003 connecting endpoint to https://googlechromelabs.github.io:443 (30 SECONDS)
11:26:47.556 [main] DEBUG org.apache.hc.client5.http.impl.io.DefaultHttpClientConnectionOperator -- googlechromelabs.github.io resolving remote address
11:26:47.556 [main] DEBUG org.apache.hc.client5.http.impl.io.DefaultHttpClientConnectionOperator -- googlechromelabs.github.io resolved to [googlechromelabs.github.io/185.199.108.153, googlechromelabs.github.io/185.199.111.153, googlechromelabs.github.io/185.199.110.153, googlechromelabs.github.io/185.199.109.153]
11:26:47.557 [main] DEBUG org.apache.hc.client5.http.impl.io.DefaultHttpClientConnectionOperator -- googlechromelabs.github.io:443 connecting null->googlechromelabs.github.io/185.199.108.153:443 (30 SECONDS)
11:26:47.557 [main] DEBUG org.apache.hc.client5.http.ssl.SSLConnectionSocketFactory -- Connecting socket to googlechromelabs.github.io/185.199.108.153:443 with timeout 30 SECONDS
11:26:47.597 [main] DEBUG org.apache.hc.client5.http.ssl.SSLConnectionSocketFactory -- Enabled protocols: [TLSv1.3, TLSv1.2]
11:26:47.598 [main] DEBUG org.apache.hc.client5.http.ssl.SSLConnectionSocketFactory -- Enabled cipher suites: [TLS_AES_256_GCM_SHA384, TLS_AES_128_GCM_SHA256, TLS_CHACHA20_POLY1305_SHA256, TLS_ECDHE_ECDSA_WITH_AES_256_GCM_SHA384, TLS_ECDHE_ECDSA_WITH_AES_128_GCM_SHA256, TLS_ECDHE_ECDSA_WITH_CHACHA20_POLY1305_SHA256, TLS_ECDHE_RSA_WITH_AES_256_GCM_SHA384, TLS_ECDHE_RSA_WITH_CHACHA20_POLY1305_SHA256, TLS_ECDHE_RSA_WITH_AES_128_GCM_SHA256, TLS_DHE_RSA_WITH_AES_256_GCM_SHA384, TLS_DHE_RSA_WITH_CHACHA20_POLY1305_SHA256, TLS_DHE_DSS_WITH_AES_256_GCM_SHA384, TLS_DHE_RSA_WITH_AES_128_GCM_SHA256, TLS_DHE_DSS_WITH_AES_128_GCM_SHA256, TLS_ECDHE_ECDSA_WITH_AES_256_CBC_SHA384, TLS_ECDHE_RSA_WITH_AES_256_CBC_SHA384, TLS_ECDHE_ECDSA_WITH_AES_128_CBC_SHA256, TLS_ECDHE_RSA_WITH_AES_128_CBC_SHA256, TLS_DHE_RSA_WITH_AES_256_CBC_SHA256, TLS_DHE_DSS_WITH_AES_256_CBC_SHA256, TLS_DHE_RSA_WITH_AES_128_CBC_SHA256, TLS_DHE_DSS_WITH_AES_128_CBC_SHA256, TLS_ECDHE_ECDSA_WITH_AES_256_CBC_SHA, TLS_ECDHE_RSA_WITH_AES_256_CBC_SHA, TLS_ECDHE_ECDSA_WITH_AES_128_CBC_SHA, TLS_ECDHE_RSA_WITH_AES_128_CBC_SHA, TLS_DHE_RSA_WITH_AES_256_CBC_SHA, TLS_DHE_DSS_WITH_AES_256_CBC_SHA, TLS_DHE_RSA_WITH_AES_128_CBC_SHA, TLS_DHE_DSS_WITH_AES_128_CBC_SHA, TLS_RSA_WITH_AES_256_GCM_SHA384, TLS_RSA_WITH_AES_128_GCM_SHA256, TLS_RSA_WITH_AES_256_CBC_SHA256, TLS_RSA_WITH_AES_128_CBC_SHA256, TLS_RSA_WITH_AES_256_CBC_SHA, TLS_RSA_WITH_AES_128_CBC_SHA, TLS_EMPTY_RENEGOTIATION_INFO_SCSV]
11:26:47.598 [main] DEBUG org.apache.hc.client5.http.ssl.SSLConnectionSocketFactory -- Starting handshake (null)
11:26:47.663 [main] DEBUG org.apache.hc.client5.http.ssl.SSLConnectionSocketFactory -- Secure session established
11:26:47.664 [main] DEBUG org.apache.hc.client5.http.ssl.SSLConnectionSocketFactory --  negotiated protocol: TLSv1.3
11:26:47.664 [main] DEBUG org.apache.hc.client5.http.ssl.SSLConnectionSocketFactory --  negotiated cipher suite: TLS_AES_128_GCM_SHA256
11:26:47.664 [main] DEBUG org.apache.hc.client5.http.ssl.SSLConnectionSocketFactory --  peer principal: CN=*.github.io, O="GitHub, Inc.", L=San Francisco, ST=California, C=US
11:26:47.664 [main] DEBUG org.apache.hc.client5.http.ssl.SSLConnectionSocketFactory --  peer alternative names: [*.github.io, github.io, *.github.com, github.com, www.github.com, *.githubusercontent.com, githubusercontent.com]
11:26:47.664 [main] DEBUG org.apache.hc.client5.http.ssl.SSLConnectionSocketFactory --  issuer principal: CN=DigiCert TLS RSA SHA256 2020 CA1, O=DigiCert Inc, C=US
11:26:47.664 [main] DEBUG org.apache.hc.client5.http.impl.io.DefaultManagedHttpClientConnection -- http-outgoing-2 set socket timeout to 3 MINUTES
11:26:47.664 [main] DEBUG org.apache.hc.client5.http.impl.io.DefaultHttpClientConnectionOperator -- googlechromelabs.github.io:443 connected null->googlechromelabs.github.io/185.199.108.153:443 as http-outgoing-2
11:26:47.664 [main] DEBUG org.apache.hc.client5.http.impl.io.PoolingHttpClientConnectionManager -- ep-0000000003 connected http-outgoing-2
11:26:47.664 [main] DEBUG org.apache.hc.client5.http.impl.classic.InternalHttpClient -- ep-0000000003 endpoint connected
11:26:47.664 [main] DEBUG org.apache.hc.client5.http.impl.classic.MainClientExec -- ex-0000000003 executing GET /chrome-for-testing/last-known-good-versions-with-downloads.json HTTP/1.1
11:26:47.664 [main] DEBUG org.apache.hc.client5.http.protocol.RequestAddCookies -- ex-0000000003 Cookie spec selected: strict
11:26:47.665 [main] DEBUG org.apache.hc.client5.http.impl.classic.InternalHttpClient -- ep-0000000003 start execution ex-0000000003
11:26:47.665 [main] DEBUG org.apache.hc.client5.http.impl.io.PoolingHttpClientConnectionManager -- ep-0000000003 executing exchange ex-0000000003 over http-outgoing-2
11:26:47.665 [main] DEBUG org.apache.hc.client5.http.headers -- http-outgoing-2 >> GET /chrome-for-testing/last-known-good-versions-with-downloads.json HTTP/1.1
11:26:47.665 [main] DEBUG org.apache.hc.client5.http.headers -- http-outgoing-2 >> user-agent: Apache-HttpClient/5.0
11:26:47.665 [main] DEBUG org.apache.hc.client5.http.headers -- http-outgoing-2 >> accept-encoding: gzip, deflate, br
11:26:47.665 [main] DEBUG org.apache.hc.client5.http.headers -- http-outgoing-2 >> cache-control: max-age=0
11:26:47.665 [main] DEBUG org.apache.hc.client5.http.headers -- http-outgoing-2 >> connection: keep-alive
11:26:47.665 [main] DEBUG org.apache.hc.client5.http.headers -- http-outgoing-2 >> Host: googlechromelabs.github.io
11:26:47.665 [main] DEBUG org.apache.hc.client5.http.wire -- http-outgoing-2 >> "GET /chrome-for-testing/last-known-good-versions-with-downloads.json HTTP/1.1[\r][\n]"
11:26:47.665 [main] DEBUG org.apache.hc.client5.http.wire -- http-outgoing-2 >> "user-agent: Apache-HttpClient/5.0[\r][\n]"
11:26:47.665 [main] DEBUG org.apache.hc.client5.http.wire -- http-outgoing-2 >> "accept-encoding: gzip, deflate, br[\r][\n]"
11:26:47.665 [main] DEBUG org.apache.hc.client5.http.wire -- http-outgoing-2 >> "cache-control: max-age=0[\r][\n]"
11:26:47.666 [main] DEBUG org.apache.hc.client5.http.wire -- http-outgoing-2 >> "connection: keep-alive[\r][\n]"
11:26:47.666 [main] DEBUG org.apache.hc.client5.http.wire -- http-outgoing-2 >> "Host: googlechromelabs.github.io[\r][\n]"
11:26:47.666 [main] DEBUG org.apache.hc.client5.http.wire -- http-outgoing-2 >> "[\r][\n]"
11:26:47.706 [main] DEBUG org.apache.hc.client5.http.wire -- http-outgoing-2 << "HTTP/1.1 200 OK[\r][\n]"
11:26:47.706 [main] DEBUG org.apache.hc.client5.http.wire -- http-outgoing-2 << "Connection: keep-alive[\r][\n]"
11:26:47.706 [main] DEBUG org.apache.hc.client5.http.wire -- http-outgoing-2 << "Content-Length: 639[\r][\n]"
11:26:47.707 [main] DEBUG org.apache.hc.client5.http.wire -- http-outgoing-2 << "Server: GitHub.com[\r][\n]"
11:26:47.707 [main] DEBUG org.apache.hc.client5.http.wire -- http-outgoing-2 << "Content-Type: application/json; charset=utf-8[\r][\n]"
11:26:47.707 [main] DEBUG org.apache.hc.client5.http.wire -- http-outgoing-2 << "permissions-policy: interest-cohort=()[\r][\n]"
11:26:47.707 [main] DEBUG org.apache.hc.client5.http.wire -- http-outgoing-2 << "x-origin-cache: HIT[\r][\n]"
11:26:47.707 [main] DEBUG org.apache.hc.client5.http.wire -- http-outgoing-2 << "Last-Modified: Thu, 21 Dec 2023 10:09:07 GMT[\r][\n]"
11:26:47.707 [main] DEBUG org.apache.hc.client5.http.wire -- http-outgoing-2 << "Access-Control-Allow-Origin: *[\r][\n]"
11:26:47.707 [main] DEBUG org.apache.hc.client5.http.wire -- http-outgoing-2 << "Strict-Transport-Security: max-age=31556952[\r][\n]"
11:26:47.707 [main] DEBUG org.apache.hc.client5.http.wire -- http-outgoing-2 << "ETag: W/"65840ec3-22ac"[\r][\n]"
11:26:47.707 [main] DEBUG org.apache.hc.client5.http.wire -- http-outgoing-2 << "expires: Thu, 21 Dec 2023 10:19:26 GMT[\r][\n]"
11:26:47.707 [main] DEBUG org.apache.hc.client5.http.wire -- http-outgoing-2 << "Cache-Control: max-age=600[\r][\n]"
11:26:47.707 [main] DEBUG org.apache.hc.client5.http.wire -- http-outgoing-2 << "Content-Encoding: gzip[\r][\n]"
11:26:47.707 [main] DEBUG org.apache.hc.client5.http.wire -- http-outgoing-2 << "x-proxy-cache: HIT[\r][\n]"
11:26:47.707 [main] DEBUG org.apache.hc.client5.http.wire -- http-outgoing-2 << "X-GitHub-Request-Id: B6B0:13CF72:40DE00C:4208092:65840FDC[\r][\n]"
11:26:47.707 [main] DEBUG org.apache.hc.client5.http.wire -- http-outgoing-2 << "Accept-Ranges: bytes[\r][\n]"
11:26:47.707 [main] DEBUG org.apache.hc.client5.http.wire -- http-outgoing-2 << "Date: Thu, 21 Dec 2023 10:26:50 GMT[\r][\n]"
11:26:47.707 [main] DEBUG org.apache.hc.client5.http.wire -- http-outgoing-2 << "Via: 1.1 varnish[\r][\n]"
11:26:47.707 [main] DEBUG org.apache.hc.client5.http.wire -- http-outgoing-2 << "Age: 20[\r][\n]"
11:26:47.707 [main] DEBUG org.apache.hc.client5.http.wire -- http-outgoing-2 << "X-Served-By: cache-mad22020-MAD[\r][\n]"
11:26:47.707 [main] DEBUG org.apache.hc.client5.http.wire -- http-outgoing-2 << "X-Cache: HIT[\r][\n]"
11:26:47.708 [main] DEBUG org.apache.hc.client5.http.wire -- http-outgoing-2 << "X-Cache-Hits: 1[\r][\n]"
11:26:47.708 [main] DEBUG org.apache.hc.client5.http.wire -- http-outgoing-2 << "X-Timer: S1703154410.365720,VS0,VE1[\r][\n]"
11:26:47.708 [main] DEBUG org.apache.hc.client5.http.wire -- http-outgoing-2 << "Vary: Accept-Encoding[\r][\n]"
11:26:47.708 [main] DEBUG org.apache.hc.client5.http.wire -- http-outgoing-2 << "X-Fastly-Request-ID: f92c6211a8596ff2df340f1d5097a07cf84eb72f[\r][\n]"
11:26:47.708 [main] DEBUG org.apache.hc.client5.http.wire -- http-outgoing-2 << "[\r][\n]"
11:26:47.708 [main] DEBUG org.apache.hc.client5.http.headers -- http-outgoing-2 << HTTP/1.1 200 OK
11:26:47.708 [main] DEBUG org.apache.hc.client5.http.headers -- http-outgoing-2 << Connection: keep-alive
11:26:47.708 [main] DEBUG org.apache.hc.client5.http.headers -- http-outgoing-2 << Content-Length: 639
11:26:47.708 [main] DEBUG org.apache.hc.client5.http.headers -- http-outgoing-2 << Server: GitHub.com
11:26:47.709 [main] DEBUG org.apache.hc.client5.http.headers -- http-outgoing-2 << Content-Type: application/json; charset=utf-8
11:26:47.709 [main] DEBUG org.apache.hc.client5.http.headers -- http-outgoing-2 << permissions-policy: interest-cohort=()
11:26:47.709 [main] DEBUG org.apache.hc.client5.http.headers -- http-outgoing-2 << x-origin-cache: HIT
11:26:47.709 [main] DEBUG org.apache.hc.client5.http.headers -- http-outgoing-2 << Last-Modified: Thu, 21 Dec 2023 10:09:07 GMT
11:26:47.709 [main] DEBUG org.apache.hc.client5.http.headers -- http-outgoing-2 << Access-Control-Allow-Origin: *
11:26:47.709 [main] DEBUG org.apache.hc.client5.http.headers -- http-outgoing-2 << Strict-Transport-Security: max-age=31556952
11:26:47.709 [main] DEBUG org.apache.hc.client5.http.headers -- http-outgoing-2 << ETag: W/"65840ec3-22ac"
11:26:47.709 [main] DEBUG org.apache.hc.client5.http.headers -- http-outgoing-2 << expires: Thu, 21 Dec 2023 10:19:26 GMT
11:26:47.709 [main] DEBUG org.apache.hc.client5.http.headers -- http-outgoing-2 << Cache-Control: max-age=600
11:26:47.709 [main] DEBUG org.apache.hc.client5.http.headers -- http-outgoing-2 << Content-Encoding: gzip
11:26:47.709 [main] DEBUG org.apache.hc.client5.http.headers -- http-outgoing-2 << x-proxy-cache: HIT
11:26:47.709 [main] DEBUG org.apache.hc.client5.http.headers -- http-outgoing-2 << X-GitHub-Request-Id: B6B0:13CF72:40DE00C:4208092:65840FDC
11:26:47.709 [main] DEBUG org.apache.hc.client5.http.headers -- http-outgoing-2 << Accept-Ranges: bytes
11:26:47.709 [main] DEBUG org.apache.hc.client5.http.headers -- http-outgoing-2 << Date: Thu, 21 Dec 2023 10:26:50 GMT
11:26:47.709 [main] DEBUG org.apache.hc.client5.http.headers -- http-outgoing-2 << Via: 1.1 varnish
11:26:47.709 [main] DEBUG org.apache.hc.client5.http.headers -- http-outgoing-2 << Age: 20
11:26:47.709 [main] DEBUG org.apache.hc.client5.http.headers -- http-outgoing-2 << X-Served-By: cache-mad22020-MAD
11:26:47.709 [main] DEBUG org.apache.hc.client5.http.headers -- http-outgoing-2 << X-Cache: HIT
11:26:47.709 [main] DEBUG org.apache.hc.client5.http.headers -- http-outgoing-2 << X-Cache-Hits: 1
11:26:47.709 [main] DEBUG org.apache.hc.client5.http.headers -- http-outgoing-2 << X-Timer: S1703154410.365720,VS0,VE1
11:26:47.710 [main] DEBUG org.apache.hc.client5.http.headers -- http-outgoing-2 << Vary: Accept-Encoding
11:26:47.710 [main] DEBUG org.apache.hc.client5.http.headers -- http-outgoing-2 << X-Fastly-Request-ID: f92c6211a8596ff2df340f1d5097a07cf84eb72f
11:26:47.710 [main] DEBUG org.apache.hc.client5.http.impl.classic.MainClientExec -- ex-0000000003 connection can be kept alive for 3 MINUTES
11:26:47.766 [main] DEBUG org.apache.hc.client5.http.wire -- http-outgoing-2 << "[0x1f][0xffffff8b][0x8][0x0][0x0][0x0][0x0][0x0][0x0][0x3][0xffffffcd][0xffffff96][0xffffffcb][0xffffff8e][0xffffff9b]0[0x14][0xffffff86][0xfffffff7]}[0xc][0xffffffaf][0xffffffb9][0xffffffd9]D[0x10]XN[0xfffffffb][0x6][0xffffffed][0xffffffaa]U[0x17]np[0x13]$[0x3][0x11]x2m#[0xffffffde][0xffffffbd][0xffffff86][0x18][0xffffff86][0xffffff8b][0xffffffcd][0xffffffac][0xffffffe2][0xffffffc3][0xffffff8a][0xffffffe4]`[0xffffffce][0xfffffff9]A[0xffffff9f][0xffffff8e][0xffffffbe];[0x12]y[0xffffffc1][0x1a]A[0xffffff8b]+J[0x11][0x9]H[0xffffffe8]b[0xffffffe2][0xffffff92][0xffffffe0][0x1b]!ipL[0xf][0xffffff81][0x17][0xffffffc5][0xffffffc7][0xffffffef][0xffffffc8]A[0xffffffa7][0xb]-K[0xffffffc6][0x1b][0xffffff94][0xffffffde][0xffffffd1]WA[0x7f]q[0xffffffd6][0xfffffffd]RU[0xfffffff9][0xffffffa8][0xffffffaa]9[0xffffffe8][0xffffffc6][0xffffffea]&[0xffffffaf]JY[0xffffffc2]$[0xfffffff0][0xffffffe4][0xfffffff3]A[0xffffff92]x8H[0xffffffe4][0xffffffad][0xffffff9a][0xffffffdd][0xfffffff2][0xfffffff1][0x1e][0xffffff8e][0xffffffc3][0xffffff88][0xffffffc8]bV[0xffffffbd][0xffffff95][0xffffffbc][0xffffffa2]Y[0xfffffff3][0xffffffe8]WW[0xffffff85][0xffffffec][0xfffffffc][0xffffffe3][0xffffff8e][0xffffffae][0xffffff9c][0xffffff8a][0xffffffdf]U][0xffffffc8][0xffffffc3]</_[0xffffffff]D[0x7]y[0xfffffff8][0xffffffb5][0xffffffee]f][0xffffff84][0xffffffb8]6[0xffffffa9][0xffffffef][0xffffffb3][0xffffffec][0xffffffcc]2[0xffffffee][0x15][0xffffffcc];[0xffffffdf][0x4][0xfffffff6]NU[0xffffffa1]J[0xfffffffe][0xffffffa3][0xffffff8f][0xffffffba][0xffffffb8][0xffffffb2][0xffffff8d]+[0xffffffe4]K[0xffffffe6][0xffffffe5][0xffffffd9][0xffffff9f][0xffffff87][0xfffffff2]U[0xffffffeb][0xffffffe1][0xffffffa4][0xfffffffa][0xffffffeb][0xfffffffd][0xffffffcb][0xffffffaf][0xffffffa8]uf![\n]"
11:26:47.766 [main] DEBUG org.apache.hc.client5.http.wire -- http-outgoing-2 << "zri]<'[0xffffffc6][0xffffffd8]|8;[0x16]LQ[0xffffff9e][0xfffffff4]=T[0xffffffeb]i[0xc][0xffffffc3][0xfffffff7]x[0xffffffcb][0xffffffcb][0xffffff90]<#B[0xffffffdf]x8[0xffffffd7][0xffffffff]1[0xffffff8c][0x7f][0xffffffce][0x17][0xffffffe8][0x1b]O[0xffffffc6][0xf]o[0xffffffff][0xffffffd3]Qtfu.[0x19][0x7]c[0xfffffff4]1~7[0xffffffa4][0xffffffaa]8[0xfffffffb][0xffffffe0]u[0x12][0x6][0xffffff92]Z[0x15][0x3][0xffffff96][0xffffffdd][0xfffffff7][0x10]+[0xffffff82][0xffffffdd][0xb][0xffffffa3][0x19]gM[0xffffffe3]6[0x17][0xffffffc6]9[0x18][0xffffffca][0xffffff8b][0x1c][0xffffffbb]az[0xffffff99]k[0x1f]p[0xffffffeb]RAR[0xffffffbe][0xffffffcc][0x3][0xffffff8b][0xffffffbb]&[0xffffffcd][0xffffffc8]}[0xffffffdb]:[0xffffffe8][0xffffff85][0x9]:7[0xffffff96][0xffffffbe]2[0xfffffff7][0x15][0xffffffdc]u[0xffffffc7]Q[0xffffffec][0xffffffe1]h[0xffffffa9]+a[0xffffff88][0xffffff83][0x18]BW&[0xffffff99][0x0]me[0xffffff9a][0x2]RV[0xffffff96]9[0xffffffec][0xffffffbb][0xffffffca]4[0xffffff81]}UYL[0xffffff87]7[0x15]3[0xffffff9e][0xfffffff6]Ee[0xb]R[0xfffffffb][0xffffff9e]bF[0xffffffd5][0xffffffae][0xffffffa6][0xffffff98][0xffffff80][0xffffffb5]i)&l[0xfffffff7]")[0x1b]K[0x16][0xffffffce]Q6w.[0xffffff9c][0xffffffa2]l[0xffffffac]`[0x18]C1nd[0x8]A1.[0xffffffe8][0xf][0xfffffffc][0xffffffe4][0xb][0xffffffbb][0xffffffcd][0xfffffff5][0xffffffa4]+[0xffffffcc][0xffffffed][0xffffff84][0xfffffff4][0xffffffad][0xffffff8f][0xfffffff2][0xffffffb2][0xffffff92][0xffffff93](>[0x1c]![0xffffffe4][0xffffffe4]=[0x12][0xffffffa0][0xffffff9b]LB@[0xffffffaa][0xffffffc9]"[0xffffff86]}3[0xffffff99][0x4][0xffffffb0]/&[0xfffffff3][0xffffffe1][0xfffffff0]^b$[0xffffffd3][0xffffffbe][0xffffff96]l[0xfffffff0]i[0xffffffdf]J[0xffffff8c][0xffffff94][0xffffffda][0xffffff95][0x12][0x3][0xffffffab]6[0xffffff9d][0xffffffc4]@[0xffffffec]^[0xffffff94][0xffffffc4][0xffffffbc]Z[0xffffffe1][0xffffff8c]dk[0xffffffd3][0xffffffc2][0x9][0xffffff89]y[0xfffffff1][0xffffffc2][0xfffffff8][0xffffff88]i[0xf]C[0xffffffe8][0xffffff88]i-[0x7f]`#[0xffffff9f]iI[0xffffffeb][0xffffffbf]s!Q5[0xffffff9d][0xffffff93]$[0xffffffb1][0xffffffc6]I[0xffffff92][0xffffffe8][0xffffff80][0xffffffe1][0xffffff9c][0xffffffa4][0xffffff8b][0x4][0xffffffee]$}[0x8]x'[0x19]c@9I[0x1f][0x0][0xffffffca]I[0xffffff86][0xffffffe1]{q[0x12][\r][0xffffff99]PN[0xffffffa2][0xffffffe5][0x13][0xffffffca]I4[0xffffff94]B8[0xffffffc9][0xffffff8a]U[0xfffffffb]N[0xffffffb2]"v_N[0xffffffa2][[0xffffffad][0xffffffd0]N[0xffffffa2][0xffffffdf][0xffffffb4][0xffffffd0]N[0xffffffa2][[0xffffffbc][0xffffff90]N[0xffffffb2][0xffffffde][0xffffffc3]pN[0xffffffb2]^[0xffffffcb][0xffffff9b]N[0xffffffd2][0xffffffb6][0xffffff9f][0xfffffffe][0x3][0x1f][0x19][0xb]V[0xffffffac]"[0x0][0x0]"
11:26:47.790 [main] DEBUG org.apache.hc.client5.http.impl.classic.InternalHttpClient -- ep-0000000003 releasing valid endpoint
11:26:47.790 [main] DEBUG org.apache.hc.client5.http.impl.io.PoolingHttpClientConnectionManager -- ep-0000000003 releasing endpoint
11:26:47.791 [main] DEBUG org.apache.hc.client5.http.impl.io.PoolingHttpClientConnectionManager -- ep-0000000003 connection http-outgoing-2 can be kept alive for 3 MINUTES
11:26:47.791 [main] DEBUG org.apache.hc.client5.http.impl.io.PoolingHttpClientConnectionManager -- ep-0000000003 connection released [route: {s}->https://googlechromelabs.github.io:443][total available: 2; route allocated: 2 of 5; total allocated: 3 of 25]
11:26:47.812 [main] DEBUG io.github.bonigarcia.wdm.WebDriverManager -- Driver chromedriver 120.0.6099.109 found in cache
11:26:47.813 [main] INFO io.github.bonigarcia.wdm.WebDriverManager -- Exporting webdriver.chrome.driver as C:\Users\info\.cache\selenium\chromedriver\win64\120.0.6099.109\chromedriver.exe
11:26:50.855 [main] DEBUG io.github.bonigarcia.wdm.WebDriverManager -- Using WebDriverManager 5.6.2
11:26:50.876 [main] WARN io.github.bonigarcia.wdm.versions.VersionDetector -- Exception reading CfT URL ('null') to get version of chromedriver (For input string: "120.0.6099.63")
11:26:50.876 [main] DEBUG org.apache.hc.client5.http.impl.classic.InternalHttpClient -- ex-0000000004 preparing request execution
11:26:50.877 [main] DEBUG org.apache.hc.client5.http.impl.classic.ProtocolExec -- ex-0000000004 target auth state: UNCHALLENGED
11:26:50.877 [main] DEBUG org.apache.hc.client5.http.impl.classic.ProtocolExec -- ex-0000000004 proxy auth state: UNCHALLENGED
11:26:50.877 [main] DEBUG org.apache.hc.client5.http.impl.classic.ConnectExec -- ex-0000000004 acquiring connection with route {s}->https://googlechromelabs.github.io:443
11:26:50.877 [main] DEBUG org.apache.hc.client5.http.impl.classic.InternalHttpClient -- ex-0000000004 acquiring endpoint (3 MINUTES)
11:26:50.877 [main] DEBUG org.apache.hc.client5.http.impl.io.PoolingHttpClientConnectionManager -- ex-0000000004 endpoint lease request (3 MINUTES) [route: {s}->https://googlechromelabs.github.io:443][total available: 0; route allocated: 0 of 5; total allocated: 0 of 25]
11:26:50.877 [main] DEBUG org.apache.hc.client5.http.impl.io.PoolingHttpClientConnectionManager -- ex-0000000004 endpoint leased [route: {s}->https://googlechromelabs.github.io:443][total available: 0; route allocated: 1 of 5; total allocated: 1 of 25]
11:26:50.877 [main] DEBUG org.apache.hc.client5.http.impl.io.PoolingHttpClientConnectionManager -- ex-0000000004 acquired ep-0000000004
11:26:50.877 [main] DEBUG org.apache.hc.client5.http.impl.classic.InternalHttpClient -- ex-0000000004 acquired endpoint ep-0000000004
11:26:50.877 [main] DEBUG org.apache.hc.client5.http.impl.classic.ConnectExec -- ex-0000000004 opening connection {s}->https://googlechromelabs.github.io:443
11:26:50.877 [main] DEBUG org.apache.hc.client5.http.impl.classic.InternalHttpClient -- ep-0000000004 connecting endpoint (null)
11:26:50.878 [main] DEBUG org.apache.hc.client5.http.impl.io.PoolingHttpClientConnectionManager -- ep-0000000004 connecting endpoint to https://googlechromelabs.github.io:443 (30 SECONDS)
11:26:50.878 [main] DEBUG org.apache.hc.client5.http.impl.io.DefaultHttpClientConnectionOperator -- googlechromelabs.github.io resolving remote address
11:26:50.878 [main] DEBUG org.apache.hc.client5.http.impl.io.DefaultHttpClientConnectionOperator -- googlechromelabs.github.io resolved to [googlechromelabs.github.io/185.199.108.153, googlechromelabs.github.io/185.199.111.153, googlechromelabs.github.io/185.199.110.153, googlechromelabs.github.io/185.199.109.153]
11:26:50.878 [main] DEBUG org.apache.hc.client5.http.impl.io.DefaultHttpClientConnectionOperator -- googlechromelabs.github.io:443 connecting null->googlechromelabs.github.io/185.199.108.153:443 (30 SECONDS)
11:26:50.878 [main] DEBUG org.apache.hc.client5.http.ssl.SSLConnectionSocketFactory -- Connecting socket to googlechromelabs.github.io/185.199.108.153:443 with timeout 30 SECONDS
11:26:50.917 [main] DEBUG org.apache.hc.client5.http.ssl.SSLConnectionSocketFactory -- Enabled protocols: [TLSv1.3, TLSv1.2]
11:26:50.917 [main] DEBUG org.apache.hc.client5.http.ssl.SSLConnectionSocketFactory -- Enabled cipher suites: [TLS_AES_256_GCM_SHA384, TLS_AES_128_GCM_SHA256, TLS_CHACHA20_POLY1305_SHA256, TLS_ECDHE_ECDSA_WITH_AES_256_GCM_SHA384, TLS_ECDHE_ECDSA_WITH_AES_128_GCM_SHA256, TLS_ECDHE_ECDSA_WITH_CHACHA20_POLY1305_SHA256, TLS_ECDHE_RSA_WITH_AES_256_GCM_SHA384, TLS_ECDHE_RSA_WITH_CHACHA20_POLY1305_SHA256, TLS_ECDHE_RSA_WITH_AES_128_GCM_SHA256, TLS_DHE_RSA_WITH_AES_256_GCM_SHA384, TLS_DHE_RSA_WITH_CHACHA20_POLY1305_SHA256, TLS_DHE_DSS_WITH_AES_256_GCM_SHA384, TLS_DHE_RSA_WITH_AES_128_GCM_SHA256, TLS_DHE_DSS_WITH_AES_128_GCM_SHA256, TLS_ECDHE_ECDSA_WITH_AES_256_CBC_SHA384, TLS_ECDHE_RSA_WITH_AES_256_CBC_SHA384, TLS_ECDHE_ECDSA_WITH_AES_128_CBC_SHA256, TLS_ECDHE_RSA_WITH_AES_128_CBC_SHA256, TLS_DHE_RSA_WITH_AES_256_CBC_SHA256, TLS_DHE_DSS_WITH_AES_256_CBC_SHA256, TLS_DHE_RSA_WITH_AES_128_CBC_SHA256, TLS_DHE_DSS_WITH_AES_128_CBC_SHA256, TLS_ECDHE_ECDSA_WITH_AES_256_CBC_SHA, TLS_ECDHE_RSA_WITH_AES_256_CBC_SHA, TLS_ECDHE_ECDSA_WITH_AES_128_CBC_SHA, TLS_ECDHE_RSA_WITH_AES_128_CBC_SHA, TLS_DHE_RSA_WITH_AES_256_CBC_SHA, TLS_DHE_DSS_WITH_AES_256_CBC_SHA, TLS_DHE_RSA_WITH_AES_128_CBC_SHA, TLS_DHE_DSS_WITH_AES_128_CBC_SHA, TLS_RSA_WITH_AES_256_GCM_SHA384, TLS_RSA_WITH_AES_128_GCM_SHA256, TLS_RSA_WITH_AES_256_CBC_SHA256, TLS_RSA_WITH_AES_128_CBC_SHA256, TLS_RSA_WITH_AES_256_CBC_SHA, TLS_RSA_WITH_AES_128_CBC_SHA, TLS_EMPTY_RENEGOTIATION_INFO_SCSV]
11:26:50.917 [main] DEBUG org.apache.hc.client5.http.ssl.SSLConnectionSocketFactory -- Starting handshake (null)
11:26:50.975 [main] DEBUG org.apache.hc.client5.http.ssl.SSLConnectionSocketFactory -- Secure session established
11:26:50.975 [main] DEBUG org.apache.hc.client5.http.ssl.SSLConnectionSocketFactory --  negotiated protocol: TLSv1.3
11:26:50.976 [main] DEBUG org.apache.hc.client5.http.ssl.SSLConnectionSocketFactory --  negotiated cipher suite: TLS_AES_128_GCM_SHA256
11:26:50.976 [main] DEBUG org.apache.hc.client5.http.ssl.SSLConnectionSocketFactory --  peer principal: CN=*.github.io, O="GitHub, Inc.", L=San Francisco, ST=California, C=US
11:26:50.976 [main] DEBUG org.apache.hc.client5.http.ssl.SSLConnectionSocketFactory --  peer alternative names: [*.github.io, github.io, *.github.com, github.com, www.github.com, *.githubusercontent.com, githubusercontent.com]
11:26:50.976 [main] DEBUG org.apache.hc.client5.http.ssl.SSLConnectionSocketFactory --  issuer principal: CN=DigiCert TLS RSA SHA256 2020 CA1, O=DigiCert Inc, C=US
11:26:50.976 [main] DEBUG org.apache.hc.client5.http.impl.io.DefaultManagedHttpClientConnection -- http-outgoing-3 set socket timeout to 3 MINUTES
11:26:50.976 [main] DEBUG org.apache.hc.client5.http.impl.io.DefaultHttpClientConnectionOperator -- googlechromelabs.github.io:443 connected null->googlechromelabs.github.io/185.199.108.153:443 as http-outgoing-3
11:26:50.976 [main] DEBUG org.apache.hc.client5.http.impl.io.PoolingHttpClientConnectionManager -- ep-0000000004 connected http-outgoing-3
11:26:50.976 [main] DEBUG org.apache.hc.client5.http.impl.classic.InternalHttpClient -- ep-0000000004 endpoint connected
11:26:50.976 [main] DEBUG org.apache.hc.client5.http.impl.classic.MainClientExec -- ex-0000000004 executing GET /chrome-for-testing/LATEST_RELEASE_120.0.6099.63 HTTP/1.1
11:26:50.976 [main] DEBUG org.apache.hc.client5.http.protocol.RequestAddCookies -- ex-0000000004 Cookie spec selected: strict
11:26:50.976 [main] DEBUG org.apache.hc.client5.http.impl.classic.InternalHttpClient -- ep-0000000004 start execution ex-0000000004
11:26:50.976 [main] DEBUG org.apache.hc.client5.http.impl.io.PoolingHttpClientConnectionManager -- ep-0000000004 executing exchange ex-0000000004 over http-outgoing-3
11:26:50.976 [main] DEBUG org.apache.hc.client5.http.headers -- http-outgoing-3 >> GET /chrome-for-testing/LATEST_RELEASE_120.0.6099.63 HTTP/1.1
11:26:50.976 [main] DEBUG org.apache.hc.client5.http.headers -- http-outgoing-3 >> user-agent: Apache-HttpClient/5.0
11:26:50.976 [main] DEBUG org.apache.hc.client5.http.headers -- http-outgoing-3 >> accept-encoding: gzip, deflate, br
11:26:50.976 [main] DEBUG org.apache.hc.client5.http.headers -- http-outgoing-3 >> cache-control: max-age=0
11:26:50.976 [main] DEBUG org.apache.hc.client5.http.headers -- http-outgoing-3 >> connection: keep-alive
11:26:50.976 [main] DEBUG org.apache.hc.client5.http.headers -- http-outgoing-3 >> Host: googlechromelabs.github.io
11:26:50.977 [main] DEBUG org.apache.hc.client5.http.wire -- http-outgoing-3 >> "GET /chrome-for-testing/LATEST_RELEASE_120.0.6099.63 HTTP/1.1[\r][\n]"
11:26:50.977 [main] DEBUG org.apache.hc.client5.http.wire -- http-outgoing-3 >> "user-agent: Apache-HttpClient/5.0[\r][\n]"
11:26:50.977 [main] DEBUG org.apache.hc.client5.http.wire -- http-outgoing-3 >> "accept-encoding: gzip, deflate, br[\r][\n]"
11:26:50.977 [main] DEBUG org.apache.hc.client5.http.wire -- http-outgoing-3 >> "cache-control: max-age=0[\r][\n]"
11:26:50.977 [main] DEBUG org.apache.hc.client5.http.wire -- http-outgoing-3 >> "connection: keep-alive[\r][\n]"
11:26:50.977 [main] DEBUG org.apache.hc.client5.http.wire -- http-outgoing-3 >> "Host: googlechromelabs.github.io[\r][\n]"
11:26:50.977 [main] DEBUG org.apache.hc.client5.http.wire -- http-outgoing-3 >> "[\r][\n]"
11:26:51.018 [main] DEBUG org.apache.hc.client5.http.wire -- http-outgoing-3 << "HTTP/1.1 404 Not Found[\r][\n]"
11:26:51.018 [main] DEBUG org.apache.hc.client5.http.wire -- http-outgoing-3 << "Connection: keep-alive[\r][\n]"
11:26:51.018 [main] DEBUG org.apache.hc.client5.http.wire -- http-outgoing-3 << "Content-Length: 5254[\r][\n]"
11:26:51.018 [main] DEBUG org.apache.hc.client5.http.wire -- http-outgoing-3 << "Server: GitHub.com[\r][\n]"
11:26:51.018 [main] DEBUG org.apache.hc.client5.http.wire -- http-outgoing-3 << "Content-Type: text/html; charset=utf-8[\r][\n]"
11:26:51.018 [main] DEBUG org.apache.hc.client5.http.wire -- http-outgoing-3 << "permissions-policy: interest-cohort=()[\r][\n]"
11:26:51.018 [main] DEBUG org.apache.hc.client5.http.wire -- http-outgoing-3 << "x-origin-cache: HIT[\r][\n]"
11:26:51.019 [main] DEBUG org.apache.hc.client5.http.wire -- http-outgoing-3 << "Access-Control-Allow-Origin: *[\r][\n]"
11:26:51.019 [main] DEBUG org.apache.hc.client5.http.wire -- http-outgoing-3 << "Strict-Transport-Security: max-age=31556952[\r][\n]"
11:26:51.019 [main] DEBUG org.apache.hc.client5.http.wire -- http-outgoing-3 << "ETag: W/"64d248ca-24a3"[\r][\n]"
11:26:51.019 [main] DEBUG org.apache.hc.client5.http.wire -- http-outgoing-3 << "Content-Security-Policy: default-src 'none'; style-src 'unsafe-inline'; img-src data:; connect-src 'self'[\r][\n]"
11:26:51.019 [main] DEBUG org.apache.hc.client5.http.wire -- http-outgoing-3 << "Content-Encoding: gzip[\r][\n]"
11:26:51.019 [main] DEBUG org.apache.hc.client5.http.wire -- http-outgoing-3 << "x-proxy-cache: MISS[\r][\n]"
11:26:51.019 [main] DEBUG org.apache.hc.client5.http.wire -- http-outgoing-3 << "X-GitHub-Request-Id: 4334:13C5B4:3D3D511:3E5167D:658410B8[\r][\n]"
11:26:51.019 [main] DEBUG org.apache.hc.client5.http.wire -- http-outgoing-3 << "Accept-Ranges: bytes[\r][\n]"
11:26:51.019 [main] DEBUG org.apache.hc.client5.http.wire -- http-outgoing-3 << "Date: Thu, 21 Dec 2023 10:26:53 GMT[\r][\n]"
11:26:51.019 [main] DEBUG org.apache.hc.client5.http.wire -- http-outgoing-3 << "Via: 1.1 varnish[\r][\n]"
11:26:51.019 [main] DEBUG org.apache.hc.client5.http.wire -- http-outgoing-3 << "Age: 565[\r][\n]"
11:26:51.019 [main] DEBUG org.apache.hc.client5.http.wire -- http-outgoing-3 << "X-Served-By: cache-mad22051-MAD[\r][\n]"
11:26:51.020 [main] DEBUG org.apache.hc.client5.http.wire -- http-outgoing-3 << "X-Cache: HIT[\r][\n]"
11:26:51.020 [main] DEBUG org.apache.hc.client5.http.wire -- http-outgoing-3 << "X-Cache-Hits: 1[\r][\n]"
11:26:51.020 [main] DEBUG org.apache.hc.client5.http.wire -- http-outgoing-3 << "X-Timer: S1703154414.674137,VS0,VE1[\r][\n]"
11:26:51.020 [main] DEBUG org.apache.hc.client5.http.wire -- http-outgoing-3 << "Vary: Accept-Encoding[\r][\n]"
11:26:51.020 [main] DEBUG org.apache.hc.client5.http.wire -- http-outgoing-3 << "X-Fastly-Request-ID: 2252c2c938c75544c7d1c054740deb9b0d6119ad[\r][\n]"
11:26:51.020 [main] DEBUG org.apache.hc.client5.http.wire -- http-outgoing-3 << "[\r][\n]"
11:26:51.021 [main] DEBUG org.apache.hc.client5.http.headers -- http-outgoing-3 << HTTP/1.1 404 Not Found
11:26:51.021 [main] DEBUG org.apache.hc.client5.http.headers -- http-outgoing-3 << Connection: keep-alive
11:26:51.021 [main] DEBUG org.apache.hc.client5.http.headers -- http-outgoing-3 << Content-Length: 5254
11:26:51.021 [main] DEBUG org.apache.hc.client5.http.headers -- http-outgoing-3 << Server: GitHub.com
11:26:51.021 [main] DEBUG org.apache.hc.client5.http.headers -- http-outgoing-3 << Content-Type: text/html; charset=utf-8
11:26:51.021 [main] DEBUG org.apache.hc.client5.http.headers -- http-outgoing-3 << permissions-policy: interest-cohort=()
11:26:51.021 [main] DEBUG org.apache.hc.client5.http.headers -- http-outgoing-3 << x-origin-cache: HIT
11:26:51.021 [main] DEBUG org.apache.hc.client5.http.headers -- http-outgoing-3 << Access-Control-Allow-Origin: *
11:26:51.021 [main] DEBUG org.apache.hc.client5.http.headers -- http-outgoing-3 << Strict-Transport-Security: max-age=31556952
11:26:51.022 [main] DEBUG org.apache.hc.client5.http.headers -- http-outgoing-3 << ETag: W/"64d248ca-24a3"
11:26:51.022 [main] DEBUG org.apache.hc.client5.http.headers -- http-outgoing-3 << Content-Security-Policy: default-src 'none'; style-src 'unsafe-inline'; img-src data:; connect-src 'self'
11:26:51.022 [main] DEBUG org.apache.hc.client5.http.headers -- http-outgoing-3 << Content-Encoding: gzip
11:26:51.022 [main] DEBUG org.apache.hc.client5.http.headers -- http-outgoing-3 << x-proxy-cache: MISS
11:26:51.022 [main] DEBUG org.apache.hc.client5.http.headers -- http-outgoing-3 << X-GitHub-Request-Id: 4334:13C5B4:3D3D511:3E5167D:658410B8
11:26:51.022 [main] DEBUG org.apache.hc.client5.http.headers -- http-outgoing-3 << Accept-Ranges: bytes
11:26:51.022 [main] DEBUG org.apache.hc.client5.http.headers -- http-outgoing-3 << Date: Thu, 21 Dec 2023 10:26:53 GMT
11:26:51.022 [main] DEBUG org.apache.hc.client5.http.headers -- http-outgoing-3 << Via: 1.1 varnish
11:26:51.022 [main] DEBUG org.apache.hc.client5.http.headers -- http-outgoing-3 << Age: 565
11:26:51.022 [main] DEBUG org.apache.hc.client5.http.headers -- http-outgoing-3 << X-Served-By: cache-mad22051-MAD
11:26:51.022 [main] DEBUG org.apache.hc.client5.http.headers -- http-outgoing-3 << X-Cache: HIT
11:26:51.022 [main] DEBUG org.apache.hc.client5.http.headers -- http-outgoing-3 << X-Cache-Hits: 1
11:26:51.022 [main] DEBUG org.apache.hc.client5.http.headers -- http-outgoing-3 << X-Timer: S1703154414.674137,VS0,VE1
11:26:51.022 [main] DEBUG org.apache.hc.client5.http.headers -- http-outgoing-3 << Vary: Accept-Encoding
11:26:51.022 [main] DEBUG org.apache.hc.client5.http.headers -- http-outgoing-3 << X-Fastly-Request-ID: 2252c2c938c75544c7d1c054740deb9b0d6119ad
11:26:51.023 [main] DEBUG org.apache.hc.client5.http.impl.classic.MainClientExec -- ex-0000000004 connection can be kept alive for 3 MINUTES
11:26:51.023 [main] ERROR io.github.bonigarcia.wdm.online.HttpClient -- Error HTTP 404 executing https://googlechromelabs.github.io/chrome-for-testing/LATEST_RELEASE_120.0.6099.63
11:26:51.023 [main] WARN io.github.bonigarcia.wdm.versions.VersionDetector -- Exception reading https://googlechromelabs.github.io/chrome-for-testing/LATEST_RELEASE_120.0.6099.63 to get latest version of chromedriver (Error HTTP 404 executing https://googlechromelabs.github.io/chrome-for-testing/LATEST_RELEASE_120.0.6099.63)
11:26:51.025 [main] DEBUG io.github.bonigarcia.wdm.versions.VersionDetector -- Getting driver version for chrome120.0.6099.63 from online versions.properties
11:26:51.026 [main] DEBUG org.apache.hc.client5.http.impl.classic.InternalHttpClient -- ex-0000000005 preparing request execution
11:26:51.027 [main] DEBUG org.apache.hc.client5.http.impl.classic.ProtocolExec -- ex-0000000005 target auth state: UNCHALLENGED
11:26:51.027 [main] DEBUG org.apache.hc.client5.http.impl.classic.ProtocolExec -- ex-0000000005 proxy auth state: UNCHALLENGED
11:26:51.027 [main] DEBUG org.apache.hc.client5.http.impl.classic.ConnectExec -- ex-0000000005 acquiring connection with route {s}->https://raw.githubusercontent.com:443
11:26:51.027 [main] DEBUG org.apache.hc.client5.http.impl.classic.InternalHttpClient -- ex-0000000005 acquiring endpoint (3 MINUTES)
11:26:51.027 [main] DEBUG org.apache.hc.client5.http.impl.io.PoolingHttpClientConnectionManager -- ex-0000000005 endpoint lease request (3 MINUTES) [route: {s}->https://raw.githubusercontent.com:443][total available: 0; route allocated: 0 of 5; total allocated: 1 of 25]
11:26:51.028 [main] DEBUG org.apache.hc.client5.http.impl.io.PoolingHttpClientConnectionManager -- ex-0000000005 endpoint leased [route: {s}->https://raw.githubusercontent.com:443][total available: 0; route allocated: 1 of 5; total allocated: 2 of 25]
11:26:51.028 [main] DEBUG org.apache.hc.client5.http.impl.io.PoolingHttpClientConnectionManager -- ex-0000000005 acquired ep-0000000005
11:26:51.028 [main] DEBUG org.apache.hc.client5.http.impl.classic.InternalHttpClient -- ex-0000000005 acquired endpoint ep-0000000005
11:26:51.028 [main] DEBUG org.apache.hc.client5.http.impl.classic.ConnectExec -- ex-0000000005 opening connection {s}->https://raw.githubusercontent.com:443
11:26:51.028 [main] DEBUG org.apache.hc.client5.http.impl.classic.InternalHttpClient -- ep-0000000005 connecting endpoint (null)
11:26:51.028 [main] DEBUG org.apache.hc.client5.http.impl.io.PoolingHttpClientConnectionManager -- ep-0000000005 connecting endpoint to https://raw.githubusercontent.com:443 (30 SECONDS)
11:26:51.028 [main] DEBUG org.apache.hc.client5.http.impl.io.DefaultHttpClientConnectionOperator -- raw.githubusercontent.com resolving remote address
11:26:51.029 [main] DEBUG org.apache.hc.client5.http.impl.io.DefaultHttpClientConnectionOperator -- raw.githubusercontent.com resolved to [raw.githubusercontent.com/185.199.111.133, raw.githubusercontent.com/185.199.108.133, raw.githubusercontent.com/185.199.109.133, raw.githubusercontent.com/185.199.110.133]
11:26:51.029 [main] DEBUG org.apache.hc.client5.http.impl.io.DefaultHttpClientConnectionOperator -- raw.githubusercontent.com:443 connecting null->raw.githubusercontent.com/185.199.111.133:443 (30 SECONDS)
11:26:51.029 [main] DEBUG org.apache.hc.client5.http.ssl.SSLConnectionSocketFactory -- Connecting socket to raw.githubusercontent.com/185.199.111.133:443 with timeout 30 SECONDS
11:26:51.069 [main] DEBUG org.apache.hc.client5.http.ssl.SSLConnectionSocketFactory -- Enabled protocols: [TLSv1.3, TLSv1.2]
11:26:51.069 [main] DEBUG org.apache.hc.client5.http.ssl.SSLConnectionSocketFactory -- Enabled cipher suites: [TLS_AES_256_GCM_SHA384, TLS_AES_128_GCM_SHA256, TLS_CHACHA20_POLY1305_SHA256, TLS_ECDHE_ECDSA_WITH_AES_256_GCM_SHA384, TLS_ECDHE_ECDSA_WITH_AES_128_GCM_SHA256, TLS_ECDHE_ECDSA_WITH_CHACHA20_POLY1305_SHA256, TLS_ECDHE_RSA_WITH_AES_256_GCM_SHA384, TLS_ECDHE_RSA_WITH_CHACHA20_POLY1305_SHA256, TLS_ECDHE_RSA_WITH_AES_128_GCM_SHA256, TLS_DHE_RSA_WITH_AES_256_GCM_SHA384, TLS_DHE_RSA_WITH_CHACHA20_POLY1305_SHA256, TLS_DHE_DSS_WITH_AES_256_GCM_SHA384, TLS_DHE_RSA_WITH_AES_128_GCM_SHA256, TLS_DHE_DSS_WITH_AES_128_GCM_SHA256, TLS_ECDHE_ECDSA_WITH_AES_256_CBC_SHA384, TLS_ECDHE_RSA_WITH_AES_256_CBC_SHA384, TLS_ECDHE_ECDSA_WITH_AES_128_CBC_SHA256, TLS_ECDHE_RSA_WITH_AES_128_CBC_SHA256, TLS_DHE_RSA_WITH_AES_256_CBC_SHA256, TLS_DHE_DSS_WITH_AES_256_CBC_SHA256, TLS_DHE_RSA_WITH_AES_128_CBC_SHA256, TLS_DHE_DSS_WITH_AES_128_CBC_SHA256, TLS_ECDHE_ECDSA_WITH_AES_256_CBC_SHA, TLS_ECDHE_RSA_WITH_AES_256_CBC_SHA, TLS_ECDHE_ECDSA_WITH_AES_128_CBC_SHA, TLS_ECDHE_RSA_WITH_AES_128_CBC_SHA, TLS_DHE_RSA_WITH_AES_256_CBC_SHA, TLS_DHE_DSS_WITH_AES_256_CBC_SHA, TLS_DHE_RSA_WITH_AES_128_CBC_SHA, TLS_DHE_DSS_WITH_AES_128_CBC_SHA, TLS_RSA_WITH_AES_256_GCM_SHA384, TLS_RSA_WITH_AES_128_GCM_SHA256, TLS_RSA_WITH_AES_256_CBC_SHA256, TLS_RSA_WITH_AES_128_CBC_SHA256, TLS_RSA_WITH_AES_256_CBC_SHA, TLS_RSA_WITH_AES_128_CBC_SHA, TLS_EMPTY_RENEGOTIATION_INFO_SCSV]
11:26:51.069 [main] DEBUG org.apache.hc.client5.http.ssl.SSLConnectionSocketFactory -- Starting handshake (null)
11:26:51.191 [main] DEBUG org.apache.hc.client5.http.ssl.SSLConnectionSocketFactory -- Secure session established
11:26:51.191 [main] DEBUG org.apache.hc.client5.http.ssl.SSLConnectionSocketFactory --  negotiated protocol: TLSv1.3
11:26:51.191 [main] DEBUG org.apache.hc.client5.http.ssl.SSLConnectionSocketFactory --  negotiated cipher suite: TLS_AES_128_GCM_SHA256
11:26:51.191 [main] DEBUG org.apache.hc.client5.http.ssl.SSLConnectionSocketFactory --  peer principal: CN=*.github.io, O="GitHub, Inc.", L=San Francisco, ST=California, C=US
11:26:51.191 [main] DEBUG org.apache.hc.client5.http.ssl.SSLConnectionSocketFactory --  peer alternative names: [*.github.io, github.io, *.github.com, github.com, www.github.com, *.githubusercontent.com, githubusercontent.com]
11:26:51.191 [main] DEBUG org.apache.hc.client5.http.ssl.SSLConnectionSocketFactory --  issuer principal: CN=DigiCert TLS RSA SHA256 2020 CA1, O=DigiCert Inc, C=US
11:26:51.191 [main] DEBUG org.apache.hc.client5.http.impl.io.DefaultManagedHttpClientConnection -- http-outgoing-4 set socket timeout to 3 MINUTES
11:26:51.191 [main] DEBUG org.apache.hc.client5.http.impl.io.DefaultHttpClientConnectionOperator -- raw.githubusercontent.com:443 connected null->raw.githubusercontent.com/185.199.111.133:443 as http-outgoing-4
11:26:51.191 [main] DEBUG org.apache.hc.client5.http.impl.io.PoolingHttpClientConnectionManager -- ep-0000000005 connected http-outgoing-4
11:26:51.191 [main] DEBUG org.apache.hc.client5.http.impl.classic.InternalHttpClient -- ep-0000000005 endpoint connected
11:26:51.191 [main] DEBUG org.apache.hc.client5.http.impl.classic.MainClientExec -- ex-0000000005 executing GET /bonigarcia/webdrivermanager/master/src/main/resources/versions.properties HTTP/1.1
11:26:51.192 [main] DEBUG org.apache.hc.client5.http.protocol.RequestAddCookies -- ex-0000000005 Cookie spec selected: strict
11:26:51.192 [main] DEBUG org.apache.hc.client5.http.impl.classic.InternalHttpClient -- ep-0000000005 start execution ex-0000000005
11:26:51.192 [main] DEBUG org.apache.hc.client5.http.impl.io.PoolingHttpClientConnectionManager -- ep-0000000005 executing exchange ex-0000000005 over http-outgoing-4
11:26:51.192 [main] DEBUG org.apache.hc.client5.http.headers -- http-outgoing-4 >> GET /bonigarcia/webdrivermanager/master/src/main/resources/versions.properties HTTP/1.1
11:26:51.192 [main] DEBUG org.apache.hc.client5.http.headers -- http-outgoing-4 >> user-agent: Apache-HttpClient/5.0
11:26:51.192 [main] DEBUG org.apache.hc.client5.http.headers -- http-outgoing-4 >> accept-encoding: gzip, deflate, br
11:26:51.192 [main] DEBUG org.apache.hc.client5.http.headers -- http-outgoing-4 >> cache-control: max-age=0
11:26:51.192 [main] DEBUG org.apache.hc.client5.http.headers -- http-outgoing-4 >> connection: keep-alive
11:26:51.192 [main] DEBUG org.apache.hc.client5.http.headers -- http-outgoing-4 >> Host: raw.githubusercontent.com
11:26:51.193 [main] DEBUG org.apache.hc.client5.http.wire -- http-outgoing-4 >> "GET /bonigarcia/webdrivermanager/master/src/main/resources/versions.properties HTTP/1.1[\r][\n]"
11:26:51.193 [main] DEBUG org.apache.hc.client5.http.wire -- http-outgoing-4 >> "user-agent: Apache-HttpClient/5.0[\r][\n]"
11:26:51.193 [main] DEBUG org.apache.hc.client5.http.wire -- http-outgoing-4 >> "accept-encoding: gzip, deflate, br[\r][\n]"
11:26:51.193 [main] DEBUG org.apache.hc.client5.http.wire -- http-outgoing-4 >> "cache-control: max-age=0[\r][\n]"
11:26:51.193 [main] DEBUG org.apache.hc.client5.http.wire -- http-outgoing-4 >> "connection: keep-alive[\r][\n]"
11:26:51.193 [main] DEBUG org.apache.hc.client5.http.wire -- http-outgoing-4 >> "Host: raw.githubusercontent.com[\r][\n]"
11:26:51.193 [main] DEBUG org.apache.hc.client5.http.wire -- http-outgoing-4 >> "[\r][\n]"
11:26:51.239 [main] DEBUG org.apache.hc.client5.http.wire -- http-outgoing-4 << "HTTP/1.1 200 OK[\r][\n]"
11:26:51.239 [main] DEBUG org.apache.hc.client5.http.wire -- http-outgoing-4 << "Connection: keep-alive[\r][\n]"
11:26:51.239 [main] DEBUG org.apache.hc.client5.http.wire -- http-outgoing-4 << "Content-Length: 1653[\r][\n]"
11:26:51.239 [main] DEBUG org.apache.hc.client5.http.wire -- http-outgoing-4 << "Cache-Control: max-age=300[\r][\n]"
11:26:51.239 [main] DEBUG org.apache.hc.client5.http.wire -- http-outgoing-4 << "Content-Security-Policy: default-src 'none'; style-src 'unsafe-inline'; sandbox[\r][\n]"
11:26:51.239 [main] DEBUG org.apache.hc.client5.http.wire -- http-outgoing-4 << "Content-Type: text/plain; charset=utf-8[\r][\n]"
11:26:51.239 [main] DEBUG org.apache.hc.client5.http.wire -- http-outgoing-4 << "ETag: W/"de56f96e4580ae55450ed6a794662cbdb2b39827f9709095aa3e1e7f6914629d"[\r][\n]"
11:26:51.239 [main] DEBUG org.apache.hc.client5.http.wire -- http-outgoing-4 << "Strict-Transport-Security: max-age=31536000[\r][\n]"
11:26:51.239 [main] DEBUG org.apache.hc.client5.http.wire -- http-outgoing-4 << "X-Content-Type-Options: nosniff[\r][\n]"
11:26:51.239 [main] DEBUG org.apache.hc.client5.http.wire -- http-outgoing-4 << "X-Frame-Options: deny[\r][\n]"
11:26:51.239 [main] DEBUG org.apache.hc.client5.http.wire -- http-outgoing-4 << "X-XSS-Protection: 1; mode=block[\r][\n]"
11:26:51.239 [main] DEBUG org.apache.hc.client5.http.wire -- http-outgoing-4 << "X-GitHub-Request-Id: 728E:2E6B8C:62B50D:676D49:6583D0E9[\r][\n]"
11:26:51.239 [main] DEBUG org.apache.hc.client5.http.wire -- http-outgoing-4 << "Content-Encoding: gzip[\r][\n]"
11:26:51.239 [main] DEBUG org.apache.hc.client5.http.wire -- http-outgoing-4 << "Accept-Ranges: bytes[\r][\n]"
11:26:51.239 [main] DEBUG org.apache.hc.client5.http.wire -- http-outgoing-4 << "Date: Thu, 21 Dec 2023 10:26:53 GMT[\r][\n]"
11:26:51.239 [main] DEBUG org.apache.hc.client5.http.wire -- http-outgoing-4 << "Via: 1.1 varnish[\r][\n]"
11:26:51.239 [main] DEBUG org.apache.hc.client5.http.wire -- http-outgoing-4 << "X-Served-By: cache-mad2200093-MAD[\r][\n]"
11:26:51.239 [main] DEBUG org.apache.hc.client5.http.wire -- http-outgoing-4 << "X-Cache: HIT[\r][\n]"
11:26:51.239 [main] DEBUG org.apache.hc.client5.http.wire -- http-outgoing-4 << "X-Cache-Hits: 2[\r][\n]"
11:26:51.240 [main] DEBUG org.apache.hc.client5.http.wire -- http-outgoing-4 << "X-Timer: S1703154414.892873,VS0,VE0[\r][\n]"
11:26:51.240 [main] DEBUG org.apache.hc.client5.http.wire -- http-outgoing-4 << "Vary: Authorization,Accept-Encoding,Origin[\r][\n]"
11:26:51.240 [main] DEBUG org.apache.hc.client5.http.wire -- http-outgoing-4 << "Access-Control-Allow-Origin: *[\r][\n]"
11:26:51.240 [main] DEBUG org.apache.hc.client5.http.wire -- http-outgoing-4 << "Cross-Origin-Resource-Policy: cross-origin[\r][\n]"
11:26:51.240 [main] DEBUG org.apache.hc.client5.http.wire -- http-outgoing-4 << "X-Fastly-Request-ID: 25f40d9f24c9ca61cf1c7aa070ef62b90a01ed00[\r][\n]"
11:26:51.240 [main] DEBUG org.apache.hc.client5.http.wire -- http-outgoing-4 << "Expires: Thu, 21 Dec 2023 10:31:53 GMT[\r][\n]"
11:26:51.240 [main] DEBUG org.apache.hc.client5.http.wire -- http-outgoing-4 << "Source-Age: 154[\r][\n]"
11:26:51.240 [main] DEBUG org.apache.hc.client5.http.wire -- http-outgoing-4 << "[\r][\n]"
11:26:51.240 [main] DEBUG org.apache.hc.client5.http.headers -- http-outgoing-4 << HTTP/1.1 200 OK
11:26:51.240 [main] DEBUG org.apache.hc.client5.http.headers -- http-outgoing-4 << Connection: keep-alive
11:26:51.240 [main] DEBUG org.apache.hc.client5.http.headers -- http-outgoing-4 << Content-Length: 1653
11:26:51.240 [main] DEBUG org.apache.hc.client5.http.headers -- http-outgoing-4 << Cache-Control: max-age=300
11:26:51.240 [main] DEBUG org.apache.hc.client5.http.headers -- http-outgoing-4 << Content-Security-Policy: default-src 'none'; style-src 'unsafe-inline'; sandbox
11:26:51.240 [main] DEBUG org.apache.hc.client5.http.headers -- http-outgoing-4 << Content-Type: text/plain; charset=utf-8
11:26:51.240 [main] DEBUG org.apache.hc.client5.http.headers -- http-outgoing-4 << ETag: W/"de56f96e4580ae55450ed6a794662cbdb2b39827f9709095aa3e1e7f6914629d"
11:26:51.240 [main] DEBUG org.apache.hc.client5.http.headers -- http-outgoing-4 << Strict-Transport-Security: max-age=31536000
11:26:51.241 [main] DEBUG org.apache.hc.client5.http.headers -- http-outgoing-4 << X-Content-Type-Options: nosniff
11:26:51.241 [main] DEBUG org.apache.hc.client5.http.headers -- http-outgoing-4 << X-Frame-Options: deny
11:26:51.241 [main] DEBUG org.apache.hc.client5.http.headers -- http-outgoing-4 << X-XSS-Protection: 1; mode=block
11:26:51.241 [main] DEBUG org.apache.hc.client5.http.headers -- http-outgoing-4 << X-GitHub-Request-Id: 728E:2E6B8C:62B50D:676D49:6583D0E9
11:26:51.241 [main] DEBUG org.apache.hc.client5.http.headers -- http-outgoing-4 << Content-Encoding: gzip
11:26:51.241 [main] DEBUG org.apache.hc.client5.http.headers -- http-outgoing-4 << Accept-Ranges: bytes
11:26:51.241 [main] DEBUG org.apache.hc.client5.http.headers -- http-outgoing-4 << Date: Thu, 21 Dec 2023 10:26:53 GMT
11:26:51.241 [main] DEBUG org.apache.hc.client5.http.headers -- http-outgoing-4 << Via: 1.1 varnish
11:26:51.241 [main] DEBUG org.apache.hc.client5.http.headers -- http-outgoing-4 << X-Served-By: cache-mad2200093-MAD
11:26:51.241 [main] DEBUG org.apache.hc.client5.http.headers -- http-outgoing-4 << X-Cache: HIT
11:26:51.241 [main] DEBUG org.apache.hc.client5.http.headers -- http-outgoing-4 << X-Cache-Hits: 2
11:26:51.241 [main] DEBUG org.apache.hc.client5.http.headers -- http-outgoing-4 << X-Timer: S1703154414.892873,VS0,VE0
11:26:51.241 [main] DEBUG org.apache.hc.client5.http.headers -- http-outgoing-4 << Vary: Authorization,Accept-Encoding,Origin
11:26:51.241 [main] DEBUG org.apache.hc.client5.http.headers -- http-outgoing-4 << Access-Control-Allow-Origin: *
11:26:51.241 [main] DEBUG org.apache.hc.client5.http.headers -- http-outgoing-4 << Cross-Origin-Resource-Policy: cross-origin
11:26:51.241 [main] DEBUG org.apache.hc.client5.http.headers -- http-outgoing-4 << X-Fastly-Request-ID: 25f40d9f24c9ca61cf1c7aa070ef62b90a01ed00
11:26:51.241 [main] DEBUG org.apache.hc.client5.http.headers -- http-outgoing-4 << Expires: Thu, 21 Dec 2023 10:31:53 GMT
11:26:51.241 [main] DEBUG org.apache.hc.client5.http.headers -- http-outgoing-4 << Source-Age: 154
11:26:51.242 [main] DEBUG org.apache.hc.client5.http.impl.classic.MainClientExec -- ex-0000000005 connection can be kept alive for 3 MINUTES
11:26:51.243 [main] DEBUG org.apache.hc.client5.http.wire -- http-outgoing-4 << "[0x1f][0xffffff8b][0x8][0x0][0x0][0x0][0x0][0x0][0x0][0x3][0xffffff8d][0xffffff97]Mo[0xffffffe3]6[0x10][0xffffff86][0xffffffef][0xfffffff9][0x15][0x2]z[0xffffff8e][0xffffffcc][0xffffffcf]![0x19][0xffffff80][0xffffff97]~[0xffffff9e][0xffffff8a][0x1e][0xffffffda]?[0xffffffe0][0xffffffb5][0xffffff95]DX[0xffffffc7][\n]"
11:26:51.243 [main] DEBUG org.apache.hc.client5.http.wire -- http-outgoing-4 << "lg[0xffffffb3][0xffffffe8][0xffffffaf][0xffffffef][0xc][0xffffffc9][0xffffffa1]h[0xffffffaa][0x5]z[0x8]v[0xffffffe7][0xffffffb1]D[0xffffffce][0xffffff90][0xffffffd4][0xffffffcb]w~[0x18][0xfffffffe]z[0xffffff9d][0xffffffaf][0xffffffc3][0xfffffff3]|[0xffffff9a][0xffffff86][0xffffffc3]r[0xffffffbe][0xffffffed][0xffffffe7][0xfffffff3]u[0xffffffb8][0xffffffbd]N[0xffffffc3][0xffffffd7][0xfffffff3][0xfffffff2]y[0x1e][0xffffff8e][0xffffff97][0xfffffff9][0xffffffdb]t[0x19][0xfffffff0][0xffffffef]:/[0xfffffff8][0xffffffcb]ay{[0xffffffdf][0xffffffdf][0xffffffe6]/[0xfffffff8][0xfffffff4][0xffffffe7]|{MO[0x1e][0xffffff96][0xffffffcb]e[0xffffffba][0xffffffbe]/[0xffffffe7][0xffffffe3]|~[0x19][0xffffffbe]\[0xffffff96][0xffffffcf][0xffffffeb][0xfffffffa][0xffffffca][0xffffffc3][0xffffffc3][0xf][0xffffffc3][0xffffff8f][0x19]=[\r][0xffffffbf]-[0xffffffcb][0xb][0xffffffbe][0xfffffff9][0xffffffd3][0xffffffeb]ey[0xffffff9b][0xffffff86][0xfffffffd][0xfffffff9][0xffffff98][0xffffffff];[0x7f][0xffffffbc][\r][0xffffff8f][0xffffffc3][0xffffffcf]i[0xffffffaa][0xffffffa7][0xffffffe1][0xffffff90]~[0xffffffcd][0x13][0xffffffe3][0xffffffcb][0x7f].[0x1f][0xffffff97][0xffffffc3][0xfffffff4]4[0xffffffbc][0xffffffde]n[0xffffffef]O[0xffffffbb]][0xfffffffb][0xffffffeb]x(o[0xffffff8f][0xffffffcb][0xffffffe5]ew[0xffffffc4]|O[0xffffffcb][0xfffffffe]x}[0xffffffc8][0xffffffcf]Hi"[0xfffffffe][0xffffff8d]b[0xffffffb4]N[0xffffffdb]1[0xffffff88][0xffffffca]5rM[0x1c][0xffffff9c][0x1a]AW[0xffffffae][0xffffff90][0xffffffab][0xffffffc4][0xffffffa5][0x1d]M[0xffffffa8]\"[0xffffff97][0xffffffc4]-[0xffffffe8][0x11]L[0xffffffe5][0x2][0xffffffb9] n[0xffffffbc][0x1c][0xffffff9d]c.B[0xffffffc4][0xffffffbf][0xffffffc4]qzW[0xffffff9f][0x17][0x1e][0xffffffb9]'[0xffffffae]m[0x18][0xffffff9d][0xffffffac][0xffffffdc]!w[0xffffff89][0xb]3[0xffffff82][0xffffffaa][0x1c][0xffffff90][0x3]qe[0xffffffc2][0x8][0xffffffeb][0xfffffff3][0x16][0xffffffb9]%.[0xffffff83][0xffffffc5][0x1f]+[0xffffffc7]zE[0xffffffaa][0xffffff97][0xffffffca]p5[0x7f][0xffffff81][0xfffffff5][0xffffff8a]T[0xffffffaf][0x0]1J[0xffffffbd]&[0xffffff84][0x5][0xffffff8b]T[0xffffffb0][0xffffffc0][0xfffffff1][0xffffff9a][0x9][0xffffffb0]`A[0x5][0xffffff9b]`[0xffffffe5]hV[0xffffff8e][0x5][0xb]*[0xffffffd8][0xfffffff8][0x0]#[0xfffffff0][0xffffff82][0xffffff86][0x10]CH[0xffffffd4][0x18][0xffffff9c][0xffffff9b][0xffffffa9][0xffffff8f][0xffffff81][0xffffff8a]5[0xffffffce][0xfffffffa][0x11][0xffffffa7]a[0xffffffec]b[0xffffffa0]Z[\r][0x4][0xffffffb5][0xffffffae]A[0xffffff80][0x18] Q0[0xffffffa3][0xffffffb1]Lm[0xc]6Q[0xffffffed]G[0xffffffe0]z[0xffffff82][0xffffff89][0xffffffc1]$[0xffffff8a][0xffffff8b][0xffffff83][0x1b][0xffffffc9]X[0xffffffc7]@E[0x1a][0xffffffeb][0xffffffdc][0xffffffba][0xffffffa9]A[0xffffffc5][0xffffffa0][0x12][0xffffffc5]-[0xffffffc5]Uf,cH[0x5][0x1a]<[0x1]X+c[0x11]C[0xffffffaa][0xffffffcf]h1*^'[0x1f][0xffffffa2]O[0xfffffff5]i[0xfffffffc]G[0xfffffff1][0xffffffc8][0xffffffde]G[0xffffff9f][0xffffffea][0xffffffd3][0xffffffca][0xffffff8c][0x1][0xffffff98][0xffffffba][0xffffffe8]Sy[0xffffffca][0xffffff8b][0xffffffd1]{[0xffffffa6][0x10]}*O[0x19][0x1c][0xffffff97][0xffffff97][0xffffffc2][0xffffffdb][0xffffffe8]Sy[0xffffffd2][0xffffffeb][0xffffffd1]sj[0xffffffde]D[0xffffff9f][0xffffffca][0xffffff93][0xffffffc6][0xffffff8d][0xffffff9a][0xffffffd7][0xffffffd8][0xffffffeb][0xffffffe8]Su[0xffffffb4][0xffffff93][0xffffff9a][0xffffff97][0xffffffc2][0xffffffcb][0xffffffe8]S[0x19][0x2]W^[0xffffffea]:[0xffffff9d][0xffffff88][0xffffff9e][0xffffffca][0xffffffd0][0x1]s[0xffffffc1]#T[0xffffffb0][0xb][0xffffffd1][0xffffff85][0xffffff84][0xffffff8d][0x1d]u[0xffffffa5]>:[0xffffff9f]([0xffffff9e][0x1d]<W[0xffffff8c]]tT[0xffffff88][0xfffffff6][0xffffff80][0xffffffdf][0x2][0xffffffa7][0xffffffe1] :H[0x14][0xf][0xffffffb8]Tu[0xc][0x1b][0x1d]U[0xffffffa2][0xffffff9d][0xffffffc3][0x3][0xffffffb6]>m[0xffffffa2]3[0x9]+<[0xffffffbf][0xc]utT[0xffffff89][0x6],[0x8]8e[0xffffffa7][0xffffffa2][0xffffffc2][0x1d][0xffffffe5]H[0xffffffde]E[0xffffff82]"N[0xc][0x2]E[0xffffffbc]7[0xffffffe0])[0xffffffe2][0x15][0x5]G[0x11][0xffffffef]&[0x0]E[0xffffff9c][0xc]X[0xffffff8c][0xffffffea][0x12][0xffffff81][0xffffffa1][0xffffff88][0xffffffd7][0x1c]4E<[0x1f]P.[0xffffffba][0xffffffce]G[0xffffffb9][0xffffffd4]o[0x6]([0x17][0xffffffad][0xffffffef]T[0xffffffed][0xfffffff7][0xffffffe5][0xffffffef][0xfffffff9]t[0xffffffda][0xf][0xffffffbf][0xffffffce][0xffffff97][0xffffffe9]y[0xfffffff9][0xffffffde]H[0xffffffd9][0xffffffcb]t[0xfffffff8][0xffffffba][0xfffffffc][0xffffffab][0xffffff92]]Q[0xffffffca]^P@?[0xffffffbe][0xffffff8c]([0xffffffa9][0xffffffbb][0xffffffb7]<[0xffffffc4][0xffffffae]yaw[0xffffff99]N[0xffffffd3][0xfffffffe]:][0x1f][0xffffff9e][0xfffffff3][0xffffffb8]R[0xffffff89][0xffffff88][0xffffffcb][0xffffff86]kW[0xffffff89][0xc][0x1b][0xffffffe2]7[0xffffffc4]m[0x8]l[0xffffff88][0xffffffdd][0x10][0xffffffb3]!zC[0xffffffd4][0xffffff86][0xffffffc8][\r]I9[0xffffffab]QU"B&[0xffffffeb]3[0xffffffc2]o[0xffffff88][0xffffffdb][0x10][0xffffffd8][0x10][0xffffffbb]!)g[0xffffffd9][0x12][0xffffffbd]!jC[0xffffffe4][0xffffff86][0xffffff88][0xffffff8e][0xffffff84][0xffffffd0][0x3][0xffffffdf][0x3][0xffffffd7][0x3][0xffffffe8][0xffffff81][0xffffffed]A[0xffffff9f]m[0xffffffe8][0xffffff93][\r]}[0xffffffae][0xffffffa1]O5P[0xffffffa6][0xfffffff8]m5`<[0xffffffcd][0xffffffe7][0xffffff8f][0xffffffef][0x19]K[0xffffffc6]>t[0xffffffcf]y[0xffffffdf][0x3][0xffffffd7][0x3][0xffffffe8][0xffffff81][0xffffffed][0xffffff81][0xffffffe9][0x1][0x15][0xffffffa0]|[0x3]T[0xf][0xffffffa8][0x0][0xffffffe5][0x1a] :[0xffffffe0]B[0xf]R[0xffffffa6][0xffffffd0][0x0][0xffffffd7][0x3][0xffffffe8][0xffffff81][0xffffffed][0xffffff81][0xffffffe9][0xffffff81][0xffffffee][0xffffff81][0xffffffea][0xffffff81][0xffffffec][0xffffff81][0xffffffe8][0x0][0xffffff84][0x1e][0xffffffa4]Lm[0x3]R[0xffffffa6][0xffffffa6][0x1][0xffffffd0][0x3][0xffffffdb][0xffffff83][0xffffff94]i[0xfffffff3][0x1][0xffffff81][0xffffffee]A[0xffffffca][0xffffffb4]9[0xfffffff6][0xffffff90]2m[0xe][0x5][0xffffff88][0xe][0xffffffd8][0xffffffd0][0x3][0xffffffdf][0x3][0xffffffd7][0xffffff83][0xffffff94][0xffffffa9]h[0xffffff80]e[0xffffffd0]*[0xffffffdf][0x1f][0xffffffef][0xffffffd3]e[0xffffffdf][0xffffffe8][0xffffffdd]B[0xfffffff1][0xffffffff][0xffffffd1][0xffffffbb][0xfffffff4][0xffffffe0]uy[0xffffffbe]}[0xffffffee]/S[0xffffff8e][0xffffffd8][0xffffffcb][0xfffffff5][0xffffffea][0xffffff97]~L[0xffffff9e]G[0xffffffd2][0xffffffe5][0x5][0x2]//[0xffffff89]ws[0xffffffe1][0xffffffe4][0xfffffff1][0xffffff92][0xffffffa7][\n]"
11:26:51.243 [main] DEBUG org.apache.hc.client5.http.wire -- http-outgoing-4 << "x[0xfffffffb][0xfffffffb][0xffffffc0][0xffffff98],^[0xffffffb2]T[0x1][0xffffffad][0xffffff83][0xffffffd4][0xffffff8a]9Y[0xffffffbc]d[0xffffffa9]<[0xe][0x13][0x1c]crx[0xffffffc9]Q9[0xfffffffc][0xffffff82]$[0xffffffda][0xffffff92][0xffffffc2]E[0xffffffeb] Q[0xffffffcc]2G=h[0xc][0xffffffa4]Te[0x18]T[0xffffff85][0xffffffc6]?z[0xffffffa6][0xffffffee][0xffffffce]=[0xffffffda]B[0xffffffa1][0xfffffff5][0xffffff8e]8Q[0xffffffc1][0xffffffb6][0xffffffb5][0xffffff8e][0xffffffa8][0xfffffff8][0x5][0xffffff9b][0xffffffd6]9[0xffffff86]Re[0xffffffd0][0xffffffad]oD[0xffffffb3][0xffffff91][0xffffffa9]j]#.Z[0xffffffc1][0xffffffb2]5[0xffffff8d][0xffffffe4][0xffffffc7]2[0x16][0xffffffad]g[0xfffffff4][0xffffffa5]p[0x1f]Z[0xffffffc7][0x8]P[0xffffffa8][0xffffffef][0xffffffec]b[0xffffffa6][0xffffffae]5[0xffffff8b]P6[0xffffffc6]Ck[0x15][0xffffffeb][0x12][0xffffffa1][0xffffff88][0xffffffdc]Y[0xffffffc5][0xc]M[0xffffffe3][0x14]}I[0xc][0xffffffc5][0xffffffe4][0xffffffce]'f[0xffffffa8][0xffffffee]mb[0xffffff86][0xffffffb2]q[0xffffff89][0xffffff96][0xffffffe7][0x17][0xffffff8d]I[0xffffffe4]TQ\[0xffffffee],b[0xffffff86][0xffffffbe]s[0xffffff88][0xffffff99][0xffffffba][0xffffffc6] :[0xffffff86][0xffffffd0][0xffffffd8]C_[0xffffffa6]G[0xffffffb5]Y[0xffffffdd]!g[0xffffff8f][0xffffff8a][0xffffffb3][0xffffff9a]C\[0xffffffe0]Buc[0xe][0xffffff81][0x7]U[0xffffff8d]7[0xfffffff4]e[0xffffffc3]Q~VkX7[0xb]5h[0xffffffb5][0xffffff86]|[0xffffffd6]Q[0xffffff87]Vg[0xffffffc8]'[0x1a][0xffffffb5][0xffffffa8]1[0xffffff86][0xffffffb2][0xffffff94][0xffffff8a][0xffffff82][0xffffffd4][0xfffffffa][0xffffffc2]2[0x17][0xffffffaa][0xffffffd2]j[0xb][0x1d][0xffffff8f]j[0x1b]W[0xffffffc8]G[0x19][0xffffffd5]i[0xfffffff5][0xffffff84][0xfffffff5]p[0xffffffa2]D5[0xffffff9e][0xffffff90]?5[0xffffffd4][0xffffffa9][0xffffffc6][0x12][0xffffffd6][0xffffffb9][0xffffff8a][0xffffff95]K[0xffffff81][\r]mP[0xffffff8c]\[0xe][0xffffff8a][0xffffff8f][0xffffffcb]A[0xffffffb1]q9(..[0x7][0xffffffc5][0xffffffc4][0xffffffe5][0xffffffa0]x[0xffffffb8][0x1c][0x14][0xb][0xffffff97][0x3][0xffffff99]=[[0xe]D[0x13][0x18][0xffffffca][0xffffff80]36[0xffffff94][0xffffff81].[0xfffffff3][0x18][0xffffffca]@[0xffffff95][0xffffffc5]0[0xffffff90][0xffffff83];[0xffffffd3]7[0x1f].[0xb])[0xffffffd8][0xfffffff0][0xffffffcb][0xfffffff1]ej4[0xfffffff0][0xffffffed]:![0xfffffff8]O[0x11]<N[0xffffffdf][0xffffffa6][0x13][0xffffff8d]:[0xffffffbe][0xfffffff1][0x8]I[0x11][0xffffffa7][0xfffffff3][0xffffffe3][0xffffffc7]uW[0xffffffd9]#[\r][0xffffffb2][0xffffffbb]-[0xffffffcb][0xffffffe9][0xffffffba][0xfffffffb][0xffffff9c][0xffffffbe][0x14]Q| [0xffffffba][0xfffffff6][0xffffffb5][0xffffffd2][0xffffffe3][0xffffffcd] }[0xffffffa1][0xffffffdc][0xffffffd5]J[0xffffff87][0xffffffa6][0x1b]W2S[0xffffffee]i[0xffffffa5]S[0xffffffe9] g[0xffffffca][0x1d][0xffffffad][0x4][0xffffff90][0xffffffd4]qf[0xffffffca][0xfffffffd][0xffffffac][0xffffffb4]x>p[0xfffffff5][0x12][0xffffffad][0xffffffdd][0xffffffac][0xffffffb4]([0xffffffb4][0xffffffae][0xffffffcc]V{Yi[0x0][0xffffffc7][0xffffff85]B[0xffffffb9][0xffffff93][0xffffffc5][0x1e][0xffffff80][0xffffffee][0xfffffff0][0xc][0xffffffb9][0xffffff8d][0xffffff95][0xffffffda][0xffffffd1][0xffffff8d]Y(7[0xffffffb1][0xffffffd8]"
11:26:51.244 [main] DEBUG org.apache.hc.client5.http.wire -- http-outgoing-4 << "[0xffffff8f]jT[0xffffffb0]B[0xffffffb9][0xffffff85][0xffffff95][\n]"
11:26:51.244 [main] DEBUG org.apache.hc.client5.http.wire -- http-outgoing-4 << "[0xffffffbf]T[0xffffffc7]#p[0x3][0xffffff8b][0x1d][0xffffff87][0xffffffa9]E[0xffffffd4][0xffffffee][0x15]o[0x3]K[0x1d]A[0xffffffa6][0xffffffdc][0xffffffbb]J%[0xffffffc5]:.w[0xffffffae]xYX[0xffffffea][0xffffff9f][0xffffff88]r[0xffffffdf][0xffffff8a][0xffffffd2]OB[0xffffff91]Y[0xffffffe9]Z%UW[0x16][0xffffff86][V,MUV[0x1a]V[0xffffffac][0xffffffc1]TV[0xffffffda]U[0xffffffcc][0xffffffaa][0xffffffce][0xffffffcc][0xffffffcd]j@[0xffffff8d][0xffffffd1]2[0xffffffa3][0xffffffd2][0xffffffa8][0x6]\z][0xffffff9e]*]j[0x10][0xffffffeb][0x4][0xffffffa5]C[0xfffffff5][0xffffffa4]t[0xffffffe5][0xffffffc5][0xffffffd2][0xffffff9d]z,,[0x13][0xffffffee]Li[0xffffffc7][0xfffffff3][0xffffffc6]pW[0xffffffea]pm[0xffffffcb]k[0xffffffdc][0xffffff92][0x2][0xffffff84][0xffffffb2]%[0xffffffdc][0xffffff8e][0x2][0x1e][0x9][0xffffffc8]k[0xffffffc1][0xffffffbd][0xffffffa8][0xffffffa5][0x5].O[0xffffff95]F[0xffffffd4]&[0xffffff83][0xffffff92][0x8]7[0xffffffa1]([\r][0xffffffb6][0xffffffcc][0xffffff87][0xffffffea][0xffffff95][0xffffffd5]3pN[0xffffffdc][0xffffff93][0xffffffe2]=[[0xffffffb6][0xffffffaa][0xfffffff6][0xffffffa3]X1[0xffffff9e][0xffffffbb][0xffffffc4]j3Jg6[0xffffff93][0xffffffd2][0xffffff88]*[0xffffffc7]G[0xffffff87]{P[0xffffffa5]+)[0xfffffffd]'[0xffffffc9]b![0xffffffa5][0xfffffff5][0xffffff94][0x1a]{[0xfffffff3][0xffffff8c][0xffffff8c][0xffffff89][0xffffffef][0xffffff97][0xffffffe9]q>_o[0xfffffffb][0xffffffd3]i:f[0xffffffa8]"[0xffffffd0][0xffffffcd][0xffffffae][0xfffffff3]912[0xffffffa2][0xffffff84][0xffffff81][\n]"
11:26:51.244 [main] DEBUG org.apache.hc.client5.http.wire -- http-outgoing-4 << "[0xffffffb9]|#"[0xffffffea]$[0xffffffde]vy?[0xffffffb4][0xffffff8f][0xfffffff8]a[0x19][0x1d]r[0xffffffa8]Htp[0xffffffa7]}>#[0xffffffd8][0xffffff87][0xffffffd1][0xffffff95][0xffffff8d]z[0xfffffffd][0xfffffff0][0xf][0xffffffe2][0x12][0xffffff8f][0xfffffff4]>[0x13][0x0][0x0]"
11:26:51.244 [main] DEBUG org.apache.hc.client5.http.impl.classic.InternalHttpClient -- ep-0000000005 releasing valid endpoint
11:26:51.244 [main] DEBUG org.apache.hc.client5.http.impl.io.PoolingHttpClientConnectionManager -- ep-0000000005 releasing endpoint
11:26:51.245 [main] DEBUG org.apache.hc.client5.http.impl.io.PoolingHttpClientConnectionManager -- ep-0000000005 connection http-outgoing-4 can be kept alive for 3 MINUTES
11:26:51.245 [main] DEBUG org.apache.hc.client5.http.impl.io.PoolingHttpClientConnectionManager -- ep-0000000005 connection released [route: {s}->https://raw.githubusercontent.com:443][total available: 1; route allocated: 1 of 5; total allocated: 2 of 25]
11:26:51.245 [main] DEBUG io.github.bonigarcia.wdm.versions.VersionDetector -- Driver for chrome120.0.6099.63 not found in online properties (using local versions.properties)
11:26:51.246 [main] DEBUG io.github.bonigarcia.wdm.WebDriverManager -- The driver version for CHROME 120.0.6099.63 is unknown ... trying with latest
11:26:51.250 [main] DEBUG org.apache.hc.client5.http.impl.classic.InternalHttpClient -- ex-0000000006 preparing request execution
11:26:51.250 [main] DEBUG org.apache.hc.client5.http.impl.classic.ProtocolExec -- ex-0000000006 target auth state: UNCHALLENGED
11:26:51.250 [main] DEBUG org.apache.hc.client5.http.impl.classic.ProtocolExec -- ex-0000000006 proxy auth state: UNCHALLENGED
11:26:51.250 [main] DEBUG org.apache.hc.client5.http.impl.classic.ConnectExec -- ex-0000000006 acquiring connection with route {s}->https://googlechromelabs.github.io:443
11:26:51.251 [main] DEBUG org.apache.hc.client5.http.impl.classic.InternalHttpClient -- ex-0000000006 acquiring endpoint (3 MINUTES)
11:26:51.251 [main] DEBUG org.apache.hc.client5.http.impl.io.PoolingHttpClientConnectionManager -- ex-0000000006 endpoint lease request (3 MINUTES) [route: {s}->https://googlechromelabs.github.io:443][total available: 1; route allocated: 1 of 5; total allocated: 2 of 25]
11:26:51.251 [main] DEBUG org.apache.hc.client5.http.impl.io.PoolingHttpClientConnectionManager -- ex-0000000006 endpoint leased [route: {s}->https://googlechromelabs.github.io:443][total available: 1; route allocated: 2 of 5; total allocated: 3 of 25]
11:26:51.251 [main] DEBUG org.apache.hc.client5.http.impl.io.PoolingHttpClientConnectionManager -- ex-0000000006 acquired ep-0000000006
11:26:51.251 [main] DEBUG org.apache.hc.client5.http.impl.classic.InternalHttpClient -- ex-0000000006 acquired endpoint ep-0000000006
11:26:51.251 [main] DEBUG org.apache.hc.client5.http.impl.classic.ConnectExec -- ex-0000000006 opening connection {s}->https://googlechromelabs.github.io:443
11:26:51.251 [main] DEBUG org.apache.hc.client5.http.impl.classic.InternalHttpClient -- ep-0000000006 connecting endpoint (null)
11:26:51.251 [main] DEBUG org.apache.hc.client5.http.impl.io.PoolingHttpClientConnectionManager -- ep-0000000006 connecting endpoint to https://googlechromelabs.github.io:443 (30 SECONDS)
11:26:51.251 [main] DEBUG org.apache.hc.client5.http.impl.io.DefaultHttpClientConnectionOperator -- googlechromelabs.github.io resolving remote address
11:26:51.251 [main] DEBUG org.apache.hc.client5.http.impl.io.DefaultHttpClientConnectionOperator -- googlechromelabs.github.io resolved to [googlechromelabs.github.io/185.199.108.153, googlechromelabs.github.io/185.199.111.153, googlechromelabs.github.io/185.199.110.153, googlechromelabs.github.io/185.199.109.153]
11:26:51.252 [main] DEBUG org.apache.hc.client5.http.impl.io.DefaultHttpClientConnectionOperator -- googlechromelabs.github.io:443 connecting null->googlechromelabs.github.io/185.199.108.153:443 (30 SECONDS)
11:26:51.252 [main] DEBUG org.apache.hc.client5.http.ssl.SSLConnectionSocketFactory -- Connecting socket to googlechromelabs.github.io/185.199.108.153:443 with timeout 30 SECONDS
11:26:51.288 [main] DEBUG org.apache.hc.client5.http.ssl.SSLConnectionSocketFactory -- Enabled protocols: [TLSv1.3, TLSv1.2]
11:26:51.288 [main] DEBUG org.apache.hc.client5.http.ssl.SSLConnectionSocketFactory -- Enabled cipher suites: [TLS_AES_256_GCM_SHA384, TLS_AES_128_GCM_SHA256, TLS_CHACHA20_POLY1305_SHA256, TLS_ECDHE_ECDSA_WITH_AES_256_GCM_SHA384, TLS_ECDHE_ECDSA_WITH_AES_128_GCM_SHA256, TLS_ECDHE_ECDSA_WITH_CHACHA20_POLY1305_SHA256, TLS_ECDHE_RSA_WITH_AES_256_GCM_SHA384, TLS_ECDHE_RSA_WITH_CHACHA20_POLY1305_SHA256, TLS_ECDHE_RSA_WITH_AES_128_GCM_SHA256, TLS_DHE_RSA_WITH_AES_256_GCM_SHA384, TLS_DHE_RSA_WITH_CHACHA20_POLY1305_SHA256, TLS_DHE_DSS_WITH_AES_256_GCM_SHA384, TLS_DHE_RSA_WITH_AES_128_GCM_SHA256, TLS_DHE_DSS_WITH_AES_128_GCM_SHA256, TLS_ECDHE_ECDSA_WITH_AES_256_CBC_SHA384, TLS_ECDHE_RSA_WITH_AES_256_CBC_SHA384, TLS_ECDHE_ECDSA_WITH_AES_128_CBC_SHA256, TLS_ECDHE_RSA_WITH_AES_128_CBC_SHA256, TLS_DHE_RSA_WITH_AES_256_CBC_SHA256, TLS_DHE_DSS_WITH_AES_256_CBC_SHA256, TLS_DHE_RSA_WITH_AES_128_CBC_SHA256, TLS_DHE_DSS_WITH_AES_128_CBC_SHA256, TLS_ECDHE_ECDSA_WITH_AES_256_CBC_SHA, TLS_ECDHE_RSA_WITH_AES_256_CBC_SHA, TLS_ECDHE_ECDSA_WITH_AES_128_CBC_SHA, TLS_ECDHE_RSA_WITH_AES_128_CBC_SHA, TLS_DHE_RSA_WITH_AES_256_CBC_SHA, TLS_DHE_DSS_WITH_AES_256_CBC_SHA, TLS_DHE_RSA_WITH_AES_128_CBC_SHA, TLS_DHE_DSS_WITH_AES_128_CBC_SHA, TLS_RSA_WITH_AES_256_GCM_SHA384, TLS_RSA_WITH_AES_128_GCM_SHA256, TLS_RSA_WITH_AES_256_CBC_SHA256, TLS_RSA_WITH_AES_128_CBC_SHA256, TLS_RSA_WITH_AES_256_CBC_SHA, TLS_RSA_WITH_AES_128_CBC_SHA, TLS_EMPTY_RENEGOTIATION_INFO_SCSV]
11:26:51.289 [main] DEBUG org.apache.hc.client5.http.ssl.SSLConnectionSocketFactory -- Starting handshake (null)
11:26:51.338 [main] DEBUG org.apache.hc.client5.http.ssl.SSLConnectionSocketFactory -- Secure session established
11:26:51.338 [main] DEBUG org.apache.hc.client5.http.ssl.SSLConnectionSocketFactory --  negotiated protocol: TLSv1.3
11:26:51.338 [main] DEBUG org.apache.hc.client5.http.ssl.SSLConnectionSocketFactory --  negotiated cipher suite: TLS_AES_128_GCM_SHA256
11:26:51.338 [main] DEBUG org.apache.hc.client5.http.ssl.SSLConnectionSocketFactory --  peer principal: CN=*.github.io, O="GitHub, Inc.", L=San Francisco, ST=California, C=US
11:26:51.338 [main] DEBUG org.apache.hc.client5.http.ssl.SSLConnectionSocketFactory --  peer alternative names: [*.github.io, github.io, *.github.com, github.com, www.github.com, *.githubusercontent.com, githubusercontent.com]
11:26:51.338 [main] DEBUG org.apache.hc.client5.http.ssl.SSLConnectionSocketFactory --  issuer principal: CN=DigiCert TLS RSA SHA256 2020 CA1, O=DigiCert Inc, C=US
11:26:51.338 [main] DEBUG org.apache.hc.client5.http.impl.io.DefaultManagedHttpClientConnection -- http-outgoing-5 set socket timeout to 3 MINUTES
11:26:51.338 [main] DEBUG org.apache.hc.client5.http.impl.io.DefaultHttpClientConnectionOperator -- googlechromelabs.github.io:443 connected null->googlechromelabs.github.io/185.199.108.153:443 as http-outgoing-5
11:26:51.338 [main] DEBUG org.apache.hc.client5.http.impl.io.PoolingHttpClientConnectionManager -- ep-0000000006 connected http-outgoing-5
11:26:51.338 [main] DEBUG org.apache.hc.client5.http.impl.classic.InternalHttpClient -- ep-0000000006 endpoint connected
11:26:51.338 [main] DEBUG org.apache.hc.client5.http.impl.classic.MainClientExec -- ex-0000000006 executing GET /chrome-for-testing/last-known-good-versions-with-downloads.json HTTP/1.1
11:26:51.338 [main] DEBUG org.apache.hc.client5.http.protocol.RequestAddCookies -- ex-0000000006 Cookie spec selected: strict
11:26:51.338 [main] DEBUG org.apache.hc.client5.http.impl.classic.InternalHttpClient -- ep-0000000006 start execution ex-0000000006
11:26:51.338 [main] DEBUG org.apache.hc.client5.http.impl.io.PoolingHttpClientConnectionManager -- ep-0000000006 executing exchange ex-0000000006 over http-outgoing-5
11:26:51.338 [main] DEBUG org.apache.hc.client5.http.headers -- http-outgoing-5 >> GET /chrome-for-testing/last-known-good-versions-with-downloads.json HTTP/1.1
11:26:51.338 [main] DEBUG org.apache.hc.client5.http.headers -- http-outgoing-5 >> user-agent: Apache-HttpClient/5.0
11:26:51.338 [main] DEBUG org.apache.hc.client5.http.headers -- http-outgoing-5 >> accept-encoding: gzip, deflate, br
11:26:51.338 [main] DEBUG org.apache.hc.client5.http.headers -- http-outgoing-5 >> cache-control: max-age=0
11:26:51.338 [main] DEBUG org.apache.hc.client5.http.headers -- http-outgoing-5 >> connection: keep-alive
11:26:51.338 [main] DEBUG org.apache.hc.client5.http.headers -- http-outgoing-5 >> Host: googlechromelabs.github.io
11:26:51.338 [main] DEBUG org.apache.hc.client5.http.wire -- http-outgoing-5 >> "GET /chrome-for-testing/last-known-good-versions-with-downloads.json HTTP/1.1[\r][\n]"
11:26:51.338 [main] DEBUG org.apache.hc.client5.http.wire -- http-outgoing-5 >> "user-agent: Apache-HttpClient/5.0[\r][\n]"
11:26:51.338 [main] DEBUG org.apache.hc.client5.http.wire -- http-outgoing-5 >> "accept-encoding: gzip, deflate, br[\r][\n]"
11:26:51.338 [main] DEBUG org.apache.hc.client5.http.wire -- http-outgoing-5 >> "cache-control: max-age=0[\r][\n]"
11:26:51.338 [main] DEBUG org.apache.hc.client5.http.wire -- http-outgoing-5 >> "connection: keep-alive[\r][\n]"
11:26:51.338 [main] DEBUG org.apache.hc.client5.http.wire -- http-outgoing-5 >> "Host: googlechromelabs.github.io[\r][\n]"
11:26:51.338 [main] DEBUG org.apache.hc.client5.http.wire -- http-outgoing-5 >> "[\r][\n]"
11:26:51.380 [main] DEBUG org.apache.hc.client5.http.wire -- http-outgoing-5 << "HTTP/1.1 200 OK[\r][\n]"
11:26:51.380 [main] DEBUG org.apache.hc.client5.http.wire -- http-outgoing-5 << "Connection: keep-alive[\r][\n]"
11:26:51.380 [main] DEBUG org.apache.hc.client5.http.wire -- http-outgoing-5 << "Content-Length: 639[\r][\n]"
11:26:51.380 [main] DEBUG org.apache.hc.client5.http.wire -- http-outgoing-5 << "Server: GitHub.com[\r][\n]"
11:26:51.380 [main] DEBUG org.apache.hc.client5.http.wire -- http-outgoing-5 << "Content-Type: application/json; charset=utf-8[\r][\n]"
11:26:51.380 [main] DEBUG org.apache.hc.client5.http.wire -- http-outgoing-5 << "permissions-policy: interest-cohort=()[\r][\n]"
11:26:51.380 [main] DEBUG org.apache.hc.client5.http.wire -- http-outgoing-5 << "x-origin-cache: HIT[\r][\n]"
11:26:51.380 [main] DEBUG org.apache.hc.client5.http.wire -- http-outgoing-5 << "Last-Modified: Thu, 21 Dec 2023 10:09:07 GMT[\r][\n]"
11:26:51.380 [main] DEBUG org.apache.hc.client5.http.wire -- http-outgoing-5 << "Access-Control-Allow-Origin: *[\r][\n]"
11:26:51.380 [main] DEBUG org.apache.hc.client5.http.wire -- http-outgoing-5 << "Strict-Transport-Security: max-age=31556952[\r][\n]"
11:26:51.380 [main] DEBUG org.apache.hc.client5.http.wire -- http-outgoing-5 << "ETag: W/"65840ec3-22ac"[\r][\n]"
11:26:51.380 [main] DEBUG org.apache.hc.client5.http.wire -- http-outgoing-5 << "expires: Thu, 21 Dec 2023 10:19:26 GMT[\r][\n]"
11:26:51.380 [main] DEBUG org.apache.hc.client5.http.wire -- http-outgoing-5 << "Cache-Control: max-age=600[\r][\n]"
11:26:51.380 [main] DEBUG org.apache.hc.client5.http.wire -- http-outgoing-5 << "Content-Encoding: gzip[\r][\n]"
11:26:51.380 [main] DEBUG org.apache.hc.client5.http.wire -- http-outgoing-5 << "x-proxy-cache: HIT[\r][\n]"
11:26:51.380 [main] DEBUG org.apache.hc.client5.http.wire -- http-outgoing-5 << "X-GitHub-Request-Id: B6B0:13CF72:40DE00C:4208092:65840FDC[\r][\n]"
11:26:51.380 [main] DEBUG org.apache.hc.client5.http.wire -- http-outgoing-5 << "Accept-Ranges: bytes[\r][\n]"
11:26:51.380 [main] DEBUG org.apache.hc.client5.http.wire -- http-outgoing-5 << "Date: Thu, 21 Dec 2023 10:26:54 GMT[\r][\n]"
11:26:51.380 [main] DEBUG org.apache.hc.client5.http.wire -- http-outgoing-5 << "Via: 1.1 varnish[\r][\n]"
11:26:51.380 [main] DEBUG org.apache.hc.client5.http.wire -- http-outgoing-5 << "Age: 23[\r][\n]"
11:26:51.381 [main] DEBUG org.apache.hc.client5.http.wire -- http-outgoing-5 << "X-Served-By: cache-mad22055-MAD[\r][\n]"
11:26:51.381 [main] DEBUG org.apache.hc.client5.http.wire -- http-outgoing-5 << "X-Cache: HIT[\r][\n]"
11:26:51.381 [main] DEBUG org.apache.hc.client5.http.wire -- http-outgoing-5 << "X-Cache-Hits: 1[\r][\n]"
11:26:51.381 [main] DEBUG org.apache.hc.client5.http.wire -- http-outgoing-5 << "X-Timer: S1703154414.035478,VS0,VE3[\r][\n]"
11:26:51.381 [main] DEBUG org.apache.hc.client5.http.wire -- http-outgoing-5 << "Vary: Accept-Encoding[\r][\n]"
11:26:51.381 [main] DEBUG org.apache.hc.client5.http.wire -- http-outgoing-5 << "X-Fastly-Request-ID: e24739c0111e78f35cd16e1abe86eccb65e6330a[\r][\n]"
11:26:51.381 [main] DEBUG org.apache.hc.client5.http.wire -- http-outgoing-5 << "[\r][\n]"
11:26:51.381 [main] DEBUG org.apache.hc.client5.http.headers -- http-outgoing-5 << HTTP/1.1 200 OK
11:26:51.381 [main] DEBUG org.apache.hc.client5.http.headers -- http-outgoing-5 << Connection: keep-alive
11:26:51.381 [main] DEBUG org.apache.hc.client5.http.headers -- http-outgoing-5 << Content-Length: 639
11:26:51.381 [main] DEBUG org.apache.hc.client5.http.headers -- http-outgoing-5 << Server: GitHub.com
11:26:51.381 [main] DEBUG org.apache.hc.client5.http.headers -- http-outgoing-5 << Content-Type: application/json; charset=utf-8
11:26:51.381 [main] DEBUG org.apache.hc.client5.http.headers -- http-outgoing-5 << permissions-policy: interest-cohort=()
11:26:51.381 [main] DEBUG org.apache.hc.client5.http.headers -- http-outgoing-5 << x-origin-cache: HIT
11:26:51.381 [main] DEBUG org.apache.hc.client5.http.headers -- http-outgoing-5 << Last-Modified: Thu, 21 Dec 2023 10:09:07 GMT
11:26:51.381 [main] DEBUG org.apache.hc.client5.http.headers -- http-outgoing-5 << Access-Control-Allow-Origin: *
11:26:51.381 [main] DEBUG org.apache.hc.client5.http.headers -- http-outgoing-5 << Strict-Transport-Security: max-age=31556952
11:26:51.381 [main] DEBUG org.apache.hc.client5.http.headers -- http-outgoing-5 << ETag: W/"65840ec3-22ac"
11:26:51.381 [main] DEBUG org.apache.hc.client5.http.headers -- http-outgoing-5 << expires: Thu, 21 Dec 2023 10:19:26 GMT
11:26:51.381 [main] DEBUG org.apache.hc.client5.http.headers -- http-outgoing-5 << Cache-Control: max-age=600
11:26:51.381 [main] DEBUG org.apache.hc.client5.http.headers -- http-outgoing-5 << Content-Encoding: gzip
11:26:51.381 [main] DEBUG org.apache.hc.client5.http.headers -- http-outgoing-5 << x-proxy-cache: HIT
11:26:51.381 [main] DEBUG org.apache.hc.client5.http.headers -- http-outgoing-5 << X-GitHub-Request-Id: B6B0:13CF72:40DE00C:4208092:65840FDC
11:26:51.381 [main] DEBUG org.apache.hc.client5.http.headers -- http-outgoing-5 << Accept-Ranges: bytes
11:26:51.381 [main] DEBUG org.apache.hc.client5.http.headers -- http-outgoing-5 << Date: Thu, 21 Dec 2023 10:26:54 GMT
11:26:51.381 [main] DEBUG org.apache.hc.client5.http.headers -- http-outgoing-5 << Via: 1.1 varnish
11:26:51.381 [main] DEBUG org.apache.hc.client5.http.headers -- http-outgoing-5 << Age: 23
11:26:51.381 [main] DEBUG org.apache.hc.client5.http.headers -- http-outgoing-5 << X-Served-By: cache-mad22055-MAD
11:26:51.381 [main] DEBUG org.apache.hc.client5.http.headers -- http-outgoing-5 << X-Cache: HIT
11:26:51.381 [main] DEBUG org.apache.hc.client5.http.headers -- http-outgoing-5 << X-Cache-Hits: 1
11:26:51.381 [main] DEBUG org.apache.hc.client5.http.headers -- http-outgoing-5 << X-Timer: S1703154414.035478,VS0,VE3
11:26:51.381 [main] DEBUG org.apache.hc.client5.http.headers -- http-outgoing-5 << Vary: Accept-Encoding
11:26:51.381 [main] DEBUG org.apache.hc.client5.http.headers -- http-outgoing-5 << X-Fastly-Request-ID: e24739c0111e78f35cd16e1abe86eccb65e6330a
11:26:51.382 [main] DEBUG org.apache.hc.client5.http.impl.classic.MainClientExec -- ex-0000000006 connection can be kept alive for 3 MINUTES
11:26:51.382 [main] DEBUG org.apache.hc.client5.http.wire -- http-outgoing-5 << "[0x1f][0xffffff8b][0x8][0x0][0x0][0x0][0x0][0x0][0x0][0x3][0xffffffcd][0xffffff96][0xffffffcb][0xffffff8e][0xffffff9b]0[0x14][0xffffff86][0xfffffff7]}[0xc][0xffffffaf][0xffffffb9][0xffffffd9]D[0x10]XN[0xfffffffb][0x6][0xffffffed][0xffffffaa]U[0x17]np[0x13]$[0x3][0x11]x2m#[0xffffffde][0xffffffbd][0xffffff86][0x18][0xffffff86][0xffffff8b][0xffffffcd][0xffffffac][0xffffffe2][0xffffffc3][0xffffff8a][0xffffffe4]`[0xffffffce][0xfffffff9]A[0xffffff9f][0xffffff8e][0xffffffbe];[0x12]y[0xffffffc1][0x1a]A[0xffffff8b]+J[0x11][0x9]H[0xffffffe8]b[0xffffffe2][0xffffff92][0xffffffe0][0x1b]!ipL[0xf][0xffffff81][0x17][0xffffffc5][0xffffffc7][0xffffffef][0xffffffc8]A[0xffffffa7][0xb]-K[0xffffffc6][0x1b][0xffffff94][0xffffffde][0xffffffd1]WA[0x7f]q[0xffffffd6][0xfffffffd]RU[0xfffffff9][0xffffffa8][0xffffffaa]9[0xffffffe8][0xffffffc6][0xffffffea]&[0xffffffaf]JY[0xffffffc2]$[0xfffffff0][0xffffffe4][0xfffffff3]A[0xffffff92]x8H[0xffffffe4][0xffffffad][0xffffff9a][0xffffffdd][0xfffffff2][0xfffffff1][0x1e][0xffffff8e][0xffffffc3][0xffffff88][0xffffffc8]bV[0xffffffbd][0xffffff95][0xffffffbc][0xffffffa2]Y[0xfffffff3][0xffffffe8]WW[0xffffff85][0xffffffec][0xfffffffc][0xffffffe3][0xffffff8e][0xffffffae][0xffffff9c][0xffffff8a][0xffffffdf]U][0xffffffc8][0xffffffc3]</_[0xffffffff]D[0x7]y[0xfffffff8][0xffffffb5][0xffffffee]f][0xffffff84][0xffffffb8]6[0xffffffa9][0xffffffef][0xffffffb3][0xffffffec][0xffffffcc]2[0xffffffee][0x15][0xffffffcc];[0xffffffdf][0x4][0xfffffff6]NU[0xffffffa1]J[0xfffffffe][0xffffffa3][0xffffff8f][0xffffffba][0xffffffb8][0xffffffb2][0xffffff8d]+[0xffffffe4]K[0xffffffe6][0xffffffe5][0xffffffd9][0xffffff9f][0xffffff87][0xfffffff2]U[0xffffffeb][0xffffffe1][0xffffffa4][0xfffffffa][0xffffffeb][0xfffffffd][0xffffffcb][0xffffffaf][0xffffffa8]uf![\n]"
11:26:51.382 [main] DEBUG org.apache.hc.client5.http.wire -- http-outgoing-5 << "zri]<'[0xffffffc6][0xffffffd8]|8;[0x16]LQ[0xffffff9e][0xfffffff4]=T[0xffffffeb]i[0xc][0xffffffc3][0xfffffff7]x[0xffffffcb][0xffffffcb][0xffffff90]<#B[0xffffffdf]x8[0xffffffd7][0xffffffff]1[0xffffff8c][0x7f][0xffffffce][0x17][0xffffffe8][0x1b]O[0xffffffc6][0xf]o[0xffffffff][0xffffffd3]Qtfu.[0x19][0x7]c[0xfffffff4]1~7[0xffffffa4][0xffffffaa]8[0xfffffffb][0xffffffe0]u[0x12][0x6][0xffffff92]Z[0x15][0x3][0xffffff96][0xffffffdd][0xfffffff7][0x10]+[0xffffff82][0xffffffdd][0xb][0xffffffa3][0x19]gM[0xffffffe3]6[0x17][0xffffffc6]9[0x18][0xffffffca][0xffffff8b][0x1c][0xffffffbb]az[0xffffff99]k[0x1f]p[0xffffffeb]RAR[0xffffffbe][0xffffffcc][0x3][0xffffff8b][0xffffffbb]&[0xffffffcd][0xffffffc8]}[0xffffffdb]:[0xffffffe8][0xffffff85][0x9]:7[0xffffff96][0xffffffbe]2[0xfffffff7][0x15][0xffffffdc]u[0xffffffc7]Q[0xffffffec][0xffffffe1]h[0xffffffa9]+a[0xffffff88][0xffffff83][0x18]BW&[0xffffff99][0x0]me[0xffffff9a][0x2]RV[0xffffff96]9[0xffffffec][0xffffffbb][0xffffffca]4[0xffffff81]}UYL[0xffffff87]7[0x15]3[0xffffff9e][0xfffffff6]Ee[0xb]R[0xfffffffb][0xffffff9e]bF[0xffffffd5][0xffffffae][0xffffffa6][0xffffff98][0xffffff80][0xffffffb5]i)&l[0xfffffff7]")[0x1b]K[0x16][0xffffffce]Q6w.[0xffffff9c][0xffffffa2]l[0xffffffac]`[0x18]C1nd[0x8]A1.[0xffffffe8][0xf][0xfffffffc][0xffffffe4][0xb][0xffffffbb][0xffffffcd][0xfffffff5][0xffffffa4]+[0xffffffcc][0xffffffed][0xffffff84][0xfffffff4][0xffffffad][0xffffff8f][0xfffffff2][0xffffffb2][0xffffff92][0xffffff93](>[0x1c]![0xffffffe4][0xffffffe4]=[0x12][0xffffffa0][0xffffff9b]LB@[0xffffffaa][0xffffffc9]"[0xffffff86]}3[0xffffff99][0x4][0xffffffb0]/&[0xfffffff3][0xffffffe1][0xfffffff0]^b$[0xffffffd3][0xffffffbe][0xffffff96]l[0xfffffff0]i[0xffffffdf]J[0xffffff8c][0xffffff94][0xffffffda][0xffffff95][0x12][0x3][0xffffffab]6[0xffffff9d][0xffffffc4]@[0xffffffec]^[0xffffff94][0xffffffc4][0xffffffbc]Z[0xffffffe1][0xffffff8c]dk[0xffffffd3][0xffffffc2][0x9][0xffffff89]y[0xfffffff1][0xffffffc2][0xfffffff8][0xffffff88]i[0xf]C[0xffffffe8][0xffffff88]i-[0x7f]`#[0xffffff9f]iI[0xffffffeb][0xffffffbf]s!Q5[0xffffff9d][0xffffff93]$[0xffffffb1][0xffffffc6]I[0xffffff92][0xffffffe8][0xffffff80][0xffffffe1][0xffffff9c][0xffffffa4][0xffffff8b][0x4][0xffffffee]$}[0x8]x'[0x19]c@9I[0x1f][0x0][0xffffffca]I[0xffffff86][0xffffffe1]{q[0x12][\r][0xffffff99]PN[0xffffffa2][0xffffffe5][0x13][0xffffffca]I4[0xffffff94]B8[0xffffffc9][0xffffff8a]U[0xfffffffb]N[0xffffffb2]"v_N[0xffffffa2][[0xffffffad][0xffffffd0]N[0xffffffa2][0xffffffdf][0xffffffb4][0xffffffd0]N[0xffffffa2][[0xffffffbc][0xffffff90]N[0xffffffb2][0xffffffde][0xffffffc3]pN[0xffffffb2]^[0xffffffcb][0xffffff9b]N[0xffffffd2][0xffffffb6][0xffffff9f][0xfffffffe][0x3][0x1f][0x19][0xb]V[0xffffffac]"[0x0][0x0]"
11:26:51.384 [main] DEBUG org.apache.hc.client5.http.impl.classic.InternalHttpClient -- ep-0000000006 releasing valid endpoint
11:26:51.384 [main] DEBUG org.apache.hc.client5.http.impl.io.PoolingHttpClientConnectionManager -- ep-0000000006 releasing endpoint
11:26:51.384 [main] DEBUG org.apache.hc.client5.http.impl.io.PoolingHttpClientConnectionManager -- ep-0000000006 connection http-outgoing-5 can be kept alive for 3 MINUTES
11:26:51.385 [main] DEBUG org.apache.hc.client5.http.impl.io.PoolingHttpClientConnectionManager -- ep-0000000006 connection released [route: {s}->https://googlechromelabs.github.io:443][total available: 2; route allocated: 2 of 5; total allocated: 3 of 25]
11:26:51.391 [main] DEBUG io.github.bonigarcia.wdm.WebDriverManager -- Driver chromedriver 120.0.6099.109 found in cache
11:26:51.391 [main] INFO io.github.bonigarcia.wdm.WebDriverManager -- Exporting webdriver.chrome.driver as C:\Users\info\.cache\selenium\chromedriver\win64\120.0.6099.109\chromedriver.exe
Inside Step - browser is open
  Given browser is open                     # com.sdetadda.allure.GoogleSearch.browser_is_open()
Inside Step - user is on google search page
  And user is on google search page         # com.sdetadda.allure.GoogleSearch.user_is_on_google_search_page()
Inside Step - user enters a text in search box
  When user enters a text in search box     # com.sdetadda.allure.GoogleSearch.user_enters_a_text_in_search_box()
  And hits enter                            # com.sdetadda.allure.GoogleSearch.hits_enter()
      org.openqa.selenium.NoSuchElementException: no such element: Unable to locate element: {"method":"css selector","selector":"*[name='qb']"}
  (Session info: chrome=120.0.6099.110)
For documentation on this error, please visit: https://www.selenium.dev/documentation/webdriver/troubleshooting/errors#no-such-element-exception
Build info: version: '4.16.1', revision: '9b4c83354e'
System info: os.name: 'Windows 10', os.arch: 'amd64', os.version: '10.0', java.version: '21.0.1'
Driver info: org.openqa.selenium.chrome.ChromeDriver
Command: [68123202ace38480c47ad217aeff79eb, findElement {using=name, value=qb}]
Capabilities {acceptInsecureCerts: false, browserName: chrome, browserVersion: 120.0.6099.110, chrome: {chromedriverVersion: 120.0.6099.109 (3419140ab66..., userDataDir: C:\WINDOWS\SystemTemp\scope...}, fedcm:accounts: true, goog:chromeOptions: {debuggerAddress: localhost:62498}, networkConnectionEnabled: false, pageLoadStrategy: normal, platformName: windows, proxy: Proxy(), se:cdp: ws://localhost:62498/devtoo..., se:cdpVersion: 120.0.6099.110, setWindowRect: true, strictFileInteractability: false, timeouts: {implicit: 0, pageLoad: 300000, script: 30000}, unhandledPromptBehavior: dismiss and notify, webauthn:extension:credBlob: true, webauthn:extension:largeBlob: true, webauthn:extension:minPinLength: true, webauthn:extension:prf: true, webauthn:virtualAuthenticators: true}
Session ID: 68123202ace38480c47ad217aeff79eb
	at java.base/jdk.internal.reflect.DirectConstructorHandleAccessor.newInstance(DirectConstructorHandleAccessor.java:62)
	at java.base/java.lang.reflect.Constructor.newInstanceWithCaller(Constructor.java:502)
	at java.base/java.lang.reflect.Constructor.newInstance(Constructor.java:486)
	at org.openqa.selenium.remote.codec.w3c.W3CHttpResponseCodec.createException(W3CHttpResponseCodec.java:200)
	at org.openqa.selenium.remote.codec.w3c.W3CHttpResponseCodec.decode(W3CHttpResponseCodec.java:133)
	at org.openqa.selenium.remote.codec.w3c.W3CHttpResponseCodec.decode(W3CHttpResponseCodec.java:52)
	at org.openqa.selenium.remote.HttpCommandExecutor.execute(HttpCommandExecutor.java:191)
	at org.openqa.selenium.remote.service.DriverCommandExecutor.invokeExecute(DriverCommandExecutor.java:200)
	at org.openqa.selenium.remote.service.DriverCommandExecutor.execute(DriverCommandExecutor.java:175)
	at org.openqa.selenium.remote.RemoteWebDriver.execute(RemoteWebDriver.java:523)
	at org.openqa.selenium.remote.ElementLocation$ElementFinder$2.findElement(ElementLocation.java:165)
	at org.openqa.selenium.remote.ElementLocation.findElement(ElementLocation.java:59)
	at org.openqa.selenium.remote.RemoteWebDriver.findElement(RemoteWebDriver.java:360)
	at org.openqa.selenium.remote.RemoteWebDriver.findElement(RemoteWebDriver.java:354)
	at com.sdetadda.allure.GoogleSearch.hits_enter(GoogleSearch.java:46)
	at ✽.hits enter(file:///C:/Users/info/eclipse-workspace/AllureReportDemo/src/test/resources/Features/GoogleSearch.feature:14)

  Then user is navigated to search results  # com.sdetadda.allure.GoogleSearch.user_is_navigated_to_search_results()
]]></system-out>
    <system-err><![CDATA[org.openqa.selenium.JavascriptException: javascript error: document.readyState.equals is not a function
  (Session info: chrome=120.0.6099.110)
Build info: version: '4.16.1', revision: '9b4c83354e'
System info: os.name: 'Windows 10', os.arch: 'amd64', os.version: '10.0', java.version: '21.0.1'
Driver info: org.openqa.selenium.chrome.ChromeDriver
Command: [6d2a6d2e6524917c859b85e8e98d3125, executeScript {script=return document.readyState.equals('complete');, args=[]}]
Capabilities {acceptInsecureCerts: false, browserName: chrome, browserVersion: 120.0.6099.110, chrome: {chromedriverVersion: 120.0.6099.109 (3419140ab66..., userDataDir: C:\WINDOWS\SystemTemp\scope...}, fedcm:accounts: true, goog:chromeOptions: {debuggerAddress: localhost:62483}, networkConnectionEnabled: false, pageLoadStrategy: normal, platformName: windows, proxy: Proxy(), se:cdp: ws://localhost:62483/devtoo..., se:cdpVersion: 120.0.6099.110, setWindowRect: true, strictFileInteractability: false, timeouts: {implicit: 0, pageLoad: 300000, script: 30000}, unhandledPromptBehavior: dismiss and notify, webauthn:extension:credBlob: true, webauthn:extension:largeBlob: true, webauthn:extension:minPinLength: true, webauthn:extension:prf: true, webauthn:virtualAuthenticators: true}
Session ID: 6d2a6d2e6524917c859b85e8e98d3125
	at java.base/jdk.internal.reflect.DirectConstructorHandleAccessor.newInstance(DirectConstructorHandleAccessor.java:62)
	at java.base/java.lang.reflect.Constructor.newInstanceWithCaller(Constructor.java:502)
	at java.base/java.lang.reflect.Constructor.newInstance(Constructor.java:486)
	at org.openqa.selenium.remote.codec.w3c.W3CHttpResponseCodec.createException(W3CHttpResponseCodec.java:200)
	at org.openqa.selenium.remote.codec.w3c.W3CHttpResponseCodec.decode(W3CHttpResponseCodec.java:133)
	at org.openqa.selenium.remote.codec.w3c.W3CHttpResponseCodec.decode(W3CHttpResponseCodec.java:52)
	at org.openqa.selenium.remote.HttpCommandExecutor.execute(HttpCommandExecutor.java:191)
	at org.openqa.selenium.remote.service.DriverCommandExecutor.invokeExecute(DriverCommandExecutor.java:200)
	at org.openqa.selenium.remote.service.DriverCommandExecutor.execute(DriverCommandExecutor.java:175)
	at org.openqa.selenium.remote.RemoteWebDriver.execute(RemoteWebDriver.java:523)
	at org.openqa.selenium.remote.RemoteWebDriver.executeScript(RemoteWebDriver.java:468)
	at com.sdetadda.allure.Hooks.waitForPageLoad(Hooks.java:74)
	at com.sdetadda.allure.Hooks.captureScreenshot(Hooks.java:40)
	at com.sdetadda.allure.Hooks.afterScenario(Hooks.java:29)
	at java.base/jdk.internal.reflect.DirectMethodHandleAccessor.invoke(DirectMethodHandleAccessor.java:103)
	at java.base/java.lang.reflect.Method.invoke(Method.java:580)
	at io.cucumber.java.Invoker.doInvoke(Invoker.java:66)
	at io.cucumber.java.Invoker.invoke(Invoker.java:24)
	at io.cucumber.java.AbstractGlueDefinition.invokeMethod(AbstractGlueDefinition.java:47)
	at io.cucumber.java.JavaHookDefinition.execute(JavaHookDefinition.java:64)
	at io.cucumber.core.runner.CoreHookDefinition.execute(CoreHookDefinition.java:46)
	at io.cucumber.core.runner.HookDefinitionMatch.runStep(HookDefinitionMatch.java:21)
	at io.cucumber.core.runner.ExecutionMode$1.execute(ExecutionMode.java:10)
	at io.cucumber.core.runner.TestStep.executeStep(TestStep.java:84)
	at io.cucumber.core.runner.TestStep.run(TestStep.java:56)
	at io.cucumber.core.runner.TestCase.run(TestCase.java:90)
	at io.cucumber.core.runner.Runner.runPickle(Runner.java:75)
	at io.cucumber.junit.PickleRunners$NoStepDescriptions.lambda$run$0(PickleRunners.java:151)
	at io.cucumber.core.runtime.CucumberExecutionContext.lambda$runTestCase$5(CucumberExecutionContext.java:137)
	at io.cucumber.core.runtime.RethrowingThrowableCollector.executeAndThrow(RethrowingThrowableCollector.java:23)
	at io.cucumber.core.runtime.CucumberExecutionContext.runTestCase(CucumberExecutionContext.java:137)
	at io.cucumber.junit.PickleRunners$NoStepDescriptions.run(PickleRunners.java:148)
	at io.cucumber.junit.FeatureRunner.runChild(FeatureRunner.java:144)
	at io.cucumber.junit.FeatureRunner.runChild(FeatureRunner.java:28)
	at org.junit.runners.ParentRunner$4.run(ParentRunner.java:331)
	at org.junit.runners.ParentRunner$1.schedule(ParentRunner.java:79)
	at org.junit.runners.ParentRunner.runChildren(ParentRunner.java:329)
	at org.junit.runners.ParentRunner.access$100(ParentRunner.java:66)
	at org.junit.runners.ParentRunner$2.evaluate(ParentRunner.java:293)
	at org.junit.runners.ParentRunner$3.evaluate(ParentRunner.java:306)
	at org.junit.runners.ParentRunner.run(ParentRunner.java:413)
	at io.cucumber.junit.FeatureRunner.run(FeatureRunner.java:137)
	at io.cucumber.junit.Cucumber.runChild(Cucumber.java:196)
	at io.cucumber.junit.Cucumber.runChild(Cucumber.java:89)
	at org.junit.runners.ParentRunner$4.run(ParentRunner.java:331)
	at org.junit.runners.ParentRunner$1.schedule(ParentRunner.java:79)
	at org.junit.runners.ParentRunner.runChildren(ParentRunner.java:329)
	at org.junit.runners.ParentRunner.access$100(ParentRunner.java:66)
	at org.junit.runners.ParentRunner$2.evaluate(ParentRunner.java:293)
	at io.cucumber.core.runtime.CucumberExecutionContext.lambda$runFeatures$6(CucumberExecutionContext.java:148)
	at io.cucumber.core.runtime.CucumberExecutionContext.execute(CucumberExecutionContext.java:163)
	at io.cucumber.core.runtime.CucumberExecutionContext.runFeatures(CucumberExecutionContext.java:146)
	at io.cucumber.junit.Cucumber$StartAndFinishTestRun.evaluate(Cucumber.java:226)
	at org.junit.runners.ParentRunner$3.evaluate(ParentRunner.java:306)
	at org.junit.runners.ParentRunner.run(ParentRunner.java:413)
	at org.junit.runner.JUnitCore.run(JUnitCore.java:137)
	at org.junit.runner.JUnitCore.run(JUnitCore.java:115)
	at org.junit.vintage.engine.execution.RunnerExecutor.execute(RunnerExecutor.java:42)
	at org.junit.vintage.engine.VintageTestEngine.executeAllChildren(VintageTestEngine.java:80)
	at org.junit.vintage.engine.VintageTestEngine.execute(VintageTestEngine.java:72)
	at org.junit.platform.launcher.core.EngineExecutionOrchestrator.execute(EngineExecutionOrchestrator.java:147)
	at org.junit.platform.launcher.core.EngineExecutionOrchestrator.execute(EngineExecutionOrchestrator.java:127)
	at org.junit.platform.launcher.core.EngineExecutionOrchestrator.execute(EngineExecutionOrchestrator.java:90)
	at org.junit.platform.launcher.core.EngineExecutionOrchestrator.lambda$execute$0(EngineExecutionOrchestrator.java:55)
	at org.junit.platform.launcher.core.EngineExecutionOrchestrator.withInterceptedStreams(EngineExecutionOrchestrator.java:102)
	at org.junit.platform.launcher.core.EngineExecutionOrchestrator.execute(EngineExecutionOrchestrator.java:54)
	at org.junit.platform.launcher.core.DefaultLauncher.execute(DefaultLauncher.java:114)
	at org.junit.platform.launcher.core.DefaultLauncher.execute(DefaultLauncher.java:86)
	at org.junit.platform.launcher.core.DefaultLauncherSession$DelegatingLauncher.execute(DefaultLauncherSession.java:86)
	at org.apache.maven.surefire.junitplatform.LazyLauncher.execute(LazyLauncher.java:56)
	at org.apache.maven.surefire.junitplatform.JUnitPlatformProvider.execute(JUnitPlatformProvider.java:184)
	at org.apache.maven.surefire.junitplatform.JUnitPlatformProvider.invokeAllTests(JUnitPlatformProvider.java:148)
	at org.apache.maven.surefire.junitplatform.JUnitPlatformProvider.invoke(JUnitPlatformProvider.java:122)
	at org.apache.maven.surefire.booter.ForkedBooter.runSuitesInProcess(ForkedBooter.java:385)
	at org.apache.maven.surefire.booter.ForkedBooter.execute(ForkedBooter.java:162)
	at org.apache.maven.surefire.booter.ForkedBooter.run(ForkedBooter.java:507)
	at org.apache.maven.surefire.booter.ForkedBooter.main(ForkedBooter.java:495)
]]></system-err>
  </testcase>
  <testcase name="Check login invalid with invalid information #1" classname="Test the login functionality" time="10.565">
    <system-out><![CDATA[
@google @search @severity=blocker @issue=6 @tmsLink=45678
Scenario: Check login invalid with invalid information                                 # src/test/resources/Features/Login.feature:19
11:26:55.261 [main] DEBUG io.github.bonigarcia.wdm.WebDriverManager -- Using WebDriverManager 5.6.2
11:26:55.274 [main] WARN io.github.bonigarcia.wdm.versions.VersionDetector -- Exception reading CfT URL ('null') to get version of chromedriver (For input string: "120.0.6099.63")
11:26:55.274 [main] DEBUG org.apache.hc.client5.http.impl.classic.InternalHttpClient -- ex-0000000007 preparing request execution
11:26:55.274 [main] DEBUG org.apache.hc.client5.http.impl.classic.ProtocolExec -- ex-0000000007 target auth state: UNCHALLENGED
11:26:55.274 [main] DEBUG org.apache.hc.client5.http.impl.classic.ProtocolExec -- ex-0000000007 proxy auth state: UNCHALLENGED
11:26:55.275 [main] DEBUG org.apache.hc.client5.http.impl.classic.ConnectExec -- ex-0000000007 acquiring connection with route {s}->https://googlechromelabs.github.io:443
11:26:55.275 [main] DEBUG org.apache.hc.client5.http.impl.classic.InternalHttpClient -- ex-0000000007 acquiring endpoint (3 MINUTES)
11:26:55.275 [main] DEBUG org.apache.hc.client5.http.impl.io.PoolingHttpClientConnectionManager -- ex-0000000007 endpoint lease request (3 MINUTES) [route: {s}->https://googlechromelabs.github.io:443][total available: 0; route allocated: 0 of 5; total allocated: 0 of 25]
11:26:55.275 [main] DEBUG org.apache.hc.client5.http.impl.io.PoolingHttpClientConnectionManager -- ex-0000000007 endpoint leased [route: {s}->https://googlechromelabs.github.io:443][total available: 0; route allocated: 1 of 5; total allocated: 1 of 25]
11:26:55.275 [main] DEBUG org.apache.hc.client5.http.impl.io.PoolingHttpClientConnectionManager -- ex-0000000007 acquired ep-0000000007
11:26:55.275 [main] DEBUG org.apache.hc.client5.http.impl.classic.InternalHttpClient -- ex-0000000007 acquired endpoint ep-0000000007
11:26:55.275 [main] DEBUG org.apache.hc.client5.http.impl.classic.ConnectExec -- ex-0000000007 opening connection {s}->https://googlechromelabs.github.io:443
11:26:55.275 [main] DEBUG org.apache.hc.client5.http.impl.classic.InternalHttpClient -- ep-0000000007 connecting endpoint (null)
11:26:55.275 [main] DEBUG org.apache.hc.client5.http.impl.io.PoolingHttpClientConnectionManager -- ep-0000000007 connecting endpoint to https://googlechromelabs.github.io:443 (30 SECONDS)
11:26:55.275 [main] DEBUG org.apache.hc.client5.http.impl.io.DefaultHttpClientConnectionOperator -- googlechromelabs.github.io resolving remote address
11:26:55.275 [main] DEBUG org.apache.hc.client5.http.impl.io.DefaultHttpClientConnectionOperator -- googlechromelabs.github.io resolved to [googlechromelabs.github.io/185.199.108.153, googlechromelabs.github.io/185.199.111.153, googlechromelabs.github.io/185.199.110.153, googlechromelabs.github.io/185.199.109.153]
11:26:55.275 [main] DEBUG org.apache.hc.client5.http.impl.io.DefaultHttpClientConnectionOperator -- googlechromelabs.github.io:443 connecting null->googlechromelabs.github.io/185.199.108.153:443 (30 SECONDS)
11:26:55.275 [main] DEBUG org.apache.hc.client5.http.ssl.SSLConnectionSocketFactory -- Connecting socket to googlechromelabs.github.io/185.199.108.153:443 with timeout 30 SECONDS
11:26:55.315 [main] DEBUG org.apache.hc.client5.http.ssl.SSLConnectionSocketFactory -- Enabled protocols: [TLSv1.3, TLSv1.2]
11:26:55.315 [main] DEBUG org.apache.hc.client5.http.ssl.SSLConnectionSocketFactory -- Enabled cipher suites: [TLS_AES_256_GCM_SHA384, TLS_AES_128_GCM_SHA256, TLS_CHACHA20_POLY1305_SHA256, TLS_ECDHE_ECDSA_WITH_AES_256_GCM_SHA384, TLS_ECDHE_ECDSA_WITH_AES_128_GCM_SHA256, TLS_ECDHE_ECDSA_WITH_CHACHA20_POLY1305_SHA256, TLS_ECDHE_RSA_WITH_AES_256_GCM_SHA384, TLS_ECDHE_RSA_WITH_CHACHA20_POLY1305_SHA256, TLS_ECDHE_RSA_WITH_AES_128_GCM_SHA256, TLS_DHE_RSA_WITH_AES_256_GCM_SHA384, TLS_DHE_RSA_WITH_CHACHA20_POLY1305_SHA256, TLS_DHE_DSS_WITH_AES_256_GCM_SHA384, TLS_DHE_RSA_WITH_AES_128_GCM_SHA256, TLS_DHE_DSS_WITH_AES_128_GCM_SHA256, TLS_ECDHE_ECDSA_WITH_AES_256_CBC_SHA384, TLS_ECDHE_RSA_WITH_AES_256_CBC_SHA384, TLS_ECDHE_ECDSA_WITH_AES_128_CBC_SHA256, TLS_ECDHE_RSA_WITH_AES_128_CBC_SHA256, TLS_DHE_RSA_WITH_AES_256_CBC_SHA256, TLS_DHE_DSS_WITH_AES_256_CBC_SHA256, TLS_DHE_RSA_WITH_AES_128_CBC_SHA256, TLS_DHE_DSS_WITH_AES_128_CBC_SHA256, TLS_ECDHE_ECDSA_WITH_AES_256_CBC_SHA, TLS_ECDHE_RSA_WITH_AES_256_CBC_SHA, TLS_ECDHE_ECDSA_WITH_AES_128_CBC_SHA, TLS_ECDHE_RSA_WITH_AES_128_CBC_SHA, TLS_DHE_RSA_WITH_AES_256_CBC_SHA, TLS_DHE_DSS_WITH_AES_256_CBC_SHA, TLS_DHE_RSA_WITH_AES_128_CBC_SHA, TLS_DHE_DSS_WITH_AES_128_CBC_SHA, TLS_RSA_WITH_AES_256_GCM_SHA384, TLS_RSA_WITH_AES_128_GCM_SHA256, TLS_RSA_WITH_AES_256_CBC_SHA256, TLS_RSA_WITH_AES_128_CBC_SHA256, TLS_RSA_WITH_AES_256_CBC_SHA, TLS_RSA_WITH_AES_128_CBC_SHA, TLS_EMPTY_RENEGOTIATION_INFO_SCSV]
11:26:55.315 [main] DEBUG org.apache.hc.client5.http.ssl.SSLConnectionSocketFactory -- Starting handshake (null)
11:26:55.362 [main] DEBUG org.apache.hc.client5.http.ssl.SSLConnectionSocketFactory -- Secure session established
11:26:55.362 [main] DEBUG org.apache.hc.client5.http.ssl.SSLConnectionSocketFactory --  negotiated protocol: TLSv1.3
11:26:55.362 [main] DEBUG org.apache.hc.client5.http.ssl.SSLConnectionSocketFactory --  negotiated cipher suite: TLS_AES_128_GCM_SHA256
11:26:55.362 [main] DEBUG org.apache.hc.client5.http.ssl.SSLConnectionSocketFactory --  peer principal: CN=*.github.io, O="GitHub, Inc.", L=San Francisco, ST=California, C=US
11:26:55.362 [main] DEBUG org.apache.hc.client5.http.ssl.SSLConnectionSocketFactory --  peer alternative names: [*.github.io, github.io, *.github.com, github.com, www.github.com, *.githubusercontent.com, githubusercontent.com]
11:26:55.362 [main] DEBUG org.apache.hc.client5.http.ssl.SSLConnectionSocketFactory --  issuer principal: CN=DigiCert TLS RSA SHA256 2020 CA1, O=DigiCert Inc, C=US
11:26:55.362 [main] DEBUG org.apache.hc.client5.http.impl.io.DefaultManagedHttpClientConnection -- http-outgoing-6 set socket timeout to 3 MINUTES
11:26:55.362 [main] DEBUG org.apache.hc.client5.http.impl.io.DefaultHttpClientConnectionOperator -- googlechromelabs.github.io:443 connected null->googlechromelabs.github.io/185.199.108.153:443 as http-outgoing-6
11:26:55.362 [main] DEBUG org.apache.hc.client5.http.impl.io.PoolingHttpClientConnectionManager -- ep-0000000007 connected http-outgoing-6
11:26:55.362 [main] DEBUG org.apache.hc.client5.http.impl.classic.InternalHttpClient -- ep-0000000007 endpoint connected
11:26:55.362 [main] DEBUG org.apache.hc.client5.http.impl.classic.MainClientExec -- ex-0000000007 executing GET /chrome-for-testing/LATEST_RELEASE_120.0.6099.63 HTTP/1.1
11:26:55.362 [main] DEBUG org.apache.hc.client5.http.protocol.RequestAddCookies -- ex-0000000007 Cookie spec selected: strict
11:26:55.362 [main] DEBUG org.apache.hc.client5.http.impl.classic.InternalHttpClient -- ep-0000000007 start execution ex-0000000007
11:26:55.362 [main] DEBUG org.apache.hc.client5.http.impl.io.PoolingHttpClientConnectionManager -- ep-0000000007 executing exchange ex-0000000007 over http-outgoing-6
11:26:55.363 [main] DEBUG org.apache.hc.client5.http.headers -- http-outgoing-6 >> GET /chrome-for-testing/LATEST_RELEASE_120.0.6099.63 HTTP/1.1
11:26:55.363 [main] DEBUG org.apache.hc.client5.http.headers -- http-outgoing-6 >> user-agent: Apache-HttpClient/5.0
11:26:55.363 [main] DEBUG org.apache.hc.client5.http.headers -- http-outgoing-6 >> accept-encoding: gzip, deflate, br
11:26:55.363 [main] DEBUG org.apache.hc.client5.http.headers -- http-outgoing-6 >> cache-control: max-age=0
11:26:55.363 [main] DEBUG org.apache.hc.client5.http.headers -- http-outgoing-6 >> connection: keep-alive
11:26:55.363 [main] DEBUG org.apache.hc.client5.http.headers -- http-outgoing-6 >> Host: googlechromelabs.github.io
11:26:55.363 [main] DEBUG org.apache.hc.client5.http.wire -- http-outgoing-6 >> "GET /chrome-for-testing/LATEST_RELEASE_120.0.6099.63 HTTP/1.1[\r][\n]"
11:26:55.363 [main] DEBUG org.apache.hc.client5.http.wire -- http-outgoing-6 >> "user-agent: Apache-HttpClient/5.0[\r][\n]"
11:26:55.363 [main] DEBUG org.apache.hc.client5.http.wire -- http-outgoing-6 >> "accept-encoding: gzip, deflate, br[\r][\n]"
11:26:55.363 [main] DEBUG org.apache.hc.client5.http.wire -- http-outgoing-6 >> "cache-control: max-age=0[\r][\n]"
11:26:55.363 [main] DEBUG org.apache.hc.client5.http.wire -- http-outgoing-6 >> "connection: keep-alive[\r][\n]"
11:26:55.363 [main] DEBUG org.apache.hc.client5.http.wire -- http-outgoing-6 >> "Host: googlechromelabs.github.io[\r][\n]"
11:26:55.363 [main] DEBUG org.apache.hc.client5.http.wire -- http-outgoing-6 >> "[\r][\n]"
11:26:55.415 [main] DEBUG org.apache.hc.client5.http.wire -- http-outgoing-6 << "HTTP/1.1 404 Not Found[\r][\n]"
11:26:55.415 [main] DEBUG org.apache.hc.client5.http.wire -- http-outgoing-6 << "Connection: keep-alive[\r][\n]"
11:26:55.415 [main] DEBUG org.apache.hc.client5.http.wire -- http-outgoing-6 << "Content-Length: 5254[\r][\n]"
11:26:55.415 [main] DEBUG org.apache.hc.client5.http.wire -- http-outgoing-6 << "Server: GitHub.com[\r][\n]"
11:26:55.415 [main] DEBUG org.apache.hc.client5.http.wire -- http-outgoing-6 << "Content-Type: text/html; charset=utf-8[\r][\n]"
11:26:55.415 [main] DEBUG org.apache.hc.client5.http.wire -- http-outgoing-6 << "permissions-policy: interest-cohort=()[\r][\n]"
11:26:55.415 [main] DEBUG org.apache.hc.client5.http.wire -- http-outgoing-6 << "x-origin-cache: HIT[\r][\n]"
11:26:55.415 [main] DEBUG org.apache.hc.client5.http.wire -- http-outgoing-6 << "Access-Control-Allow-Origin: *[\r][\n]"
11:26:55.415 [main] DEBUG org.apache.hc.client5.http.wire -- http-outgoing-6 << "Strict-Transport-Security: max-age=31556952[\r][\n]"
11:26:55.415 [main] DEBUG org.apache.hc.client5.http.wire -- http-outgoing-6 << "ETag: W/"64d248ca-24a3"[\r][\n]"
11:26:55.415 [main] DEBUG org.apache.hc.client5.http.wire -- http-outgoing-6 << "Content-Security-Policy: default-src 'none'; style-src 'unsafe-inline'; img-src data:; connect-src 'self'[\r][\n]"
11:26:55.415 [main] DEBUG org.apache.hc.client5.http.wire -- http-outgoing-6 << "Content-Encoding: gzip[\r][\n]"
11:26:55.415 [main] DEBUG org.apache.hc.client5.http.wire -- http-outgoing-6 << "x-proxy-cache: MISS[\r][\n]"
11:26:55.415 [main] DEBUG org.apache.hc.client5.http.wire -- http-outgoing-6 << "X-GitHub-Request-Id: 4334:13C5B4:3D3D511:3E5167D:658410B8[\r][\n]"
11:26:55.415 [main] DEBUG org.apache.hc.client5.http.wire -- http-outgoing-6 << "Accept-Ranges: bytes[\r][\n]"
11:26:55.415 [main] DEBUG org.apache.hc.client5.http.wire -- http-outgoing-6 << "Date: Thu, 21 Dec 2023 10:26:58 GMT[\r][\n]"
11:26:55.415 [main] DEBUG org.apache.hc.client5.http.wire -- http-outgoing-6 << "Via: 1.1 varnish[\r][\n]"
11:26:55.415 [main] DEBUG org.apache.hc.client5.http.wire -- http-outgoing-6 << "Age: 569[\r][\n]"
11:26:55.415 [main] DEBUG org.apache.hc.client5.http.wire -- http-outgoing-6 << "X-Served-By: cache-mad2200111-MAD[\r][\n]"
11:26:55.415 [main] DEBUG org.apache.hc.client5.http.wire -- http-outgoing-6 << "X-Cache: HIT[\r][\n]"
11:26:55.415 [main] DEBUG org.apache.hc.client5.http.wire -- http-outgoing-6 << "X-Cache-Hits: 1[\r][\n]"
11:26:55.415 [main] DEBUG org.apache.hc.client5.http.wire -- http-outgoing-6 << "X-Timer: S1703154418.069003,VS0,VE6[\r][\n]"
11:26:55.415 [main] DEBUG org.apache.hc.client5.http.wire -- http-outgoing-6 << "Vary: Accept-Encoding[\r][\n]"
11:26:55.415 [main] DEBUG org.apache.hc.client5.http.wire -- http-outgoing-6 << "X-Fastly-Request-ID: 62288854e69d8693bd64a244a831a226b63e5eb5[\r][\n]"
11:26:55.415 [main] DEBUG org.apache.hc.client5.http.wire -- http-outgoing-6 << "[\r][\n]"
11:26:55.415 [main] DEBUG org.apache.hc.client5.http.headers -- http-outgoing-6 << HTTP/1.1 404 Not Found
11:26:55.415 [main] DEBUG org.apache.hc.client5.http.headers -- http-outgoing-6 << Connection: keep-alive
11:26:55.415 [main] DEBUG org.apache.hc.client5.http.headers -- http-outgoing-6 << Content-Length: 5254
11:26:55.415 [main] DEBUG org.apache.hc.client5.http.headers -- http-outgoing-6 << Server: GitHub.com
11:26:55.415 [main] DEBUG org.apache.hc.client5.http.headers -- http-outgoing-6 << Content-Type: text/html; charset=utf-8
11:26:55.415 [main] DEBUG org.apache.hc.client5.http.headers -- http-outgoing-6 << permissions-policy: interest-cohort=()
11:26:55.415 [main] DEBUG org.apache.hc.client5.http.headers -- http-outgoing-6 << x-origin-cache: HIT
11:26:55.415 [main] DEBUG org.apache.hc.client5.http.headers -- http-outgoing-6 << Access-Control-Allow-Origin: *
11:26:55.415 [main] DEBUG org.apache.hc.client5.http.headers -- http-outgoing-6 << Strict-Transport-Security: max-age=31556952
11:26:55.415 [main] DEBUG org.apache.hc.client5.http.headers -- http-outgoing-6 << ETag: W/"64d248ca-24a3"
11:26:55.415 [main] DEBUG org.apache.hc.client5.http.headers -- http-outgoing-6 << Content-Security-Policy: default-src 'none'; style-src 'unsafe-inline'; img-src data:; connect-src 'self'
11:26:55.415 [main] DEBUG org.apache.hc.client5.http.headers -- http-outgoing-6 << Content-Encoding: gzip
11:26:55.415 [main] DEBUG org.apache.hc.client5.http.headers -- http-outgoing-6 << x-proxy-cache: MISS
11:26:55.415 [main] DEBUG org.apache.hc.client5.http.headers -- http-outgoing-6 << X-GitHub-Request-Id: 4334:13C5B4:3D3D511:3E5167D:658410B8
11:26:55.415 [main] DEBUG org.apache.hc.client5.http.headers -- http-outgoing-6 << Accept-Ranges: bytes
11:26:55.415 [main] DEBUG org.apache.hc.client5.http.headers -- http-outgoing-6 << Date: Thu, 21 Dec 2023 10:26:58 GMT
11:26:55.415 [main] DEBUG org.apache.hc.client5.http.headers -- http-outgoing-6 << Via: 1.1 varnish
11:26:55.415 [main] DEBUG org.apache.hc.client5.http.headers -- http-outgoing-6 << Age: 569
11:26:55.415 [main] DEBUG org.apache.hc.client5.http.headers -- http-outgoing-6 << X-Served-By: cache-mad2200111-MAD
11:26:55.415 [main] DEBUG org.apache.hc.client5.http.headers -- http-outgoing-6 << X-Cache: HIT
11:26:55.415 [main] DEBUG org.apache.hc.client5.http.headers -- http-outgoing-6 << X-Cache-Hits: 1
11:26:55.415 [main] DEBUG org.apache.hc.client5.http.headers -- http-outgoing-6 << X-Timer: S1703154418.069003,VS0,VE6
11:26:55.415 [main] DEBUG org.apache.hc.client5.http.headers -- http-outgoing-6 << Vary: Accept-Encoding
11:26:55.416 [main] DEBUG org.apache.hc.client5.http.headers -- http-outgoing-6 << X-Fastly-Request-ID: 62288854e69d8693bd64a244a831a226b63e5eb5
11:26:55.416 [main] DEBUG org.apache.hc.client5.http.impl.classic.MainClientExec -- ex-0000000007 connection can be kept alive for 3 MINUTES
11:26:55.416 [main] ERROR io.github.bonigarcia.wdm.online.HttpClient -- Error HTTP 404 executing https://googlechromelabs.github.io/chrome-for-testing/LATEST_RELEASE_120.0.6099.63
11:26:55.416 [main] WARN io.github.bonigarcia.wdm.versions.VersionDetector -- Exception reading https://googlechromelabs.github.io/chrome-for-testing/LATEST_RELEASE_120.0.6099.63 to get latest version of chromedriver (Error HTTP 404 executing https://googlechromelabs.github.io/chrome-for-testing/LATEST_RELEASE_120.0.6099.63)
11:26:55.416 [main] DEBUG io.github.bonigarcia.wdm.versions.VersionDetector -- Getting driver version for chrome120.0.6099.63 from online versions.properties
11:26:55.417 [main] DEBUG org.apache.hc.client5.http.impl.classic.InternalHttpClient -- ex-0000000008 preparing request execution
11:26:55.417 [main] DEBUG org.apache.hc.client5.http.impl.classic.ProtocolExec -- ex-0000000008 target auth state: UNCHALLENGED
11:26:55.417 [main] DEBUG org.apache.hc.client5.http.impl.classic.ProtocolExec -- ex-0000000008 proxy auth state: UNCHALLENGED
11:26:55.417 [main] DEBUG org.apache.hc.client5.http.impl.classic.ConnectExec -- ex-0000000008 acquiring connection with route {s}->https://raw.githubusercontent.com:443
11:26:55.417 [main] DEBUG org.apache.hc.client5.http.impl.classic.InternalHttpClient -- ex-0000000008 acquiring endpoint (3 MINUTES)
11:26:55.417 [main] DEBUG org.apache.hc.client5.http.impl.io.PoolingHttpClientConnectionManager -- ex-0000000008 endpoint lease request (3 MINUTES) [route: {s}->https://raw.githubusercontent.com:443][total available: 0; route allocated: 0 of 5; total allocated: 1 of 25]
11:26:55.417 [main] DEBUG org.apache.hc.client5.http.impl.io.PoolingHttpClientConnectionManager -- ex-0000000008 endpoint leased [route: {s}->https://raw.githubusercontent.com:443][total available: 0; route allocated: 1 of 5; total allocated: 2 of 25]
11:26:55.417 [main] DEBUG org.apache.hc.client5.http.impl.io.PoolingHttpClientConnectionManager -- ex-0000000008 acquired ep-0000000008
11:26:55.417 [main] DEBUG org.apache.hc.client5.http.impl.classic.InternalHttpClient -- ex-0000000008 acquired endpoint ep-0000000008
11:26:55.417 [main] DEBUG org.apache.hc.client5.http.impl.classic.ConnectExec -- ex-0000000008 opening connection {s}->https://raw.githubusercontent.com:443
11:26:55.417 [main] DEBUG org.apache.hc.client5.http.impl.classic.InternalHttpClient -- ep-0000000008 connecting endpoint (null)
11:26:55.417 [main] DEBUG org.apache.hc.client5.http.impl.io.PoolingHttpClientConnectionManager -- ep-0000000008 connecting endpoint to https://raw.githubusercontent.com:443 (30 SECONDS)
11:26:55.418 [main] DEBUG org.apache.hc.client5.http.impl.io.DefaultHttpClientConnectionOperator -- raw.githubusercontent.com resolving remote address
11:26:55.418 [main] DEBUG org.apache.hc.client5.http.impl.io.DefaultHttpClientConnectionOperator -- raw.githubusercontent.com resolved to [raw.githubusercontent.com/185.199.111.133, raw.githubusercontent.com/185.199.108.133, raw.githubusercontent.com/185.199.109.133, raw.githubusercontent.com/185.199.110.133]
11:26:55.418 [main] DEBUG org.apache.hc.client5.http.impl.io.DefaultHttpClientConnectionOperator -- raw.githubusercontent.com:443 connecting null->raw.githubusercontent.com/185.199.111.133:443 (30 SECONDS)
11:26:55.418 [main] DEBUG org.apache.hc.client5.http.ssl.SSLConnectionSocketFactory -- Connecting socket to raw.githubusercontent.com/185.199.111.133:443 with timeout 30 SECONDS
11:26:55.459 [main] DEBUG org.apache.hc.client5.http.ssl.SSLConnectionSocketFactory -- Enabled protocols: [TLSv1.3, TLSv1.2]
11:26:55.460 [main] DEBUG org.apache.hc.client5.http.ssl.SSLConnectionSocketFactory -- Enabled cipher suites: [TLS_AES_256_GCM_SHA384, TLS_AES_128_GCM_SHA256, TLS_CHACHA20_POLY1305_SHA256, TLS_ECDHE_ECDSA_WITH_AES_256_GCM_SHA384, TLS_ECDHE_ECDSA_WITH_AES_128_GCM_SHA256, TLS_ECDHE_ECDSA_WITH_CHACHA20_POLY1305_SHA256, TLS_ECDHE_RSA_WITH_AES_256_GCM_SHA384, TLS_ECDHE_RSA_WITH_CHACHA20_POLY1305_SHA256, TLS_ECDHE_RSA_WITH_AES_128_GCM_SHA256, TLS_DHE_RSA_WITH_AES_256_GCM_SHA384, TLS_DHE_RSA_WITH_CHACHA20_POLY1305_SHA256, TLS_DHE_DSS_WITH_AES_256_GCM_SHA384, TLS_DHE_RSA_WITH_AES_128_GCM_SHA256, TLS_DHE_DSS_WITH_AES_128_GCM_SHA256, TLS_ECDHE_ECDSA_WITH_AES_256_CBC_SHA384, TLS_ECDHE_RSA_WITH_AES_256_CBC_SHA384, TLS_ECDHE_ECDSA_WITH_AES_128_CBC_SHA256, TLS_ECDHE_RSA_WITH_AES_128_CBC_SHA256, TLS_DHE_RSA_WITH_AES_256_CBC_SHA256, TLS_DHE_DSS_WITH_AES_256_CBC_SHA256, TLS_DHE_RSA_WITH_AES_128_CBC_SHA256, TLS_DHE_DSS_WITH_AES_128_CBC_SHA256, TLS_ECDHE_ECDSA_WITH_AES_256_CBC_SHA, TLS_ECDHE_RSA_WITH_AES_256_CBC_SHA, TLS_ECDHE_ECDSA_WITH_AES_128_CBC_SHA, TLS_ECDHE_RSA_WITH_AES_128_CBC_SHA, TLS_DHE_RSA_WITH_AES_256_CBC_SHA, TLS_DHE_DSS_WITH_AES_256_CBC_SHA, TLS_DHE_RSA_WITH_AES_128_CBC_SHA, TLS_DHE_DSS_WITH_AES_128_CBC_SHA, TLS_RSA_WITH_AES_256_GCM_SHA384, TLS_RSA_WITH_AES_128_GCM_SHA256, TLS_RSA_WITH_AES_256_CBC_SHA256, TLS_RSA_WITH_AES_128_CBC_SHA256, TLS_RSA_WITH_AES_256_CBC_SHA, TLS_RSA_WITH_AES_128_CBC_SHA, TLS_EMPTY_RENEGOTIATION_INFO_SCSV]
11:26:55.460 [main] DEBUG org.apache.hc.client5.http.ssl.SSLConnectionSocketFactory -- Starting handshake (null)
11:26:55.517 [main] DEBUG org.apache.hc.client5.http.ssl.SSLConnectionSocketFactory -- Secure session established
11:26:55.517 [main] DEBUG org.apache.hc.client5.http.ssl.SSLConnectionSocketFactory --  negotiated protocol: TLSv1.3
11:26:55.517 [main] DEBUG org.apache.hc.client5.http.ssl.SSLConnectionSocketFactory --  negotiated cipher suite: TLS_AES_128_GCM_SHA256
11:26:55.517 [main] DEBUG org.apache.hc.client5.http.ssl.SSLConnectionSocketFactory --  peer principal: CN=*.github.io, O="GitHub, Inc.", L=San Francisco, ST=California, C=US
11:26:55.517 [main] DEBUG org.apache.hc.client5.http.ssl.SSLConnectionSocketFactory --  peer alternative names: [*.github.io, github.io, *.github.com, github.com, www.github.com, *.githubusercontent.com, githubusercontent.com]
11:26:55.517 [main] DEBUG org.apache.hc.client5.http.ssl.SSLConnectionSocketFactory --  issuer principal: CN=DigiCert TLS RSA SHA256 2020 CA1, O=DigiCert Inc, C=US
11:26:55.517 [main] DEBUG org.apache.hc.client5.http.impl.io.DefaultManagedHttpClientConnection -- http-outgoing-7 set socket timeout to 3 MINUTES
11:26:55.517 [main] DEBUG org.apache.hc.client5.http.impl.io.DefaultHttpClientConnectionOperator -- raw.githubusercontent.com:443 connected null->raw.githubusercontent.com/185.199.111.133:443 as http-outgoing-7
11:26:55.517 [main] DEBUG org.apache.hc.client5.http.impl.io.PoolingHttpClientConnectionManager -- ep-0000000008 connected http-outgoing-7
11:26:55.517 [main] DEBUG org.apache.hc.client5.http.impl.classic.InternalHttpClient -- ep-0000000008 endpoint connected
11:26:55.517 [main] DEBUG org.apache.hc.client5.http.impl.classic.MainClientExec -- ex-0000000008 executing GET /bonigarcia/webdrivermanager/master/src/main/resources/versions.properties HTTP/1.1
11:26:55.517 [main] DEBUG org.apache.hc.client5.http.protocol.RequestAddCookies -- ex-0000000008 Cookie spec selected: strict
11:26:55.517 [main] DEBUG org.apache.hc.client5.http.impl.classic.InternalHttpClient -- ep-0000000008 start execution ex-0000000008
11:26:55.517 [main] DEBUG org.apache.hc.client5.http.impl.io.PoolingHttpClientConnectionManager -- ep-0000000008 executing exchange ex-0000000008 over http-outgoing-7
11:26:55.517 [main] DEBUG org.apache.hc.client5.http.headers -- http-outgoing-7 >> GET /bonigarcia/webdrivermanager/master/src/main/resources/versions.properties HTTP/1.1
11:26:55.517 [main] DEBUG org.apache.hc.client5.http.headers -- http-outgoing-7 >> user-agent: Apache-HttpClient/5.0
11:26:55.517 [main] DEBUG org.apache.hc.client5.http.headers -- http-outgoing-7 >> accept-encoding: gzip, deflate, br
11:26:55.517 [main] DEBUG org.apache.hc.client5.http.headers -- http-outgoing-7 >> cache-control: max-age=0
11:26:55.517 [main] DEBUG org.apache.hc.client5.http.headers -- http-outgoing-7 >> connection: keep-alive
11:26:55.517 [main] DEBUG org.apache.hc.client5.http.headers -- http-outgoing-7 >> Host: raw.githubusercontent.com
11:26:55.517 [main] DEBUG org.apache.hc.client5.http.wire -- http-outgoing-7 >> "GET /bonigarcia/webdrivermanager/master/src/main/resources/versions.properties HTTP/1.1[\r][\n]"
11:26:55.517 [main] DEBUG org.apache.hc.client5.http.wire -- http-outgoing-7 >> "user-agent: Apache-HttpClient/5.0[\r][\n]"
11:26:55.517 [main] DEBUG org.apache.hc.client5.http.wire -- http-outgoing-7 >> "accept-encoding: gzip, deflate, br[\r][\n]"
11:26:55.517 [main] DEBUG org.apache.hc.client5.http.wire -- http-outgoing-7 >> "cache-control: max-age=0[\r][\n]"
11:26:55.517 [main] DEBUG org.apache.hc.client5.http.wire -- http-outgoing-7 >> "connection: keep-alive[\r][\n]"
11:26:55.518 [main] DEBUG org.apache.hc.client5.http.wire -- http-outgoing-7 >> "Host: raw.githubusercontent.com[\r][\n]"
11:26:55.518 [main] DEBUG org.apache.hc.client5.http.wire -- http-outgoing-7 >> "[\r][\n]"
11:26:55.559 [main] DEBUG org.apache.hc.client5.http.wire -- http-outgoing-7 << "HTTP/1.1 200 OK[\r][\n]"
11:26:55.559 [main] DEBUG org.apache.hc.client5.http.wire -- http-outgoing-7 << "Connection: keep-alive[\r][\n]"
11:26:55.559 [main] DEBUG org.apache.hc.client5.http.wire -- http-outgoing-7 << "Content-Length: 1653[\r][\n]"
11:26:55.559 [main] DEBUG org.apache.hc.client5.http.wire -- http-outgoing-7 << "Cache-Control: max-age=300[\r][\n]"
11:26:55.559 [main] DEBUG org.apache.hc.client5.http.wire -- http-outgoing-7 << "Content-Security-Policy: default-src 'none'; style-src 'unsafe-inline'; sandbox[\r][\n]"
11:26:55.559 [main] DEBUG org.apache.hc.client5.http.wire -- http-outgoing-7 << "Content-Type: text/plain; charset=utf-8[\r][\n]"
11:26:55.559 [main] DEBUG org.apache.hc.client5.http.wire -- http-outgoing-7 << "ETag: W/"de56f96e4580ae55450ed6a794662cbdb2b39827f9709095aa3e1e7f6914629d"[\r][\n]"
11:26:55.559 [main] DEBUG org.apache.hc.client5.http.wire -- http-outgoing-7 << "Strict-Transport-Security: max-age=31536000[\r][\n]"
11:26:55.559 [main] DEBUG org.apache.hc.client5.http.wire -- http-outgoing-7 << "X-Content-Type-Options: nosniff[\r][\n]"
11:26:55.560 [main] DEBUG org.apache.hc.client5.http.wire -- http-outgoing-7 << "X-Frame-Options: deny[\r][\n]"
11:26:55.560 [main] DEBUG org.apache.hc.client5.http.wire -- http-outgoing-7 << "X-XSS-Protection: 1; mode=block[\r][\n]"
11:26:55.560 [main] DEBUG org.apache.hc.client5.http.wire -- http-outgoing-7 << "X-GitHub-Request-Id: 728E:2E6B8C:62B50D:676D49:6583D0E9[\r][\n]"
11:26:55.560 [main] DEBUG org.apache.hc.client5.http.wire -- http-outgoing-7 << "Content-Encoding: gzip[\r][\n]"
11:26:55.560 [main] DEBUG org.apache.hc.client5.http.wire -- http-outgoing-7 << "Accept-Ranges: bytes[\r][\n]"
11:26:55.560 [main] DEBUG org.apache.hc.client5.http.wire -- http-outgoing-7 << "Date: Thu, 21 Dec 2023 10:26:58 GMT[\r][\n]"
11:26:55.560 [main] DEBUG org.apache.hc.client5.http.wire -- http-outgoing-7 << "Via: 1.1 varnish[\r][\n]"
11:26:55.560 [main] DEBUG org.apache.hc.client5.http.wire -- http-outgoing-7 << "X-Served-By: cache-mad2200130-MAD[\r][\n]"
11:26:55.560 [main] DEBUG org.apache.hc.client5.http.wire -- http-outgoing-7 << "X-Cache: HIT[\r][\n]"
11:26:55.560 [main] DEBUG org.apache.hc.client5.http.wire -- http-outgoing-7 << "X-Cache-Hits: 1[\r][\n]"
11:26:55.560 [main] DEBUG org.apache.hc.client5.http.wire -- http-outgoing-7 << "X-Timer: S1703154418.217383,VS0,VE1[\r][\n]"
11:26:55.560 [main] DEBUG org.apache.hc.client5.http.wire -- http-outgoing-7 << "Vary: Authorization,Accept-Encoding,Origin[\r][\n]"
11:26:55.560 [main] DEBUG org.apache.hc.client5.http.wire -- http-outgoing-7 << "Access-Control-Allow-Origin: *[\r][\n]"
11:26:55.560 [main] DEBUG org.apache.hc.client5.http.wire -- http-outgoing-7 << "Cross-Origin-Resource-Policy: cross-origin[\r][\n]"
11:26:55.560 [main] DEBUG org.apache.hc.client5.http.wire -- http-outgoing-7 << "X-Fastly-Request-ID: 2f11f8b94f3d7d67c5c8e26682b86f29733c90ba[\r][\n]"
11:26:55.560 [main] DEBUG org.apache.hc.client5.http.wire -- http-outgoing-7 << "Expires: Thu, 21 Dec 2023 10:31:58 GMT[\r][\n]"
11:26:55.560 [main] DEBUG org.apache.hc.client5.http.wire -- http-outgoing-7 << "Source-Age: 158[\r][\n]"
11:26:55.560 [main] DEBUG org.apache.hc.client5.http.wire -- http-outgoing-7 << "[\r][\n]"
11:26:55.561 [main] DEBUG org.apache.hc.client5.http.headers -- http-outgoing-7 << HTTP/1.1 200 OK
11:26:55.561 [main] DEBUG org.apache.hc.client5.http.headers -- http-outgoing-7 << Connection: keep-alive
11:26:55.561 [main] DEBUG org.apache.hc.client5.http.headers -- http-outgoing-7 << Content-Length: 1653
11:26:55.561 [main] DEBUG org.apache.hc.client5.http.headers -- http-outgoing-7 << Cache-Control: max-age=300
11:26:55.561 [main] DEBUG org.apache.hc.client5.http.headers -- http-outgoing-7 << Content-Security-Policy: default-src 'none'; style-src 'unsafe-inline'; sandbox
11:26:55.561 [main] DEBUG org.apache.hc.client5.http.headers -- http-outgoing-7 << Content-Type: text/plain; charset=utf-8
11:26:55.561 [main] DEBUG org.apache.hc.client5.http.headers -- http-outgoing-7 << ETag: W/"de56f96e4580ae55450ed6a794662cbdb2b39827f9709095aa3e1e7f6914629d"
11:26:55.561 [main] DEBUG org.apache.hc.client5.http.headers -- http-outgoing-7 << Strict-Transport-Security: max-age=31536000
11:26:55.561 [main] DEBUG org.apache.hc.client5.http.headers -- http-outgoing-7 << X-Content-Type-Options: nosniff
11:26:55.561 [main] DEBUG org.apache.hc.client5.http.headers -- http-outgoing-7 << X-Frame-Options: deny
11:26:55.561 [main] DEBUG org.apache.hc.client5.http.headers -- http-outgoing-7 << X-XSS-Protection: 1; mode=block
11:26:55.561 [main] DEBUG org.apache.hc.client5.http.headers -- http-outgoing-7 << X-GitHub-Request-Id: 728E:2E6B8C:62B50D:676D49:6583D0E9
11:26:55.561 [main] DEBUG org.apache.hc.client5.http.headers -- http-outgoing-7 << Content-Encoding: gzip
11:26:55.561 [main] DEBUG org.apache.hc.client5.http.headers -- http-outgoing-7 << Accept-Ranges: bytes
11:26:55.561 [main] DEBUG org.apache.hc.client5.http.headers -- http-outgoing-7 << Date: Thu, 21 Dec 2023 10:26:58 GMT
11:26:55.561 [main] DEBUG org.apache.hc.client5.http.headers -- http-outgoing-7 << Via: 1.1 varnish
11:26:55.561 [main] DEBUG org.apache.hc.client5.http.headers -- http-outgoing-7 << X-Served-By: cache-mad2200130-MAD
11:26:55.561 [main] DEBUG org.apache.hc.client5.http.headers -- http-outgoing-7 << X-Cache: HIT
11:26:55.561 [main] DEBUG org.apache.hc.client5.http.headers -- http-outgoing-7 << X-Cache-Hits: 1
11:26:55.561 [main] DEBUG org.apache.hc.client5.http.headers -- http-outgoing-7 << X-Timer: S1703154418.217383,VS0,VE1
11:26:55.561 [main] DEBUG org.apache.hc.client5.http.headers -- http-outgoing-7 << Vary: Authorization,Accept-Encoding,Origin
11:26:55.561 [main] DEBUG org.apache.hc.client5.http.headers -- http-outgoing-7 << Access-Control-Allow-Origin: *
11:26:55.561 [main] DEBUG org.apache.hc.client5.http.headers -- http-outgoing-7 << Cross-Origin-Resource-Policy: cross-origin
11:26:55.561 [main] DEBUG org.apache.hc.client5.http.headers -- http-outgoing-7 << X-Fastly-Request-ID: 2f11f8b94f3d7d67c5c8e26682b86f29733c90ba
11:26:55.561 [main] DEBUG org.apache.hc.client5.http.headers -- http-outgoing-7 << Expires: Thu, 21 Dec 2023 10:31:58 GMT
11:26:55.561 [main] DEBUG org.apache.hc.client5.http.headers -- http-outgoing-7 << Source-Age: 158
11:26:55.562 [main] DEBUG org.apache.hc.client5.http.impl.classic.MainClientExec -- ex-0000000008 connection can be kept alive for 3 MINUTES
11:26:55.563 [main] DEBUG org.apache.hc.client5.http.wire -- http-outgoing-7 << "[0x1f][0xffffff8b][0x8][0x0][0x0][0x0][0x0][0x0][0x0][0x3][0xffffff8d][0xffffff97]Mo[0xffffffe3]6[0x10][0xffffff86][0xffffffef][0xfffffff9][0x15][0x2]z[0xffffff8e][0xffffffcc][0xffffffcf]![0x19][0xffffff80][0xffffff97]~[0xffffff9e][0xffffff8a][0x1e][0xffffffda]?[0xffffffe0][0xffffffb5][0xffffff95]DX[0xffffffc7][\n]"
11:26:55.563 [main] DEBUG org.apache.hc.client5.http.wire -- http-outgoing-7 << "lg[0xffffffb3][0xffffffe8][0xffffffaf][0xffffffef][0xc][0xffffffc9][0xffffffa1]h[0xffffffaa][0x5]z[0x8]v[0xffffffe7][0xffffffb1]D[0xffffffce][0xffffff90][0xffffffd4][0xffffffcb]w~[0x18][0xfffffffe]z[0xffffff9d][0xffffffaf][0xffffffc3][0xfffffff3]|[0xffffff9a][0xffffff86][0xffffffc3]r[0xffffffbe][0xffffffed][0xffffffe7][0xfffffff3]u[0xffffffb8][0xffffffbd]N[0xffffffc3][0xffffffd7][0xfffffff3][0xfffffff2]y[0x1e][0xffffff8e][0xffffff97][0xfffffff9][0xffffffdb]t[0x19][0xfffffff0][0xffffffef]:/[0xfffffff8][0xffffffcb]ay{[0xffffffdf][0xffffffdf][0xffffffe6]/[0xfffffff8][0xfffffff4][0xffffffe7]|{MO[0x1e][0xffffff96][0xffffffcb]e[0xffffffba][0xffffffbe]/[0xffffffe7][0xffffffe3]|~[0x19][0xffffffbe]\[0xffffff96][0xffffffcf][0xffffffeb][0xfffffffa][0xffffffca][0xffffffc3][0xffffffc3][0xf][0xffffffc3][0xffffff8f][0x19]=[\r][0xffffffbf]-[0xffffffcb][0xb][0xffffffbe][0xfffffff9][0xffffffd3][0xffffffeb]ey[0xffffff9b][0xffffff86][0xfffffffd][0xfffffff9][0xffffff98][0xffffffff];[0x7f][0xffffffbc][\r][0xffffff8f][0xffffffc3][0xffffffcf]i[0xffffffaa][0xffffffa7][0xffffffe1][0xffffff90]~[0xffffffcd][0x13][0xffffffe3][0xffffffcb][0x7f].[0x1f][0xffffff97][0xffffffc3][0xfffffff4]4[0xffffffbc][0xffffffde]n[0xffffffef]O[0xffffffbb]][0xfffffffb][0xffffffeb]x(o[0xffffff8f][0xffffffcb][0xffffffe5]ew[0xffffffc4]|O[0xffffffcb][0xfffffffe]x}[0xffffffc8][0xffffffcf]Hi"[0xfffffffe][0xffffff8d]b[0xffffffb4]N[0xffffffdb]1[0xffffff88][0xffffffca]5rM[0x1c][0xffffff9c][0x1a]AW[0xffffffae][0xffffff90][0xffffffab][0xffffffc4][0xffffffa5][0x1d]M[0xffffffa8]\"[0xffffff97][0xffffffc4]-[0xffffffe8][0x11]L[0xffffffe5][0x2][0xffffffb9] n[0xffffffbc][0x1c][0xffffff9d]c.B[0xffffffc4][0xffffffbf][0xffffffc4]qzW[0xffffff9f][0x17][0x1e][0xffffffb9]'[0xffffffae]m[0x18][0xffffff9d][0xffffffac][0xffffffdc]!w[0xffffff89][0xb]3[0xffffff82][0xffffffaa][0x1c][0xffffff90][0x3]qe[0xffffffc2][0x8][0xffffffeb][0xfffffff3][0x16][0xffffffb9]%.[0xffffff83][0xffffffc5][0x1f]+[0xffffffc7]zE[0xffffffaa][0xffffff97][0xffffffca]p5[0x7f][0xffffff81][0xfffffff5][0xffffff8a]T[0xffffffaf][0x0]1J[0xffffffbd]&[0xffffff84][0x5][0xffffff8b]T[0xffffffb0][0xffffffc0][0xfffffff1][0xffffff9a][0x9][0xffffffb0]`A[0x5][0xffffff9b]`[0xffffffe5]hV[0xffffff8e][0x5][0xb]*[0xffffffd8][0xfffffff8][0x0]#[0xfffffff0][0xffffff82][0xffffff86][0x10]CH[0xffffffd4][0x18][0xffffff9c][0xffffff9b][0xffffffa9][0xffffff8f][0xffffff81][0xffffff8a]5[0xffffffce][0xfffffffa][0x11][0xffffffa7]a[0xffffffec]b[0xffffffa0]Z[\r][0x4][0xffffffb5][0xffffffae]A[0xffffff80][0x18] Q0[0xffffffa3][0xffffffb1]Lm[0xc]6Q[0xffffffed]G[0xffffffe0]z[0xffffff82][0xffffff89][0xffffffc1]$[0xffffff8a][0xffffff8b][0xffffff83][0x1b][0xffffffc9]X[0xffffffc7]@E[0x1a][0xffffffeb][0xffffffdc][0xffffffba][0xffffffa9]A[0xffffffc5][0xffffffa0][0x12][0xffffffc5]-[0xffffffc5]Uf,cH[0x5][0x1a]<[0x1]X+c[0x11]C[0xffffffaa][0xffffffcf]h1*^'[0x1f][0xffffffa2]O[0xfffffff5]i[0xfffffffc]G[0xfffffff1][0xffffffc8][0xffffffde]G[0xffffff9f][0xffffffea][0xffffffd3][0xffffffca][0xffffff8c][0x1][0xffffff98][0xffffffba][0xffffffe8]Sy[0xffffffca][0xffffff8b][0xffffffd1]{[0xffffffa6][0x10]}*O[0x19][0x1c][0xffffff97][0xffffff97][0xffffffc2][0xffffffdb][0xffffffe8]Sy[0xffffffd2][0xffffffeb][0xffffffd1]sj[0xffffffde]D[0xffffff9f][0xffffffca][0xffffff93][0xffffffc6][0xffffff8d][0xffffff9a][0xffffffd7][0xffffffd8][0xffffffeb][0xffffffe8]Su[0xffffffb4][0xffffff93][0xffffff9a][0xffffff97][0xffffffc2][0xffffffcb][0xffffffe8]S[0x19][0x2]W^[0xffffffea]:[0xffffff9d][0xffffff88][0xffffff9e][0xffffffca][0xffffffd0][0x1]s[0xffffffc1]#T[0xffffffb0][0xb][0xffffffd1][0xffffff85][0xffffff84][0xffffff8d][0x1d]u[0xffffffa5]>:[0xffffff9f]([0xffffff9e][0x1d]<W[0xffffff8c]]tT[0xffffff88][0xfffffff6][0xffffff80][0xffffffdf][0x2][0xffffffa7][0xffffffe1] :H[0x14][0xf][0xffffffb8]Tu[0xc][0x1b][0x1d]U[0xffffffa2][0xffffff9d][0xffffffc3][0x3][0xffffffb6]>m[0xffffffa2]3[0x9]+<[0xffffffbf][0xc]utT[0xffffff89][0x6],[0x8]8e[0xffffffa7][0xffffffa2][0xffffffc2][0x1d][0xffffffe5]H[0xffffffde]E[0xffffff82]"N[0xc][0x2]E[0xffffffbc]7[0xffffffe0])[0xffffffe2][0x15][0x5]G[0x11][0xffffffef]&[0x0]E[0xffffff9c][0xc]X[0xffffff8c][0xffffffea][0x12][0xffffff81][0xffffffa1][0xffffff88][0xffffffd7][0x1c]4E<[0x1f]P.[0xffffffba][0xffffffce]G[0xffffffb9][0xffffffd4]o[0x6]([0x17][0xffffffad][0xffffffef]T[0xffffffed][0xfffffff7][0xffffffe5][0xffffffef][0xfffffff9]t[0xffffffda][0xf][0xffffffbf][0xffffffce][0xffffff97][0xffffffe9]y[0xfffffff9][0xffffffde]H[0xffffffd9][0xffffffcb]t[0xfffffff8][0xffffffba][0xfffffffc][0xffffffab][0xffffff92]]Q[0xffffffca]^P@?[0xffffffbe][0xffffff8c]([0xffffffa9][0xffffffbb][0xffffffb7]<[0xffffffc4][0xffffffae]yaw[0xffffff99]N[0xffffffd3][0xfffffffe]:][0x1f][0xffffff9e][0xfffffff3][0xffffffb8]R[0xffffff89][0xffffff88][0xffffffcb][0xffffff86]kW[0xffffff89][0xc][0x1b][0xffffffe2]7[0xffffffc4]m[0x8]l[0xffffff88][0xffffffdd][0x10][0xffffffb3]!zC[0xffffffd4][0xffffff86][0xffffffc8][\r]I9[0xffffffab]QU"B&[0xffffffeb]3[0xffffffc2]o[0xffffff88][0xffffffdb][0x10][0xffffffd8][0x10][0xffffffbb]!)g[0xffffffd9][0x12][0xffffffbd]!jC[0xffffffe4][0xffffff86][0xffffff88][0xffffff8e][0xffffff84][0xffffffd0][0x3][0xffffffdf][0x3][0xffffffd7][0x3][0xffffffe8][0xffffff81][0xffffffed]A[0xffffff9f]m[0xffffffe8][0xffffff93][\r]}[0xffffffae][0xffffffa1]O5P[0xffffffa6][0xfffffff8]m5`<[0xffffffcd][0xffffffe7][0xffffff8f][0xffffffef][0x19]K[0xffffffc6]>t[0xffffffcf]y[0xffffffdf][0x3][0xffffffd7][0x3][0xffffffe8][0xffffff81][0xffffffed][0xffffff81][0xffffffe9][0x1][0x15][0xffffffa0]|[0x3]T[0xf][0xffffffa8][0x0][0xffffffe5][0x1a] :[0xffffffe0]B[0xf]R[0xffffffa6][0xffffffd0][0x0][0xffffffd7][0x3][0xffffffe8][0xffffff81][0xffffffed][0xffffff81][0xffffffe9][0xffffff81][0xffffffee][0xffffff81][0xffffffea][0xffffff81][0xffffffec][0xffffff81][0xffffffe8][0x0][0xffffff84][0x1e][0xffffffa4]Lm[0x3]R[0xffffffa6][0xffffffa6][0x1][0xffffffd0][0x3][0xffffffdb][0xffffff83][0xffffff94]i[0xfffffff3][0x1][0xffffff81][0xffffffee]A[0xffffffca][0xffffffb4]9[0xfffffff6][0xffffff90]2m[0xe][0x5][0xffffff88][0xe][0xffffffd8][0xffffffd0][0x3][0xffffffdf][0x3][0xffffffd7][0xffffff83][0xffffff94][0xffffffa9]h[0xffffff80]e[0xffffffd0]*[0xffffffdf][0x1f][0xffffffef][0xffffffd3]e[0xffffffdf][0xffffffe8][0xffffffdd]B[0xfffffff1][0xffffffff][0xffffffd1][0xffffffbb][0xfffffff4][0xffffffe0]uy[0xffffffbe]}[0xffffffee]/S[0xffffff8e][0xffffffd8][0xffffffcb][0xfffffff5][0xffffffea][0xffffff97]~L[0xffffff9e]G[0xffffffd2][0xffffffe5][0x5][0x2]//[0xffffff89]ws[0xffffffe1][0xffffffe4][0xfffffff1][0xffffff92][0xffffffa7][\n]"
11:26:55.564 [main] DEBUG org.apache.hc.client5.http.wire -- http-outgoing-7 << "x[0xfffffffb][0xfffffffb][0xffffffc0][0xffffff98],^[0xffffffb2]T[0x1][0xffffffad][0xffffff83][0xffffffd4][0xffffff8a]9Y[0xffffffbc]d[0xffffffa9]<[0xe][0x13][0x1c]crx[0xffffffc9]Q9[0xfffffffc][0xffffff82]$[0xffffffda][0xffffff92][0xffffffc2]E[0xffffffeb] Q[0xffffffcc]2G=h[0xc][0xffffffa4]Te[0x18]T[0xffffff85][0xffffffc6]?z[0xffffffa6][0xffffffee][0xffffffce]=[0xffffffda]B[0xffffffa1][0xfffffff5][0xffffff8e]8Q[0xffffffc1][0xffffffb6][0xffffffb5][0xffffff8e][0xffffffa8][0xfffffff8][0x5][0xffffff9b][0xffffffd6]9[0xffffff86]Re[0xffffffd0][0xffffffad]oD[0xffffffb3][0xffffff91][0xffffffa9]j]#.Z[0xffffffc1][0xffffffb2]5[0xffffff8d][0xffffffe4][0xffffffc7]2[0x16][0xffffffad]g[0xfffffff4][0xffffffa5]p[0x1f]Z[0xffffffc7][0x8]P[0xffffffa8][0xffffffef][0xffffffec]b[0xffffffa6][0xffffffae]5[0xffffff8b]P6[0xffffffc6]Ck[0x15][0xffffffeb][0x12][0xffffffa1][0xffffff88][0xffffffdc]Y[0xffffffc5][0xc]M[0xffffffe3][0x14]}I[0xc][0xffffffc5][0xffffffe4][0xffffffce]'f[0xffffffa8][0xffffffee]mb[0xffffff86][0xffffffb2]q[0xffffff89][0xffffff96][0xffffffe7][0x17][0xffffff8d]I[0xffffffe4]TQ\[0xffffffee],b[0xffffff86][0xffffffbe]s[0xffffff88][0xffffff99][0xffffffba][0xffffffc6] :[0xffffff86][0xffffffd0][0xffffffd8]C_[0xffffffa6]G[0xffffffb5]Y[0xffffffdd]!g[0xffffff8f][0xffffff8a][0xffffffb3][0xffffff9a]C\[0xffffffe0]Buc[0xe][0xffffff81][0x7]U[0xffffff8d]7[0xfffffff4]e[0xffffffc3]Q~VkX7[0xb]5h[0xffffffb5][0xffffff86]|[0xffffffd6]Q[0xffffff87]Vg[0xffffffc8]'[0x1a][0xffffffb5][0xffffffa8]1[0xffffff86][0xffffffb2][0xffffff94][0xffffff8a][0xffffff82][0xffffffd4][0xfffffffa][0xffffffc2]2[0x17][0xffffffaa][0xffffffd2]j[0xb][0x1d][0xffffff8f]j[0x1b]W[0xffffffc8]G[0x19][0xffffffd5]i[0xfffffff5][0xffffff84][0xfffffff5]p[0xffffffa2]D5[0xffffff9e][0xffffff90]?5[0xffffffd4][0xffffffa9][0xffffffc6][0x12][0xffffffd6][0xffffffb9][0xffffff8a][0xffffff95]K[0xffffff81][\r]mP[0xffffff8c]\[0xe][0xffffff8a][0xffffff8f][0xffffffcb]A[0xffffffb1]q9(..[0x7][0xffffffc5][0xffffffc4][0xffffffe5][0xffffffa0]x[0xffffffb8][0x1c][0x14][0xb][0xffffff97][0x3][0xffffff99]=[[0xe]D[0x13][0x18][0xffffffca][0xffffff80]36[0xffffff94][0xffffff81].[0xfffffff3][0x18][0xffffffca]@[0xffffff95][0xffffffc5]0[0xffffff90][0xffffff83];[0xffffffd3]7[0x1f].[0xb])[0xffffffd8][0xfffffff0][0xffffffcb][0xfffffff1]ej4[0xfffffff0][0xffffffed]:![0xfffffff8]O[0x11]<N[0xffffffdf][0xffffffa6][0x13][0xffffff8d]:[0xffffffbe][0xfffffff1][0x8]I[0x11][0xffffffa7][0xfffffff3][0xffffffe3][0xffffffc7]uW[0xffffffd9]#[\r][0xffffffb2][0xffffffbb]-[0xffffffcb][0xffffffe9][0xffffffba][0xfffffffb][0xffffff9c][0xffffffbe][0x14]Q| [0xffffffba][0xfffffff6][0xffffffb5][0xffffffd2][0xffffffe3][0xffffffcd] }[0xffffffa1][0xffffffdc][0xffffffd5]J[0xffffff87][0xffffffa6][0x1b]W2S[0xffffffee]i[0xffffffa5]S[0xffffffe9] g[0xffffffca][0x1d][0xffffffad][0x4][0xffffff90][0xffffffd4]qf[0xffffffca][0xfffffffd][0xffffffac][0xffffffb4]x>p[0xfffffff5][0x12][0xffffffad][0xffffffdd][0xffffffac][0xffffffb4]([0xffffffb4][0xffffffae][0xffffffcc]V{Yi[0x0][0xffffffc7][0xffffff85]B[0xffffffb9][0xffffff93][0xffffffc5][0x1e][0xffffff80][0xffffffee][0xfffffff0][0xc][0xffffffb9][0xffffff8d][0xffffff95][0xffffffda][0xffffffd1][0xffffff8d]Y(7[0xffffffb1][0xffffffd8]"
11:26:55.565 [main] DEBUG org.apache.hc.client5.http.wire -- http-outgoing-7 << "[0xffffff8f]jT[0xffffffb0]B[0xffffffb9][0xffffff85][0xffffff95][\n]"
11:26:55.565 [main] DEBUG org.apache.hc.client5.http.wire -- http-outgoing-7 << "[0xffffffbf]T[0xffffffc7]#p[0x3][0xffffff8b][0x1d][0xffffff87][0xffffffa9]E[0xffffffd4][0xffffffee][0x15]o[0x3]K[0x1d]A[0xffffffa6][0xffffffdc][0xffffffbb]J%[0xffffffc5]:.w[0xffffffae]xYX[0xffffffea][0xffffff9f][0xffffff88]r[0xffffffdf][0xffffff8a][0xffffffd2]OB[0xffffff91]Y[0xffffffe9]Z%UW[0x16][0xffffff86][V,MUV[0x1a]V[0xffffffac][0xffffffc1]TV[0xffffffda]U[0xffffffcc][0xffffffaa][0xffffffce][0xffffffcc][0xffffffcd]j@[0xffffff8d][0xffffffd1]2[0xffffffa3][0xffffffd2][0xffffffa8][0x6]\z][0xffffff9e]*]j[0x10][0xffffffeb][0x4][0xffffffa5]C[0xfffffff5][0xffffffa4]t[0xffffffe5][0xffffffc5][0xffffffd2][0xffffff9d]z,,[0x13][0xffffffee]Li[0xffffffc7][0xfffffff3][0xffffffc6]pW[0xffffffea]pm[0xffffffcb]k[0xffffffdc][0xffffff92][0x2][0xffffff84][0xffffffb2]%[0xffffffdc][0xffffff8e][0x2][0x1e][0x9][0xffffffc8]k[0xffffffc1][0xffffffbd][0xffffffa8][0xffffffa5][0x5].O[0xffffff95]F[0xffffffd4]&[0xffffff83][0xffffff92][0x8]7[0xffffffa1]([\r][0xffffffb6][0xffffffcc][0xffffff87][0xffffffea][0xffffff95][0xffffffd5]3pN[0xffffffdc][0xffffff93][0xffffffe2]=[[0xffffffb6][0xffffffaa][0xfffffff6][0xffffffa3]X1[0xffffff9e][0xffffffbb][0xffffffc4]j3Jg6[0xffffff93][0xffffffd2][0xffffff88]*[0xffffffc7]G[0xffffff87]{P[0xffffffa5]+)[0xfffffffd]'[0xffffffc9]b![0xffffffa5][0xfffffff5][0xffffff94][0x1a]{[0xfffffff3][0xffffff8c][0xffffff8c][0xffffff89][0xffffffef][0xffffff97][0xffffffe9]q>_o[0xfffffffb][0xffffffd3]i:f[0xffffffa8]"[0xffffffd0][0xffffffcd][0xffffffae][0xfffffff3]912[0xffffffa2][0xffffff84][0xffffff81][\n]"
11:26:55.565 [main] DEBUG org.apache.hc.client5.http.wire -- http-outgoing-7 << "[0xffffffb9]|#"[0xffffffea]$[0xffffffde]vy?[0xffffffb4][0xffffff8f][0xfffffff8]a[0x19][0x1d]r[0xffffffa8]Htp[0xffffffa7]}>#[0xffffffd8][0xffffff87][0xffffffd1][0xffffff95][0xffffff8d]z[0xfffffffd][0xfffffff0][0xf][0xffffffe2][0x12][0xffffff8f][0xfffffff4]>[0x13][0x0][0x0]"
11:26:55.566 [main] DEBUG org.apache.hc.client5.http.impl.classic.InternalHttpClient -- ep-0000000008 releasing valid endpoint
11:26:55.566 [main] DEBUG org.apache.hc.client5.http.impl.io.PoolingHttpClientConnectionManager -- ep-0000000008 releasing endpoint
11:26:55.566 [main] DEBUG org.apache.hc.client5.http.impl.io.PoolingHttpClientConnectionManager -- ep-0000000008 connection http-outgoing-7 can be kept alive for 3 MINUTES
11:26:55.566 [main] DEBUG org.apache.hc.client5.http.impl.io.PoolingHttpClientConnectionManager -- ep-0000000008 connection released [route: {s}->https://raw.githubusercontent.com:443][total available: 1; route allocated: 1 of 5; total allocated: 2 of 25]
11:26:55.566 [main] DEBUG io.github.bonigarcia.wdm.versions.VersionDetector -- Driver for chrome120.0.6099.63 not found in online properties (using local versions.properties)
11:26:55.567 [main] DEBUG io.github.bonigarcia.wdm.WebDriverManager -- The driver version for CHROME 120.0.6099.63 is unknown ... trying with latest
11:26:55.572 [main] DEBUG org.apache.hc.client5.http.impl.classic.InternalHttpClient -- ex-0000000009 preparing request execution
11:26:55.572 [main] DEBUG org.apache.hc.client5.http.impl.classic.ProtocolExec -- ex-0000000009 target auth state: UNCHALLENGED
11:26:55.572 [main] DEBUG org.apache.hc.client5.http.impl.classic.ProtocolExec -- ex-0000000009 proxy auth state: UNCHALLENGED
11:26:55.572 [main] DEBUG org.apache.hc.client5.http.impl.classic.ConnectExec -- ex-0000000009 acquiring connection with route {s}->https://googlechromelabs.github.io:443
11:26:55.572 [main] DEBUG org.apache.hc.client5.http.impl.classic.InternalHttpClient -- ex-0000000009 acquiring endpoint (3 MINUTES)
11:26:55.572 [main] DEBUG org.apache.hc.client5.http.impl.io.PoolingHttpClientConnectionManager -- ex-0000000009 endpoint lease request (3 MINUTES) [route: {s}->https://googlechromelabs.github.io:443][total available: 1; route allocated: 1 of 5; total allocated: 2 of 25]
11:26:55.573 [main] DEBUG org.apache.hc.client5.http.impl.io.PoolingHttpClientConnectionManager -- ex-0000000009 endpoint leased [route: {s}->https://googlechromelabs.github.io:443][total available: 1; route allocated: 2 of 5; total allocated: 3 of 25]
11:26:55.573 [main] DEBUG org.apache.hc.client5.http.impl.io.PoolingHttpClientConnectionManager -- ex-0000000009 acquired ep-0000000009
11:26:55.573 [main] DEBUG org.apache.hc.client5.http.impl.classic.InternalHttpClient -- ex-0000000009 acquired endpoint ep-0000000009
11:26:55.573 [main] DEBUG org.apache.hc.client5.http.impl.classic.ConnectExec -- ex-0000000009 opening connection {s}->https://googlechromelabs.github.io:443
11:26:55.573 [main] DEBUG org.apache.hc.client5.http.impl.classic.InternalHttpClient -- ep-0000000009 connecting endpoint (null)
11:26:55.573 [main] DEBUG org.apache.hc.client5.http.impl.io.PoolingHttpClientConnectionManager -- ep-0000000009 connecting endpoint to https://googlechromelabs.github.io:443 (30 SECONDS)
11:26:55.573 [main] DEBUG org.apache.hc.client5.http.impl.io.DefaultHttpClientConnectionOperator -- googlechromelabs.github.io resolving remote address
11:26:55.573 [main] DEBUG org.apache.hc.client5.http.impl.io.DefaultHttpClientConnectionOperator -- googlechromelabs.github.io resolved to [googlechromelabs.github.io/185.199.108.153, googlechromelabs.github.io/185.199.111.153, googlechromelabs.github.io/185.199.110.153, googlechromelabs.github.io/185.199.109.153]
11:26:55.574 [main] DEBUG org.apache.hc.client5.http.impl.io.DefaultHttpClientConnectionOperator -- googlechromelabs.github.io:443 connecting null->googlechromelabs.github.io/185.199.108.153:443 (30 SECONDS)
11:26:55.574 [main] DEBUG org.apache.hc.client5.http.ssl.SSLConnectionSocketFactory -- Connecting socket to googlechromelabs.github.io/185.199.108.153:443 with timeout 30 SECONDS
11:26:55.615 [main] DEBUG org.apache.hc.client5.http.ssl.SSLConnectionSocketFactory -- Enabled protocols: [TLSv1.3, TLSv1.2]
11:26:55.615 [main] DEBUG org.apache.hc.client5.http.ssl.SSLConnectionSocketFactory -- Enabled cipher suites: [TLS_AES_256_GCM_SHA384, TLS_AES_128_GCM_SHA256, TLS_CHACHA20_POLY1305_SHA256, TLS_ECDHE_ECDSA_WITH_AES_256_GCM_SHA384, TLS_ECDHE_ECDSA_WITH_AES_128_GCM_SHA256, TLS_ECDHE_ECDSA_WITH_CHACHA20_POLY1305_SHA256, TLS_ECDHE_RSA_WITH_AES_256_GCM_SHA384, TLS_ECDHE_RSA_WITH_CHACHA20_POLY1305_SHA256, TLS_ECDHE_RSA_WITH_AES_128_GCM_SHA256, TLS_DHE_RSA_WITH_AES_256_GCM_SHA384, TLS_DHE_RSA_WITH_CHACHA20_POLY1305_SHA256, TLS_DHE_DSS_WITH_AES_256_GCM_SHA384, TLS_DHE_RSA_WITH_AES_128_GCM_SHA256, TLS_DHE_DSS_WITH_AES_128_GCM_SHA256, TLS_ECDHE_ECDSA_WITH_AES_256_CBC_SHA384, TLS_ECDHE_RSA_WITH_AES_256_CBC_SHA384, TLS_ECDHE_ECDSA_WITH_AES_128_CBC_SHA256, TLS_ECDHE_RSA_WITH_AES_128_CBC_SHA256, TLS_DHE_RSA_WITH_AES_256_CBC_SHA256, TLS_DHE_DSS_WITH_AES_256_CBC_SHA256, TLS_DHE_RSA_WITH_AES_128_CBC_SHA256, TLS_DHE_DSS_WITH_AES_128_CBC_SHA256, TLS_ECDHE_ECDSA_WITH_AES_256_CBC_SHA, TLS_ECDHE_RSA_WITH_AES_256_CBC_SHA, TLS_ECDHE_ECDSA_WITH_AES_128_CBC_SHA, TLS_ECDHE_RSA_WITH_AES_128_CBC_SHA, TLS_DHE_RSA_WITH_AES_256_CBC_SHA, TLS_DHE_DSS_WITH_AES_256_CBC_SHA, TLS_DHE_RSA_WITH_AES_128_CBC_SHA, TLS_DHE_DSS_WITH_AES_128_CBC_SHA, TLS_RSA_WITH_AES_256_GCM_SHA384, TLS_RSA_WITH_AES_128_GCM_SHA256, TLS_RSA_WITH_AES_256_CBC_SHA256, TLS_RSA_WITH_AES_128_CBC_SHA256, TLS_RSA_WITH_AES_256_CBC_SHA, TLS_RSA_WITH_AES_128_CBC_SHA, TLS_EMPTY_RENEGOTIATION_INFO_SCSV]
11:26:55.616 [main] DEBUG org.apache.hc.client5.http.ssl.SSLConnectionSocketFactory -- Starting handshake (null)
11:26:55.658 [main] DEBUG org.apache.hc.client5.http.ssl.SSLConnectionSocketFactory -- Secure session established
11:26:55.658 [main] DEBUG org.apache.hc.client5.http.ssl.SSLConnectionSocketFactory --  negotiated protocol: TLSv1.3
11:26:55.658 [main] DEBUG org.apache.hc.client5.http.ssl.SSLConnectionSocketFactory --  negotiated cipher suite: TLS_AES_128_GCM_SHA256
11:26:55.658 [main] DEBUG org.apache.hc.client5.http.ssl.SSLConnectionSocketFactory --  peer principal: CN=*.github.io, O="GitHub, Inc.", L=San Francisco, ST=California, C=US
11:26:55.658 [main] DEBUG org.apache.hc.client5.http.ssl.SSLConnectionSocketFactory --  peer alternative names: [*.github.io, github.io, *.github.com, github.com, www.github.com, *.githubusercontent.com, githubusercontent.com]
11:26:55.658 [main] DEBUG org.apache.hc.client5.http.ssl.SSLConnectionSocketFactory --  issuer principal: CN=DigiCert TLS RSA SHA256 2020 CA1, O=DigiCert Inc, C=US
11:26:55.658 [main] DEBUG org.apache.hc.client5.http.impl.io.DefaultManagedHttpClientConnection -- http-outgoing-8 set socket timeout to 3 MINUTES
11:26:55.658 [main] DEBUG org.apache.hc.client5.http.impl.io.DefaultHttpClientConnectionOperator -- googlechromelabs.github.io:443 connected null->googlechromelabs.github.io/185.199.108.153:443 as http-outgoing-8
11:26:55.658 [main] DEBUG org.apache.hc.client5.http.impl.io.PoolingHttpClientConnectionManager -- ep-0000000009 connected http-outgoing-8
11:26:55.658 [main] DEBUG org.apache.hc.client5.http.impl.classic.InternalHttpClient -- ep-0000000009 endpoint connected
11:26:55.658 [main] DEBUG org.apache.hc.client5.http.impl.classic.MainClientExec -- ex-0000000009 executing GET /chrome-for-testing/last-known-good-versions-with-downloads.json HTTP/1.1
11:26:55.658 [main] DEBUG org.apache.hc.client5.http.protocol.RequestAddCookies -- ex-0000000009 Cookie spec selected: strict
11:26:55.658 [main] DEBUG org.apache.hc.client5.http.impl.classic.InternalHttpClient -- ep-0000000009 start execution ex-0000000009
11:26:55.658 [main] DEBUG org.apache.hc.client5.http.impl.io.PoolingHttpClientConnectionManager -- ep-0000000009 executing exchange ex-0000000009 over http-outgoing-8
11:26:55.658 [main] DEBUG org.apache.hc.client5.http.headers -- http-outgoing-8 >> GET /chrome-for-testing/last-known-good-versions-with-downloads.json HTTP/1.1
11:26:55.658 [main] DEBUG org.apache.hc.client5.http.headers -- http-outgoing-8 >> user-agent: Apache-HttpClient/5.0
11:26:55.658 [main] DEBUG org.apache.hc.client5.http.headers -- http-outgoing-8 >> accept-encoding: gzip, deflate, br
11:26:55.658 [main] DEBUG org.apache.hc.client5.http.headers -- http-outgoing-8 >> cache-control: max-age=0
11:26:55.658 [main] DEBUG org.apache.hc.client5.http.headers -- http-outgoing-8 >> connection: keep-alive
11:26:55.658 [main] DEBUG org.apache.hc.client5.http.headers -- http-outgoing-8 >> Host: googlechromelabs.github.io
11:26:55.658 [main] DEBUG org.apache.hc.client5.http.wire -- http-outgoing-8 >> "GET /chrome-for-testing/last-known-good-versions-with-downloads.json HTTP/1.1[\r][\n]"
11:26:55.658 [main] DEBUG org.apache.hc.client5.http.wire -- http-outgoing-8 >> "user-agent: Apache-HttpClient/5.0[\r][\n]"
11:26:55.658 [main] DEBUG org.apache.hc.client5.http.wire -- http-outgoing-8 >> "accept-encoding: gzip, deflate, br[\r][\n]"
11:26:55.658 [main] DEBUG org.apache.hc.client5.http.wire -- http-outgoing-8 >> "cache-control: max-age=0[\r][\n]"
11:26:55.658 [main] DEBUG org.apache.hc.client5.http.wire -- http-outgoing-8 >> "connection: keep-alive[\r][\n]"
11:26:55.658 [main] DEBUG org.apache.hc.client5.http.wire -- http-outgoing-8 >> "Host: googlechromelabs.github.io[\r][\n]"
11:26:55.658 [main] DEBUG org.apache.hc.client5.http.wire -- http-outgoing-8 >> "[\r][\n]"
11:26:55.695 [main] DEBUG org.apache.hc.client5.http.wire -- http-outgoing-8 << "HTTP/1.1 200 OK[\r][\n]"
11:26:55.695 [main] DEBUG org.apache.hc.client5.http.wire -- http-outgoing-8 << "Connection: keep-alive[\r][\n]"
11:26:55.695 [main] DEBUG org.apache.hc.client5.http.wire -- http-outgoing-8 << "Content-Length: 639[\r][\n]"
11:26:55.695 [main] DEBUG org.apache.hc.client5.http.wire -- http-outgoing-8 << "Server: GitHub.com[\r][\n]"
11:26:55.695 [main] DEBUG org.apache.hc.client5.http.wire -- http-outgoing-8 << "Content-Type: application/json; charset=utf-8[\r][\n]"
11:26:55.695 [main] DEBUG org.apache.hc.client5.http.wire -- http-outgoing-8 << "permissions-policy: interest-cohort=()[\r][\n]"
11:26:55.695 [main] DEBUG org.apache.hc.client5.http.wire -- http-outgoing-8 << "x-origin-cache: HIT[\r][\n]"
11:26:55.695 [main] DEBUG org.apache.hc.client5.http.wire -- http-outgoing-8 << "Last-Modified: Thu, 21 Dec 2023 10:09:07 GMT[\r][\n]"
11:26:55.695 [main] DEBUG org.apache.hc.client5.http.wire -- http-outgoing-8 << "Access-Control-Allow-Origin: *[\r][\n]"
11:26:55.695 [main] DEBUG org.apache.hc.client5.http.wire -- http-outgoing-8 << "Strict-Transport-Security: max-age=31556952[\r][\n]"
11:26:55.695 [main] DEBUG org.apache.hc.client5.http.wire -- http-outgoing-8 << "ETag: W/"65840ec3-22ac"[\r][\n]"
11:26:55.695 [main] DEBUG org.apache.hc.client5.http.wire -- http-outgoing-8 << "expires: Thu, 21 Dec 2023 10:19:26 GMT[\r][\n]"
11:26:55.695 [main] DEBUG org.apache.hc.client5.http.wire -- http-outgoing-8 << "Cache-Control: max-age=600[\r][\n]"
11:26:55.695 [main] DEBUG org.apache.hc.client5.http.wire -- http-outgoing-8 << "Content-Encoding: gzip[\r][\n]"
11:26:55.695 [main] DEBUG org.apache.hc.client5.http.wire -- http-outgoing-8 << "x-proxy-cache: HIT[\r][\n]"
11:26:55.695 [main] DEBUG org.apache.hc.client5.http.wire -- http-outgoing-8 << "X-GitHub-Request-Id: B6B0:13CF72:40DE00C:4208092:65840FDC[\r][\n]"
11:26:55.695 [main] DEBUG org.apache.hc.client5.http.wire -- http-outgoing-8 << "Accept-Ranges: bytes[\r][\n]"
11:26:55.695 [main] DEBUG org.apache.hc.client5.http.wire -- http-outgoing-8 << "Date: Thu, 21 Dec 2023 10:26:58 GMT[\r][\n]"
11:26:55.695 [main] DEBUG org.apache.hc.client5.http.wire -- http-outgoing-8 << "Via: 1.1 varnish[\r][\n]"
11:26:55.695 [main] DEBUG org.apache.hc.client5.http.wire -- http-outgoing-8 << "Age: 28[\r][\n]"
11:26:55.695 [main] DEBUG org.apache.hc.client5.http.wire -- http-outgoing-8 << "X-Served-By: cache-mad2200119-MAD[\r][\n]"
11:26:55.695 [main] DEBUG org.apache.hc.client5.http.wire -- http-outgoing-8 << "X-Cache: HIT[\r][\n]"
11:26:55.695 [main] DEBUG org.apache.hc.client5.http.wire -- http-outgoing-8 << "X-Cache-Hits: 1[\r][\n]"
11:26:55.695 [main] DEBUG org.apache.hc.client5.http.wire -- http-outgoing-8 << "X-Timer: S1703154418.355277,VS0,VE1[\r][\n]"
11:26:55.695 [main] DEBUG org.apache.hc.client5.http.wire -- http-outgoing-8 << "Vary: Accept-Encoding[\r][\n]"
11:26:55.695 [main] DEBUG org.apache.hc.client5.http.wire -- http-outgoing-8 << "X-Fastly-Request-ID: 9df4f4734533c3167572e30faab4da35a8c68e42[\r][\n]"
11:26:55.695 [main] DEBUG org.apache.hc.client5.http.wire -- http-outgoing-8 << "[\r][\n]"
11:26:55.696 [main] DEBUG org.apache.hc.client5.http.headers -- http-outgoing-8 << HTTP/1.1 200 OK
11:26:55.696 [main] DEBUG org.apache.hc.client5.http.headers -- http-outgoing-8 << Connection: keep-alive
11:26:55.696 [main] DEBUG org.apache.hc.client5.http.headers -- http-outgoing-8 << Content-Length: 639
11:26:55.696 [main] DEBUG org.apache.hc.client5.http.headers -- http-outgoing-8 << Server: GitHub.com
11:26:55.696 [main] DEBUG org.apache.hc.client5.http.headers -- http-outgoing-8 << Content-Type: application/json; charset=utf-8
11:26:55.696 [main] DEBUG org.apache.hc.client5.http.headers -- http-outgoing-8 << permissions-policy: interest-cohort=()
11:26:55.696 [main] DEBUG org.apache.hc.client5.http.headers -- http-outgoing-8 << x-origin-cache: HIT
11:26:55.696 [main] DEBUG org.apache.hc.client5.http.headers -- http-outgoing-8 << Last-Modified: Thu, 21 Dec 2023 10:09:07 GMT
11:26:55.696 [main] DEBUG org.apache.hc.client5.http.headers -- http-outgoing-8 << Access-Control-Allow-Origin: *
11:26:55.696 [main] DEBUG org.apache.hc.client5.http.headers -- http-outgoing-8 << Strict-Transport-Security: max-age=31556952
11:26:55.696 [main] DEBUG org.apache.hc.client5.http.headers -- http-outgoing-8 << ETag: W/"65840ec3-22ac"
11:26:55.696 [main] DEBUG org.apache.hc.client5.http.headers -- http-outgoing-8 << expires: Thu, 21 Dec 2023 10:19:26 GMT
11:26:55.696 [main] DEBUG org.apache.hc.client5.http.headers -- http-outgoing-8 << Cache-Control: max-age=600
11:26:55.696 [main] DEBUG org.apache.hc.client5.http.headers -- http-outgoing-8 << Content-Encoding: gzip
11:26:55.696 [main] DEBUG org.apache.hc.client5.http.headers -- http-outgoing-8 << x-proxy-cache: HIT
11:26:55.696 [main] DEBUG org.apache.hc.client5.http.headers -- http-outgoing-8 << X-GitHub-Request-Id: B6B0:13CF72:40DE00C:4208092:65840FDC
11:26:55.696 [main] DEBUG org.apache.hc.client5.http.headers -- http-outgoing-8 << Accept-Ranges: bytes
11:26:55.696 [main] DEBUG org.apache.hc.client5.http.headers -- http-outgoing-8 << Date: Thu, 21 Dec 2023 10:26:58 GMT
11:26:55.696 [main] DEBUG org.apache.hc.client5.http.headers -- http-outgoing-8 << Via: 1.1 varnish
11:26:55.696 [main] DEBUG org.apache.hc.client5.http.headers -- http-outgoing-8 << Age: 28
11:26:55.696 [main] DEBUG org.apache.hc.client5.http.headers -- http-outgoing-8 << X-Served-By: cache-mad2200119-MAD
11:26:55.696 [main] DEBUG org.apache.hc.client5.http.headers -- http-outgoing-8 << X-Cache: HIT
11:26:55.696 [main] DEBUG org.apache.hc.client5.http.headers -- http-outgoing-8 << X-Cache-Hits: 1
11:26:55.696 [main] DEBUG org.apache.hc.client5.http.headers -- http-outgoing-8 << X-Timer: S1703154418.355277,VS0,VE1
11:26:55.696 [main] DEBUG org.apache.hc.client5.http.headers -- http-outgoing-8 << Vary: Accept-Encoding
11:26:55.696 [main] DEBUG org.apache.hc.client5.http.headers -- http-outgoing-8 << X-Fastly-Request-ID: 9df4f4734533c3167572e30faab4da35a8c68e42
11:26:55.696 [main] DEBUG org.apache.hc.client5.http.impl.classic.MainClientExec -- ex-0000000009 connection can be kept alive for 3 MINUTES
11:26:55.697 [main] DEBUG org.apache.hc.client5.http.wire -- http-outgoing-8 << "[0x1f][0xffffff8b][0x8][0x0][0x0][0x0][0x0][0x0][0x0][0x3][0xffffffcd][0xffffff96][0xffffffcb][0xffffff8e][0xffffff9b]0[0x14][0xffffff86][0xfffffff7]}[0xc][0xffffffaf][0xffffffb9][0xffffffd9]D[0x10]XN[0xfffffffb][0x6][0xffffffed][0xffffffaa]U[0x17]np[0x13]$[0x3][0x11]x2m#[0xffffffde][0xffffffbd][0xffffff86][0x18][0xffffff86][0xffffff8b][0xffffffcd][0xffffffac][0xffffffe2][0xffffffc3][0xffffff8a][0xffffffe4]`[0xffffffce][0xfffffff9]A[0xffffff9f][0xffffff8e][0xffffffbe];[0x12]y[0xffffffc1][0x1a]A[0xffffff8b]+J[0x11][0x9]H[0xffffffe8]b[0xffffffe2][0xffffff92][0xffffffe0][0x1b]!ipL[0xf][0xffffff81][0x17][0xffffffc5][0xffffffc7][0xffffffef][0xffffffc8]A[0xffffffa7][0xb]-K[0xffffffc6][0x1b][0xffffff94][0xffffffde][0xffffffd1]WA[0x7f]q[0xffffffd6][0xfffffffd]RU[0xfffffff9][0xffffffa8][0xffffffaa]9[0xffffffe8][0xffffffc6][0xffffffea]&[0xffffffaf]JY[0xffffffc2]$[0xfffffff0][0xffffffe4][0xfffffff3]A[0xffffff92]x8H[0xffffffe4][0xffffffad][0xffffff9a][0xffffffdd][0xfffffff2][0xfffffff1][0x1e][0xffffff8e][0xffffffc3][0xffffff88][0xffffffc8]bV[0xffffffbd][0xffffff95][0xffffffbc][0xffffffa2]Y[0xfffffff3][0xffffffe8]WW[0xffffff85][0xffffffec][0xfffffffc][0xffffffe3][0xffffff8e][0xffffffae][0xffffff9c][0xffffff8a][0xffffffdf]U][0xffffffc8][0xffffffc3]</_[0xffffffff]D[0x7]y[0xfffffff8][0xffffffb5][0xffffffee]f][0xffffff84][0xffffffb8]6[0xffffffa9][0xffffffef][0xffffffb3][0xffffffec][0xffffffcc]2[0xffffffee][0x15][0xffffffcc];[0xffffffdf][0x4][0xfffffff6]NU[0xffffffa1]J[0xfffffffe][0xffffffa3][0xffffff8f][0xffffffba][0xffffffb8][0xffffffb2][0xffffff8d]+[0xffffffe4]K[0xffffffe6][0xffffffe5][0xffffffd9][0xffffff9f][0xffffff87][0xfffffff2]U[0xffffffeb][0xffffffe1][0xffffffa4][0xfffffffa][0xffffffeb][0xfffffffd][0xffffffcb][0xffffffaf][0xffffffa8]uf![\n]"
11:26:55.697 [main] DEBUG org.apache.hc.client5.http.wire -- http-outgoing-8 << "zri]<'[0xffffffc6][0xffffffd8]|8;[0x16]LQ[0xffffff9e][0xfffffff4]=T[0xffffffeb]i[0xc][0xffffffc3][0xfffffff7]x[0xffffffcb][0xffffffcb][0xffffff90]<#B[0xffffffdf]x8[0xffffffd7][0xffffffff]1[0xffffff8c][0x7f][0xffffffce][0x17][0xffffffe8][0x1b]O[0xffffffc6][0xf]o[0xffffffff][0xffffffd3]Qtfu.[0x19][0x7]c[0xfffffff4]1~7[0xffffffa4][0xffffffaa]8[0xfffffffb][0xffffffe0]u[0x12][0x6][0xffffff92]Z[0x15][0x3][0xffffff96][0xffffffdd][0xfffffff7][0x10]+[0xffffff82][0xffffffdd][0xb][0xffffffa3][0x19]gM[0xffffffe3]6[0x17][0xffffffc6]9[0x18][0xffffffca][0xffffff8b][0x1c][0xffffffbb]az[0xffffff99]k[0x1f]p[0xffffffeb]RAR[0xffffffbe][0xffffffcc][0x3][0xffffff8b][0xffffffbb]&[0xffffffcd][0xffffffc8]}[0xffffffdb]:[0xffffffe8][0xffffff85][0x9]:7[0xffffff96][0xffffffbe]2[0xfffffff7][0x15][0xffffffdc]u[0xffffffc7]Q[0xffffffec][0xffffffe1]h[0xffffffa9]+a[0xffffff88][0xffffff83][0x18]BW&[0xffffff99][0x0]me[0xffffff9a][0x2]RV[0xffffff96]9[0xffffffec][0xffffffbb][0xffffffca]4[0xffffff81]}UYL[0xffffff87]7[0x15]3[0xffffff9e][0xfffffff6]Ee[0xb]R[0xfffffffb][0xffffff9e]bF[0xffffffd5][0xffffffae][0xffffffa6][0xffffff98][0xffffff80][0xffffffb5]i)&l[0xfffffff7]")[0x1b]K[0x16][0xffffffce]Q6w.[0xffffff9c][0xffffffa2]l[0xffffffac]`[0x18]C1nd[0x8]A1.[0xffffffe8][0xf][0xfffffffc][0xffffffe4][0xb][0xffffffbb][0xffffffcd][0xfffffff5][0xffffffa4]+[0xffffffcc][0xffffffed][0xffffff84][0xfffffff4][0xffffffad][0xffffff8f][0xfffffff2][0xffffffb2][0xffffff92][0xffffff93](>[0x1c]![0xffffffe4][0xffffffe4]=[0x12][0xffffffa0][0xffffff9b]LB@[0xffffffaa][0xffffffc9]"[0xffffff86]}3[0xffffff99][0x4][0xffffffb0]/&[0xfffffff3][0xffffffe1][0xfffffff0]^b$[0xffffffd3][0xffffffbe][0xffffff96]l[0xfffffff0]i[0xffffffdf]J[0xffffff8c][0xffffff94][0xffffffda][0xffffff95][0x12][0x3][0xffffffab]6[0xffffff9d][0xffffffc4]@[0xffffffec]^[0xffffff94][0xffffffc4][0xffffffbc]Z[0xffffffe1][0xffffff8c]dk[0xffffffd3][0xffffffc2][0x9][0xffffff89]y[0xfffffff1][0xffffffc2][0xfffffff8][0xffffff88]i[0xf]C[0xffffffe8][0xffffff88]i-[0x7f]`#[0xffffff9f]iI[0xffffffeb][0xffffffbf]s!Q5[0xffffff9d][0xffffff93]$[0xffffffb1][0xffffffc6]I[0xffffff92][0xffffffe8][0xffffff80][0xffffffe1][0xffffff9c][0xffffffa4][0xffffff8b][0x4][0xffffffee]$}[0x8]x'[0x19]c@9I[0x1f][0x0][0xffffffca]I[0xffffff86][0xffffffe1]{q[0x12][\r][0xffffff99]PN[0xffffffa2][0xffffffe5][0x13][0xffffffca]I4[0xffffff94]B8[0xffffffc9][0xffffff8a]U[0xfffffffb]N[0xffffffb2]"v_N[0xffffffa2][[0xffffffad][0xffffffd0]N[0xffffffa2][0xffffffdf][0xffffffb4][0xffffffd0]N[0xffffffa2][[0xffffffbc][0xffffff90]N[0xffffffb2][0xffffffde][0xffffffc3]pN[0xffffffb2]^[0xffffffcb][0xffffff9b]N[0xffffffd2][0xffffffb6][0xffffff9f][0xfffffffe][0x3][0x1f][0x19][0xb]V[0xffffffac]"[0x0][0x0]"
11:26:55.699 [main] DEBUG org.apache.hc.client5.http.impl.classic.InternalHttpClient -- ep-0000000009 releasing valid endpoint
11:26:55.700 [main] DEBUG org.apache.hc.client5.http.impl.io.PoolingHttpClientConnectionManager -- ep-0000000009 releasing endpoint
11:26:55.700 [main] DEBUG org.apache.hc.client5.http.impl.io.PoolingHttpClientConnectionManager -- ep-0000000009 connection http-outgoing-8 can be kept alive for 3 MINUTES
11:26:55.700 [main] DEBUG org.apache.hc.client5.http.impl.io.PoolingHttpClientConnectionManager -- ep-0000000009 connection released [route: {s}->https://googlechromelabs.github.io:443][total available: 2; route allocated: 2 of 5; total allocated: 3 of 25]
11:26:55.706 [main] DEBUG io.github.bonigarcia.wdm.WebDriverManager -- Driver chromedriver 120.0.6099.109 found in cache
11:26:55.707 [main] INFO io.github.bonigarcia.wdm.WebDriverManager -- Exporting webdriver.chrome.driver as C:\Users\info\.cache\selenium\chromedriver\win64\120.0.6099.109\chromedriver.exe
11:26:57.410 [main] DEBUG io.github.bonigarcia.wdm.WebDriverManager -- Using WebDriverManager 5.6.2
11:26:57.424 [main] WARN io.github.bonigarcia.wdm.versions.VersionDetector -- Exception reading CfT URL ('null') to get version of chromedriver (For input string: "120.0.6099.63")
11:26:57.424 [main] DEBUG org.apache.hc.client5.http.impl.classic.InternalHttpClient -- ex-0000000010 preparing request execution
11:26:57.424 [main] DEBUG org.apache.hc.client5.http.impl.classic.ProtocolExec -- ex-0000000010 target auth state: UNCHALLENGED
11:26:57.424 [main] DEBUG org.apache.hc.client5.http.impl.classic.ProtocolExec -- ex-0000000010 proxy auth state: UNCHALLENGED
11:26:57.424 [main] DEBUG org.apache.hc.client5.http.impl.classic.ConnectExec -- ex-0000000010 acquiring connection with route {s}->https://googlechromelabs.github.io:443
11:26:57.424 [main] DEBUG org.apache.hc.client5.http.impl.classic.InternalHttpClient -- ex-0000000010 acquiring endpoint (3 MINUTES)
11:26:57.424 [main] DEBUG org.apache.hc.client5.http.impl.io.PoolingHttpClientConnectionManager -- ex-0000000010 endpoint lease request (3 MINUTES) [route: {s}->https://googlechromelabs.github.io:443][total available: 0; route allocated: 0 of 5; total allocated: 0 of 25]
11:26:57.424 [main] DEBUG org.apache.hc.client5.http.impl.io.PoolingHttpClientConnectionManager -- ex-0000000010 endpoint leased [route: {s}->https://googlechromelabs.github.io:443][total available: 0; route allocated: 1 of 5; total allocated: 1 of 25]
11:26:57.424 [main] DEBUG org.apache.hc.client5.http.impl.io.PoolingHttpClientConnectionManager -- ex-0000000010 acquired ep-0000000010
11:26:57.424 [main] DEBUG org.apache.hc.client5.http.impl.classic.InternalHttpClient -- ex-0000000010 acquired endpoint ep-0000000010
11:26:57.424 [main] DEBUG org.apache.hc.client5.http.impl.classic.ConnectExec -- ex-0000000010 opening connection {s}->https://googlechromelabs.github.io:443
11:26:57.424 [main] DEBUG org.apache.hc.client5.http.impl.classic.InternalHttpClient -- ep-0000000010 connecting endpoint (null)
11:26:57.424 [main] DEBUG org.apache.hc.client5.http.impl.io.PoolingHttpClientConnectionManager -- ep-0000000010 connecting endpoint to https://googlechromelabs.github.io:443 (30 SECONDS)
11:26:57.424 [main] DEBUG org.apache.hc.client5.http.impl.io.DefaultHttpClientConnectionOperator -- googlechromelabs.github.io resolving remote address
11:26:57.424 [main] DEBUG org.apache.hc.client5.http.impl.io.DefaultHttpClientConnectionOperator -- googlechromelabs.github.io resolved to [googlechromelabs.github.io/185.199.108.153, googlechromelabs.github.io/185.199.111.153, googlechromelabs.github.io/185.199.110.153, googlechromelabs.github.io/185.199.109.153]
11:26:57.425 [main] DEBUG org.apache.hc.client5.http.impl.io.DefaultHttpClientConnectionOperator -- googlechromelabs.github.io:443 connecting null->googlechromelabs.github.io/185.199.108.153:443 (30 SECONDS)
11:26:57.425 [main] DEBUG org.apache.hc.client5.http.ssl.SSLConnectionSocketFactory -- Connecting socket to googlechromelabs.github.io/185.199.108.153:443 with timeout 30 SECONDS
11:26:57.463 [main] DEBUG org.apache.hc.client5.http.ssl.SSLConnectionSocketFactory -- Enabled protocols: [TLSv1.3, TLSv1.2]
11:26:57.464 [main] DEBUG org.apache.hc.client5.http.ssl.SSLConnectionSocketFactory -- Enabled cipher suites: [TLS_AES_256_GCM_SHA384, TLS_AES_128_GCM_SHA256, TLS_CHACHA20_POLY1305_SHA256, TLS_ECDHE_ECDSA_WITH_AES_256_GCM_SHA384, TLS_ECDHE_ECDSA_WITH_AES_128_GCM_SHA256, TLS_ECDHE_ECDSA_WITH_CHACHA20_POLY1305_SHA256, TLS_ECDHE_RSA_WITH_AES_256_GCM_SHA384, TLS_ECDHE_RSA_WITH_CHACHA20_POLY1305_SHA256, TLS_ECDHE_RSA_WITH_AES_128_GCM_SHA256, TLS_DHE_RSA_WITH_AES_256_GCM_SHA384, TLS_DHE_RSA_WITH_CHACHA20_POLY1305_SHA256, TLS_DHE_DSS_WITH_AES_256_GCM_SHA384, TLS_DHE_RSA_WITH_AES_128_GCM_SHA256, TLS_DHE_DSS_WITH_AES_128_GCM_SHA256, TLS_ECDHE_ECDSA_WITH_AES_256_CBC_SHA384, TLS_ECDHE_RSA_WITH_AES_256_CBC_SHA384, TLS_ECDHE_ECDSA_WITH_AES_128_CBC_SHA256, TLS_ECDHE_RSA_WITH_AES_128_CBC_SHA256, TLS_DHE_RSA_WITH_AES_256_CBC_SHA256, TLS_DHE_DSS_WITH_AES_256_CBC_SHA256, TLS_DHE_RSA_WITH_AES_128_CBC_SHA256, TLS_DHE_DSS_WITH_AES_128_CBC_SHA256, TLS_ECDHE_ECDSA_WITH_AES_256_CBC_SHA, TLS_ECDHE_RSA_WITH_AES_256_CBC_SHA, TLS_ECDHE_ECDSA_WITH_AES_128_CBC_SHA, TLS_ECDHE_RSA_WITH_AES_128_CBC_SHA, TLS_DHE_RSA_WITH_AES_256_CBC_SHA, TLS_DHE_DSS_WITH_AES_256_CBC_SHA, TLS_DHE_RSA_WITH_AES_128_CBC_SHA, TLS_DHE_DSS_WITH_AES_128_CBC_SHA, TLS_RSA_WITH_AES_256_GCM_SHA384, TLS_RSA_WITH_AES_128_GCM_SHA256, TLS_RSA_WITH_AES_256_CBC_SHA256, TLS_RSA_WITH_AES_128_CBC_SHA256, TLS_RSA_WITH_AES_256_CBC_SHA, TLS_RSA_WITH_AES_128_CBC_SHA, TLS_EMPTY_RENEGOTIATION_INFO_SCSV]
11:26:57.464 [main] DEBUG org.apache.hc.client5.http.ssl.SSLConnectionSocketFactory -- Starting handshake (null)
11:26:57.506 [main] DEBUG org.apache.hc.client5.http.ssl.SSLConnectionSocketFactory -- Secure session established
11:26:57.506 [main] DEBUG org.apache.hc.client5.http.ssl.SSLConnectionSocketFactory --  negotiated protocol: TLSv1.3
11:26:57.506 [main] DEBUG org.apache.hc.client5.http.ssl.SSLConnectionSocketFactory --  negotiated cipher suite: TLS_AES_128_GCM_SHA256
11:26:57.506 [main] DEBUG org.apache.hc.client5.http.ssl.SSLConnectionSocketFactory --  peer principal: CN=*.github.io, O="GitHub, Inc.", L=San Francisco, ST=California, C=US
11:26:57.506 [main] DEBUG org.apache.hc.client5.http.ssl.SSLConnectionSocketFactory --  peer alternative names: [*.github.io, github.io, *.github.com, github.com, www.github.com, *.githubusercontent.com, githubusercontent.com]
11:26:57.507 [main] DEBUG org.apache.hc.client5.http.ssl.SSLConnectionSocketFactory --  issuer principal: CN=DigiCert TLS RSA SHA256 2020 CA1, O=DigiCert Inc, C=US
11:26:57.507 [main] DEBUG org.apache.hc.client5.http.impl.io.DefaultManagedHttpClientConnection -- http-outgoing-9 set socket timeout to 3 MINUTES
11:26:57.507 [main] DEBUG org.apache.hc.client5.http.impl.io.DefaultHttpClientConnectionOperator -- googlechromelabs.github.io:443 connected null->googlechromelabs.github.io/185.199.108.153:443 as http-outgoing-9
11:26:57.507 [main] DEBUG org.apache.hc.client5.http.impl.io.PoolingHttpClientConnectionManager -- ep-0000000010 connected http-outgoing-9
11:26:57.507 [main] DEBUG org.apache.hc.client5.http.impl.classic.InternalHttpClient -- ep-0000000010 endpoint connected
11:26:57.507 [main] DEBUG org.apache.hc.client5.http.impl.classic.MainClientExec -- ex-0000000010 executing GET /chrome-for-testing/LATEST_RELEASE_120.0.6099.63 HTTP/1.1
11:26:57.507 [main] DEBUG org.apache.hc.client5.http.protocol.RequestAddCookies -- ex-0000000010 Cookie spec selected: strict
11:26:57.507 [main] DEBUG org.apache.hc.client5.http.impl.classic.InternalHttpClient -- ep-0000000010 start execution ex-0000000010
11:26:57.507 [main] DEBUG org.apache.hc.client5.http.impl.io.PoolingHttpClientConnectionManager -- ep-0000000010 executing exchange ex-0000000010 over http-outgoing-9
11:26:57.507 [main] DEBUG org.apache.hc.client5.http.headers -- http-outgoing-9 >> GET /chrome-for-testing/LATEST_RELEASE_120.0.6099.63 HTTP/1.1
11:26:57.507 [main] DEBUG org.apache.hc.client5.http.headers -- http-outgoing-9 >> user-agent: Apache-HttpClient/5.0
11:26:57.507 [main] DEBUG org.apache.hc.client5.http.headers -- http-outgoing-9 >> accept-encoding: gzip, deflate, br
11:26:57.507 [main] DEBUG org.apache.hc.client5.http.headers -- http-outgoing-9 >> cache-control: max-age=0
11:26:57.507 [main] DEBUG org.apache.hc.client5.http.headers -- http-outgoing-9 >> connection: keep-alive
11:26:57.507 [main] DEBUG org.apache.hc.client5.http.headers -- http-outgoing-9 >> Host: googlechromelabs.github.io
11:26:57.507 [main] DEBUG org.apache.hc.client5.http.wire -- http-outgoing-9 >> "GET /chrome-for-testing/LATEST_RELEASE_120.0.6099.63 HTTP/1.1[\r][\n]"
11:26:57.507 [main] DEBUG org.apache.hc.client5.http.wire -- http-outgoing-9 >> "user-agent: Apache-HttpClient/5.0[\r][\n]"
11:26:57.507 [main] DEBUG org.apache.hc.client5.http.wire -- http-outgoing-9 >> "accept-encoding: gzip, deflate, br[\r][\n]"
11:26:57.507 [main] DEBUG org.apache.hc.client5.http.wire -- http-outgoing-9 >> "cache-control: max-age=0[\r][\n]"
11:26:57.507 [main] DEBUG org.apache.hc.client5.http.wire -- http-outgoing-9 >> "connection: keep-alive[\r][\n]"
11:26:57.507 [main] DEBUG org.apache.hc.client5.http.wire -- http-outgoing-9 >> "Host: googlechromelabs.github.io[\r][\n]"
11:26:57.507 [main] DEBUG org.apache.hc.client5.http.wire -- http-outgoing-9 >> "[\r][\n]"
11:26:57.556 [main] DEBUG org.apache.hc.client5.http.wire -- http-outgoing-9 << "HTTP/1.1 404 Not Found[\r][\n]"
11:26:57.556 [main] DEBUG org.apache.hc.client5.http.wire -- http-outgoing-9 << "Connection: keep-alive[\r][\n]"
11:26:57.556 [main] DEBUG org.apache.hc.client5.http.wire -- http-outgoing-9 << "Content-Length: 5254[\r][\n]"
11:26:57.556 [main] DEBUG org.apache.hc.client5.http.wire -- http-outgoing-9 << "Server: GitHub.com[\r][\n]"
11:26:57.556 [main] DEBUG org.apache.hc.client5.http.wire -- http-outgoing-9 << "Content-Type: text/html; charset=utf-8[\r][\n]"
11:26:57.556 [main] DEBUG org.apache.hc.client5.http.wire -- http-outgoing-9 << "permissions-policy: interest-cohort=()[\r][\n]"
11:26:57.556 [main] DEBUG org.apache.hc.client5.http.wire -- http-outgoing-9 << "x-origin-cache: HIT[\r][\n]"
11:26:57.556 [main] DEBUG org.apache.hc.client5.http.wire -- http-outgoing-9 << "Access-Control-Allow-Origin: *[\r][\n]"
11:26:57.556 [main] DEBUG org.apache.hc.client5.http.wire -- http-outgoing-9 << "Strict-Transport-Security: max-age=31556952[\r][\n]"
11:26:57.556 [main] DEBUG org.apache.hc.client5.http.wire -- http-outgoing-9 << "ETag: W/"64d248ca-24a3"[\r][\n]"
11:26:57.556 [main] DEBUG org.apache.hc.client5.http.wire -- http-outgoing-9 << "Content-Security-Policy: default-src 'none'; style-src 'unsafe-inline'; img-src data:; connect-src 'self'[\r][\n]"
11:26:57.556 [main] DEBUG org.apache.hc.client5.http.wire -- http-outgoing-9 << "Content-Encoding: gzip[\r][\n]"
11:26:57.556 [main] DEBUG org.apache.hc.client5.http.wire -- http-outgoing-9 << "x-proxy-cache: MISS[\r][\n]"
11:26:57.556 [main] DEBUG org.apache.hc.client5.http.wire -- http-outgoing-9 << "X-GitHub-Request-Id: 4334:13C5B4:3D3D511:3E5167D:658410B8[\r][\n]"
11:26:57.556 [main] DEBUG org.apache.hc.client5.http.wire -- http-outgoing-9 << "Accept-Ranges: bytes[\r][\n]"
11:26:57.556 [main] DEBUG org.apache.hc.client5.http.wire -- http-outgoing-9 << "Date: Thu, 21 Dec 2023 10:27:00 GMT[\r][\n]"
11:26:57.556 [main] DEBUG org.apache.hc.client5.http.wire -- http-outgoing-9 << "Via: 1.1 varnish[\r][\n]"
11:26:57.556 [main] DEBUG org.apache.hc.client5.http.wire -- http-outgoing-9 << "Age: 572[\r][\n]"
11:26:57.556 [main] DEBUG org.apache.hc.client5.http.wire -- http-outgoing-9 << "X-Served-By: cache-mad22023-MAD[\r][\n]"
11:26:57.556 [main] DEBUG org.apache.hc.client5.http.wire -- http-outgoing-9 << "X-Cache: HIT[\r][\n]"
11:26:57.556 [main] DEBUG org.apache.hc.client5.http.wire -- http-outgoing-9 << "X-Cache-Hits: 1[\r][\n]"
11:26:57.556 [main] DEBUG org.apache.hc.client5.http.wire -- http-outgoing-9 << "X-Timer: S1703154420.207584,VS0,VE1[\r][\n]"
11:26:57.556 [main] DEBUG org.apache.hc.client5.http.wire -- http-outgoing-9 << "Vary: Accept-Encoding[\r][\n]"
11:26:57.556 [main] DEBUG org.apache.hc.client5.http.wire -- http-outgoing-9 << "X-Fastly-Request-ID: 1c20f9fa90622f54ba236cc54a4b2ff1c9871afc[\r][\n]"
11:26:57.556 [main] DEBUG org.apache.hc.client5.http.wire -- http-outgoing-9 << "[\r][\n]"
11:26:57.557 [main] DEBUG org.apache.hc.client5.http.headers -- http-outgoing-9 << HTTP/1.1 404 Not Found
11:26:57.557 [main] DEBUG org.apache.hc.client5.http.headers -- http-outgoing-9 << Connection: keep-alive
11:26:57.557 [main] DEBUG org.apache.hc.client5.http.headers -- http-outgoing-9 << Content-Length: 5254
11:26:57.557 [main] DEBUG org.apache.hc.client5.http.headers -- http-outgoing-9 << Server: GitHub.com
11:26:57.557 [main] DEBUG org.apache.hc.client5.http.headers -- http-outgoing-9 << Content-Type: text/html; charset=utf-8
11:26:57.557 [main] DEBUG org.apache.hc.client5.http.headers -- http-outgoing-9 << permissions-policy: interest-cohort=()
11:26:57.557 [main] DEBUG org.apache.hc.client5.http.headers -- http-outgoing-9 << x-origin-cache: HIT
11:26:57.557 [main] DEBUG org.apache.hc.client5.http.headers -- http-outgoing-9 << Access-Control-Allow-Origin: *
11:26:57.557 [main] DEBUG org.apache.hc.client5.http.headers -- http-outgoing-9 << Strict-Transport-Security: max-age=31556952
11:26:57.557 [main] DEBUG org.apache.hc.client5.http.headers -- http-outgoing-9 << ETag: W/"64d248ca-24a3"
11:26:57.557 [main] DEBUG org.apache.hc.client5.http.headers -- http-outgoing-9 << Content-Security-Policy: default-src 'none'; style-src 'unsafe-inline'; img-src data:; connect-src 'self'
11:26:57.557 [main] DEBUG org.apache.hc.client5.http.headers -- http-outgoing-9 << Content-Encoding: gzip
11:26:57.557 [main] DEBUG org.apache.hc.client5.http.headers -- http-outgoing-9 << x-proxy-cache: MISS
11:26:57.557 [main] DEBUG org.apache.hc.client5.http.headers -- http-outgoing-9 << X-GitHub-Request-Id: 4334:13C5B4:3D3D511:3E5167D:658410B8
11:26:57.557 [main] DEBUG org.apache.hc.client5.http.headers -- http-outgoing-9 << Accept-Ranges: bytes
11:26:57.557 [main] DEBUG org.apache.hc.client5.http.headers -- http-outgoing-9 << Date: Thu, 21 Dec 2023 10:27:00 GMT
11:26:57.557 [main] DEBUG org.apache.hc.client5.http.headers -- http-outgoing-9 << Via: 1.1 varnish
11:26:57.557 [main] DEBUG org.apache.hc.client5.http.headers -- http-outgoing-9 << Age: 572
11:26:57.557 [main] DEBUG org.apache.hc.client5.http.headers -- http-outgoing-9 << X-Served-By: cache-mad22023-MAD
11:26:57.557 [main] DEBUG org.apache.hc.client5.http.headers -- http-outgoing-9 << X-Cache: HIT
11:26:57.557 [main] DEBUG org.apache.hc.client5.http.headers -- http-outgoing-9 << X-Cache-Hits: 1
11:26:57.557 [main] DEBUG org.apache.hc.client5.http.headers -- http-outgoing-9 << X-Timer: S1703154420.207584,VS0,VE1
11:26:57.557 [main] DEBUG org.apache.hc.client5.http.headers -- http-outgoing-9 << Vary: Accept-Encoding
11:26:57.557 [main] DEBUG org.apache.hc.client5.http.headers -- http-outgoing-9 << X-Fastly-Request-ID: 1c20f9fa90622f54ba236cc54a4b2ff1c9871afc
11:26:57.557 [main] DEBUG org.apache.hc.client5.http.impl.classic.MainClientExec -- ex-0000000010 connection can be kept alive for 3 MINUTES
11:26:57.557 [main] ERROR io.github.bonigarcia.wdm.online.HttpClient -- Error HTTP 404 executing https://googlechromelabs.github.io/chrome-for-testing/LATEST_RELEASE_120.0.6099.63
11:26:57.557 [main] WARN io.github.bonigarcia.wdm.versions.VersionDetector -- Exception reading https://googlechromelabs.github.io/chrome-for-testing/LATEST_RELEASE_120.0.6099.63 to get latest version of chromedriver (Error HTTP 404 executing https://googlechromelabs.github.io/chrome-for-testing/LATEST_RELEASE_120.0.6099.63)
11:26:57.558 [main] DEBUG io.github.bonigarcia.wdm.versions.VersionDetector -- Getting driver version for chrome120.0.6099.63 from online versions.properties
11:26:57.558 [main] DEBUG org.apache.hc.client5.http.impl.classic.InternalHttpClient -- ex-0000000011 preparing request execution
11:26:57.559 [main] DEBUG org.apache.hc.client5.http.impl.classic.ProtocolExec -- ex-0000000011 target auth state: UNCHALLENGED
11:26:57.559 [main] DEBUG org.apache.hc.client5.http.impl.classic.ProtocolExec -- ex-0000000011 proxy auth state: UNCHALLENGED
11:26:57.559 [main] DEBUG org.apache.hc.client5.http.impl.classic.ConnectExec -- ex-0000000011 acquiring connection with route {s}->https://raw.githubusercontent.com:443
11:26:57.559 [main] DEBUG org.apache.hc.client5.http.impl.classic.InternalHttpClient -- ex-0000000011 acquiring endpoint (3 MINUTES)
11:26:57.559 [main] DEBUG org.apache.hc.client5.http.impl.io.PoolingHttpClientConnectionManager -- ex-0000000011 endpoint lease request (3 MINUTES) [route: {s}->https://raw.githubusercontent.com:443][total available: 0; route allocated: 0 of 5; total allocated: 1 of 25]
11:26:57.559 [main] DEBUG org.apache.hc.client5.http.impl.io.PoolingHttpClientConnectionManager -- ex-0000000011 endpoint leased [route: {s}->https://raw.githubusercontent.com:443][total available: 0; route allocated: 1 of 5; total allocated: 2 of 25]
11:26:57.559 [main] DEBUG org.apache.hc.client5.http.impl.io.PoolingHttpClientConnectionManager -- ex-0000000011 acquired ep-0000000011
11:26:57.559 [main] DEBUG org.apache.hc.client5.http.impl.classic.InternalHttpClient -- ex-0000000011 acquired endpoint ep-0000000011
11:26:57.559 [main] DEBUG org.apache.hc.client5.http.impl.classic.ConnectExec -- ex-0000000011 opening connection {s}->https://raw.githubusercontent.com:443
11:26:57.559 [main] DEBUG org.apache.hc.client5.http.impl.classic.InternalHttpClient -- ep-0000000011 connecting endpoint (null)
11:26:57.559 [main] DEBUG org.apache.hc.client5.http.impl.io.PoolingHttpClientConnectionManager -- ep-0000000011 connecting endpoint to https://raw.githubusercontent.com:443 (30 SECONDS)
11:26:57.559 [main] DEBUG org.apache.hc.client5.http.impl.io.DefaultHttpClientConnectionOperator -- raw.githubusercontent.com resolving remote address
11:26:57.559 [main] DEBUG org.apache.hc.client5.http.impl.io.DefaultHttpClientConnectionOperator -- raw.githubusercontent.com resolved to [raw.githubusercontent.com/185.199.111.133, raw.githubusercontent.com/185.199.108.133, raw.githubusercontent.com/185.199.109.133, raw.githubusercontent.com/185.199.110.133]
11:26:57.559 [main] DEBUG org.apache.hc.client5.http.impl.io.DefaultHttpClientConnectionOperator -- raw.githubusercontent.com:443 connecting null->raw.githubusercontent.com/185.199.111.133:443 (30 SECONDS)
11:26:57.559 [main] DEBUG org.apache.hc.client5.http.ssl.SSLConnectionSocketFactory -- Connecting socket to raw.githubusercontent.com/185.199.111.133:443 with timeout 30 SECONDS
11:26:57.597 [main] DEBUG org.apache.hc.client5.http.ssl.SSLConnectionSocketFactory -- Enabled protocols: [TLSv1.3, TLSv1.2]
11:26:57.597 [main] DEBUG org.apache.hc.client5.http.ssl.SSLConnectionSocketFactory -- Enabled cipher suites: [TLS_AES_256_GCM_SHA384, TLS_AES_128_GCM_SHA256, TLS_CHACHA20_POLY1305_SHA256, TLS_ECDHE_ECDSA_WITH_AES_256_GCM_SHA384, TLS_ECDHE_ECDSA_WITH_AES_128_GCM_SHA256, TLS_ECDHE_ECDSA_WITH_CHACHA20_POLY1305_SHA256, TLS_ECDHE_RSA_WITH_AES_256_GCM_SHA384, TLS_ECDHE_RSA_WITH_CHACHA20_POLY1305_SHA256, TLS_ECDHE_RSA_WITH_AES_128_GCM_SHA256, TLS_DHE_RSA_WITH_AES_256_GCM_SHA384, TLS_DHE_RSA_WITH_CHACHA20_POLY1305_SHA256, TLS_DHE_DSS_WITH_AES_256_GCM_SHA384, TLS_DHE_RSA_WITH_AES_128_GCM_SHA256, TLS_DHE_DSS_WITH_AES_128_GCM_SHA256, TLS_ECDHE_ECDSA_WITH_AES_256_CBC_SHA384, TLS_ECDHE_RSA_WITH_AES_256_CBC_SHA384, TLS_ECDHE_ECDSA_WITH_AES_128_CBC_SHA256, TLS_ECDHE_RSA_WITH_AES_128_CBC_SHA256, TLS_DHE_RSA_WITH_AES_256_CBC_SHA256, TLS_DHE_DSS_WITH_AES_256_CBC_SHA256, TLS_DHE_RSA_WITH_AES_128_CBC_SHA256, TLS_DHE_DSS_WITH_AES_128_CBC_SHA256, TLS_ECDHE_ECDSA_WITH_AES_256_CBC_SHA, TLS_ECDHE_RSA_WITH_AES_256_CBC_SHA, TLS_ECDHE_ECDSA_WITH_AES_128_CBC_SHA, TLS_ECDHE_RSA_WITH_AES_128_CBC_SHA, TLS_DHE_RSA_WITH_AES_256_CBC_SHA, TLS_DHE_DSS_WITH_AES_256_CBC_SHA, TLS_DHE_RSA_WITH_AES_128_CBC_SHA, TLS_DHE_DSS_WITH_AES_128_CBC_SHA, TLS_RSA_WITH_AES_256_GCM_SHA384, TLS_RSA_WITH_AES_128_GCM_SHA256, TLS_RSA_WITH_AES_256_CBC_SHA256, TLS_RSA_WITH_AES_128_CBC_SHA256, TLS_RSA_WITH_AES_256_CBC_SHA, TLS_RSA_WITH_AES_128_CBC_SHA, TLS_EMPTY_RENEGOTIATION_INFO_SCSV]
11:26:57.597 [main] DEBUG org.apache.hc.client5.http.ssl.SSLConnectionSocketFactory -- Starting handshake (null)
11:26:57.645 [main] DEBUG org.apache.hc.client5.http.ssl.SSLConnectionSocketFactory -- Secure session established
11:26:57.646 [main] DEBUG org.apache.hc.client5.http.ssl.SSLConnectionSocketFactory --  negotiated protocol: TLSv1.3
11:26:57.646 [main] DEBUG org.apache.hc.client5.http.ssl.SSLConnectionSocketFactory --  negotiated cipher suite: TLS_AES_128_GCM_SHA256
11:26:57.646 [main] DEBUG org.apache.hc.client5.http.ssl.SSLConnectionSocketFactory --  peer principal: CN=*.github.io, O="GitHub, Inc.", L=San Francisco, ST=California, C=US
11:26:57.646 [main] DEBUG org.apache.hc.client5.http.ssl.SSLConnectionSocketFactory --  peer alternative names: [*.github.io, github.io, *.github.com, github.com, www.github.com, *.githubusercontent.com, githubusercontent.com]
11:26:57.646 [main] DEBUG org.apache.hc.client5.http.ssl.SSLConnectionSocketFactory --  issuer principal: CN=DigiCert TLS RSA SHA256 2020 CA1, O=DigiCert Inc, C=US
11:26:57.646 [main] DEBUG org.apache.hc.client5.http.impl.io.DefaultManagedHttpClientConnection -- http-outgoing-10 set socket timeout to 3 MINUTES
11:26:57.646 [main] DEBUG org.apache.hc.client5.http.impl.io.DefaultHttpClientConnectionOperator -- raw.githubusercontent.com:443 connected null->raw.githubusercontent.com/185.199.111.133:443 as http-outgoing-10
11:26:57.646 [main] DEBUG org.apache.hc.client5.http.impl.io.PoolingHttpClientConnectionManager -- ep-0000000011 connected http-outgoing-10
11:26:57.646 [main] DEBUG org.apache.hc.client5.http.impl.classic.InternalHttpClient -- ep-0000000011 endpoint connected
11:26:57.646 [main] DEBUG org.apache.hc.client5.http.impl.classic.MainClientExec -- ex-0000000011 executing GET /bonigarcia/webdrivermanager/master/src/main/resources/versions.properties HTTP/1.1
11:26:57.646 [main] DEBUG org.apache.hc.client5.http.protocol.RequestAddCookies -- ex-0000000011 Cookie spec selected: strict
11:26:57.646 [main] DEBUG org.apache.hc.client5.http.impl.classic.InternalHttpClient -- ep-0000000011 start execution ex-0000000011
11:26:57.646 [main] DEBUG org.apache.hc.client5.http.impl.io.PoolingHttpClientConnectionManager -- ep-0000000011 executing exchange ex-0000000011 over http-outgoing-10
11:26:57.646 [main] DEBUG org.apache.hc.client5.http.headers -- http-outgoing-10 >> GET /bonigarcia/webdrivermanager/master/src/main/resources/versions.properties HTTP/1.1
11:26:57.646 [main] DEBUG org.apache.hc.client5.http.headers -- http-outgoing-10 >> user-agent: Apache-HttpClient/5.0
11:26:57.646 [main] DEBUG org.apache.hc.client5.http.headers -- http-outgoing-10 >> accept-encoding: gzip, deflate, br
11:26:57.646 [main] DEBUG org.apache.hc.client5.http.headers -- http-outgoing-10 >> cache-control: max-age=0
11:26:57.646 [main] DEBUG org.apache.hc.client5.http.headers -- http-outgoing-10 >> connection: keep-alive
11:26:57.646 [main] DEBUG org.apache.hc.client5.http.headers -- http-outgoing-10 >> Host: raw.githubusercontent.com
11:26:57.646 [main] DEBUG org.apache.hc.client5.http.wire -- http-outgoing-10 >> "GET /bonigarcia/webdrivermanager/master/src/main/resources/versions.properties HTTP/1.1[\r][\n]"
11:26:57.646 [main] DEBUG org.apache.hc.client5.http.wire -- http-outgoing-10 >> "user-agent: Apache-HttpClient/5.0[\r][\n]"
11:26:57.646 [main] DEBUG org.apache.hc.client5.http.wire -- http-outgoing-10 >> "accept-encoding: gzip, deflate, br[\r][\n]"
11:26:57.646 [main] DEBUG org.apache.hc.client5.http.wire -- http-outgoing-10 >> "cache-control: max-age=0[\r][\n]"
11:26:57.646 [main] DEBUG org.apache.hc.client5.http.wire -- http-outgoing-10 >> "connection: keep-alive[\r][\n]"
11:26:57.646 [main] DEBUG org.apache.hc.client5.http.wire -- http-outgoing-10 >> "Host: raw.githubusercontent.com[\r][\n]"
11:26:57.646 [main] DEBUG org.apache.hc.client5.http.wire -- http-outgoing-10 >> "[\r][\n]"
11:26:57.694 [main] DEBUG org.apache.hc.client5.http.wire -- http-outgoing-10 << "HTTP/1.1 200 OK[\r][\n]"
11:26:57.694 [main] DEBUG org.apache.hc.client5.http.wire -- http-outgoing-10 << "Connection: keep-alive[\r][\n]"
11:26:57.694 [main] DEBUG org.apache.hc.client5.http.wire -- http-outgoing-10 << "Content-Length: 1653[\r][\n]"
11:26:57.695 [main] DEBUG org.apache.hc.client5.http.wire -- http-outgoing-10 << "Cache-Control: max-age=300[\r][\n]"
11:26:57.695 [main] DEBUG org.apache.hc.client5.http.wire -- http-outgoing-10 << "Content-Security-Policy: default-src 'none'; style-src 'unsafe-inline'; sandbox[\r][\n]"
11:26:57.695 [main] DEBUG org.apache.hc.client5.http.wire -- http-outgoing-10 << "Content-Type: text/plain; charset=utf-8[\r][\n]"
11:26:57.695 [main] DEBUG org.apache.hc.client5.http.wire -- http-outgoing-10 << "ETag: W/"de56f96e4580ae55450ed6a794662cbdb2b39827f9709095aa3e1e7f6914629d"[\r][\n]"
11:26:57.696 [main] DEBUG org.apache.hc.client5.http.wire -- http-outgoing-10 << "Strict-Transport-Security: max-age=31536000[\r][\n]"
11:26:57.696 [main] DEBUG org.apache.hc.client5.http.wire -- http-outgoing-10 << "X-Content-Type-Options: nosniff[\r][\n]"
11:26:57.696 [main] DEBUG org.apache.hc.client5.http.wire -- http-outgoing-10 << "X-Frame-Options: deny[\r][\n]"
11:26:57.696 [main] DEBUG org.apache.hc.client5.http.wire -- http-outgoing-10 << "X-XSS-Protection: 1; mode=block[\r][\n]"
11:26:57.696 [main] DEBUG org.apache.hc.client5.http.wire -- http-outgoing-10 << "X-GitHub-Request-Id: 728E:2E6B8C:62B50D:676D49:6583D0E9[\r][\n]"
11:26:57.696 [main] DEBUG org.apache.hc.client5.http.wire -- http-outgoing-10 << "Content-Encoding: gzip[\r][\n]"
11:26:57.696 [main] DEBUG org.apache.hc.client5.http.wire -- http-outgoing-10 << "Accept-Ranges: bytes[\r][\n]"
11:26:57.696 [main] DEBUG org.apache.hc.client5.http.wire -- http-outgoing-10 << "Date: Thu, 21 Dec 2023 10:27:00 GMT[\r][\n]"
11:26:57.696 [main] DEBUG org.apache.hc.client5.http.wire -- http-outgoing-10 << "Via: 1.1 varnish[\r][\n]"
11:26:57.696 [main] DEBUG org.apache.hc.client5.http.wire -- http-outgoing-10 << "X-Served-By: cache-mad2200105-MAD[\r][\n]"
11:26:57.696 [main] DEBUG org.apache.hc.client5.http.wire -- http-outgoing-10 << "X-Cache: HIT[\r][\n]"
11:26:57.696 [main] DEBUG org.apache.hc.client5.http.wire -- http-outgoing-10 << "X-Cache-Hits: 1[\r][\n]"
11:26:57.696 [main] DEBUG org.apache.hc.client5.http.wire -- http-outgoing-10 << "X-Timer: S1703154420.347836,VS0,VE1[\r][\n]"
11:26:57.696 [main] DEBUG org.apache.hc.client5.http.wire -- http-outgoing-10 << "Vary: Authorization,Accept-Encoding,Origin[\r][\n]"
11:26:57.696 [main] DEBUG org.apache.hc.client5.http.wire -- http-outgoing-10 << "Access-Control-Allow-Origin: *[\r][\n]"
11:26:57.696 [main] DEBUG org.apache.hc.client5.http.wire -- http-outgoing-10 << "Cross-Origin-Resource-Policy: cross-origin[\r][\n]"
11:26:57.696 [main] DEBUG org.apache.hc.client5.http.wire -- http-outgoing-10 << "X-Fastly-Request-ID: ccbbd3bfd6248c912c07e92343240399a7f88433[\r][\n]"
11:26:57.696 [main] DEBUG org.apache.hc.client5.http.wire -- http-outgoing-10 << "Expires: Thu, 21 Dec 2023 10:32:00 GMT[\r][\n]"
11:26:57.696 [main] DEBUG org.apache.hc.client5.http.wire -- http-outgoing-10 << "Source-Age: 160[\r][\n]"
11:26:57.696 [main] DEBUG org.apache.hc.client5.http.wire -- http-outgoing-10 << "[\r][\n]"
11:26:57.697 [main] DEBUG org.apache.hc.client5.http.headers -- http-outgoing-10 << HTTP/1.1 200 OK
11:26:57.697 [main] DEBUG org.apache.hc.client5.http.headers -- http-outgoing-10 << Connection: keep-alive
11:26:57.697 [main] DEBUG org.apache.hc.client5.http.headers -- http-outgoing-10 << Content-Length: 1653
11:26:57.697 [main] DEBUG org.apache.hc.client5.http.headers -- http-outgoing-10 << Cache-Control: max-age=300
11:26:57.697 [main] DEBUG org.apache.hc.client5.http.headers -- http-outgoing-10 << Content-Security-Policy: default-src 'none'; style-src 'unsafe-inline'; sandbox
11:26:57.697 [main] DEBUG org.apache.hc.client5.http.headers -- http-outgoing-10 << Content-Type: text/plain; charset=utf-8
11:26:57.697 [main] DEBUG org.apache.hc.client5.http.headers -- http-outgoing-10 << ETag: W/"de56f96e4580ae55450ed6a794662cbdb2b39827f9709095aa3e1e7f6914629d"
11:26:57.697 [main] DEBUG org.apache.hc.client5.http.headers -- http-outgoing-10 << Strict-Transport-Security: max-age=31536000
11:26:57.697 [main] DEBUG org.apache.hc.client5.http.headers -- http-outgoing-10 << X-Content-Type-Options: nosniff
11:26:57.697 [main] DEBUG org.apache.hc.client5.http.headers -- http-outgoing-10 << X-Frame-Options: deny
11:26:57.697 [main] DEBUG org.apache.hc.client5.http.headers -- http-outgoing-10 << X-XSS-Protection: 1; mode=block
11:26:57.697 [main] DEBUG org.apache.hc.client5.http.headers -- http-outgoing-10 << X-GitHub-Request-Id: 728E:2E6B8C:62B50D:676D49:6583D0E9
11:26:57.697 [main] DEBUG org.apache.hc.client5.http.headers -- http-outgoing-10 << Content-Encoding: gzip
11:26:57.697 [main] DEBUG org.apache.hc.client5.http.headers -- http-outgoing-10 << Accept-Ranges: bytes
11:26:57.697 [main] DEBUG org.apache.hc.client5.http.headers -- http-outgoing-10 << Date: Thu, 21 Dec 2023 10:27:00 GMT
11:26:57.697 [main] DEBUG org.apache.hc.client5.http.headers -- http-outgoing-10 << Via: 1.1 varnish
11:26:57.697 [main] DEBUG org.apache.hc.client5.http.headers -- http-outgoing-10 << X-Served-By: cache-mad2200105-MAD
11:26:57.697 [main] DEBUG org.apache.hc.client5.http.headers -- http-outgoing-10 << X-Cache: HIT
11:26:57.697 [main] DEBUG org.apache.hc.client5.http.headers -- http-outgoing-10 << X-Cache-Hits: 1
11:26:57.697 [main] DEBUG org.apache.hc.client5.http.headers -- http-outgoing-10 << X-Timer: S1703154420.347836,VS0,VE1
11:26:57.697 [main] DEBUG org.apache.hc.client5.http.headers -- http-outgoing-10 << Vary: Authorization,Accept-Encoding,Origin
11:26:57.698 [main] DEBUG org.apache.hc.client5.http.headers -- http-outgoing-10 << Access-Control-Allow-Origin: *
11:26:57.698 [main] DEBUG org.apache.hc.client5.http.headers -- http-outgoing-10 << Cross-Origin-Resource-Policy: cross-origin
11:26:57.698 [main] DEBUG org.apache.hc.client5.http.headers -- http-outgoing-10 << X-Fastly-Request-ID: ccbbd3bfd6248c912c07e92343240399a7f88433
11:26:57.698 [main] DEBUG org.apache.hc.client5.http.headers -- http-outgoing-10 << Expires: Thu, 21 Dec 2023 10:32:00 GMT
11:26:57.698 [main] DEBUG org.apache.hc.client5.http.headers -- http-outgoing-10 << Source-Age: 160
11:26:57.698 [main] DEBUG org.apache.hc.client5.http.impl.classic.MainClientExec -- ex-0000000011 connection can be kept alive for 3 MINUTES
11:26:57.700 [main] DEBUG org.apache.hc.client5.http.wire -- http-outgoing-10 << "[0x1f][0xffffff8b][0x8][0x0][0x0][0x0][0x0][0x0][0x0][0x3][0xffffff8d][0xffffff97]Mo[0xffffffe3]6[0x10][0xffffff86][0xffffffef][0xfffffff9][0x15][0x2]z[0xffffff8e][0xffffffcc][0xffffffcf]![0x19][0xffffff80][0xffffff97]~[0xffffff9e][0xffffff8a][0x1e][0xffffffda]?[0xffffffe0][0xffffffb5][0xffffff95]DX[0xffffffc7][\n]"
11:26:57.700 [main] DEBUG org.apache.hc.client5.http.wire -- http-outgoing-10 << "lg[0xffffffb3][0xffffffe8][0xffffffaf][0xffffffef][0xc][0xffffffc9][0xffffffa1]h[0xffffffaa][0x5]z[0x8]v[0xffffffe7][0xffffffb1]D[0xffffffce][0xffffff90][0xffffffd4][0xffffffcb]w~[0x18][0xfffffffe]z[0xffffff9d][0xffffffaf][0xffffffc3][0xfffffff3]|[0xffffff9a][0xffffff86][0xffffffc3]r[0xffffffbe][0xffffffed][0xffffffe7][0xfffffff3]u[0xffffffb8][0xffffffbd]N[0xffffffc3][0xffffffd7][0xfffffff3][0xfffffff2]y[0x1e][0xffffff8e][0xffffff97][0xfffffff9][0xffffffdb]t[0x19][0xfffffff0][0xffffffef]:/[0xfffffff8][0xffffffcb]ay{[0xffffffdf][0xffffffdf][0xffffffe6]/[0xfffffff8][0xfffffff4][0xffffffe7]|{MO[0x1e][0xffffff96][0xffffffcb]e[0xffffffba][0xffffffbe]/[0xffffffe7][0xffffffe3]|~[0x19][0xffffffbe]\[0xffffff96][0xffffffcf][0xffffffeb][0xfffffffa][0xffffffca][0xffffffc3][0xffffffc3][0xf][0xffffffc3][0xffffff8f][0x19]=[\r][0xffffffbf]-[0xffffffcb][0xb][0xffffffbe][0xfffffff9][0xffffffd3][0xffffffeb]ey[0xffffff9b][0xffffff86][0xfffffffd][0xfffffff9][0xffffff98][0xffffffff];[0x7f][0xffffffbc][\r][0xffffff8f][0xffffffc3][0xffffffcf]i[0xffffffaa][0xffffffa7][0xffffffe1][0xffffff90]~[0xffffffcd][0x13][0xffffffe3][0xffffffcb][0x7f].[0x1f][0xffffff97][0xffffffc3][0xfffffff4]4[0xffffffbc][0xffffffde]n[0xffffffef]O[0xffffffbb]][0xfffffffb][0xffffffeb]x(o[0xffffff8f][0xffffffcb][0xffffffe5]ew[0xffffffc4]|O[0xffffffcb][0xfffffffe]x}[0xffffffc8][0xffffffcf]Hi"[0xfffffffe][0xffffff8d]b[0xffffffb4]N[0xffffffdb]1[0xffffff88][0xffffffca]5rM[0x1c][0xffffff9c][0x1a]AW[0xffffffae][0xffffff90][0xffffffab][0xffffffc4][0xffffffa5][0x1d]M[0xffffffa8]\"[0xffffff97][0xffffffc4]-[0xffffffe8][0x11]L[0xffffffe5][0x2][0xffffffb9] n[0xffffffbc][0x1c][0xffffff9d]c.B[0xffffffc4][0xffffffbf][0xffffffc4]qzW[0xffffff9f][0x17][0x1e][0xffffffb9]'[0xffffffae]m[0x18][0xffffff9d][0xffffffac][0xffffffdc]!w[0xffffff89][0xb]3[0xffffff82][0xffffffaa][0x1c][0xffffff90][0x3]qe[0xffffffc2][0x8][0xffffffeb][0xfffffff3][0x16][0xffffffb9]%.[0xffffff83][0xffffffc5][0x1f]+[0xffffffc7]zE[0xffffffaa][0xffffff97][0xffffffca]p5[0x7f][0xffffff81][0xfffffff5][0xffffff8a]T[0xffffffaf][0x0]1J[0xffffffbd]&[0xffffff84][0x5][0xffffff8b]T[0xffffffb0][0xffffffc0][0xfffffff1][0xffffff9a][0x9][0xffffffb0]`A[0x5][0xffffff9b]`[0xffffffe5]hV[0xffffff8e][0x5][0xb]*[0xffffffd8][0xfffffff8][0x0]#[0xfffffff0][0xffffff82][0xffffff86][0x10]CH[0xffffffd4][0x18][0xffffff9c][0xffffff9b][0xffffffa9][0xffffff8f][0xffffff81][0xffffff8a]5[0xffffffce][0xfffffffa][0x11][0xffffffa7]a[0xffffffec]b[0xffffffa0]Z[\r][0x4][0xffffffb5][0xffffffae]A[0xffffff80][0x18] Q0[0xffffffa3][0xffffffb1]Lm[0xc]6Q[0xffffffed]G[0xffffffe0]z[0xffffff82][0xffffff89][0xffffffc1]$[0xffffff8a][0xffffff8b][0xffffff83][0x1b][0xffffffc9]X[0xffffffc7]@E[0x1a][0xffffffeb][0xffffffdc][0xffffffba][0xffffffa9]A[0xffffffc5][0xffffffa0][0x12][0xffffffc5]-[0xffffffc5]Uf,cH[0x5][0x1a]<[0x1]X+c[0x11]C[0xffffffaa][0xffffffcf]h1*^'[0x1f][0xffffffa2]O[0xfffffff5]i[0xfffffffc]G[0xfffffff1][0xffffffc8][0xffffffde]G[0xffffff9f][0xffffffea][0xffffffd3][0xffffffca][0xffffff8c][0x1][0xffffff98][0xffffffba][0xffffffe8]Sy[0xffffffca][0xffffff8b][0xffffffd1]{[0xffffffa6][0x10]}*O[0x19][0x1c][0xffffff97][0xffffff97][0xffffffc2][0xffffffdb][0xffffffe8]Sy[0xffffffd2][0xffffffeb][0xffffffd1]sj[0xffffffde]D[0xffffff9f][0xffffffca][0xffffff93][0xffffffc6][0xffffff8d][0xffffff9a][0xffffffd7][0xffffffd8][0xffffffeb][0xffffffe8]Su[0xffffffb4][0xffffff93][0xffffff9a][0xffffff97][0xffffffc2][0xffffffcb][0xffffffe8]S[0x19][0x2]W^[0xffffffea]:[0xffffff9d][0xffffff88][0xffffff9e][0xffffffca][0xffffffd0][0x1]s[0xffffffc1]#T[0xffffffb0][0xb][0xffffffd1][0xffffff85][0xffffff84][0xffffff8d][0x1d]u[0xffffffa5]>:[0xffffff9f]([0xffffff9e][0x1d]<W[0xffffff8c]]tT[0xffffff88][0xfffffff6][0xffffff80][0xffffffdf][0x2][0xffffffa7][0xffffffe1] :H[0x14][0xf][0xffffffb8]Tu[0xc][0x1b][0x1d]U[0xffffffa2][0xffffff9d][0xffffffc3][0x3][0xffffffb6]>m[0xffffffa2]3[0x9]+<[0xffffffbf][0xc]utT[0xffffff89][0x6],[0x8]8e[0xffffffa7][0xffffffa2][0xffffffc2][0x1d][0xffffffe5]H[0xffffffde]E[0xffffff82]"N[0xc][0x2]E[0xffffffbc]7[0xffffffe0])[0xffffffe2][0x15][0x5]G[0x11][0xffffffef]&[0x0]E[0xffffff9c][0xc]X[0xffffff8c][0xffffffea][0x12][0xffffff81][0xffffffa1][0xffffff88][0xffffffd7][0x1c]4E<[0x1f]P.[0xffffffba][0xffffffce]G[0xffffffb9][0xffffffd4]o[0x6]([0x17][0xffffffad][0xffffffef]T[0xffffffed][0xfffffff7][0xffffffe5][0xffffffef][0xfffffff9]t[0xffffffda][0xf][0xffffffbf][0xffffffce][0xffffff97][0xffffffe9]y[0xfffffff9][0xffffffde]H[0xffffffd9][0xffffffcb]t[0xfffffff8][0xffffffba][0xfffffffc][0xffffffab][0xffffff92]]Q[0xffffffca]^P@?[0xffffffbe][0xffffff8c]([0xffffffa9][0xffffffbb][0xffffffb7]<[0xffffffc4][0xffffffae]yaw[0xffffff99]N[0xffffffd3][0xfffffffe]:][0x1f][0xffffff9e][0xfffffff3][0xffffffb8]R[0xffffff89][0xffffff88][0xffffffcb][0xffffff86]kW[0xffffff89][0xc][0x1b][0xffffffe2]7[0xffffffc4]m[0x8]l[0xffffff88][0xffffffdd][0x10][0xffffffb3]!zC[0xffffffd4][0xffffff86][0xffffffc8][\r]I9[0xffffffab]QU"B&[0xffffffeb]3[0xffffffc2]o[0xffffff88][0xffffffdb][0x10][0xffffffd8][0x10][0xffffffbb]!)g[0xffffffd9][0x12][0xffffffbd]!jC[0xffffffe4][0xffffff86][0xffffff88][0xffffff8e][0xffffff84][0xffffffd0][0x3][0xffffffdf][0x3][0xffffffd7][0x3][0xffffffe8][0xffffff81][0xffffffed]A[0xffffff9f]m[0xffffffe8][0xffffff93][\r]}[0xffffffae][0xffffffa1]O5P[0xffffffa6][0xfffffff8]m5`<[0xffffffcd][0xffffffe7][0xffffff8f][0xffffffef][0x19]K[0xffffffc6]>t[0xffffffcf]y[0xffffffdf][0x3][0xffffffd7][0x3][0xffffffe8][0xffffff81][0xffffffed][0xffffff81][0xffffffe9][0x1][0x15][0xffffffa0]|[0x3]T[0xf][0xffffffa8][0x0][0xffffffe5][0x1a] :[0xffffffe0]B[0xf]R[0xffffffa6][0xffffffd0][0x0][0xffffffd7][0x3][0xffffffe8][0xffffff81][0xffffffed][0xffffff81][0xffffffe9][0xffffff81][0xffffffee][0xffffff81][0xffffffea][0xffffff81][0xffffffec][0xffffff81][0xffffffe8][0x0][0xffffff84][0x1e][0xffffffa4]Lm[0x3]R[0xffffffa6][0xffffffa6][0x1][0xffffffd0][0x3][0xffffffdb][0xffffff83][0xffffff94]i[0xfffffff3][0x1][0xffffff81][0xffffffee]A[0xffffffca][0xffffffb4]9[0xfffffff6][0xffffff90]2m[0xe][0x5][0xffffff88][0xe][0xffffffd8][0xffffffd0][0x3][0xffffffdf][0x3][0xffffffd7][0xffffff83][0xffffff94][0xffffffa9]h[0xffffff80]e[0xffffffd0]*[0xffffffdf][0x1f][0xffffffef][0xffffffd3]e[0xffffffdf][0xffffffe8][0xffffffdd]B[0xfffffff1][0xffffffff][0xffffffd1][0xffffffbb][0xfffffff4][0xffffffe0]uy[0xffffffbe]}[0xffffffee]/S[0xffffff8e][0xffffffd8][0xffffffcb][0xfffffff5][0xffffffea][0xffffff97]~L[0xffffff9e]G[0xffffffd2][0xffffffe5][0x5][0x2]//[0xffffff89]ws[0xffffffe1][0xffffffe4][0xfffffff1][0xffffff92][0xffffffa7][\n]"
11:26:57.701 [main] DEBUG org.apache.hc.client5.http.wire -- http-outgoing-10 << "x[0xfffffffb][0xfffffffb][0xffffffc0][0xffffff98],^[0xffffffb2]T[0x1][0xffffffad][0xffffff83][0xffffffd4][0xffffff8a]9Y[0xffffffbc]d[0xffffffa9]<[0xe][0x13][0x1c]crx[0xffffffc9]Q9[0xfffffffc][0xffffff82]$[0xffffffda][0xffffff92][0xffffffc2]E[0xffffffeb] Q[0xffffffcc]2G=h[0xc][0xffffffa4]Te[0x18]T[0xffffff85][0xffffffc6]?z[0xffffffa6][0xffffffee][0xffffffce]=[0xffffffda]B[0xffffffa1][0xfffffff5][0xffffff8e]8Q[0xffffffc1][0xffffffb6][0xffffffb5][0xffffff8e][0xffffffa8][0xfffffff8][0x5][0xffffff9b][0xffffffd6]9[0xffffff86]Re[0xffffffd0][0xffffffad]oD[0xffffffb3][0xffffff91][0xffffffa9]j]#.Z[0xffffffc1][0xffffffb2]5[0xffffff8d][0xffffffe4][0xffffffc7]2[0x16][0xffffffad]g[0xfffffff4][0xffffffa5]p[0x1f]Z[0xffffffc7][0x8]P[0xffffffa8][0xffffffef][0xffffffec]b[0xffffffa6][0xffffffae]5[0xffffff8b]P6[0xffffffc6]Ck[0x15][0xffffffeb][0x12][0xffffffa1][0xffffff88][0xffffffdc]Y[0xffffffc5][0xc]M[0xffffffe3][0x14]}I[0xc][0xffffffc5][0xffffffe4][0xffffffce]'f[0xffffffa8][0xffffffee]mb[0xffffff86][0xffffffb2]q[0xffffff89][0xffffff96][0xffffffe7][0x17][0xffffff8d]I[0xffffffe4]TQ\[0xffffffee],b[0xffffff86][0xffffffbe]s[0xffffff88][0xffffff99][0xffffffba][0xffffffc6] :[0xffffff86][0xffffffd0][0xffffffd8]C_[0xffffffa6]G[0xffffffb5]Y[0xffffffdd]!g[0xffffff8f][0xffffff8a][0xffffffb3][0xffffff9a]C\[0xffffffe0]Buc[0xe][0xffffff81][0x7]U[0xffffff8d]7[0xfffffff4]e[0xffffffc3]Q~VkX7[0xb]5h[0xffffffb5][0xffffff86]|[0xffffffd6]Q[0xffffff87]Vg[0xffffffc8]'[0x1a][0xffffffb5][0xffffffa8]1[0xffffff86][0xffffffb2][0xffffff94][0xffffff8a][0xffffff82][0xffffffd4][0xfffffffa][0xffffffc2]2[0x17][0xffffffaa][0xffffffd2]j[0xb][0x1d][0xffffff8f]j[0x1b]W[0xffffffc8]G[0x19][0xffffffd5]i[0xfffffff5][0xffffff84][0xfffffff5]p[0xffffffa2]D5[0xffffff9e][0xffffff90]?5[0xffffffd4][0xffffffa9][0xffffffc6][0x12][0xffffffd6][0xffffffb9][0xffffff8a][0xffffff95]K[0xffffff81][\r]mP[0xffffff8c]\[0xe][0xffffff8a][0xffffff8f][0xffffffcb]A[0xffffffb1]q9(..[0x7][0xffffffc5][0xffffffc4][0xffffffe5][0xffffffa0]x[0xffffffb8][0x1c][0x14][0xb][0xffffff97][0x3][0xffffff99]=[[0xe]D[0x13][0x18][0xffffffca][0xffffff80]36[0xffffff94][0xffffff81].[0xfffffff3][0x18][0xffffffca]@[0xffffff95][0xffffffc5]0[0xffffff90][0xffffff83];[0xffffffd3]7[0x1f].[0xb])[0xffffffd8][0xfffffff0][0xffffffcb][0xfffffff1]ej4[0xfffffff0][0xffffffed]:![0xfffffff8]O[0x11]<N[0xffffffdf][0xffffffa6][0x13][0xffffff8d]:[0xffffffbe][0xfffffff1][0x8]I[0x11][0xffffffa7][0xfffffff3][0xffffffe3][0xffffffc7]uW[0xffffffd9]#[\r][0xffffffb2][0xffffffbb]-[0xffffffcb][0xffffffe9][0xffffffba][0xfffffffb][0xffffff9c][0xffffffbe][0x14]Q| [0xffffffba][0xfffffff6][0xffffffb5][0xffffffd2][0xffffffe3][0xffffffcd] }[0xffffffa1][0xffffffdc][0xffffffd5]J[0xffffff87][0xffffffa6][0x1b]W2S[0xffffffee]i[0xffffffa5]S[0xffffffe9] g[0xffffffca][0x1d][0xffffffad][0x4][0xffffff90][0xffffffd4]qf[0xffffffca][0xfffffffd][0xffffffac][0xffffffb4]x>p[0xfffffff5][0x12][0xffffffad][0xffffffdd][0xffffffac][0xffffffb4]([0xffffffb4][0xffffffae][0xffffffcc]V{Yi[0x0][0xffffffc7][0xffffff85]B[0xffffffb9][0xffffff93][0xffffffc5][0x1e][0xffffff80][0xffffffee][0xfffffff0][0xc][0xffffffb9][0xffffff8d][0xffffff95][0xffffffda][0xffffffd1][0xffffff8d]Y(7[0xffffffb1][0xffffffd8]"
11:26:57.702 [main] DEBUG org.apache.hc.client5.http.wire -- http-outgoing-10 << "[0xffffff8f]jT[0xffffffb0]B[0xffffffb9][0xffffff85][0xffffff95][\n]"
11:26:57.702 [main] DEBUG org.apache.hc.client5.http.wire -- http-outgoing-10 << "[0xffffffbf]T[0xffffffc7]#p[0x3][0xffffff8b][0x1d][0xffffff87][0xffffffa9]E[0xffffffd4][0xffffffee][0x15]o[0x3]K[0x1d]A[0xffffffa6][0xffffffdc][0xffffffbb]J%[0xffffffc5]:.w[0xffffffae]xYX[0xffffffea][0xffffff9f][0xffffff88]r[0xffffffdf][0xffffff8a][0xffffffd2]OB[0xffffff91]Y[0xffffffe9]Z%UW[0x16][0xffffff86][V,MUV[0x1a]V[0xffffffac][0xffffffc1]TV[0xffffffda]U[0xffffffcc][0xffffffaa][0xffffffce][0xffffffcc][0xffffffcd]j@[0xffffff8d][0xffffffd1]2[0xffffffa3][0xffffffd2][0xffffffa8][0x6]\z][0xffffff9e]*]j[0x10][0xffffffeb][0x4][0xffffffa5]C[0xfffffff5][0xffffffa4]t[0xffffffe5][0xffffffc5][0xffffffd2][0xffffff9d]z,,[0x13][0xffffffee]Li[0xffffffc7][0xfffffff3][0xffffffc6]pW[0xffffffea]pm[0xffffffcb]k[0xffffffdc][0xffffff92][0x2][0xffffff84][0xffffffb2]%[0xffffffdc][0xffffff8e][0x2][0x1e][0x9][0xffffffc8]k[0xffffffc1][0xffffffbd][0xffffffa8][0xffffffa5][0x5].O[0xffffff95]F[0xffffffd4]&[0xffffff83][0xffffff92][0x8]7[0xffffffa1]([\r][0xffffffb6][0xffffffcc][0xffffff87][0xffffffea][0xffffff95][0xffffffd5]3pN[0xffffffdc][0xffffff93][0xffffffe2]=[[0xffffffb6][0xffffffaa][0xfffffff6][0xffffffa3]X1[0xffffff9e][0xffffffbb][0xffffffc4]j3Jg6[0xffffff93][0xffffffd2][0xffffff88]*[0xffffffc7]G[0xffffff87]{P[0xffffffa5]+)[0xfffffffd]'[0xffffffc9]b![0xffffffa5][0xfffffff5][0xffffff94][0x1a]{[0xfffffff3][0xffffff8c][0xffffff8c][0xffffff89][0xffffffef][0xffffff97][0xffffffe9]q>_o[0xfffffffb][0xffffffd3]i:f[0xffffffa8]"[0xffffffd0][0xffffffcd][0xffffffae][0xfffffff3]912[0xffffffa2][0xffffff84][0xffffff81][\n]"
11:26:57.702 [main] DEBUG org.apache.hc.client5.http.wire -- http-outgoing-10 << "[0xffffffb9]|#"[0xffffffea]$[0xffffffde]vy?[0xffffffb4][0xffffff8f][0xfffffff8]a[0x19][0x1d]r[0xffffffa8]Htp[0xffffffa7]}>#[0xffffffd8][0xffffff87][0xffffffd1][0xffffff95][0xffffff8d]z[0xfffffffd][0xfffffff0][0xf][0xffffffe2][0x12][0xffffff8f][0xfffffff4]>[0x13][0x0][0x0]"
11:26:57.702 [main] DEBUG org.apache.hc.client5.http.impl.classic.InternalHttpClient -- ep-0000000011 releasing valid endpoint
11:26:57.703 [main] DEBUG org.apache.hc.client5.http.impl.io.PoolingHttpClientConnectionManager -- ep-0000000011 releasing endpoint
11:26:57.703 [main] DEBUG org.apache.hc.client5.http.impl.io.PoolingHttpClientConnectionManager -- ep-0000000011 connection http-outgoing-10 can be kept alive for 3 MINUTES
11:26:57.703 [main] DEBUG org.apache.hc.client5.http.impl.io.PoolingHttpClientConnectionManager -- ep-0000000011 connection released [route: {s}->https://raw.githubusercontent.com:443][total available: 1; route allocated: 1 of 5; total allocated: 2 of 25]
11:26:57.703 [main] DEBUG io.github.bonigarcia.wdm.versions.VersionDetector -- Driver for chrome120.0.6099.63 not found in online properties (using local versions.properties)
11:26:57.705 [main] DEBUG io.github.bonigarcia.wdm.WebDriverManager -- The driver version for CHROME 120.0.6099.63 is unknown ... trying with latest
11:26:57.712 [main] DEBUG org.apache.hc.client5.http.impl.classic.InternalHttpClient -- ex-0000000012 preparing request execution
11:26:57.713 [main] DEBUG org.apache.hc.client5.http.impl.classic.ProtocolExec -- ex-0000000012 target auth state: UNCHALLENGED
11:26:57.713 [main] DEBUG org.apache.hc.client5.http.impl.classic.ProtocolExec -- ex-0000000012 proxy auth state: UNCHALLENGED
11:26:57.713 [main] DEBUG org.apache.hc.client5.http.impl.classic.ConnectExec -- ex-0000000012 acquiring connection with route {s}->https://googlechromelabs.github.io:443
11:26:57.713 [main] DEBUG org.apache.hc.client5.http.impl.classic.InternalHttpClient -- ex-0000000012 acquiring endpoint (3 MINUTES)
11:26:57.713 [main] DEBUG org.apache.hc.client5.http.impl.io.PoolingHttpClientConnectionManager -- ex-0000000012 endpoint lease request (3 MINUTES) [route: {s}->https://googlechromelabs.github.io:443][total available: 1; route allocated: 1 of 5; total allocated: 2 of 25]
11:26:57.713 [main] DEBUG org.apache.hc.client5.http.impl.io.PoolingHttpClientConnectionManager -- ex-0000000012 endpoint leased [route: {s}->https://googlechromelabs.github.io:443][total available: 1; route allocated: 2 of 5; total allocated: 3 of 25]
11:26:57.713 [main] DEBUG org.apache.hc.client5.http.impl.io.PoolingHttpClientConnectionManager -- ex-0000000012 acquired ep-0000000012
11:26:57.714 [main] DEBUG org.apache.hc.client5.http.impl.classic.InternalHttpClient -- ex-0000000012 acquired endpoint ep-0000000012
11:26:57.714 [main] DEBUG org.apache.hc.client5.http.impl.classic.ConnectExec -- ex-0000000012 opening connection {s}->https://googlechromelabs.github.io:443
11:26:57.714 [main] DEBUG org.apache.hc.client5.http.impl.classic.InternalHttpClient -- ep-0000000012 connecting endpoint (null)
11:26:57.714 [main] DEBUG org.apache.hc.client5.http.impl.io.PoolingHttpClientConnectionManager -- ep-0000000012 connecting endpoint to https://googlechromelabs.github.io:443 (30 SECONDS)
11:26:57.714 [main] DEBUG org.apache.hc.client5.http.impl.io.DefaultHttpClientConnectionOperator -- googlechromelabs.github.io resolving remote address
11:26:57.714 [main] DEBUG org.apache.hc.client5.http.impl.io.DefaultHttpClientConnectionOperator -- googlechromelabs.github.io resolved to [googlechromelabs.github.io/185.199.108.153, googlechromelabs.github.io/185.199.111.153, googlechromelabs.github.io/185.199.110.153, googlechromelabs.github.io/185.199.109.153]
11:26:57.714 [main] DEBUG org.apache.hc.client5.http.impl.io.DefaultHttpClientConnectionOperator -- googlechromelabs.github.io:443 connecting null->googlechromelabs.github.io/185.199.108.153:443 (30 SECONDS)
11:26:57.714 [main] DEBUG org.apache.hc.client5.http.ssl.SSLConnectionSocketFactory -- Connecting socket to googlechromelabs.github.io/185.199.108.153:443 with timeout 30 SECONDS
11:26:57.756 [main] DEBUG org.apache.hc.client5.http.ssl.SSLConnectionSocketFactory -- Enabled protocols: [TLSv1.3, TLSv1.2]
11:26:57.757 [main] DEBUG org.apache.hc.client5.http.ssl.SSLConnectionSocketFactory -- Enabled cipher suites: [TLS_AES_256_GCM_SHA384, TLS_AES_128_GCM_SHA256, TLS_CHACHA20_POLY1305_SHA256, TLS_ECDHE_ECDSA_WITH_AES_256_GCM_SHA384, TLS_ECDHE_ECDSA_WITH_AES_128_GCM_SHA256, TLS_ECDHE_ECDSA_WITH_CHACHA20_POLY1305_SHA256, TLS_ECDHE_RSA_WITH_AES_256_GCM_SHA384, TLS_ECDHE_RSA_WITH_CHACHA20_POLY1305_SHA256, TLS_ECDHE_RSA_WITH_AES_128_GCM_SHA256, TLS_DHE_RSA_WITH_AES_256_GCM_SHA384, TLS_DHE_RSA_WITH_CHACHA20_POLY1305_SHA256, TLS_DHE_DSS_WITH_AES_256_GCM_SHA384, TLS_DHE_RSA_WITH_AES_128_GCM_SHA256, TLS_DHE_DSS_WITH_AES_128_GCM_SHA256, TLS_ECDHE_ECDSA_WITH_AES_256_CBC_SHA384, TLS_ECDHE_RSA_WITH_AES_256_CBC_SHA384, TLS_ECDHE_ECDSA_WITH_AES_128_CBC_SHA256, TLS_ECDHE_RSA_WITH_AES_128_CBC_SHA256, TLS_DHE_RSA_WITH_AES_256_CBC_SHA256, TLS_DHE_DSS_WITH_AES_256_CBC_SHA256, TLS_DHE_RSA_WITH_AES_128_CBC_SHA256, TLS_DHE_DSS_WITH_AES_128_CBC_SHA256, TLS_ECDHE_ECDSA_WITH_AES_256_CBC_SHA, TLS_ECDHE_RSA_WITH_AES_256_CBC_SHA, TLS_ECDHE_ECDSA_WITH_AES_128_CBC_SHA, TLS_ECDHE_RSA_WITH_AES_128_CBC_SHA, TLS_DHE_RSA_WITH_AES_256_CBC_SHA, TLS_DHE_DSS_WITH_AES_256_CBC_SHA, TLS_DHE_RSA_WITH_AES_128_CBC_SHA, TLS_DHE_DSS_WITH_AES_128_CBC_SHA, TLS_RSA_WITH_AES_256_GCM_SHA384, TLS_RSA_WITH_AES_128_GCM_SHA256, TLS_RSA_WITH_AES_256_CBC_SHA256, TLS_RSA_WITH_AES_128_CBC_SHA256, TLS_RSA_WITH_AES_256_CBC_SHA, TLS_RSA_WITH_AES_128_CBC_SHA, TLS_EMPTY_RENEGOTIATION_INFO_SCSV]
11:26:57.757 [main] DEBUG org.apache.hc.client5.http.ssl.SSLConnectionSocketFactory -- Starting handshake (null)
11:26:57.802 [main] DEBUG org.apache.hc.client5.http.ssl.SSLConnectionSocketFactory -- Secure session established
11:26:57.803 [main] DEBUG org.apache.hc.client5.http.ssl.SSLConnectionSocketFactory --  negotiated protocol: TLSv1.3
11:26:57.803 [main] DEBUG org.apache.hc.client5.http.ssl.SSLConnectionSocketFactory --  negotiated cipher suite: TLS_AES_128_GCM_SHA256
11:26:57.803 [main] DEBUG org.apache.hc.client5.http.ssl.SSLConnectionSocketFactory --  peer principal: CN=*.github.io, O="GitHub, Inc.", L=San Francisco, ST=California, C=US
11:26:57.803 [main] DEBUG org.apache.hc.client5.http.ssl.SSLConnectionSocketFactory --  peer alternative names: [*.github.io, github.io, *.github.com, github.com, www.github.com, *.githubusercontent.com, githubusercontent.com]
11:26:57.803 [main] DEBUG org.apache.hc.client5.http.ssl.SSLConnectionSocketFactory --  issuer principal: CN=DigiCert TLS RSA SHA256 2020 CA1, O=DigiCert Inc, C=US
11:26:57.803 [main] DEBUG org.apache.hc.client5.http.impl.io.DefaultManagedHttpClientConnection -- http-outgoing-11 set socket timeout to 3 MINUTES
11:26:57.803 [main] DEBUG org.apache.hc.client5.http.impl.io.DefaultHttpClientConnectionOperator -- googlechromelabs.github.io:443 connected null->googlechromelabs.github.io/185.199.108.153:443 as http-outgoing-11
11:26:57.803 [main] DEBUG org.apache.hc.client5.http.impl.io.PoolingHttpClientConnectionManager -- ep-0000000012 connected http-outgoing-11
11:26:57.803 [main] DEBUG org.apache.hc.client5.http.impl.classic.InternalHttpClient -- ep-0000000012 endpoint connected
11:26:57.803 [main] DEBUG org.apache.hc.client5.http.impl.classic.MainClientExec -- ex-0000000012 executing GET /chrome-for-testing/last-known-good-versions-with-downloads.json HTTP/1.1
11:26:57.803 [main] DEBUG org.apache.hc.client5.http.protocol.RequestAddCookies -- ex-0000000012 Cookie spec selected: strict
11:26:57.803 [main] DEBUG org.apache.hc.client5.http.impl.classic.InternalHttpClient -- ep-0000000012 start execution ex-0000000012
11:26:57.803 [main] DEBUG org.apache.hc.client5.http.impl.io.PoolingHttpClientConnectionManager -- ep-0000000012 executing exchange ex-0000000012 over http-outgoing-11
11:26:57.803 [main] DEBUG org.apache.hc.client5.http.headers -- http-outgoing-11 >> GET /chrome-for-testing/last-known-good-versions-with-downloads.json HTTP/1.1
11:26:57.803 [main] DEBUG org.apache.hc.client5.http.headers -- http-outgoing-11 >> user-agent: Apache-HttpClient/5.0
11:26:57.803 [main] DEBUG org.apache.hc.client5.http.headers -- http-outgoing-11 >> accept-encoding: gzip, deflate, br
11:26:57.803 [main] DEBUG org.apache.hc.client5.http.headers -- http-outgoing-11 >> cache-control: max-age=0
11:26:57.803 [main] DEBUG org.apache.hc.client5.http.headers -- http-outgoing-11 >> connection: keep-alive
11:26:57.803 [main] DEBUG org.apache.hc.client5.http.headers -- http-outgoing-11 >> Host: googlechromelabs.github.io
11:26:57.803 [main] DEBUG org.apache.hc.client5.http.wire -- http-outgoing-11 >> "GET /chrome-for-testing/last-known-good-versions-with-downloads.json HTTP/1.1[\r][\n]"
11:26:57.803 [main] DEBUG org.apache.hc.client5.http.wire -- http-outgoing-11 >> "user-agent: Apache-HttpClient/5.0[\r][\n]"
11:26:57.804 [main] DEBUG org.apache.hc.client5.http.wire -- http-outgoing-11 >> "accept-encoding: gzip, deflate, br[\r][\n]"
11:26:57.804 [main] DEBUG org.apache.hc.client5.http.wire -- http-outgoing-11 >> "cache-control: max-age=0[\r][\n]"
11:26:57.804 [main] DEBUG org.apache.hc.client5.http.wire -- http-outgoing-11 >> "connection: keep-alive[\r][\n]"
11:26:57.804 [main] DEBUG org.apache.hc.client5.http.wire -- http-outgoing-11 >> "Host: googlechromelabs.github.io[\r][\n]"
11:26:57.804 [main] DEBUG org.apache.hc.client5.http.wire -- http-outgoing-11 >> "[\r][\n]"
11:26:57.854 [main] DEBUG org.apache.hc.client5.http.wire -- http-outgoing-11 << "HTTP/1.1 200 OK[\r][\n]"
11:26:57.854 [main] DEBUG org.apache.hc.client5.http.wire -- http-outgoing-11 << "Connection: keep-alive[\r][\n]"
11:26:57.854 [main] DEBUG org.apache.hc.client5.http.wire -- http-outgoing-11 << "Content-Length: 639[\r][\n]"
11:26:57.854 [main] DEBUG org.apache.hc.client5.http.wire -- http-outgoing-11 << "Server: GitHub.com[\r][\n]"
11:26:57.854 [main] DEBUG org.apache.hc.client5.http.wire -- http-outgoing-11 << "Content-Type: application/json; charset=utf-8[\r][\n]"
11:26:57.854 [main] DEBUG org.apache.hc.client5.http.wire -- http-outgoing-11 << "permissions-policy: interest-cohort=()[\r][\n]"
11:26:57.854 [main] DEBUG org.apache.hc.client5.http.wire -- http-outgoing-11 << "x-origin-cache: HIT[\r][\n]"
11:26:57.854 [main] DEBUG org.apache.hc.client5.http.wire -- http-outgoing-11 << "Last-Modified: Thu, 21 Dec 2023 10:09:07 GMT[\r][\n]"
11:26:57.854 [main] DEBUG org.apache.hc.client5.http.wire -- http-outgoing-11 << "Access-Control-Allow-Origin: *[\r][\n]"
11:26:57.854 [main] DEBUG org.apache.hc.client5.http.wire -- http-outgoing-11 << "Strict-Transport-Security: max-age=31556952[\r][\n]"
11:26:57.854 [main] DEBUG org.apache.hc.client5.http.wire -- http-outgoing-11 << "ETag: W/"65840ec3-22ac"[\r][\n]"
11:26:57.854 [main] DEBUG org.apache.hc.client5.http.wire -- http-outgoing-11 << "expires: Thu, 21 Dec 2023 10:19:26 GMT[\r][\n]"
11:26:57.854 [main] DEBUG org.apache.hc.client5.http.wire -- http-outgoing-11 << "Cache-Control: max-age=600[\r][\n]"
11:26:57.854 [main] DEBUG org.apache.hc.client5.http.wire -- http-outgoing-11 << "Content-Encoding: gzip[\r][\n]"
11:26:57.854 [main] DEBUG org.apache.hc.client5.http.wire -- http-outgoing-11 << "x-proxy-cache: HIT[\r][\n]"
11:26:57.854 [main] DEBUG org.apache.hc.client5.http.wire -- http-outgoing-11 << "X-GitHub-Request-Id: B6B0:13CF72:40DE00C:4208092:65840FDC[\r][\n]"
11:26:57.854 [main] DEBUG org.apache.hc.client5.http.wire -- http-outgoing-11 << "Accept-Ranges: bytes[\r][\n]"
11:26:57.854 [main] DEBUG org.apache.hc.client5.http.wire -- http-outgoing-11 << "Date: Thu, 21 Dec 2023 10:27:00 GMT[\r][\n]"
11:26:57.854 [main] DEBUG org.apache.hc.client5.http.wire -- http-outgoing-11 << "Via: 1.1 varnish[\r][\n]"
11:26:57.854 [main] DEBUG org.apache.hc.client5.http.wire -- http-outgoing-11 << "Age: 30[\r][\n]"
11:26:57.854 [main] DEBUG org.apache.hc.client5.http.wire -- http-outgoing-11 << "X-Served-By: cache-mad22043-MAD[\r][\n]"
11:26:57.854 [main] DEBUG org.apache.hc.client5.http.wire -- http-outgoing-11 << "X-Cache: HIT[\r][\n]"
11:26:57.854 [main] DEBUG org.apache.hc.client5.http.wire -- http-outgoing-11 << "X-Cache-Hits: 1[\r][\n]"
11:26:57.854 [main] DEBUG org.apache.hc.client5.http.wire -- http-outgoing-11 << "X-Timer: S1703154421.502135,VS0,VE1[\r][\n]"
11:26:57.854 [main] DEBUG org.apache.hc.client5.http.wire -- http-outgoing-11 << "Vary: Accept-Encoding[\r][\n]"
11:26:57.854 [main] DEBUG org.apache.hc.client5.http.wire -- http-outgoing-11 << "X-Fastly-Request-ID: 33d8bc58c5e5049776ef91413a5ae996b0340283[\r][\n]"
11:26:57.854 [main] DEBUG org.apache.hc.client5.http.wire -- http-outgoing-11 << "[\r][\n]"
11:26:57.855 [main] DEBUG org.apache.hc.client5.http.headers -- http-outgoing-11 << HTTP/1.1 200 OK
11:26:57.855 [main] DEBUG org.apache.hc.client5.http.headers -- http-outgoing-11 << Connection: keep-alive
11:26:57.855 [main] DEBUG org.apache.hc.client5.http.headers -- http-outgoing-11 << Content-Length: 639
11:26:57.855 [main] DEBUG org.apache.hc.client5.http.headers -- http-outgoing-11 << Server: GitHub.com
11:26:57.855 [main] DEBUG org.apache.hc.client5.http.headers -- http-outgoing-11 << Content-Type: application/json; charset=utf-8
11:26:57.855 [main] DEBUG org.apache.hc.client5.http.headers -- http-outgoing-11 << permissions-policy: interest-cohort=()
11:26:57.855 [main] DEBUG org.apache.hc.client5.http.headers -- http-outgoing-11 << x-origin-cache: HIT
11:26:57.855 [main] DEBUG org.apache.hc.client5.http.headers -- http-outgoing-11 << Last-Modified: Thu, 21 Dec 2023 10:09:07 GMT
11:26:57.855 [main] DEBUG org.apache.hc.client5.http.headers -- http-outgoing-11 << Access-Control-Allow-Origin: *
11:26:57.855 [main] DEBUG org.apache.hc.client5.http.headers -- http-outgoing-11 << Strict-Transport-Security: max-age=31556952
11:26:57.855 [main] DEBUG org.apache.hc.client5.http.headers -- http-outgoing-11 << ETag: W/"65840ec3-22ac"
11:26:57.855 [main] DEBUG org.apache.hc.client5.http.headers -- http-outgoing-11 << expires: Thu, 21 Dec 2023 10:19:26 GMT
11:26:57.855 [main] DEBUG org.apache.hc.client5.http.headers -- http-outgoing-11 << Cache-Control: max-age=600
11:26:57.855 [main] DEBUG org.apache.hc.client5.http.headers -- http-outgoing-11 << Content-Encoding: gzip
11:26:57.855 [main] DEBUG org.apache.hc.client5.http.headers -- http-outgoing-11 << x-proxy-cache: HIT
11:26:57.855 [main] DEBUG org.apache.hc.client5.http.headers -- http-outgoing-11 << X-GitHub-Request-Id: B6B0:13CF72:40DE00C:4208092:65840FDC
11:26:57.855 [main] DEBUG org.apache.hc.client5.http.headers -- http-outgoing-11 << Accept-Ranges: bytes
11:26:57.855 [main] DEBUG org.apache.hc.client5.http.headers -- http-outgoing-11 << Date: Thu, 21 Dec 2023 10:27:00 GMT
11:26:57.855 [main] DEBUG org.apache.hc.client5.http.headers -- http-outgoing-11 << Via: 1.1 varnish
11:26:57.855 [main] DEBUG org.apache.hc.client5.http.headers -- http-outgoing-11 << Age: 30
11:26:57.855 [main] DEBUG org.apache.hc.client5.http.headers -- http-outgoing-11 << X-Served-By: cache-mad22043-MAD
11:26:57.855 [main] DEBUG org.apache.hc.client5.http.headers -- http-outgoing-11 << X-Cache: HIT
11:26:57.855 [main] DEBUG org.apache.hc.client5.http.headers -- http-outgoing-11 << X-Cache-Hits: 1
11:26:57.855 [main] DEBUG org.apache.hc.client5.http.headers -- http-outgoing-11 << X-Timer: S1703154421.502135,VS0,VE1
11:26:57.855 [main] DEBUG org.apache.hc.client5.http.headers -- http-outgoing-11 << Vary: Accept-Encoding
11:26:57.855 [main] DEBUG org.apache.hc.client5.http.headers -- http-outgoing-11 << X-Fastly-Request-ID: 33d8bc58c5e5049776ef91413a5ae996b0340283
11:26:57.855 [main] DEBUG org.apache.hc.client5.http.impl.classic.MainClientExec -- ex-0000000012 connection can be kept alive for 3 MINUTES
11:26:57.855 [main] DEBUG org.apache.hc.client5.http.wire -- http-outgoing-11 << "[0x1f][0xffffff8b][0x8][0x0][0x0][0x0][0x0][0x0][0x0][0x3][0xffffffcd][0xffffff96][0xffffffcb][0xffffff8e][0xffffff9b]0[0x14][0xffffff86][0xfffffff7]}[0xc][0xffffffaf][0xffffffb9][0xffffffd9]D[0x10]XN[0xfffffffb][0x6][0xffffffed][0xffffffaa]U[0x17]np[0x13]$[0x3][0x11]x2m#[0xffffffde][0xffffffbd][0xffffff86][0x18][0xffffff86][0xffffff8b][0xffffffcd][0xffffffac][0xffffffe2][0xffffffc3][0xffffff8a][0xffffffe4]`[0xffffffce][0xfffffff9]A[0xffffff9f][0xffffff8e][0xffffffbe];[0x12]y[0xffffffc1][0x1a]A[0xffffff8b]+J[0x11][0x9]H[0xffffffe8]b[0xffffffe2][0xffffff92][0xffffffe0][0x1b]!ipL[0xf][0xffffff81][0x17][0xffffffc5][0xffffffc7][0xffffffef][0xffffffc8]A[0xffffffa7][0xb]-K[0xffffffc6][0x1b][0xffffff94][0xffffffde][0xffffffd1]WA[0x7f]q[0xffffffd6][0xfffffffd]RU[0xfffffff9][0xffffffa8][0xffffffaa]9[0xffffffe8][0xffffffc6][0xffffffea]&[0xffffffaf]JY[0xffffffc2]$[0xfffffff0][0xffffffe4][0xfffffff3]A[0xffffff92]x8H[0xffffffe4][0xffffffad][0xffffff9a][0xffffffdd][0xfffffff2][0xfffffff1][0x1e][0xffffff8e][0xffffffc3][0xffffff88][0xffffffc8]bV[0xffffffbd][0xffffff95][0xffffffbc][0xffffffa2]Y[0xfffffff3][0xffffffe8]WW[0xffffff85][0xffffffec][0xfffffffc][0xffffffe3][0xffffff8e][0xffffffae][0xffffff9c][0xffffff8a][0xffffffdf]U][0xffffffc8][0xffffffc3]</_[0xffffffff]D[0x7]y[0xfffffff8][0xffffffb5][0xffffffee]f][0xffffff84][0xffffffb8]6[0xffffffa9][0xffffffef][0xffffffb3][0xffffffec][0xffffffcc]2[0xffffffee][0x15][0xffffffcc];[0xffffffdf][0x4][0xfffffff6]NU[0xffffffa1]J[0xfffffffe][0xffffffa3][0xffffff8f][0xffffffba][0xffffffb8][0xffffffb2][0xffffff8d]+[0xffffffe4]K[0xffffffe6][0xffffffe5][0xffffffd9][0xffffff9f][0xffffff87][0xfffffff2]U[0xffffffeb][0xffffffe1][0xffffffa4][0xfffffffa][0xffffffeb][0xfffffffd][0xffffffcb][0xffffffaf][0xffffffa8]uf![\n]"
11:26:57.856 [main] DEBUG org.apache.hc.client5.http.wire -- http-outgoing-11 << "zri]<'[0xffffffc6][0xffffffd8]|8;[0x16]LQ[0xffffff9e][0xfffffff4]=T[0xffffffeb]i[0xc][0xffffffc3][0xfffffff7]x[0xffffffcb][0xffffffcb][0xffffff90]<#B[0xffffffdf]x8[0xffffffd7][0xffffffff]1[0xffffff8c][0x7f][0xffffffce][0x17][0xffffffe8][0x1b]O[0xffffffc6][0xf]o[0xffffffff][0xffffffd3]Qtfu.[0x19][0x7]c[0xfffffff4]1~7[0xffffffa4][0xffffffaa]8[0xfffffffb][0xffffffe0]u[0x12][0x6][0xffffff92]Z[0x15][0x3][0xffffff96][0xffffffdd][0xfffffff7][0x10]+[0xffffff82][0xffffffdd][0xb][0xffffffa3][0x19]gM[0xffffffe3]6[0x17][0xffffffc6]9[0x18][0xffffffca][0xffffff8b][0x1c][0xffffffbb]az[0xffffff99]k[0x1f]p[0xffffffeb]RAR[0xffffffbe][0xffffffcc][0x3][0xffffff8b][0xffffffbb]&[0xffffffcd][0xffffffc8]}[0xffffffdb]:[0xffffffe8][0xffffff85][0x9]:7[0xffffff96][0xffffffbe]2[0xfffffff7][0x15][0xffffffdc]u[0xffffffc7]Q[0xffffffec][0xffffffe1]h[0xffffffa9]+a[0xffffff88][0xffffff83][0x18]BW&[0xffffff99][0x0]me[0xffffff9a][0x2]RV[0xffffff96]9[0xffffffec][0xffffffbb][0xffffffca]4[0xffffff81]}UYL[0xffffff87]7[0x15]3[0xffffff9e][0xfffffff6]Ee[0xb]R[0xfffffffb][0xffffff9e]bF[0xffffffd5][0xffffffae][0xffffffa6][0xffffff98][0xffffff80][0xffffffb5]i)&l[0xfffffff7]")[0x1b]K[0x16][0xffffffce]Q6w.[0xffffff9c][0xffffffa2]l[0xffffffac]`[0x18]C1nd[0x8]A1.[0xffffffe8][0xf][0xfffffffc][0xffffffe4][0xb][0xffffffbb][0xffffffcd][0xfffffff5][0xffffffa4]+[0xffffffcc][0xffffffed][0xffffff84][0xfffffff4][0xffffffad][0xffffff8f][0xfffffff2][0xffffffb2][0xffffff92][0xffffff93](>[0x1c]![0xffffffe4][0xffffffe4]=[0x12][0xffffffa0][0xffffff9b]LB@[0xffffffaa][0xffffffc9]"[0xffffff86]}3[0xffffff99][0x4][0xffffffb0]/&[0xfffffff3][0xffffffe1][0xfffffff0]^b$[0xffffffd3][0xffffffbe][0xffffff96]l[0xfffffff0]i[0xffffffdf]J[0xffffff8c][0xffffff94][0xffffffda][0xffffff95][0x12][0x3][0xffffffab]6[0xffffff9d][0xffffffc4]@[0xffffffec]^[0xffffff94][0xffffffc4][0xffffffbc]Z[0xffffffe1][0xffffff8c]dk[0xffffffd3][0xffffffc2][0x9][0xffffff89]y[0xfffffff1][0xffffffc2][0xfffffff8][0xffffff88]i[0xf]C[0xffffffe8][0xffffff88]i-[0x7f]`#[0xffffff9f]iI[0xffffffeb][0xffffffbf]s!Q5[0xffffff9d][0xffffff93]$[0xffffffb1][0xffffffc6]I[0xffffff92][0xffffffe8][0xffffff80][0xffffffe1][0xffffff9c][0xffffffa4][0xffffff8b][0x4][0xffffffee]$}[0x8]x'[0x19]c@9I[0x1f][0x0][0xffffffca]I[0xffffff86][0xffffffe1]{q[0x12][\r][0xffffff99]PN[0xffffffa2][0xffffffe5][0x13][0xffffffca]I4[0xffffff94]B8[0xffffffc9][0xffffff8a]U[0xfffffffb]N[0xffffffb2]"v_N[0xffffffa2][[0xffffffad][0xffffffd0]N[0xffffffa2][0xffffffdf][0xffffffb4][0xffffffd0]N[0xffffffa2][[0xffffffbc][0xffffff90]N[0xffffffb2][0xffffffde][0xffffffc3]pN[0xffffffb2]^[0xffffffcb][0xffffff9b]N[0xffffffd2][0xffffffb6][0xffffff9f][0xfffffffe][0x3][0x1f][0x19][0xb]V[0xffffffac]"[0x0][0x0]"
11:26:57.859 [main] DEBUG org.apache.hc.client5.http.impl.classic.InternalHttpClient -- ep-0000000012 releasing valid endpoint
11:26:57.859 [main] DEBUG org.apache.hc.client5.http.impl.io.PoolingHttpClientConnectionManager -- ep-0000000012 releasing endpoint
11:26:57.859 [main] DEBUG org.apache.hc.client5.http.impl.io.PoolingHttpClientConnectionManager -- ep-0000000012 connection http-outgoing-11 can be kept alive for 3 MINUTES
11:26:57.859 [main] DEBUG org.apache.hc.client5.http.impl.io.PoolingHttpClientConnectionManager -- ep-0000000012 connection released [route: {s}->https://googlechromelabs.github.io:443][total available: 2; route allocated: 2 of 5; total allocated: 3 of 25]
11:26:57.869 [main] DEBUG io.github.bonigarcia.wdm.WebDriverManager -- Driver chromedriver 120.0.6099.109 found in cache
11:26:57.870 [main] INFO io.github.bonigarcia.wdm.WebDriverManager -- Exporting webdriver.chrome.driver as C:\Users\info\.cache\selenium\chromedriver\win64\120.0.6099.109\chromedriver.exe
Inside Step - user is on the login page
  Given the user is on the login page                                                  # com.sdetadda.allure.Login.the_user_is_on_the_login_page()
Inside Step - user enters email and password
  When the user enters invalid information "zakarialahssaini22@gmail.com" and "123456" # com.sdetadda.allure.Login.the_user_enters_email_and_password(java.lang.String,java.lang.String)
Inside Step - user clicks login button
  And the user clicks the login button                                                 # com.sdetadda.allure.Login.the_user_clicks_the_login_button()
Inside Step - user should not navigate to home page
  Then the user should not navigate to the home page                                   # com.sdetadda.allure.Login.the_user_should_not_navigate_to_the_home_page()
]]></system-out>
  </testcase>
  <testcase name="Check login invalid with invalid information #2" classname="Test the login functionality" time="13.552">
    <system-out><![CDATA[
@google @search @severity=blocker @issue=6 @tmsLink=45678
Scenario: Check login invalid with invalid information                                # src/test/resources/Features/Login.feature:20
11:27:05.829 [main] DEBUG io.github.bonigarcia.wdm.WebDriverManager -- Using WebDriverManager 5.6.2
11:27:05.844 [main] WARN io.github.bonigarcia.wdm.versions.VersionDetector -- Exception reading CfT URL ('null') to get version of chromedriver (For input string: "120.0.6099.63")
11:27:05.845 [main] DEBUG org.apache.hc.client5.http.impl.classic.InternalHttpClient -- ex-0000000013 preparing request execution
11:27:05.845 [main] DEBUG org.apache.hc.client5.http.impl.classic.ProtocolExec -- ex-0000000013 target auth state: UNCHALLENGED
11:27:05.845 [main] DEBUG org.apache.hc.client5.http.impl.classic.ProtocolExec -- ex-0000000013 proxy auth state: UNCHALLENGED
11:27:05.845 [main] DEBUG org.apache.hc.client5.http.impl.classic.ConnectExec -- ex-0000000013 acquiring connection with route {s}->https://googlechromelabs.github.io:443
11:27:05.845 [main] DEBUG org.apache.hc.client5.http.impl.classic.InternalHttpClient -- ex-0000000013 acquiring endpoint (3 MINUTES)
11:27:05.845 [main] DEBUG org.apache.hc.client5.http.impl.io.PoolingHttpClientConnectionManager -- ex-0000000013 endpoint lease request (3 MINUTES) [route: {s}->https://googlechromelabs.github.io:443][total available: 0; route allocated: 0 of 5; total allocated: 0 of 25]
11:27:05.845 [main] DEBUG org.apache.hc.client5.http.impl.io.PoolingHttpClientConnectionManager -- ex-0000000013 endpoint leased [route: {s}->https://googlechromelabs.github.io:443][total available: 0; route allocated: 1 of 5; total allocated: 1 of 25]
11:27:05.845 [main] DEBUG org.apache.hc.client5.http.impl.io.PoolingHttpClientConnectionManager -- ex-0000000013 acquired ep-0000000013
11:27:05.845 [main] DEBUG org.apache.hc.client5.http.impl.classic.InternalHttpClient -- ex-0000000013 acquired endpoint ep-0000000013
11:27:05.845 [main] DEBUG org.apache.hc.client5.http.impl.classic.ConnectExec -- ex-0000000013 opening connection {s}->https://googlechromelabs.github.io:443
11:27:05.845 [main] DEBUG org.apache.hc.client5.http.impl.classic.InternalHttpClient -- ep-0000000013 connecting endpoint (null)
11:27:05.845 [main] DEBUG org.apache.hc.client5.http.impl.io.PoolingHttpClientConnectionManager -- ep-0000000013 connecting endpoint to https://googlechromelabs.github.io:443 (30 SECONDS)
11:27:05.845 [main] DEBUG org.apache.hc.client5.http.impl.io.DefaultHttpClientConnectionOperator -- googlechromelabs.github.io resolving remote address
11:27:05.845 [main] DEBUG org.apache.hc.client5.http.impl.io.DefaultHttpClientConnectionOperator -- googlechromelabs.github.io resolved to [googlechromelabs.github.io/185.199.108.153, googlechromelabs.github.io/185.199.111.153, googlechromelabs.github.io/185.199.110.153, googlechromelabs.github.io/185.199.109.153]
11:27:05.845 [main] DEBUG org.apache.hc.client5.http.impl.io.DefaultHttpClientConnectionOperator -- googlechromelabs.github.io:443 connecting null->googlechromelabs.github.io/185.199.108.153:443 (30 SECONDS)
11:27:05.845 [main] DEBUG org.apache.hc.client5.http.ssl.SSLConnectionSocketFactory -- Connecting socket to googlechromelabs.github.io/185.199.108.153:443 with timeout 30 SECONDS
11:27:05.884 [main] DEBUG org.apache.hc.client5.http.ssl.SSLConnectionSocketFactory -- Enabled protocols: [TLSv1.3, TLSv1.2]
11:27:05.884 [main] DEBUG org.apache.hc.client5.http.ssl.SSLConnectionSocketFactory -- Enabled cipher suites: [TLS_AES_256_GCM_SHA384, TLS_AES_128_GCM_SHA256, TLS_CHACHA20_POLY1305_SHA256, TLS_ECDHE_ECDSA_WITH_AES_256_GCM_SHA384, TLS_ECDHE_ECDSA_WITH_AES_128_GCM_SHA256, TLS_ECDHE_ECDSA_WITH_CHACHA20_POLY1305_SHA256, TLS_ECDHE_RSA_WITH_AES_256_GCM_SHA384, TLS_ECDHE_RSA_WITH_CHACHA20_POLY1305_SHA256, TLS_ECDHE_RSA_WITH_AES_128_GCM_SHA256, TLS_DHE_RSA_WITH_AES_256_GCM_SHA384, TLS_DHE_RSA_WITH_CHACHA20_POLY1305_SHA256, TLS_DHE_DSS_WITH_AES_256_GCM_SHA384, TLS_DHE_RSA_WITH_AES_128_GCM_SHA256, TLS_DHE_DSS_WITH_AES_128_GCM_SHA256, TLS_ECDHE_ECDSA_WITH_AES_256_CBC_SHA384, TLS_ECDHE_RSA_WITH_AES_256_CBC_SHA384, TLS_ECDHE_ECDSA_WITH_AES_128_CBC_SHA256, TLS_ECDHE_RSA_WITH_AES_128_CBC_SHA256, TLS_DHE_RSA_WITH_AES_256_CBC_SHA256, TLS_DHE_DSS_WITH_AES_256_CBC_SHA256, TLS_DHE_RSA_WITH_AES_128_CBC_SHA256, TLS_DHE_DSS_WITH_AES_128_CBC_SHA256, TLS_ECDHE_ECDSA_WITH_AES_256_CBC_SHA, TLS_ECDHE_RSA_WITH_AES_256_CBC_SHA, TLS_ECDHE_ECDSA_WITH_AES_128_CBC_SHA, TLS_ECDHE_RSA_WITH_AES_128_CBC_SHA, TLS_DHE_RSA_WITH_AES_256_CBC_SHA, TLS_DHE_DSS_WITH_AES_256_CBC_SHA, TLS_DHE_RSA_WITH_AES_128_CBC_SHA, TLS_DHE_DSS_WITH_AES_128_CBC_SHA, TLS_RSA_WITH_AES_256_GCM_SHA384, TLS_RSA_WITH_AES_128_GCM_SHA256, TLS_RSA_WITH_AES_256_CBC_SHA256, TLS_RSA_WITH_AES_128_CBC_SHA256, TLS_RSA_WITH_AES_256_CBC_SHA, TLS_RSA_WITH_AES_128_CBC_SHA, TLS_EMPTY_RENEGOTIATION_INFO_SCSV]
11:27:05.885 [main] DEBUG org.apache.hc.client5.http.ssl.SSLConnectionSocketFactory -- Starting handshake (null)
11:27:05.949 [main] DEBUG org.apache.hc.client5.http.ssl.SSLConnectionSocketFactory -- Secure session established
11:27:05.949 [main] DEBUG org.apache.hc.client5.http.ssl.SSLConnectionSocketFactory --  negotiated protocol: TLSv1.3
11:27:05.949 [main] DEBUG org.apache.hc.client5.http.ssl.SSLConnectionSocketFactory --  negotiated cipher suite: TLS_AES_128_GCM_SHA256
11:27:05.949 [main] DEBUG org.apache.hc.client5.http.ssl.SSLConnectionSocketFactory --  peer principal: CN=*.github.io, O="GitHub, Inc.", L=San Francisco, ST=California, C=US
11:27:05.949 [main] DEBUG org.apache.hc.client5.http.ssl.SSLConnectionSocketFactory --  peer alternative names: [*.github.io, github.io, *.github.com, github.com, www.github.com, *.githubusercontent.com, githubusercontent.com]
11:27:05.949 [main] DEBUG org.apache.hc.client5.http.ssl.SSLConnectionSocketFactory --  issuer principal: CN=DigiCert TLS RSA SHA256 2020 CA1, O=DigiCert Inc, C=US
11:27:05.949 [main] DEBUG org.apache.hc.client5.http.impl.io.DefaultManagedHttpClientConnection -- http-outgoing-12 set socket timeout to 3 MINUTES
11:27:05.950 [main] DEBUG org.apache.hc.client5.http.impl.io.DefaultHttpClientConnectionOperator -- googlechromelabs.github.io:443 connected null->googlechromelabs.github.io/185.199.108.153:443 as http-outgoing-12
11:27:05.950 [main] DEBUG org.apache.hc.client5.http.impl.io.PoolingHttpClientConnectionManager -- ep-0000000013 connected http-outgoing-12
11:27:05.950 [main] DEBUG org.apache.hc.client5.http.impl.classic.InternalHttpClient -- ep-0000000013 endpoint connected
11:27:05.950 [main] DEBUG org.apache.hc.client5.http.impl.classic.MainClientExec -- ex-0000000013 executing GET /chrome-for-testing/LATEST_RELEASE_120.0.6099.63 HTTP/1.1
11:27:05.950 [main] DEBUG org.apache.hc.client5.http.protocol.RequestAddCookies -- ex-0000000013 Cookie spec selected: strict
11:27:05.950 [main] DEBUG org.apache.hc.client5.http.impl.classic.InternalHttpClient -- ep-0000000013 start execution ex-0000000013
11:27:05.950 [main] DEBUG org.apache.hc.client5.http.impl.io.PoolingHttpClientConnectionManager -- ep-0000000013 executing exchange ex-0000000013 over http-outgoing-12
11:27:05.950 [main] DEBUG org.apache.hc.client5.http.headers -- http-outgoing-12 >> GET /chrome-for-testing/LATEST_RELEASE_120.0.6099.63 HTTP/1.1
11:27:05.950 [main] DEBUG org.apache.hc.client5.http.headers -- http-outgoing-12 >> user-agent: Apache-HttpClient/5.0
11:27:05.950 [main] DEBUG org.apache.hc.client5.http.headers -- http-outgoing-12 >> accept-encoding: gzip, deflate, br
11:27:05.950 [main] DEBUG org.apache.hc.client5.http.headers -- http-outgoing-12 >> cache-control: max-age=0
11:27:05.950 [main] DEBUG org.apache.hc.client5.http.headers -- http-outgoing-12 >> connection: keep-alive
11:27:05.950 [main] DEBUG org.apache.hc.client5.http.headers -- http-outgoing-12 >> Host: googlechromelabs.github.io
11:27:05.951 [main] DEBUG org.apache.hc.client5.http.wire -- http-outgoing-12 >> "GET /chrome-for-testing/LATEST_RELEASE_120.0.6099.63 HTTP/1.1[\r][\n]"
11:27:05.951 [main] DEBUG org.apache.hc.client5.http.wire -- http-outgoing-12 >> "user-agent: Apache-HttpClient/5.0[\r][\n]"
11:27:05.951 [main] DEBUG org.apache.hc.client5.http.wire -- http-outgoing-12 >> "accept-encoding: gzip, deflate, br[\r][\n]"
11:27:05.951 [main] DEBUG org.apache.hc.client5.http.wire -- http-outgoing-12 >> "cache-control: max-age=0[\r][\n]"
11:27:05.951 [main] DEBUG org.apache.hc.client5.http.wire -- http-outgoing-12 >> "connection: keep-alive[\r][\n]"
11:27:05.951 [main] DEBUG org.apache.hc.client5.http.wire -- http-outgoing-12 >> "Host: googlechromelabs.github.io[\r][\n]"
11:27:05.951 [main] DEBUG org.apache.hc.client5.http.wire -- http-outgoing-12 >> "[\r][\n]"
11:27:05.996 [main] DEBUG org.apache.hc.client5.http.wire -- http-outgoing-12 << "HTTP/1.1 404 Not Found[\r][\n]"
11:27:05.996 [main] DEBUG org.apache.hc.client5.http.wire -- http-outgoing-12 << "Connection: keep-alive[\r][\n]"
11:27:05.996 [main] DEBUG org.apache.hc.client5.http.wire -- http-outgoing-12 << "Content-Length: 5254[\r][\n]"
11:27:05.996 [main] DEBUG org.apache.hc.client5.http.wire -- http-outgoing-12 << "Server: GitHub.com[\r][\n]"
11:27:05.996 [main] DEBUG org.apache.hc.client5.http.wire -- http-outgoing-12 << "Content-Type: text/html; charset=utf-8[\r][\n]"
11:27:05.996 [main] DEBUG org.apache.hc.client5.http.wire -- http-outgoing-12 << "permissions-policy: interest-cohort=()[\r][\n]"
11:27:05.996 [main] DEBUG org.apache.hc.client5.http.wire -- http-outgoing-12 << "x-origin-cache: HIT[\r][\n]"
11:27:05.996 [main] DEBUG org.apache.hc.client5.http.wire -- http-outgoing-12 << "Access-Control-Allow-Origin: *[\r][\n]"
11:27:05.996 [main] DEBUG org.apache.hc.client5.http.wire -- http-outgoing-12 << "Strict-Transport-Security: max-age=31556952[\r][\n]"
11:27:05.996 [main] DEBUG org.apache.hc.client5.http.wire -- http-outgoing-12 << "ETag: W/"64d248ca-24a3"[\r][\n]"
11:27:05.996 [main] DEBUG org.apache.hc.client5.http.wire -- http-outgoing-12 << "Content-Security-Policy: default-src 'none'; style-src 'unsafe-inline'; img-src data:; connect-src 'self'[\r][\n]"
11:27:05.996 [main] DEBUG org.apache.hc.client5.http.wire -- http-outgoing-12 << "Content-Encoding: gzip[\r][\n]"
11:27:05.996 [main] DEBUG org.apache.hc.client5.http.wire -- http-outgoing-12 << "x-proxy-cache: MISS[\r][\n]"
11:27:05.996 [main] DEBUG org.apache.hc.client5.http.wire -- http-outgoing-12 << "X-GitHub-Request-Id: 4334:13C5B4:3D3D511:3E5167D:658410B8[\r][\n]"
11:27:05.996 [main] DEBUG org.apache.hc.client5.http.wire -- http-outgoing-12 << "Accept-Ranges: bytes[\r][\n]"
11:27:05.996 [main] DEBUG org.apache.hc.client5.http.wire -- http-outgoing-12 << "Date: Thu, 21 Dec 2023 10:27:08 GMT[\r][\n]"
11:27:05.996 [main] DEBUG org.apache.hc.client5.http.wire -- http-outgoing-12 << "Via: 1.1 varnish[\r][\n]"
11:27:05.996 [main] DEBUG org.apache.hc.client5.http.wire -- http-outgoing-12 << "Age: 580[\r][\n]"
11:27:05.996 [main] DEBUG org.apache.hc.client5.http.wire -- http-outgoing-12 << "X-Served-By: cache-mad2200127-MAD[\r][\n]"
11:27:05.996 [main] DEBUG org.apache.hc.client5.http.wire -- http-outgoing-12 << "X-Cache: HIT[\r][\n]"
11:27:05.996 [main] DEBUG org.apache.hc.client5.http.wire -- http-outgoing-12 << "X-Cache-Hits: 1[\r][\n]"
11:27:05.996 [main] DEBUG org.apache.hc.client5.http.wire -- http-outgoing-12 << "X-Timer: S1703154429.651676,VS0,VE1[\r][\n]"
11:27:05.996 [main] DEBUG org.apache.hc.client5.http.wire -- http-outgoing-12 << "Vary: Accept-Encoding[\r][\n]"
11:27:05.996 [main] DEBUG org.apache.hc.client5.http.wire -- http-outgoing-12 << "X-Fastly-Request-ID: 203ff3abe609cecdb9e2debab874d00c255e9f74[\r][\n]"
11:27:05.996 [main] DEBUG org.apache.hc.client5.http.wire -- http-outgoing-12 << "[\r][\n]"
11:27:05.997 [main] DEBUG org.apache.hc.client5.http.headers -- http-outgoing-12 << HTTP/1.1 404 Not Found
11:27:05.997 [main] DEBUG org.apache.hc.client5.http.headers -- http-outgoing-12 << Connection: keep-alive
11:27:05.997 [main] DEBUG org.apache.hc.client5.http.headers -- http-outgoing-12 << Content-Length: 5254
11:27:05.997 [main] DEBUG org.apache.hc.client5.http.headers -- http-outgoing-12 << Server: GitHub.com
11:27:05.997 [main] DEBUG org.apache.hc.client5.http.headers -- http-outgoing-12 << Content-Type: text/html; charset=utf-8
11:27:05.997 [main] DEBUG org.apache.hc.client5.http.headers -- http-outgoing-12 << permissions-policy: interest-cohort=()
11:27:05.997 [main] DEBUG org.apache.hc.client5.http.headers -- http-outgoing-12 << x-origin-cache: HIT
11:27:05.997 [main] DEBUG org.apache.hc.client5.http.headers -- http-outgoing-12 << Access-Control-Allow-Origin: *
11:27:05.997 [main] DEBUG org.apache.hc.client5.http.headers -- http-outgoing-12 << Strict-Transport-Security: max-age=31556952
11:27:05.997 [main] DEBUG org.apache.hc.client5.http.headers -- http-outgoing-12 << ETag: W/"64d248ca-24a3"
11:27:05.997 [main] DEBUG org.apache.hc.client5.http.headers -- http-outgoing-12 << Content-Security-Policy: default-src 'none'; style-src 'unsafe-inline'; img-src data:; connect-src 'self'
11:27:05.997 [main] DEBUG org.apache.hc.client5.http.headers -- http-outgoing-12 << Content-Encoding: gzip
11:27:05.997 [main] DEBUG org.apache.hc.client5.http.headers -- http-outgoing-12 << x-proxy-cache: MISS
11:27:05.997 [main] DEBUG org.apache.hc.client5.http.headers -- http-outgoing-12 << X-GitHub-Request-Id: 4334:13C5B4:3D3D511:3E5167D:658410B8
11:27:05.997 [main] DEBUG org.apache.hc.client5.http.headers -- http-outgoing-12 << Accept-Ranges: bytes
11:27:05.997 [main] DEBUG org.apache.hc.client5.http.headers -- http-outgoing-12 << Date: Thu, 21 Dec 2023 10:27:08 GMT
11:27:05.997 [main] DEBUG org.apache.hc.client5.http.headers -- http-outgoing-12 << Via: 1.1 varnish
11:27:05.997 [main] DEBUG org.apache.hc.client5.http.headers -- http-outgoing-12 << Age: 580
11:27:05.997 [main] DEBUG org.apache.hc.client5.http.headers -- http-outgoing-12 << X-Served-By: cache-mad2200127-MAD
11:27:05.997 [main] DEBUG org.apache.hc.client5.http.headers -- http-outgoing-12 << X-Cache: HIT
11:27:05.997 [main] DEBUG org.apache.hc.client5.http.headers -- http-outgoing-12 << X-Cache-Hits: 1
11:27:05.997 [main] DEBUG org.apache.hc.client5.http.headers -- http-outgoing-12 << X-Timer: S1703154429.651676,VS0,VE1
11:27:05.997 [main] DEBUG org.apache.hc.client5.http.headers -- http-outgoing-12 << Vary: Accept-Encoding
11:27:05.997 [main] DEBUG org.apache.hc.client5.http.headers -- http-outgoing-12 << X-Fastly-Request-ID: 203ff3abe609cecdb9e2debab874d00c255e9f74
11:27:05.997 [main] DEBUG org.apache.hc.client5.http.impl.classic.MainClientExec -- ex-0000000013 connection can be kept alive for 3 MINUTES
11:27:05.997 [main] ERROR io.github.bonigarcia.wdm.online.HttpClient -- Error HTTP 404 executing https://googlechromelabs.github.io/chrome-for-testing/LATEST_RELEASE_120.0.6099.63
11:27:05.997 [main] WARN io.github.bonigarcia.wdm.versions.VersionDetector -- Exception reading https://googlechromelabs.github.io/chrome-for-testing/LATEST_RELEASE_120.0.6099.63 to get latest version of chromedriver (Error HTTP 404 executing https://googlechromelabs.github.io/chrome-for-testing/LATEST_RELEASE_120.0.6099.63)
11:27:05.998 [main] DEBUG io.github.bonigarcia.wdm.versions.VersionDetector -- Getting driver version for chrome120.0.6099.63 from online versions.properties
11:27:05.998 [main] DEBUG org.apache.hc.client5.http.impl.classic.InternalHttpClient -- ex-0000000014 preparing request execution
11:27:05.998 [main] DEBUG org.apache.hc.client5.http.impl.classic.ProtocolExec -- ex-0000000014 target auth state: UNCHALLENGED
11:27:05.998 [main] DEBUG org.apache.hc.client5.http.impl.classic.ProtocolExec -- ex-0000000014 proxy auth state: UNCHALLENGED
11:27:05.999 [main] DEBUG org.apache.hc.client5.http.impl.classic.ConnectExec -- ex-0000000014 acquiring connection with route {s}->https://raw.githubusercontent.com:443
11:27:05.999 [main] DEBUG org.apache.hc.client5.http.impl.classic.InternalHttpClient -- ex-0000000014 acquiring endpoint (3 MINUTES)
11:27:05.999 [main] DEBUG org.apache.hc.client5.http.impl.io.PoolingHttpClientConnectionManager -- ex-0000000014 endpoint lease request (3 MINUTES) [route: {s}->https://raw.githubusercontent.com:443][total available: 0; route allocated: 0 of 5; total allocated: 1 of 25]
11:27:05.999 [main] DEBUG org.apache.hc.client5.http.impl.io.PoolingHttpClientConnectionManager -- ex-0000000014 endpoint leased [route: {s}->https://raw.githubusercontent.com:443][total available: 0; route allocated: 1 of 5; total allocated: 2 of 25]
11:27:05.999 [main] DEBUG org.apache.hc.client5.http.impl.io.PoolingHttpClientConnectionManager -- ex-0000000014 acquired ep-0000000014
11:27:05.999 [main] DEBUG org.apache.hc.client5.http.impl.classic.InternalHttpClient -- ex-0000000014 acquired endpoint ep-0000000014
11:27:05.999 [main] DEBUG org.apache.hc.client5.http.impl.classic.ConnectExec -- ex-0000000014 opening connection {s}->https://raw.githubusercontent.com:443
11:27:05.999 [main] DEBUG org.apache.hc.client5.http.impl.classic.InternalHttpClient -- ep-0000000014 connecting endpoint (null)
11:27:05.999 [main] DEBUG org.apache.hc.client5.http.impl.io.PoolingHttpClientConnectionManager -- ep-0000000014 connecting endpoint to https://raw.githubusercontent.com:443 (30 SECONDS)
11:27:05.999 [main] DEBUG org.apache.hc.client5.http.impl.io.DefaultHttpClientConnectionOperator -- raw.githubusercontent.com resolving remote address
11:27:05.999 [main] DEBUG org.apache.hc.client5.http.impl.io.DefaultHttpClientConnectionOperator -- raw.githubusercontent.com resolved to [raw.githubusercontent.com/185.199.111.133, raw.githubusercontent.com/185.199.108.133, raw.githubusercontent.com/185.199.109.133, raw.githubusercontent.com/185.199.110.133]
11:27:05.999 [main] DEBUG org.apache.hc.client5.http.impl.io.DefaultHttpClientConnectionOperator -- raw.githubusercontent.com:443 connecting null->raw.githubusercontent.com/185.199.111.133:443 (30 SECONDS)
11:27:05.999 [main] DEBUG org.apache.hc.client5.http.ssl.SSLConnectionSocketFactory -- Connecting socket to raw.githubusercontent.com/185.199.111.133:443 with timeout 30 SECONDS
11:27:06.037 [main] DEBUG org.apache.hc.client5.http.ssl.SSLConnectionSocketFactory -- Enabled protocols: [TLSv1.3, TLSv1.2]
11:27:06.037 [main] DEBUG org.apache.hc.client5.http.ssl.SSLConnectionSocketFactory -- Enabled cipher suites: [TLS_AES_256_GCM_SHA384, TLS_AES_128_GCM_SHA256, TLS_CHACHA20_POLY1305_SHA256, TLS_ECDHE_ECDSA_WITH_AES_256_GCM_SHA384, TLS_ECDHE_ECDSA_WITH_AES_128_GCM_SHA256, TLS_ECDHE_ECDSA_WITH_CHACHA20_POLY1305_SHA256, TLS_ECDHE_RSA_WITH_AES_256_GCM_SHA384, TLS_ECDHE_RSA_WITH_CHACHA20_POLY1305_SHA256, TLS_ECDHE_RSA_WITH_AES_128_GCM_SHA256, TLS_DHE_RSA_WITH_AES_256_GCM_SHA384, TLS_DHE_RSA_WITH_CHACHA20_POLY1305_SHA256, TLS_DHE_DSS_WITH_AES_256_GCM_SHA384, TLS_DHE_RSA_WITH_AES_128_GCM_SHA256, TLS_DHE_DSS_WITH_AES_128_GCM_SHA256, TLS_ECDHE_ECDSA_WITH_AES_256_CBC_SHA384, TLS_ECDHE_RSA_WITH_AES_256_CBC_SHA384, TLS_ECDHE_ECDSA_WITH_AES_128_CBC_SHA256, TLS_ECDHE_RSA_WITH_AES_128_CBC_SHA256, TLS_DHE_RSA_WITH_AES_256_CBC_SHA256, TLS_DHE_DSS_WITH_AES_256_CBC_SHA256, TLS_DHE_RSA_WITH_AES_128_CBC_SHA256, TLS_DHE_DSS_WITH_AES_128_CBC_SHA256, TLS_ECDHE_ECDSA_WITH_AES_256_CBC_SHA, TLS_ECDHE_RSA_WITH_AES_256_CBC_SHA, TLS_ECDHE_ECDSA_WITH_AES_128_CBC_SHA, TLS_ECDHE_RSA_WITH_AES_128_CBC_SHA, TLS_DHE_RSA_WITH_AES_256_CBC_SHA, TLS_DHE_DSS_WITH_AES_256_CBC_SHA, TLS_DHE_RSA_WITH_AES_128_CBC_SHA, TLS_DHE_DSS_WITH_AES_128_CBC_SHA, TLS_RSA_WITH_AES_256_GCM_SHA384, TLS_RSA_WITH_AES_128_GCM_SHA256, TLS_RSA_WITH_AES_256_CBC_SHA256, TLS_RSA_WITH_AES_128_CBC_SHA256, TLS_RSA_WITH_AES_256_CBC_SHA, TLS_RSA_WITH_AES_128_CBC_SHA, TLS_EMPTY_RENEGOTIATION_INFO_SCSV]
11:27:06.037 [main] DEBUG org.apache.hc.client5.http.ssl.SSLConnectionSocketFactory -- Starting handshake (null)
11:27:06.091 [main] DEBUG org.apache.hc.client5.http.ssl.SSLConnectionSocketFactory -- Secure session established
11:27:06.092 [main] DEBUG org.apache.hc.client5.http.ssl.SSLConnectionSocketFactory --  negotiated protocol: TLSv1.3
11:27:06.092 [main] DEBUG org.apache.hc.client5.http.ssl.SSLConnectionSocketFactory --  negotiated cipher suite: TLS_AES_128_GCM_SHA256
11:27:06.092 [main] DEBUG org.apache.hc.client5.http.ssl.SSLConnectionSocketFactory --  peer principal: CN=*.github.io, O="GitHub, Inc.", L=San Francisco, ST=California, C=US
11:27:06.092 [main] DEBUG org.apache.hc.client5.http.ssl.SSLConnectionSocketFactory --  peer alternative names: [*.github.io, github.io, *.github.com, github.com, www.github.com, *.githubusercontent.com, githubusercontent.com]
11:27:06.092 [main] DEBUG org.apache.hc.client5.http.ssl.SSLConnectionSocketFactory --  issuer principal: CN=DigiCert TLS RSA SHA256 2020 CA1, O=DigiCert Inc, C=US
11:27:06.092 [main] DEBUG org.apache.hc.client5.http.impl.io.DefaultManagedHttpClientConnection -- http-outgoing-13 set socket timeout to 3 MINUTES
11:27:06.092 [main] DEBUG org.apache.hc.client5.http.impl.io.DefaultHttpClientConnectionOperator -- raw.githubusercontent.com:443 connected null->raw.githubusercontent.com/185.199.111.133:443 as http-outgoing-13
11:27:06.092 [main] DEBUG org.apache.hc.client5.http.impl.io.PoolingHttpClientConnectionManager -- ep-0000000014 connected http-outgoing-13
11:27:06.092 [main] DEBUG org.apache.hc.client5.http.impl.classic.InternalHttpClient -- ep-0000000014 endpoint connected
11:27:06.092 [main] DEBUG org.apache.hc.client5.http.impl.classic.MainClientExec -- ex-0000000014 executing GET /bonigarcia/webdrivermanager/master/src/main/resources/versions.properties HTTP/1.1
11:27:06.092 [main] DEBUG org.apache.hc.client5.http.protocol.RequestAddCookies -- ex-0000000014 Cookie spec selected: strict
11:27:06.092 [main] DEBUG org.apache.hc.client5.http.impl.classic.InternalHttpClient -- ep-0000000014 start execution ex-0000000014
11:27:06.092 [main] DEBUG org.apache.hc.client5.http.impl.io.PoolingHttpClientConnectionManager -- ep-0000000014 executing exchange ex-0000000014 over http-outgoing-13
11:27:06.092 [main] DEBUG org.apache.hc.client5.http.headers -- http-outgoing-13 >> GET /bonigarcia/webdrivermanager/master/src/main/resources/versions.properties HTTP/1.1
11:27:06.092 [main] DEBUG org.apache.hc.client5.http.headers -- http-outgoing-13 >> user-agent: Apache-HttpClient/5.0
11:27:06.092 [main] DEBUG org.apache.hc.client5.http.headers -- http-outgoing-13 >> accept-encoding: gzip, deflate, br
11:27:06.092 [main] DEBUG org.apache.hc.client5.http.headers -- http-outgoing-13 >> cache-control: max-age=0
11:27:06.092 [main] DEBUG org.apache.hc.client5.http.headers -- http-outgoing-13 >> connection: keep-alive
11:27:06.092 [main] DEBUG org.apache.hc.client5.http.headers -- http-outgoing-13 >> Host: raw.githubusercontent.com
11:27:06.092 [main] DEBUG org.apache.hc.client5.http.wire -- http-outgoing-13 >> "GET /bonigarcia/webdrivermanager/master/src/main/resources/versions.properties HTTP/1.1[\r][\n]"
11:27:06.092 [main] DEBUG org.apache.hc.client5.http.wire -- http-outgoing-13 >> "user-agent: Apache-HttpClient/5.0[\r][\n]"
11:27:06.092 [main] DEBUG org.apache.hc.client5.http.wire -- http-outgoing-13 >> "accept-encoding: gzip, deflate, br[\r][\n]"
11:27:06.092 [main] DEBUG org.apache.hc.client5.http.wire -- http-outgoing-13 >> "cache-control: max-age=0[\r][\n]"
11:27:06.092 [main] DEBUG org.apache.hc.client5.http.wire -- http-outgoing-13 >> "connection: keep-alive[\r][\n]"
11:27:06.092 [main] DEBUG org.apache.hc.client5.http.wire -- http-outgoing-13 >> "Host: raw.githubusercontent.com[\r][\n]"
11:27:06.093 [main] DEBUG org.apache.hc.client5.http.wire -- http-outgoing-13 >> "[\r][\n]"
11:27:06.131 [main] DEBUG org.apache.hc.client5.http.wire -- http-outgoing-13 << "HTTP/1.1 200 OK[\r][\n]"
11:27:06.131 [main] DEBUG org.apache.hc.client5.http.wire -- http-outgoing-13 << "Connection: keep-alive[\r][\n]"
11:27:06.131 [main] DEBUG org.apache.hc.client5.http.wire -- http-outgoing-13 << "Content-Length: 1653[\r][\n]"
11:27:06.131 [main] DEBUG org.apache.hc.client5.http.wire -- http-outgoing-13 << "Cache-Control: max-age=300[\r][\n]"
11:27:06.131 [main] DEBUG org.apache.hc.client5.http.wire -- http-outgoing-13 << "Content-Security-Policy: default-src 'none'; style-src 'unsafe-inline'; sandbox[\r][\n]"
11:27:06.131 [main] DEBUG org.apache.hc.client5.http.wire -- http-outgoing-13 << "Content-Type: text/plain; charset=utf-8[\r][\n]"
11:27:06.131 [main] DEBUG org.apache.hc.client5.http.wire -- http-outgoing-13 << "ETag: W/"de56f96e4580ae55450ed6a794662cbdb2b39827f9709095aa3e1e7f6914629d"[\r][\n]"
11:27:06.131 [main] DEBUG org.apache.hc.client5.http.wire -- http-outgoing-13 << "Strict-Transport-Security: max-age=31536000[\r][\n]"
11:27:06.131 [main] DEBUG org.apache.hc.client5.http.wire -- http-outgoing-13 << "X-Content-Type-Options: nosniff[\r][\n]"
11:27:06.131 [main] DEBUG org.apache.hc.client5.http.wire -- http-outgoing-13 << "X-Frame-Options: deny[\r][\n]"
11:27:06.131 [main] DEBUG org.apache.hc.client5.http.wire -- http-outgoing-13 << "X-XSS-Protection: 1; mode=block[\r][\n]"
11:27:06.131 [main] DEBUG org.apache.hc.client5.http.wire -- http-outgoing-13 << "X-GitHub-Request-Id: 728E:2E6B8C:62B50D:676D49:6583D0E9[\r][\n]"
11:27:06.131 [main] DEBUG org.apache.hc.client5.http.wire -- http-outgoing-13 << "Content-Encoding: gzip[\r][\n]"
11:27:06.131 [main] DEBUG org.apache.hc.client5.http.wire -- http-outgoing-13 << "Accept-Ranges: bytes[\r][\n]"
11:27:06.131 [main] DEBUG org.apache.hc.client5.http.wire -- http-outgoing-13 << "Date: Thu, 21 Dec 2023 10:27:08 GMT[\r][\n]"
11:27:06.131 [main] DEBUG org.apache.hc.client5.http.wire -- http-outgoing-13 << "Via: 1.1 varnish[\r][\n]"
11:27:06.131 [main] DEBUG org.apache.hc.client5.http.wire -- http-outgoing-13 << "X-Served-By: cache-mad2200129-MAD[\r][\n]"
11:27:06.131 [main] DEBUG org.apache.hc.client5.http.wire -- http-outgoing-13 << "X-Cache: HIT[\r][\n]"
11:27:06.131 [main] DEBUG org.apache.hc.client5.http.wire -- http-outgoing-13 << "X-Cache-Hits: 1[\r][\n]"
11:27:06.131 [main] DEBUG org.apache.hc.client5.http.wire -- http-outgoing-13 << "X-Timer: S1703154429.791288,VS0,VE1[\r][\n]"
11:27:06.131 [main] DEBUG org.apache.hc.client5.http.wire -- http-outgoing-13 << "Vary: Authorization,Accept-Encoding,Origin[\r][\n]"
11:27:06.131 [main] DEBUG org.apache.hc.client5.http.wire -- http-outgoing-13 << "Access-Control-Allow-Origin: *[\r][\n]"
11:27:06.131 [main] DEBUG org.apache.hc.client5.http.wire -- http-outgoing-13 << "Cross-Origin-Resource-Policy: cross-origin[\r][\n]"
11:27:06.131 [main] DEBUG org.apache.hc.client5.http.wire -- http-outgoing-13 << "X-Fastly-Request-ID: 08a60c15b330546ae2b14556f64feadd4a01e505[\r][\n]"
11:27:06.131 [main] DEBUG org.apache.hc.client5.http.wire -- http-outgoing-13 << "Expires: Thu, 21 Dec 2023 10:32:08 GMT[\r][\n]"
11:27:06.131 [main] DEBUG org.apache.hc.client5.http.wire -- http-outgoing-13 << "Source-Age: 169[\r][\n]"
11:27:06.131 [main] DEBUG org.apache.hc.client5.http.wire -- http-outgoing-13 << "[\r][\n]"
11:27:06.131 [main] DEBUG org.apache.hc.client5.http.headers -- http-outgoing-13 << HTTP/1.1 200 OK
11:27:06.131 [main] DEBUG org.apache.hc.client5.http.headers -- http-outgoing-13 << Connection: keep-alive
11:27:06.131 [main] DEBUG org.apache.hc.client5.http.headers -- http-outgoing-13 << Content-Length: 1653
11:27:06.131 [main] DEBUG org.apache.hc.client5.http.headers -- http-outgoing-13 << Cache-Control: max-age=300
11:27:06.131 [main] DEBUG org.apache.hc.client5.http.headers -- http-outgoing-13 << Content-Security-Policy: default-src 'none'; style-src 'unsafe-inline'; sandbox
11:27:06.131 [main] DEBUG org.apache.hc.client5.http.headers -- http-outgoing-13 << Content-Type: text/plain; charset=utf-8
11:27:06.131 [main] DEBUG org.apache.hc.client5.http.headers -- http-outgoing-13 << ETag: W/"de56f96e4580ae55450ed6a794662cbdb2b39827f9709095aa3e1e7f6914629d"
11:27:06.131 [main] DEBUG org.apache.hc.client5.http.headers -- http-outgoing-13 << Strict-Transport-Security: max-age=31536000
11:27:06.131 [main] DEBUG org.apache.hc.client5.http.headers -- http-outgoing-13 << X-Content-Type-Options: nosniff
11:27:06.131 [main] DEBUG org.apache.hc.client5.http.headers -- http-outgoing-13 << X-Frame-Options: deny
11:27:06.131 [main] DEBUG org.apache.hc.client5.http.headers -- http-outgoing-13 << X-XSS-Protection: 1; mode=block
11:27:06.131 [main] DEBUG org.apache.hc.client5.http.headers -- http-outgoing-13 << X-GitHub-Request-Id: 728E:2E6B8C:62B50D:676D49:6583D0E9
11:27:06.131 [main] DEBUG org.apache.hc.client5.http.headers -- http-outgoing-13 << Content-Encoding: gzip
11:27:06.131 [main] DEBUG org.apache.hc.client5.http.headers -- http-outgoing-13 << Accept-Ranges: bytes
11:27:06.131 [main] DEBUG org.apache.hc.client5.http.headers -- http-outgoing-13 << Date: Thu, 21 Dec 2023 10:27:08 GMT
11:27:06.131 [main] DEBUG org.apache.hc.client5.http.headers -- http-outgoing-13 << Via: 1.1 varnish
11:27:06.131 [main] DEBUG org.apache.hc.client5.http.headers -- http-outgoing-13 << X-Served-By: cache-mad2200129-MAD
11:27:06.131 [main] DEBUG org.apache.hc.client5.http.headers -- http-outgoing-13 << X-Cache: HIT
11:27:06.131 [main] DEBUG org.apache.hc.client5.http.headers -- http-outgoing-13 << X-Cache-Hits: 1
11:27:06.131 [main] DEBUG org.apache.hc.client5.http.headers -- http-outgoing-13 << X-Timer: S1703154429.791288,VS0,VE1
11:27:06.131 [main] DEBUG org.apache.hc.client5.http.headers -- http-outgoing-13 << Vary: Authorization,Accept-Encoding,Origin
11:27:06.131 [main] DEBUG org.apache.hc.client5.http.headers -- http-outgoing-13 << Access-Control-Allow-Origin: *
11:27:06.131 [main] DEBUG org.apache.hc.client5.http.headers -- http-outgoing-13 << Cross-Origin-Resource-Policy: cross-origin
11:27:06.131 [main] DEBUG org.apache.hc.client5.http.headers -- http-outgoing-13 << X-Fastly-Request-ID: 08a60c15b330546ae2b14556f64feadd4a01e505
11:27:06.131 [main] DEBUG org.apache.hc.client5.http.headers -- http-outgoing-13 << Expires: Thu, 21 Dec 2023 10:32:08 GMT
11:27:06.132 [main] DEBUG org.apache.hc.client5.http.headers -- http-outgoing-13 << Source-Age: 169
11:27:06.132 [main] DEBUG org.apache.hc.client5.http.impl.classic.MainClientExec -- ex-0000000014 connection can be kept alive for 3 MINUTES
11:27:06.134 [main] DEBUG org.apache.hc.client5.http.wire -- http-outgoing-13 << "[0x1f][0xffffff8b][0x8][0x0][0x0][0x0][0x0][0x0][0x0][0x3][0xffffff8d][0xffffff97]Mo[0xffffffe3]6[0x10][0xffffff86][0xffffffef][0xfffffff9][0x15][0x2]z[0xffffff8e][0xffffffcc][0xffffffcf]![0x19][0xffffff80][0xffffff97]~[0xffffff9e][0xffffff8a][0x1e][0xffffffda]?[0xffffffe0][0xffffffb5][0xffffff95]DX[0xffffffc7][\n]"
11:27:06.134 [main] DEBUG org.apache.hc.client5.http.wire -- http-outgoing-13 << "lg[0xffffffb3][0xffffffe8][0xffffffaf][0xffffffef][0xc][0xffffffc9][0xffffffa1]h[0xffffffaa][0x5]z[0x8]v[0xffffffe7][0xffffffb1]D[0xffffffce][0xffffff90][0xffffffd4][0xffffffcb]w~[0x18][0xfffffffe]z[0xffffff9d][0xffffffaf][0xffffffc3][0xfffffff3]|[0xffffff9a][0xffffff86][0xffffffc3]r[0xffffffbe][0xffffffed][0xffffffe7][0xfffffff3]u[0xffffffb8][0xffffffbd]N[0xffffffc3][0xffffffd7][0xfffffff3][0xfffffff2]y[0x1e][0xffffff8e][0xffffff97][0xfffffff9][0xffffffdb]t[0x19][0xfffffff0][0xffffffef]:/[0xfffffff8][0xffffffcb]ay{[0xffffffdf][0xffffffdf][0xffffffe6]/[0xfffffff8][0xfffffff4][0xffffffe7]|{MO[0x1e][0xffffff96][0xffffffcb]e[0xffffffba][0xffffffbe]/[0xffffffe7][0xffffffe3]|~[0x19][0xffffffbe]\[0xffffff96][0xffffffcf][0xffffffeb][0xfffffffa][0xffffffca][0xffffffc3][0xffffffc3][0xf][0xffffffc3][0xffffff8f][0x19]=[\r][0xffffffbf]-[0xffffffcb][0xb][0xffffffbe][0xfffffff9][0xffffffd3][0xffffffeb]ey[0xffffff9b][0xffffff86][0xfffffffd][0xfffffff9][0xffffff98][0xffffffff];[0x7f][0xffffffbc][\r][0xffffff8f][0xffffffc3][0xffffffcf]i[0xffffffaa][0xffffffa7][0xffffffe1][0xffffff90]~[0xffffffcd][0x13][0xffffffe3][0xffffffcb][0x7f].[0x1f][0xffffff97][0xffffffc3][0xfffffff4]4[0xffffffbc][0xffffffde]n[0xffffffef]O[0xffffffbb]][0xfffffffb][0xffffffeb]x(o[0xffffff8f][0xffffffcb][0xffffffe5]ew[0xffffffc4]|O[0xffffffcb][0xfffffffe]x}[0xffffffc8][0xffffffcf]Hi"[0xfffffffe][0xffffff8d]b[0xffffffb4]N[0xffffffdb]1[0xffffff88][0xffffffca]5rM[0x1c][0xffffff9c][0x1a]AW[0xffffffae][0xffffff90][0xffffffab][0xffffffc4][0xffffffa5][0x1d]M[0xffffffa8]\"[0xffffff97][0xffffffc4]-[0xffffffe8][0x11]L[0xffffffe5][0x2][0xffffffb9] n[0xffffffbc][0x1c][0xffffff9d]c.B[0xffffffc4][0xffffffbf][0xffffffc4]qzW[0xffffff9f][0x17][0x1e][0xffffffb9]'[0xffffffae]m[0x18][0xffffff9d][0xffffffac][0xffffffdc]!w[0xffffff89][0xb]3[0xffffff82][0xffffffaa][0x1c][0xffffff90][0x3]qe[0xffffffc2][0x8][0xffffffeb][0xfffffff3][0x16][0xffffffb9]%.[0xffffff83][0xffffffc5][0x1f]+[0xffffffc7]zE[0xffffffaa][0xffffff97][0xffffffca]p5[0x7f][0xffffff81][0xfffffff5][0xffffff8a]T[0xffffffaf][0x0]1J[0xffffffbd]&[0xffffff84][0x5][0xffffff8b]T[0xffffffb0][0xffffffc0][0xfffffff1][0xffffff9a][0x9][0xffffffb0]`A[0x5][0xffffff9b]`[0xffffffe5]hV[0xffffff8e][0x5][0xb]*[0xffffffd8][0xfffffff8][0x0]#[0xfffffff0][0xffffff82][0xffffff86][0x10]CH[0xffffffd4][0x18][0xffffff9c][0xffffff9b][0xffffffa9][0xffffff8f][0xffffff81][0xffffff8a]5[0xffffffce][0xfffffffa][0x11][0xffffffa7]a[0xffffffec]b[0xffffffa0]Z[\r][0x4][0xffffffb5][0xffffffae]A[0xffffff80][0x18] Q0[0xffffffa3][0xffffffb1]Lm[0xc]6Q[0xffffffed]G[0xffffffe0]z[0xffffff82][0xffffff89][0xffffffc1]$[0xffffff8a][0xffffff8b][0xffffff83][0x1b][0xffffffc9]X[0xffffffc7]@E[0x1a][0xffffffeb][0xffffffdc][0xffffffba][0xffffffa9]A[0xffffffc5][0xffffffa0][0x12][0xffffffc5]-[0xffffffc5]Uf,cH[0x5][0x1a]<[0x1]X+c[0x11]C[0xffffffaa][0xffffffcf]h1*^'[0x1f][0xffffffa2]O[0xfffffff5]i[0xfffffffc]G[0xfffffff1][0xffffffc8][0xffffffde]G[0xffffff9f][0xffffffea][0xffffffd3][0xffffffca][0xffffff8c][0x1][0xffffff98][0xffffffba][0xffffffe8]Sy[0xffffffca][0xffffff8b][0xffffffd1]{[0xffffffa6][0x10]}*O[0x19][0x1c][0xffffff97][0xffffff97][0xffffffc2][0xffffffdb][0xffffffe8]Sy[0xffffffd2][0xffffffeb][0xffffffd1]sj[0xffffffde]D[0xffffff9f][0xffffffca][0xffffff93][0xffffffc6][0xffffff8d][0xffffff9a][0xffffffd7][0xffffffd8][0xffffffeb][0xffffffe8]Su[0xffffffb4][0xffffff93][0xffffff9a][0xffffff97][0xffffffc2][0xffffffcb][0xffffffe8]S[0x19][0x2]W^[0xffffffea]:[0xffffff9d][0xffffff88][0xffffff9e][0xffffffca][0xffffffd0][0x1]s[0xffffffc1]#T[0xffffffb0][0xb][0xffffffd1][0xffffff85][0xffffff84][0xffffff8d][0x1d]u[0xffffffa5]>:[0xffffff9f]([0xffffff9e][0x1d]<W[0xffffff8c]]tT[0xffffff88][0xfffffff6][0xffffff80][0xffffffdf][0x2][0xffffffa7][0xffffffe1] :H[0x14][0xf][0xffffffb8]Tu[0xc][0x1b][0x1d]U[0xffffffa2][0xffffff9d][0xffffffc3][0x3][0xffffffb6]>m[0xffffffa2]3[0x9]+<[0xffffffbf][0xc]utT[0xffffff89][0x6],[0x8]8e[0xffffffa7][0xffffffa2][0xffffffc2][0x1d][0xffffffe5]H[0xffffffde]E[0xffffff82]"N[0xc][0x2]E[0xffffffbc]7[0xffffffe0])[0xffffffe2][0x15][0x5]G[0x11][0xffffffef]&[0x0]E[0xffffff9c][0xc]X[0xffffff8c][0xffffffea][0x12][0xffffff81][0xffffffa1][0xffffff88][0xffffffd7][0x1c]4E<[0x1f]P.[0xffffffba][0xffffffce]G[0xffffffb9][0xffffffd4]o[0x6]([0x17][0xffffffad][0xffffffef]T[0xffffffed][0xfffffff7][0xffffffe5][0xffffffef][0xfffffff9]t[0xffffffda][0xf][0xffffffbf][0xffffffce][0xffffff97][0xffffffe9]y[0xfffffff9][0xffffffde]H[0xffffffd9][0xffffffcb]t[0xfffffff8][0xffffffba][0xfffffffc][0xffffffab][0xffffff92]]Q[0xffffffca]^P@?[0xffffffbe][0xffffff8c]([0xffffffa9][0xffffffbb][0xffffffb7]<[0xffffffc4][0xffffffae]yaw[0xffffff99]N[0xffffffd3][0xfffffffe]:][0x1f][0xffffff9e][0xfffffff3][0xffffffb8]R[0xffffff89][0xffffff88][0xffffffcb][0xffffff86]kW[0xffffff89][0xc][0x1b][0xffffffe2]7[0xffffffc4]m[0x8]l[0xffffff88][0xffffffdd][0x10][0xffffffb3]!zC[0xffffffd4][0xffffff86][0xffffffc8][\r]I9[0xffffffab]QU"B&[0xffffffeb]3[0xffffffc2]o[0xffffff88][0xffffffdb][0x10][0xffffffd8][0x10][0xffffffbb]!)g[0xffffffd9][0x12][0xffffffbd]!jC[0xffffffe4][0xffffff86][0xffffff88][0xffffff8e][0xffffff84][0xffffffd0][0x3][0xffffffdf][0x3][0xffffffd7][0x3][0xffffffe8][0xffffff81][0xffffffed]A[0xffffff9f]m[0xffffffe8][0xffffff93][\r]}[0xffffffae][0xffffffa1]O5P[0xffffffa6][0xfffffff8]m5`<[0xffffffcd][0xffffffe7][0xffffff8f][0xffffffef][0x19]K[0xffffffc6]>t[0xffffffcf]y[0xffffffdf][0x3][0xffffffd7][0x3][0xffffffe8][0xffffff81][0xffffffed][0xffffff81][0xffffffe9][0x1][0x15][0xffffffa0]|[0x3]T[0xf][0xffffffa8][0x0][0xffffffe5][0x1a] :[0xffffffe0]B[0xf]R[0xffffffa6][0xffffffd0][0x0][0xffffffd7][0x3][0xffffffe8][0xffffff81][0xffffffed][0xffffff81][0xffffffe9][0xffffff81][0xffffffee][0xffffff81][0xffffffea][0xffffff81][0xffffffec][0xffffff81][0xffffffe8][0x0][0xffffff84][0x1e][0xffffffa4]Lm[0x3]R[0xffffffa6][0xffffffa6][0x1][0xffffffd0][0x3][0xffffffdb][0xffffff83][0xffffff94]i[0xfffffff3][0x1][0xffffff81][0xffffffee]A[0xffffffca][0xffffffb4]9[0xfffffff6][0xffffff90]2m[0xe][0x5][0xffffff88][0xe][0xffffffd8][0xffffffd0][0x3][0xffffffdf][0x3][0xffffffd7][0xffffff83][0xffffff94][0xffffffa9]h[0xffffff80]e[0xffffffd0]*[0xffffffdf][0x1f][0xffffffef][0xffffffd3]e[0xffffffdf][0xffffffe8][0xffffffdd]B[0xfffffff1][0xffffffff][0xffffffd1][0xffffffbb][0xfffffff4][0xffffffe0]uy[0xffffffbe]}[0xffffffee]/S[0xffffff8e][0xffffffd8][0xffffffcb][0xfffffff5][0xffffffea][0xffffff97]~L[0xffffff9e]G[0xffffffd2][0xffffffe5][0x5][0x2]//[0xffffff89]ws[0xffffffe1][0xffffffe4][0xfffffff1][0xffffff92][0xffffffa7][\n]"
11:27:06.134 [main] DEBUG org.apache.hc.client5.http.wire -- http-outgoing-13 << "x[0xfffffffb][0xfffffffb][0xffffffc0][0xffffff98],^[0xffffffb2]T[0x1][0xffffffad][0xffffff83][0xffffffd4][0xffffff8a]9Y[0xffffffbc]d[0xffffffa9]<[0xe][0x13][0x1c]crx[0xffffffc9]Q9[0xfffffffc][0xffffff82]$[0xffffffda][0xffffff92][0xffffffc2]E[0xffffffeb] Q[0xffffffcc]2G=h[0xc][0xffffffa4]Te[0x18]T[0xffffff85][0xffffffc6]?z[0xffffffa6][0xffffffee][0xffffffce]=[0xffffffda]B[0xffffffa1][0xfffffff5][0xffffff8e]8Q[0xffffffc1][0xffffffb6][0xffffffb5][0xffffff8e][0xffffffa8][0xfffffff8][0x5][0xffffff9b][0xffffffd6]9[0xffffff86]Re[0xffffffd0][0xffffffad]oD[0xffffffb3][0xffffff91][0xffffffa9]j]#.Z[0xffffffc1][0xffffffb2]5[0xffffff8d][0xffffffe4][0xffffffc7]2[0x16][0xffffffad]g[0xfffffff4][0xffffffa5]p[0x1f]Z[0xffffffc7][0x8]P[0xffffffa8][0xffffffef][0xffffffec]b[0xffffffa6][0xffffffae]5[0xffffff8b]P6[0xffffffc6]Ck[0x15][0xffffffeb][0x12][0xffffffa1][0xffffff88][0xffffffdc]Y[0xffffffc5][0xc]M[0xffffffe3][0x14]}I[0xc][0xffffffc5][0xffffffe4][0xffffffce]'f[0xffffffa8][0xffffffee]mb[0xffffff86][0xffffffb2]q[0xffffff89][0xffffff96][0xffffffe7][0x17][0xffffff8d]I[0xffffffe4]TQ\[0xffffffee],b[0xffffff86][0xffffffbe]s[0xffffff88][0xffffff99][0xffffffba][0xffffffc6] :[0xffffff86][0xffffffd0][0xffffffd8]C_[0xffffffa6]G[0xffffffb5]Y[0xffffffdd]!g[0xffffff8f][0xffffff8a][0xffffffb3][0xffffff9a]C\[0xffffffe0]Buc[0xe][0xffffff81][0x7]U[0xffffff8d]7[0xfffffff4]e[0xffffffc3]Q~VkX7[0xb]5h[0xffffffb5][0xffffff86]|[0xffffffd6]Q[0xffffff87]Vg[0xffffffc8]'[0x1a][0xffffffb5][0xffffffa8]1[0xffffff86][0xffffffb2][0xffffff94][0xffffff8a][0xffffff82][0xffffffd4][0xfffffffa][0xffffffc2]2[0x17][0xffffffaa][0xffffffd2]j[0xb][0x1d][0xffffff8f]j[0x1b]W[0xffffffc8]G[0x19][0xffffffd5]i[0xfffffff5][0xffffff84][0xfffffff5]p[0xffffffa2]D5[0xffffff9e][0xffffff90]?5[0xffffffd4][0xffffffa9][0xffffffc6][0x12][0xffffffd6][0xffffffb9][0xffffff8a][0xffffff95]K[0xffffff81][\r]mP[0xffffff8c]\[0xe][0xffffff8a][0xffffff8f][0xffffffcb]A[0xffffffb1]q9(..[0x7][0xffffffc5][0xffffffc4][0xffffffe5][0xffffffa0]x[0xffffffb8][0x1c][0x14][0xb][0xffffff97][0x3][0xffffff99]=[[0xe]D[0x13][0x18][0xffffffca][0xffffff80]36[0xffffff94][0xffffff81].[0xfffffff3][0x18][0xffffffca]@[0xffffff95][0xffffffc5]0[0xffffff90][0xffffff83];[0xffffffd3]7[0x1f].[0xb])[0xffffffd8][0xfffffff0][0xffffffcb][0xfffffff1]ej4[0xfffffff0][0xffffffed]:![0xfffffff8]O[0x11]<N[0xffffffdf][0xffffffa6][0x13][0xffffff8d]:[0xffffffbe][0xfffffff1][0x8]I[0x11][0xffffffa7][0xfffffff3][0xffffffe3][0xffffffc7]uW[0xffffffd9]#[\r][0xffffffb2][0xffffffbb]-[0xffffffcb][0xffffffe9][0xffffffba][0xfffffffb][0xffffff9c][0xffffffbe][0x14]Q| [0xffffffba][0xfffffff6][0xffffffb5][0xffffffd2][0xffffffe3][0xffffffcd] }[0xffffffa1][0xffffffdc][0xffffffd5]J[0xffffff87][0xffffffa6][0x1b]W2S[0xffffffee]i[0xffffffa5]S[0xffffffe9] g[0xffffffca][0x1d][0xffffffad][0x4][0xffffff90][0xffffffd4]qf[0xffffffca][0xfffffffd][0xffffffac][0xffffffb4]x>p[0xfffffff5][0x12][0xffffffad][0xffffffdd][0xffffffac][0xffffffb4]([0xffffffb4][0xffffffae][0xffffffcc]V{Yi[0x0][0xffffffc7][0xffffff85]B[0xffffffb9][0xffffff93][0xffffffc5][0x1e][0xffffff80][0xffffffee][0xfffffff0][0xc][0xffffffb9][0xffffff8d][0xffffff95][0xffffffda][0xffffffd1][0xffffff8d]Y(7[0xffffffb1][0xffffffd8]"
11:27:06.135 [main] DEBUG org.apache.hc.client5.http.wire -- http-outgoing-13 << "[0xffffff8f]jT[0xffffffb0]B[0xffffffb9][0xffffff85][0xffffff95][\n]"
11:27:06.135 [main] DEBUG org.apache.hc.client5.http.wire -- http-outgoing-13 << "[0xffffffbf]T[0xffffffc7]#p[0x3][0xffffff8b][0x1d][0xffffff87][0xffffffa9]E[0xffffffd4][0xffffffee][0x15]o[0x3]K[0x1d]A[0xffffffa6][0xffffffdc][0xffffffbb]J%[0xffffffc5]:.w[0xffffffae]xYX[0xffffffea][0xffffff9f][0xffffff88]r[0xffffffdf][0xffffff8a][0xffffffd2]OB[0xffffff91]Y[0xffffffe9]Z%UW[0x16][0xffffff86][V,MUV[0x1a]V[0xffffffac][0xffffffc1]TV[0xffffffda]U[0xffffffcc][0xffffffaa][0xffffffce][0xffffffcc][0xffffffcd]j@[0xffffff8d][0xffffffd1]2[0xffffffa3][0xffffffd2][0xffffffa8][0x6]\z][0xffffff9e]*]j[0x10][0xffffffeb][0x4][0xffffffa5]C[0xfffffff5][0xffffffa4]t[0xffffffe5][0xffffffc5][0xffffffd2][0xffffff9d]z,,[0x13][0xffffffee]Li[0xffffffc7][0xfffffff3][0xffffffc6]pW[0xffffffea]pm[0xffffffcb]k[0xffffffdc][0xffffff92][0x2][0xffffff84][0xffffffb2]%[0xffffffdc][0xffffff8e][0x2][0x1e][0x9][0xffffffc8]k[0xffffffc1][0xffffffbd][0xffffffa8][0xffffffa5][0x5].O[0xffffff95]F[0xffffffd4]&[0xffffff83][0xffffff92][0x8]7[0xffffffa1]([\r][0xffffffb6][0xffffffcc][0xffffff87][0xffffffea][0xffffff95][0xffffffd5]3pN[0xffffffdc][0xffffff93][0xffffffe2]=[[0xffffffb6][0xffffffaa][0xfffffff6][0xffffffa3]X1[0xffffff9e][0xffffffbb][0xffffffc4]j3Jg6[0xffffff93][0xffffffd2][0xffffff88]*[0xffffffc7]G[0xffffff87]{P[0xffffffa5]+)[0xfffffffd]'[0xffffffc9]b![0xffffffa5][0xfffffff5][0xffffff94][0x1a]{[0xfffffff3][0xffffff8c][0xffffff8c][0xffffff89][0xffffffef][0xffffff97][0xffffffe9]q>_o[0xfffffffb][0xffffffd3]i:f[0xffffffa8]"[0xffffffd0][0xffffffcd][0xffffffae][0xfffffff3]912[0xffffffa2][0xffffff84][0xffffff81][\n]"
11:27:06.135 [main] DEBUG org.apache.hc.client5.http.wire -- http-outgoing-13 << "[0xffffffb9]|#"[0xffffffea]$[0xffffffde]vy?[0xffffffb4][0xffffff8f][0xfffffff8]a[0x19][0x1d]r[0xffffffa8]Htp[0xffffffa7]}>#[0xffffffd8][0xffffff87][0xffffffd1][0xffffff95][0xffffff8d]z[0xfffffffd][0xfffffff0][0xf][0xffffffe2][0x12][0xffffff8f][0xfffffff4]>[0x13][0x0][0x0]"
11:27:06.135 [main] DEBUG org.apache.hc.client5.http.impl.classic.InternalHttpClient -- ep-0000000014 releasing valid endpoint
11:27:06.135 [main] DEBUG org.apache.hc.client5.http.impl.io.PoolingHttpClientConnectionManager -- ep-0000000014 releasing endpoint
11:27:06.135 [main] DEBUG org.apache.hc.client5.http.impl.io.PoolingHttpClientConnectionManager -- ep-0000000014 connection http-outgoing-13 can be kept alive for 3 MINUTES
11:27:06.135 [main] DEBUG org.apache.hc.client5.http.impl.io.PoolingHttpClientConnectionManager -- ep-0000000014 connection released [route: {s}->https://raw.githubusercontent.com:443][total available: 1; route allocated: 1 of 5; total allocated: 2 of 25]
11:27:06.135 [main] DEBUG io.github.bonigarcia.wdm.versions.VersionDetector -- Driver for chrome120.0.6099.63 not found in online properties (using local versions.properties)
11:27:06.136 [main] DEBUG io.github.bonigarcia.wdm.WebDriverManager -- The driver version for CHROME 120.0.6099.63 is unknown ... trying with latest
11:27:06.138 [main] DEBUG org.apache.hc.client5.http.impl.classic.InternalHttpClient -- ex-0000000015 preparing request execution
11:27:06.139 [main] DEBUG org.apache.hc.client5.http.impl.classic.ProtocolExec -- ex-0000000015 target auth state: UNCHALLENGED
11:27:06.139 [main] DEBUG org.apache.hc.client5.http.impl.classic.ProtocolExec -- ex-0000000015 proxy auth state: UNCHALLENGED
11:27:06.139 [main] DEBUG org.apache.hc.client5.http.impl.classic.ConnectExec -- ex-0000000015 acquiring connection with route {s}->https://googlechromelabs.github.io:443
11:27:06.139 [main] DEBUG org.apache.hc.client5.http.impl.classic.InternalHttpClient -- ex-0000000015 acquiring endpoint (3 MINUTES)
11:27:06.139 [main] DEBUG org.apache.hc.client5.http.impl.io.PoolingHttpClientConnectionManager -- ex-0000000015 endpoint lease request (3 MINUTES) [route: {s}->https://googlechromelabs.github.io:443][total available: 1; route allocated: 1 of 5; total allocated: 2 of 25]
11:27:06.139 [main] DEBUG org.apache.hc.client5.http.impl.io.PoolingHttpClientConnectionManager -- ex-0000000015 endpoint leased [route: {s}->https://googlechromelabs.github.io:443][total available: 1; route allocated: 2 of 5; total allocated: 3 of 25]
11:27:06.139 [main] DEBUG org.apache.hc.client5.http.impl.io.PoolingHttpClientConnectionManager -- ex-0000000015 acquired ep-0000000015
11:27:06.139 [main] DEBUG org.apache.hc.client5.http.impl.classic.InternalHttpClient -- ex-0000000015 acquired endpoint ep-0000000015
11:27:06.139 [main] DEBUG org.apache.hc.client5.http.impl.classic.ConnectExec -- ex-0000000015 opening connection {s}->https://googlechromelabs.github.io:443
11:27:06.139 [main] DEBUG org.apache.hc.client5.http.impl.classic.InternalHttpClient -- ep-0000000015 connecting endpoint (null)
11:27:06.139 [main] DEBUG org.apache.hc.client5.http.impl.io.PoolingHttpClientConnectionManager -- ep-0000000015 connecting endpoint to https://googlechromelabs.github.io:443 (30 SECONDS)
11:27:06.139 [main] DEBUG org.apache.hc.client5.http.impl.io.DefaultHttpClientConnectionOperator -- googlechromelabs.github.io resolving remote address
11:27:06.139 [main] DEBUG org.apache.hc.client5.http.impl.io.DefaultHttpClientConnectionOperator -- googlechromelabs.github.io resolved to [googlechromelabs.github.io/185.199.108.153, googlechromelabs.github.io/185.199.111.153, googlechromelabs.github.io/185.199.110.153, googlechromelabs.github.io/185.199.109.153]
11:27:06.139 [main] DEBUG org.apache.hc.client5.http.impl.io.DefaultHttpClientConnectionOperator -- googlechromelabs.github.io:443 connecting null->googlechromelabs.github.io/185.199.108.153:443 (30 SECONDS)
11:27:06.139 [main] DEBUG org.apache.hc.client5.http.ssl.SSLConnectionSocketFactory -- Connecting socket to googlechromelabs.github.io/185.199.108.153:443 with timeout 30 SECONDS
11:27:06.177 [main] DEBUG org.apache.hc.client5.http.ssl.SSLConnectionSocketFactory -- Enabled protocols: [TLSv1.3, TLSv1.2]
11:27:06.177 [main] DEBUG org.apache.hc.client5.http.ssl.SSLConnectionSocketFactory -- Enabled cipher suites: [TLS_AES_256_GCM_SHA384, TLS_AES_128_GCM_SHA256, TLS_CHACHA20_POLY1305_SHA256, TLS_ECDHE_ECDSA_WITH_AES_256_GCM_SHA384, TLS_ECDHE_ECDSA_WITH_AES_128_GCM_SHA256, TLS_ECDHE_ECDSA_WITH_CHACHA20_POLY1305_SHA256, TLS_ECDHE_RSA_WITH_AES_256_GCM_SHA384, TLS_ECDHE_RSA_WITH_CHACHA20_POLY1305_SHA256, TLS_ECDHE_RSA_WITH_AES_128_GCM_SHA256, TLS_DHE_RSA_WITH_AES_256_GCM_SHA384, TLS_DHE_RSA_WITH_CHACHA20_POLY1305_SHA256, TLS_DHE_DSS_WITH_AES_256_GCM_SHA384, TLS_DHE_RSA_WITH_AES_128_GCM_SHA256, TLS_DHE_DSS_WITH_AES_128_GCM_SHA256, TLS_ECDHE_ECDSA_WITH_AES_256_CBC_SHA384, TLS_ECDHE_RSA_WITH_AES_256_CBC_SHA384, TLS_ECDHE_ECDSA_WITH_AES_128_CBC_SHA256, TLS_ECDHE_RSA_WITH_AES_128_CBC_SHA256, TLS_DHE_RSA_WITH_AES_256_CBC_SHA256, TLS_DHE_DSS_WITH_AES_256_CBC_SHA256, TLS_DHE_RSA_WITH_AES_128_CBC_SHA256, TLS_DHE_DSS_WITH_AES_128_CBC_SHA256, TLS_ECDHE_ECDSA_WITH_AES_256_CBC_SHA, TLS_ECDHE_RSA_WITH_AES_256_CBC_SHA, TLS_ECDHE_ECDSA_WITH_AES_128_CBC_SHA, TLS_ECDHE_RSA_WITH_AES_128_CBC_SHA, TLS_DHE_RSA_WITH_AES_256_CBC_SHA, TLS_DHE_DSS_WITH_AES_256_CBC_SHA, TLS_DHE_RSA_WITH_AES_128_CBC_SHA, TLS_DHE_DSS_WITH_AES_128_CBC_SHA, TLS_RSA_WITH_AES_256_GCM_SHA384, TLS_RSA_WITH_AES_128_GCM_SHA256, TLS_RSA_WITH_AES_256_CBC_SHA256, TLS_RSA_WITH_AES_128_CBC_SHA256, TLS_RSA_WITH_AES_256_CBC_SHA, TLS_RSA_WITH_AES_128_CBC_SHA, TLS_EMPTY_RENEGOTIATION_INFO_SCSV]
11:27:06.177 [main] DEBUG org.apache.hc.client5.http.ssl.SSLConnectionSocketFactory -- Starting handshake (null)
11:27:06.232 [main] DEBUG org.apache.hc.client5.http.ssl.SSLConnectionSocketFactory -- Secure session established
11:27:06.233 [main] DEBUG org.apache.hc.client5.http.ssl.SSLConnectionSocketFactory --  negotiated protocol: TLSv1.3
11:27:06.233 [main] DEBUG org.apache.hc.client5.http.ssl.SSLConnectionSocketFactory --  negotiated cipher suite: TLS_AES_128_GCM_SHA256
11:27:06.233 [main] DEBUG org.apache.hc.client5.http.ssl.SSLConnectionSocketFactory --  peer principal: CN=*.github.io, O="GitHub, Inc.", L=San Francisco, ST=California, C=US
11:27:06.233 [main] DEBUG org.apache.hc.client5.http.ssl.SSLConnectionSocketFactory --  peer alternative names: [*.github.io, github.io, *.github.com, github.com, www.github.com, *.githubusercontent.com, githubusercontent.com]
11:27:06.233 [main] DEBUG org.apache.hc.client5.http.ssl.SSLConnectionSocketFactory --  issuer principal: CN=DigiCert TLS RSA SHA256 2020 CA1, O=DigiCert Inc, C=US
11:27:06.233 [main] DEBUG org.apache.hc.client5.http.impl.io.DefaultManagedHttpClientConnection -- http-outgoing-14 set socket timeout to 3 MINUTES
11:27:06.233 [main] DEBUG org.apache.hc.client5.http.impl.io.DefaultHttpClientConnectionOperator -- googlechromelabs.github.io:443 connected null->googlechromelabs.github.io/185.199.108.153:443 as http-outgoing-14
11:27:06.233 [main] DEBUG org.apache.hc.client5.http.impl.io.PoolingHttpClientConnectionManager -- ep-0000000015 connected http-outgoing-14
11:27:06.233 [main] DEBUG org.apache.hc.client5.http.impl.classic.InternalHttpClient -- ep-0000000015 endpoint connected
11:27:06.233 [main] DEBUG org.apache.hc.client5.http.impl.classic.MainClientExec -- ex-0000000015 executing GET /chrome-for-testing/last-known-good-versions-with-downloads.json HTTP/1.1
11:27:06.233 [main] DEBUG org.apache.hc.client5.http.protocol.RequestAddCookies -- ex-0000000015 Cookie spec selected: strict
11:27:06.233 [main] DEBUG org.apache.hc.client5.http.impl.classic.InternalHttpClient -- ep-0000000015 start execution ex-0000000015
11:27:06.233 [main] DEBUG org.apache.hc.client5.http.impl.io.PoolingHttpClientConnectionManager -- ep-0000000015 executing exchange ex-0000000015 over http-outgoing-14
11:27:06.233 [main] DEBUG org.apache.hc.client5.http.headers -- http-outgoing-14 >> GET /chrome-for-testing/last-known-good-versions-with-downloads.json HTTP/1.1
11:27:06.233 [main] DEBUG org.apache.hc.client5.http.headers -- http-outgoing-14 >> user-agent: Apache-HttpClient/5.0
11:27:06.233 [main] DEBUG org.apache.hc.client5.http.headers -- http-outgoing-14 >> accept-encoding: gzip, deflate, br
11:27:06.233 [main] DEBUG org.apache.hc.client5.http.headers -- http-outgoing-14 >> cache-control: max-age=0
11:27:06.233 [main] DEBUG org.apache.hc.client5.http.headers -- http-outgoing-14 >> connection: keep-alive
11:27:06.233 [main] DEBUG org.apache.hc.client5.http.headers -- http-outgoing-14 >> Host: googlechromelabs.github.io
11:27:06.234 [main] DEBUG org.apache.hc.client5.http.wire -- http-outgoing-14 >> "GET /chrome-for-testing/last-known-good-versions-with-downloads.json HTTP/1.1[\r][\n]"
11:27:06.234 [main] DEBUG org.apache.hc.client5.http.wire -- http-outgoing-14 >> "user-agent: Apache-HttpClient/5.0[\r][\n]"
11:27:06.234 [main] DEBUG org.apache.hc.client5.http.wire -- http-outgoing-14 >> "accept-encoding: gzip, deflate, br[\r][\n]"
11:27:06.234 [main] DEBUG org.apache.hc.client5.http.wire -- http-outgoing-14 >> "cache-control: max-age=0[\r][\n]"
11:27:06.234 [main] DEBUG org.apache.hc.client5.http.wire -- http-outgoing-14 >> "connection: keep-alive[\r][\n]"
11:27:06.234 [main] DEBUG org.apache.hc.client5.http.wire -- http-outgoing-14 >> "Host: googlechromelabs.github.io[\r][\n]"
11:27:06.234 [main] DEBUG org.apache.hc.client5.http.wire -- http-outgoing-14 >> "[\r][\n]"
11:27:06.274 [main] DEBUG org.apache.hc.client5.http.wire -- http-outgoing-14 << "HTTP/1.1 200 OK[\r][\n]"
11:27:06.274 [main] DEBUG org.apache.hc.client5.http.wire -- http-outgoing-14 << "Connection: keep-alive[\r][\n]"
11:27:06.274 [main] DEBUG org.apache.hc.client5.http.wire -- http-outgoing-14 << "Content-Length: 639[\r][\n]"
11:27:06.274 [main] DEBUG org.apache.hc.client5.http.wire -- http-outgoing-14 << "Server: GitHub.com[\r][\n]"
11:27:06.274 [main] DEBUG org.apache.hc.client5.http.wire -- http-outgoing-14 << "Content-Type: application/json; charset=utf-8[\r][\n]"
11:27:06.274 [main] DEBUG org.apache.hc.client5.http.wire -- http-outgoing-14 << "permissions-policy: interest-cohort=()[\r][\n]"
11:27:06.274 [main] DEBUG org.apache.hc.client5.http.wire -- http-outgoing-14 << "x-origin-cache: HIT[\r][\n]"
11:27:06.274 [main] DEBUG org.apache.hc.client5.http.wire -- http-outgoing-14 << "Last-Modified: Thu, 21 Dec 2023 10:09:07 GMT[\r][\n]"
11:27:06.274 [main] DEBUG org.apache.hc.client5.http.wire -- http-outgoing-14 << "Access-Control-Allow-Origin: *[\r][\n]"
11:27:06.274 [main] DEBUG org.apache.hc.client5.http.wire -- http-outgoing-14 << "Strict-Transport-Security: max-age=31556952[\r][\n]"
11:27:06.274 [main] DEBUG org.apache.hc.client5.http.wire -- http-outgoing-14 << "ETag: W/"65840ec3-22ac"[\r][\n]"
11:27:06.274 [main] DEBUG org.apache.hc.client5.http.wire -- http-outgoing-14 << "expires: Thu, 21 Dec 2023 10:19:26 GMT[\r][\n]"
11:27:06.274 [main] DEBUG org.apache.hc.client5.http.wire -- http-outgoing-14 << "Cache-Control: max-age=600[\r][\n]"
11:27:06.274 [main] DEBUG org.apache.hc.client5.http.wire -- http-outgoing-14 << "Content-Encoding: gzip[\r][\n]"
11:27:06.274 [main] DEBUG org.apache.hc.client5.http.wire -- http-outgoing-14 << "x-proxy-cache: HIT[\r][\n]"
11:27:06.274 [main] DEBUG org.apache.hc.client5.http.wire -- http-outgoing-14 << "X-GitHub-Request-Id: B6B0:13CF72:40DE00C:4208092:65840FDC[\r][\n]"
11:27:06.274 [main] DEBUG org.apache.hc.client5.http.wire -- http-outgoing-14 << "Accept-Ranges: bytes[\r][\n]"
11:27:06.274 [main] DEBUG org.apache.hc.client5.http.wire -- http-outgoing-14 << "Date: Thu, 21 Dec 2023 10:27:08 GMT[\r][\n]"
11:27:06.274 [main] DEBUG org.apache.hc.client5.http.wire -- http-outgoing-14 << "Via: 1.1 varnish[\r][\n]"
11:27:06.274 [main] DEBUG org.apache.hc.client5.http.wire -- http-outgoing-14 << "Age: 38[\r][\n]"
11:27:06.274 [main] DEBUG org.apache.hc.client5.http.wire -- http-outgoing-14 << "X-Served-By: cache-mad22039-MAD[\r][\n]"
11:27:06.274 [main] DEBUG org.apache.hc.client5.http.wire -- http-outgoing-14 << "X-Cache: HIT[\r][\n]"
11:27:06.274 [main] DEBUG org.apache.hc.client5.http.wire -- http-outgoing-14 << "X-Cache-Hits: 1[\r][\n]"
11:27:06.274 [main] DEBUG org.apache.hc.client5.http.wire -- http-outgoing-14 << "X-Timer: S1703154429.934747,VS0,VE1[\r][\n]"
11:27:06.274 [main] DEBUG org.apache.hc.client5.http.wire -- http-outgoing-14 << "Vary: Accept-Encoding[\r][\n]"
11:27:06.274 [main] DEBUG org.apache.hc.client5.http.wire -- http-outgoing-14 << "X-Fastly-Request-ID: 89c80eca8000ca185a09436da737f9b4b01daabd[\r][\n]"
11:27:06.274 [main] DEBUG org.apache.hc.client5.http.wire -- http-outgoing-14 << "[\r][\n]"
11:27:06.275 [main] DEBUG org.apache.hc.client5.http.headers -- http-outgoing-14 << HTTP/1.1 200 OK
11:27:06.275 [main] DEBUG org.apache.hc.client5.http.headers -- http-outgoing-14 << Connection: keep-alive
11:27:06.275 [main] DEBUG org.apache.hc.client5.http.headers -- http-outgoing-14 << Content-Length: 639
11:27:06.275 [main] DEBUG org.apache.hc.client5.http.headers -- http-outgoing-14 << Server: GitHub.com
11:27:06.275 [main] DEBUG org.apache.hc.client5.http.headers -- http-outgoing-14 << Content-Type: application/json; charset=utf-8
11:27:06.275 [main] DEBUG org.apache.hc.client5.http.headers -- http-outgoing-14 << permissions-policy: interest-cohort=()
11:27:06.275 [main] DEBUG org.apache.hc.client5.http.headers -- http-outgoing-14 << x-origin-cache: HIT
11:27:06.275 [main] DEBUG org.apache.hc.client5.http.headers -- http-outgoing-14 << Last-Modified: Thu, 21 Dec 2023 10:09:07 GMT
11:27:06.275 [main] DEBUG org.apache.hc.client5.http.headers -- http-outgoing-14 << Access-Control-Allow-Origin: *
11:27:06.275 [main] DEBUG org.apache.hc.client5.http.headers -- http-outgoing-14 << Strict-Transport-Security: max-age=31556952
11:27:06.275 [main] DEBUG org.apache.hc.client5.http.headers -- http-outgoing-14 << ETag: W/"65840ec3-22ac"
11:27:06.275 [main] DEBUG org.apache.hc.client5.http.headers -- http-outgoing-14 << expires: Thu, 21 Dec 2023 10:19:26 GMT
11:27:06.275 [main] DEBUG org.apache.hc.client5.http.headers -- http-outgoing-14 << Cache-Control: max-age=600
11:27:06.275 [main] DEBUG org.apache.hc.client5.http.headers -- http-outgoing-14 << Content-Encoding: gzip
11:27:06.275 [main] DEBUG org.apache.hc.client5.http.headers -- http-outgoing-14 << x-proxy-cache: HIT
11:27:06.275 [main] DEBUG org.apache.hc.client5.http.headers -- http-outgoing-14 << X-GitHub-Request-Id: B6B0:13CF72:40DE00C:4208092:65840FDC
11:27:06.275 [main] DEBUG org.apache.hc.client5.http.headers -- http-outgoing-14 << Accept-Ranges: bytes
11:27:06.275 [main] DEBUG org.apache.hc.client5.http.headers -- http-outgoing-14 << Date: Thu, 21 Dec 2023 10:27:08 GMT
11:27:06.275 [main] DEBUG org.apache.hc.client5.http.headers -- http-outgoing-14 << Via: 1.1 varnish
11:27:06.275 [main] DEBUG org.apache.hc.client5.http.headers -- http-outgoing-14 << Age: 38
11:27:06.275 [main] DEBUG org.apache.hc.client5.http.headers -- http-outgoing-14 << X-Served-By: cache-mad22039-MAD
11:27:06.275 [main] DEBUG org.apache.hc.client5.http.headers -- http-outgoing-14 << X-Cache: HIT
11:27:06.275 [main] DEBUG org.apache.hc.client5.http.headers -- http-outgoing-14 << X-Cache-Hits: 1
11:27:06.275 [main] DEBUG org.apache.hc.client5.http.headers -- http-outgoing-14 << X-Timer: S1703154429.934747,VS0,VE1
11:27:06.275 [main] DEBUG org.apache.hc.client5.http.headers -- http-outgoing-14 << Vary: Accept-Encoding
11:27:06.275 [main] DEBUG org.apache.hc.client5.http.headers -- http-outgoing-14 << X-Fastly-Request-ID: 89c80eca8000ca185a09436da737f9b4b01daabd
11:27:06.275 [main] DEBUG org.apache.hc.client5.http.impl.classic.MainClientExec -- ex-0000000015 connection can be kept alive for 3 MINUTES
11:27:06.276 [main] DEBUG org.apache.hc.client5.http.wire -- http-outgoing-14 << "[0x1f][0xffffff8b][0x8][0x0][0x0][0x0][0x0][0x0][0x0][0x3][0xffffffcd][0xffffff96][0xffffffcb][0xffffff8e][0xffffff9b]0[0x14][0xffffff86][0xfffffff7]}[0xc][0xffffffaf][0xffffffb9][0xffffffd9]D[0x10]XN[0xfffffffb][0x6][0xffffffed][0xffffffaa]U[0x17]np[0x13]$[0x3][0x11]x2m#[0xffffffde][0xffffffbd][0xffffff86][0x18][0xffffff86][0xffffff8b][0xffffffcd][0xffffffac][0xffffffe2][0xffffffc3][0xffffff8a][0xffffffe4]`[0xffffffce][0xfffffff9]A[0xffffff9f][0xffffff8e][0xffffffbe];[0x12]y[0xffffffc1][0x1a]A[0xffffff8b]+J[0x11][0x9]H[0xffffffe8]b[0xffffffe2][0xffffff92][0xffffffe0][0x1b]!ipL[0xf][0xffffff81][0x17][0xffffffc5][0xffffffc7][0xffffffef][0xffffffc8]A[0xffffffa7][0xb]-K[0xffffffc6][0x1b][0xffffff94][0xffffffde][0xffffffd1]WA[0x7f]q[0xffffffd6][0xfffffffd]RU[0xfffffff9][0xffffffa8][0xffffffaa]9[0xffffffe8][0xffffffc6][0xffffffea]&[0xffffffaf]JY[0xffffffc2]$[0xfffffff0][0xffffffe4][0xfffffff3]A[0xffffff92]x8H[0xffffffe4][0xffffffad][0xffffff9a][0xffffffdd][0xfffffff2][0xfffffff1][0x1e][0xffffff8e][0xffffffc3][0xffffff88][0xffffffc8]bV[0xffffffbd][0xffffff95][0xffffffbc][0xffffffa2]Y[0xfffffff3][0xffffffe8]WW[0xffffff85][0xffffffec][0xfffffffc][0xffffffe3][0xffffff8e][0xffffffae][0xffffff9c][0xffffff8a][0xffffffdf]U][0xffffffc8][0xffffffc3]</_[0xffffffff]D[0x7]y[0xfffffff8][0xffffffb5][0xffffffee]f][0xffffff84][0xffffffb8]6[0xffffffa9][0xffffffef][0xffffffb3][0xffffffec][0xffffffcc]2[0xffffffee][0x15][0xffffffcc];[0xffffffdf][0x4][0xfffffff6]NU[0xffffffa1]J[0xfffffffe][0xffffffa3][0xffffff8f][0xffffffba][0xffffffb8][0xffffffb2][0xffffff8d]+[0xffffffe4]K[0xffffffe6][0xffffffe5][0xffffffd9][0xffffff9f][0xffffff87][0xfffffff2]U[0xffffffeb][0xffffffe1][0xffffffa4][0xfffffffa][0xffffffeb][0xfffffffd][0xffffffcb][0xffffffaf][0xffffffa8]uf![\n]"
11:27:06.276 [main] DEBUG org.apache.hc.client5.http.wire -- http-outgoing-14 << "zri]<'[0xffffffc6][0xffffffd8]|8;[0x16]LQ[0xffffff9e][0xfffffff4]=T[0xffffffeb]i[0xc][0xffffffc3][0xfffffff7]x[0xffffffcb][0xffffffcb][0xffffff90]<#B[0xffffffdf]x8[0xffffffd7][0xffffffff]1[0xffffff8c][0x7f][0xffffffce][0x17][0xffffffe8][0x1b]O[0xffffffc6][0xf]o[0xffffffff][0xffffffd3]Qtfu.[0x19][0x7]c[0xfffffff4]1~7[0xffffffa4][0xffffffaa]8[0xfffffffb][0xffffffe0]u[0x12][0x6][0xffffff92]Z[0x15][0x3][0xffffff96][0xffffffdd][0xfffffff7][0x10]+[0xffffff82][0xffffffdd][0xb][0xffffffa3][0x19]gM[0xffffffe3]6[0x17][0xffffffc6]9[0x18][0xffffffca][0xffffff8b][0x1c][0xffffffbb]az[0xffffff99]k[0x1f]p[0xffffffeb]RAR[0xffffffbe][0xffffffcc][0x3][0xffffff8b][0xffffffbb]&[0xffffffcd][0xffffffc8]}[0xffffffdb]:[0xffffffe8][0xffffff85][0x9]:7[0xffffff96][0xffffffbe]2[0xfffffff7][0x15][0xffffffdc]u[0xffffffc7]Q[0xffffffec][0xffffffe1]h[0xffffffa9]+a[0xffffff88][0xffffff83][0x18]BW&[0xffffff99][0x0]me[0xffffff9a][0x2]RV[0xffffff96]9[0xffffffec][0xffffffbb][0xffffffca]4[0xffffff81]}UYL[0xffffff87]7[0x15]3[0xffffff9e][0xfffffff6]Ee[0xb]R[0xfffffffb][0xffffff9e]bF[0xffffffd5][0xffffffae][0xffffffa6][0xffffff98][0xffffff80][0xffffffb5]i)&l[0xfffffff7]")[0x1b]K[0x16][0xffffffce]Q6w.[0xffffff9c][0xffffffa2]l[0xffffffac]`[0x18]C1nd[0x8]A1.[0xffffffe8][0xf][0xfffffffc][0xffffffe4][0xb][0xffffffbb][0xffffffcd][0xfffffff5][0xffffffa4]+[0xffffffcc][0xffffffed][0xffffff84][0xfffffff4][0xffffffad][0xffffff8f][0xfffffff2][0xffffffb2][0xffffff92][0xffffff93](>[0x1c]![0xffffffe4][0xffffffe4]=[0x12][0xffffffa0][0xffffff9b]LB@[0xffffffaa][0xffffffc9]"[0xffffff86]}3[0xffffff99][0x4][0xffffffb0]/&[0xfffffff3][0xffffffe1][0xfffffff0]^b$[0xffffffd3][0xffffffbe][0xffffff96]l[0xfffffff0]i[0xffffffdf]J[0xffffff8c][0xffffff94][0xffffffda][0xffffff95][0x12][0x3][0xffffffab]6[0xffffff9d][0xffffffc4]@[0xffffffec]^[0xffffff94][0xffffffc4][0xffffffbc]Z[0xffffffe1][0xffffff8c]dk[0xffffffd3][0xffffffc2][0x9][0xffffff89]y[0xfffffff1][0xffffffc2][0xfffffff8][0xffffff88]i[0xf]C[0xffffffe8][0xffffff88]i-[0x7f]`#[0xffffff9f]iI[0xffffffeb][0xffffffbf]s!Q5[0xffffff9d][0xffffff93]$[0xffffffb1][0xffffffc6]I[0xffffff92][0xffffffe8][0xffffff80][0xffffffe1][0xffffff9c][0xffffffa4][0xffffff8b][0x4][0xffffffee]$}[0x8]x'[0x19]c@9I[0x1f][0x0][0xffffffca]I[0xffffff86][0xffffffe1]{q[0x12][\r][0xffffff99]PN[0xffffffa2][0xffffffe5][0x13][0xffffffca]I4[0xffffff94]B8[0xffffffc9][0xffffff8a]U[0xfffffffb]N[0xffffffb2]"v_N[0xffffffa2][[0xffffffad][0xffffffd0]N[0xffffffa2][0xffffffdf][0xffffffb4][0xffffffd0]N[0xffffffa2][[0xffffffbc][0xffffff90]N[0xffffffb2][0xffffffde][0xffffffc3]pN[0xffffffb2]^[0xffffffcb][0xffffff9b]N[0xffffffd2][0xffffffb6][0xffffff9f][0xfffffffe][0x3][0x1f][0x19][0xb]V[0xffffffac]"[0x0][0x0]"
11:27:06.279 [main] DEBUG org.apache.hc.client5.http.impl.classic.InternalHttpClient -- ep-0000000015 releasing valid endpoint
11:27:06.279 [main] DEBUG org.apache.hc.client5.http.impl.io.PoolingHttpClientConnectionManager -- ep-0000000015 releasing endpoint
11:27:06.279 [main] DEBUG org.apache.hc.client5.http.impl.io.PoolingHttpClientConnectionManager -- ep-0000000015 connection http-outgoing-14 can be kept alive for 3 MINUTES
11:27:06.279 [main] DEBUG org.apache.hc.client5.http.impl.io.PoolingHttpClientConnectionManager -- ep-0000000015 connection released [route: {s}->https://googlechromelabs.github.io:443][total available: 2; route allocated: 2 of 5; total allocated: 3 of 25]
11:27:06.286 [main] DEBUG io.github.bonigarcia.wdm.WebDriverManager -- Driver chromedriver 120.0.6099.109 found in cache
11:27:06.287 [main] INFO io.github.bonigarcia.wdm.WebDriverManager -- Exporting webdriver.chrome.driver as C:\Users\info\.cache\selenium\chromedriver\win64\120.0.6099.109\chromedriver.exe
11:27:08.098 [main] DEBUG io.github.bonigarcia.wdm.WebDriverManager -- Using WebDriverManager 5.6.2
11:27:08.132 [main] WARN io.github.bonigarcia.wdm.versions.VersionDetector -- Exception reading CfT URL ('null') to get version of chromedriver (For input string: "120.0.6099.63")
11:27:08.132 [main] DEBUG org.apache.hc.client5.http.impl.classic.InternalHttpClient -- ex-0000000016 preparing request execution
11:27:08.132 [main] DEBUG org.apache.hc.client5.http.impl.classic.ProtocolExec -- ex-0000000016 target auth state: UNCHALLENGED
11:27:08.132 [main] DEBUG org.apache.hc.client5.http.impl.classic.ProtocolExec -- ex-0000000016 proxy auth state: UNCHALLENGED
11:27:08.132 [main] DEBUG org.apache.hc.client5.http.impl.classic.ConnectExec -- ex-0000000016 acquiring connection with route {s}->https://googlechromelabs.github.io:443
11:27:08.132 [main] DEBUG org.apache.hc.client5.http.impl.classic.InternalHttpClient -- ex-0000000016 acquiring endpoint (3 MINUTES)
11:27:08.132 [main] DEBUG org.apache.hc.client5.http.impl.io.PoolingHttpClientConnectionManager -- ex-0000000016 endpoint lease request (3 MINUTES) [route: {s}->https://googlechromelabs.github.io:443][total available: 0; route allocated: 0 of 5; total allocated: 0 of 25]
11:27:08.132 [main] DEBUG org.apache.hc.client5.http.impl.io.PoolingHttpClientConnectionManager -- ex-0000000016 endpoint leased [route: {s}->https://googlechromelabs.github.io:443][total available: 0; route allocated: 1 of 5; total allocated: 1 of 25]
11:27:08.133 [main] DEBUG org.apache.hc.client5.http.impl.io.PoolingHttpClientConnectionManager -- ex-0000000016 acquired ep-0000000016
11:27:08.133 [main] DEBUG org.apache.hc.client5.http.impl.classic.InternalHttpClient -- ex-0000000016 acquired endpoint ep-0000000016
11:27:08.133 [main] DEBUG org.apache.hc.client5.http.impl.classic.ConnectExec -- ex-0000000016 opening connection {s}->https://googlechromelabs.github.io:443
11:27:08.133 [main] DEBUG org.apache.hc.client5.http.impl.classic.InternalHttpClient -- ep-0000000016 connecting endpoint (null)
11:27:08.133 [main] DEBUG org.apache.hc.client5.http.impl.io.PoolingHttpClientConnectionManager -- ep-0000000016 connecting endpoint to https://googlechromelabs.github.io:443 (30 SECONDS)
11:27:08.133 [main] DEBUG org.apache.hc.client5.http.impl.io.DefaultHttpClientConnectionOperator -- googlechromelabs.github.io resolving remote address
11:27:08.133 [main] DEBUG org.apache.hc.client5.http.impl.io.DefaultHttpClientConnectionOperator -- googlechromelabs.github.io resolved to [googlechromelabs.github.io/185.199.108.153, googlechromelabs.github.io/185.199.111.153, googlechromelabs.github.io/185.199.110.153, googlechromelabs.github.io/185.199.109.153]
11:27:08.133 [main] DEBUG org.apache.hc.client5.http.impl.io.DefaultHttpClientConnectionOperator -- googlechromelabs.github.io:443 connecting null->googlechromelabs.github.io/185.199.108.153:443 (30 SECONDS)
11:27:08.133 [main] DEBUG org.apache.hc.client5.http.ssl.SSLConnectionSocketFactory -- Connecting socket to googlechromelabs.github.io/185.199.108.153:443 with timeout 30 SECONDS
11:27:08.203 [main] DEBUG org.apache.hc.client5.http.ssl.SSLConnectionSocketFactory -- Enabled protocols: [TLSv1.3, TLSv1.2]
11:27:08.203 [main] DEBUG org.apache.hc.client5.http.ssl.SSLConnectionSocketFactory -- Enabled cipher suites: [TLS_AES_256_GCM_SHA384, TLS_AES_128_GCM_SHA256, TLS_CHACHA20_POLY1305_SHA256, TLS_ECDHE_ECDSA_WITH_AES_256_GCM_SHA384, TLS_ECDHE_ECDSA_WITH_AES_128_GCM_SHA256, TLS_ECDHE_ECDSA_WITH_CHACHA20_POLY1305_SHA256, TLS_ECDHE_RSA_WITH_AES_256_GCM_SHA384, TLS_ECDHE_RSA_WITH_CHACHA20_POLY1305_SHA256, TLS_ECDHE_RSA_WITH_AES_128_GCM_SHA256, TLS_DHE_RSA_WITH_AES_256_GCM_SHA384, TLS_DHE_RSA_WITH_CHACHA20_POLY1305_SHA256, TLS_DHE_DSS_WITH_AES_256_GCM_SHA384, TLS_DHE_RSA_WITH_AES_128_GCM_SHA256, TLS_DHE_DSS_WITH_AES_128_GCM_SHA256, TLS_ECDHE_ECDSA_WITH_AES_256_CBC_SHA384, TLS_ECDHE_RSA_WITH_AES_256_CBC_SHA384, TLS_ECDHE_ECDSA_WITH_AES_128_CBC_SHA256, TLS_ECDHE_RSA_WITH_AES_128_CBC_SHA256, TLS_DHE_RSA_WITH_AES_256_CBC_SHA256, TLS_DHE_DSS_WITH_AES_256_CBC_SHA256, TLS_DHE_RSA_WITH_AES_128_CBC_SHA256, TLS_DHE_DSS_WITH_AES_128_CBC_SHA256, TLS_ECDHE_ECDSA_WITH_AES_256_CBC_SHA, TLS_ECDHE_RSA_WITH_AES_256_CBC_SHA, TLS_ECDHE_ECDSA_WITH_AES_128_CBC_SHA, TLS_ECDHE_RSA_WITH_AES_128_CBC_SHA, TLS_DHE_RSA_WITH_AES_256_CBC_SHA, TLS_DHE_DSS_WITH_AES_256_CBC_SHA, TLS_DHE_RSA_WITH_AES_128_CBC_SHA, TLS_DHE_DSS_WITH_AES_128_CBC_SHA, TLS_RSA_WITH_AES_256_GCM_SHA384, TLS_RSA_WITH_AES_128_GCM_SHA256, TLS_RSA_WITH_AES_256_CBC_SHA256, TLS_RSA_WITH_AES_128_CBC_SHA256, TLS_RSA_WITH_AES_256_CBC_SHA, TLS_RSA_WITH_AES_128_CBC_SHA, TLS_EMPTY_RENEGOTIATION_INFO_SCSV]
11:27:08.203 [main] DEBUG org.apache.hc.client5.http.ssl.SSLConnectionSocketFactory -- Starting handshake (null)
11:27:08.274 [main] DEBUG org.apache.hc.client5.http.ssl.SSLConnectionSocketFactory -- Secure session established
11:27:08.274 [main] DEBUG org.apache.hc.client5.http.ssl.SSLConnectionSocketFactory --  negotiated protocol: TLSv1.3
11:27:08.274 [main] DEBUG org.apache.hc.client5.http.ssl.SSLConnectionSocketFactory --  negotiated cipher suite: TLS_AES_128_GCM_SHA256
11:27:08.274 [main] DEBUG org.apache.hc.client5.http.ssl.SSLConnectionSocketFactory --  peer principal: CN=*.github.io, O="GitHub, Inc.", L=San Francisco, ST=California, C=US
11:27:08.274 [main] DEBUG org.apache.hc.client5.http.ssl.SSLConnectionSocketFactory --  peer alternative names: [*.github.io, github.io, *.github.com, github.com, www.github.com, *.githubusercontent.com, githubusercontent.com]
11:27:08.274 [main] DEBUG org.apache.hc.client5.http.ssl.SSLConnectionSocketFactory --  issuer principal: CN=DigiCert TLS RSA SHA256 2020 CA1, O=DigiCert Inc, C=US
11:27:08.274 [main] DEBUG org.apache.hc.client5.http.impl.io.DefaultManagedHttpClientConnection -- http-outgoing-15 set socket timeout to 3 MINUTES
11:27:08.275 [main] DEBUG org.apache.hc.client5.http.impl.io.DefaultHttpClientConnectionOperator -- googlechromelabs.github.io:443 connected null->googlechromelabs.github.io/185.199.108.153:443 as http-outgoing-15
11:27:08.275 [main] DEBUG org.apache.hc.client5.http.impl.io.PoolingHttpClientConnectionManager -- ep-0000000016 connected http-outgoing-15
11:27:08.275 [main] DEBUG org.apache.hc.client5.http.impl.classic.InternalHttpClient -- ep-0000000016 endpoint connected
11:27:08.275 [main] DEBUG org.apache.hc.client5.http.impl.classic.MainClientExec -- ex-0000000016 executing GET /chrome-for-testing/LATEST_RELEASE_120.0.6099.63 HTTP/1.1
11:27:08.275 [main] DEBUG org.apache.hc.client5.http.protocol.RequestAddCookies -- ex-0000000016 Cookie spec selected: strict
11:27:08.275 [main] DEBUG org.apache.hc.client5.http.impl.classic.InternalHttpClient -- ep-0000000016 start execution ex-0000000016
11:27:08.275 [main] DEBUG org.apache.hc.client5.http.impl.io.PoolingHttpClientConnectionManager -- ep-0000000016 executing exchange ex-0000000016 over http-outgoing-15
11:27:08.275 [main] DEBUG org.apache.hc.client5.http.headers -- http-outgoing-15 >> GET /chrome-for-testing/LATEST_RELEASE_120.0.6099.63 HTTP/1.1
11:27:08.275 [main] DEBUG org.apache.hc.client5.http.headers -- http-outgoing-15 >> user-agent: Apache-HttpClient/5.0
11:27:08.275 [main] DEBUG org.apache.hc.client5.http.headers -- http-outgoing-15 >> accept-encoding: gzip, deflate, br
11:27:08.275 [main] DEBUG org.apache.hc.client5.http.headers -- http-outgoing-15 >> cache-control: max-age=0
11:27:08.275 [main] DEBUG org.apache.hc.client5.http.headers -- http-outgoing-15 >> connection: keep-alive
11:27:08.275 [main] DEBUG org.apache.hc.client5.http.headers -- http-outgoing-15 >> Host: googlechromelabs.github.io
11:27:08.275 [main] DEBUG org.apache.hc.client5.http.wire -- http-outgoing-15 >> "GET /chrome-for-testing/LATEST_RELEASE_120.0.6099.63 HTTP/1.1[\r][\n]"
11:27:08.275 [main] DEBUG org.apache.hc.client5.http.wire -- http-outgoing-15 >> "user-agent: Apache-HttpClient/5.0[\r][\n]"
11:27:08.275 [main] DEBUG org.apache.hc.client5.http.wire -- http-outgoing-15 >> "accept-encoding: gzip, deflate, br[\r][\n]"
11:27:08.275 [main] DEBUG org.apache.hc.client5.http.wire -- http-outgoing-15 >> "cache-control: max-age=0[\r][\n]"
11:27:08.275 [main] DEBUG org.apache.hc.client5.http.wire -- http-outgoing-15 >> "connection: keep-alive[\r][\n]"
11:27:08.275 [main] DEBUG org.apache.hc.client5.http.wire -- http-outgoing-15 >> "Host: googlechromelabs.github.io[\r][\n]"
11:27:08.275 [main] DEBUG org.apache.hc.client5.http.wire -- http-outgoing-15 >> "[\r][\n]"
11:27:08.313 [main] DEBUG org.apache.hc.client5.http.wire -- http-outgoing-15 << "HTTP/1.1 404 Not Found[\r][\n]"
11:27:08.313 [main] DEBUG org.apache.hc.client5.http.wire -- http-outgoing-15 << "Connection: keep-alive[\r][\n]"
11:27:08.313 [main] DEBUG org.apache.hc.client5.http.wire -- http-outgoing-15 << "Content-Length: 5254[\r][\n]"
11:27:08.313 [main] DEBUG org.apache.hc.client5.http.wire -- http-outgoing-15 << "Server: GitHub.com[\r][\n]"
11:27:08.313 [main] DEBUG org.apache.hc.client5.http.wire -- http-outgoing-15 << "Content-Type: text/html; charset=utf-8[\r][\n]"
11:27:08.313 [main] DEBUG org.apache.hc.client5.http.wire -- http-outgoing-15 << "permissions-policy: interest-cohort=()[\r][\n]"
11:27:08.313 [main] DEBUG org.apache.hc.client5.http.wire -- http-outgoing-15 << "x-origin-cache: HIT[\r][\n]"
11:27:08.313 [main] DEBUG org.apache.hc.client5.http.wire -- http-outgoing-15 << "Access-Control-Allow-Origin: *[\r][\n]"
11:27:08.313 [main] DEBUG org.apache.hc.client5.http.wire -- http-outgoing-15 << "Strict-Transport-Security: max-age=31556952[\r][\n]"
11:27:08.313 [main] DEBUG org.apache.hc.client5.http.wire -- http-outgoing-15 << "ETag: W/"64d248ca-24a3"[\r][\n]"
11:27:08.313 [main] DEBUG org.apache.hc.client5.http.wire -- http-outgoing-15 << "Content-Security-Policy: default-src 'none'; style-src 'unsafe-inline'; img-src data:; connect-src 'self'[\r][\n]"
11:27:08.313 [main] DEBUG org.apache.hc.client5.http.wire -- http-outgoing-15 << "Content-Encoding: gzip[\r][\n]"
11:27:08.313 [main] DEBUG org.apache.hc.client5.http.wire -- http-outgoing-15 << "x-proxy-cache: MISS[\r][\n]"
11:27:08.313 [main] DEBUG org.apache.hc.client5.http.wire -- http-outgoing-15 << "X-GitHub-Request-Id: 4334:13C5B4:3D3D511:3E5167D:658410B8[\r][\n]"
11:27:08.313 [main] DEBUG org.apache.hc.client5.http.wire -- http-outgoing-15 << "Accept-Ranges: bytes[\r][\n]"
11:27:08.313 [main] DEBUG org.apache.hc.client5.http.wire -- http-outgoing-15 << "Date: Thu, 21 Dec 2023 10:27:10 GMT[\r][\n]"
11:27:08.313 [main] DEBUG org.apache.hc.client5.http.wire -- http-outgoing-15 << "Via: 1.1 varnish[\r][\n]"
11:27:08.313 [main] DEBUG org.apache.hc.client5.http.wire -- http-outgoing-15 << "Age: 582[\r][\n]"
11:27:08.313 [main] DEBUG org.apache.hc.client5.http.wire -- http-outgoing-15 << "X-Served-By: cache-mad22038-MAD[\r][\n]"
11:27:08.313 [main] DEBUG org.apache.hc.client5.http.wire -- http-outgoing-15 << "X-Cache: HIT[\r][\n]"
11:27:08.313 [main] DEBUG org.apache.hc.client5.http.wire -- http-outgoing-15 << "X-Cache-Hits: 1[\r][\n]"
11:27:08.313 [main] DEBUG org.apache.hc.client5.http.wire -- http-outgoing-15 << "X-Timer: S1703154431.973650,VS0,VE1[\r][\n]"
11:27:08.313 [main] DEBUG org.apache.hc.client5.http.wire -- http-outgoing-15 << "Vary: Accept-Encoding[\r][\n]"
11:27:08.313 [main] DEBUG org.apache.hc.client5.http.wire -- http-outgoing-15 << "X-Fastly-Request-ID: b8bbb8ef2101955b6765bf6f1a6fcbf417c5ef8a[\r][\n]"
11:27:08.313 [main] DEBUG org.apache.hc.client5.http.wire -- http-outgoing-15 << "[\r][\n]"
11:27:08.313 [main] DEBUG org.apache.hc.client5.http.headers -- http-outgoing-15 << HTTP/1.1 404 Not Found
11:27:08.313 [main] DEBUG org.apache.hc.client5.http.headers -- http-outgoing-15 << Connection: keep-alive
11:27:08.313 [main] DEBUG org.apache.hc.client5.http.headers -- http-outgoing-15 << Content-Length: 5254
11:27:08.313 [main] DEBUG org.apache.hc.client5.http.headers -- http-outgoing-15 << Server: GitHub.com
11:27:08.313 [main] DEBUG org.apache.hc.client5.http.headers -- http-outgoing-15 << Content-Type: text/html; charset=utf-8
11:27:08.313 [main] DEBUG org.apache.hc.client5.http.headers -- http-outgoing-15 << permissions-policy: interest-cohort=()
11:27:08.313 [main] DEBUG org.apache.hc.client5.http.headers -- http-outgoing-15 << x-origin-cache: HIT
11:27:08.313 [main] DEBUG org.apache.hc.client5.http.headers -- http-outgoing-15 << Access-Control-Allow-Origin: *
11:27:08.313 [main] DEBUG org.apache.hc.client5.http.headers -- http-outgoing-15 << Strict-Transport-Security: max-age=31556952
11:27:08.313 [main] DEBUG org.apache.hc.client5.http.headers -- http-outgoing-15 << ETag: W/"64d248ca-24a3"
11:27:08.313 [main] DEBUG org.apache.hc.client5.http.headers -- http-outgoing-15 << Content-Security-Policy: default-src 'none'; style-src 'unsafe-inline'; img-src data:; connect-src 'self'
11:27:08.313 [main] DEBUG org.apache.hc.client5.http.headers -- http-outgoing-15 << Content-Encoding: gzip
11:27:08.313 [main] DEBUG org.apache.hc.client5.http.headers -- http-outgoing-15 << x-proxy-cache: MISS
11:27:08.313 [main] DEBUG org.apache.hc.client5.http.headers -- http-outgoing-15 << X-GitHub-Request-Id: 4334:13C5B4:3D3D511:3E5167D:658410B8
11:27:08.313 [main] DEBUG org.apache.hc.client5.http.headers -- http-outgoing-15 << Accept-Ranges: bytes
11:27:08.313 [main] DEBUG org.apache.hc.client5.http.headers -- http-outgoing-15 << Date: Thu, 21 Dec 2023 10:27:10 GMT
11:27:08.313 [main] DEBUG org.apache.hc.client5.http.headers -- http-outgoing-15 << Via: 1.1 varnish
11:27:08.313 [main] DEBUG org.apache.hc.client5.http.headers -- http-outgoing-15 << Age: 582
11:27:08.313 [main] DEBUG org.apache.hc.client5.http.headers -- http-outgoing-15 << X-Served-By: cache-mad22038-MAD
11:27:08.313 [main] DEBUG org.apache.hc.client5.http.headers -- http-outgoing-15 << X-Cache: HIT
11:27:08.313 [main] DEBUG org.apache.hc.client5.http.headers -- http-outgoing-15 << X-Cache-Hits: 1
11:27:08.313 [main] DEBUG org.apache.hc.client5.http.headers -- http-outgoing-15 << X-Timer: S1703154431.973650,VS0,VE1
11:27:08.313 [main] DEBUG org.apache.hc.client5.http.headers -- http-outgoing-15 << Vary: Accept-Encoding
11:27:08.313 [main] DEBUG org.apache.hc.client5.http.headers -- http-outgoing-15 << X-Fastly-Request-ID: b8bbb8ef2101955b6765bf6f1a6fcbf417c5ef8a
11:27:08.314 [main] DEBUG org.apache.hc.client5.http.impl.classic.MainClientExec -- ex-0000000016 connection can be kept alive for 3 MINUTES
11:27:08.314 [main] ERROR io.github.bonigarcia.wdm.online.HttpClient -- Error HTTP 404 executing https://googlechromelabs.github.io/chrome-for-testing/LATEST_RELEASE_120.0.6099.63
11:27:08.314 [main] WARN io.github.bonigarcia.wdm.versions.VersionDetector -- Exception reading https://googlechromelabs.github.io/chrome-for-testing/LATEST_RELEASE_120.0.6099.63 to get latest version of chromedriver (Error HTTP 404 executing https://googlechromelabs.github.io/chrome-for-testing/LATEST_RELEASE_120.0.6099.63)
11:27:08.314 [main] DEBUG io.github.bonigarcia.wdm.versions.VersionDetector -- Getting driver version for chrome120.0.6099.63 from online versions.properties
11:27:08.315 [main] DEBUG org.apache.hc.client5.http.impl.classic.InternalHttpClient -- ex-0000000017 preparing request execution
11:27:08.315 [main] DEBUG org.apache.hc.client5.http.impl.classic.ProtocolExec -- ex-0000000017 target auth state: UNCHALLENGED
11:27:08.315 [main] DEBUG org.apache.hc.client5.http.impl.classic.ProtocolExec -- ex-0000000017 proxy auth state: UNCHALLENGED
11:27:08.315 [main] DEBUG org.apache.hc.client5.http.impl.classic.ConnectExec -- ex-0000000017 acquiring connection with route {s}->https://raw.githubusercontent.com:443
11:27:08.315 [main] DEBUG org.apache.hc.client5.http.impl.classic.InternalHttpClient -- ex-0000000017 acquiring endpoint (3 MINUTES)
11:27:08.315 [main] DEBUG org.apache.hc.client5.http.impl.io.PoolingHttpClientConnectionManager -- ex-0000000017 endpoint lease request (3 MINUTES) [route: {s}->https://raw.githubusercontent.com:443][total available: 0; route allocated: 0 of 5; total allocated: 1 of 25]
11:27:08.315 [main] DEBUG org.apache.hc.client5.http.impl.io.PoolingHttpClientConnectionManager -- ex-0000000017 endpoint leased [route: {s}->https://raw.githubusercontent.com:443][total available: 0; route allocated: 1 of 5; total allocated: 2 of 25]
11:27:08.315 [main] DEBUG org.apache.hc.client5.http.impl.io.PoolingHttpClientConnectionManager -- ex-0000000017 acquired ep-0000000017
11:27:08.315 [main] DEBUG org.apache.hc.client5.http.impl.classic.InternalHttpClient -- ex-0000000017 acquired endpoint ep-0000000017
11:27:08.316 [main] DEBUG org.apache.hc.client5.http.impl.classic.ConnectExec -- ex-0000000017 opening connection {s}->https://raw.githubusercontent.com:443
11:27:08.316 [main] DEBUG org.apache.hc.client5.http.impl.classic.InternalHttpClient -- ep-0000000017 connecting endpoint (null)
11:27:08.316 [main] DEBUG org.apache.hc.client5.http.impl.io.PoolingHttpClientConnectionManager -- ep-0000000017 connecting endpoint to https://raw.githubusercontent.com:443 (30 SECONDS)
11:27:08.316 [main] DEBUG org.apache.hc.client5.http.impl.io.DefaultHttpClientConnectionOperator -- raw.githubusercontent.com resolving remote address
11:27:08.316 [main] DEBUG org.apache.hc.client5.http.impl.io.DefaultHttpClientConnectionOperator -- raw.githubusercontent.com resolved to [raw.githubusercontent.com/185.199.111.133, raw.githubusercontent.com/185.199.108.133, raw.githubusercontent.com/185.199.109.133, raw.githubusercontent.com/185.199.110.133]
11:27:08.316 [main] DEBUG org.apache.hc.client5.http.impl.io.DefaultHttpClientConnectionOperator -- raw.githubusercontent.com:443 connecting null->raw.githubusercontent.com/185.199.111.133:443 (30 SECONDS)
11:27:08.316 [main] DEBUG org.apache.hc.client5.http.ssl.SSLConnectionSocketFactory -- Connecting socket to raw.githubusercontent.com/185.199.111.133:443 with timeout 30 SECONDS
11:27:08.372 [main] DEBUG org.apache.hc.client5.http.ssl.SSLConnectionSocketFactory -- Enabled protocols: [TLSv1.3, TLSv1.2]
11:27:08.372 [main] DEBUG org.apache.hc.client5.http.ssl.SSLConnectionSocketFactory -- Enabled cipher suites: [TLS_AES_256_GCM_SHA384, TLS_AES_128_GCM_SHA256, TLS_CHACHA20_POLY1305_SHA256, TLS_ECDHE_ECDSA_WITH_AES_256_GCM_SHA384, TLS_ECDHE_ECDSA_WITH_AES_128_GCM_SHA256, TLS_ECDHE_ECDSA_WITH_CHACHA20_POLY1305_SHA256, TLS_ECDHE_RSA_WITH_AES_256_GCM_SHA384, TLS_ECDHE_RSA_WITH_CHACHA20_POLY1305_SHA256, TLS_ECDHE_RSA_WITH_AES_128_GCM_SHA256, TLS_DHE_RSA_WITH_AES_256_GCM_SHA384, TLS_DHE_RSA_WITH_CHACHA20_POLY1305_SHA256, TLS_DHE_DSS_WITH_AES_256_GCM_SHA384, TLS_DHE_RSA_WITH_AES_128_GCM_SHA256, TLS_DHE_DSS_WITH_AES_128_GCM_SHA256, TLS_ECDHE_ECDSA_WITH_AES_256_CBC_SHA384, TLS_ECDHE_RSA_WITH_AES_256_CBC_SHA384, TLS_ECDHE_ECDSA_WITH_AES_128_CBC_SHA256, TLS_ECDHE_RSA_WITH_AES_128_CBC_SHA256, TLS_DHE_RSA_WITH_AES_256_CBC_SHA256, TLS_DHE_DSS_WITH_AES_256_CBC_SHA256, TLS_DHE_RSA_WITH_AES_128_CBC_SHA256, TLS_DHE_DSS_WITH_AES_128_CBC_SHA256, TLS_ECDHE_ECDSA_WITH_AES_256_CBC_SHA, TLS_ECDHE_RSA_WITH_AES_256_CBC_SHA, TLS_ECDHE_ECDSA_WITH_AES_128_CBC_SHA, TLS_ECDHE_RSA_WITH_AES_128_CBC_SHA, TLS_DHE_RSA_WITH_AES_256_CBC_SHA, TLS_DHE_DSS_WITH_AES_256_CBC_SHA, TLS_DHE_RSA_WITH_AES_128_CBC_SHA, TLS_DHE_DSS_WITH_AES_128_CBC_SHA, TLS_RSA_WITH_AES_256_GCM_SHA384, TLS_RSA_WITH_AES_128_GCM_SHA256, TLS_RSA_WITH_AES_256_CBC_SHA256, TLS_RSA_WITH_AES_128_CBC_SHA256, TLS_RSA_WITH_AES_256_CBC_SHA, TLS_RSA_WITH_AES_128_CBC_SHA, TLS_EMPTY_RENEGOTIATION_INFO_SCSV]
11:27:08.372 [main] DEBUG org.apache.hc.client5.http.ssl.SSLConnectionSocketFactory -- Starting handshake (null)
11:27:08.446 [main] DEBUG org.apache.hc.client5.http.ssl.SSLConnectionSocketFactory -- Secure session established
11:27:08.446 [main] DEBUG org.apache.hc.client5.http.ssl.SSLConnectionSocketFactory --  negotiated protocol: TLSv1.3
11:27:08.446 [main] DEBUG org.apache.hc.client5.http.ssl.SSLConnectionSocketFactory --  negotiated cipher suite: TLS_AES_128_GCM_SHA256
11:27:08.446 [main] DEBUG org.apache.hc.client5.http.ssl.SSLConnectionSocketFactory --  peer principal: CN=*.github.io, O="GitHub, Inc.", L=San Francisco, ST=California, C=US
11:27:08.446 [main] DEBUG org.apache.hc.client5.http.ssl.SSLConnectionSocketFactory --  peer alternative names: [*.github.io, github.io, *.github.com, github.com, www.github.com, *.githubusercontent.com, githubusercontent.com]
11:27:08.446 [main] DEBUG org.apache.hc.client5.http.ssl.SSLConnectionSocketFactory --  issuer principal: CN=DigiCert TLS RSA SHA256 2020 CA1, O=DigiCert Inc, C=US
11:27:08.446 [main] DEBUG org.apache.hc.client5.http.impl.io.DefaultManagedHttpClientConnection -- http-outgoing-16 set socket timeout to 3 MINUTES
11:27:08.446 [main] DEBUG org.apache.hc.client5.http.impl.io.DefaultHttpClientConnectionOperator -- raw.githubusercontent.com:443 connected null->raw.githubusercontent.com/185.199.111.133:443 as http-outgoing-16
11:27:08.446 [main] DEBUG org.apache.hc.client5.http.impl.io.PoolingHttpClientConnectionManager -- ep-0000000017 connected http-outgoing-16
11:27:08.446 [main] DEBUG org.apache.hc.client5.http.impl.classic.InternalHttpClient -- ep-0000000017 endpoint connected
11:27:08.446 [main] DEBUG org.apache.hc.client5.http.impl.classic.MainClientExec -- ex-0000000017 executing GET /bonigarcia/webdrivermanager/master/src/main/resources/versions.properties HTTP/1.1
11:27:08.446 [main] DEBUG org.apache.hc.client5.http.protocol.RequestAddCookies -- ex-0000000017 Cookie spec selected: strict
11:27:08.446 [main] DEBUG org.apache.hc.client5.http.impl.classic.InternalHttpClient -- ep-0000000017 start execution ex-0000000017
11:27:08.446 [main] DEBUG org.apache.hc.client5.http.impl.io.PoolingHttpClientConnectionManager -- ep-0000000017 executing exchange ex-0000000017 over http-outgoing-16
11:27:08.446 [main] DEBUG org.apache.hc.client5.http.headers -- http-outgoing-16 >> GET /bonigarcia/webdrivermanager/master/src/main/resources/versions.properties HTTP/1.1
11:27:08.446 [main] DEBUG org.apache.hc.client5.http.headers -- http-outgoing-16 >> user-agent: Apache-HttpClient/5.0
11:27:08.446 [main] DEBUG org.apache.hc.client5.http.headers -- http-outgoing-16 >> accept-encoding: gzip, deflate, br
11:27:08.446 [main] DEBUG org.apache.hc.client5.http.headers -- http-outgoing-16 >> cache-control: max-age=0
11:27:08.447 [main] DEBUG org.apache.hc.client5.http.headers -- http-outgoing-16 >> connection: keep-alive
11:27:08.447 [main] DEBUG org.apache.hc.client5.http.headers -- http-outgoing-16 >> Host: raw.githubusercontent.com
11:27:08.447 [main] DEBUG org.apache.hc.client5.http.wire -- http-outgoing-16 >> "GET /bonigarcia/webdrivermanager/master/src/main/resources/versions.properties HTTP/1.1[\r][\n]"
11:27:08.447 [main] DEBUG org.apache.hc.client5.http.wire -- http-outgoing-16 >> "user-agent: Apache-HttpClient/5.0[\r][\n]"
11:27:08.447 [main] DEBUG org.apache.hc.client5.http.wire -- http-outgoing-16 >> "accept-encoding: gzip, deflate, br[\r][\n]"
11:27:08.447 [main] DEBUG org.apache.hc.client5.http.wire -- http-outgoing-16 >> "cache-control: max-age=0[\r][\n]"
11:27:08.447 [main] DEBUG org.apache.hc.client5.http.wire -- http-outgoing-16 >> "connection: keep-alive[\r][\n]"
11:27:08.447 [main] DEBUG org.apache.hc.client5.http.wire -- http-outgoing-16 >> "Host: raw.githubusercontent.com[\r][\n]"
11:27:08.447 [main] DEBUG org.apache.hc.client5.http.wire -- http-outgoing-16 >> "[\r][\n]"
11:27:08.495 [main] DEBUG org.apache.hc.client5.http.wire -- http-outgoing-16 << "HTTP/1.1 200 OK[\r][\n]"
11:27:08.495 [main] DEBUG org.apache.hc.client5.http.wire -- http-outgoing-16 << "Connection: keep-alive[\r][\n]"
11:27:08.495 [main] DEBUG org.apache.hc.client5.http.wire -- http-outgoing-16 << "Content-Length: 1653[\r][\n]"
11:27:08.495 [main] DEBUG org.apache.hc.client5.http.wire -- http-outgoing-16 << "Cache-Control: max-age=300[\r][\n]"
11:27:08.495 [main] DEBUG org.apache.hc.client5.http.wire -- http-outgoing-16 << "Content-Security-Policy: default-src 'none'; style-src 'unsafe-inline'; sandbox[\r][\n]"
11:27:08.495 [main] DEBUG org.apache.hc.client5.http.wire -- http-outgoing-16 << "Content-Type: text/plain; charset=utf-8[\r][\n]"
11:27:08.495 [main] DEBUG org.apache.hc.client5.http.wire -- http-outgoing-16 << "ETag: W/"de56f96e4580ae55450ed6a794662cbdb2b39827f9709095aa3e1e7f6914629d"[\r][\n]"
11:27:08.495 [main] DEBUG org.apache.hc.client5.http.wire -- http-outgoing-16 << "Strict-Transport-Security: max-age=31536000[\r][\n]"
11:27:08.495 [main] DEBUG org.apache.hc.client5.http.wire -- http-outgoing-16 << "X-Content-Type-Options: nosniff[\r][\n]"
11:27:08.495 [main] DEBUG org.apache.hc.client5.http.wire -- http-outgoing-16 << "X-Frame-Options: deny[\r][\n]"
11:27:08.495 [main] DEBUG org.apache.hc.client5.http.wire -- http-outgoing-16 << "X-XSS-Protection: 1; mode=block[\r][\n]"
11:27:08.495 [main] DEBUG org.apache.hc.client5.http.wire -- http-outgoing-16 << "X-GitHub-Request-Id: 728E:2E6B8C:62B50D:676D49:6583D0E9[\r][\n]"
11:27:08.495 [main] DEBUG org.apache.hc.client5.http.wire -- http-outgoing-16 << "Content-Encoding: gzip[\r][\n]"
11:27:08.495 [main] DEBUG org.apache.hc.client5.http.wire -- http-outgoing-16 << "Accept-Ranges: bytes[\r][\n]"
11:27:08.495 [main] DEBUG org.apache.hc.client5.http.wire -- http-outgoing-16 << "Date: Thu, 21 Dec 2023 10:27:11 GMT[\r][\n]"
11:27:08.495 [main] DEBUG org.apache.hc.client5.http.wire -- http-outgoing-16 << "Via: 1.1 varnish[\r][\n]"
11:27:08.495 [main] DEBUG org.apache.hc.client5.http.wire -- http-outgoing-16 << "X-Served-By: cache-mad22045-MAD[\r][\n]"
11:27:08.495 [main] DEBUG org.apache.hc.client5.http.wire -- http-outgoing-16 << "X-Cache: HIT[\r][\n]"
11:27:08.495 [main] DEBUG org.apache.hc.client5.http.wire -- http-outgoing-16 << "X-Cache-Hits: 1[\r][\n]"
11:27:08.496 [main] DEBUG org.apache.hc.client5.http.wire -- http-outgoing-16 << "X-Timer: S1703154431.148405,VS0,VE1[\r][\n]"
11:27:08.496 [main] DEBUG org.apache.hc.client5.http.wire -- http-outgoing-16 << "Vary: Authorization,Accept-Encoding,Origin[\r][\n]"
11:27:08.496 [main] DEBUG org.apache.hc.client5.http.wire -- http-outgoing-16 << "Access-Control-Allow-Origin: *[\r][\n]"
11:27:08.496 [main] DEBUG org.apache.hc.client5.http.wire -- http-outgoing-16 << "Cross-Origin-Resource-Policy: cross-origin[\r][\n]"
11:27:08.496 [main] DEBUG org.apache.hc.client5.http.wire -- http-outgoing-16 << "X-Fastly-Request-ID: 6350525aab30e9044555a25e31478c112794eb06[\r][\n]"
11:27:08.496 [main] DEBUG org.apache.hc.client5.http.wire -- http-outgoing-16 << "Expires: Thu, 21 Dec 2023 10:32:11 GMT[\r][\n]"
11:27:08.496 [main] DEBUG org.apache.hc.client5.http.wire -- http-outgoing-16 << "Source-Age: 171[\r][\n]"
11:27:08.496 [main] DEBUG org.apache.hc.client5.http.wire -- http-outgoing-16 << "[\r][\n]"
11:27:08.496 [main] DEBUG org.apache.hc.client5.http.headers -- http-outgoing-16 << HTTP/1.1 200 OK
11:27:08.496 [main] DEBUG org.apache.hc.client5.http.headers -- http-outgoing-16 << Connection: keep-alive
11:27:08.496 [main] DEBUG org.apache.hc.client5.http.headers -- http-outgoing-16 << Content-Length: 1653
11:27:08.496 [main] DEBUG org.apache.hc.client5.http.headers -- http-outgoing-16 << Cache-Control: max-age=300
11:27:08.496 [main] DEBUG org.apache.hc.client5.http.headers -- http-outgoing-16 << Content-Security-Policy: default-src 'none'; style-src 'unsafe-inline'; sandbox
11:27:08.496 [main] DEBUG org.apache.hc.client5.http.headers -- http-outgoing-16 << Content-Type: text/plain; charset=utf-8
11:27:08.496 [main] DEBUG org.apache.hc.client5.http.headers -- http-outgoing-16 << ETag: W/"de56f96e4580ae55450ed6a794662cbdb2b39827f9709095aa3e1e7f6914629d"
11:27:08.496 [main] DEBUG org.apache.hc.client5.http.headers -- http-outgoing-16 << Strict-Transport-Security: max-age=31536000
11:27:08.496 [main] DEBUG org.apache.hc.client5.http.headers -- http-outgoing-16 << X-Content-Type-Options: nosniff
11:27:08.496 [main] DEBUG org.apache.hc.client5.http.headers -- http-outgoing-16 << X-Frame-Options: deny
11:27:08.496 [main] DEBUG org.apache.hc.client5.http.headers -- http-outgoing-16 << X-XSS-Protection: 1; mode=block
11:27:08.496 [main] DEBUG org.apache.hc.client5.http.headers -- http-outgoing-16 << X-GitHub-Request-Id: 728E:2E6B8C:62B50D:676D49:6583D0E9
11:27:08.496 [main] DEBUG org.apache.hc.client5.http.headers -- http-outgoing-16 << Content-Encoding: gzip
11:27:08.496 [main] DEBUG org.apache.hc.client5.http.headers -- http-outgoing-16 << Accept-Ranges: bytes
11:27:08.496 [main] DEBUG org.apache.hc.client5.http.headers -- http-outgoing-16 << Date: Thu, 21 Dec 2023 10:27:11 GMT
11:27:08.496 [main] DEBUG org.apache.hc.client5.http.headers -- http-outgoing-16 << Via: 1.1 varnish
11:27:08.496 [main] DEBUG org.apache.hc.client5.http.headers -- http-outgoing-16 << X-Served-By: cache-mad22045-MAD
11:27:08.496 [main] DEBUG org.apache.hc.client5.http.headers -- http-outgoing-16 << X-Cache: HIT
11:27:08.496 [main] DEBUG org.apache.hc.client5.http.headers -- http-outgoing-16 << X-Cache-Hits: 1
11:27:08.496 [main] DEBUG org.apache.hc.client5.http.headers -- http-outgoing-16 << X-Timer: S1703154431.148405,VS0,VE1
11:27:08.496 [main] DEBUG org.apache.hc.client5.http.headers -- http-outgoing-16 << Vary: Authorization,Accept-Encoding,Origin
11:27:08.496 [main] DEBUG org.apache.hc.client5.http.headers -- http-outgoing-16 << Access-Control-Allow-Origin: *
11:27:08.496 [main] DEBUG org.apache.hc.client5.http.headers -- http-outgoing-16 << Cross-Origin-Resource-Policy: cross-origin
11:27:08.496 [main] DEBUG org.apache.hc.client5.http.headers -- http-outgoing-16 << X-Fastly-Request-ID: 6350525aab30e9044555a25e31478c112794eb06
11:27:08.496 [main] DEBUG org.apache.hc.client5.http.headers -- http-outgoing-16 << Expires: Thu, 21 Dec 2023 10:32:11 GMT
11:27:08.496 [main] DEBUG org.apache.hc.client5.http.headers -- http-outgoing-16 << Source-Age: 171
11:27:08.496 [main] DEBUG org.apache.hc.client5.http.impl.classic.MainClientExec -- ex-0000000017 connection can be kept alive for 3 MINUTES
11:27:08.497 [main] DEBUG org.apache.hc.client5.http.wire -- http-outgoing-16 << "[0x1f][0xffffff8b][0x8][0x0][0x0][0x0][0x0][0x0][0x0][0x3][0xffffff8d][0xffffff97]Mo[0xffffffe3]6[0x10][0xffffff86][0xffffffef][0xfffffff9][0x15][0x2]z[0xffffff8e][0xffffffcc][0xffffffcf]![0x19][0xffffff80][0xffffff97]~[0xffffff9e][0xffffff8a][0x1e][0xffffffda]?[0xffffffe0][0xffffffb5][0xffffff95]DX[0xffffffc7][\n]"
11:27:08.497 [main] DEBUG org.apache.hc.client5.http.wire -- http-outgoing-16 << "lg[0xffffffb3][0xffffffe8][0xffffffaf][0xffffffef][0xc][0xffffffc9][0xffffffa1]h[0xffffffaa][0x5]z[0x8]v[0xffffffe7][0xffffffb1]D[0xffffffce][0xffffff90][0xffffffd4][0xffffffcb]w~[0x18][0xfffffffe]z[0xffffff9d][0xffffffaf][0xffffffc3][0xfffffff3]|[0xffffff9a][0xffffff86][0xffffffc3]r[0xffffffbe][0xffffffed][0xffffffe7][0xfffffff3]u[0xffffffb8][0xffffffbd]N[0xffffffc3][0xffffffd7][0xfffffff3][0xfffffff2]y[0x1e][0xffffff8e][0xffffff97][0xfffffff9][0xffffffdb]t[0x19][0xfffffff0][0xffffffef]:/[0xfffffff8][0xffffffcb]ay{[0xffffffdf][0xffffffdf][0xffffffe6]/[0xfffffff8][0xfffffff4][0xffffffe7]|{MO[0x1e][0xffffff96][0xffffffcb]e[0xffffffba][0xffffffbe]/[0xffffffe7][0xffffffe3]|~[0x19][0xffffffbe]\[0xffffff96][0xffffffcf][0xffffffeb][0xfffffffa][0xffffffca][0xffffffc3][0xffffffc3][0xf][0xffffffc3][0xffffff8f][0x19]=[\r][0xffffffbf]-[0xffffffcb][0xb][0xffffffbe][0xfffffff9][0xffffffd3][0xffffffeb]ey[0xffffff9b][0xffffff86][0xfffffffd][0xfffffff9][0xffffff98][0xffffffff];[0x7f][0xffffffbc][\r][0xffffff8f][0xffffffc3][0xffffffcf]i[0xffffffaa][0xffffffa7][0xffffffe1][0xffffff90]~[0xffffffcd][0x13][0xffffffe3][0xffffffcb][0x7f].[0x1f][0xffffff97][0xffffffc3][0xfffffff4]4[0xffffffbc][0xffffffde]n[0xffffffef]O[0xffffffbb]][0xfffffffb][0xffffffeb]x(o[0xffffff8f][0xffffffcb][0xffffffe5]ew[0xffffffc4]|O[0xffffffcb][0xfffffffe]x}[0xffffffc8][0xffffffcf]Hi"[0xfffffffe][0xffffff8d]b[0xffffffb4]N[0xffffffdb]1[0xffffff88][0xffffffca]5rM[0x1c][0xffffff9c][0x1a]AW[0xffffffae][0xffffff90][0xffffffab][0xffffffc4][0xffffffa5][0x1d]M[0xffffffa8]\"[0xffffff97][0xffffffc4]-[0xffffffe8][0x11]L[0xffffffe5][0x2][0xffffffb9] n[0xffffffbc][0x1c][0xffffff9d]c.B[0xffffffc4][0xffffffbf][0xffffffc4]qzW[0xffffff9f][0x17][0x1e][0xffffffb9]'[0xffffffae]m[0x18][0xffffff9d][0xffffffac][0xffffffdc]!w[0xffffff89][0xb]3[0xffffff82][0xffffffaa][0x1c][0xffffff90][0x3]qe[0xffffffc2][0x8][0xffffffeb][0xfffffff3][0x16][0xffffffb9]%.[0xffffff83][0xffffffc5][0x1f]+[0xffffffc7]zE[0xffffffaa][0xffffff97][0xffffffca]p5[0x7f][0xffffff81][0xfffffff5][0xffffff8a]T[0xffffffaf][0x0]1J[0xffffffbd]&[0xffffff84][0x5][0xffffff8b]T[0xffffffb0][0xffffffc0][0xfffffff1][0xffffff9a][0x9][0xffffffb0]`A[0x5][0xffffff9b]`[0xffffffe5]hV[0xffffff8e][0x5][0xb]*[0xffffffd8][0xfffffff8][0x0]#[0xfffffff0][0xffffff82][0xffffff86][0x10]CH[0xffffffd4][0x18][0xffffff9c][0xffffff9b][0xffffffa9][0xffffff8f][0xffffff81][0xffffff8a]5[0xffffffce][0xfffffffa][0x11][0xffffffa7]a[0xffffffec]b[0xffffffa0]Z[\r][0x4][0xffffffb5][0xffffffae]A[0xffffff80][0x18] Q0[0xffffffa3][0xffffffb1]Lm[0xc]6Q[0xffffffed]G[0xffffffe0]z[0xffffff82][0xffffff89][0xffffffc1]$[0xffffff8a][0xffffff8b][0xffffff83][0x1b][0xffffffc9]X[0xffffffc7]@E[0x1a][0xffffffeb][0xffffffdc][0xffffffba][0xffffffa9]A[0xffffffc5][0xffffffa0][0x12][0xffffffc5]-[0xffffffc5]Uf,cH[0x5][0x1a]<[0x1]X+c[0x11]C[0xffffffaa][0xffffffcf]h1*^'[0x1f][0xffffffa2]O[0xfffffff5]i[0xfffffffc]G[0xfffffff1][0xffffffc8][0xffffffde]G[0xffffff9f][0xffffffea][0xffffffd3][0xffffffca][0xffffff8c][0x1][0xffffff98][0xffffffba][0xffffffe8]Sy[0xffffffca][0xffffff8b][0xffffffd1]{[0xffffffa6][0x10]}*O[0x19][0x1c][0xffffff97][0xffffff97][0xffffffc2][0xffffffdb][0xffffffe8]Sy[0xffffffd2][0xffffffeb][0xffffffd1]sj[0xffffffde]D[0xffffff9f][0xffffffca][0xffffff93][0xffffffc6][0xffffff8d][0xffffff9a][0xffffffd7][0xffffffd8][0xffffffeb][0xffffffe8]Su[0xffffffb4][0xffffff93][0xffffff9a][0xffffff97][0xffffffc2][0xffffffcb][0xffffffe8]S[0x19][0x2]W^[0xffffffea]:[0xffffff9d][0xffffff88][0xffffff9e][0xffffffca][0xffffffd0][0x1]s[0xffffffc1]#T[0xffffffb0][0xb][0xffffffd1][0xffffff85][0xffffff84][0xffffff8d][0x1d]u[0xffffffa5]>:[0xffffff9f]([0xffffff9e][0x1d]<W[0xffffff8c]]tT[0xffffff88][0xfffffff6][0xffffff80][0xffffffdf][0x2][0xffffffa7][0xffffffe1] :H[0x14][0xf][0xffffffb8]Tu[0xc][0x1b][0x1d]U[0xffffffa2][0xffffff9d][0xffffffc3][0x3][0xffffffb6]>m[0xffffffa2]3[0x9]+<[0xffffffbf][0xc]utT[0xffffff89][0x6],[0x8]8e[0xffffffa7][0xffffffa2][0xffffffc2][0x1d][0xffffffe5]H[0xffffffde]E[0xffffff82]"N[0xc][0x2]E[0xffffffbc]7[0xffffffe0])[0xffffffe2][0x15][0x5]G[0x11][0xffffffef]&[0x0]E[0xffffff9c][0xc]X[0xffffff8c][0xffffffea][0x12][0xffffff81][0xffffffa1][0xffffff88][0xffffffd7][0x1c]4E<[0x1f]P.[0xffffffba][0xffffffce]G[0xffffffb9][0xffffffd4]o[0x6]([0x17][0xffffffad][0xffffffef]T[0xffffffed][0xfffffff7][0xffffffe5][0xffffffef][0xfffffff9]t[0xffffffda][0xf][0xffffffbf][0xffffffce][0xffffff97][0xffffffe9]y[0xfffffff9][0xffffffde]H[0xffffffd9][0xffffffcb]t[0xfffffff8][0xffffffba][0xfffffffc][0xffffffab][0xffffff92]]Q[0xffffffca]^P@?[0xffffffbe][0xffffff8c]([0xffffffa9][0xffffffbb][0xffffffb7]<[0xffffffc4][0xffffffae]yaw[0xffffff99]N[0xffffffd3][0xfffffffe]:][0x1f][0xffffff9e][0xfffffff3][0xffffffb8]R[0xffffff89][0xffffff88][0xffffffcb][0xffffff86]kW[0xffffff89][0xc][0x1b][0xffffffe2]7[0xffffffc4]m[0x8]l[0xffffff88][0xffffffdd][0x10][0xffffffb3]!zC[0xffffffd4][0xffffff86][0xffffffc8][\r]I9[0xffffffab]QU"B&[0xffffffeb]3[0xffffffc2]o[0xffffff88][0xffffffdb][0x10][0xffffffd8][0x10][0xffffffbb]!)g[0xffffffd9][0x12][0xffffffbd]!jC[0xffffffe4][0xffffff86][0xffffff88][0xffffff8e][0xffffff84][0xffffffd0][0x3][0xffffffdf][0x3][0xffffffd7][0x3][0xffffffe8][0xffffff81][0xffffffed]A[0xffffff9f]m[0xffffffe8][0xffffff93][\r]}[0xffffffae][0xffffffa1]O5P[0xffffffa6][0xfffffff8]m5`<[0xffffffcd][0xffffffe7][0xffffff8f][0xffffffef][0x19]K[0xffffffc6]>t[0xffffffcf]y[0xffffffdf][0x3][0xffffffd7][0x3][0xffffffe8][0xffffff81][0xffffffed][0xffffff81][0xffffffe9][0x1][0x15][0xffffffa0]|[0x3]T[0xf][0xffffffa8][0x0][0xffffffe5][0x1a] :[0xffffffe0]B[0xf]R[0xffffffa6][0xffffffd0][0x0][0xffffffd7][0x3][0xffffffe8][0xffffff81][0xffffffed][0xffffff81][0xffffffe9][0xffffff81][0xffffffee][0xffffff81][0xffffffea][0xffffff81][0xffffffec][0xffffff81][0xffffffe8][0x0][0xffffff84][0x1e][0xffffffa4]Lm[0x3]R[0xffffffa6][0xffffffa6][0x1][0xffffffd0][0x3][0xffffffdb][0xffffff83][0xffffff94]i[0xfffffff3][0x1][0xffffff81][0xffffffee]A[0xffffffca][0xffffffb4]9[0xfffffff6][0xffffff90]2m[0xe][0x5][0xffffff88][0xe][0xffffffd8][0xffffffd0][0x3][0xffffffdf][0x3][0xffffffd7][0xffffff83][0xffffff94][0xffffffa9]h[0xffffff80]e[0xffffffd0]*[0xffffffdf][0x1f][0xffffffef][0xffffffd3]e[0xffffffdf][0xffffffe8][0xffffffdd]B[0xfffffff1][0xffffffff][0xffffffd1][0xffffffbb][0xfffffff4][0xffffffe0]uy[0xffffffbe]}[0xffffffee]/S[0xffffff8e][0xffffffd8][0xffffffcb][0xfffffff5][0xffffffea][0xffffff97]~L[0xffffff9e]G[0xffffffd2][0xffffffe5][0x5][0x2]//[0xffffff89]ws[0xffffffe1][0xffffffe4][0xfffffff1][0xffffff92][0xffffffa7][\n]"
11:27:08.497 [main] DEBUG org.apache.hc.client5.http.wire -- http-outgoing-16 << "x[0xfffffffb][0xfffffffb][0xffffffc0][0xffffff98],^[0xffffffb2]T[0x1][0xffffffad][0xffffff83][0xffffffd4][0xffffff8a]9Y[0xffffffbc]d[0xffffffa9]<[0xe][0x13][0x1c]crx[0xffffffc9]Q9[0xfffffffc][0xffffff82]$[0xffffffda][0xffffff92][0xffffffc2]E[0xffffffeb] Q[0xffffffcc]2G=h[0xc][0xffffffa4]Te[0x18]T[0xffffff85][0xffffffc6]?z[0xffffffa6][0xffffffee][0xffffffce]=[0xffffffda]B[0xffffffa1][0xfffffff5][0xffffff8e]8Q[0xffffffc1][0xffffffb6][0xffffffb5][0xffffff8e][0xffffffa8][0xfffffff8][0x5][0xffffff9b][0xffffffd6]9[0xffffff86]Re[0xffffffd0][0xffffffad]oD[0xffffffb3][0xffffff91][0xffffffa9]j]#.Z[0xffffffc1][0xffffffb2]5[0xffffff8d][0xffffffe4][0xffffffc7]2[0x16][0xffffffad]g[0xfffffff4][0xffffffa5]p[0x1f]Z[0xffffffc7][0x8]P[0xffffffa8][0xffffffef][0xffffffec]b[0xffffffa6][0xffffffae]5[0xffffff8b]P6[0xffffffc6]Ck[0x15][0xffffffeb][0x12][0xffffffa1][0xffffff88][0xffffffdc]Y[0xffffffc5][0xc]M[0xffffffe3][0x14]}I[0xc][0xffffffc5][0xffffffe4][0xffffffce]'f[0xffffffa8][0xffffffee]mb[0xffffff86][0xffffffb2]q[0xffffff89][0xffffff96][0xffffffe7][0x17][0xffffff8d]I[0xffffffe4]TQ\[0xffffffee],b[0xffffff86][0xffffffbe]s[0xffffff88][0xffffff99][0xffffffba][0xffffffc6] :[0xffffff86][0xffffffd0][0xffffffd8]C_[0xffffffa6]G[0xffffffb5]Y[0xffffffdd]!g[0xffffff8f][0xffffff8a][0xffffffb3][0xffffff9a]C\[0xffffffe0]Buc[0xe][0xffffff81][0x7]U[0xffffff8d]7[0xfffffff4]e[0xffffffc3]Q~VkX7[0xb]5h[0xffffffb5][0xffffff86]|[0xffffffd6]Q[0xffffff87]Vg[0xffffffc8]'[0x1a][0xffffffb5][0xffffffa8]1[0xffffff86][0xffffffb2][0xffffff94][0xffffff8a][0xffffff82][0xffffffd4][0xfffffffa][0xffffffc2]2[0x17][0xffffffaa][0xffffffd2]j[0xb][0x1d][0xffffff8f]j[0x1b]W[0xffffffc8]G[0x19][0xffffffd5]i[0xfffffff5][0xffffff84][0xfffffff5]p[0xffffffa2]D5[0xffffff9e][0xffffff90]?5[0xffffffd4][0xffffffa9][0xffffffc6][0x12][0xffffffd6][0xffffffb9][0xffffff8a][0xffffff95]K[0xffffff81][\r]mP[0xffffff8c]\[0xe][0xffffff8a][0xffffff8f][0xffffffcb]A[0xffffffb1]q9(..[0x7][0xffffffc5][0xffffffc4][0xffffffe5][0xffffffa0]x[0xffffffb8][0x1c][0x14][0xb][0xffffff97][0x3][0xffffff99]=[[0xe]D[0x13][0x18][0xffffffca][0xffffff80]36[0xffffff94][0xffffff81].[0xfffffff3][0x18][0xffffffca]@[0xffffff95][0xffffffc5]0[0xffffff90][0xffffff83];[0xffffffd3]7[0x1f].[0xb])[0xffffffd8][0xfffffff0][0xffffffcb][0xfffffff1]ej4[0xfffffff0][0xffffffed]:![0xfffffff8]O[0x11]<N[0xffffffdf][0xffffffa6][0x13][0xffffff8d]:[0xffffffbe][0xfffffff1][0x8]I[0x11][0xffffffa7][0xfffffff3][0xffffffe3][0xffffffc7]uW[0xffffffd9]#[\r][0xffffffb2][0xffffffbb]-[0xffffffcb][0xffffffe9][0xffffffba][0xfffffffb][0xffffff9c][0xffffffbe][0x14]Q| [0xffffffba][0xfffffff6][0xffffffb5][0xffffffd2][0xffffffe3][0xffffffcd] }[0xffffffa1][0xffffffdc][0xffffffd5]J[0xffffff87][0xffffffa6][0x1b]W2S[0xffffffee]i[0xffffffa5]S[0xffffffe9] g[0xffffffca][0x1d][0xffffffad][0x4][0xffffff90][0xffffffd4]qf[0xffffffca][0xfffffffd][0xffffffac][0xffffffb4]x>p[0xfffffff5][0x12][0xffffffad][0xffffffdd][0xffffffac][0xffffffb4]([0xffffffb4][0xffffffae][0xffffffcc]V{Yi[0x0][0xffffffc7][0xffffff85]B[0xffffffb9][0xffffff93][0xffffffc5][0x1e][0xffffff80][0xffffffee][0xfffffff0][0xc][0xffffffb9][0xffffff8d][0xffffff95][0xffffffda][0xffffffd1][0xffffff8d]Y(7[0xffffffb1][0xffffffd8]"
11:27:08.497 [main] DEBUG org.apache.hc.client5.http.wire -- http-outgoing-16 << "[0xffffff8f]jT[0xffffffb0]B[0xffffffb9][0xffffff85][0xffffff95][\n]"
11:27:08.497 [main] DEBUG org.apache.hc.client5.http.wire -- http-outgoing-16 << "[0xffffffbf]T[0xffffffc7]#p[0x3][0xffffff8b][0x1d][0xffffff87][0xffffffa9]E[0xffffffd4][0xffffffee][0x15]o[0x3]K[0x1d]A[0xffffffa6][0xffffffdc][0xffffffbb]J%[0xffffffc5]:.w[0xffffffae]xYX[0xffffffea][0xffffff9f][0xffffff88]r[0xffffffdf][0xffffff8a][0xffffffd2]OB[0xffffff91]Y[0xffffffe9]Z%UW[0x16][0xffffff86][V,MUV[0x1a]V[0xffffffac][0xffffffc1]TV[0xffffffda]U[0xffffffcc][0xffffffaa][0xffffffce][0xffffffcc][0xffffffcd]j@[0xffffff8d][0xffffffd1]2[0xffffffa3][0xffffffd2][0xffffffa8][0x6]\z][0xffffff9e]*]j[0x10][0xffffffeb][0x4][0xffffffa5]C[0xfffffff5][0xffffffa4]t[0xffffffe5][0xffffffc5][0xffffffd2][0xffffff9d]z,,[0x13][0xffffffee]Li[0xffffffc7][0xfffffff3][0xffffffc6]pW[0xffffffea]pm[0xffffffcb]k[0xffffffdc][0xffffff92][0x2][0xffffff84][0xffffffb2]%[0xffffffdc][0xffffff8e][0x2][0x1e][0x9][0xffffffc8]k[0xffffffc1][0xffffffbd][0xffffffa8][0xffffffa5][0x5].O[0xffffff95]F[0xffffffd4]&[0xffffff83][0xffffff92][0x8]7[0xffffffa1]([\r][0xffffffb6][0xffffffcc][0xffffff87][0xffffffea][0xffffff95][0xffffffd5]3pN[0xffffffdc][0xffffff93][0xffffffe2]=[[0xffffffb6][0xffffffaa][0xfffffff6][0xffffffa3]X1[0xffffff9e][0xffffffbb][0xffffffc4]j3Jg6[0xffffff93][0xffffffd2][0xffffff88]*[0xffffffc7]G[0xffffff87]{P[0xffffffa5]+)[0xfffffffd]'[0xffffffc9]b![0xffffffa5][0xfffffff5][0xffffff94][0x1a]{[0xfffffff3][0xffffff8c][0xffffff8c][0xffffff89][0xffffffef][0xffffff97][0xffffffe9]q>_o[0xfffffffb][0xffffffd3]i:f[0xffffffa8]"[0xffffffd0][0xffffffcd][0xffffffae][0xfffffff3]912[0xffffffa2][0xffffff84][0xffffff81][\n]"
11:27:08.497 [main] DEBUG org.apache.hc.client5.http.wire -- http-outgoing-16 << "[0xffffffb9]|#"[0xffffffea]$[0xffffffde]vy?[0xffffffb4][0xffffff8f][0xfffffff8]a[0x19][0x1d]r[0xffffffa8]Htp[0xffffffa7]}>#[0xffffffd8][0xffffff87][0xffffffd1][0xffffff95][0xffffff8d]z[0xfffffffd][0xfffffff0][0xf][0xffffffe2][0x12][0xffffff8f][0xfffffff4]>[0x13][0x0][0x0]"
11:27:08.498 [main] DEBUG org.apache.hc.client5.http.impl.classic.InternalHttpClient -- ep-0000000017 releasing valid endpoint
11:27:08.498 [main] DEBUG org.apache.hc.client5.http.impl.io.PoolingHttpClientConnectionManager -- ep-0000000017 releasing endpoint
11:27:08.498 [main] DEBUG org.apache.hc.client5.http.impl.io.PoolingHttpClientConnectionManager -- ep-0000000017 connection http-outgoing-16 can be kept alive for 3 MINUTES
11:27:08.498 [main] DEBUG org.apache.hc.client5.http.impl.io.PoolingHttpClientConnectionManager -- ep-0000000017 connection released [route: {s}->https://raw.githubusercontent.com:443][total available: 1; route allocated: 1 of 5; total allocated: 2 of 25]
11:27:08.498 [main] DEBUG io.github.bonigarcia.wdm.versions.VersionDetector -- Driver for chrome120.0.6099.63 not found in online properties (using local versions.properties)
11:27:08.499 [main] DEBUG io.github.bonigarcia.wdm.WebDriverManager -- The driver version for CHROME 120.0.6099.63 is unknown ... trying with latest
11:27:08.501 [main] DEBUG org.apache.hc.client5.http.impl.classic.InternalHttpClient -- ex-0000000018 preparing request execution
11:27:08.501 [main] DEBUG org.apache.hc.client5.http.impl.classic.ProtocolExec -- ex-0000000018 target auth state: UNCHALLENGED
11:27:08.501 [main] DEBUG org.apache.hc.client5.http.impl.classic.ProtocolExec -- ex-0000000018 proxy auth state: UNCHALLENGED
11:27:08.501 [main] DEBUG org.apache.hc.client5.http.impl.classic.ConnectExec -- ex-0000000018 acquiring connection with route {s}->https://googlechromelabs.github.io:443
11:27:08.501 [main] DEBUG org.apache.hc.client5.http.impl.classic.InternalHttpClient -- ex-0000000018 acquiring endpoint (3 MINUTES)
11:27:08.502 [main] DEBUG org.apache.hc.client5.http.impl.io.PoolingHttpClientConnectionManager -- ex-0000000018 endpoint lease request (3 MINUTES) [route: {s}->https://googlechromelabs.github.io:443][total available: 1; route allocated: 1 of 5; total allocated: 2 of 25]
11:27:08.502 [main] DEBUG org.apache.hc.client5.http.impl.io.PoolingHttpClientConnectionManager -- ex-0000000018 endpoint leased [route: {s}->https://googlechromelabs.github.io:443][total available: 1; route allocated: 2 of 5; total allocated: 3 of 25]
11:27:08.502 [main] DEBUG org.apache.hc.client5.http.impl.io.PoolingHttpClientConnectionManager -- ex-0000000018 acquired ep-0000000018
11:27:08.502 [main] DEBUG org.apache.hc.client5.http.impl.classic.InternalHttpClient -- ex-0000000018 acquired endpoint ep-0000000018
11:27:08.502 [main] DEBUG org.apache.hc.client5.http.impl.classic.ConnectExec -- ex-0000000018 opening connection {s}->https://googlechromelabs.github.io:443
11:27:08.502 [main] DEBUG org.apache.hc.client5.http.impl.classic.InternalHttpClient -- ep-0000000018 connecting endpoint (null)
11:27:08.502 [main] DEBUG org.apache.hc.client5.http.impl.io.PoolingHttpClientConnectionManager -- ep-0000000018 connecting endpoint to https://googlechromelabs.github.io:443 (30 SECONDS)
11:27:08.502 [main] DEBUG org.apache.hc.client5.http.impl.io.DefaultHttpClientConnectionOperator -- googlechromelabs.github.io resolving remote address
11:27:08.502 [main] DEBUG org.apache.hc.client5.http.impl.io.DefaultHttpClientConnectionOperator -- googlechromelabs.github.io resolved to [googlechromelabs.github.io/185.199.108.153, googlechromelabs.github.io/185.199.111.153, googlechromelabs.github.io/185.199.110.153, googlechromelabs.github.io/185.199.109.153]
11:27:08.503 [main] DEBUG org.apache.hc.client5.http.impl.io.DefaultHttpClientConnectionOperator -- googlechromelabs.github.io:443 connecting null->googlechromelabs.github.io/185.199.108.153:443 (30 SECONDS)
11:27:08.503 [main] DEBUG org.apache.hc.client5.http.ssl.SSLConnectionSocketFactory -- Connecting socket to googlechromelabs.github.io/185.199.108.153:443 with timeout 30 SECONDS
11:27:08.578 [main] DEBUG org.apache.hc.client5.http.ssl.SSLConnectionSocketFactory -- Enabled protocols: [TLSv1.3, TLSv1.2]
11:27:08.579 [main] DEBUG org.apache.hc.client5.http.ssl.SSLConnectionSocketFactory -- Enabled cipher suites: [TLS_AES_256_GCM_SHA384, TLS_AES_128_GCM_SHA256, TLS_CHACHA20_POLY1305_SHA256, TLS_ECDHE_ECDSA_WITH_AES_256_GCM_SHA384, TLS_ECDHE_ECDSA_WITH_AES_128_GCM_SHA256, TLS_ECDHE_ECDSA_WITH_CHACHA20_POLY1305_SHA256, TLS_ECDHE_RSA_WITH_AES_256_GCM_SHA384, TLS_ECDHE_RSA_WITH_CHACHA20_POLY1305_SHA256, TLS_ECDHE_RSA_WITH_AES_128_GCM_SHA256, TLS_DHE_RSA_WITH_AES_256_GCM_SHA384, TLS_DHE_RSA_WITH_CHACHA20_POLY1305_SHA256, TLS_DHE_DSS_WITH_AES_256_GCM_SHA384, TLS_DHE_RSA_WITH_AES_128_GCM_SHA256, TLS_DHE_DSS_WITH_AES_128_GCM_SHA256, TLS_ECDHE_ECDSA_WITH_AES_256_CBC_SHA384, TLS_ECDHE_RSA_WITH_AES_256_CBC_SHA384, TLS_ECDHE_ECDSA_WITH_AES_128_CBC_SHA256, TLS_ECDHE_RSA_WITH_AES_128_CBC_SHA256, TLS_DHE_RSA_WITH_AES_256_CBC_SHA256, TLS_DHE_DSS_WITH_AES_256_CBC_SHA256, TLS_DHE_RSA_WITH_AES_128_CBC_SHA256, TLS_DHE_DSS_WITH_AES_128_CBC_SHA256, TLS_ECDHE_ECDSA_WITH_AES_256_CBC_SHA, TLS_ECDHE_RSA_WITH_AES_256_CBC_SHA, TLS_ECDHE_ECDSA_WITH_AES_128_CBC_SHA, TLS_ECDHE_RSA_WITH_AES_128_CBC_SHA, TLS_DHE_RSA_WITH_AES_256_CBC_SHA, TLS_DHE_DSS_WITH_AES_256_CBC_SHA, TLS_DHE_RSA_WITH_AES_128_CBC_SHA, TLS_DHE_DSS_WITH_AES_128_CBC_SHA, TLS_RSA_WITH_AES_256_GCM_SHA384, TLS_RSA_WITH_AES_128_GCM_SHA256, TLS_RSA_WITH_AES_256_CBC_SHA256, TLS_RSA_WITH_AES_128_CBC_SHA256, TLS_RSA_WITH_AES_256_CBC_SHA, TLS_RSA_WITH_AES_128_CBC_SHA, TLS_EMPTY_RENEGOTIATION_INFO_SCSV]
11:27:08.579 [main] DEBUG org.apache.hc.client5.http.ssl.SSLConnectionSocketFactory -- Starting handshake (null)
11:27:08.633 [main] DEBUG org.apache.hc.client5.http.ssl.SSLConnectionSocketFactory -- Secure session established
11:27:08.633 [main] DEBUG org.apache.hc.client5.http.ssl.SSLConnectionSocketFactory --  negotiated protocol: TLSv1.3
11:27:08.633 [main] DEBUG org.apache.hc.client5.http.ssl.SSLConnectionSocketFactory --  negotiated cipher suite: TLS_AES_128_GCM_SHA256
11:27:08.633 [main] DEBUG org.apache.hc.client5.http.ssl.SSLConnectionSocketFactory --  peer principal: CN=*.github.io, O="GitHub, Inc.", L=San Francisco, ST=California, C=US
11:27:08.633 [main] DEBUG org.apache.hc.client5.http.ssl.SSLConnectionSocketFactory --  peer alternative names: [*.github.io, github.io, *.github.com, github.com, www.github.com, *.githubusercontent.com, githubusercontent.com]
11:27:08.633 [main] DEBUG org.apache.hc.client5.http.ssl.SSLConnectionSocketFactory --  issuer principal: CN=DigiCert TLS RSA SHA256 2020 CA1, O=DigiCert Inc, C=US
11:27:08.633 [main] DEBUG org.apache.hc.client5.http.impl.io.DefaultManagedHttpClientConnection -- http-outgoing-17 set socket timeout to 3 MINUTES
11:27:08.633 [main] DEBUG org.apache.hc.client5.http.impl.io.DefaultHttpClientConnectionOperator -- googlechromelabs.github.io:443 connected null->googlechromelabs.github.io/185.199.108.153:443 as http-outgoing-17
11:27:08.633 [main] DEBUG org.apache.hc.client5.http.impl.io.PoolingHttpClientConnectionManager -- ep-0000000018 connected http-outgoing-17
11:27:08.633 [main] DEBUG org.apache.hc.client5.http.impl.classic.InternalHttpClient -- ep-0000000018 endpoint connected
11:27:08.633 [main] DEBUG org.apache.hc.client5.http.impl.classic.MainClientExec -- ex-0000000018 executing GET /chrome-for-testing/last-known-good-versions-with-downloads.json HTTP/1.1
11:27:08.633 [main] DEBUG org.apache.hc.client5.http.protocol.RequestAddCookies -- ex-0000000018 Cookie spec selected: strict
11:27:08.633 [main] DEBUG org.apache.hc.client5.http.impl.classic.InternalHttpClient -- ep-0000000018 start execution ex-0000000018
11:27:08.633 [main] DEBUG org.apache.hc.client5.http.impl.io.PoolingHttpClientConnectionManager -- ep-0000000018 executing exchange ex-0000000018 over http-outgoing-17
11:27:08.633 [main] DEBUG org.apache.hc.client5.http.headers -- http-outgoing-17 >> GET /chrome-for-testing/last-known-good-versions-with-downloads.json HTTP/1.1
11:27:08.633 [main] DEBUG org.apache.hc.client5.http.headers -- http-outgoing-17 >> user-agent: Apache-HttpClient/5.0
11:27:08.633 [main] DEBUG org.apache.hc.client5.http.headers -- http-outgoing-17 >> accept-encoding: gzip, deflate, br
11:27:08.633 [main] DEBUG org.apache.hc.client5.http.headers -- http-outgoing-17 >> cache-control: max-age=0
11:27:08.633 [main] DEBUG org.apache.hc.client5.http.headers -- http-outgoing-17 >> connection: keep-alive
11:27:08.633 [main] DEBUG org.apache.hc.client5.http.headers -- http-outgoing-17 >> Host: googlechromelabs.github.io
11:27:08.633 [main] DEBUG org.apache.hc.client5.http.wire -- http-outgoing-17 >> "GET /chrome-for-testing/last-known-good-versions-with-downloads.json HTTP/1.1[\r][\n]"
11:27:08.633 [main] DEBUG org.apache.hc.client5.http.wire -- http-outgoing-17 >> "user-agent: Apache-HttpClient/5.0[\r][\n]"
11:27:08.633 [main] DEBUG org.apache.hc.client5.http.wire -- http-outgoing-17 >> "accept-encoding: gzip, deflate, br[\r][\n]"
11:27:08.633 [main] DEBUG org.apache.hc.client5.http.wire -- http-outgoing-17 >> "cache-control: max-age=0[\r][\n]"
11:27:08.633 [main] DEBUG org.apache.hc.client5.http.wire -- http-outgoing-17 >> "connection: keep-alive[\r][\n]"
11:27:08.633 [main] DEBUG org.apache.hc.client5.http.wire -- http-outgoing-17 >> "Host: googlechromelabs.github.io[\r][\n]"
11:27:08.633 [main] DEBUG org.apache.hc.client5.http.wire -- http-outgoing-17 >> "[\r][\n]"
11:27:08.673 [main] DEBUG org.apache.hc.client5.http.wire -- http-outgoing-17 << "HTTP/1.1 200 OK[\r][\n]"
11:27:08.673 [main] DEBUG org.apache.hc.client5.http.wire -- http-outgoing-17 << "Connection: keep-alive[\r][\n]"
11:27:08.673 [main] DEBUG org.apache.hc.client5.http.wire -- http-outgoing-17 << "Content-Length: 639[\r][\n]"
11:27:08.673 [main] DEBUG org.apache.hc.client5.http.wire -- http-outgoing-17 << "Server: GitHub.com[\r][\n]"
11:27:08.673 [main] DEBUG org.apache.hc.client5.http.wire -- http-outgoing-17 << "Content-Type: application/json; charset=utf-8[\r][\n]"
11:27:08.673 [main] DEBUG org.apache.hc.client5.http.wire -- http-outgoing-17 << "permissions-policy: interest-cohort=()[\r][\n]"
11:27:08.673 [main] DEBUG org.apache.hc.client5.http.wire -- http-outgoing-17 << "x-origin-cache: HIT[\r][\n]"
11:27:08.673 [main] DEBUG org.apache.hc.client5.http.wire -- http-outgoing-17 << "Last-Modified: Thu, 21 Dec 2023 10:09:07 GMT[\r][\n]"
11:27:08.673 [main] DEBUG org.apache.hc.client5.http.wire -- http-outgoing-17 << "Access-Control-Allow-Origin: *[\r][\n]"
11:27:08.673 [main] DEBUG org.apache.hc.client5.http.wire -- http-outgoing-17 << "Strict-Transport-Security: max-age=31556952[\r][\n]"
11:27:08.673 [main] DEBUG org.apache.hc.client5.http.wire -- http-outgoing-17 << "ETag: W/"65840ec3-22ac"[\r][\n]"
11:27:08.673 [main] DEBUG org.apache.hc.client5.http.wire -- http-outgoing-17 << "expires: Thu, 21 Dec 2023 10:19:26 GMT[\r][\n]"
11:27:08.673 [main] DEBUG org.apache.hc.client5.http.wire -- http-outgoing-17 << "Cache-Control: max-age=600[\r][\n]"
11:27:08.673 [main] DEBUG org.apache.hc.client5.http.wire -- http-outgoing-17 << "Content-Encoding: gzip[\r][\n]"
11:27:08.673 [main] DEBUG org.apache.hc.client5.http.wire -- http-outgoing-17 << "x-proxy-cache: HIT[\r][\n]"
11:27:08.673 [main] DEBUG org.apache.hc.client5.http.wire -- http-outgoing-17 << "X-GitHub-Request-Id: B6B0:13CF72:40DE00C:4208092:65840FDC[\r][\n]"
11:27:08.673 [main] DEBUG org.apache.hc.client5.http.wire -- http-outgoing-17 << "Accept-Ranges: bytes[\r][\n]"
11:27:08.673 [main] DEBUG org.apache.hc.client5.http.wire -- http-outgoing-17 << "Date: Thu, 21 Dec 2023 10:27:11 GMT[\r][\n]"
11:27:08.673 [main] DEBUG org.apache.hc.client5.http.wire -- http-outgoing-17 << "Via: 1.1 varnish[\r][\n]"
11:27:08.673 [main] DEBUG org.apache.hc.client5.http.wire -- http-outgoing-17 << "Age: 40[\r][\n]"
11:27:08.674 [main] DEBUG org.apache.hc.client5.http.wire -- http-outgoing-17 << "X-Served-By: cache-mad22060-MAD[\r][\n]"
11:27:08.674 [main] DEBUG org.apache.hc.client5.http.wire -- http-outgoing-17 << "X-Cache: HIT[\r][\n]"
11:27:08.674 [main] DEBUG org.apache.hc.client5.http.wire -- http-outgoing-17 << "X-Cache-Hits: 1[\r][\n]"
11:27:08.674 [main] DEBUG org.apache.hc.client5.http.wire -- http-outgoing-17 << "X-Timer: S1703154431.331097,VS0,VE1[\r][\n]"
11:27:08.674 [main] DEBUG org.apache.hc.client5.http.wire -- http-outgoing-17 << "Vary: Accept-Encoding[\r][\n]"
11:27:08.674 [main] DEBUG org.apache.hc.client5.http.wire -- http-outgoing-17 << "X-Fastly-Request-ID: ebed9a600b7adde8c0d8124de60b14a0a7c342c9[\r][\n]"
11:27:08.674 [main] DEBUG org.apache.hc.client5.http.wire -- http-outgoing-17 << "[\r][\n]"
11:27:08.674 [main] DEBUG org.apache.hc.client5.http.headers -- http-outgoing-17 << HTTP/1.1 200 OK
11:27:08.674 [main] DEBUG org.apache.hc.client5.http.headers -- http-outgoing-17 << Connection: keep-alive
11:27:08.674 [main] DEBUG org.apache.hc.client5.http.headers -- http-outgoing-17 << Content-Length: 639
11:27:08.674 [main] DEBUG org.apache.hc.client5.http.headers -- http-outgoing-17 << Server: GitHub.com
11:27:08.674 [main] DEBUG org.apache.hc.client5.http.headers -- http-outgoing-17 << Content-Type: application/json; charset=utf-8
11:27:08.674 [main] DEBUG org.apache.hc.client5.http.headers -- http-outgoing-17 << permissions-policy: interest-cohort=()
11:27:08.674 [main] DEBUG org.apache.hc.client5.http.headers -- http-outgoing-17 << x-origin-cache: HIT
11:27:08.674 [main] DEBUG org.apache.hc.client5.http.headers -- http-outgoing-17 << Last-Modified: Thu, 21 Dec 2023 10:09:07 GMT
11:27:08.674 [main] DEBUG org.apache.hc.client5.http.headers -- http-outgoing-17 << Access-Control-Allow-Origin: *
11:27:08.674 [main] DEBUG org.apache.hc.client5.http.headers -- http-outgoing-17 << Strict-Transport-Security: max-age=31556952
11:27:08.674 [main] DEBUG org.apache.hc.client5.http.headers -- http-outgoing-17 << ETag: W/"65840ec3-22ac"
11:27:08.674 [main] DEBUG org.apache.hc.client5.http.headers -- http-outgoing-17 << expires: Thu, 21 Dec 2023 10:19:26 GMT
11:27:08.674 [main] DEBUG org.apache.hc.client5.http.headers -- http-outgoing-17 << Cache-Control: max-age=600
11:27:08.674 [main] DEBUG org.apache.hc.client5.http.headers -- http-outgoing-17 << Content-Encoding: gzip
11:27:08.674 [main] DEBUG org.apache.hc.client5.http.headers -- http-outgoing-17 << x-proxy-cache: HIT
11:27:08.674 [main] DEBUG org.apache.hc.client5.http.headers -- http-outgoing-17 << X-GitHub-Request-Id: B6B0:13CF72:40DE00C:4208092:65840FDC
11:27:08.674 [main] DEBUG org.apache.hc.client5.http.headers -- http-outgoing-17 << Accept-Ranges: bytes
11:27:08.674 [main] DEBUG org.apache.hc.client5.http.headers -- http-outgoing-17 << Date: Thu, 21 Dec 2023 10:27:11 GMT
11:27:08.674 [main] DEBUG org.apache.hc.client5.http.headers -- http-outgoing-17 << Via: 1.1 varnish
11:27:08.674 [main] DEBUG org.apache.hc.client5.http.headers -- http-outgoing-17 << Age: 40
11:27:08.674 [main] DEBUG org.apache.hc.client5.http.headers -- http-outgoing-17 << X-Served-By: cache-mad22060-MAD
11:27:08.674 [main] DEBUG org.apache.hc.client5.http.headers -- http-outgoing-17 << X-Cache: HIT
11:27:08.674 [main] DEBUG org.apache.hc.client5.http.headers -- http-outgoing-17 << X-Cache-Hits: 1
11:27:08.674 [main] DEBUG org.apache.hc.client5.http.headers -- http-outgoing-17 << X-Timer: S1703154431.331097,VS0,VE1
11:27:08.674 [main] DEBUG org.apache.hc.client5.http.headers -- http-outgoing-17 << Vary: Accept-Encoding
11:27:08.674 [main] DEBUG org.apache.hc.client5.http.headers -- http-outgoing-17 << X-Fastly-Request-ID: ebed9a600b7adde8c0d8124de60b14a0a7c342c9
11:27:08.674 [main] DEBUG org.apache.hc.client5.http.impl.classic.MainClientExec -- ex-0000000018 connection can be kept alive for 3 MINUTES
11:27:08.675 [main] DEBUG org.apache.hc.client5.http.wire -- http-outgoing-17 << "[0x1f][0xffffff8b][0x8][0x0][0x0][0x0][0x0][0x0][0x0][0x3][0xffffffcd][0xffffff96][0xffffffcb][0xffffff8e][0xffffff9b]0[0x14][0xffffff86][0xfffffff7]}[0xc][0xffffffaf][0xffffffb9][0xffffffd9]D[0x10]XN[0xfffffffb][0x6][0xffffffed][0xffffffaa]U[0x17]np[0x13]$[0x3][0x11]x2m#[0xffffffde][0xffffffbd][0xffffff86][0x18][0xffffff86][0xffffff8b][0xffffffcd][0xffffffac][0xffffffe2][0xffffffc3][0xffffff8a][0xffffffe4]`[0xffffffce][0xfffffff9]A[0xffffff9f][0xffffff8e][0xffffffbe];[0x12]y[0xffffffc1][0x1a]A[0xffffff8b]+J[0x11][0x9]H[0xffffffe8]b[0xffffffe2][0xffffff92][0xffffffe0][0x1b]!ipL[0xf][0xffffff81][0x17][0xffffffc5][0xffffffc7][0xffffffef][0xffffffc8]A[0xffffffa7][0xb]-K[0xffffffc6][0x1b][0xffffff94][0xffffffde][0xffffffd1]WA[0x7f]q[0xffffffd6][0xfffffffd]RU[0xfffffff9][0xffffffa8][0xffffffaa]9[0xffffffe8][0xffffffc6][0xffffffea]&[0xffffffaf]JY[0xffffffc2]$[0xfffffff0][0xffffffe4][0xfffffff3]A[0xffffff92]x8H[0xffffffe4][0xffffffad][0xffffff9a][0xffffffdd][0xfffffff2][0xfffffff1][0x1e][0xffffff8e][0xffffffc3][0xffffff88][0xffffffc8]bV[0xffffffbd][0xffffff95][0xffffffbc][0xffffffa2]Y[0xfffffff3][0xffffffe8]WW[0xffffff85][0xffffffec][0xfffffffc][0xffffffe3][0xffffff8e][0xffffffae][0xffffff9c][0xffffff8a][0xffffffdf]U][0xffffffc8][0xffffffc3]</_[0xffffffff]D[0x7]y[0xfffffff8][0xffffffb5][0xffffffee]f][0xffffff84][0xffffffb8]6[0xffffffa9][0xffffffef][0xffffffb3][0xffffffec][0xffffffcc]2[0xffffffee][0x15][0xffffffcc];[0xffffffdf][0x4][0xfffffff6]NU[0xffffffa1]J[0xfffffffe][0xffffffa3][0xffffff8f][0xffffffba][0xffffffb8][0xffffffb2][0xffffff8d]+[0xffffffe4]K[0xffffffe6][0xffffffe5][0xffffffd9][0xffffff9f][0xffffff87][0xfffffff2]U[0xffffffeb][0xffffffe1][0xffffffa4][0xfffffffa][0xffffffeb][0xfffffffd][0xffffffcb][0xffffffaf][0xffffffa8]uf![\n]"
11:27:08.675 [main] DEBUG org.apache.hc.client5.http.wire -- http-outgoing-17 << "zri]<'[0xffffffc6][0xffffffd8]|8;[0x16]LQ[0xffffff9e][0xfffffff4]=T[0xffffffeb]i[0xc][0xffffffc3][0xfffffff7]x[0xffffffcb][0xffffffcb][0xffffff90]<#B[0xffffffdf]x8[0xffffffd7][0xffffffff]1[0xffffff8c][0x7f][0xffffffce][0x17][0xffffffe8][0x1b]O[0xffffffc6][0xf]o[0xffffffff][0xffffffd3]Qtfu.[0x19][0x7]c[0xfffffff4]1~7[0xffffffa4][0xffffffaa]8[0xfffffffb][0xffffffe0]u[0x12][0x6][0xffffff92]Z[0x15][0x3][0xffffff96][0xffffffdd][0xfffffff7][0x10]+[0xffffff82][0xffffffdd][0xb][0xffffffa3][0x19]gM[0xffffffe3]6[0x17][0xffffffc6]9[0x18][0xffffffca][0xffffff8b][0x1c][0xffffffbb]az[0xffffff99]k[0x1f]p[0xffffffeb]RAR[0xffffffbe][0xffffffcc][0x3][0xffffff8b][0xffffffbb]&[0xffffffcd][0xffffffc8]}[0xffffffdb]:[0xffffffe8][0xffffff85][0x9]:7[0xffffff96][0xffffffbe]2[0xfffffff7][0x15][0xffffffdc]u[0xffffffc7]Q[0xffffffec][0xffffffe1]h[0xffffffa9]+a[0xffffff88][0xffffff83][0x18]BW&[0xffffff99][0x0]me[0xffffff9a][0x2]RV[0xffffff96]9[0xffffffec][0xffffffbb][0xffffffca]4[0xffffff81]}UYL[0xffffff87]7[0x15]3[0xffffff9e][0xfffffff6]Ee[0xb]R[0xfffffffb][0xffffff9e]bF[0xffffffd5][0xffffffae][0xffffffa6][0xffffff98][0xffffff80][0xffffffb5]i)&l[0xfffffff7]")[0x1b]K[0x16][0xffffffce]Q6w.[0xffffff9c][0xffffffa2]l[0xffffffac]`[0x18]C1nd[0x8]A1.[0xffffffe8][0xf][0xfffffffc][0xffffffe4][0xb][0xffffffbb][0xffffffcd][0xfffffff5][0xffffffa4]+[0xffffffcc][0xffffffed][0xffffff84][0xfffffff4][0xffffffad][0xffffff8f][0xfffffff2][0xffffffb2][0xffffff92][0xffffff93](>[0x1c]![0xffffffe4][0xffffffe4]=[0x12][0xffffffa0][0xffffff9b]LB@[0xffffffaa][0xffffffc9]"[0xffffff86]}3[0xffffff99][0x4][0xffffffb0]/&[0xfffffff3][0xffffffe1][0xfffffff0]^b$[0xffffffd3][0xffffffbe][0xffffff96]l[0xfffffff0]i[0xffffffdf]J[0xffffff8c][0xffffff94][0xffffffda][0xffffff95][0x12][0x3][0xffffffab]6[0xffffff9d][0xffffffc4]@[0xffffffec]^[0xffffff94][0xffffffc4][0xffffffbc]Z[0xffffffe1][0xffffff8c]dk[0xffffffd3][0xffffffc2][0x9][0xffffff89]y[0xfffffff1][0xffffffc2][0xfffffff8][0xffffff88]i[0xf]C[0xffffffe8][0xffffff88]i-[0x7f]`#[0xffffff9f]iI[0xffffffeb][0xffffffbf]s!Q5[0xffffff9d][0xffffff93]$[0xffffffb1][0xffffffc6]I[0xffffff92][0xffffffe8][0xffffff80][0xffffffe1][0xffffff9c][0xffffffa4][0xffffff8b][0x4][0xffffffee]$}[0x8]x'[0x19]c@9I[0x1f][0x0][0xffffffca]I[0xffffff86][0xffffffe1]{q[0x12][\r][0xffffff99]PN[0xffffffa2][0xffffffe5][0x13][0xffffffca]I4[0xffffff94]B8[0xffffffc9][0xffffff8a]U[0xfffffffb]N[0xffffffb2]"v_N[0xffffffa2][[0xffffffad][0xffffffd0]N[0xffffffa2][0xffffffdf][0xffffffb4][0xffffffd0]N[0xffffffa2][[0xffffffbc][0xffffff90]N[0xffffffb2][0xffffffde][0xffffffc3]pN[0xffffffb2]^[0xffffffcb][0xffffff9b]N[0xffffffd2][0xffffffb6][0xffffff9f][0xfffffffe][0x3][0x1f][0x19][0xb]V[0xffffffac]"[0x0][0x0]"
11:27:08.677 [main] DEBUG org.apache.hc.client5.http.impl.classic.InternalHttpClient -- ep-0000000018 releasing valid endpoint
11:27:08.677 [main] DEBUG org.apache.hc.client5.http.impl.io.PoolingHttpClientConnectionManager -- ep-0000000018 releasing endpoint
11:27:08.677 [main] DEBUG org.apache.hc.client5.http.impl.io.PoolingHttpClientConnectionManager -- ep-0000000018 connection http-outgoing-17 can be kept alive for 3 MINUTES
11:27:08.677 [main] DEBUG org.apache.hc.client5.http.impl.io.PoolingHttpClientConnectionManager -- ep-0000000018 connection released [route: {s}->https://googlechromelabs.github.io:443][total available: 2; route allocated: 2 of 5; total allocated: 3 of 25]
11:27:08.687 [main] DEBUG io.github.bonigarcia.wdm.WebDriverManager -- Driver chromedriver 120.0.6099.109 found in cache
11:27:08.688 [main] INFO io.github.bonigarcia.wdm.WebDriverManager -- Exporting webdriver.chrome.driver as C:\Users\info\.cache\selenium\chromedriver\win64\120.0.6099.109\chromedriver.exe
Inside Step - user is on the login page
  Given the user is on the login page                                                 # com.sdetadda.allure.Login.the_user_is_on_the_login_page()
Inside Step - user enters email and password
  When the user enters invalid information "zakaria.lahssaini@uit.ac.ma" and "678901" # com.sdetadda.allure.Login.the_user_enters_email_and_password(java.lang.String,java.lang.String)
Inside Step - user clicks login button
  And the user clicks the login button                                                # com.sdetadda.allure.Login.the_user_clicks_the_login_button()
Inside Step - user should not navigate to home page
  Then the user should not navigate to the home page                                  # com.sdetadda.allure.Login.the_user_should_not_navigate_to_the_home_page()
]]></system-out>
  </testcase>
  <testcase name="Check registration success with valid information" classname="Test the registration functionality" time="20.286">
    <system-out><![CDATA[
@google @search @severity=blocker @issue=6 @tmsLink=45678
Scenario: Check registration success with valid information            # src/test/resources/Features/Registre.feature:11
11:27:19.382 [main] DEBUG io.github.bonigarcia.wdm.WebDriverManager -- Using WebDriverManager 5.6.2
11:27:19.399 [main] WARN io.github.bonigarcia.wdm.versions.VersionDetector -- Exception reading CfT URL ('null') to get version of chromedriver (For input string: "120.0.6099.63")
11:27:19.399 [main] DEBUG org.apache.hc.client5.http.impl.classic.InternalHttpClient -- ex-0000000019 preparing request execution
11:27:19.399 [main] DEBUG org.apache.hc.client5.http.impl.classic.ProtocolExec -- ex-0000000019 target auth state: UNCHALLENGED
11:27:19.399 [main] DEBUG org.apache.hc.client5.http.impl.classic.ProtocolExec -- ex-0000000019 proxy auth state: UNCHALLENGED
11:27:19.399 [main] DEBUG org.apache.hc.client5.http.impl.classic.ConnectExec -- ex-0000000019 acquiring connection with route {s}->https://googlechromelabs.github.io:443
11:27:19.399 [main] DEBUG org.apache.hc.client5.http.impl.classic.InternalHttpClient -- ex-0000000019 acquiring endpoint (3 MINUTES)
11:27:19.399 [main] DEBUG org.apache.hc.client5.http.impl.io.PoolingHttpClientConnectionManager -- ex-0000000019 endpoint lease request (3 MINUTES) [route: {s}->https://googlechromelabs.github.io:443][total available: 0; route allocated: 0 of 5; total allocated: 0 of 25]
11:27:19.399 [main] DEBUG org.apache.hc.client5.http.impl.io.PoolingHttpClientConnectionManager -- ex-0000000019 endpoint leased [route: {s}->https://googlechromelabs.github.io:443][total available: 0; route allocated: 1 of 5; total allocated: 1 of 25]
11:27:19.400 [main] DEBUG org.apache.hc.client5.http.impl.io.PoolingHttpClientConnectionManager -- ex-0000000019 acquired ep-0000000019
11:27:19.400 [main] DEBUG org.apache.hc.client5.http.impl.classic.InternalHttpClient -- ex-0000000019 acquired endpoint ep-0000000019
11:27:19.400 [main] DEBUG org.apache.hc.client5.http.impl.classic.ConnectExec -- ex-0000000019 opening connection {s}->https://googlechromelabs.github.io:443
11:27:19.400 [main] DEBUG org.apache.hc.client5.http.impl.classic.InternalHttpClient -- ep-0000000019 connecting endpoint (null)
11:27:19.400 [main] DEBUG org.apache.hc.client5.http.impl.io.PoolingHttpClientConnectionManager -- ep-0000000019 connecting endpoint to https://googlechromelabs.github.io:443 (30 SECONDS)
11:27:19.400 [main] DEBUG org.apache.hc.client5.http.impl.io.DefaultHttpClientConnectionOperator -- googlechromelabs.github.io resolving remote address
11:27:19.400 [main] DEBUG org.apache.hc.client5.http.impl.io.DefaultHttpClientConnectionOperator -- googlechromelabs.github.io resolved to [googlechromelabs.github.io/185.199.108.153, googlechromelabs.github.io/185.199.111.153, googlechromelabs.github.io/185.199.110.153, googlechromelabs.github.io/185.199.109.153]
11:27:19.400 [main] DEBUG org.apache.hc.client5.http.impl.io.DefaultHttpClientConnectionOperator -- googlechromelabs.github.io:443 connecting null->googlechromelabs.github.io/185.199.108.153:443 (30 SECONDS)
11:27:19.400 [main] DEBUG org.apache.hc.client5.http.ssl.SSLConnectionSocketFactory -- Connecting socket to googlechromelabs.github.io/185.199.108.153:443 with timeout 30 SECONDS
11:27:19.439 [main] DEBUG org.apache.hc.client5.http.ssl.SSLConnectionSocketFactory -- Enabled protocols: [TLSv1.3, TLSv1.2]
11:27:19.439 [main] DEBUG org.apache.hc.client5.http.ssl.SSLConnectionSocketFactory -- Enabled cipher suites: [TLS_AES_256_GCM_SHA384, TLS_AES_128_GCM_SHA256, TLS_CHACHA20_POLY1305_SHA256, TLS_ECDHE_ECDSA_WITH_AES_256_GCM_SHA384, TLS_ECDHE_ECDSA_WITH_AES_128_GCM_SHA256, TLS_ECDHE_ECDSA_WITH_CHACHA20_POLY1305_SHA256, TLS_ECDHE_RSA_WITH_AES_256_GCM_SHA384, TLS_ECDHE_RSA_WITH_CHACHA20_POLY1305_SHA256, TLS_ECDHE_RSA_WITH_AES_128_GCM_SHA256, TLS_DHE_RSA_WITH_AES_256_GCM_SHA384, TLS_DHE_RSA_WITH_CHACHA20_POLY1305_SHA256, TLS_DHE_DSS_WITH_AES_256_GCM_SHA384, TLS_DHE_RSA_WITH_AES_128_GCM_SHA256, TLS_DHE_DSS_WITH_AES_128_GCM_SHA256, TLS_ECDHE_ECDSA_WITH_AES_256_CBC_SHA384, TLS_ECDHE_RSA_WITH_AES_256_CBC_SHA384, TLS_ECDHE_ECDSA_WITH_AES_128_CBC_SHA256, TLS_ECDHE_RSA_WITH_AES_128_CBC_SHA256, TLS_DHE_RSA_WITH_AES_256_CBC_SHA256, TLS_DHE_DSS_WITH_AES_256_CBC_SHA256, TLS_DHE_RSA_WITH_AES_128_CBC_SHA256, TLS_DHE_DSS_WITH_AES_128_CBC_SHA256, TLS_ECDHE_ECDSA_WITH_AES_256_CBC_SHA, TLS_ECDHE_RSA_WITH_AES_256_CBC_SHA, TLS_ECDHE_ECDSA_WITH_AES_128_CBC_SHA, TLS_ECDHE_RSA_WITH_AES_128_CBC_SHA, TLS_DHE_RSA_WITH_AES_256_CBC_SHA, TLS_DHE_DSS_WITH_AES_256_CBC_SHA, TLS_DHE_RSA_WITH_AES_128_CBC_SHA, TLS_DHE_DSS_WITH_AES_128_CBC_SHA, TLS_RSA_WITH_AES_256_GCM_SHA384, TLS_RSA_WITH_AES_128_GCM_SHA256, TLS_RSA_WITH_AES_256_CBC_SHA256, TLS_RSA_WITH_AES_128_CBC_SHA256, TLS_RSA_WITH_AES_256_CBC_SHA, TLS_RSA_WITH_AES_128_CBC_SHA, TLS_EMPTY_RENEGOTIATION_INFO_SCSV]
11:27:19.439 [main] DEBUG org.apache.hc.client5.http.ssl.SSLConnectionSocketFactory -- Starting handshake (null)
11:27:19.485 [main] DEBUG org.apache.hc.client5.http.ssl.SSLConnectionSocketFactory -- Secure session established
11:27:19.485 [main] DEBUG org.apache.hc.client5.http.ssl.SSLConnectionSocketFactory --  negotiated protocol: TLSv1.3
11:27:19.485 [main] DEBUG org.apache.hc.client5.http.ssl.SSLConnectionSocketFactory --  negotiated cipher suite: TLS_AES_128_GCM_SHA256
11:27:19.485 [main] DEBUG org.apache.hc.client5.http.ssl.SSLConnectionSocketFactory --  peer principal: CN=*.github.io, O="GitHub, Inc.", L=San Francisco, ST=California, C=US
11:27:19.485 [main] DEBUG org.apache.hc.client5.http.ssl.SSLConnectionSocketFactory --  peer alternative names: [*.github.io, github.io, *.github.com, github.com, www.github.com, *.githubusercontent.com, githubusercontent.com]
11:27:19.485 [main] DEBUG org.apache.hc.client5.http.ssl.SSLConnectionSocketFactory --  issuer principal: CN=DigiCert TLS RSA SHA256 2020 CA1, O=DigiCert Inc, C=US
11:27:19.485 [main] DEBUG org.apache.hc.client5.http.impl.io.DefaultManagedHttpClientConnection -- http-outgoing-18 set socket timeout to 3 MINUTES
11:27:19.485 [main] DEBUG org.apache.hc.client5.http.impl.io.DefaultHttpClientConnectionOperator -- googlechromelabs.github.io:443 connected null->googlechromelabs.github.io/185.199.108.153:443 as http-outgoing-18
11:27:19.485 [main] DEBUG org.apache.hc.client5.http.impl.io.PoolingHttpClientConnectionManager -- ep-0000000019 connected http-outgoing-18
11:27:19.485 [main] DEBUG org.apache.hc.client5.http.impl.classic.InternalHttpClient -- ep-0000000019 endpoint connected
11:27:19.485 [main] DEBUG org.apache.hc.client5.http.impl.classic.MainClientExec -- ex-0000000019 executing GET /chrome-for-testing/LATEST_RELEASE_120.0.6099.63 HTTP/1.1
11:27:19.485 [main] DEBUG org.apache.hc.client5.http.protocol.RequestAddCookies -- ex-0000000019 Cookie spec selected: strict
11:27:19.485 [main] DEBUG org.apache.hc.client5.http.impl.classic.InternalHttpClient -- ep-0000000019 start execution ex-0000000019
11:27:19.485 [main] DEBUG org.apache.hc.client5.http.impl.io.PoolingHttpClientConnectionManager -- ep-0000000019 executing exchange ex-0000000019 over http-outgoing-18
11:27:19.486 [main] DEBUG org.apache.hc.client5.http.headers -- http-outgoing-18 >> GET /chrome-for-testing/LATEST_RELEASE_120.0.6099.63 HTTP/1.1
11:27:19.486 [main] DEBUG org.apache.hc.client5.http.headers -- http-outgoing-18 >> user-agent: Apache-HttpClient/5.0
11:27:19.486 [main] DEBUG org.apache.hc.client5.http.headers -- http-outgoing-18 >> accept-encoding: gzip, deflate, br
11:27:19.486 [main] DEBUG org.apache.hc.client5.http.headers -- http-outgoing-18 >> cache-control: max-age=0
11:27:19.486 [main] DEBUG org.apache.hc.client5.http.headers -- http-outgoing-18 >> connection: keep-alive
11:27:19.486 [main] DEBUG org.apache.hc.client5.http.headers -- http-outgoing-18 >> Host: googlechromelabs.github.io
11:27:19.486 [main] DEBUG org.apache.hc.client5.http.wire -- http-outgoing-18 >> "GET /chrome-for-testing/LATEST_RELEASE_120.0.6099.63 HTTP/1.1[\r][\n]"
11:27:19.486 [main] DEBUG org.apache.hc.client5.http.wire -- http-outgoing-18 >> "user-agent: Apache-HttpClient/5.0[\r][\n]"
11:27:19.486 [main] DEBUG org.apache.hc.client5.http.wire -- http-outgoing-18 >> "accept-encoding: gzip, deflate, br[\r][\n]"
11:27:19.486 [main] DEBUG org.apache.hc.client5.http.wire -- http-outgoing-18 >> "cache-control: max-age=0[\r][\n]"
11:27:19.486 [main] DEBUG org.apache.hc.client5.http.wire -- http-outgoing-18 >> "connection: keep-alive[\r][\n]"
11:27:19.486 [main] DEBUG org.apache.hc.client5.http.wire -- http-outgoing-18 >> "Host: googlechromelabs.github.io[\r][\n]"
11:27:19.486 [main] DEBUG org.apache.hc.client5.http.wire -- http-outgoing-18 >> "[\r][\n]"
11:27:19.524 [main] DEBUG org.apache.hc.client5.http.wire -- http-outgoing-18 << "HTTP/1.1 404 Not Found[\r][\n]"
11:27:19.524 [main] DEBUG org.apache.hc.client5.http.wire -- http-outgoing-18 << "Connection: keep-alive[\r][\n]"
11:27:19.524 [main] DEBUG org.apache.hc.client5.http.wire -- http-outgoing-18 << "Content-Length: 5254[\r][\n]"
11:27:19.524 [main] DEBUG org.apache.hc.client5.http.wire -- http-outgoing-18 << "Server: GitHub.com[\r][\n]"
11:27:19.524 [main] DEBUG org.apache.hc.client5.http.wire -- http-outgoing-18 << "Content-Type: text/html; charset=utf-8[\r][\n]"
11:27:19.524 [main] DEBUG org.apache.hc.client5.http.wire -- http-outgoing-18 << "permissions-policy: interest-cohort=()[\r][\n]"
11:27:19.524 [main] DEBUG org.apache.hc.client5.http.wire -- http-outgoing-18 << "x-origin-cache: HIT[\r][\n]"
11:27:19.524 [main] DEBUG org.apache.hc.client5.http.wire -- http-outgoing-18 << "Access-Control-Allow-Origin: *[\r][\n]"
11:27:19.524 [main] DEBUG org.apache.hc.client5.http.wire -- http-outgoing-18 << "Strict-Transport-Security: max-age=31556952[\r][\n]"
11:27:19.524 [main] DEBUG org.apache.hc.client5.http.wire -- http-outgoing-18 << "ETag: W/"64d248ca-24a3"[\r][\n]"
11:27:19.524 [main] DEBUG org.apache.hc.client5.http.wire -- http-outgoing-18 << "Content-Security-Policy: default-src 'none'; style-src 'unsafe-inline'; img-src data:; connect-src 'self'[\r][\n]"
11:27:19.524 [main] DEBUG org.apache.hc.client5.http.wire -- http-outgoing-18 << "Content-Encoding: gzip[\r][\n]"
11:27:19.524 [main] DEBUG org.apache.hc.client5.http.wire -- http-outgoing-18 << "x-proxy-cache: MISS[\r][\n]"
11:27:19.524 [main] DEBUG org.apache.hc.client5.http.wire -- http-outgoing-18 << "X-GitHub-Request-Id: 4334:13C5B4:3D3D511:3E5167D:658410B8[\r][\n]"
11:27:19.524 [main] DEBUG org.apache.hc.client5.http.wire -- http-outgoing-18 << "Accept-Ranges: bytes[\r][\n]"
11:27:19.524 [main] DEBUG org.apache.hc.client5.http.wire -- http-outgoing-18 << "Date: Thu, 21 Dec 2023 10:27:22 GMT[\r][\n]"
11:27:19.524 [main] DEBUG org.apache.hc.client5.http.wire -- http-outgoing-18 << "Via: 1.1 varnish[\r][\n]"
11:27:19.524 [main] DEBUG org.apache.hc.client5.http.wire -- http-outgoing-18 << "Age: 594[\r][\n]"
11:27:19.524 [main] DEBUG org.apache.hc.client5.http.wire -- http-outgoing-18 << "X-Served-By: cache-mad2200109-MAD[\r][\n]"
11:27:19.524 [main] DEBUG org.apache.hc.client5.http.wire -- http-outgoing-18 << "X-Cache: HIT[\r][\n]"
11:27:19.524 [main] DEBUG org.apache.hc.client5.http.wire -- http-outgoing-18 << "X-Cache-Hits: 1[\r][\n]"
11:27:19.524 [main] DEBUG org.apache.hc.client5.http.wire -- http-outgoing-18 << "X-Timer: S1703154442.185194,VS0,VE1[\r][\n]"
11:27:19.524 [main] DEBUG org.apache.hc.client5.http.wire -- http-outgoing-18 << "Vary: Accept-Encoding[\r][\n]"
11:27:19.524 [main] DEBUG org.apache.hc.client5.http.wire -- http-outgoing-18 << "X-Fastly-Request-ID: a9bd5ae30415dab4538f2a951e8cfeedf29f4606[\r][\n]"
11:27:19.524 [main] DEBUG org.apache.hc.client5.http.wire -- http-outgoing-18 << "[\r][\n]"
11:27:19.524 [main] DEBUG org.apache.hc.client5.http.headers -- http-outgoing-18 << HTTP/1.1 404 Not Found
11:27:19.524 [main] DEBUG org.apache.hc.client5.http.headers -- http-outgoing-18 << Connection: keep-alive
11:27:19.524 [main] DEBUG org.apache.hc.client5.http.headers -- http-outgoing-18 << Content-Length: 5254
11:27:19.524 [main] DEBUG org.apache.hc.client5.http.headers -- http-outgoing-18 << Server: GitHub.com
11:27:19.524 [main] DEBUG org.apache.hc.client5.http.headers -- http-outgoing-18 << Content-Type: text/html; charset=utf-8
11:27:19.524 [main] DEBUG org.apache.hc.client5.http.headers -- http-outgoing-18 << permissions-policy: interest-cohort=()
11:27:19.524 [main] DEBUG org.apache.hc.client5.http.headers -- http-outgoing-18 << x-origin-cache: HIT
11:27:19.524 [main] DEBUG org.apache.hc.client5.http.headers -- http-outgoing-18 << Access-Control-Allow-Origin: *
11:27:19.524 [main] DEBUG org.apache.hc.client5.http.headers -- http-outgoing-18 << Strict-Transport-Security: max-age=31556952
11:27:19.524 [main] DEBUG org.apache.hc.client5.http.headers -- http-outgoing-18 << ETag: W/"64d248ca-24a3"
11:27:19.524 [main] DEBUG org.apache.hc.client5.http.headers -- http-outgoing-18 << Content-Security-Policy: default-src 'none'; style-src 'unsafe-inline'; img-src data:; connect-src 'self'
11:27:19.524 [main] DEBUG org.apache.hc.client5.http.headers -- http-outgoing-18 << Content-Encoding: gzip
11:27:19.524 [main] DEBUG org.apache.hc.client5.http.headers -- http-outgoing-18 << x-proxy-cache: MISS
11:27:19.524 [main] DEBUG org.apache.hc.client5.http.headers -- http-outgoing-18 << X-GitHub-Request-Id: 4334:13C5B4:3D3D511:3E5167D:658410B8
11:27:19.524 [main] DEBUG org.apache.hc.client5.http.headers -- http-outgoing-18 << Accept-Ranges: bytes
11:27:19.524 [main] DEBUG org.apache.hc.client5.http.headers -- http-outgoing-18 << Date: Thu, 21 Dec 2023 10:27:22 GMT
11:27:19.524 [main] DEBUG org.apache.hc.client5.http.headers -- http-outgoing-18 << Via: 1.1 varnish
11:27:19.524 [main] DEBUG org.apache.hc.client5.http.headers -- http-outgoing-18 << Age: 594
11:27:19.524 [main] DEBUG org.apache.hc.client5.http.headers -- http-outgoing-18 << X-Served-By: cache-mad2200109-MAD
11:27:19.524 [main] DEBUG org.apache.hc.client5.http.headers -- http-outgoing-18 << X-Cache: HIT
11:27:19.524 [main] DEBUG org.apache.hc.client5.http.headers -- http-outgoing-18 << X-Cache-Hits: 1
11:27:19.524 [main] DEBUG org.apache.hc.client5.http.headers -- http-outgoing-18 << X-Timer: S1703154442.185194,VS0,VE1
11:27:19.524 [main] DEBUG org.apache.hc.client5.http.headers -- http-outgoing-18 << Vary: Accept-Encoding
11:27:19.524 [main] DEBUG org.apache.hc.client5.http.headers -- http-outgoing-18 << X-Fastly-Request-ID: a9bd5ae30415dab4538f2a951e8cfeedf29f4606
11:27:19.525 [main] DEBUG org.apache.hc.client5.http.impl.classic.MainClientExec -- ex-0000000019 connection can be kept alive for 3 MINUTES
11:27:19.525 [main] ERROR io.github.bonigarcia.wdm.online.HttpClient -- Error HTTP 404 executing https://googlechromelabs.github.io/chrome-for-testing/LATEST_RELEASE_120.0.6099.63
11:27:19.525 [main] WARN io.github.bonigarcia.wdm.versions.VersionDetector -- Exception reading https://googlechromelabs.github.io/chrome-for-testing/LATEST_RELEASE_120.0.6099.63 to get latest version of chromedriver (Error HTTP 404 executing https://googlechromelabs.github.io/chrome-for-testing/LATEST_RELEASE_120.0.6099.63)
11:27:19.525 [main] DEBUG io.github.bonigarcia.wdm.versions.VersionDetector -- Getting driver version for chrome120.0.6099.63 from online versions.properties
11:27:19.526 [main] DEBUG org.apache.hc.client5.http.impl.classic.InternalHttpClient -- ex-0000000020 preparing request execution
11:27:19.526 [main] DEBUG org.apache.hc.client5.http.impl.classic.ProtocolExec -- ex-0000000020 target auth state: UNCHALLENGED
11:27:19.526 [main] DEBUG org.apache.hc.client5.http.impl.classic.ProtocolExec -- ex-0000000020 proxy auth state: UNCHALLENGED
11:27:19.526 [main] DEBUG org.apache.hc.client5.http.impl.classic.ConnectExec -- ex-0000000020 acquiring connection with route {s}->https://raw.githubusercontent.com:443
11:27:19.526 [main] DEBUG org.apache.hc.client5.http.impl.classic.InternalHttpClient -- ex-0000000020 acquiring endpoint (3 MINUTES)
11:27:19.526 [main] DEBUG org.apache.hc.client5.http.impl.io.PoolingHttpClientConnectionManager -- ex-0000000020 endpoint lease request (3 MINUTES) [route: {s}->https://raw.githubusercontent.com:443][total available: 0; route allocated: 0 of 5; total allocated: 1 of 25]
11:27:19.526 [main] DEBUG org.apache.hc.client5.http.impl.io.PoolingHttpClientConnectionManager -- ex-0000000020 endpoint leased [route: {s}->https://raw.githubusercontent.com:443][total available: 0; route allocated: 1 of 5; total allocated: 2 of 25]
11:27:19.526 [main] DEBUG org.apache.hc.client5.http.impl.io.PoolingHttpClientConnectionManager -- ex-0000000020 acquired ep-0000000020
11:27:19.526 [main] DEBUG org.apache.hc.client5.http.impl.classic.InternalHttpClient -- ex-0000000020 acquired endpoint ep-0000000020
11:27:19.526 [main] DEBUG org.apache.hc.client5.http.impl.classic.ConnectExec -- ex-0000000020 opening connection {s}->https://raw.githubusercontent.com:443
11:27:19.526 [main] DEBUG org.apache.hc.client5.http.impl.classic.InternalHttpClient -- ep-0000000020 connecting endpoint (null)
11:27:19.526 [main] DEBUG org.apache.hc.client5.http.impl.io.PoolingHttpClientConnectionManager -- ep-0000000020 connecting endpoint to https://raw.githubusercontent.com:443 (30 SECONDS)
11:27:19.526 [main] DEBUG org.apache.hc.client5.http.impl.io.DefaultHttpClientConnectionOperator -- raw.githubusercontent.com resolving remote address
11:27:19.527 [main] DEBUG org.apache.hc.client5.http.impl.io.DefaultHttpClientConnectionOperator -- raw.githubusercontent.com resolved to [raw.githubusercontent.com/185.199.111.133, raw.githubusercontent.com/185.199.108.133, raw.githubusercontent.com/185.199.109.133, raw.githubusercontent.com/185.199.110.133]
11:27:19.527 [main] DEBUG org.apache.hc.client5.http.impl.io.DefaultHttpClientConnectionOperator -- raw.githubusercontent.com:443 connecting null->raw.githubusercontent.com/185.199.111.133:443 (30 SECONDS)
11:27:19.527 [main] DEBUG org.apache.hc.client5.http.ssl.SSLConnectionSocketFactory -- Connecting socket to raw.githubusercontent.com/185.199.111.133:443 with timeout 30 SECONDS
11:27:19.575 [main] DEBUG org.apache.hc.client5.http.ssl.SSLConnectionSocketFactory -- Enabled protocols: [TLSv1.3, TLSv1.2]
11:27:19.575 [main] DEBUG org.apache.hc.client5.http.ssl.SSLConnectionSocketFactory -- Enabled cipher suites: [TLS_AES_256_GCM_SHA384, TLS_AES_128_GCM_SHA256, TLS_CHACHA20_POLY1305_SHA256, TLS_ECDHE_ECDSA_WITH_AES_256_GCM_SHA384, TLS_ECDHE_ECDSA_WITH_AES_128_GCM_SHA256, TLS_ECDHE_ECDSA_WITH_CHACHA20_POLY1305_SHA256, TLS_ECDHE_RSA_WITH_AES_256_GCM_SHA384, TLS_ECDHE_RSA_WITH_CHACHA20_POLY1305_SHA256, TLS_ECDHE_RSA_WITH_AES_128_GCM_SHA256, TLS_DHE_RSA_WITH_AES_256_GCM_SHA384, TLS_DHE_RSA_WITH_CHACHA20_POLY1305_SHA256, TLS_DHE_DSS_WITH_AES_256_GCM_SHA384, TLS_DHE_RSA_WITH_AES_128_GCM_SHA256, TLS_DHE_DSS_WITH_AES_128_GCM_SHA256, TLS_ECDHE_ECDSA_WITH_AES_256_CBC_SHA384, TLS_ECDHE_RSA_WITH_AES_256_CBC_SHA384, TLS_ECDHE_ECDSA_WITH_AES_128_CBC_SHA256, TLS_ECDHE_RSA_WITH_AES_128_CBC_SHA256, TLS_DHE_RSA_WITH_AES_256_CBC_SHA256, TLS_DHE_DSS_WITH_AES_256_CBC_SHA256, TLS_DHE_RSA_WITH_AES_128_CBC_SHA256, TLS_DHE_DSS_WITH_AES_128_CBC_SHA256, TLS_ECDHE_ECDSA_WITH_AES_256_CBC_SHA, TLS_ECDHE_RSA_WITH_AES_256_CBC_SHA, TLS_ECDHE_ECDSA_WITH_AES_128_CBC_SHA, TLS_ECDHE_RSA_WITH_AES_128_CBC_SHA, TLS_DHE_RSA_WITH_AES_256_CBC_SHA, TLS_DHE_DSS_WITH_AES_256_CBC_SHA, TLS_DHE_RSA_WITH_AES_128_CBC_SHA, TLS_DHE_DSS_WITH_AES_128_CBC_SHA, TLS_RSA_WITH_AES_256_GCM_SHA384, TLS_RSA_WITH_AES_128_GCM_SHA256, TLS_RSA_WITH_AES_256_CBC_SHA256, TLS_RSA_WITH_AES_128_CBC_SHA256, TLS_RSA_WITH_AES_256_CBC_SHA, TLS_RSA_WITH_AES_128_CBC_SHA, TLS_EMPTY_RENEGOTIATION_INFO_SCSV]
11:27:19.575 [main] DEBUG org.apache.hc.client5.http.ssl.SSLConnectionSocketFactory -- Starting handshake (null)
11:27:19.622 [main] DEBUG org.apache.hc.client5.http.ssl.SSLConnectionSocketFactory -- Secure session established
11:27:19.622 [main] DEBUG org.apache.hc.client5.http.ssl.SSLConnectionSocketFactory --  negotiated protocol: TLSv1.3
11:27:19.622 [main] DEBUG org.apache.hc.client5.http.ssl.SSLConnectionSocketFactory --  negotiated cipher suite: TLS_AES_128_GCM_SHA256
11:27:19.622 [main] DEBUG org.apache.hc.client5.http.ssl.SSLConnectionSocketFactory --  peer principal: CN=*.github.io, O="GitHub, Inc.", L=San Francisco, ST=California, C=US
11:27:19.622 [main] DEBUG org.apache.hc.client5.http.ssl.SSLConnectionSocketFactory --  peer alternative names: [*.github.io, github.io, *.github.com, github.com, www.github.com, *.githubusercontent.com, githubusercontent.com]
11:27:19.622 [main] DEBUG org.apache.hc.client5.http.ssl.SSLConnectionSocketFactory --  issuer principal: CN=DigiCert TLS RSA SHA256 2020 CA1, O=DigiCert Inc, C=US
11:27:19.622 [main] DEBUG org.apache.hc.client5.http.impl.io.DefaultManagedHttpClientConnection -- http-outgoing-19 set socket timeout to 3 MINUTES
11:27:19.622 [main] DEBUG org.apache.hc.client5.http.impl.io.DefaultHttpClientConnectionOperator -- raw.githubusercontent.com:443 connected null->raw.githubusercontent.com/185.199.111.133:443 as http-outgoing-19
11:27:19.622 [main] DEBUG org.apache.hc.client5.http.impl.io.PoolingHttpClientConnectionManager -- ep-0000000020 connected http-outgoing-19
11:27:19.622 [main] DEBUG org.apache.hc.client5.http.impl.classic.InternalHttpClient -- ep-0000000020 endpoint connected
11:27:19.622 [main] DEBUG org.apache.hc.client5.http.impl.classic.MainClientExec -- ex-0000000020 executing GET /bonigarcia/webdrivermanager/master/src/main/resources/versions.properties HTTP/1.1
11:27:19.622 [main] DEBUG org.apache.hc.client5.http.protocol.RequestAddCookies -- ex-0000000020 Cookie spec selected: strict
11:27:19.622 [main] DEBUG org.apache.hc.client5.http.impl.classic.InternalHttpClient -- ep-0000000020 start execution ex-0000000020
11:27:19.622 [main] DEBUG org.apache.hc.client5.http.impl.io.PoolingHttpClientConnectionManager -- ep-0000000020 executing exchange ex-0000000020 over http-outgoing-19
11:27:19.622 [main] DEBUG org.apache.hc.client5.http.headers -- http-outgoing-19 >> GET /bonigarcia/webdrivermanager/master/src/main/resources/versions.properties HTTP/1.1
11:27:19.622 [main] DEBUG org.apache.hc.client5.http.headers -- http-outgoing-19 >> user-agent: Apache-HttpClient/5.0
11:27:19.622 [main] DEBUG org.apache.hc.client5.http.headers -- http-outgoing-19 >> accept-encoding: gzip, deflate, br
11:27:19.622 [main] DEBUG org.apache.hc.client5.http.headers -- http-outgoing-19 >> cache-control: max-age=0
11:27:19.622 [main] DEBUG org.apache.hc.client5.http.headers -- http-outgoing-19 >> connection: keep-alive
11:27:19.622 [main] DEBUG org.apache.hc.client5.http.headers -- http-outgoing-19 >> Host: raw.githubusercontent.com
11:27:19.622 [main] DEBUG org.apache.hc.client5.http.wire -- http-outgoing-19 >> "GET /bonigarcia/webdrivermanager/master/src/main/resources/versions.properties HTTP/1.1[\r][\n]"
11:27:19.622 [main] DEBUG org.apache.hc.client5.http.wire -- http-outgoing-19 >> "user-agent: Apache-HttpClient/5.0[\r][\n]"
11:27:19.622 [main] DEBUG org.apache.hc.client5.http.wire -- http-outgoing-19 >> "accept-encoding: gzip, deflate, br[\r][\n]"
11:27:19.622 [main] DEBUG org.apache.hc.client5.http.wire -- http-outgoing-19 >> "cache-control: max-age=0[\r][\n]"
11:27:19.622 [main] DEBUG org.apache.hc.client5.http.wire -- http-outgoing-19 >> "connection: keep-alive[\r][\n]"
11:27:19.622 [main] DEBUG org.apache.hc.client5.http.wire -- http-outgoing-19 >> "Host: raw.githubusercontent.com[\r][\n]"
11:27:19.622 [main] DEBUG org.apache.hc.client5.http.wire -- http-outgoing-19 >> "[\r][\n]"
11:27:19.662 [main] DEBUG org.apache.hc.client5.http.wire -- http-outgoing-19 << "HTTP/1.1 200 OK[\r][\n]"
11:27:19.662 [main] DEBUG org.apache.hc.client5.http.wire -- http-outgoing-19 << "Connection: keep-alive[\r][\n]"
11:27:19.662 [main] DEBUG org.apache.hc.client5.http.wire -- http-outgoing-19 << "Content-Length: 1653[\r][\n]"
11:27:19.662 [main] DEBUG org.apache.hc.client5.http.wire -- http-outgoing-19 << "Cache-Control: max-age=300[\r][\n]"
11:27:19.662 [main] DEBUG org.apache.hc.client5.http.wire -- http-outgoing-19 << "Content-Security-Policy: default-src 'none'; style-src 'unsafe-inline'; sandbox[\r][\n]"
11:27:19.662 [main] DEBUG org.apache.hc.client5.http.wire -- http-outgoing-19 << "Content-Type: text/plain; charset=utf-8[\r][\n]"
11:27:19.662 [main] DEBUG org.apache.hc.client5.http.wire -- http-outgoing-19 << "ETag: W/"de56f96e4580ae55450ed6a794662cbdb2b39827f9709095aa3e1e7f6914629d"[\r][\n]"
11:27:19.662 [main] DEBUG org.apache.hc.client5.http.wire -- http-outgoing-19 << "Strict-Transport-Security: max-age=31536000[\r][\n]"
11:27:19.662 [main] DEBUG org.apache.hc.client5.http.wire -- http-outgoing-19 << "X-Content-Type-Options: nosniff[\r][\n]"
11:27:19.662 [main] DEBUG org.apache.hc.client5.http.wire -- http-outgoing-19 << "X-Frame-Options: deny[\r][\n]"
11:27:19.662 [main] DEBUG org.apache.hc.client5.http.wire -- http-outgoing-19 << "X-XSS-Protection: 1; mode=block[\r][\n]"
11:27:19.662 [main] DEBUG org.apache.hc.client5.http.wire -- http-outgoing-19 << "X-GitHub-Request-Id: 728E:2E6B8C:62B50D:676D49:6583D0E9[\r][\n]"
11:27:19.662 [main] DEBUG org.apache.hc.client5.http.wire -- http-outgoing-19 << "Content-Encoding: gzip[\r][\n]"
11:27:19.662 [main] DEBUG org.apache.hc.client5.http.wire -- http-outgoing-19 << "Accept-Ranges: bytes[\r][\n]"
11:27:19.662 [main] DEBUG org.apache.hc.client5.http.wire -- http-outgoing-19 << "Date: Thu, 21 Dec 2023 10:27:22 GMT[\r][\n]"
11:27:19.662 [main] DEBUG org.apache.hc.client5.http.wire -- http-outgoing-19 << "Via: 1.1 varnish[\r][\n]"
11:27:19.662 [main] DEBUG org.apache.hc.client5.http.wire -- http-outgoing-19 << "X-Served-By: cache-mad22023-MAD[\r][\n]"
11:27:19.662 [main] DEBUG org.apache.hc.client5.http.wire -- http-outgoing-19 << "X-Cache: HIT[\r][\n]"
11:27:19.662 [main] DEBUG org.apache.hc.client5.http.wire -- http-outgoing-19 << "X-Cache-Hits: 1[\r][\n]"
11:27:19.662 [main] DEBUG org.apache.hc.client5.http.wire -- http-outgoing-19 << "X-Timer: S1703154442.322786,VS0,VE1[\r][\n]"
11:27:19.662 [main] DEBUG org.apache.hc.client5.http.wire -- http-outgoing-19 << "Vary: Authorization,Accept-Encoding,Origin[\r][\n]"
11:27:19.662 [main] DEBUG org.apache.hc.client5.http.wire -- http-outgoing-19 << "Access-Control-Allow-Origin: *[\r][\n]"
11:27:19.662 [main] DEBUG org.apache.hc.client5.http.wire -- http-outgoing-19 << "Cross-Origin-Resource-Policy: cross-origin[\r][\n]"
11:27:19.662 [main] DEBUG org.apache.hc.client5.http.wire -- http-outgoing-19 << "X-Fastly-Request-ID: 83c6c9c51a4fb99666337d6a5e420a1e64cdbc73[\r][\n]"
11:27:19.662 [main] DEBUG org.apache.hc.client5.http.wire -- http-outgoing-19 << "Expires: Thu, 21 Dec 2023 10:32:22 GMT[\r][\n]"
11:27:19.662 [main] DEBUG org.apache.hc.client5.http.wire -- http-outgoing-19 << "Source-Age: 182[\r][\n]"
11:27:19.662 [main] DEBUG org.apache.hc.client5.http.wire -- http-outgoing-19 << "[\r][\n]"
11:27:19.662 [main] DEBUG org.apache.hc.client5.http.headers -- http-outgoing-19 << HTTP/1.1 200 OK
11:27:19.662 [main] DEBUG org.apache.hc.client5.http.headers -- http-outgoing-19 << Connection: keep-alive
11:27:19.662 [main] DEBUG org.apache.hc.client5.http.headers -- http-outgoing-19 << Content-Length: 1653
11:27:19.662 [main] DEBUG org.apache.hc.client5.http.headers -- http-outgoing-19 << Cache-Control: max-age=300
11:27:19.662 [main] DEBUG org.apache.hc.client5.http.headers -- http-outgoing-19 << Content-Security-Policy: default-src 'none'; style-src 'unsafe-inline'; sandbox
11:27:19.662 [main] DEBUG org.apache.hc.client5.http.headers -- http-outgoing-19 << Content-Type: text/plain; charset=utf-8
11:27:19.662 [main] DEBUG org.apache.hc.client5.http.headers -- http-outgoing-19 << ETag: W/"de56f96e4580ae55450ed6a794662cbdb2b39827f9709095aa3e1e7f6914629d"
11:27:19.662 [main] DEBUG org.apache.hc.client5.http.headers -- http-outgoing-19 << Strict-Transport-Security: max-age=31536000
11:27:19.662 [main] DEBUG org.apache.hc.client5.http.headers -- http-outgoing-19 << X-Content-Type-Options: nosniff
11:27:19.662 [main] DEBUG org.apache.hc.client5.http.headers -- http-outgoing-19 << X-Frame-Options: deny
11:27:19.662 [main] DEBUG org.apache.hc.client5.http.headers -- http-outgoing-19 << X-XSS-Protection: 1; mode=block
11:27:19.662 [main] DEBUG org.apache.hc.client5.http.headers -- http-outgoing-19 << X-GitHub-Request-Id: 728E:2E6B8C:62B50D:676D49:6583D0E9
11:27:19.662 [main] DEBUG org.apache.hc.client5.http.headers -- http-outgoing-19 << Content-Encoding: gzip
11:27:19.662 [main] DEBUG org.apache.hc.client5.http.headers -- http-outgoing-19 << Accept-Ranges: bytes
11:27:19.662 [main] DEBUG org.apache.hc.client5.http.headers -- http-outgoing-19 << Date: Thu, 21 Dec 2023 10:27:22 GMT
11:27:19.662 [main] DEBUG org.apache.hc.client5.http.headers -- http-outgoing-19 << Via: 1.1 varnish
11:27:19.662 [main] DEBUG org.apache.hc.client5.http.headers -- http-outgoing-19 << X-Served-By: cache-mad22023-MAD
11:27:19.662 [main] DEBUG org.apache.hc.client5.http.headers -- http-outgoing-19 << X-Cache: HIT
11:27:19.662 [main] DEBUG org.apache.hc.client5.http.headers -- http-outgoing-19 << X-Cache-Hits: 1
11:27:19.662 [main] DEBUG org.apache.hc.client5.http.headers -- http-outgoing-19 << X-Timer: S1703154442.322786,VS0,VE1
11:27:19.662 [main] DEBUG org.apache.hc.client5.http.headers -- http-outgoing-19 << Vary: Authorization,Accept-Encoding,Origin
11:27:19.662 [main] DEBUG org.apache.hc.client5.http.headers -- http-outgoing-19 << Access-Control-Allow-Origin: *
11:27:19.662 [main] DEBUG org.apache.hc.client5.http.headers -- http-outgoing-19 << Cross-Origin-Resource-Policy: cross-origin
11:27:19.662 [main] DEBUG org.apache.hc.client5.http.headers -- http-outgoing-19 << X-Fastly-Request-ID: 83c6c9c51a4fb99666337d6a5e420a1e64cdbc73
11:27:19.662 [main] DEBUG org.apache.hc.client5.http.headers -- http-outgoing-19 << Expires: Thu, 21 Dec 2023 10:32:22 GMT
11:27:19.662 [main] DEBUG org.apache.hc.client5.http.headers -- http-outgoing-19 << Source-Age: 182
11:27:19.663 [main] DEBUG org.apache.hc.client5.http.impl.classic.MainClientExec -- ex-0000000020 connection can be kept alive for 3 MINUTES
11:27:19.663 [main] DEBUG org.apache.hc.client5.http.wire -- http-outgoing-19 << "[0x1f][0xffffff8b][0x8][0x0][0x0][0x0][0x0][0x0][0x0][0x3][0xffffff8d][0xffffff97]Mo[0xffffffe3]6[0x10][0xffffff86][0xffffffef][0xfffffff9][0x15][0x2]z[0xffffff8e][0xffffffcc][0xffffffcf]![0x19][0xffffff80][0xffffff97]~[0xffffff9e][0xffffff8a][0x1e][0xffffffda]?[0xffffffe0][0xffffffb5][0xffffff95]DX[0xffffffc7][\n]"
11:27:19.663 [main] DEBUG org.apache.hc.client5.http.wire -- http-outgoing-19 << "lg[0xffffffb3][0xffffffe8][0xffffffaf][0xffffffef][0xc][0xffffffc9][0xffffffa1]h[0xffffffaa][0x5]z[0x8]v[0xffffffe7][0xffffffb1]D[0xffffffce][0xffffff90][0xffffffd4][0xffffffcb]w~[0x18][0xfffffffe]z[0xffffff9d][0xffffffaf][0xffffffc3][0xfffffff3]|[0xffffff9a][0xffffff86][0xffffffc3]r[0xffffffbe][0xffffffed][0xffffffe7][0xfffffff3]u[0xffffffb8][0xffffffbd]N[0xffffffc3][0xffffffd7][0xfffffff3][0xfffffff2]y[0x1e][0xffffff8e][0xffffff97][0xfffffff9][0xffffffdb]t[0x19][0xfffffff0][0xffffffef]:/[0xfffffff8][0xffffffcb]ay{[0xffffffdf][0xffffffdf][0xffffffe6]/[0xfffffff8][0xfffffff4][0xffffffe7]|{MO[0x1e][0xffffff96][0xffffffcb]e[0xffffffba][0xffffffbe]/[0xffffffe7][0xffffffe3]|~[0x19][0xffffffbe]\[0xffffff96][0xffffffcf][0xffffffeb][0xfffffffa][0xffffffca][0xffffffc3][0xffffffc3][0xf][0xffffffc3][0xffffff8f][0x19]=[\r][0xffffffbf]-[0xffffffcb][0xb][0xffffffbe][0xfffffff9][0xffffffd3][0xffffffeb]ey[0xffffff9b][0xffffff86][0xfffffffd][0xfffffff9][0xffffff98][0xffffffff];[0x7f][0xffffffbc][\r][0xffffff8f][0xffffffc3][0xffffffcf]i[0xffffffaa][0xffffffa7][0xffffffe1][0xffffff90]~[0xffffffcd][0x13][0xffffffe3][0xffffffcb][0x7f].[0x1f][0xffffff97][0xffffffc3][0xfffffff4]4[0xffffffbc][0xffffffde]n[0xffffffef]O[0xffffffbb]][0xfffffffb][0xffffffeb]x(o[0xffffff8f][0xffffffcb][0xffffffe5]ew[0xffffffc4]|O[0xffffffcb][0xfffffffe]x}[0xffffffc8][0xffffffcf]Hi"[0xfffffffe][0xffffff8d]b[0xffffffb4]N[0xffffffdb]1[0xffffff88][0xffffffca]5rM[0x1c][0xffffff9c][0x1a]AW[0xffffffae][0xffffff90][0xffffffab][0xffffffc4][0xffffffa5][0x1d]M[0xffffffa8]\"[0xffffff97][0xffffffc4]-[0xffffffe8][0x11]L[0xffffffe5][0x2][0xffffffb9] n[0xffffffbc][0x1c][0xffffff9d]c.B[0xffffffc4][0xffffffbf][0xffffffc4]qzW[0xffffff9f][0x17][0x1e][0xffffffb9]'[0xffffffae]m[0x18][0xffffff9d][0xffffffac][0xffffffdc]!w[0xffffff89][0xb]3[0xffffff82][0xffffffaa][0x1c][0xffffff90][0x3]qe[0xffffffc2][0x8][0xffffffeb][0xfffffff3][0x16][0xffffffb9]%.[0xffffff83][0xffffffc5][0x1f]+[0xffffffc7]zE[0xffffffaa][0xffffff97][0xffffffca]p5[0x7f][0xffffff81][0xfffffff5][0xffffff8a]T[0xffffffaf][0x0]1J[0xffffffbd]&[0xffffff84][0x5][0xffffff8b]T[0xffffffb0][0xffffffc0][0xfffffff1][0xffffff9a][0x9][0xffffffb0]`A[0x5][0xffffff9b]`[0xffffffe5]hV[0xffffff8e][0x5][0xb]*[0xffffffd8][0xfffffff8][0x0]#[0xfffffff0][0xffffff82][0xffffff86][0x10]CH[0xffffffd4][0x18][0xffffff9c][0xffffff9b][0xffffffa9][0xffffff8f][0xffffff81][0xffffff8a]5[0xffffffce][0xfffffffa][0x11][0xffffffa7]a[0xffffffec]b[0xffffffa0]Z[\r][0x4][0xffffffb5][0xffffffae]A[0xffffff80][0x18] Q0[0xffffffa3][0xffffffb1]Lm[0xc]6Q[0xffffffed]G[0xffffffe0]z[0xffffff82][0xffffff89][0xffffffc1]$[0xffffff8a][0xffffff8b][0xffffff83][0x1b][0xffffffc9]X[0xffffffc7]@E[0x1a][0xffffffeb][0xffffffdc][0xffffffba][0xffffffa9]A[0xffffffc5][0xffffffa0][0x12][0xffffffc5]-[0xffffffc5]Uf,cH[0x5][0x1a]<[0x1]X+c[0x11]C[0xffffffaa][0xffffffcf]h1*^'[0x1f][0xffffffa2]O[0xfffffff5]i[0xfffffffc]G[0xfffffff1][0xffffffc8][0xffffffde]G[0xffffff9f][0xffffffea][0xffffffd3][0xffffffca][0xffffff8c][0x1][0xffffff98][0xffffffba][0xffffffe8]Sy[0xffffffca][0xffffff8b][0xffffffd1]{[0xffffffa6][0x10]}*O[0x19][0x1c][0xffffff97][0xffffff97][0xffffffc2][0xffffffdb][0xffffffe8]Sy[0xffffffd2][0xffffffeb][0xffffffd1]sj[0xffffffde]D[0xffffff9f][0xffffffca][0xffffff93][0xffffffc6][0xffffff8d][0xffffff9a][0xffffffd7][0xffffffd8][0xffffffeb][0xffffffe8]Su[0xffffffb4][0xffffff93][0xffffff9a][0xffffff97][0xffffffc2][0xffffffcb][0xffffffe8]S[0x19][0x2]W^[0xffffffea]:[0xffffff9d][0xffffff88][0xffffff9e][0xffffffca][0xffffffd0][0x1]s[0xffffffc1]#T[0xffffffb0][0xb][0xffffffd1][0xffffff85][0xffffff84][0xffffff8d][0x1d]u[0xffffffa5]>:[0xffffff9f]([0xffffff9e][0x1d]<W[0xffffff8c]]tT[0xffffff88][0xfffffff6][0xffffff80][0xffffffdf][0x2][0xffffffa7][0xffffffe1] :H[0x14][0xf][0xffffffb8]Tu[0xc][0x1b][0x1d]U[0xffffffa2][0xffffff9d][0xffffffc3][0x3][0xffffffb6]>m[0xffffffa2]3[0x9]+<[0xffffffbf][0xc]utT[0xffffff89][0x6],[0x8]8e[0xffffffa7][0xffffffa2][0xffffffc2][0x1d][0xffffffe5]H[0xffffffde]E[0xffffff82]"N[0xc][0x2]E[0xffffffbc]7[0xffffffe0])[0xffffffe2][0x15][0x5]G[0x11][0xffffffef]&[0x0]E[0xffffff9c][0xc]X[0xffffff8c][0xffffffea][0x12][0xffffff81][0xffffffa1][0xffffff88][0xffffffd7][0x1c]4E<[0x1f]P.[0xffffffba][0xffffffce]G[0xffffffb9][0xffffffd4]o[0x6]([0x17][0xffffffad][0xffffffef]T[0xffffffed][0xfffffff7][0xffffffe5][0xffffffef][0xfffffff9]t[0xffffffda][0xf][0xffffffbf][0xffffffce][0xffffff97][0xffffffe9]y[0xfffffff9][0xffffffde]H[0xffffffd9][0xffffffcb]t[0xfffffff8][0xffffffba][0xfffffffc][0xffffffab][0xffffff92]]Q[0xffffffca]^P@?[0xffffffbe][0xffffff8c]([0xffffffa9][0xffffffbb][0xffffffb7]<[0xffffffc4][0xffffffae]yaw[0xffffff99]N[0xffffffd3][0xfffffffe]:][0x1f][0xffffff9e][0xfffffff3][0xffffffb8]R[0xffffff89][0xffffff88][0xffffffcb][0xffffff86]kW[0xffffff89][0xc][0x1b][0xffffffe2]7[0xffffffc4]m[0x8]l[0xffffff88][0xffffffdd][0x10][0xffffffb3]!zC[0xffffffd4][0xffffff86][0xffffffc8][\r]I9[0xffffffab]QU"B&[0xffffffeb]3[0xffffffc2]o[0xffffff88][0xffffffdb][0x10][0xffffffd8][0x10][0xffffffbb]!)g[0xffffffd9][0x12][0xffffffbd]!jC[0xffffffe4][0xffffff86][0xffffff88][0xffffff8e][0xffffff84][0xffffffd0][0x3][0xffffffdf][0x3][0xffffffd7][0x3][0xffffffe8][0xffffff81][0xffffffed]A[0xffffff9f]m[0xffffffe8][0xffffff93][\r]}[0xffffffae][0xffffffa1]O5P[0xffffffa6][0xfffffff8]m5`<[0xffffffcd][0xffffffe7][0xffffff8f][0xffffffef][0x19]K[0xffffffc6]>t[0xffffffcf]y[0xffffffdf][0x3][0xffffffd7][0x3][0xffffffe8][0xffffff81][0xffffffed][0xffffff81][0xffffffe9][0x1][0x15][0xffffffa0]|[0x3]T[0xf][0xffffffa8][0x0][0xffffffe5][0x1a] :[0xffffffe0]B[0xf]R[0xffffffa6][0xffffffd0][0x0][0xffffffd7][0x3][0xffffffe8][0xffffff81][0xffffffed][0xffffff81][0xffffffe9][0xffffff81][0xffffffee][0xffffff81][0xffffffea][0xffffff81][0xffffffec][0xffffff81][0xffffffe8][0x0][0xffffff84][0x1e][0xffffffa4]Lm[0x3]R[0xffffffa6][0xffffffa6][0x1][0xffffffd0][0x3][0xffffffdb][0xffffff83][0xffffff94]i[0xfffffff3][0x1][0xffffff81][0xffffffee]A[0xffffffca][0xffffffb4]9[0xfffffff6][0xffffff90]2m[0xe][0x5][0xffffff88][0xe][0xffffffd8][0xffffffd0][0x3][0xffffffdf][0x3][0xffffffd7][0xffffff83][0xffffff94][0xffffffa9]h[0xffffff80]e[0xffffffd0]*[0xffffffdf][0x1f][0xffffffef][0xffffffd3]e[0xffffffdf][0xffffffe8][0xffffffdd]B[0xfffffff1][0xffffffff][0xffffffd1][0xffffffbb][0xfffffff4][0xffffffe0]uy[0xffffffbe]}[0xffffffee]/S[0xffffff8e][0xffffffd8][0xffffffcb][0xfffffff5][0xffffffea][0xffffff97]~L[0xffffff9e]G[0xffffffd2][0xffffffe5][0x5][0x2]//[0xffffff89]ws[0xffffffe1][0xffffffe4][0xfffffff1][0xffffff92][0xffffffa7][\n]"
11:27:19.663 [main] DEBUG org.apache.hc.client5.http.wire -- http-outgoing-19 << "x[0xfffffffb][0xfffffffb][0xffffffc0][0xffffff98],^[0xffffffb2]T[0x1][0xffffffad][0xffffff83][0xffffffd4][0xffffff8a]9Y[0xffffffbc]d[0xffffffa9]<[0xe][0x13][0x1c]crx[0xffffffc9]Q9[0xfffffffc][0xffffff82]$[0xffffffda][0xffffff92][0xffffffc2]E[0xffffffeb] Q[0xffffffcc]2G=h[0xc][0xffffffa4]Te[0x18]T[0xffffff85][0xffffffc6]?z[0xffffffa6][0xffffffee][0xffffffce]=[0xffffffda]B[0xffffffa1][0xfffffff5][0xffffff8e]8Q[0xffffffc1][0xffffffb6][0xffffffb5][0xffffff8e][0xffffffa8][0xfffffff8][0x5][0xffffff9b][0xffffffd6]9[0xffffff86]Re[0xffffffd0][0xffffffad]oD[0xffffffb3][0xffffff91][0xffffffa9]j]#.Z[0xffffffc1][0xffffffb2]5[0xffffff8d][0xffffffe4][0xffffffc7]2[0x16][0xffffffad]g[0xfffffff4][0xffffffa5]p[0x1f]Z[0xffffffc7][0x8]P[0xffffffa8][0xffffffef][0xffffffec]b[0xffffffa6][0xffffffae]5[0xffffff8b]P6[0xffffffc6]Ck[0x15][0xffffffeb][0x12][0xffffffa1][0xffffff88][0xffffffdc]Y[0xffffffc5][0xc]M[0xffffffe3][0x14]}I[0xc][0xffffffc5][0xffffffe4][0xffffffce]'f[0xffffffa8][0xffffffee]mb[0xffffff86][0xffffffb2]q[0xffffff89][0xffffff96][0xffffffe7][0x17][0xffffff8d]I[0xffffffe4]TQ\[0xffffffee],b[0xffffff86][0xffffffbe]s[0xffffff88][0xffffff99][0xffffffba][0xffffffc6] :[0xffffff86][0xffffffd0][0xffffffd8]C_[0xffffffa6]G[0xffffffb5]Y[0xffffffdd]!g[0xffffff8f][0xffffff8a][0xffffffb3][0xffffff9a]C\[0xffffffe0]Buc[0xe][0xffffff81][0x7]U[0xffffff8d]7[0xfffffff4]e[0xffffffc3]Q~VkX7[0xb]5h[0xffffffb5][0xffffff86]|[0xffffffd6]Q[0xffffff87]Vg[0xffffffc8]'[0x1a][0xffffffb5][0xffffffa8]1[0xffffff86][0xffffffb2][0xffffff94][0xffffff8a][0xffffff82][0xffffffd4][0xfffffffa][0xffffffc2]2[0x17][0xffffffaa][0xffffffd2]j[0xb][0x1d][0xffffff8f]j[0x1b]W[0xffffffc8]G[0x19][0xffffffd5]i[0xfffffff5][0xffffff84][0xfffffff5]p[0xffffffa2]D5[0xffffff9e][0xffffff90]?5[0xffffffd4][0xffffffa9][0xffffffc6][0x12][0xffffffd6][0xffffffb9][0xffffff8a][0xffffff95]K[0xffffff81][\r]mP[0xffffff8c]\[0xe][0xffffff8a][0xffffff8f][0xffffffcb]A[0xffffffb1]q9(..[0x7][0xffffffc5][0xffffffc4][0xffffffe5][0xffffffa0]x[0xffffffb8][0x1c][0x14][0xb][0xffffff97][0x3][0xffffff99]=[[0xe]D[0x13][0x18][0xffffffca][0xffffff80]36[0xffffff94][0xffffff81].[0xfffffff3][0x18][0xffffffca]@[0xffffff95][0xffffffc5]0[0xffffff90][0xffffff83];[0xffffffd3]7[0x1f].[0xb])[0xffffffd8][0xfffffff0][0xffffffcb][0xfffffff1]ej4[0xfffffff0][0xffffffed]:![0xfffffff8]O[0x11]<N[0xffffffdf][0xffffffa6][0x13][0xffffff8d]:[0xffffffbe][0xfffffff1][0x8]I[0x11][0xffffffa7][0xfffffff3][0xffffffe3][0xffffffc7]uW[0xffffffd9]#[\r][0xffffffb2][0xffffffbb]-[0xffffffcb][0xffffffe9][0xffffffba][0xfffffffb][0xffffff9c][0xffffffbe][0x14]Q| [0xffffffba][0xfffffff6][0xffffffb5][0xffffffd2][0xffffffe3][0xffffffcd] }[0xffffffa1][0xffffffdc][0xffffffd5]J[0xffffff87][0xffffffa6][0x1b]W2S[0xffffffee]i[0xffffffa5]S[0xffffffe9] g[0xffffffca][0x1d][0xffffffad][0x4][0xffffff90][0xffffffd4]qf[0xffffffca][0xfffffffd][0xffffffac][0xffffffb4]x>p[0xfffffff5][0x12][0xffffffad][0xffffffdd][0xffffffac][0xffffffb4]([0xffffffb4][0xffffffae][0xffffffcc]V{Yi[0x0][0xffffffc7][0xffffff85]B[0xffffffb9][0xffffff93][0xffffffc5][0x1e][0xffffff80][0xffffffee][0xfffffff0][0xc][0xffffffb9][0xffffff8d][0xffffff95][0xffffffda][0xffffffd1][0xffffff8d]Y(7[0xffffffb1][0xffffffd8]"
11:27:19.664 [main] DEBUG org.apache.hc.client5.http.wire -- http-outgoing-19 << "[0xffffff8f]jT[0xffffffb0]B[0xffffffb9][0xffffff85][0xffffff95][\n]"
11:27:19.664 [main] DEBUG org.apache.hc.client5.http.wire -- http-outgoing-19 << "[0xffffffbf]T[0xffffffc7]#p[0x3][0xffffff8b][0x1d][0xffffff87][0xffffffa9]E[0xffffffd4][0xffffffee][0x15]o[0x3]K[0x1d]A[0xffffffa6][0xffffffdc][0xffffffbb]J%[0xffffffc5]:.w[0xffffffae]xYX[0xffffffea][0xffffff9f][0xffffff88]r[0xffffffdf][0xffffff8a][0xffffffd2]OB[0xffffff91]Y[0xffffffe9]Z%UW[0x16][0xffffff86][V,MUV[0x1a]V[0xffffffac][0xffffffc1]TV[0xffffffda]U[0xffffffcc][0xffffffaa][0xffffffce][0xffffffcc][0xffffffcd]j@[0xffffff8d][0xffffffd1]2[0xffffffa3][0xffffffd2][0xffffffa8][0x6]\z][0xffffff9e]*]j[0x10][0xffffffeb][0x4][0xffffffa5]C[0xfffffff5][0xffffffa4]t[0xffffffe5][0xffffffc5][0xffffffd2][0xffffff9d]z,,[0x13][0xffffffee]Li[0xffffffc7][0xfffffff3][0xffffffc6]pW[0xffffffea]pm[0xffffffcb]k[0xffffffdc][0xffffff92][0x2][0xffffff84][0xffffffb2]%[0xffffffdc][0xffffff8e][0x2][0x1e][0x9][0xffffffc8]k[0xffffffc1][0xffffffbd][0xffffffa8][0xffffffa5][0x5].O[0xffffff95]F[0xffffffd4]&[0xffffff83][0xffffff92][0x8]7[0xffffffa1]([\r][0xffffffb6][0xffffffcc][0xffffff87][0xffffffea][0xffffff95][0xffffffd5]3pN[0xffffffdc][0xffffff93][0xffffffe2]=[[0xffffffb6][0xffffffaa][0xfffffff6][0xffffffa3]X1[0xffffff9e][0xffffffbb][0xffffffc4]j3Jg6[0xffffff93][0xffffffd2][0xffffff88]*[0xffffffc7]G[0xffffff87]{P[0xffffffa5]+)[0xfffffffd]'[0xffffffc9]b![0xffffffa5][0xfffffff5][0xffffff94][0x1a]{[0xfffffff3][0xffffff8c][0xffffff8c][0xffffff89][0xffffffef][0xffffff97][0xffffffe9]q>_o[0xfffffffb][0xffffffd3]i:f[0xffffffa8]"[0xffffffd0][0xffffffcd][0xffffffae][0xfffffff3]912[0xffffffa2][0xffffff84][0xffffff81][\n]"
11:27:19.664 [main] DEBUG org.apache.hc.client5.http.wire -- http-outgoing-19 << "[0xffffffb9]|#"[0xffffffea]$[0xffffffde]vy?[0xffffffb4][0xffffff8f][0xfffffff8]a[0x19][0x1d]r[0xffffffa8]Htp[0xffffffa7]}>#[0xffffffd8][0xffffff87][0xffffffd1][0xffffff95][0xffffff8d]z[0xfffffffd][0xfffffff0][0xf][0xffffffe2][0x12][0xffffff8f][0xfffffff4]>[0x13][0x0][0x0]"
11:27:19.664 [main] DEBUG org.apache.hc.client5.http.impl.classic.InternalHttpClient -- ep-0000000020 releasing valid endpoint
11:27:19.664 [main] DEBUG org.apache.hc.client5.http.impl.io.PoolingHttpClientConnectionManager -- ep-0000000020 releasing endpoint
11:27:19.664 [main] DEBUG org.apache.hc.client5.http.impl.io.PoolingHttpClientConnectionManager -- ep-0000000020 connection http-outgoing-19 can be kept alive for 3 MINUTES
11:27:19.664 [main] DEBUG org.apache.hc.client5.http.impl.io.PoolingHttpClientConnectionManager -- ep-0000000020 connection released [route: {s}->https://raw.githubusercontent.com:443][total available: 1; route allocated: 1 of 5; total allocated: 2 of 25]
11:27:19.664 [main] DEBUG io.github.bonigarcia.wdm.versions.VersionDetector -- Driver for chrome120.0.6099.63 not found in online properties (using local versions.properties)
11:27:19.665 [main] DEBUG io.github.bonigarcia.wdm.WebDriverManager -- The driver version for CHROME 120.0.6099.63 is unknown ... trying with latest
11:27:19.667 [main] DEBUG org.apache.hc.client5.http.impl.classic.InternalHttpClient -- ex-0000000021 preparing request execution
11:27:19.667 [main] DEBUG org.apache.hc.client5.http.impl.classic.ProtocolExec -- ex-0000000021 target auth state: UNCHALLENGED
11:27:19.667 [main] DEBUG org.apache.hc.client5.http.impl.classic.ProtocolExec -- ex-0000000021 proxy auth state: UNCHALLENGED
11:27:19.667 [main] DEBUG org.apache.hc.client5.http.impl.classic.ConnectExec -- ex-0000000021 acquiring connection with route {s}->https://googlechromelabs.github.io:443
11:27:19.667 [main] DEBUG org.apache.hc.client5.http.impl.classic.InternalHttpClient -- ex-0000000021 acquiring endpoint (3 MINUTES)
11:27:19.667 [main] DEBUG org.apache.hc.client5.http.impl.io.PoolingHttpClientConnectionManager -- ex-0000000021 endpoint lease request (3 MINUTES) [route: {s}->https://googlechromelabs.github.io:443][total available: 1; route allocated: 1 of 5; total allocated: 2 of 25]
11:27:19.667 [main] DEBUG org.apache.hc.client5.http.impl.io.PoolingHttpClientConnectionManager -- ex-0000000021 endpoint leased [route: {s}->https://googlechromelabs.github.io:443][total available: 1; route allocated: 2 of 5; total allocated: 3 of 25]
11:27:19.667 [main] DEBUG org.apache.hc.client5.http.impl.io.PoolingHttpClientConnectionManager -- ex-0000000021 acquired ep-0000000021
11:27:19.667 [main] DEBUG org.apache.hc.client5.http.impl.classic.InternalHttpClient -- ex-0000000021 acquired endpoint ep-0000000021
11:27:19.667 [main] DEBUG org.apache.hc.client5.http.impl.classic.ConnectExec -- ex-0000000021 opening connection {s}->https://googlechromelabs.github.io:443
11:27:19.667 [main] DEBUG org.apache.hc.client5.http.impl.classic.InternalHttpClient -- ep-0000000021 connecting endpoint (null)
11:27:19.667 [main] DEBUG org.apache.hc.client5.http.impl.io.PoolingHttpClientConnectionManager -- ep-0000000021 connecting endpoint to https://googlechromelabs.github.io:443 (30 SECONDS)
11:27:19.667 [main] DEBUG org.apache.hc.client5.http.impl.io.DefaultHttpClientConnectionOperator -- googlechromelabs.github.io resolving remote address
11:27:19.667 [main] DEBUG org.apache.hc.client5.http.impl.io.DefaultHttpClientConnectionOperator -- googlechromelabs.github.io resolved to [googlechromelabs.github.io/185.199.108.153, googlechromelabs.github.io/185.199.111.153, googlechromelabs.github.io/185.199.110.153, googlechromelabs.github.io/185.199.109.153]
11:27:19.668 [main] DEBUG org.apache.hc.client5.http.impl.io.DefaultHttpClientConnectionOperator -- googlechromelabs.github.io:443 connecting null->googlechromelabs.github.io/185.199.108.153:443 (30 SECONDS)
11:27:19.668 [main] DEBUG org.apache.hc.client5.http.ssl.SSLConnectionSocketFactory -- Connecting socket to googlechromelabs.github.io/185.199.108.153:443 with timeout 30 SECONDS
11:27:19.719 [main] DEBUG org.apache.hc.client5.http.ssl.SSLConnectionSocketFactory -- Enabled protocols: [TLSv1.3, TLSv1.2]
11:27:19.719 [main] DEBUG org.apache.hc.client5.http.ssl.SSLConnectionSocketFactory -- Enabled cipher suites: [TLS_AES_256_GCM_SHA384, TLS_AES_128_GCM_SHA256, TLS_CHACHA20_POLY1305_SHA256, TLS_ECDHE_ECDSA_WITH_AES_256_GCM_SHA384, TLS_ECDHE_ECDSA_WITH_AES_128_GCM_SHA256, TLS_ECDHE_ECDSA_WITH_CHACHA20_POLY1305_SHA256, TLS_ECDHE_RSA_WITH_AES_256_GCM_SHA384, TLS_ECDHE_RSA_WITH_CHACHA20_POLY1305_SHA256, TLS_ECDHE_RSA_WITH_AES_128_GCM_SHA256, TLS_DHE_RSA_WITH_AES_256_GCM_SHA384, TLS_DHE_RSA_WITH_CHACHA20_POLY1305_SHA256, TLS_DHE_DSS_WITH_AES_256_GCM_SHA384, TLS_DHE_RSA_WITH_AES_128_GCM_SHA256, TLS_DHE_DSS_WITH_AES_128_GCM_SHA256, TLS_ECDHE_ECDSA_WITH_AES_256_CBC_SHA384, TLS_ECDHE_RSA_WITH_AES_256_CBC_SHA384, TLS_ECDHE_ECDSA_WITH_AES_128_CBC_SHA256, TLS_ECDHE_RSA_WITH_AES_128_CBC_SHA256, TLS_DHE_RSA_WITH_AES_256_CBC_SHA256, TLS_DHE_DSS_WITH_AES_256_CBC_SHA256, TLS_DHE_RSA_WITH_AES_128_CBC_SHA256, TLS_DHE_DSS_WITH_AES_128_CBC_SHA256, TLS_ECDHE_ECDSA_WITH_AES_256_CBC_SHA, TLS_ECDHE_RSA_WITH_AES_256_CBC_SHA, TLS_ECDHE_ECDSA_WITH_AES_128_CBC_SHA, TLS_ECDHE_RSA_WITH_AES_128_CBC_SHA, TLS_DHE_RSA_WITH_AES_256_CBC_SHA, TLS_DHE_DSS_WITH_AES_256_CBC_SHA, TLS_DHE_RSA_WITH_AES_128_CBC_SHA, TLS_DHE_DSS_WITH_AES_128_CBC_SHA, TLS_RSA_WITH_AES_256_GCM_SHA384, TLS_RSA_WITH_AES_128_GCM_SHA256, TLS_RSA_WITH_AES_256_CBC_SHA256, TLS_RSA_WITH_AES_128_CBC_SHA256, TLS_RSA_WITH_AES_256_CBC_SHA, TLS_RSA_WITH_AES_128_CBC_SHA, TLS_EMPTY_RENEGOTIATION_INFO_SCSV]
11:27:19.719 [main] DEBUG org.apache.hc.client5.http.ssl.SSLConnectionSocketFactory -- Starting handshake (null)
11:27:19.759 [main] DEBUG org.apache.hc.client5.http.ssl.SSLConnectionSocketFactory -- Secure session established
11:27:19.759 [main] DEBUG org.apache.hc.client5.http.ssl.SSLConnectionSocketFactory --  negotiated protocol: TLSv1.3
11:27:19.759 [main] DEBUG org.apache.hc.client5.http.ssl.SSLConnectionSocketFactory --  negotiated cipher suite: TLS_AES_128_GCM_SHA256
11:27:19.760 [main] DEBUG org.apache.hc.client5.http.ssl.SSLConnectionSocketFactory --  peer principal: CN=*.github.io, O="GitHub, Inc.", L=San Francisco, ST=California, C=US
11:27:19.760 [main] DEBUG org.apache.hc.client5.http.ssl.SSLConnectionSocketFactory --  peer alternative names: [*.github.io, github.io, *.github.com, github.com, www.github.com, *.githubusercontent.com, githubusercontent.com]
11:27:19.760 [main] DEBUG org.apache.hc.client5.http.ssl.SSLConnectionSocketFactory --  issuer principal: CN=DigiCert TLS RSA SHA256 2020 CA1, O=DigiCert Inc, C=US
11:27:19.760 [main] DEBUG org.apache.hc.client5.http.impl.io.DefaultManagedHttpClientConnection -- http-outgoing-20 set socket timeout to 3 MINUTES
11:27:19.760 [main] DEBUG org.apache.hc.client5.http.impl.io.DefaultHttpClientConnectionOperator -- googlechromelabs.github.io:443 connected null->googlechromelabs.github.io/185.199.108.153:443 as http-outgoing-20
11:27:19.760 [main] DEBUG org.apache.hc.client5.http.impl.io.PoolingHttpClientConnectionManager -- ep-0000000021 connected http-outgoing-20
11:27:19.760 [main] DEBUG org.apache.hc.client5.http.impl.classic.InternalHttpClient -- ep-0000000021 endpoint connected
11:27:19.760 [main] DEBUG org.apache.hc.client5.http.impl.classic.MainClientExec -- ex-0000000021 executing GET /chrome-for-testing/last-known-good-versions-with-downloads.json HTTP/1.1
11:27:19.760 [main] DEBUG org.apache.hc.client5.http.protocol.RequestAddCookies -- ex-0000000021 Cookie spec selected: strict
11:27:19.760 [main] DEBUG org.apache.hc.client5.http.impl.classic.InternalHttpClient -- ep-0000000021 start execution ex-0000000021
11:27:19.760 [main] DEBUG org.apache.hc.client5.http.impl.io.PoolingHttpClientConnectionManager -- ep-0000000021 executing exchange ex-0000000021 over http-outgoing-20
11:27:19.760 [main] DEBUG org.apache.hc.client5.http.headers -- http-outgoing-20 >> GET /chrome-for-testing/last-known-good-versions-with-downloads.json HTTP/1.1
11:27:19.760 [main] DEBUG org.apache.hc.client5.http.headers -- http-outgoing-20 >> user-agent: Apache-HttpClient/5.0
11:27:19.760 [main] DEBUG org.apache.hc.client5.http.headers -- http-outgoing-20 >> accept-encoding: gzip, deflate, br
11:27:19.760 [main] DEBUG org.apache.hc.client5.http.headers -- http-outgoing-20 >> cache-control: max-age=0
11:27:19.760 [main] DEBUG org.apache.hc.client5.http.headers -- http-outgoing-20 >> connection: keep-alive
11:27:19.760 [main] DEBUG org.apache.hc.client5.http.headers -- http-outgoing-20 >> Host: googlechromelabs.github.io
11:27:19.760 [main] DEBUG org.apache.hc.client5.http.wire -- http-outgoing-20 >> "GET /chrome-for-testing/last-known-good-versions-with-downloads.json HTTP/1.1[\r][\n]"
11:27:19.760 [main] DEBUG org.apache.hc.client5.http.wire -- http-outgoing-20 >> "user-agent: Apache-HttpClient/5.0[\r][\n]"
11:27:19.760 [main] DEBUG org.apache.hc.client5.http.wire -- http-outgoing-20 >> "accept-encoding: gzip, deflate, br[\r][\n]"
11:27:19.760 [main] DEBUG org.apache.hc.client5.http.wire -- http-outgoing-20 >> "cache-control: max-age=0[\r][\n]"
11:27:19.760 [main] DEBUG org.apache.hc.client5.http.wire -- http-outgoing-20 >> "connection: keep-alive[\r][\n]"
11:27:19.760 [main] DEBUG org.apache.hc.client5.http.wire -- http-outgoing-20 >> "Host: googlechromelabs.github.io[\r][\n]"
11:27:19.760 [main] DEBUG org.apache.hc.client5.http.wire -- http-outgoing-20 >> "[\r][\n]"
11:27:19.798 [main] DEBUG org.apache.hc.client5.http.wire -- http-outgoing-20 << "HTTP/1.1 200 OK[\r][\n]"
11:27:19.798 [main] DEBUG org.apache.hc.client5.http.wire -- http-outgoing-20 << "Connection: keep-alive[\r][\n]"
11:27:19.798 [main] DEBUG org.apache.hc.client5.http.wire -- http-outgoing-20 << "Content-Length: 639[\r][\n]"
11:27:19.798 [main] DEBUG org.apache.hc.client5.http.wire -- http-outgoing-20 << "Server: GitHub.com[\r][\n]"
11:27:19.798 [main] DEBUG org.apache.hc.client5.http.wire -- http-outgoing-20 << "Content-Type: application/json; charset=utf-8[\r][\n]"
11:27:19.798 [main] DEBUG org.apache.hc.client5.http.wire -- http-outgoing-20 << "permissions-policy: interest-cohort=()[\r][\n]"
11:27:19.798 [main] DEBUG org.apache.hc.client5.http.wire -- http-outgoing-20 << "x-origin-cache: HIT[\r][\n]"
11:27:19.798 [main] DEBUG org.apache.hc.client5.http.wire -- http-outgoing-20 << "Last-Modified: Thu, 21 Dec 2023 10:09:07 GMT[\r][\n]"
11:27:19.798 [main] DEBUG org.apache.hc.client5.http.wire -- http-outgoing-20 << "Access-Control-Allow-Origin: *[\r][\n]"
11:27:19.799 [main] DEBUG org.apache.hc.client5.http.wire -- http-outgoing-20 << "Strict-Transport-Security: max-age=31556952[\r][\n]"
11:27:19.799 [main] DEBUG org.apache.hc.client5.http.wire -- http-outgoing-20 << "ETag: W/"65840ec3-22ac"[\r][\n]"
11:27:19.799 [main] DEBUG org.apache.hc.client5.http.wire -- http-outgoing-20 << "expires: Thu, 21 Dec 2023 10:19:26 GMT[\r][\n]"
11:27:19.799 [main] DEBUG org.apache.hc.client5.http.wire -- http-outgoing-20 << "Cache-Control: max-age=600[\r][\n]"
11:27:19.799 [main] DEBUG org.apache.hc.client5.http.wire -- http-outgoing-20 << "Content-Encoding: gzip[\r][\n]"
11:27:19.799 [main] DEBUG org.apache.hc.client5.http.wire -- http-outgoing-20 << "x-proxy-cache: HIT[\r][\n]"
11:27:19.799 [main] DEBUG org.apache.hc.client5.http.wire -- http-outgoing-20 << "X-GitHub-Request-Id: B6B0:13CF72:40DE00C:4208092:65840FDC[\r][\n]"
11:27:19.799 [main] DEBUG org.apache.hc.client5.http.wire -- http-outgoing-20 << "Accept-Ranges: bytes[\r][\n]"
11:27:19.799 [main] DEBUG org.apache.hc.client5.http.wire -- http-outgoing-20 << "Date: Thu, 21 Dec 2023 10:27:22 GMT[\r][\n]"
11:27:19.799 [main] DEBUG org.apache.hc.client5.http.wire -- http-outgoing-20 << "Via: 1.1 varnish[\r][\n]"
11:27:19.799 [main] DEBUG org.apache.hc.client5.http.wire -- http-outgoing-20 << "Age: 52[\r][\n]"
11:27:19.799 [main] DEBUG org.apache.hc.client5.http.wire -- http-outgoing-20 << "X-Served-By: cache-mad22076-MAD[\r][\n]"
11:27:19.799 [main] DEBUG org.apache.hc.client5.http.wire -- http-outgoing-20 << "X-Cache: HIT[\r][\n]"
11:27:19.799 [main] DEBUG org.apache.hc.client5.http.wire -- http-outgoing-20 << "X-Cache-Hits: 1[\r][\n]"
11:27:19.799 [main] DEBUG org.apache.hc.client5.http.wire -- http-outgoing-20 << "X-Timer: S1703154442.458452,VS0,VE1[\r][\n]"
11:27:19.799 [main] DEBUG org.apache.hc.client5.http.wire -- http-outgoing-20 << "Vary: Accept-Encoding[\r][\n]"
11:27:19.799 [main] DEBUG org.apache.hc.client5.http.wire -- http-outgoing-20 << "X-Fastly-Request-ID: 9fc9b33d3bc47941d2f4f48a76c8344f1fbc2de1[\r][\n]"
11:27:19.799 [main] DEBUG org.apache.hc.client5.http.wire -- http-outgoing-20 << "[\r][\n]"
11:27:19.799 [main] DEBUG org.apache.hc.client5.http.headers -- http-outgoing-20 << HTTP/1.1 200 OK
11:27:19.799 [main] DEBUG org.apache.hc.client5.http.headers -- http-outgoing-20 << Connection: keep-alive
11:27:19.799 [main] DEBUG org.apache.hc.client5.http.headers -- http-outgoing-20 << Content-Length: 639
11:27:19.799 [main] DEBUG org.apache.hc.client5.http.headers -- http-outgoing-20 << Server: GitHub.com
11:27:19.799 [main] DEBUG org.apache.hc.client5.http.headers -- http-outgoing-20 << Content-Type: application/json; charset=utf-8
11:27:19.799 [main] DEBUG org.apache.hc.client5.http.headers -- http-outgoing-20 << permissions-policy: interest-cohort=()
11:27:19.799 [main] DEBUG org.apache.hc.client5.http.headers -- http-outgoing-20 << x-origin-cache: HIT
11:27:19.799 [main] DEBUG org.apache.hc.client5.http.headers -- http-outgoing-20 << Last-Modified: Thu, 21 Dec 2023 10:09:07 GMT
11:27:19.799 [main] DEBUG org.apache.hc.client5.http.headers -- http-outgoing-20 << Access-Control-Allow-Origin: *
11:27:19.799 [main] DEBUG org.apache.hc.client5.http.headers -- http-outgoing-20 << Strict-Transport-Security: max-age=31556952
11:27:19.799 [main] DEBUG org.apache.hc.client5.http.headers -- http-outgoing-20 << ETag: W/"65840ec3-22ac"
11:27:19.799 [main] DEBUG org.apache.hc.client5.http.headers -- http-outgoing-20 << expires: Thu, 21 Dec 2023 10:19:26 GMT
11:27:19.799 [main] DEBUG org.apache.hc.client5.http.headers -- http-outgoing-20 << Cache-Control: max-age=600
11:27:19.799 [main] DEBUG org.apache.hc.client5.http.headers -- http-outgoing-20 << Content-Encoding: gzip
11:27:19.799 [main] DEBUG org.apache.hc.client5.http.headers -- http-outgoing-20 << x-proxy-cache: HIT
11:27:19.799 [main] DEBUG org.apache.hc.client5.http.headers -- http-outgoing-20 << X-GitHub-Request-Id: B6B0:13CF72:40DE00C:4208092:65840FDC
11:27:19.799 [main] DEBUG org.apache.hc.client5.http.headers -- http-outgoing-20 << Accept-Ranges: bytes
11:27:19.799 [main] DEBUG org.apache.hc.client5.http.headers -- http-outgoing-20 << Date: Thu, 21 Dec 2023 10:27:22 GMT
11:27:19.799 [main] DEBUG org.apache.hc.client5.http.headers -- http-outgoing-20 << Via: 1.1 varnish
11:27:19.799 [main] DEBUG org.apache.hc.client5.http.headers -- http-outgoing-20 << Age: 52
11:27:19.799 [main] DEBUG org.apache.hc.client5.http.headers -- http-outgoing-20 << X-Served-By: cache-mad22076-MAD
11:27:19.799 [main] DEBUG org.apache.hc.client5.http.headers -- http-outgoing-20 << X-Cache: HIT
11:27:19.799 [main] DEBUG org.apache.hc.client5.http.headers -- http-outgoing-20 << X-Cache-Hits: 1
11:27:19.799 [main] DEBUG org.apache.hc.client5.http.headers -- http-outgoing-20 << X-Timer: S1703154442.458452,VS0,VE1
11:27:19.799 [main] DEBUG org.apache.hc.client5.http.headers -- http-outgoing-20 << Vary: Accept-Encoding
11:27:19.799 [main] DEBUG org.apache.hc.client5.http.headers -- http-outgoing-20 << X-Fastly-Request-ID: 9fc9b33d3bc47941d2f4f48a76c8344f1fbc2de1
11:27:19.799 [main] DEBUG org.apache.hc.client5.http.impl.classic.MainClientExec -- ex-0000000021 connection can be kept alive for 3 MINUTES
11:27:19.800 [main] DEBUG org.apache.hc.client5.http.wire -- http-outgoing-20 << "[0x1f][0xffffff8b][0x8][0x0][0x0][0x0][0x0][0x0][0x0][0x3][0xffffffcd][0xffffff96][0xffffffcb][0xffffff8e][0xffffff9b]0[0x14][0xffffff86][0xfffffff7]}[0xc][0xffffffaf][0xffffffb9][0xffffffd9]D[0x10]XN[0xfffffffb][0x6][0xffffffed][0xffffffaa]U[0x17]np[0x13]$[0x3][0x11]x2m#[0xffffffde][0xffffffbd][0xffffff86][0x18][0xffffff86][0xffffff8b][0xffffffcd][0xffffffac][0xffffffe2][0xffffffc3][0xffffff8a][0xffffffe4]`[0xffffffce][0xfffffff9]A[0xffffff9f][0xffffff8e][0xffffffbe];[0x12]y[0xffffffc1][0x1a]A[0xffffff8b]+J[0x11][0x9]H[0xffffffe8]b[0xffffffe2][0xffffff92][0xffffffe0][0x1b]!ipL[0xf][0xffffff81][0x17][0xffffffc5][0xffffffc7][0xffffffef][0xffffffc8]A[0xffffffa7][0xb]-K[0xffffffc6][0x1b][0xffffff94][0xffffffde][0xffffffd1]WA[0x7f]q[0xffffffd6][0xfffffffd]RU[0xfffffff9][0xffffffa8][0xffffffaa]9[0xffffffe8][0xffffffc6][0xffffffea]&[0xffffffaf]JY[0xffffffc2]$[0xfffffff0][0xffffffe4][0xfffffff3]A[0xffffff92]x8H[0xffffffe4][0xffffffad][0xffffff9a][0xffffffdd][0xfffffff2][0xfffffff1][0x1e][0xffffff8e][0xffffffc3][0xffffff88][0xffffffc8]bV[0xffffffbd][0xffffff95][0xffffffbc][0xffffffa2]Y[0xfffffff3][0xffffffe8]WW[0xffffff85][0xffffffec][0xfffffffc][0xffffffe3][0xffffff8e][0xffffffae][0xffffff9c][0xffffff8a][0xffffffdf]U][0xffffffc8][0xffffffc3]</_[0xffffffff]D[0x7]y[0xfffffff8][0xffffffb5][0xffffffee]f][0xffffff84][0xffffffb8]6[0xffffffa9][0xffffffef][0xffffffb3][0xffffffec][0xffffffcc]2[0xffffffee][0x15][0xffffffcc];[0xffffffdf][0x4][0xfffffff6]NU[0xffffffa1]J[0xfffffffe][0xffffffa3][0xffffff8f][0xffffffba][0xffffffb8][0xffffffb2][0xffffff8d]+[0xffffffe4]K[0xffffffe6][0xffffffe5][0xffffffd9][0xffffff9f][0xffffff87][0xfffffff2]U[0xffffffeb][0xffffffe1][0xffffffa4][0xfffffffa][0xffffffeb][0xfffffffd][0xffffffcb][0xffffffaf][0xffffffa8]uf![\n]"
11:27:19.800 [main] DEBUG org.apache.hc.client5.http.wire -- http-outgoing-20 << "zri]<'[0xffffffc6][0xffffffd8]|8;[0x16]LQ[0xffffff9e][0xfffffff4]=T[0xffffffeb]i[0xc][0xffffffc3][0xfffffff7]x[0xffffffcb][0xffffffcb][0xffffff90]<#B[0xffffffdf]x8[0xffffffd7][0xffffffff]1[0xffffff8c][0x7f][0xffffffce][0x17][0xffffffe8][0x1b]O[0xffffffc6][0xf]o[0xffffffff][0xffffffd3]Qtfu.[0x19][0x7]c[0xfffffff4]1~7[0xffffffa4][0xffffffaa]8[0xfffffffb][0xffffffe0]u[0x12][0x6][0xffffff92]Z[0x15][0x3][0xffffff96][0xffffffdd][0xfffffff7][0x10]+[0xffffff82][0xffffffdd][0xb][0xffffffa3][0x19]gM[0xffffffe3]6[0x17][0xffffffc6]9[0x18][0xffffffca][0xffffff8b][0x1c][0xffffffbb]az[0xffffff99]k[0x1f]p[0xffffffeb]RAR[0xffffffbe][0xffffffcc][0x3][0xffffff8b][0xffffffbb]&[0xffffffcd][0xffffffc8]}[0xffffffdb]:[0xffffffe8][0xffffff85][0x9]:7[0xffffff96][0xffffffbe]2[0xfffffff7][0x15][0xffffffdc]u[0xffffffc7]Q[0xffffffec][0xffffffe1]h[0xffffffa9]+a[0xffffff88][0xffffff83][0x18]BW&[0xffffff99][0x0]me[0xffffff9a][0x2]RV[0xffffff96]9[0xffffffec][0xffffffbb][0xffffffca]4[0xffffff81]}UYL[0xffffff87]7[0x15]3[0xffffff9e][0xfffffff6]Ee[0xb]R[0xfffffffb][0xffffff9e]bF[0xffffffd5][0xffffffae][0xffffffa6][0xffffff98][0xffffff80][0xffffffb5]i)&l[0xfffffff7]")[0x1b]K[0x16][0xffffffce]Q6w.[0xffffff9c][0xffffffa2]l[0xffffffac]`[0x18]C1nd[0x8]A1.[0xffffffe8][0xf][0xfffffffc][0xffffffe4][0xb][0xffffffbb][0xffffffcd][0xfffffff5][0xffffffa4]+[0xffffffcc][0xffffffed][0xffffff84][0xfffffff4][0xffffffad][0xffffff8f][0xfffffff2][0xffffffb2][0xffffff92][0xffffff93](>[0x1c]![0xffffffe4][0xffffffe4]=[0x12][0xffffffa0][0xffffff9b]LB@[0xffffffaa][0xffffffc9]"[0xffffff86]}3[0xffffff99][0x4][0xffffffb0]/&[0xfffffff3][0xffffffe1][0xfffffff0]^b$[0xffffffd3][0xffffffbe][0xffffff96]l[0xfffffff0]i[0xffffffdf]J[0xffffff8c][0xffffff94][0xffffffda][0xffffff95][0x12][0x3][0xffffffab]6[0xffffff9d][0xffffffc4]@[0xffffffec]^[0xffffff94][0xffffffc4][0xffffffbc]Z[0xffffffe1][0xffffff8c]dk[0xffffffd3][0xffffffc2][0x9][0xffffff89]y[0xfffffff1][0xffffffc2][0xfffffff8][0xffffff88]i[0xf]C[0xffffffe8][0xffffff88]i-[0x7f]`#[0xffffff9f]iI[0xffffffeb][0xffffffbf]s!Q5[0xffffff9d][0xffffff93]$[0xffffffb1][0xffffffc6]I[0xffffff92][0xffffffe8][0xffffff80][0xffffffe1][0xffffff9c][0xffffffa4][0xffffff8b][0x4][0xffffffee]$}[0x8]x'[0x19]c@9I[0x1f][0x0][0xffffffca]I[0xffffff86][0xffffffe1]{q[0x12][\r][0xffffff99]PN[0xffffffa2][0xffffffe5][0x13][0xffffffca]I4[0xffffff94]B8[0xffffffc9][0xffffff8a]U[0xfffffffb]N[0xffffffb2]"v_N[0xffffffa2][[0xffffffad][0xffffffd0]N[0xffffffa2][0xffffffdf][0xffffffb4][0xffffffd0]N[0xffffffa2][[0xffffffbc][0xffffff90]N[0xffffffb2][0xffffffde][0xffffffc3]pN[0xffffffb2]^[0xffffffcb][0xffffff9b]N[0xffffffd2][0xffffffb6][0xffffff9f][0xfffffffe][0x3][0x1f][0x19][0xb]V[0xffffffac]"[0x0][0x0]"
11:27:19.801 [main] DEBUG org.apache.hc.client5.http.impl.classic.InternalHttpClient -- ep-0000000021 releasing valid endpoint
11:27:19.802 [main] DEBUG org.apache.hc.client5.http.impl.io.PoolingHttpClientConnectionManager -- ep-0000000021 releasing endpoint
11:27:19.802 [main] DEBUG org.apache.hc.client5.http.impl.io.PoolingHttpClientConnectionManager -- ep-0000000021 connection http-outgoing-20 can be kept alive for 3 MINUTES
11:27:19.802 [main] DEBUG org.apache.hc.client5.http.impl.io.PoolingHttpClientConnectionManager -- ep-0000000021 connection released [route: {s}->https://googlechromelabs.github.io:443][total available: 2; route allocated: 2 of 5; total allocated: 3 of 25]
11:27:19.807 [main] DEBUG io.github.bonigarcia.wdm.WebDriverManager -- Driver chromedriver 120.0.6099.109 found in cache
11:27:19.808 [main] INFO io.github.bonigarcia.wdm.WebDriverManager -- Exporting webdriver.chrome.driver as C:\Users\info\.cache\selenium\chromedriver\win64\120.0.6099.109\chromedriver.exe
11:27:21.514 [main] DEBUG io.github.bonigarcia.wdm.WebDriverManager -- Using WebDriverManager 5.6.2
11:27:21.523 [main] WARN io.github.bonigarcia.wdm.versions.VersionDetector -- Exception reading CfT URL ('null') to get version of chromedriver (For input string: "120.0.6099.63")
11:27:21.523 [main] DEBUG org.apache.hc.client5.http.impl.classic.InternalHttpClient -- ex-0000000022 preparing request execution
11:27:21.523 [main] DEBUG org.apache.hc.client5.http.impl.classic.ProtocolExec -- ex-0000000022 target auth state: UNCHALLENGED
11:27:21.524 [main] DEBUG org.apache.hc.client5.http.impl.classic.ProtocolExec -- ex-0000000022 proxy auth state: UNCHALLENGED
11:27:21.524 [main] DEBUG org.apache.hc.client5.http.impl.classic.ConnectExec -- ex-0000000022 acquiring connection with route {s}->https://googlechromelabs.github.io:443
11:27:21.524 [main] DEBUG org.apache.hc.client5.http.impl.classic.InternalHttpClient -- ex-0000000022 acquiring endpoint (3 MINUTES)
11:27:21.524 [main] DEBUG org.apache.hc.client5.http.impl.io.PoolingHttpClientConnectionManager -- ex-0000000022 endpoint lease request (3 MINUTES) [route: {s}->https://googlechromelabs.github.io:443][total available: 0; route allocated: 0 of 5; total allocated: 0 of 25]
11:27:21.524 [main] DEBUG org.apache.hc.client5.http.impl.io.PoolingHttpClientConnectionManager -- ex-0000000022 endpoint leased [route: {s}->https://googlechromelabs.github.io:443][total available: 0; route allocated: 1 of 5; total allocated: 1 of 25]
11:27:21.524 [main] DEBUG org.apache.hc.client5.http.impl.io.PoolingHttpClientConnectionManager -- ex-0000000022 acquired ep-0000000022
11:27:21.524 [main] DEBUG org.apache.hc.client5.http.impl.classic.InternalHttpClient -- ex-0000000022 acquired endpoint ep-0000000022
11:27:21.524 [main] DEBUG org.apache.hc.client5.http.impl.classic.ConnectExec -- ex-0000000022 opening connection {s}->https://googlechromelabs.github.io:443
11:27:21.524 [main] DEBUG org.apache.hc.client5.http.impl.classic.InternalHttpClient -- ep-0000000022 connecting endpoint (null)
11:27:21.524 [main] DEBUG org.apache.hc.client5.http.impl.io.PoolingHttpClientConnectionManager -- ep-0000000022 connecting endpoint to https://googlechromelabs.github.io:443 (30 SECONDS)
11:27:21.524 [main] DEBUG org.apache.hc.client5.http.impl.io.DefaultHttpClientConnectionOperator -- googlechromelabs.github.io resolving remote address
11:27:21.524 [main] DEBUG org.apache.hc.client5.http.impl.io.DefaultHttpClientConnectionOperator -- googlechromelabs.github.io resolved to [googlechromelabs.github.io/185.199.108.153, googlechromelabs.github.io/185.199.111.153, googlechromelabs.github.io/185.199.110.153, googlechromelabs.github.io/185.199.109.153]
11:27:21.524 [main] DEBUG org.apache.hc.client5.http.impl.io.DefaultHttpClientConnectionOperator -- googlechromelabs.github.io:443 connecting null->googlechromelabs.github.io/185.199.108.153:443 (30 SECONDS)
11:27:21.524 [main] DEBUG org.apache.hc.client5.http.ssl.SSLConnectionSocketFactory -- Connecting socket to googlechromelabs.github.io/185.199.108.153:443 with timeout 30 SECONDS
11:27:21.562 [main] DEBUG org.apache.hc.client5.http.ssl.SSLConnectionSocketFactory -- Enabled protocols: [TLSv1.3, TLSv1.2]
11:27:21.563 [main] DEBUG org.apache.hc.client5.http.ssl.SSLConnectionSocketFactory -- Enabled cipher suites: [TLS_AES_256_GCM_SHA384, TLS_AES_128_GCM_SHA256, TLS_CHACHA20_POLY1305_SHA256, TLS_ECDHE_ECDSA_WITH_AES_256_GCM_SHA384, TLS_ECDHE_ECDSA_WITH_AES_128_GCM_SHA256, TLS_ECDHE_ECDSA_WITH_CHACHA20_POLY1305_SHA256, TLS_ECDHE_RSA_WITH_AES_256_GCM_SHA384, TLS_ECDHE_RSA_WITH_CHACHA20_POLY1305_SHA256, TLS_ECDHE_RSA_WITH_AES_128_GCM_SHA256, TLS_DHE_RSA_WITH_AES_256_GCM_SHA384, TLS_DHE_RSA_WITH_CHACHA20_POLY1305_SHA256, TLS_DHE_DSS_WITH_AES_256_GCM_SHA384, TLS_DHE_RSA_WITH_AES_128_GCM_SHA256, TLS_DHE_DSS_WITH_AES_128_GCM_SHA256, TLS_ECDHE_ECDSA_WITH_AES_256_CBC_SHA384, TLS_ECDHE_RSA_WITH_AES_256_CBC_SHA384, TLS_ECDHE_ECDSA_WITH_AES_128_CBC_SHA256, TLS_ECDHE_RSA_WITH_AES_128_CBC_SHA256, TLS_DHE_RSA_WITH_AES_256_CBC_SHA256, TLS_DHE_DSS_WITH_AES_256_CBC_SHA256, TLS_DHE_RSA_WITH_AES_128_CBC_SHA256, TLS_DHE_DSS_WITH_AES_128_CBC_SHA256, TLS_ECDHE_ECDSA_WITH_AES_256_CBC_SHA, TLS_ECDHE_RSA_WITH_AES_256_CBC_SHA, TLS_ECDHE_ECDSA_WITH_AES_128_CBC_SHA, TLS_ECDHE_RSA_WITH_AES_128_CBC_SHA, TLS_DHE_RSA_WITH_AES_256_CBC_SHA, TLS_DHE_DSS_WITH_AES_256_CBC_SHA, TLS_DHE_RSA_WITH_AES_128_CBC_SHA, TLS_DHE_DSS_WITH_AES_128_CBC_SHA, TLS_RSA_WITH_AES_256_GCM_SHA384, TLS_RSA_WITH_AES_128_GCM_SHA256, TLS_RSA_WITH_AES_256_CBC_SHA256, TLS_RSA_WITH_AES_128_CBC_SHA256, TLS_RSA_WITH_AES_256_CBC_SHA, TLS_RSA_WITH_AES_128_CBC_SHA, TLS_EMPTY_RENEGOTIATION_INFO_SCSV]
11:27:21.563 [main] DEBUG org.apache.hc.client5.http.ssl.SSLConnectionSocketFactory -- Starting handshake (null)
11:27:21.616 [main] DEBUG org.apache.hc.client5.http.ssl.SSLConnectionSocketFactory -- Secure session established
11:27:21.616 [main] DEBUG org.apache.hc.client5.http.ssl.SSLConnectionSocketFactory --  negotiated protocol: TLSv1.3
11:27:21.616 [main] DEBUG org.apache.hc.client5.http.ssl.SSLConnectionSocketFactory --  negotiated cipher suite: TLS_AES_128_GCM_SHA256
11:27:21.616 [main] DEBUG org.apache.hc.client5.http.ssl.SSLConnectionSocketFactory --  peer principal: CN=*.github.io, O="GitHub, Inc.", L=San Francisco, ST=California, C=US
11:27:21.616 [main] DEBUG org.apache.hc.client5.http.ssl.SSLConnectionSocketFactory --  peer alternative names: [*.github.io, github.io, *.github.com, github.com, www.github.com, *.githubusercontent.com, githubusercontent.com]
11:27:21.616 [main] DEBUG org.apache.hc.client5.http.ssl.SSLConnectionSocketFactory --  issuer principal: CN=DigiCert TLS RSA SHA256 2020 CA1, O=DigiCert Inc, C=US
11:27:21.616 [main] DEBUG org.apache.hc.client5.http.impl.io.DefaultManagedHttpClientConnection -- http-outgoing-21 set socket timeout to 3 MINUTES
11:27:21.616 [main] DEBUG org.apache.hc.client5.http.impl.io.DefaultHttpClientConnectionOperator -- googlechromelabs.github.io:443 connected null->googlechromelabs.github.io/185.199.108.153:443 as http-outgoing-21
11:27:21.616 [main] DEBUG org.apache.hc.client5.http.impl.io.PoolingHttpClientConnectionManager -- ep-0000000022 connected http-outgoing-21
11:27:21.616 [main] DEBUG org.apache.hc.client5.http.impl.classic.InternalHttpClient -- ep-0000000022 endpoint connected
11:27:21.616 [main] DEBUG org.apache.hc.client5.http.impl.classic.MainClientExec -- ex-0000000022 executing GET /chrome-for-testing/LATEST_RELEASE_120.0.6099.63 HTTP/1.1
11:27:21.616 [main] DEBUG org.apache.hc.client5.http.protocol.RequestAddCookies -- ex-0000000022 Cookie spec selected: strict
11:27:21.616 [main] DEBUG org.apache.hc.client5.http.impl.classic.InternalHttpClient -- ep-0000000022 start execution ex-0000000022
11:27:21.616 [main] DEBUG org.apache.hc.client5.http.impl.io.PoolingHttpClientConnectionManager -- ep-0000000022 executing exchange ex-0000000022 over http-outgoing-21
11:27:21.616 [main] DEBUG org.apache.hc.client5.http.headers -- http-outgoing-21 >> GET /chrome-for-testing/LATEST_RELEASE_120.0.6099.63 HTTP/1.1
11:27:21.616 [main] DEBUG org.apache.hc.client5.http.headers -- http-outgoing-21 >> user-agent: Apache-HttpClient/5.0
11:27:21.616 [main] DEBUG org.apache.hc.client5.http.headers -- http-outgoing-21 >> accept-encoding: gzip, deflate, br
11:27:21.616 [main] DEBUG org.apache.hc.client5.http.headers -- http-outgoing-21 >> cache-control: max-age=0
11:27:21.616 [main] DEBUG org.apache.hc.client5.http.headers -- http-outgoing-21 >> connection: keep-alive
11:27:21.616 [main] DEBUG org.apache.hc.client5.http.headers -- http-outgoing-21 >> Host: googlechromelabs.github.io
11:27:21.616 [main] DEBUG org.apache.hc.client5.http.wire -- http-outgoing-21 >> "GET /chrome-for-testing/LATEST_RELEASE_120.0.6099.63 HTTP/1.1[\r][\n]"
11:27:21.616 [main] DEBUG org.apache.hc.client5.http.wire -- http-outgoing-21 >> "user-agent: Apache-HttpClient/5.0[\r][\n]"
11:27:21.616 [main] DEBUG org.apache.hc.client5.http.wire -- http-outgoing-21 >> "accept-encoding: gzip, deflate, br[\r][\n]"
11:27:21.616 [main] DEBUG org.apache.hc.client5.http.wire -- http-outgoing-21 >> "cache-control: max-age=0[\r][\n]"
11:27:21.616 [main] DEBUG org.apache.hc.client5.http.wire -- http-outgoing-21 >> "connection: keep-alive[\r][\n]"
11:27:21.617 [main] DEBUG org.apache.hc.client5.http.wire -- http-outgoing-21 >> "Host: googlechromelabs.github.io[\r][\n]"
11:27:21.617 [main] DEBUG org.apache.hc.client5.http.wire -- http-outgoing-21 >> "[\r][\n]"
11:27:21.654 [main] DEBUG org.apache.hc.client5.http.wire -- http-outgoing-21 << "HTTP/1.1 404 Not Found[\r][\n]"
11:27:21.655 [main] DEBUG org.apache.hc.client5.http.wire -- http-outgoing-21 << "Connection: keep-alive[\r][\n]"
11:27:21.655 [main] DEBUG org.apache.hc.client5.http.wire -- http-outgoing-21 << "Content-Length: 5254[\r][\n]"
11:27:21.655 [main] DEBUG org.apache.hc.client5.http.wire -- http-outgoing-21 << "Server: GitHub.com[\r][\n]"
11:27:21.655 [main] DEBUG org.apache.hc.client5.http.wire -- http-outgoing-21 << "Content-Type: text/html; charset=utf-8[\r][\n]"
11:27:21.655 [main] DEBUG org.apache.hc.client5.http.wire -- http-outgoing-21 << "permissions-policy: interest-cohort=()[\r][\n]"
11:27:21.655 [main] DEBUG org.apache.hc.client5.http.wire -- http-outgoing-21 << "x-origin-cache: HIT[\r][\n]"
11:27:21.655 [main] DEBUG org.apache.hc.client5.http.wire -- http-outgoing-21 << "Access-Control-Allow-Origin: *[\r][\n]"
11:27:21.655 [main] DEBUG org.apache.hc.client5.http.wire -- http-outgoing-21 << "Strict-Transport-Security: max-age=31556952[\r][\n]"
11:27:21.655 [main] DEBUG org.apache.hc.client5.http.wire -- http-outgoing-21 << "ETag: W/"64d248ca-24a3"[\r][\n]"
11:27:21.655 [main] DEBUG org.apache.hc.client5.http.wire -- http-outgoing-21 << "Content-Security-Policy: default-src 'none'; style-src 'unsafe-inline'; img-src data:; connect-src 'self'[\r][\n]"
11:27:21.655 [main] DEBUG org.apache.hc.client5.http.wire -- http-outgoing-21 << "Content-Encoding: gzip[\r][\n]"
11:27:21.655 [main] DEBUG org.apache.hc.client5.http.wire -- http-outgoing-21 << "x-proxy-cache: MISS[\r][\n]"
11:27:21.655 [main] DEBUG org.apache.hc.client5.http.wire -- http-outgoing-21 << "X-GitHub-Request-Id: 4334:13C5B4:3D3D511:3E5167D:658410B8[\r][\n]"
11:27:21.655 [main] DEBUG org.apache.hc.client5.http.wire -- http-outgoing-21 << "Accept-Ranges: bytes[\r][\n]"
11:27:21.655 [main] DEBUG org.apache.hc.client5.http.wire -- http-outgoing-21 << "Date: Thu, 21 Dec 2023 10:27:24 GMT[\r][\n]"
11:27:21.655 [main] DEBUG org.apache.hc.client5.http.wire -- http-outgoing-21 << "Via: 1.1 varnish[\r][\n]"
11:27:21.655 [main] DEBUG org.apache.hc.client5.http.wire -- http-outgoing-21 << "Age: 596[\r][\n]"
11:27:21.655 [main] DEBUG org.apache.hc.client5.http.wire -- http-outgoing-21 << "X-Served-By: cache-mad22046-MAD[\r][\n]"
11:27:21.655 [main] DEBUG org.apache.hc.client5.http.wire -- http-outgoing-21 << "X-Cache: HIT[\r][\n]"
11:27:21.655 [main] DEBUG org.apache.hc.client5.http.wire -- http-outgoing-21 << "X-Cache-Hits: 1[\r][\n]"
11:27:21.655 [main] DEBUG org.apache.hc.client5.http.wire -- http-outgoing-21 << "X-Timer: S1703154444.315758,VS0,VE1[\r][\n]"
11:27:21.655 [main] DEBUG org.apache.hc.client5.http.wire -- http-outgoing-21 << "Vary: Accept-Encoding[\r][\n]"
11:27:21.655 [main] DEBUG org.apache.hc.client5.http.wire -- http-outgoing-21 << "X-Fastly-Request-ID: b9222f5fd143eb3709bc9445b9cd1affdc93e14d[\r][\n]"
11:27:21.655 [main] DEBUG org.apache.hc.client5.http.wire -- http-outgoing-21 << "[\r][\n]"
11:27:21.655 [main] DEBUG org.apache.hc.client5.http.headers -- http-outgoing-21 << HTTP/1.1 404 Not Found
11:27:21.655 [main] DEBUG org.apache.hc.client5.http.headers -- http-outgoing-21 << Connection: keep-alive
11:27:21.655 [main] DEBUG org.apache.hc.client5.http.headers -- http-outgoing-21 << Content-Length: 5254
11:27:21.655 [main] DEBUG org.apache.hc.client5.http.headers -- http-outgoing-21 << Server: GitHub.com
11:27:21.655 [main] DEBUG org.apache.hc.client5.http.headers -- http-outgoing-21 << Content-Type: text/html; charset=utf-8
11:27:21.655 [main] DEBUG org.apache.hc.client5.http.headers -- http-outgoing-21 << permissions-policy: interest-cohort=()
11:27:21.655 [main] DEBUG org.apache.hc.client5.http.headers -- http-outgoing-21 << x-origin-cache: HIT
11:27:21.655 [main] DEBUG org.apache.hc.client5.http.headers -- http-outgoing-21 << Access-Control-Allow-Origin: *
11:27:21.655 [main] DEBUG org.apache.hc.client5.http.headers -- http-outgoing-21 << Strict-Transport-Security: max-age=31556952
11:27:21.655 [main] DEBUG org.apache.hc.client5.http.headers -- http-outgoing-21 << ETag: W/"64d248ca-24a3"
11:27:21.655 [main] DEBUG org.apache.hc.client5.http.headers -- http-outgoing-21 << Content-Security-Policy: default-src 'none'; style-src 'unsafe-inline'; img-src data:; connect-src 'self'
11:27:21.655 [main] DEBUG org.apache.hc.client5.http.headers -- http-outgoing-21 << Content-Encoding: gzip
11:27:21.655 [main] DEBUG org.apache.hc.client5.http.headers -- http-outgoing-21 << x-proxy-cache: MISS
11:27:21.655 [main] DEBUG org.apache.hc.client5.http.headers -- http-outgoing-21 << X-GitHub-Request-Id: 4334:13C5B4:3D3D511:3E5167D:658410B8
11:27:21.655 [main] DEBUG org.apache.hc.client5.http.headers -- http-outgoing-21 << Accept-Ranges: bytes
11:27:21.655 [main] DEBUG org.apache.hc.client5.http.headers -- http-outgoing-21 << Date: Thu, 21 Dec 2023 10:27:24 GMT
11:27:21.655 [main] DEBUG org.apache.hc.client5.http.headers -- http-outgoing-21 << Via: 1.1 varnish
11:27:21.655 [main] DEBUG org.apache.hc.client5.http.headers -- http-outgoing-21 << Age: 596
11:27:21.655 [main] DEBUG org.apache.hc.client5.http.headers -- http-outgoing-21 << X-Served-By: cache-mad22046-MAD
11:27:21.655 [main] DEBUG org.apache.hc.client5.http.headers -- http-outgoing-21 << X-Cache: HIT
11:27:21.655 [main] DEBUG org.apache.hc.client5.http.headers -- http-outgoing-21 << X-Cache-Hits: 1
11:27:21.655 [main] DEBUG org.apache.hc.client5.http.headers -- http-outgoing-21 << X-Timer: S1703154444.315758,VS0,VE1
11:27:21.655 [main] DEBUG org.apache.hc.client5.http.headers -- http-outgoing-21 << Vary: Accept-Encoding
11:27:21.655 [main] DEBUG org.apache.hc.client5.http.headers -- http-outgoing-21 << X-Fastly-Request-ID: b9222f5fd143eb3709bc9445b9cd1affdc93e14d
11:27:21.655 [main] DEBUG org.apache.hc.client5.http.impl.classic.MainClientExec -- ex-0000000022 connection can be kept alive for 3 MINUTES
11:27:21.656 [main] ERROR io.github.bonigarcia.wdm.online.HttpClient -- Error HTTP 404 executing https://googlechromelabs.github.io/chrome-for-testing/LATEST_RELEASE_120.0.6099.63
11:27:21.656 [main] WARN io.github.bonigarcia.wdm.versions.VersionDetector -- Exception reading https://googlechromelabs.github.io/chrome-for-testing/LATEST_RELEASE_120.0.6099.63 to get latest version of chromedriver (Error HTTP 404 executing https://googlechromelabs.github.io/chrome-for-testing/LATEST_RELEASE_120.0.6099.63)
11:27:21.656 [main] DEBUG io.github.bonigarcia.wdm.versions.VersionDetector -- Getting driver version for chrome120.0.6099.63 from online versions.properties
11:27:21.657 [main] DEBUG org.apache.hc.client5.http.impl.classic.InternalHttpClient -- ex-0000000023 preparing request execution
11:27:21.657 [main] DEBUG org.apache.hc.client5.http.impl.classic.ProtocolExec -- ex-0000000023 target auth state: UNCHALLENGED
11:27:21.657 [main] DEBUG org.apache.hc.client5.http.impl.classic.ProtocolExec -- ex-0000000023 proxy auth state: UNCHALLENGED
11:27:21.657 [main] DEBUG org.apache.hc.client5.http.impl.classic.ConnectExec -- ex-0000000023 acquiring connection with route {s}->https://raw.githubusercontent.com:443
11:27:21.657 [main] DEBUG org.apache.hc.client5.http.impl.classic.InternalHttpClient -- ex-0000000023 acquiring endpoint (3 MINUTES)
11:27:21.657 [main] DEBUG org.apache.hc.client5.http.impl.io.PoolingHttpClientConnectionManager -- ex-0000000023 endpoint lease request (3 MINUTES) [route: {s}->https://raw.githubusercontent.com:443][total available: 0; route allocated: 0 of 5; total allocated: 1 of 25]
11:27:21.657 [main] DEBUG org.apache.hc.client5.http.impl.io.PoolingHttpClientConnectionManager -- ex-0000000023 endpoint leased [route: {s}->https://raw.githubusercontent.com:443][total available: 0; route allocated: 1 of 5; total allocated: 2 of 25]
11:27:21.657 [main] DEBUG org.apache.hc.client5.http.impl.io.PoolingHttpClientConnectionManager -- ex-0000000023 acquired ep-0000000023
11:27:21.657 [main] DEBUG org.apache.hc.client5.http.impl.classic.InternalHttpClient -- ex-0000000023 acquired endpoint ep-0000000023
11:27:21.657 [main] DEBUG org.apache.hc.client5.http.impl.classic.ConnectExec -- ex-0000000023 opening connection {s}->https://raw.githubusercontent.com:443
11:27:21.657 [main] DEBUG org.apache.hc.client5.http.impl.classic.InternalHttpClient -- ep-0000000023 connecting endpoint (null)
11:27:21.657 [main] DEBUG org.apache.hc.client5.http.impl.io.PoolingHttpClientConnectionManager -- ep-0000000023 connecting endpoint to https://raw.githubusercontent.com:443 (30 SECONDS)
11:27:21.657 [main] DEBUG org.apache.hc.client5.http.impl.io.DefaultHttpClientConnectionOperator -- raw.githubusercontent.com resolving remote address
11:27:21.657 [main] DEBUG org.apache.hc.client5.http.impl.io.DefaultHttpClientConnectionOperator -- raw.githubusercontent.com resolved to [raw.githubusercontent.com/185.199.111.133, raw.githubusercontent.com/185.199.108.133, raw.githubusercontent.com/185.199.109.133, raw.githubusercontent.com/185.199.110.133]
11:27:21.658 [main] DEBUG org.apache.hc.client5.http.impl.io.DefaultHttpClientConnectionOperator -- raw.githubusercontent.com:443 connecting null->raw.githubusercontent.com/185.199.111.133:443 (30 SECONDS)
11:27:21.658 [main] DEBUG org.apache.hc.client5.http.ssl.SSLConnectionSocketFactory -- Connecting socket to raw.githubusercontent.com/185.199.111.133:443 with timeout 30 SECONDS
11:27:21.695 [main] DEBUG org.apache.hc.client5.http.ssl.SSLConnectionSocketFactory -- Enabled protocols: [TLSv1.3, TLSv1.2]
11:27:21.696 [main] DEBUG org.apache.hc.client5.http.ssl.SSLConnectionSocketFactory -- Enabled cipher suites: [TLS_AES_256_GCM_SHA384, TLS_AES_128_GCM_SHA256, TLS_CHACHA20_POLY1305_SHA256, TLS_ECDHE_ECDSA_WITH_AES_256_GCM_SHA384, TLS_ECDHE_ECDSA_WITH_AES_128_GCM_SHA256, TLS_ECDHE_ECDSA_WITH_CHACHA20_POLY1305_SHA256, TLS_ECDHE_RSA_WITH_AES_256_GCM_SHA384, TLS_ECDHE_RSA_WITH_CHACHA20_POLY1305_SHA256, TLS_ECDHE_RSA_WITH_AES_128_GCM_SHA256, TLS_DHE_RSA_WITH_AES_256_GCM_SHA384, TLS_DHE_RSA_WITH_CHACHA20_POLY1305_SHA256, TLS_DHE_DSS_WITH_AES_256_GCM_SHA384, TLS_DHE_RSA_WITH_AES_128_GCM_SHA256, TLS_DHE_DSS_WITH_AES_128_GCM_SHA256, TLS_ECDHE_ECDSA_WITH_AES_256_CBC_SHA384, TLS_ECDHE_RSA_WITH_AES_256_CBC_SHA384, TLS_ECDHE_ECDSA_WITH_AES_128_CBC_SHA256, TLS_ECDHE_RSA_WITH_AES_128_CBC_SHA256, TLS_DHE_RSA_WITH_AES_256_CBC_SHA256, TLS_DHE_DSS_WITH_AES_256_CBC_SHA256, TLS_DHE_RSA_WITH_AES_128_CBC_SHA256, TLS_DHE_DSS_WITH_AES_128_CBC_SHA256, TLS_ECDHE_ECDSA_WITH_AES_256_CBC_SHA, TLS_ECDHE_RSA_WITH_AES_256_CBC_SHA, TLS_ECDHE_ECDSA_WITH_AES_128_CBC_SHA, TLS_ECDHE_RSA_WITH_AES_128_CBC_SHA, TLS_DHE_RSA_WITH_AES_256_CBC_SHA, TLS_DHE_DSS_WITH_AES_256_CBC_SHA, TLS_DHE_RSA_WITH_AES_128_CBC_SHA, TLS_DHE_DSS_WITH_AES_128_CBC_SHA, TLS_RSA_WITH_AES_256_GCM_SHA384, TLS_RSA_WITH_AES_128_GCM_SHA256, TLS_RSA_WITH_AES_256_CBC_SHA256, TLS_RSA_WITH_AES_128_CBC_SHA256, TLS_RSA_WITH_AES_256_CBC_SHA, TLS_RSA_WITH_AES_128_CBC_SHA, TLS_EMPTY_RENEGOTIATION_INFO_SCSV]
11:27:21.696 [main] DEBUG org.apache.hc.client5.http.ssl.SSLConnectionSocketFactory -- Starting handshake (null)
11:27:21.740 [main] DEBUG org.apache.hc.client5.http.ssl.SSLConnectionSocketFactory -- Secure session established
11:27:21.740 [main] DEBUG org.apache.hc.client5.http.ssl.SSLConnectionSocketFactory --  negotiated protocol: TLSv1.3
11:27:21.740 [main] DEBUG org.apache.hc.client5.http.ssl.SSLConnectionSocketFactory --  negotiated cipher suite: TLS_AES_128_GCM_SHA256
11:27:21.740 [main] DEBUG org.apache.hc.client5.http.ssl.SSLConnectionSocketFactory --  peer principal: CN=*.github.io, O="GitHub, Inc.", L=San Francisco, ST=California, C=US
11:27:21.740 [main] DEBUG org.apache.hc.client5.http.ssl.SSLConnectionSocketFactory --  peer alternative names: [*.github.io, github.io, *.github.com, github.com, www.github.com, *.githubusercontent.com, githubusercontent.com]
11:27:21.740 [main] DEBUG org.apache.hc.client5.http.ssl.SSLConnectionSocketFactory --  issuer principal: CN=DigiCert TLS RSA SHA256 2020 CA1, O=DigiCert Inc, C=US
11:27:21.740 [main] DEBUG org.apache.hc.client5.http.impl.io.DefaultManagedHttpClientConnection -- http-outgoing-22 set socket timeout to 3 MINUTES
11:27:21.740 [main] DEBUG org.apache.hc.client5.http.impl.io.DefaultHttpClientConnectionOperator -- raw.githubusercontent.com:443 connected null->raw.githubusercontent.com/185.199.111.133:443 as http-outgoing-22
11:27:21.741 [main] DEBUG org.apache.hc.client5.http.impl.io.PoolingHttpClientConnectionManager -- ep-0000000023 connected http-outgoing-22
11:27:21.741 [main] DEBUG org.apache.hc.client5.http.impl.classic.InternalHttpClient -- ep-0000000023 endpoint connected
11:27:21.741 [main] DEBUG org.apache.hc.client5.http.impl.classic.MainClientExec -- ex-0000000023 executing GET /bonigarcia/webdrivermanager/master/src/main/resources/versions.properties HTTP/1.1
11:27:21.741 [main] DEBUG org.apache.hc.client5.http.protocol.RequestAddCookies -- ex-0000000023 Cookie spec selected: strict
11:27:21.741 [main] DEBUG org.apache.hc.client5.http.impl.classic.InternalHttpClient -- ep-0000000023 start execution ex-0000000023
11:27:21.741 [main] DEBUG org.apache.hc.client5.http.impl.io.PoolingHttpClientConnectionManager -- ep-0000000023 executing exchange ex-0000000023 over http-outgoing-22
11:27:21.741 [main] DEBUG org.apache.hc.client5.http.headers -- http-outgoing-22 >> GET /bonigarcia/webdrivermanager/master/src/main/resources/versions.properties HTTP/1.1
11:27:21.741 [main] DEBUG org.apache.hc.client5.http.headers -- http-outgoing-22 >> user-agent: Apache-HttpClient/5.0
11:27:21.741 [main] DEBUG org.apache.hc.client5.http.headers -- http-outgoing-22 >> accept-encoding: gzip, deflate, br
11:27:21.741 [main] DEBUG org.apache.hc.client5.http.headers -- http-outgoing-22 >> cache-control: max-age=0
11:27:21.741 [main] DEBUG org.apache.hc.client5.http.headers -- http-outgoing-22 >> connection: keep-alive
11:27:21.741 [main] DEBUG org.apache.hc.client5.http.headers -- http-outgoing-22 >> Host: raw.githubusercontent.com
11:27:21.741 [main] DEBUG org.apache.hc.client5.http.wire -- http-outgoing-22 >> "GET /bonigarcia/webdrivermanager/master/src/main/resources/versions.properties HTTP/1.1[\r][\n]"
11:27:21.741 [main] DEBUG org.apache.hc.client5.http.wire -- http-outgoing-22 >> "user-agent: Apache-HttpClient/5.0[\r][\n]"
11:27:21.741 [main] DEBUG org.apache.hc.client5.http.wire -- http-outgoing-22 >> "accept-encoding: gzip, deflate, br[\r][\n]"
11:27:21.741 [main] DEBUG org.apache.hc.client5.http.wire -- http-outgoing-22 >> "cache-control: max-age=0[\r][\n]"
11:27:21.741 [main] DEBUG org.apache.hc.client5.http.wire -- http-outgoing-22 >> "connection: keep-alive[\r][\n]"
11:27:21.741 [main] DEBUG org.apache.hc.client5.http.wire -- http-outgoing-22 >> "Host: raw.githubusercontent.com[\r][\n]"
11:27:21.741 [main] DEBUG org.apache.hc.client5.http.wire -- http-outgoing-22 >> "[\r][\n]"
11:27:21.779 [main] DEBUG org.apache.hc.client5.http.wire -- http-outgoing-22 << "HTTP/1.1 200 OK[\r][\n]"
11:27:21.779 [main] DEBUG org.apache.hc.client5.http.wire -- http-outgoing-22 << "Connection: keep-alive[\r][\n]"
11:27:21.779 [main] DEBUG org.apache.hc.client5.http.wire -- http-outgoing-22 << "Content-Length: 1653[\r][\n]"
11:27:21.779 [main] DEBUG org.apache.hc.client5.http.wire -- http-outgoing-22 << "Cache-Control: max-age=300[\r][\n]"
11:27:21.779 [main] DEBUG org.apache.hc.client5.http.wire -- http-outgoing-22 << "Content-Security-Policy: default-src 'none'; style-src 'unsafe-inline'; sandbox[\r][\n]"
11:27:21.779 [main] DEBUG org.apache.hc.client5.http.wire -- http-outgoing-22 << "Content-Type: text/plain; charset=utf-8[\r][\n]"
11:27:21.779 [main] DEBUG org.apache.hc.client5.http.wire -- http-outgoing-22 << "ETag: W/"de56f96e4580ae55450ed6a794662cbdb2b39827f9709095aa3e1e7f6914629d"[\r][\n]"
11:27:21.779 [main] DEBUG org.apache.hc.client5.http.wire -- http-outgoing-22 << "Strict-Transport-Security: max-age=31536000[\r][\n]"
11:27:21.779 [main] DEBUG org.apache.hc.client5.http.wire -- http-outgoing-22 << "X-Content-Type-Options: nosniff[\r][\n]"
11:27:21.779 [main] DEBUG org.apache.hc.client5.http.wire -- http-outgoing-22 << "X-Frame-Options: deny[\r][\n]"
11:27:21.779 [main] DEBUG org.apache.hc.client5.http.wire -- http-outgoing-22 << "X-XSS-Protection: 1; mode=block[\r][\n]"
11:27:21.779 [main] DEBUG org.apache.hc.client5.http.wire -- http-outgoing-22 << "X-GitHub-Request-Id: 728E:2E6B8C:62B50D:676D49:6583D0E9[\r][\n]"
11:27:21.779 [main] DEBUG org.apache.hc.client5.http.wire -- http-outgoing-22 << "Content-Encoding: gzip[\r][\n]"
11:27:21.779 [main] DEBUG org.apache.hc.client5.http.wire -- http-outgoing-22 << "Accept-Ranges: bytes[\r][\n]"
11:27:21.779 [main] DEBUG org.apache.hc.client5.http.wire -- http-outgoing-22 << "Date: Thu, 21 Dec 2023 10:27:24 GMT[\r][\n]"
11:27:21.779 [main] DEBUG org.apache.hc.client5.http.wire -- http-outgoing-22 << "Via: 1.1 varnish[\r][\n]"
11:27:21.779 [main] DEBUG org.apache.hc.client5.http.wire -- http-outgoing-22 << "X-Served-By: cache-mad2200103-MAD[\r][\n]"
11:27:21.779 [main] DEBUG org.apache.hc.client5.http.wire -- http-outgoing-22 << "X-Cache: HIT[\r][\n]"
11:27:21.779 [main] DEBUG org.apache.hc.client5.http.wire -- http-outgoing-22 << "X-Cache-Hits: 1[\r][\n]"
11:27:21.779 [main] DEBUG org.apache.hc.client5.http.wire -- http-outgoing-22 << "X-Timer: S1703154444.442049,VS0,VE1[\r][\n]"
11:27:21.779 [main] DEBUG org.apache.hc.client5.http.wire -- http-outgoing-22 << "Vary: Authorization,Accept-Encoding,Origin[\r][\n]"
11:27:21.779 [main] DEBUG org.apache.hc.client5.http.wire -- http-outgoing-22 << "Access-Control-Allow-Origin: *[\r][\n]"
11:27:21.779 [main] DEBUG org.apache.hc.client5.http.wire -- http-outgoing-22 << "Cross-Origin-Resource-Policy: cross-origin[\r][\n]"
11:27:21.779 [main] DEBUG org.apache.hc.client5.http.wire -- http-outgoing-22 << "X-Fastly-Request-ID: 897ad03408f7952a9c9ea15988e4bc6d15bbf297[\r][\n]"
11:27:21.779 [main] DEBUG org.apache.hc.client5.http.wire -- http-outgoing-22 << "Expires: Thu, 21 Dec 2023 10:32:24 GMT[\r][\n]"
11:27:21.779 [main] DEBUG org.apache.hc.client5.http.wire -- http-outgoing-22 << "Source-Age: 184[\r][\n]"
11:27:21.779 [main] DEBUG org.apache.hc.client5.http.wire -- http-outgoing-22 << "[\r][\n]"
11:27:21.780 [main] DEBUG org.apache.hc.client5.http.headers -- http-outgoing-22 << HTTP/1.1 200 OK
11:27:21.780 [main] DEBUG org.apache.hc.client5.http.headers -- http-outgoing-22 << Connection: keep-alive
11:27:21.780 [main] DEBUG org.apache.hc.client5.http.headers -- http-outgoing-22 << Content-Length: 1653
11:27:21.780 [main] DEBUG org.apache.hc.client5.http.headers -- http-outgoing-22 << Cache-Control: max-age=300
11:27:21.780 [main] DEBUG org.apache.hc.client5.http.headers -- http-outgoing-22 << Content-Security-Policy: default-src 'none'; style-src 'unsafe-inline'; sandbox
11:27:21.780 [main] DEBUG org.apache.hc.client5.http.headers -- http-outgoing-22 << Content-Type: text/plain; charset=utf-8
11:27:21.780 [main] DEBUG org.apache.hc.client5.http.headers -- http-outgoing-22 << ETag: W/"de56f96e4580ae55450ed6a794662cbdb2b39827f9709095aa3e1e7f6914629d"
11:27:21.780 [main] DEBUG org.apache.hc.client5.http.headers -- http-outgoing-22 << Strict-Transport-Security: max-age=31536000
11:27:21.780 [main] DEBUG org.apache.hc.client5.http.headers -- http-outgoing-22 << X-Content-Type-Options: nosniff
11:27:21.780 [main] DEBUG org.apache.hc.client5.http.headers -- http-outgoing-22 << X-Frame-Options: deny
11:27:21.780 [main] DEBUG org.apache.hc.client5.http.headers -- http-outgoing-22 << X-XSS-Protection: 1; mode=block
11:27:21.780 [main] DEBUG org.apache.hc.client5.http.headers -- http-outgoing-22 << X-GitHub-Request-Id: 728E:2E6B8C:62B50D:676D49:6583D0E9
11:27:21.780 [main] DEBUG org.apache.hc.client5.http.headers -- http-outgoing-22 << Content-Encoding: gzip
11:27:21.780 [main] DEBUG org.apache.hc.client5.http.headers -- http-outgoing-22 << Accept-Ranges: bytes
11:27:21.780 [main] DEBUG org.apache.hc.client5.http.headers -- http-outgoing-22 << Date: Thu, 21 Dec 2023 10:27:24 GMT
11:27:21.780 [main] DEBUG org.apache.hc.client5.http.headers -- http-outgoing-22 << Via: 1.1 varnish
11:27:21.780 [main] DEBUG org.apache.hc.client5.http.headers -- http-outgoing-22 << X-Served-By: cache-mad2200103-MAD
11:27:21.780 [main] DEBUG org.apache.hc.client5.http.headers -- http-outgoing-22 << X-Cache: HIT
11:27:21.780 [main] DEBUG org.apache.hc.client5.http.headers -- http-outgoing-22 << X-Cache-Hits: 1
11:27:21.780 [main] DEBUG org.apache.hc.client5.http.headers -- http-outgoing-22 << X-Timer: S1703154444.442049,VS0,VE1
11:27:21.780 [main] DEBUG org.apache.hc.client5.http.headers -- http-outgoing-22 << Vary: Authorization,Accept-Encoding,Origin
11:27:21.780 [main] DEBUG org.apache.hc.client5.http.headers -- http-outgoing-22 << Access-Control-Allow-Origin: *
11:27:21.780 [main] DEBUG org.apache.hc.client5.http.headers -- http-outgoing-22 << Cross-Origin-Resource-Policy: cross-origin
11:27:21.780 [main] DEBUG org.apache.hc.client5.http.headers -- http-outgoing-22 << X-Fastly-Request-ID: 897ad03408f7952a9c9ea15988e4bc6d15bbf297
11:27:21.780 [main] DEBUG org.apache.hc.client5.http.headers -- http-outgoing-22 << Expires: Thu, 21 Dec 2023 10:32:24 GMT
11:27:21.780 [main] DEBUG org.apache.hc.client5.http.headers -- http-outgoing-22 << Source-Age: 184
11:27:21.780 [main] DEBUG org.apache.hc.client5.http.impl.classic.MainClientExec -- ex-0000000023 connection can be kept alive for 3 MINUTES
11:27:21.780 [main] DEBUG org.apache.hc.client5.http.wire -- http-outgoing-22 << "[0x1f][0xffffff8b][0x8][0x0][0x0][0x0][0x0][0x0][0x0][0x3][0xffffff8d][0xffffff97]Mo[0xffffffe3]6[0x10][0xffffff86][0xffffffef][0xfffffff9][0x15][0x2]z[0xffffff8e][0xffffffcc][0xffffffcf]![0x19][0xffffff80][0xffffff97]~[0xffffff9e][0xffffff8a][0x1e][0xffffffda]?[0xffffffe0][0xffffffb5][0xffffff95]DX[0xffffffc7][\n]"
11:27:21.780 [main] DEBUG org.apache.hc.client5.http.wire -- http-outgoing-22 << "lg[0xffffffb3][0xffffffe8][0xffffffaf][0xffffffef][0xc][0xffffffc9][0xffffffa1]h[0xffffffaa][0x5]z[0x8]v[0xffffffe7][0xffffffb1]D[0xffffffce][0xffffff90][0xffffffd4][0xffffffcb]w~[0x18][0xfffffffe]z[0xffffff9d][0xffffffaf][0xffffffc3][0xfffffff3]|[0xffffff9a][0xffffff86][0xffffffc3]r[0xffffffbe][0xffffffed][0xffffffe7][0xfffffff3]u[0xffffffb8][0xffffffbd]N[0xffffffc3][0xffffffd7][0xfffffff3][0xfffffff2]y[0x1e][0xffffff8e][0xffffff97][0xfffffff9][0xffffffdb]t[0x19][0xfffffff0][0xffffffef]:/[0xfffffff8][0xffffffcb]ay{[0xffffffdf][0xffffffdf][0xffffffe6]/[0xfffffff8][0xfffffff4][0xffffffe7]|{MO[0x1e][0xffffff96][0xffffffcb]e[0xffffffba][0xffffffbe]/[0xffffffe7][0xffffffe3]|~[0x19][0xffffffbe]\[0xffffff96][0xffffffcf][0xffffffeb][0xfffffffa][0xffffffca][0xffffffc3][0xffffffc3][0xf][0xffffffc3][0xffffff8f][0x19]=[\r][0xffffffbf]-[0xffffffcb][0xb][0xffffffbe][0xfffffff9][0xffffffd3][0xffffffeb]ey[0xffffff9b][0xffffff86][0xfffffffd][0xfffffff9][0xffffff98][0xffffffff];[0x7f][0xffffffbc][\r][0xffffff8f][0xffffffc3][0xffffffcf]i[0xffffffaa][0xffffffa7][0xffffffe1][0xffffff90]~[0xffffffcd][0x13][0xffffffe3][0xffffffcb][0x7f].[0x1f][0xffffff97][0xffffffc3][0xfffffff4]4[0xffffffbc][0xffffffde]n[0xffffffef]O[0xffffffbb]][0xfffffffb][0xffffffeb]x(o[0xffffff8f][0xffffffcb][0xffffffe5]ew[0xffffffc4]|O[0xffffffcb][0xfffffffe]x}[0xffffffc8][0xffffffcf]Hi"[0xfffffffe][0xffffff8d]b[0xffffffb4]N[0xffffffdb]1[0xffffff88][0xffffffca]5rM[0x1c][0xffffff9c][0x1a]AW[0xffffffae][0xffffff90][0xffffffab][0xffffffc4][0xffffffa5][0x1d]M[0xffffffa8]\"[0xffffff97][0xffffffc4]-[0xffffffe8][0x11]L[0xffffffe5][0x2][0xffffffb9] n[0xffffffbc][0x1c][0xffffff9d]c.B[0xffffffc4][0xffffffbf][0xffffffc4]qzW[0xffffff9f][0x17][0x1e][0xffffffb9]'[0xffffffae]m[0x18][0xffffff9d][0xffffffac][0xffffffdc]!w[0xffffff89][0xb]3[0xffffff82][0xffffffaa][0x1c][0xffffff90][0x3]qe[0xffffffc2][0x8][0xffffffeb][0xfffffff3][0x16][0xffffffb9]%.[0xffffff83][0xffffffc5][0x1f]+[0xffffffc7]zE[0xffffffaa][0xffffff97][0xffffffca]p5[0x7f][0xffffff81][0xfffffff5][0xffffff8a]T[0xffffffaf][0x0]1J[0xffffffbd]&[0xffffff84][0x5][0xffffff8b]T[0xffffffb0][0xffffffc0][0xfffffff1][0xffffff9a][0x9][0xffffffb0]`A[0x5][0xffffff9b]`[0xffffffe5]hV[0xffffff8e][0x5][0xb]*[0xffffffd8][0xfffffff8][0x0]#[0xfffffff0][0xffffff82][0xffffff86][0x10]CH[0xffffffd4][0x18][0xffffff9c][0xffffff9b][0xffffffa9][0xffffff8f][0xffffff81][0xffffff8a]5[0xffffffce][0xfffffffa][0x11][0xffffffa7]a[0xffffffec]b[0xffffffa0]Z[\r][0x4][0xffffffb5][0xffffffae]A[0xffffff80][0x18] Q0[0xffffffa3][0xffffffb1]Lm[0xc]6Q[0xffffffed]G[0xffffffe0]z[0xffffff82][0xffffff89][0xffffffc1]$[0xffffff8a][0xffffff8b][0xffffff83][0x1b][0xffffffc9]X[0xffffffc7]@E[0x1a][0xffffffeb][0xffffffdc][0xffffffba][0xffffffa9]A[0xffffffc5][0xffffffa0][0x12][0xffffffc5]-[0xffffffc5]Uf,cH[0x5][0x1a]<[0x1]X+c[0x11]C[0xffffffaa][0xffffffcf]h1*^'[0x1f][0xffffffa2]O[0xfffffff5]i[0xfffffffc]G[0xfffffff1][0xffffffc8][0xffffffde]G[0xffffff9f][0xffffffea][0xffffffd3][0xffffffca][0xffffff8c][0x1][0xffffff98][0xffffffba][0xffffffe8]Sy[0xffffffca][0xffffff8b][0xffffffd1]{[0xffffffa6][0x10]}*O[0x19][0x1c][0xffffff97][0xffffff97][0xffffffc2][0xffffffdb][0xffffffe8]Sy[0xffffffd2][0xffffffeb][0xffffffd1]sj[0xffffffde]D[0xffffff9f][0xffffffca][0xffffff93][0xffffffc6][0xffffff8d][0xffffff9a][0xffffffd7][0xffffffd8][0xffffffeb][0xffffffe8]Su[0xffffffb4][0xffffff93][0xffffff9a][0xffffff97][0xffffffc2][0xffffffcb][0xffffffe8]S[0x19][0x2]W^[0xffffffea]:[0xffffff9d][0xffffff88][0xffffff9e][0xffffffca][0xffffffd0][0x1]s[0xffffffc1]#T[0xffffffb0][0xb][0xffffffd1][0xffffff85][0xffffff84][0xffffff8d][0x1d]u[0xffffffa5]>:[0xffffff9f]([0xffffff9e][0x1d]<W[0xffffff8c]]tT[0xffffff88][0xfffffff6][0xffffff80][0xffffffdf][0x2][0xffffffa7][0xffffffe1] :H[0x14][0xf][0xffffffb8]Tu[0xc][0x1b][0x1d]U[0xffffffa2][0xffffff9d][0xffffffc3][0x3][0xffffffb6]>m[0xffffffa2]3[0x9]+<[0xffffffbf][0xc]utT[0xffffff89][0x6],[0x8]8e[0xffffffa7][0xffffffa2][0xffffffc2][0x1d][0xffffffe5]H[0xffffffde]E[0xffffff82]"N[0xc][0x2]E[0xffffffbc]7[0xffffffe0])[0xffffffe2][0x15][0x5]G[0x11][0xffffffef]&[0x0]E[0xffffff9c][0xc]X[0xffffff8c][0xffffffea][0x12][0xffffff81][0xffffffa1][0xffffff88][0xffffffd7][0x1c]4E<[0x1f]P.[0xffffffba][0xffffffce]G[0xffffffb9][0xffffffd4]o[0x6]([0x17][0xffffffad][0xffffffef]T[0xffffffed][0xfffffff7][0xffffffe5][0xffffffef][0xfffffff9]t[0xffffffda][0xf][0xffffffbf][0xffffffce][0xffffff97][0xffffffe9]y[0xfffffff9][0xffffffde]H[0xffffffd9][0xffffffcb]t[0xfffffff8][0xffffffba][0xfffffffc][0xffffffab][0xffffff92]]Q[0xffffffca]^P@?[0xffffffbe][0xffffff8c]([0xffffffa9][0xffffffbb][0xffffffb7]<[0xffffffc4][0xffffffae]yaw[0xffffff99]N[0xffffffd3][0xfffffffe]:][0x1f][0xffffff9e][0xfffffff3][0xffffffb8]R[0xffffff89][0xffffff88][0xffffffcb][0xffffff86]kW[0xffffff89][0xc][0x1b][0xffffffe2]7[0xffffffc4]m[0x8]l[0xffffff88][0xffffffdd][0x10][0xffffffb3]!zC[0xffffffd4][0xffffff86][0xffffffc8][\r]I9[0xffffffab]QU"B&[0xffffffeb]3[0xffffffc2]o[0xffffff88][0xffffffdb][0x10][0xffffffd8][0x10][0xffffffbb]!)g[0xffffffd9][0x12][0xffffffbd]!jC[0xffffffe4][0xffffff86][0xffffff88][0xffffff8e][0xffffff84][0xffffffd0][0x3][0xffffffdf][0x3][0xffffffd7][0x3][0xffffffe8][0xffffff81][0xffffffed]A[0xffffff9f]m[0xffffffe8][0xffffff93][\r]}[0xffffffae][0xffffffa1]O5P[0xffffffa6][0xfffffff8]m5`<[0xffffffcd][0xffffffe7][0xffffff8f][0xffffffef][0x19]K[0xffffffc6]>t[0xffffffcf]y[0xffffffdf][0x3][0xffffffd7][0x3][0xffffffe8][0xffffff81][0xffffffed][0xffffff81][0xffffffe9][0x1][0x15][0xffffffa0]|[0x3]T[0xf][0xffffffa8][0x0][0xffffffe5][0x1a] :[0xffffffe0]B[0xf]R[0xffffffa6][0xffffffd0][0x0][0xffffffd7][0x3][0xffffffe8][0xffffff81][0xffffffed][0xffffff81][0xffffffe9][0xffffff81][0xffffffee][0xffffff81][0xffffffea][0xffffff81][0xffffffec][0xffffff81][0xffffffe8][0x0][0xffffff84][0x1e][0xffffffa4]Lm[0x3]R[0xffffffa6][0xffffffa6][0x1][0xffffffd0][0x3][0xffffffdb][0xffffff83][0xffffff94]i[0xfffffff3][0x1][0xffffff81][0xffffffee]A[0xffffffca][0xffffffb4]9[0xfffffff6][0xffffff90]2m[0xe][0x5][0xffffff88][0xe][0xffffffd8][0xffffffd0][0x3][0xffffffdf][0x3][0xffffffd7][0xffffff83][0xffffff94][0xffffffa9]h[0xffffff80]e[0xffffffd0]*[0xffffffdf][0x1f][0xffffffef][0xffffffd3]e[0xffffffdf][0xffffffe8][0xffffffdd]B[0xfffffff1][0xffffffff][0xffffffd1][0xffffffbb][0xfffffff4][0xffffffe0]uy[0xffffffbe]}[0xffffffee]/S[0xffffff8e][0xffffffd8][0xffffffcb][0xfffffff5][0xffffffea][0xffffff97]~L[0xffffff9e]G[0xffffffd2][0xffffffe5][0x5][0x2]//[0xffffff89]ws[0xffffffe1][0xffffffe4][0xfffffff1][0xffffff92][0xffffffa7][\n]"
11:27:21.781 [main] DEBUG org.apache.hc.client5.http.wire -- http-outgoing-22 << "x[0xfffffffb][0xfffffffb][0xffffffc0][0xffffff98],^[0xffffffb2]T[0x1][0xffffffad][0xffffff83][0xffffffd4][0xffffff8a]9Y[0xffffffbc]d[0xffffffa9]<[0xe][0x13][0x1c]crx[0xffffffc9]Q9[0xfffffffc][0xffffff82]$[0xffffffda][0xffffff92][0xffffffc2]E[0xffffffeb] Q[0xffffffcc]2G=h[0xc][0xffffffa4]Te[0x18]T[0xffffff85][0xffffffc6]?z[0xffffffa6][0xffffffee][0xffffffce]=[0xffffffda]B[0xffffffa1][0xfffffff5][0xffffff8e]8Q[0xffffffc1][0xffffffb6][0xffffffb5][0xffffff8e][0xffffffa8][0xfffffff8][0x5][0xffffff9b][0xffffffd6]9[0xffffff86]Re[0xffffffd0][0xffffffad]oD[0xffffffb3][0xffffff91][0xffffffa9]j]#.Z[0xffffffc1][0xffffffb2]5[0xffffff8d][0xffffffe4][0xffffffc7]2[0x16][0xffffffad]g[0xfffffff4][0xffffffa5]p[0x1f]Z[0xffffffc7][0x8]P[0xffffffa8][0xffffffef][0xffffffec]b[0xffffffa6][0xffffffae]5[0xffffff8b]P6[0xffffffc6]Ck[0x15][0xffffffeb][0x12][0xffffffa1][0xffffff88][0xffffffdc]Y[0xffffffc5][0xc]M[0xffffffe3][0x14]}I[0xc][0xffffffc5][0xffffffe4][0xffffffce]'f[0xffffffa8][0xffffffee]mb[0xffffff86][0xffffffb2]q[0xffffff89][0xffffff96][0xffffffe7][0x17][0xffffff8d]I[0xffffffe4]TQ\[0xffffffee],b[0xffffff86][0xffffffbe]s[0xffffff88][0xffffff99][0xffffffba][0xffffffc6] :[0xffffff86][0xffffffd0][0xffffffd8]C_[0xffffffa6]G[0xffffffb5]Y[0xffffffdd]!g[0xffffff8f][0xffffff8a][0xffffffb3][0xffffff9a]C\[0xffffffe0]Buc[0xe][0xffffff81][0x7]U[0xffffff8d]7[0xfffffff4]e[0xffffffc3]Q~VkX7[0xb]5h[0xffffffb5][0xffffff86]|[0xffffffd6]Q[0xffffff87]Vg[0xffffffc8]'[0x1a][0xffffffb5][0xffffffa8]1[0xffffff86][0xffffffb2][0xffffff94][0xffffff8a][0xffffff82][0xffffffd4][0xfffffffa][0xffffffc2]2[0x17][0xffffffaa][0xffffffd2]j[0xb][0x1d][0xffffff8f]j[0x1b]W[0xffffffc8]G[0x19][0xffffffd5]i[0xfffffff5][0xffffff84][0xfffffff5]p[0xffffffa2]D5[0xffffff9e][0xffffff90]?5[0xffffffd4][0xffffffa9][0xffffffc6][0x12][0xffffffd6][0xffffffb9][0xffffff8a][0xffffff95]K[0xffffff81][\r]mP[0xffffff8c]\[0xe][0xffffff8a][0xffffff8f][0xffffffcb]A[0xffffffb1]q9(..[0x7][0xffffffc5][0xffffffc4][0xffffffe5][0xffffffa0]x[0xffffffb8][0x1c][0x14][0xb][0xffffff97][0x3][0xffffff99]=[[0xe]D[0x13][0x18][0xffffffca][0xffffff80]36[0xffffff94][0xffffff81].[0xfffffff3][0x18][0xffffffca]@[0xffffff95][0xffffffc5]0[0xffffff90][0xffffff83];[0xffffffd3]7[0x1f].[0xb])[0xffffffd8][0xfffffff0][0xffffffcb][0xfffffff1]ej4[0xfffffff0][0xffffffed]:![0xfffffff8]O[0x11]<N[0xffffffdf][0xffffffa6][0x13][0xffffff8d]:[0xffffffbe][0xfffffff1][0x8]I[0x11][0xffffffa7][0xfffffff3][0xffffffe3][0xffffffc7]uW[0xffffffd9]#[\r][0xffffffb2][0xffffffbb]-[0xffffffcb][0xffffffe9][0xffffffba][0xfffffffb][0xffffff9c][0xffffffbe][0x14]Q| [0xffffffba][0xfffffff6][0xffffffb5][0xffffffd2][0xffffffe3][0xffffffcd] }[0xffffffa1][0xffffffdc][0xffffffd5]J[0xffffff87][0xffffffa6][0x1b]W2S[0xffffffee]i[0xffffffa5]S[0xffffffe9] g[0xffffffca][0x1d][0xffffffad][0x4][0xffffff90][0xffffffd4]qf[0xffffffca][0xfffffffd][0xffffffac][0xffffffb4]x>p[0xfffffff5][0x12][0xffffffad][0xffffffdd][0xffffffac][0xffffffb4]([0xffffffb4][0xffffffae][0xffffffcc]V{Yi[0x0][0xffffffc7][0xffffff85]B[0xffffffb9][0xffffff93][0xffffffc5][0x1e][0xffffff80][0xffffffee][0xfffffff0][0xc][0xffffffb9][0xffffff8d][0xffffff95][0xffffffda][0xffffffd1][0xffffff8d]Y(7[0xffffffb1][0xffffffd8]"
11:27:21.781 [main] DEBUG org.apache.hc.client5.http.wire -- http-outgoing-22 << "[0xffffff8f]jT[0xffffffb0]B[0xffffffb9][0xffffff85][0xffffff95][\n]"
11:27:21.781 [main] DEBUG org.apache.hc.client5.http.wire -- http-outgoing-22 << "[0xffffffbf]T[0xffffffc7]#p[0x3][0xffffff8b][0x1d][0xffffff87][0xffffffa9]E[0xffffffd4][0xffffffee][0x15]o[0x3]K[0x1d]A[0xffffffa6][0xffffffdc][0xffffffbb]J%[0xffffffc5]:.w[0xffffffae]xYX[0xffffffea][0xffffff9f][0xffffff88]r[0xffffffdf][0xffffff8a][0xffffffd2]OB[0xffffff91]Y[0xffffffe9]Z%UW[0x16][0xffffff86][V,MUV[0x1a]V[0xffffffac][0xffffffc1]TV[0xffffffda]U[0xffffffcc][0xffffffaa][0xffffffce][0xffffffcc][0xffffffcd]j@[0xffffff8d][0xffffffd1]2[0xffffffa3][0xffffffd2][0xffffffa8][0x6]\z][0xffffff9e]*]j[0x10][0xffffffeb][0x4][0xffffffa5]C[0xfffffff5][0xffffffa4]t[0xffffffe5][0xffffffc5][0xffffffd2][0xffffff9d]z,,[0x13][0xffffffee]Li[0xffffffc7][0xfffffff3][0xffffffc6]pW[0xffffffea]pm[0xffffffcb]k[0xffffffdc][0xffffff92][0x2][0xffffff84][0xffffffb2]%[0xffffffdc][0xffffff8e][0x2][0x1e][0x9][0xffffffc8]k[0xffffffc1][0xffffffbd][0xffffffa8][0xffffffa5][0x5].O[0xffffff95]F[0xffffffd4]&[0xffffff83][0xffffff92][0x8]7[0xffffffa1]([\r][0xffffffb6][0xffffffcc][0xffffff87][0xffffffea][0xffffff95][0xffffffd5]3pN[0xffffffdc][0xffffff93][0xffffffe2]=[[0xffffffb6][0xffffffaa][0xfffffff6][0xffffffa3]X1[0xffffff9e][0xffffffbb][0xffffffc4]j3Jg6[0xffffff93][0xffffffd2][0xffffff88]*[0xffffffc7]G[0xffffff87]{P[0xffffffa5]+)[0xfffffffd]'[0xffffffc9]b![0xffffffa5][0xfffffff5][0xffffff94][0x1a]{[0xfffffff3][0xffffff8c][0xffffff8c][0xffffff89][0xffffffef][0xffffff97][0xffffffe9]q>_o[0xfffffffb][0xffffffd3]i:f[0xffffffa8]"[0xffffffd0][0xffffffcd][0xffffffae][0xfffffff3]912[0xffffffa2][0xffffff84][0xffffff81][\n]"
11:27:21.781 [main] DEBUG org.apache.hc.client5.http.wire -- http-outgoing-22 << "[0xffffffb9]|#"[0xffffffea]$[0xffffffde]vy?[0xffffffb4][0xffffff8f][0xfffffff8]a[0x19][0x1d]r[0xffffffa8]Htp[0xffffffa7]}>#[0xffffffd8][0xffffff87][0xffffffd1][0xffffff95][0xffffff8d]z[0xfffffffd][0xfffffff0][0xf][0xffffffe2][0x12][0xffffff8f][0xfffffff4]>[0x13][0x0][0x0]"
11:27:21.781 [main] DEBUG org.apache.hc.client5.http.impl.classic.InternalHttpClient -- ep-0000000023 releasing valid endpoint
11:27:21.781 [main] DEBUG org.apache.hc.client5.http.impl.io.PoolingHttpClientConnectionManager -- ep-0000000023 releasing endpoint
11:27:21.781 [main] DEBUG org.apache.hc.client5.http.impl.io.PoolingHttpClientConnectionManager -- ep-0000000023 connection http-outgoing-22 can be kept alive for 3 MINUTES
11:27:21.781 [main] DEBUG org.apache.hc.client5.http.impl.io.PoolingHttpClientConnectionManager -- ep-0000000023 connection released [route: {s}->https://raw.githubusercontent.com:443][total available: 1; route allocated: 1 of 5; total allocated: 2 of 25]
11:27:21.781 [main] DEBUG io.github.bonigarcia.wdm.versions.VersionDetector -- Driver for chrome120.0.6099.63 not found in online properties (using local versions.properties)
11:27:21.782 [main] DEBUG io.github.bonigarcia.wdm.WebDriverManager -- The driver version for CHROME 120.0.6099.63 is unknown ... trying with latest
11:27:21.783 [main] DEBUG org.apache.hc.client5.http.impl.classic.InternalHttpClient -- ex-0000000024 preparing request execution
11:27:21.783 [main] DEBUG org.apache.hc.client5.http.impl.classic.ProtocolExec -- ex-0000000024 target auth state: UNCHALLENGED
11:27:21.783 [main] DEBUG org.apache.hc.client5.http.impl.classic.ProtocolExec -- ex-0000000024 proxy auth state: UNCHALLENGED
11:27:21.783 [main] DEBUG org.apache.hc.client5.http.impl.classic.ConnectExec -- ex-0000000024 acquiring connection with route {s}->https://googlechromelabs.github.io:443
11:27:21.783 [main] DEBUG org.apache.hc.client5.http.impl.classic.InternalHttpClient -- ex-0000000024 acquiring endpoint (3 MINUTES)
11:27:21.783 [main] DEBUG org.apache.hc.client5.http.impl.io.PoolingHttpClientConnectionManager -- ex-0000000024 endpoint lease request (3 MINUTES) [route: {s}->https://googlechromelabs.github.io:443][total available: 1; route allocated: 1 of 5; total allocated: 2 of 25]
11:27:21.783 [main] DEBUG org.apache.hc.client5.http.impl.io.PoolingHttpClientConnectionManager -- ex-0000000024 endpoint leased [route: {s}->https://googlechromelabs.github.io:443][total available: 1; route allocated: 2 of 5; total allocated: 3 of 25]
11:27:21.783 [main] DEBUG org.apache.hc.client5.http.impl.io.PoolingHttpClientConnectionManager -- ex-0000000024 acquired ep-0000000024
11:27:21.783 [main] DEBUG org.apache.hc.client5.http.impl.classic.InternalHttpClient -- ex-0000000024 acquired endpoint ep-0000000024
11:27:21.783 [main] DEBUG org.apache.hc.client5.http.impl.classic.ConnectExec -- ex-0000000024 opening connection {s}->https://googlechromelabs.github.io:443
11:27:21.783 [main] DEBUG org.apache.hc.client5.http.impl.classic.InternalHttpClient -- ep-0000000024 connecting endpoint (null)
11:27:21.783 [main] DEBUG org.apache.hc.client5.http.impl.io.PoolingHttpClientConnectionManager -- ep-0000000024 connecting endpoint to https://googlechromelabs.github.io:443 (30 SECONDS)
11:27:21.784 [main] DEBUG org.apache.hc.client5.http.impl.io.DefaultHttpClientConnectionOperator -- googlechromelabs.github.io resolving remote address
11:27:21.784 [main] DEBUG org.apache.hc.client5.http.impl.io.DefaultHttpClientConnectionOperator -- googlechromelabs.github.io resolved to [googlechromelabs.github.io/185.199.108.153, googlechromelabs.github.io/185.199.111.153, googlechromelabs.github.io/185.199.110.153, googlechromelabs.github.io/185.199.109.153]
11:27:21.784 [main] DEBUG org.apache.hc.client5.http.impl.io.DefaultHttpClientConnectionOperator -- googlechromelabs.github.io:443 connecting null->googlechromelabs.github.io/185.199.108.153:443 (30 SECONDS)
11:27:21.784 [main] DEBUG org.apache.hc.client5.http.ssl.SSLConnectionSocketFactory -- Connecting socket to googlechromelabs.github.io/185.199.108.153:443 with timeout 30 SECONDS
11:27:21.822 [main] DEBUG org.apache.hc.client5.http.ssl.SSLConnectionSocketFactory -- Enabled protocols: [TLSv1.3, TLSv1.2]
11:27:21.822 [main] DEBUG org.apache.hc.client5.http.ssl.SSLConnectionSocketFactory -- Enabled cipher suites: [TLS_AES_256_GCM_SHA384, TLS_AES_128_GCM_SHA256, TLS_CHACHA20_POLY1305_SHA256, TLS_ECDHE_ECDSA_WITH_AES_256_GCM_SHA384, TLS_ECDHE_ECDSA_WITH_AES_128_GCM_SHA256, TLS_ECDHE_ECDSA_WITH_CHACHA20_POLY1305_SHA256, TLS_ECDHE_RSA_WITH_AES_256_GCM_SHA384, TLS_ECDHE_RSA_WITH_CHACHA20_POLY1305_SHA256, TLS_ECDHE_RSA_WITH_AES_128_GCM_SHA256, TLS_DHE_RSA_WITH_AES_256_GCM_SHA384, TLS_DHE_RSA_WITH_CHACHA20_POLY1305_SHA256, TLS_DHE_DSS_WITH_AES_256_GCM_SHA384, TLS_DHE_RSA_WITH_AES_128_GCM_SHA256, TLS_DHE_DSS_WITH_AES_128_GCM_SHA256, TLS_ECDHE_ECDSA_WITH_AES_256_CBC_SHA384, TLS_ECDHE_RSA_WITH_AES_256_CBC_SHA384, TLS_ECDHE_ECDSA_WITH_AES_128_CBC_SHA256, TLS_ECDHE_RSA_WITH_AES_128_CBC_SHA256, TLS_DHE_RSA_WITH_AES_256_CBC_SHA256, TLS_DHE_DSS_WITH_AES_256_CBC_SHA256, TLS_DHE_RSA_WITH_AES_128_CBC_SHA256, TLS_DHE_DSS_WITH_AES_128_CBC_SHA256, TLS_ECDHE_ECDSA_WITH_AES_256_CBC_SHA, TLS_ECDHE_RSA_WITH_AES_256_CBC_SHA, TLS_ECDHE_ECDSA_WITH_AES_128_CBC_SHA, TLS_ECDHE_RSA_WITH_AES_128_CBC_SHA, TLS_DHE_RSA_WITH_AES_256_CBC_SHA, TLS_DHE_DSS_WITH_AES_256_CBC_SHA, TLS_DHE_RSA_WITH_AES_128_CBC_SHA, TLS_DHE_DSS_WITH_AES_128_CBC_SHA, TLS_RSA_WITH_AES_256_GCM_SHA384, TLS_RSA_WITH_AES_128_GCM_SHA256, TLS_RSA_WITH_AES_256_CBC_SHA256, TLS_RSA_WITH_AES_128_CBC_SHA256, TLS_RSA_WITH_AES_256_CBC_SHA, TLS_RSA_WITH_AES_128_CBC_SHA, TLS_EMPTY_RENEGOTIATION_INFO_SCSV]
11:27:21.822 [main] DEBUG org.apache.hc.client5.http.ssl.SSLConnectionSocketFactory -- Starting handshake (null)
11:27:21.865 [main] DEBUG org.apache.hc.client5.http.ssl.SSLConnectionSocketFactory -- Secure session established
11:27:21.865 [main] DEBUG org.apache.hc.client5.http.ssl.SSLConnectionSocketFactory --  negotiated protocol: TLSv1.3
11:27:21.865 [main] DEBUG org.apache.hc.client5.http.ssl.SSLConnectionSocketFactory --  negotiated cipher suite: TLS_AES_128_GCM_SHA256
11:27:21.865 [main] DEBUG org.apache.hc.client5.http.ssl.SSLConnectionSocketFactory --  peer principal: CN=*.github.io, O="GitHub, Inc.", L=San Francisco, ST=California, C=US
11:27:21.865 [main] DEBUG org.apache.hc.client5.http.ssl.SSLConnectionSocketFactory --  peer alternative names: [*.github.io, github.io, *.github.com, github.com, www.github.com, *.githubusercontent.com, githubusercontent.com]
11:27:21.865 [main] DEBUG org.apache.hc.client5.http.ssl.SSLConnectionSocketFactory --  issuer principal: CN=DigiCert TLS RSA SHA256 2020 CA1, O=DigiCert Inc, C=US
11:27:21.865 [main] DEBUG org.apache.hc.client5.http.impl.io.DefaultManagedHttpClientConnection -- http-outgoing-23 set socket timeout to 3 MINUTES
11:27:21.865 [main] DEBUG org.apache.hc.client5.http.impl.io.DefaultHttpClientConnectionOperator -- googlechromelabs.github.io:443 connected null->googlechromelabs.github.io/185.199.108.153:443 as http-outgoing-23
11:27:21.865 [main] DEBUG org.apache.hc.client5.http.impl.io.PoolingHttpClientConnectionManager -- ep-0000000024 connected http-outgoing-23
11:27:21.865 [main] DEBUG org.apache.hc.client5.http.impl.classic.InternalHttpClient -- ep-0000000024 endpoint connected
11:27:21.865 [main] DEBUG org.apache.hc.client5.http.impl.classic.MainClientExec -- ex-0000000024 executing GET /chrome-for-testing/last-known-good-versions-with-downloads.json HTTP/1.1
11:27:21.865 [main] DEBUG org.apache.hc.client5.http.protocol.RequestAddCookies -- ex-0000000024 Cookie spec selected: strict
11:27:21.865 [main] DEBUG org.apache.hc.client5.http.impl.classic.InternalHttpClient -- ep-0000000024 start execution ex-0000000024
11:27:21.865 [main] DEBUG org.apache.hc.client5.http.impl.io.PoolingHttpClientConnectionManager -- ep-0000000024 executing exchange ex-0000000024 over http-outgoing-23
11:27:21.866 [main] DEBUG org.apache.hc.client5.http.headers -- http-outgoing-23 >> GET /chrome-for-testing/last-known-good-versions-with-downloads.json HTTP/1.1
11:27:21.866 [main] DEBUG org.apache.hc.client5.http.headers -- http-outgoing-23 >> user-agent: Apache-HttpClient/5.0
11:27:21.866 [main] DEBUG org.apache.hc.client5.http.headers -- http-outgoing-23 >> accept-encoding: gzip, deflate, br
11:27:21.866 [main] DEBUG org.apache.hc.client5.http.headers -- http-outgoing-23 >> cache-control: max-age=0
11:27:21.866 [main] DEBUG org.apache.hc.client5.http.headers -- http-outgoing-23 >> connection: keep-alive
11:27:21.866 [main] DEBUG org.apache.hc.client5.http.headers -- http-outgoing-23 >> Host: googlechromelabs.github.io
11:27:21.866 [main] DEBUG org.apache.hc.client5.http.wire -- http-outgoing-23 >> "GET /chrome-for-testing/last-known-good-versions-with-downloads.json HTTP/1.1[\r][\n]"
11:27:21.866 [main] DEBUG org.apache.hc.client5.http.wire -- http-outgoing-23 >> "user-agent: Apache-HttpClient/5.0[\r][\n]"
11:27:21.866 [main] DEBUG org.apache.hc.client5.http.wire -- http-outgoing-23 >> "accept-encoding: gzip, deflate, br[\r][\n]"
11:27:21.866 [main] DEBUG org.apache.hc.client5.http.wire -- http-outgoing-23 >> "cache-control: max-age=0[\r][\n]"
11:27:21.866 [main] DEBUG org.apache.hc.client5.http.wire -- http-outgoing-23 >> "connection: keep-alive[\r][\n]"
11:27:21.866 [main] DEBUG org.apache.hc.client5.http.wire -- http-outgoing-23 >> "Host: googlechromelabs.github.io[\r][\n]"
11:27:21.866 [main] DEBUG org.apache.hc.client5.http.wire -- http-outgoing-23 >> "[\r][\n]"
11:27:21.903 [main] DEBUG org.apache.hc.client5.http.wire -- http-outgoing-23 << "HTTP/1.1 200 OK[\r][\n]"
11:27:21.904 [main] DEBUG org.apache.hc.client5.http.wire -- http-outgoing-23 << "Connection: keep-alive[\r][\n]"
11:27:21.904 [main] DEBUG org.apache.hc.client5.http.wire -- http-outgoing-23 << "Content-Length: 639[\r][\n]"
11:27:21.904 [main] DEBUG org.apache.hc.client5.http.wire -- http-outgoing-23 << "Server: GitHub.com[\r][\n]"
11:27:21.904 [main] DEBUG org.apache.hc.client5.http.wire -- http-outgoing-23 << "Content-Type: application/json; charset=utf-8[\r][\n]"
11:27:21.904 [main] DEBUG org.apache.hc.client5.http.wire -- http-outgoing-23 << "permissions-policy: interest-cohort=()[\r][\n]"
11:27:21.904 [main] DEBUG org.apache.hc.client5.http.wire -- http-outgoing-23 << "x-origin-cache: HIT[\r][\n]"
11:27:21.904 [main] DEBUG org.apache.hc.client5.http.wire -- http-outgoing-23 << "Last-Modified: Thu, 21 Dec 2023 10:09:07 GMT[\r][\n]"
11:27:21.904 [main] DEBUG org.apache.hc.client5.http.wire -- http-outgoing-23 << "Access-Control-Allow-Origin: *[\r][\n]"
11:27:21.904 [main] DEBUG org.apache.hc.client5.http.wire -- http-outgoing-23 << "Strict-Transport-Security: max-age=31556952[\r][\n]"
11:27:21.904 [main] DEBUG org.apache.hc.client5.http.wire -- http-outgoing-23 << "ETag: W/"65840ec3-22ac"[\r][\n]"
11:27:21.904 [main] DEBUG org.apache.hc.client5.http.wire -- http-outgoing-23 << "expires: Thu, 21 Dec 2023 10:19:26 GMT[\r][\n]"
11:27:21.904 [main] DEBUG org.apache.hc.client5.http.wire -- http-outgoing-23 << "Cache-Control: max-age=600[\r][\n]"
11:27:21.904 [main] DEBUG org.apache.hc.client5.http.wire -- http-outgoing-23 << "Content-Encoding: gzip[\r][\n]"
11:27:21.904 [main] DEBUG org.apache.hc.client5.http.wire -- http-outgoing-23 << "x-proxy-cache: HIT[\r][\n]"
11:27:21.904 [main] DEBUG org.apache.hc.client5.http.wire -- http-outgoing-23 << "X-GitHub-Request-Id: B6B0:13CF72:40DE00C:4208092:65840FDC[\r][\n]"
11:27:21.904 [main] DEBUG org.apache.hc.client5.http.wire -- http-outgoing-23 << "Accept-Ranges: bytes[\r][\n]"
11:27:21.904 [main] DEBUG org.apache.hc.client5.http.wire -- http-outgoing-23 << "Date: Thu, 21 Dec 2023 10:27:24 GMT[\r][\n]"
11:27:21.904 [main] DEBUG org.apache.hc.client5.http.wire -- http-outgoing-23 << "Via: 1.1 varnish[\r][\n]"
11:27:21.904 [main] DEBUG org.apache.hc.client5.http.wire -- http-outgoing-23 << "Age: 54[\r][\n]"
11:27:21.904 [main] DEBUG org.apache.hc.client5.http.wire -- http-outgoing-23 << "X-Served-By: cache-mad22076-MAD[\r][\n]"
11:27:21.904 [main] DEBUG org.apache.hc.client5.http.wire -- http-outgoing-23 << "X-Cache: HIT[\r][\n]"
11:27:21.904 [main] DEBUG org.apache.hc.client5.http.wire -- http-outgoing-23 << "X-Cache-Hits: 2[\r][\n]"
11:27:21.904 [main] DEBUG org.apache.hc.client5.http.wire -- http-outgoing-23 << "X-Timer: S1703154445.565145,VS0,VE1[\r][\n]"
11:27:21.904 [main] DEBUG org.apache.hc.client5.http.wire -- http-outgoing-23 << "Vary: Accept-Encoding[\r][\n]"
11:27:21.904 [main] DEBUG org.apache.hc.client5.http.wire -- http-outgoing-23 << "X-Fastly-Request-ID: 4c18a59235a50db5cdba4af46633d500cab21160[\r][\n]"
11:27:21.904 [main] DEBUG org.apache.hc.client5.http.wire -- http-outgoing-23 << "[\r][\n]"
11:27:21.904 [main] DEBUG org.apache.hc.client5.http.headers -- http-outgoing-23 << HTTP/1.1 200 OK
11:27:21.904 [main] DEBUG org.apache.hc.client5.http.headers -- http-outgoing-23 << Connection: keep-alive
11:27:21.904 [main] DEBUG org.apache.hc.client5.http.headers -- http-outgoing-23 << Content-Length: 639
11:27:21.904 [main] DEBUG org.apache.hc.client5.http.headers -- http-outgoing-23 << Server: GitHub.com
11:27:21.904 [main] DEBUG org.apache.hc.client5.http.headers -- http-outgoing-23 << Content-Type: application/json; charset=utf-8
11:27:21.904 [main] DEBUG org.apache.hc.client5.http.headers -- http-outgoing-23 << permissions-policy: interest-cohort=()
11:27:21.904 [main] DEBUG org.apache.hc.client5.http.headers -- http-outgoing-23 << x-origin-cache: HIT
11:27:21.904 [main] DEBUG org.apache.hc.client5.http.headers -- http-outgoing-23 << Last-Modified: Thu, 21 Dec 2023 10:09:07 GMT
11:27:21.904 [main] DEBUG org.apache.hc.client5.http.headers -- http-outgoing-23 << Access-Control-Allow-Origin: *
11:27:21.904 [main] DEBUG org.apache.hc.client5.http.headers -- http-outgoing-23 << Strict-Transport-Security: max-age=31556952
11:27:21.904 [main] DEBUG org.apache.hc.client5.http.headers -- http-outgoing-23 << ETag: W/"65840ec3-22ac"
11:27:21.904 [main] DEBUG org.apache.hc.client5.http.headers -- http-outgoing-23 << expires: Thu, 21 Dec 2023 10:19:26 GMT
11:27:21.904 [main] DEBUG org.apache.hc.client5.http.headers -- http-outgoing-23 << Cache-Control: max-age=600
11:27:21.904 [main] DEBUG org.apache.hc.client5.http.headers -- http-outgoing-23 << Content-Encoding: gzip
11:27:21.904 [main] DEBUG org.apache.hc.client5.http.headers -- http-outgoing-23 << x-proxy-cache: HIT
11:27:21.904 [main] DEBUG org.apache.hc.client5.http.headers -- http-outgoing-23 << X-GitHub-Request-Id: B6B0:13CF72:40DE00C:4208092:65840FDC
11:27:21.904 [main] DEBUG org.apache.hc.client5.http.headers -- http-outgoing-23 << Accept-Ranges: bytes
11:27:21.904 [main] DEBUG org.apache.hc.client5.http.headers -- http-outgoing-23 << Date: Thu, 21 Dec 2023 10:27:24 GMT
11:27:21.904 [main] DEBUG org.apache.hc.client5.http.headers -- http-outgoing-23 << Via: 1.1 varnish
11:27:21.904 [main] DEBUG org.apache.hc.client5.http.headers -- http-outgoing-23 << Age: 54
11:27:21.904 [main] DEBUG org.apache.hc.client5.http.headers -- http-outgoing-23 << X-Served-By: cache-mad22076-MAD
11:27:21.904 [main] DEBUG org.apache.hc.client5.http.headers -- http-outgoing-23 << X-Cache: HIT
11:27:21.904 [main] DEBUG org.apache.hc.client5.http.headers -- http-outgoing-23 << X-Cache-Hits: 2
11:27:21.904 [main] DEBUG org.apache.hc.client5.http.headers -- http-outgoing-23 << X-Timer: S1703154445.565145,VS0,VE1
11:27:21.904 [main] DEBUG org.apache.hc.client5.http.headers -- http-outgoing-23 << Vary: Accept-Encoding
11:27:21.904 [main] DEBUG org.apache.hc.client5.http.headers -- http-outgoing-23 << X-Fastly-Request-ID: 4c18a59235a50db5cdba4af46633d500cab21160
11:27:21.904 [main] DEBUG org.apache.hc.client5.http.impl.classic.MainClientExec -- ex-0000000024 connection can be kept alive for 3 MINUTES
11:27:21.904 [main] DEBUG org.apache.hc.client5.http.wire -- http-outgoing-23 << "[0x1f][0xffffff8b][0x8][0x0][0x0][0x0][0x0][0x0][0x0][0x3][0xffffffcd][0xffffff96][0xffffffcb][0xffffff8e][0xffffff9b]0[0x14][0xffffff86][0xfffffff7]}[0xc][0xffffffaf][0xffffffb9][0xffffffd9]D[0x10]XN[0xfffffffb][0x6][0xffffffed][0xffffffaa]U[0x17]np[0x13]$[0x3][0x11]x2m#[0xffffffde][0xffffffbd][0xffffff86][0x18][0xffffff86][0xffffff8b][0xffffffcd][0xffffffac][0xffffffe2][0xffffffc3][0xffffff8a][0xffffffe4]`[0xffffffce][0xfffffff9]A[0xffffff9f][0xffffff8e][0xffffffbe];[0x12]y[0xffffffc1][0x1a]A[0xffffff8b]+J[0x11][0x9]H[0xffffffe8]b[0xffffffe2][0xffffff92][0xffffffe0][0x1b]!ipL[0xf][0xffffff81][0x17][0xffffffc5][0xffffffc7][0xffffffef][0xffffffc8]A[0xffffffa7][0xb]-K[0xffffffc6][0x1b][0xffffff94][0xffffffde][0xffffffd1]WA[0x7f]q[0xffffffd6][0xfffffffd]RU[0xfffffff9][0xffffffa8][0xffffffaa]9[0xffffffe8][0xffffffc6][0xffffffea]&[0xffffffaf]JY[0xffffffc2]$[0xfffffff0][0xffffffe4][0xfffffff3]A[0xffffff92]x8H[0xffffffe4][0xffffffad][0xffffff9a][0xffffffdd][0xfffffff2][0xfffffff1][0x1e][0xffffff8e][0xffffffc3][0xffffff88][0xffffffc8]bV[0xffffffbd][0xffffff95][0xffffffbc][0xffffffa2]Y[0xfffffff3][0xffffffe8]WW[0xffffff85][0xffffffec][0xfffffffc][0xffffffe3][0xffffff8e][0xffffffae][0xffffff9c][0xffffff8a][0xffffffdf]U][0xffffffc8][0xffffffc3]</_[0xffffffff]D[0x7]y[0xfffffff8][0xffffffb5][0xffffffee]f][0xffffff84][0xffffffb8]6[0xffffffa9][0xffffffef][0xffffffb3][0xffffffec][0xffffffcc]2[0xffffffee][0x15][0xffffffcc];[0xffffffdf][0x4][0xfffffff6]NU[0xffffffa1]J[0xfffffffe][0xffffffa3][0xffffff8f][0xffffffba][0xffffffb8][0xffffffb2][0xffffff8d]+[0xffffffe4]K[0xffffffe6][0xffffffe5][0xffffffd9][0xffffff9f][0xffffff87][0xfffffff2]U[0xffffffeb][0xffffffe1][0xffffffa4][0xfffffffa][0xffffffeb][0xfffffffd][0xffffffcb][0xffffffaf][0xffffffa8]uf![\n]"
11:27:21.904 [main] DEBUG org.apache.hc.client5.http.wire -- http-outgoing-23 << "zri]<'[0xffffffc6][0xffffffd8]|8;[0x16]LQ[0xffffff9e][0xfffffff4]=T[0xffffffeb]i[0xc][0xffffffc3][0xfffffff7]x[0xffffffcb][0xffffffcb][0xffffff90]<#B[0xffffffdf]x8[0xffffffd7][0xffffffff]1[0xffffff8c][0x7f][0xffffffce][0x17][0xffffffe8][0x1b]O[0xffffffc6][0xf]o[0xffffffff][0xffffffd3]Qtfu.[0x19][0x7]c[0xfffffff4]1~7[0xffffffa4][0xffffffaa]8[0xfffffffb][0xffffffe0]u[0x12][0x6][0xffffff92]Z[0x15][0x3][0xffffff96][0xffffffdd][0xfffffff7][0x10]+[0xffffff82][0xffffffdd][0xb][0xffffffa3][0x19]gM[0xffffffe3]6[0x17][0xffffffc6]9[0x18][0xffffffca][0xffffff8b][0x1c][0xffffffbb]az[0xffffff99]k[0x1f]p[0xffffffeb]RAR[0xffffffbe][0xffffffcc][0x3][0xffffff8b][0xffffffbb]&[0xffffffcd][0xffffffc8]}[0xffffffdb]:[0xffffffe8][0xffffff85][0x9]:7[0xffffff96][0xffffffbe]2[0xfffffff7][0x15][0xffffffdc]u[0xffffffc7]Q[0xffffffec][0xffffffe1]h[0xffffffa9]+a[0xffffff88][0xffffff83][0x18]BW&[0xffffff99][0x0]me[0xffffff9a][0x2]RV[0xffffff96]9[0xffffffec][0xffffffbb][0xffffffca]4[0xffffff81]}UYL[0xffffff87]7[0x15]3[0xffffff9e][0xfffffff6]Ee[0xb]R[0xfffffffb][0xffffff9e]bF[0xffffffd5][0xffffffae][0xffffffa6][0xffffff98][0xffffff80][0xffffffb5]i)&l[0xfffffff7]")[0x1b]K[0x16][0xffffffce]Q6w.[0xffffff9c][0xffffffa2]l[0xffffffac]`[0x18]C1nd[0x8]A1.[0xffffffe8][0xf][0xfffffffc][0xffffffe4][0xb][0xffffffbb][0xffffffcd][0xfffffff5][0xffffffa4]+[0xffffffcc][0xffffffed][0xffffff84][0xfffffff4][0xffffffad][0xffffff8f][0xfffffff2][0xffffffb2][0xffffff92][0xffffff93](>[0x1c]![0xffffffe4][0xffffffe4]=[0x12][0xffffffa0][0xffffff9b]LB@[0xffffffaa][0xffffffc9]"[0xffffff86]}3[0xffffff99][0x4][0xffffffb0]/&[0xfffffff3][0xffffffe1][0xfffffff0]^b$[0xffffffd3][0xffffffbe][0xffffff96]l[0xfffffff0]i[0xffffffdf]J[0xffffff8c][0xffffff94][0xffffffda][0xffffff95][0x12][0x3][0xffffffab]6[0xffffff9d][0xffffffc4]@[0xffffffec]^[0xffffff94][0xffffffc4][0xffffffbc]Z[0xffffffe1][0xffffff8c]dk[0xffffffd3][0xffffffc2][0x9][0xffffff89]y[0xfffffff1][0xffffffc2][0xfffffff8][0xffffff88]i[0xf]C[0xffffffe8][0xffffff88]i-[0x7f]`#[0xffffff9f]iI[0xffffffeb][0xffffffbf]s!Q5[0xffffff9d][0xffffff93]$[0xffffffb1][0xffffffc6]I[0xffffff92][0xffffffe8][0xffffff80][0xffffffe1][0xffffff9c][0xffffffa4][0xffffff8b][0x4][0xffffffee]$}[0x8]x'[0x19]c@9I[0x1f][0x0][0xffffffca]I[0xffffff86][0xffffffe1]{q[0x12][\r][0xffffff99]PN[0xffffffa2][0xffffffe5][0x13][0xffffffca]I4[0xffffff94]B8[0xffffffc9][0xffffff8a]U[0xfffffffb]N[0xffffffb2]"v_N[0xffffffa2][[0xffffffad][0xffffffd0]N[0xffffffa2][0xffffffdf][0xffffffb4][0xffffffd0]N[0xffffffa2][[0xffffffbc][0xffffff90]N[0xffffffb2][0xffffffde][0xffffffc3]pN[0xffffffb2]^[0xffffffcb][0xffffff9b]N[0xffffffd2][0xffffffb6][0xffffff9f][0xfffffffe][0x3][0x1f][0x19][0xb]V[0xffffffac]"[0x0][0x0]"
11:27:21.906 [main] DEBUG org.apache.hc.client5.http.impl.classic.InternalHttpClient -- ep-0000000024 releasing valid endpoint
11:27:21.906 [main] DEBUG org.apache.hc.client5.http.impl.io.PoolingHttpClientConnectionManager -- ep-0000000024 releasing endpoint
11:27:21.906 [main] DEBUG org.apache.hc.client5.http.impl.io.PoolingHttpClientConnectionManager -- ep-0000000024 connection http-outgoing-23 can be kept alive for 3 MINUTES
11:27:21.906 [main] DEBUG org.apache.hc.client5.http.impl.io.PoolingHttpClientConnectionManager -- ep-0000000024 connection released [route: {s}->https://googlechromelabs.github.io:443][total available: 2; route allocated: 2 of 5; total allocated: 3 of 25]
11:27:21.912 [main] DEBUG io.github.bonigarcia.wdm.WebDriverManager -- Driver chromedriver 120.0.6099.109 found in cache
11:27:21.913 [main] INFO io.github.bonigarcia.wdm.WebDriverManager -- Exporting webdriver.chrome.driver as C:\Users\info\.cache\selenium\chromedriver\win64\120.0.6099.109\chromedriver.exe
Inside Step - browser is open
  Given the browser is open                                            # com.sdetadda.allure.RegistreSteps.the_browser_is_open()
Inside Step - the user is on the website
  And the user is on the website                                       # com.sdetadda.allure.RegistreSteps.the_user_is_on_the_website()
Inside Step - the user navigates to the registration page
  When the user navigates to the registration page                     # com.sdetadda.allure.RegistreSteps.the_user_navigates_to_the_registration_page()
  And the user enters their first name and last name                   # com.sdetadda.allure.RegistreSteps.the_user_enters_their_first_name_and_last_name()
  And the user enters their email, password, and confirms the password # com.sdetadda.allure.RegistreSteps.the_user_enters_their_email_password_and_confirms_the_password()
  And the user clicks on the create account button                     # com.sdetadda.allure.RegistreSteps.the_user_clicks_on_the_create_account_button()
  Then the user is navigated to the home page                          # com.sdetadda.allure.RegistreSteps.the_user_is_navigated_to_the_home_page()
]]></system-out>
    <system-err><![CDATA[déc. 21, 2023 11:27:39 AM org.openqa.selenium.remote.http.WebSocket$Listener onError
WARNING: Connection reset
java.net.SocketException: Connection reset
	at java.base/sun.nio.ch.SocketChannelImpl.throwConnectionReset(SocketChannelImpl.java:401)
	at java.base/sun.nio.ch.SocketChannelImpl.read(SocketChannelImpl.java:434)
	at java.net.http/jdk.internal.net.http.SocketTube.readAvailable(SocketTube.java:1178)
	at java.net.http/jdk.internal.net.http.SocketTube$InternalReadPublisher$InternalReadSubscription.read(SocketTube.java:841)
	at java.net.http/jdk.internal.net.http.SocketTube$SocketFlowTask.run(SocketTube.java:181)
	at java.net.http/jdk.internal.net.http.common.SequentialScheduler$SchedulableTask.run(SequentialScheduler.java:207)
	at java.net.http/jdk.internal.net.http.common.SequentialScheduler.runOrSchedule(SequentialScheduler.java:280)
	at java.net.http/jdk.internal.net.http.common.SequentialScheduler.runOrSchedule(SequentialScheduler.java:233)
	at java.net.http/jdk.internal.net.http.SocketTube$InternalReadPublisher$InternalReadSubscription.signalReadable(SocketTube.java:782)
	at java.net.http/jdk.internal.net.http.SocketTube$InternalReadPublisher$ReadEvent.signalEvent(SocketTube.java:965)
	at java.net.http/jdk.internal.net.http.SocketTube$SocketFlowEvent.handle(SocketTube.java:253)
	at java.net.http/jdk.internal.net.http.HttpClientImpl$SelectorManager.handleEvent(HttpClientImpl.java:1467)
	at java.net.http/jdk.internal.net.http.HttpClientImpl$SelectorManager.lambda$run$3(HttpClientImpl.java:1412)
	at java.base/java.util.ArrayList.forEach(ArrayList.java:1596)
	at java.net.http/jdk.internal.net.http.HttpClientImpl$SelectorManager.run(HttpClientImpl.java:1412)

]]></system-err>
  </testcase>
</testsuite>