<?xml version="1.0" encoding="UTF-8"?>
<testsuite xmlns:xsi="http://www.w3.org/2001/XMLSchema-instance" xsi:noNamespaceSchemaLocation="https://maven.apache.org/surefire/maven-surefire-plugin/xsd/surefire-test-report-3.0.xsd" version="3.0" name="Runner.TestRunner" time="87.933" tests="6" errors="5" skipped="0" failures="0">
  <properties>
    <property name="java.specification.version" value="21"/>
    <property name="webdriver.chrome.driver" value="C:\Users\info\.cache\selenium\chromedriver\win64\120.0.6099.109\chromedriver.exe"/>
    <property name="sun.cpu.isalist" value="amd64"/>
    <property name="sun.jnu.encoding" value="Cp1252"/>
    <property name="java.class.path" value="C:\Users\info\eclipse-workspace\AllureReportDemo\target\test-classes;C:\Users\info\eclipse-workspace\AllureReportDemo\target\classes;C:\Users\info\.m2\repository\io\cucumber\cucumber-java\7.15.0\cucumber-java-7.15.0.jar;C:\Users\info\.m2\repository\io\cucumber\cucumber-core\7.15.0\cucumber-core-7.15.0.jar;C:\Users\info\.m2\repository\io\cucumber\cucumber-gherkin\7.15.0\cucumber-gherkin-7.15.0.jar;C:\Users\info\.m2\repository\io\cucumber\cucumber-gherkin-messages\7.15.0\cucumber-gherkin-messages-7.15.0.jar;C:\Users\info\.m2\repository\io\cucumber\messages\22.0.0\messages-22.0.0.jar;C:\Users\info\.m2\repository\io\cucumber\tag-expressions\6.0.0\tag-expressions-6.0.0.jar;C:\Users\info\.m2\repository\io\cucumber\cucumber-expressions\17.0.1\cucumber-expressions-17.0.1.jar;C:\Users\info\.m2\repository\io\cucumber\datatable\7.15.0\datatable-7.15.0.jar;C:\Users\info\.m2\repository\io\cucumber\cucumber-plugin\7.15.0\cucumber-plugin-7.15.0.jar;C:\Users\info\.m2\repository\io\cucumber\docstring\7.15.0\docstring-7.15.0.jar;C:\Users\info\.m2\repository\io\cucumber\html-formatter\20.4.0\html-formatter-20.4.0.jar;C:\Users\info\.m2\repository\io\cucumber\junit-xml-formatter\0.2.0\junit-xml-formatter-0.2.0.jar;C:\Users\info\.m2\repository\io\cucumber\ci-environment\10.0.0\ci-environment-10.0.0.jar;C:\Users\info\.m2\repository\org\apiguardian\apiguardian-api\1.1.2\apiguardian-api-1.1.2.jar;C:\Users\info\.m2\repository\io\cucumber\cucumber-junit\7.15.0\cucumber-junit-7.15.0.jar;C:\Users\info\.m2\repository\junit\junit\4.13.2\junit-4.13.2.jar;C:\Users\info\.m2\repository\org\hamcrest\hamcrest-core\1.3\hamcrest-core-1.3.jar;C:\Users\info\.m2\repository\org\seleniumhq\selenium\selenium-java\4.16.1\selenium-java-4.16.1.jar;C:\Users\info\.m2\repository\org\seleniumhq\selenium\selenium-api\4.16.1\selenium-api-4.16.1.jar;C:\Users\info\.m2\repository\org\seleniumhq\selenium\selenium-chrome-driver\4.16.1\selenium-chrome-driver-4.16.1.jar;C:\Users\info\.m2\repository\com\google\auto\service\auto-service-annotations\1.1.1\auto-service-annotations-1.1.1.jar;C:\Users\info\.m2\repository\org\seleniumhq\selenium\selenium-chromium-driver\4.16.1\selenium-chromium-driver-4.16.1.jar;C:\Users\info\.m2\repository\org\seleniumhq\selenium\selenium-json\4.16.1\selenium-json-4.16.1.jar;C:\Users\info\.m2\repository\org\seleniumhq\selenium\selenium-manager\4.16.1\selenium-manager-4.16.1.jar;C:\Users\info\.m2\repository\org\seleniumhq\selenium\selenium-devtools-v118\4.16.1\selenium-devtools-v118-4.16.1.jar;C:\Users\info\.m2\repository\org\seleniumhq\selenium\selenium-devtools-v119\4.16.1\selenium-devtools-v119-4.16.1.jar;C:\Users\info\.m2\repository\org\seleniumhq\selenium\selenium-devtools-v120\4.16.1\selenium-devtools-v120-4.16.1.jar;C:\Users\info\.m2\repository\org\seleniumhq\selenium\selenium-devtools-v85\4.16.1\selenium-devtools-v85-4.16.1.jar;C:\Users\info\.m2\repository\org\seleniumhq\selenium\selenium-edge-driver\4.16.1\selenium-edge-driver-4.16.1.jar;C:\Users\info\.m2\repository\org\seleniumhq\selenium\selenium-firefox-driver\4.16.1\selenium-firefox-driver-4.16.1.jar;C:\Users\info\.m2\repository\org\seleniumhq\selenium\selenium-http\4.16.1\selenium-http-4.16.1.jar;C:\Users\info\.m2\repository\dev\failsafe\failsafe\3.3.2\failsafe-3.3.2.jar;C:\Users\info\.m2\repository\org\seleniumhq\selenium\selenium-ie-driver\4.16.1\selenium-ie-driver-4.16.1.jar;C:\Users\info\.m2\repository\org\seleniumhq\selenium\selenium-remote-driver\4.16.1\selenium-remote-driver-4.16.1.jar;C:\Users\info\.m2\repository\com\google\guava\guava\32.1.2-jre\guava-32.1.2-jre.jar;C:\Users\info\.m2\repository\com\google\guava\failureaccess\1.0.1\failureaccess-1.0.1.jar;C:\Users\info\.m2\repository\com\google\guava\listenablefuture\9999.0-empty-to-avoid-conflict-with-guava\listenablefuture-9999.0-empty-to-avoid-conflict-with-guava.jar;C:\Users\info\.m2\repository\com\google\code\findbugs\jsr305\3.0.2\jsr305-3.0.2.jar;C:\Users\info\.m2\repository\org\checkerframework\checker-qual\3.33.0\checker-qual-3.33.0.jar;C:\Users\info\.m2\repository\com\google\errorprone\error_prone_annotations\2.18.0\error_prone_annotations-2.18.0.jar;C:\Users\info\.m2\repository\com\google\j2objc\j2objc-annotations\2.8\j2objc-annotations-2.8.jar;C:\Users\info\.m2\repository\io\opentelemetry\opentelemetry-api\1.28.0\opentelemetry-api-1.28.0.jar;C:\Users\info\.m2\repository\io\opentelemetry\opentelemetry-context\1.28.0\opentelemetry-context-1.28.0.jar;C:\Users\info\.m2\repository\io\opentelemetry\opentelemetry-exporter-logging\1.28.0\opentelemetry-exporter-logging-1.28.0.jar;C:\Users\info\.m2\repository\io\opentelemetry\opentelemetry-sdk-metrics\1.28.0\opentelemetry-sdk-metrics-1.28.0.jar;C:\Users\info\.m2\repository\io\opentelemetry\opentelemetry-extension-incubator\1.28.0-alpha\opentelemetry-extension-incubator-1.28.0-alpha.jar;C:\Users\info\.m2\repository\io\opentelemetry\opentelemetry-sdk-logs\1.28.0\opentelemetry-sdk-logs-1.28.0.jar;C:\Users\info\.m2\repository\io\opentelemetry\opentelemetry-sdk-common\1.28.0\opentelemetry-sdk-common-1.28.0.jar;C:\Users\info\.m2\repository\io\opentelemetry\opentelemetry-sdk-extension-autoconfigure-spi\1.28.0\opentelemetry-sdk-extension-autoconfigure-spi-1.28.0.jar;C:\Users\info\.m2\repository\io\opentelemetry\opentelemetry-sdk-extension-autoconfigure\1.28.0\opentelemetry-sdk-extension-autoconfigure-1.28.0.jar;C:\Users\info\.m2\repository\io\opentelemetry\opentelemetry-api-events\1.28.0-alpha\opentelemetry-api-events-1.28.0-alpha.jar;C:\Users\info\.m2\repository\io\opentelemetry\opentelemetry-sdk-trace\1.28.0\opentelemetry-sdk-trace-1.28.0.jar;C:\Users\info\.m2\repository\io\opentelemetry\opentelemetry-sdk\1.28.0\opentelemetry-sdk-1.28.0.jar;C:\Users\info\.m2\repository\io\opentelemetry\opentelemetry-semconv\1.28.0-alpha\opentelemetry-semconv-1.28.0-alpha.jar;C:\Users\info\.m2\repository\net\bytebuddy\byte-buddy\1.14.5\byte-buddy-1.14.5.jar;C:\Users\info\.m2\repository\org\seleniumhq\selenium\selenium-os\4.16.1\selenium-os-4.16.1.jar;C:\Users\info\.m2\repository\org\apache\commons\commons-exec\1.3\commons-exec-1.3.jar;C:\Users\info\.m2\repository\org\seleniumhq\selenium\selenium-safari-driver\4.16.1\selenium-safari-driver-4.16.1.jar;C:\Users\info\.m2\repository\org\seleniumhq\selenium\selenium-support\4.16.1\selenium-support-4.16.1.jar;C:\Users\info\.m2\repository\io\github\bonigarcia\webdrivermanager\5.6.2\webdrivermanager-5.6.2.jar;C:\Users\info\.m2\repository\org\slf4j\slf4j-api\2.0.9\slf4j-api-2.0.9.jar;C:\Users\info\.m2\repository\com\google\code\gson\gson\2.10.1\gson-2.10.1.jar;C:\Users\info\.m2\repository\com\github\docker-java\docker-java\3.3.4\docker-java-3.3.4.jar;C:\Users\info\.m2\repository\com\github\docker-java\docker-java-core\3.3.4\docker-java-core-3.3.4.jar;C:\Users\info\.m2\repository\com\github\docker-java\docker-java-api\3.3.4\docker-java-api-3.3.4.jar;C:\Users\info\.m2\repository\org\bouncycastle\bcpkix-jdk18on\1.76\bcpkix-jdk18on-1.76.jar;C:\Users\info\.m2\repository\org\bouncycastle\bcprov-jdk18on\1.76\bcprov-jdk18on-1.76.jar;C:\Users\info\.m2\repository\org\bouncycastle\bcutil-jdk18on\1.76\bcutil-jdk18on-1.76.jar;C:\Users\info\.m2\repository\org\slf4j\jcl-over-slf4j\1.7.30\jcl-over-slf4j-1.7.30.jar;C:\Users\info\.m2\repository\com\github\docker-java\docker-java-transport-httpclient5\3.3.4\docker-java-transport-httpclient5-3.3.4.jar;C:\Users\info\.m2\repository\com\github\docker-java\docker-java-transport\3.3.4\docker-java-transport-3.3.4.jar;C:\Users\info\.m2\repository\net\java\dev\jna\jna\5.13.0\jna-5.13.0.jar;C:\Users\info\.m2\repository\org\brotli\dec\0.1.2\dec-0.1.2.jar;C:\Users\info\.m2\repository\org\apache\commons\commons-lang3\3.13.0\commons-lang3-3.13.0.jar;C:\Users\info\.m2\repository\org\apache\commons\commons-compress\1.24.0\commons-compress-1.24.0.jar;C:\Users\info\.m2\repository\org\apache\httpcomponents\client5\httpclient5\5.2.1\httpclient5-5.2.1.jar;C:\Users\info\.m2\repository\org\apache\httpcomponents\core5\httpcore5\5.2\httpcore5-5.2.jar;C:\Users\info\.m2\repository\org\apache\httpcomponents\core5\httpcore5-h2\5.2\httpcore5-h2-5.2.jar;C:\Users\info\.m2\repository\com\beust\jcommander\1.82\jcommander-1.82.jar;C:\Users\info\.m2\repository\com\fasterxml\jackson\core\jackson-databind\2.16.0\jackson-databind-2.16.0.jar;C:\Users\info\.m2\repository\com\fasterxml\jackson\core\jackson-annotations\2.16.0\jackson-annotations-2.16.0.jar;C:\Users\info\.m2\repository\com\fasterxml\jackson\core\jackson-core\2.16.0\jackson-core-2.16.0.jar;C:\Users\info\.m2\repository\com\fasterxml\jackson\dataformat\jackson-dataformat-yaml\2.16.0\jackson-dataformat-yaml-2.16.0.jar;C:\Users\info\.m2\repository\org\yaml\snakeyaml\2.2\snakeyaml-2.2.jar;C:\Users\info\.m2\repository\commons-io\commons-io\2.15.1\commons-io-2.15.1.jar;C:\Users\info\.m2\repository\org\eclipse\jetty\jetty-server\9.4.53.v20231009\jetty-server-9.4.53.v20231009.jar;C:\Users\info\.m2\repository\javax\servlet\javax.servlet-api\3.1.0\javax.servlet-api-3.1.0.jar;C:\Users\info\.m2\repository\org\eclipse\jetty\jetty-http\9.4.53.v20231009\jetty-http-9.4.53.v20231009.jar;C:\Users\info\.m2\repository\org\eclipse\jetty\jetty-util\9.4.53.v20231009\jetty-util-9.4.53.v20231009.jar;C:\Users\info\.m2\repository\org\eclipse\jetty\jetty-io\9.4.53.v20231009\jetty-io-9.4.53.v20231009.jar;C:\Users\info\.m2\repository\io\qameta\allure\allure-generator\2.25.0\allure-generator-2.25.0.jar;C:\Users\info\.m2\repository\io\qameta\allure\allure-plugin-api\2.25.0\allure-plugin-api-2.25.0.jar;C:\Users\info\.m2\repository\com\opencsv\opencsv\4.6\opencsv-4.6.jar;C:\Users\info\.m2\repository\org\apache\commons\commons-text\1.3\commons-text-1.3.jar;C:\Users\info\.m2\repository\commons-beanutils\commons-beanutils\1.9.3\commons-beanutils-1.9.3.jar;C:\Users\info\.m2\repository\commons-collections\commons-collections\3.2.2\commons-collections-3.2.2.jar;C:\Users\info\.m2\repository\org\apache\commons\commons-collections4\4.2\commons-collections4-4.2.jar;C:\Users\info\.m2\repository\com\vladsch\flexmark\flexmark\0.62.2\flexmark-0.62.2.jar;C:\Users\info\.m2\repository\com\vladsch\flexmark\flexmark-util-ast\0.62.2\flexmark-util-ast-0.62.2.jar;C:\Users\info\.m2\repository\org\jetbrains\annotations\15.0\annotations-15.0.jar;C:\Users\info\.m2\repository\com\vladsch\flexmark\flexmark-util-builder\0.62.2\flexmark-util-builder-0.62.2.jar;C:\Users\info\.m2\repository\com\vladsch\flexmark\flexmark-util-collection\0.62.2\flexmark-util-collection-0.62.2.jar;C:\Users\info\.m2\repository\com\vladsch\flexmark\flexmark-util-data\0.62.2\flexmark-util-data-0.62.2.jar;C:\Users\info\.m2\repository\com\vladsch\flexmark\flexmark-util-dependency\0.62.2\flexmark-util-dependency-0.62.2.jar;C:\Users\info\.m2\repository\com\vladsch\flexmark\flexmark-util-format\0.62.2\flexmark-util-format-0.62.2.jar;C:\Users\info\.m2\repository\com\vladsch\flexmark\flexmark-util-html\0.62.2\flexmark-util-html-0.62.2.jar;C:\Users\info\.m2\repository\com\vladsch\flexmark\flexmark-util-misc\0.62.2\flexmark-util-misc-0.62.2.jar;C:\Users\info\.m2\repository\com\vladsch\flexmark\flexmark-util-sequence\0.62.2\flexmark-util-sequence-0.62.2.jar;C:\Users\info\.m2\repository\com\vladsch\flexmark\flexmark-util-visitor\0.62.2\flexmark-util-visitor-0.62.2.jar;C:\Users\info\.m2\repository\com\vladsch\flexmark\flexmark-ext-tables\0.62.2\flexmark-ext-tables-0.62.2.jar;C:\Users\info\.m2\repository\com\vladsch\flexmark\flexmark-util\0.62.2\flexmark-util-0.62.2.jar;C:\Users\info\.m2\repository\com\vladsch\flexmark\flexmark-util-options\0.62.2\flexmark-util-options-0.62.2.jar;C:\Users\info\.m2\repository\com\fasterxml\jackson\dataformat\jackson-dataformat-xml\2.16.0\jackson-dataformat-xml-2.16.0.jar;C:\Users\info\.m2\repository\org\codehaus\woodstox\stax2-api\4.2.1\stax2-api-4.2.1.jar;C:\Users\info\.m2\repository\com\fasterxml\woodstox\woodstox-core\6.5.1\woodstox-core-6.5.1.jar;C:\Users\info\.m2\repository\com\fasterxml\jackson\module\jackson-module-jaxb-annotations\2.16.0\jackson-module-jaxb-annotations-2.16.0.jar;C:\Users\info\.m2\repository\jakarta\xml\bind\jakarta.xml.bind-api\2.3.3\jakarta.xml.bind-api-2.3.3.jar;C:\Users\info\.m2\repository\jakarta\activation\jakarta.activation-api\1.2.2\jakarta.activation-api-1.2.2.jar;C:\Users\info\.m2\repository\io\qameta\allure\allure-model\2.24.0\allure-model-2.24.0.jar;C:\Users\info\.m2\repository\javax\xml\bind\jaxb-api\2.3.1\jaxb-api-2.3.1.jar;C:\Users\info\.m2\repository\javax\activation\javax.activation-api\1.2.0\javax.activation-api-1.2.0.jar;C:\Users\info\.m2\repository\org\allurefw\allure1-model\1.0\allure1-model-1.0.jar;C:\Users\info\.m2\repository\ru\qatools\commons\properties\2.0.RC5\properties-2.0.RC5.jar;C:\Users\info\.m2\repository\com\github\baev\jaxb-utils\1.0\jaxb-utils-1.0.jar;C:\Users\info\.m2\repository\org\apache\httpcomponents\httpclient\4.5.14\httpclient-4.5.14.jar;C:\Users\info\.m2\repository\org\apache\httpcomponents\httpcore\4.4.16\httpcore-4.4.16.jar;C:\Users\info\.m2\repository\commons-logging\commons-logging\1.2\commons-logging-1.2.jar;C:\Users\info\.m2\repository\commons-codec\commons-codec\1.11\commons-codec-1.11.jar;C:\Users\info\.m2\repository\org\apache\tika\tika-core\2.9.1\tika-core-2.9.1.jar;C:\Users\info\.m2\repository\org\freemarker\freemarker\2.3.32\freemarker-2.3.32.jar;C:\Users\info\.m2\repository\org\junit\jupiter\junit-jupiter-api\5.10.1\junit-jupiter-api-5.10.1.jar;C:\Users\info\.m2\repository\org\opentest4j\opentest4j\1.3.0\opentest4j-1.3.0.jar;C:\Users\info\.m2\repository\org\junit\platform\junit-platform-commons\1.10.1\junit-platform-commons-1.10.1.jar;C:\Users\info\.m2\repository\io\qameta\allure\allure-junit5\2.25.0\allure-junit5-2.25.0.jar;C:\Users\info\.m2\repository\io\qameta\allure\allure-junit-platform\2.25.0\allure-junit-platform-2.25.0.jar;C:\Users\info\.m2\repository\io\qameta\allure\allure-test-filter\2.25.0\allure-test-filter-2.25.0.jar;C:\Users\info\.m2\repository\org\junit\platform\junit-platform-launcher\1.9.2\junit-platform-launcher-1.9.2.jar;C:\Users\info\.m2\repository\org\junit\platform\junit-platform-engine\1.9.2\junit-platform-engine-1.9.2.jar;C:\Users\info\.m2\repository\io\qameta\allure\allure-cucumber7-jvm\2.25.0\allure-cucumber7-jvm-2.25.0.jar;C:\Users\info\.m2\repository\io\qameta\allure\allure-java-commons\2.25.0\allure-java-commons-2.25.0.jar;C:\Users\info\.m2\repository\io\cucumber\gherkin\26.2.0\gherkin-26.2.0.jar;C:\Users\info\.m2\repository\ch\qos\logback\logback-classic\1.4.14\logback-classic-1.4.14.jar;C:\Users\info\.m2\repository\ch\qos\logback\logback-core\1.4.14\logback-core-1.4.14.jar;"/>
    <property name="java.vm.vendor" value="Oracle Corporation"/>
    <property name="sun.arch.data.model" value="64"/>
    <property name="user.variant" value=""/>
    <property name="java.vendor.url" value="https://java.oracle.com/"/>
    <property name="user.timezone" value="Africa/Lagos"/>
    <property name="os.name" value="Windows 10"/>
    <property name="java.vm.specification.version" value="21"/>
    <property name="sun.java.launcher" value="SUN_STANDARD"/>
    <property name="user.country" value="FR"/>
    <property name="sun.boot.library.path" value="C:\Program Files\Java\jdk-21\bin"/>
    <property name="sun.java.command" value="C:\Users\info\AppData\Local\Temp\surefire6309789605188255669\surefirebooter-20231228103109382_3.jar C:\Users\info\AppData\Local\Temp\surefire6309789605188255669 2023-12-28T10-31-09_028-jvmRun1 surefire-20231228103109382_1tmp surefire_0-20231228103109382_2tmp"/>
    <property name="jdk.debug" value="release"/>
    <property name="surefire.test.class.path" value="C:\Users\info\eclipse-workspace\AllureReportDemo\target\test-classes;C:\Users\info\eclipse-workspace\AllureReportDemo\target\classes;C:\Users\info\.m2\repository\io\cucumber\cucumber-java\7.15.0\cucumber-java-7.15.0.jar;C:\Users\info\.m2\repository\io\cucumber\cucumber-core\7.15.0\cucumber-core-7.15.0.jar;C:\Users\info\.m2\repository\io\cucumber\cucumber-gherkin\7.15.0\cucumber-gherkin-7.15.0.jar;C:\Users\info\.m2\repository\io\cucumber\cucumber-gherkin-messages\7.15.0\cucumber-gherkin-messages-7.15.0.jar;C:\Users\info\.m2\repository\io\cucumber\messages\22.0.0\messages-22.0.0.jar;C:\Users\info\.m2\repository\io\cucumber\tag-expressions\6.0.0\tag-expressions-6.0.0.jar;C:\Users\info\.m2\repository\io\cucumber\cucumber-expressions\17.0.1\cucumber-expressions-17.0.1.jar;C:\Users\info\.m2\repository\io\cucumber\datatable\7.15.0\datatable-7.15.0.jar;C:\Users\info\.m2\repository\io\cucumber\cucumber-plugin\7.15.0\cucumber-plugin-7.15.0.jar;C:\Users\info\.m2\repository\io\cucumber\docstring\7.15.0\docstring-7.15.0.jar;C:\Users\info\.m2\repository\io\cucumber\html-formatter\20.4.0\html-formatter-20.4.0.jar;C:\Users\info\.m2\repository\io\cucumber\junit-xml-formatter\0.2.0\junit-xml-formatter-0.2.0.jar;C:\Users\info\.m2\repository\io\cucumber\ci-environment\10.0.0\ci-environment-10.0.0.jar;C:\Users\info\.m2\repository\org\apiguardian\apiguardian-api\1.1.2\apiguardian-api-1.1.2.jar;C:\Users\info\.m2\repository\io\cucumber\cucumber-junit\7.15.0\cucumber-junit-7.15.0.jar;C:\Users\info\.m2\repository\junit\junit\4.13.2\junit-4.13.2.jar;C:\Users\info\.m2\repository\org\hamcrest\hamcrest-core\1.3\hamcrest-core-1.3.jar;C:\Users\info\.m2\repository\org\seleniumhq\selenium\selenium-java\4.16.1\selenium-java-4.16.1.jar;C:\Users\info\.m2\repository\org\seleniumhq\selenium\selenium-api\4.16.1\selenium-api-4.16.1.jar;C:\Users\info\.m2\repository\org\seleniumhq\selenium\selenium-chrome-driver\4.16.1\selenium-chrome-driver-4.16.1.jar;C:\Users\info\.m2\repository\com\google\auto\service\auto-service-annotations\1.1.1\auto-service-annotations-1.1.1.jar;C:\Users\info\.m2\repository\org\seleniumhq\selenium\selenium-chromium-driver\4.16.1\selenium-chromium-driver-4.16.1.jar;C:\Users\info\.m2\repository\org\seleniumhq\selenium\selenium-json\4.16.1\selenium-json-4.16.1.jar;C:\Users\info\.m2\repository\org\seleniumhq\selenium\selenium-manager\4.16.1\selenium-manager-4.16.1.jar;C:\Users\info\.m2\repository\org\seleniumhq\selenium\selenium-devtools-v118\4.16.1\selenium-devtools-v118-4.16.1.jar;C:\Users\info\.m2\repository\org\seleniumhq\selenium\selenium-devtools-v119\4.16.1\selenium-devtools-v119-4.16.1.jar;C:\Users\info\.m2\repository\org\seleniumhq\selenium\selenium-devtools-v120\4.16.1\selenium-devtools-v120-4.16.1.jar;C:\Users\info\.m2\repository\org\seleniumhq\selenium\selenium-devtools-v85\4.16.1\selenium-devtools-v85-4.16.1.jar;C:\Users\info\.m2\repository\org\seleniumhq\selenium\selenium-edge-driver\4.16.1\selenium-edge-driver-4.16.1.jar;C:\Users\info\.m2\repository\org\seleniumhq\selenium\selenium-firefox-driver\4.16.1\selenium-firefox-driver-4.16.1.jar;C:\Users\info\.m2\repository\org\seleniumhq\selenium\selenium-http\4.16.1\selenium-http-4.16.1.jar;C:\Users\info\.m2\repository\dev\failsafe\failsafe\3.3.2\failsafe-3.3.2.jar;C:\Users\info\.m2\repository\org\seleniumhq\selenium\selenium-ie-driver\4.16.1\selenium-ie-driver-4.16.1.jar;C:\Users\info\.m2\repository\org\seleniumhq\selenium\selenium-remote-driver\4.16.1\selenium-remote-driver-4.16.1.jar;C:\Users\info\.m2\repository\com\google\guava\guava\32.1.2-jre\guava-32.1.2-jre.jar;C:\Users\info\.m2\repository\com\google\guava\failureaccess\1.0.1\failureaccess-1.0.1.jar;C:\Users\info\.m2\repository\com\google\guava\listenablefuture\9999.0-empty-to-avoid-conflict-with-guava\listenablefuture-9999.0-empty-to-avoid-conflict-with-guava.jar;C:\Users\info\.m2\repository\com\google\code\findbugs\jsr305\3.0.2\jsr305-3.0.2.jar;C:\Users\info\.m2\repository\org\checkerframework\checker-qual\3.33.0\checker-qual-3.33.0.jar;C:\Users\info\.m2\repository\com\google\errorprone\error_prone_annotations\2.18.0\error_prone_annotations-2.18.0.jar;C:\Users\info\.m2\repository\com\google\j2objc\j2objc-annotations\2.8\j2objc-annotations-2.8.jar;C:\Users\info\.m2\repository\io\opentelemetry\opentelemetry-api\1.28.0\opentelemetry-api-1.28.0.jar;C:\Users\info\.m2\repository\io\opentelemetry\opentelemetry-context\1.28.0\opentelemetry-context-1.28.0.jar;C:\Users\info\.m2\repository\io\opentelemetry\opentelemetry-exporter-logging\1.28.0\opentelemetry-exporter-logging-1.28.0.jar;C:\Users\info\.m2\repository\io\opentelemetry\opentelemetry-sdk-metrics\1.28.0\opentelemetry-sdk-metrics-1.28.0.jar;C:\Users\info\.m2\repository\io\opentelemetry\opentelemetry-extension-incubator\1.28.0-alpha\opentelemetry-extension-incubator-1.28.0-alpha.jar;C:\Users\info\.m2\repository\io\opentelemetry\opentelemetry-sdk-logs\1.28.0\opentelemetry-sdk-logs-1.28.0.jar;C:\Users\info\.m2\repository\io\opentelemetry\opentelemetry-sdk-common\1.28.0\opentelemetry-sdk-common-1.28.0.jar;C:\Users\info\.m2\repository\io\opentelemetry\opentelemetry-sdk-extension-autoconfigure-spi\1.28.0\opentelemetry-sdk-extension-autoconfigure-spi-1.28.0.jar;C:\Users\info\.m2\repository\io\opentelemetry\opentelemetry-sdk-extension-autoconfigure\1.28.0\opentelemetry-sdk-extension-autoconfigure-1.28.0.jar;C:\Users\info\.m2\repository\io\opentelemetry\opentelemetry-api-events\1.28.0-alpha\opentelemetry-api-events-1.28.0-alpha.jar;C:\Users\info\.m2\repository\io\opentelemetry\opentelemetry-sdk-trace\1.28.0\opentelemetry-sdk-trace-1.28.0.jar;C:\Users\info\.m2\repository\io\opentelemetry\opentelemetry-sdk\1.28.0\opentelemetry-sdk-1.28.0.jar;C:\Users\info\.m2\repository\io\opentelemetry\opentelemetry-semconv\1.28.0-alpha\opentelemetry-semconv-1.28.0-alpha.jar;C:\Users\info\.m2\repository\net\bytebuddy\byte-buddy\1.14.5\byte-buddy-1.14.5.jar;C:\Users\info\.m2\repository\org\seleniumhq\selenium\selenium-os\4.16.1\selenium-os-4.16.1.jar;C:\Users\info\.m2\repository\org\apache\commons\commons-exec\1.3\commons-exec-1.3.jar;C:\Users\info\.m2\repository\org\seleniumhq\selenium\selenium-safari-driver\4.16.1\selenium-safari-driver-4.16.1.jar;C:\Users\info\.m2\repository\org\seleniumhq\selenium\selenium-support\4.16.1\selenium-support-4.16.1.jar;C:\Users\info\.m2\repository\io\github\bonigarcia\webdrivermanager\5.6.2\webdrivermanager-5.6.2.jar;C:\Users\info\.m2\repository\org\slf4j\slf4j-api\2.0.9\slf4j-api-2.0.9.jar;C:\Users\info\.m2\repository\com\google\code\gson\gson\2.10.1\gson-2.10.1.jar;C:\Users\info\.m2\repository\com\github\docker-java\docker-java\3.3.4\docker-java-3.3.4.jar;C:\Users\info\.m2\repository\com\github\docker-java\docker-java-core\3.3.4\docker-java-core-3.3.4.jar;C:\Users\info\.m2\repository\com\github\docker-java\docker-java-api\3.3.4\docker-java-api-3.3.4.jar;C:\Users\info\.m2\repository\org\bouncycastle\bcpkix-jdk18on\1.76\bcpkix-jdk18on-1.76.jar;C:\Users\info\.m2\repository\org\bouncycastle\bcprov-jdk18on\1.76\bcprov-jdk18on-1.76.jar;C:\Users\info\.m2\repository\org\bouncycastle\bcutil-jdk18on\1.76\bcutil-jdk18on-1.76.jar;C:\Users\info\.m2\repository\org\slf4j\jcl-over-slf4j\1.7.30\jcl-over-slf4j-1.7.30.jar;C:\Users\info\.m2\repository\com\github\docker-java\docker-java-transport-httpclient5\3.3.4\docker-java-transport-httpclient5-3.3.4.jar;C:\Users\info\.m2\repository\com\github\docker-java\docker-java-transport\3.3.4\docker-java-transport-3.3.4.jar;C:\Users\info\.m2\repository\net\java\dev\jna\jna\5.13.0\jna-5.13.0.jar;C:\Users\info\.m2\repository\org\brotli\dec\0.1.2\dec-0.1.2.jar;C:\Users\info\.m2\repository\org\apache\commons\commons-lang3\3.13.0\commons-lang3-3.13.0.jar;C:\Users\info\.m2\repository\org\apache\commons\commons-compress\1.24.0\commons-compress-1.24.0.jar;C:\Users\info\.m2\repository\org\apache\httpcomponents\client5\httpclient5\5.2.1\httpclient5-5.2.1.jar;C:\Users\info\.m2\repository\org\apache\httpcomponents\core5\httpcore5\5.2\httpcore5-5.2.jar;C:\Users\info\.m2\repository\org\apache\httpcomponents\core5\httpcore5-h2\5.2\httpcore5-h2-5.2.jar;C:\Users\info\.m2\repository\com\beust\jcommander\1.82\jcommander-1.82.jar;C:\Users\info\.m2\repository\com\fasterxml\jackson\core\jackson-databind\2.16.0\jackson-databind-2.16.0.jar;C:\Users\info\.m2\repository\com\fasterxml\jackson\core\jackson-annotations\2.16.0\jackson-annotations-2.16.0.jar;C:\Users\info\.m2\repository\com\fasterxml\jackson\core\jackson-core\2.16.0\jackson-core-2.16.0.jar;C:\Users\info\.m2\repository\com\fasterxml\jackson\dataformat\jackson-dataformat-yaml\2.16.0\jackson-dataformat-yaml-2.16.0.jar;C:\Users\info\.m2\repository\org\yaml\snakeyaml\2.2\snakeyaml-2.2.jar;C:\Users\info\.m2\repository\commons-io\commons-io\2.15.1\commons-io-2.15.1.jar;C:\Users\info\.m2\repository\org\eclipse\jetty\jetty-server\9.4.53.v20231009\jetty-server-9.4.53.v20231009.jar;C:\Users\info\.m2\repository\javax\servlet\javax.servlet-api\3.1.0\javax.servlet-api-3.1.0.jar;C:\Users\info\.m2\repository\org\eclipse\jetty\jetty-http\9.4.53.v20231009\jetty-http-9.4.53.v20231009.jar;C:\Users\info\.m2\repository\org\eclipse\jetty\jetty-util\9.4.53.v20231009\jetty-util-9.4.53.v20231009.jar;C:\Users\info\.m2\repository\org\eclipse\jetty\jetty-io\9.4.53.v20231009\jetty-io-9.4.53.v20231009.jar;C:\Users\info\.m2\repository\io\qameta\allure\allure-generator\2.25.0\allure-generator-2.25.0.jar;C:\Users\info\.m2\repository\io\qameta\allure\allure-plugin-api\2.25.0\allure-plugin-api-2.25.0.jar;C:\Users\info\.m2\repository\com\opencsv\opencsv\4.6\opencsv-4.6.jar;C:\Users\info\.m2\repository\org\apache\commons\commons-text\1.3\commons-text-1.3.jar;C:\Users\info\.m2\repository\commons-beanutils\commons-beanutils\1.9.3\commons-beanutils-1.9.3.jar;C:\Users\info\.m2\repository\commons-collections\commons-collections\3.2.2\commons-collections-3.2.2.jar;C:\Users\info\.m2\repository\org\apache\commons\commons-collections4\4.2\commons-collections4-4.2.jar;C:\Users\info\.m2\repository\com\vladsch\flexmark\flexmark\0.62.2\flexmark-0.62.2.jar;C:\Users\info\.m2\repository\com\vladsch\flexmark\flexmark-util-ast\0.62.2\flexmark-util-ast-0.62.2.jar;C:\Users\info\.m2\repository\org\jetbrains\annotations\15.0\annotations-15.0.jar;C:\Users\info\.m2\repository\com\vladsch\flexmark\flexmark-util-builder\0.62.2\flexmark-util-builder-0.62.2.jar;C:\Users\info\.m2\repository\com\vladsch\flexmark\flexmark-util-collection\0.62.2\flexmark-util-collection-0.62.2.jar;C:\Users\info\.m2\repository\com\vladsch\flexmark\flexmark-util-data\0.62.2\flexmark-util-data-0.62.2.jar;C:\Users\info\.m2\repository\com\vladsch\flexmark\flexmark-util-dependency\0.62.2\flexmark-util-dependency-0.62.2.jar;C:\Users\info\.m2\repository\com\vladsch\flexmark\flexmark-util-format\0.62.2\flexmark-util-format-0.62.2.jar;C:\Users\info\.m2\repository\com\vladsch\flexmark\flexmark-util-html\0.62.2\flexmark-util-html-0.62.2.jar;C:\Users\info\.m2\repository\com\vladsch\flexmark\flexmark-util-misc\0.62.2\flexmark-util-misc-0.62.2.jar;C:\Users\info\.m2\repository\com\vladsch\flexmark\flexmark-util-sequence\0.62.2\flexmark-util-sequence-0.62.2.jar;C:\Users\info\.m2\repository\com\vladsch\flexmark\flexmark-util-visitor\0.62.2\flexmark-util-visitor-0.62.2.jar;C:\Users\info\.m2\repository\com\vladsch\flexmark\flexmark-ext-tables\0.62.2\flexmark-ext-tables-0.62.2.jar;C:\Users\info\.m2\repository\com\vladsch\flexmark\flexmark-util\0.62.2\flexmark-util-0.62.2.jar;C:\Users\info\.m2\repository\com\vladsch\flexmark\flexmark-util-options\0.62.2\flexmark-util-options-0.62.2.jar;C:\Users\info\.m2\repository\com\fasterxml\jackson\dataformat\jackson-dataformat-xml\2.16.0\jackson-dataformat-xml-2.16.0.jar;C:\Users\info\.m2\repository\org\codehaus\woodstox\stax2-api\4.2.1\stax2-api-4.2.1.jar;C:\Users\info\.m2\repository\com\fasterxml\woodstox\woodstox-core\6.5.1\woodstox-core-6.5.1.jar;C:\Users\info\.m2\repository\com\fasterxml\jackson\module\jackson-module-jaxb-annotations\2.16.0\jackson-module-jaxb-annotations-2.16.0.jar;C:\Users\info\.m2\repository\jakarta\xml\bind\jakarta.xml.bind-api\2.3.3\jakarta.xml.bind-api-2.3.3.jar;C:\Users\info\.m2\repository\jakarta\activation\jakarta.activation-api\1.2.2\jakarta.activation-api-1.2.2.jar;C:\Users\info\.m2\repository\io\qameta\allure\allure-model\2.24.0\allure-model-2.24.0.jar;C:\Users\info\.m2\repository\javax\xml\bind\jaxb-api\2.3.1\jaxb-api-2.3.1.jar;C:\Users\info\.m2\repository\javax\activation\javax.activation-api\1.2.0\javax.activation-api-1.2.0.jar;C:\Users\info\.m2\repository\org\allurefw\allure1-model\1.0\allure1-model-1.0.jar;C:\Users\info\.m2\repository\ru\qatools\commons\properties\2.0.RC5\properties-2.0.RC5.jar;C:\Users\info\.m2\repository\com\github\baev\jaxb-utils\1.0\jaxb-utils-1.0.jar;C:\Users\info\.m2\repository\org\apache\httpcomponents\httpclient\4.5.14\httpclient-4.5.14.jar;C:\Users\info\.m2\repository\org\apache\httpcomponents\httpcore\4.4.16\httpcore-4.4.16.jar;C:\Users\info\.m2\repository\commons-logging\commons-logging\1.2\commons-logging-1.2.jar;C:\Users\info\.m2\repository\commons-codec\commons-codec\1.11\commons-codec-1.11.jar;C:\Users\info\.m2\repository\org\apache\tika\tika-core\2.9.1\tika-core-2.9.1.jar;C:\Users\info\.m2\repository\org\freemarker\freemarker\2.3.32\freemarker-2.3.32.jar;C:\Users\info\.m2\repository\org\junit\jupiter\junit-jupiter-api\5.10.1\junit-jupiter-api-5.10.1.jar;C:\Users\info\.m2\repository\org\opentest4j\opentest4j\1.3.0\opentest4j-1.3.0.jar;C:\Users\info\.m2\repository\org\junit\platform\junit-platform-commons\1.10.1\junit-platform-commons-1.10.1.jar;C:\Users\info\.m2\repository\io\qameta\allure\allure-junit5\2.25.0\allure-junit5-2.25.0.jar;C:\Users\info\.m2\repository\io\qameta\allure\allure-junit-platform\2.25.0\allure-junit-platform-2.25.0.jar;C:\Users\info\.m2\repository\io\qameta\allure\allure-test-filter\2.25.0\allure-test-filter-2.25.0.jar;C:\Users\info\.m2\repository\org\junit\platform\junit-platform-launcher\1.9.2\junit-platform-launcher-1.9.2.jar;C:\Users\info\.m2\repository\org\junit\platform\junit-platform-engine\1.9.2\junit-platform-engine-1.9.2.jar;C:\Users\info\.m2\repository\io\qameta\allure\allure-cucumber7-jvm\2.25.0\allure-cucumber7-jvm-2.25.0.jar;C:\Users\info\.m2\repository\io\qameta\allure\allure-java-commons\2.25.0\allure-java-commons-2.25.0.jar;C:\Users\info\.m2\repository\io\cucumber\gherkin\26.2.0\gherkin-26.2.0.jar;C:\Users\info\.m2\repository\ch\qos\logback\logback-classic\1.4.14\logback-classic-1.4.14.jar;C:\Users\info\.m2\repository\ch\qos\logback\logback-core\1.4.14\logback-core-1.4.14.jar;"/>
    <property name="sun.cpu.endian" value="little"/>
    <property name="user.home" value="C:\Users\info"/>
    <property name="user.language" value="fr"/>
    <property name="java.specification.vendor" value="Oracle Corporation"/>
    <property name="java.version.date" value="2023-10-17"/>
    <property name="java.home" value="C:\Program Files\Java\jdk-21"/>
    <property name="file.separator" value="\"/>
    <property name="basedir" value="C:\Users\info\eclipse-workspace\AllureReportDemo"/>
    <property name="java.vm.compressedOopsMode" value="32-bit"/>
    <property name="line.separator" value="&#10;"/>
    <property name="java.vm.specification.vendor" value="Oracle Corporation"/>
    <property name="java.specification.name" value="Java Platform API Specification"/>
    <property name="surefire.real.class.path" value="C:\Users\info\AppData\Local\Temp\surefire6309789605188255669\surefirebooter-20231228103109382_3.jar"/>
    <property name="user.script" value=""/>
    <property name="sun.management.compiler" value="HotSpot 64-Bit Tiered Compilers"/>
    <property name="java.runtime.version" value="21.0.1+12-LTS-29"/>
    <property name="user.name" value="info"/>
    <property name="stdout.encoding" value="Cp1252"/>
    <property name="path.separator" value=";"/>
    <property name="os.version" value="10.0"/>
    <property name="java.runtime.name" value="Java(TM) SE Runtime Environment"/>
    <property name="file.encoding" value="UTF-8"/>
    <property name="java.vm.name" value="Java HotSpot(TM) 64-Bit Server VM"/>
    <property name="localRepository" value="C:\Users\info\.m2\repository"/>
    <property name="java.vendor.url.bug" value="https://bugreport.java.com/bugreport/"/>
    <property name="java.io.tmpdir" value="C:\Users\info\AppData\Local\Temp\"/>
    <property name="java.version" value="21.0.1"/>
    <property name="user.dir" value="C:\Users\info\eclipse-workspace\AllureReportDemo"/>
    <property name="os.arch" value="amd64"/>
    <property name="java.vm.specification.name" value="Java Virtual Machine Specification"/>
    <property name="sun.os.patch.level" value=""/>
    <property name="native.encoding" value="Cp1252"/>
    <property name="java.library.path" value="C:\Program Files\Java\jdk-21\bin;C:\WINDOWS\Sun\Java\bin;C:\WINDOWS\system32;C:\WINDOWS;C:\Users\info\bin;C:\Program Files\Git\mingw64\bin;C:\Program Files\Git\usr\local\bin;C:\Program Files\Git\usr\bin;C:\Program Files\Git\usr\bin;C:\Program Files\Git\mingw64\bin;C:\Program Files\Git\usr\bin;C:\Users\info\bin;C:\Users\info\.p2\pool\plugins\org.eclipse.justj.openjdk.hotspot.jre.full.win32.x86_64_21.0.1.v20231028-0937\jre\bin\server;C:\Users\info\.p2\pool\plugins\org.eclipse.justj.openjdk.hotspot.jre.full.win32.x86_64_21.0.1.v20231028-0937\jre\bin;C:\Program Files\Common Files\Oracle\Java\javapath;C:\Program Files (x86)\VMware\VMware Player\bin;C:\WINDOWS\system32;C:\WINDOWS;C:\WINDOWS\System32\Wbem;C:\WINDOWS\System32\WindowsPowerShell\v1.0;C:\WINDOWS\System32\OpenSSH;C:\xampp\php;C:\ProgramData\ComposerSetup\bin;C:\Program Files\Git\cmd;C:\Users\info\eclipse-workspace\AllureReportDemo\target\test-classes\com\sdetadda\allure;C:\apache-maven-3.9.6\bin;C:\Users\info\eclipse-workspace\AllureReportDemo\src\main\java;C:\Program Files\Java\jdk-21\bin;C:\Users\info\Downloads\allure-2.25.0\bin;C:\Users\info\eclipse-workspace\AllureReportDemo\target;C:\Users\info\eclipse-workspace\AllureReportDemo\test-output;C:\Users\info\eclipse-workspace\AllureReportDemo\test-output;C:\Users\info\eclipse-workspace\AllureReportDemo\target\allure-results;C:\Program Files\Jenkins;C:\Users\info\scoop\shims;C:\Program Files (x86)\VMware\VMware Player\bin;C:\WINDOWS\system32;C:\WINDOWS;C:\WINDOWS\System32\Wbem;C:\WINDOWS\System32\WindowsPowerShell\v1.0;C:\WINDOWS\System32\OpenSSH;C:\xampp\php;C:\ProgramData\ComposerSetup\bin;C:\Program Files\Git\cmd;C:\Users\info\eclipse-workspace\AllureReportDemo\target\test-classes\com\sdetadda\allure;C:\apache-maven-3.9.6\bin;C:\Users\info\AppData\Local\Programs\Python\Python310\Scripts;C:\Users\info\AppData\Local\Programs\Python\Python310;C:\Users\info\AppData\Local\Microsoft\WindowsApps;C:\Users\info\AppData\Local\Programs\Microsoft VS Code\bin;C:\Users\info\AppData\Roaming\Composer\vendor\bin;C:\bin;C:\Program Files\Java\jdk-21;C:\Users\info\Downloads\allure-2.25.0\bin;C:\Users\info\eclipse-workspace\AllureReportDemo\target;C:\Users\info\eclipse-workspace\AllureReportDemo\test-output;C:\Users\info\eclipse-workspace\AllureReportDemo\target\allure-results;C:\Program Files\Jenkins;C:\Users\info\Desktop;C:\Program Files\Git\usr\bin\vendor_perl;C:\Program Files\Git\usr\bin\core_perl;."/>
    <property name="java.vm.info" value="mixed mode, sharing"/>
    <property name="stderr.encoding" value="Cp1252"/>
    <property name="java.vendor" value="Oracle Corporation"/>
    <property name="java.vm.version" value="21.0.1+12-LTS-29"/>
    <property name="sun.io.unicode.encoding" value="UnicodeLittle"/>
    <property name="java.class.version" value="65.0"/>
  </properties>
  <testcase name="validate google search is working" classname="feature to test google search functionality" time="27.911">
    <error message="disconnected: Unable to receive message from renderer&#10;  (failed to check if window was closed: disconnected: not connected to DevTools)&#10;  (Session info: chrome=120.0.6099.130)&#10;Build info: version: &apos;4.16.1&apos;, revision: &apos;9b4c83354e&apos;&#10;System info: os.name: &apos;Windows 10&apos;, os.arch: &apos;amd64&apos;, os.version: &apos;10.0&apos;, java.version: &apos;21.0.1&apos;&#10;Driver info: org.openqa.selenium.chrome.ChromeDriver&#10;Command: [da02aec56acf8ee95df6f22e2e9d6ed3, close {}]&#10;Capabilities {acceptInsecureCerts: false, browserName: chrome, browserVersion: 120.0.6099.130, chrome: {chromedriverVersion: 120.0.6099.109 (3419140ab66..., userDataDir: C:\Users\info\AppData\Local...}, fedcm:accounts: true, goog:chromeOptions: {debuggerAddress: localhost:51956}, networkConnectionEnabled: false, pageLoadStrategy: normal, platformName: windows, proxy: Proxy(), se:cdp: ws://localhost:51956/devtoo..., se:cdpVersion: 120.0.6099.130, setWindowRect: true, strictFileInteractability: false, timeouts: {implicit: 0, pageLoad: 300000, script: 30000}, unhandledPromptBehavior: dismiss and notify, webauthn:extension:credBlob: true, webauthn:extension:largeBlob: true, webauthn:extension:minPinLength: true, webauthn:extension:prf: true, webauthn:virtualAuthenticators: true}&#10;Session ID: da02aec56acf8ee95df6f22e2e9d6ed3" type="org.openqa.selenium.WebDriverException"><![CDATA[org.openqa.selenium.WebDriverException: 
disconnected: Unable to receive message from renderer
  (failed to check if window was closed: disconnected: not connected to DevTools)
  (Session info: chrome=120.0.6099.130)
Build info: version: '4.16.1', revision: '9b4c83354e'
System info: os.name: 'Windows 10', os.arch: 'amd64', os.version: '10.0', java.version: '21.0.1'
Driver info: org.openqa.selenium.chrome.ChromeDriver
Command: [da02aec56acf8ee95df6f22e2e9d6ed3, close {}]
Capabilities {acceptInsecureCerts: false, browserName: chrome, browserVersion: 120.0.6099.130, chrome: {chromedriverVersion: 120.0.6099.109 (3419140ab66..., userDataDir: C:\Users\info\AppData\Local...}, fedcm:accounts: true, goog:chromeOptions: {debuggerAddress: localhost:51956}, networkConnectionEnabled: false, pageLoadStrategy: normal, platformName: windows, proxy: Proxy(), se:cdp: ws://localhost:51956/devtoo..., se:cdpVersion: 120.0.6099.130, setWindowRect: true, strictFileInteractability: false, timeouts: {implicit: 0, pageLoad: 300000, script: 30000}, unhandledPromptBehavior: dismiss and notify, webauthn:extension:credBlob: true, webauthn:extension:largeBlob: true, webauthn:extension:minPinLength: true, webauthn:extension:prf: true, webauthn:virtualAuthenticators: true}
Session ID: da02aec56acf8ee95df6f22e2e9d6ed3
	at java.base/jdk.internal.reflect.DirectConstructorHandleAccessor.newInstance(DirectConstructorHandleAccessor.java:62)
	at java.base/java.lang.reflect.Constructor.newInstanceWithCaller(Constructor.java:502)
	at java.base/java.lang.reflect.Constructor.newInstance(Constructor.java:486)
	at org.openqa.selenium.remote.codec.w3c.W3CHttpResponseCodec.createException(W3CHttpResponseCodec.java:200)
	at org.openqa.selenium.remote.codec.w3c.W3CHttpResponseCodec.decode(W3CHttpResponseCodec.java:133)
	at org.openqa.selenium.remote.codec.w3c.W3CHttpResponseCodec.decode(W3CHttpResponseCodec.java:52)
	at org.openqa.selenium.remote.HttpCommandExecutor.execute(HttpCommandExecutor.java:191)
	at org.openqa.selenium.remote.service.DriverCommandExecutor.invokeExecute(DriverCommandExecutor.java:200)
	at org.openqa.selenium.remote.service.DriverCommandExecutor.execute(DriverCommandExecutor.java:175)
	at org.openqa.selenium.remote.RemoteWebDriver.execute(RemoteWebDriver.java:523)
	at org.openqa.selenium.remote.RemoteWebDriver.execute(RemoteWebDriver.java:596)
	at org.openqa.selenium.remote.RemoteWebDriver.execute(RemoteWebDriver.java:600)
	at org.openqa.selenium.remote.RemoteWebDriver.close(RemoteWebDriver.java:410)
	at com.sdetadda.allure.GoogleSearch.user_is_navigated_to_search_results(GoogleSearch.java:55)
	at ✽.user is navigated to search results(file:///C:/Users/info/eclipse-workspace/AllureReportDemo/src/test/resources/Features/GoogleSearch.feature:15)
]]></error>
    <system-out><![CDATA[
@google @search @severity=blocker @issue=6 @tmsLink=45678
Scenario: validate google search is working # src/test/resources/Features/GoogleSearch.feature:10
10:31:13.045 [main] DEBUG io.github.bonigarcia.wdm.WebDriverManager -- Using WebDriverManager 5.6.2
10:31:13.583 [main] WARN io.github.bonigarcia.wdm.versions.VersionDetector -- Exception reading CfT URL ('null') to get version of chromedriver (For input string: "120.0.6099.63")
10:31:13.605 [main] DEBUG org.apache.hc.client5.http.impl.classic.InternalHttpClient -- ex-0000000001 preparing request execution
10:31:13.624 [main] DEBUG org.apache.hc.client5.http.impl.classic.ProtocolExec -- ex-0000000001 target auth state: UNCHALLENGED
10:31:13.625 [main] DEBUG org.apache.hc.client5.http.impl.classic.ProtocolExec -- ex-0000000001 proxy auth state: UNCHALLENGED
10:31:13.625 [main] DEBUG org.apache.hc.client5.http.impl.classic.ConnectExec -- ex-0000000001 acquiring connection with route {s}->https://googlechromelabs.github.io:443
10:31:13.625 [main] DEBUG org.apache.hc.client5.http.impl.classic.InternalHttpClient -- ex-0000000001 acquiring endpoint (3 MINUTES)
10:31:13.627 [main] DEBUG org.apache.hc.client5.http.impl.io.PoolingHttpClientConnectionManager -- ex-0000000001 endpoint lease request (3 MINUTES) [route: {s}->https://googlechromelabs.github.io:443][total available: 0; route allocated: 0 of 5; total allocated: 0 of 25]
10:31:13.633 [main] DEBUG org.apache.hc.client5.http.impl.io.PoolingHttpClientConnectionManager -- ex-0000000001 endpoint leased [route: {s}->https://googlechromelabs.github.io:443][total available: 0; route allocated: 1 of 5; total allocated: 1 of 25]
10:31:13.652 [main] DEBUG org.apache.hc.client5.http.impl.io.PoolingHttpClientConnectionManager -- ex-0000000001 acquired ep-0000000001
10:31:13.653 [main] DEBUG org.apache.hc.client5.http.impl.classic.InternalHttpClient -- ex-0000000001 acquired endpoint ep-0000000001
10:31:13.653 [main] DEBUG org.apache.hc.client5.http.impl.classic.ConnectExec -- ex-0000000001 opening connection {s}->https://googlechromelabs.github.io:443
10:31:13.654 [main] DEBUG org.apache.hc.client5.http.impl.classic.InternalHttpClient -- ep-0000000001 connecting endpoint (null)
10:31:13.658 [main] DEBUG org.apache.hc.client5.http.impl.io.PoolingHttpClientConnectionManager -- ep-0000000001 connecting endpoint to https://googlechromelabs.github.io:443 (30 SECONDS)
10:31:13.659 [main] DEBUG org.apache.hc.client5.http.impl.io.DefaultHttpClientConnectionOperator -- googlechromelabs.github.io resolving remote address
10:31:13.738 [main] DEBUG org.apache.hc.client5.http.impl.io.DefaultHttpClientConnectionOperator -- googlechromelabs.github.io resolved to [googlechromelabs.github.io/185.199.110.153, googlechromelabs.github.io/185.199.111.153, googlechromelabs.github.io/185.199.108.153, googlechromelabs.github.io/185.199.109.153]
10:31:13.752 [main] DEBUG org.apache.hc.client5.http.impl.io.DefaultHttpClientConnectionOperator -- googlechromelabs.github.io:443 connecting null->googlechromelabs.github.io/185.199.110.153:443 (30 SECONDS)
10:31:13.752 [main] DEBUG org.apache.hc.client5.http.ssl.SSLConnectionSocketFactory -- Connecting socket to googlechromelabs.github.io/185.199.110.153:443 with timeout 30 SECONDS
10:31:13.899 [main] DEBUG org.apache.hc.client5.http.ssl.SSLConnectionSocketFactory -- Enabled protocols: [TLSv1.3, TLSv1.2]
10:31:13.899 [main] DEBUG org.apache.hc.client5.http.ssl.SSLConnectionSocketFactory -- Enabled cipher suites: [TLS_AES_256_GCM_SHA384, TLS_AES_128_GCM_SHA256, TLS_CHACHA20_POLY1305_SHA256, TLS_ECDHE_ECDSA_WITH_AES_256_GCM_SHA384, TLS_ECDHE_ECDSA_WITH_AES_128_GCM_SHA256, TLS_ECDHE_ECDSA_WITH_CHACHA20_POLY1305_SHA256, TLS_ECDHE_RSA_WITH_AES_256_GCM_SHA384, TLS_ECDHE_RSA_WITH_CHACHA20_POLY1305_SHA256, TLS_ECDHE_RSA_WITH_AES_128_GCM_SHA256, TLS_DHE_RSA_WITH_AES_256_GCM_SHA384, TLS_DHE_RSA_WITH_CHACHA20_POLY1305_SHA256, TLS_DHE_DSS_WITH_AES_256_GCM_SHA384, TLS_DHE_RSA_WITH_AES_128_GCM_SHA256, TLS_DHE_DSS_WITH_AES_128_GCM_SHA256, TLS_ECDHE_ECDSA_WITH_AES_256_CBC_SHA384, TLS_ECDHE_RSA_WITH_AES_256_CBC_SHA384, TLS_ECDHE_ECDSA_WITH_AES_128_CBC_SHA256, TLS_ECDHE_RSA_WITH_AES_128_CBC_SHA256, TLS_DHE_RSA_WITH_AES_256_CBC_SHA256, TLS_DHE_DSS_WITH_AES_256_CBC_SHA256, TLS_DHE_RSA_WITH_AES_128_CBC_SHA256, TLS_DHE_DSS_WITH_AES_128_CBC_SHA256, TLS_ECDHE_ECDSA_WITH_AES_256_CBC_SHA, TLS_ECDHE_RSA_WITH_AES_256_CBC_SHA, TLS_ECDHE_ECDSA_WITH_AES_128_CBC_SHA, TLS_ECDHE_RSA_WITH_AES_128_CBC_SHA, TLS_DHE_RSA_WITH_AES_256_CBC_SHA, TLS_DHE_DSS_WITH_AES_256_CBC_SHA, TLS_DHE_RSA_WITH_AES_128_CBC_SHA, TLS_DHE_DSS_WITH_AES_128_CBC_SHA, TLS_RSA_WITH_AES_256_GCM_SHA384, TLS_RSA_WITH_AES_128_GCM_SHA256, TLS_RSA_WITH_AES_256_CBC_SHA256, TLS_RSA_WITH_AES_128_CBC_SHA256, TLS_RSA_WITH_AES_256_CBC_SHA, TLS_RSA_WITH_AES_128_CBC_SHA, TLS_EMPTY_RENEGOTIATION_INFO_SCSV]
10:31:13.899 [main] DEBUG org.apache.hc.client5.http.ssl.SSLConnectionSocketFactory -- Starting handshake (null)
10:31:14.277 [main] DEBUG org.apache.hc.client5.http.ssl.SSLConnectionSocketFactory -- Secure session established
10:31:14.278 [main] DEBUG org.apache.hc.client5.http.ssl.SSLConnectionSocketFactory --  negotiated protocol: TLSv1.3
10:31:14.278 [main] DEBUG org.apache.hc.client5.http.ssl.SSLConnectionSocketFactory --  negotiated cipher suite: TLS_AES_128_GCM_SHA256
10:31:14.278 [main] DEBUG org.apache.hc.client5.http.ssl.SSLConnectionSocketFactory --  peer principal: CN=*.github.io, O="GitHub, Inc.", L=San Francisco, ST=California, C=US
10:31:14.280 [main] DEBUG org.apache.hc.client5.http.ssl.SSLConnectionSocketFactory --  peer alternative names: [*.github.io, github.io, *.github.com, github.com, www.github.com, *.githubusercontent.com, githubusercontent.com]
10:31:14.280 [main] DEBUG org.apache.hc.client5.http.ssl.SSLConnectionSocketFactory --  issuer principal: CN=DigiCert TLS RSA SHA256 2020 CA1, O=DigiCert Inc, C=US
10:31:14.281 [main] DEBUG org.apache.hc.client5.http.impl.io.DefaultManagedHttpClientConnection -- http-outgoing-0 set socket timeout to 3 MINUTES
10:31:14.281 [main] DEBUG org.apache.hc.client5.http.impl.io.DefaultHttpClientConnectionOperator -- googlechromelabs.github.io:443 connected null->googlechromelabs.github.io/185.199.110.153:443 as http-outgoing-0
10:31:14.282 [main] DEBUG org.apache.hc.client5.http.impl.io.PoolingHttpClientConnectionManager -- ep-0000000001 connected http-outgoing-0
10:31:14.282 [main] DEBUG org.apache.hc.client5.http.impl.classic.InternalHttpClient -- ep-0000000001 endpoint connected
10:31:14.283 [main] DEBUG org.apache.hc.client5.http.impl.classic.MainClientExec -- ex-0000000001 executing GET /chrome-for-testing/LATEST_RELEASE_120.0.6099.63 HTTP/1.1
10:31:14.283 [main] DEBUG org.apache.hc.client5.http.protocol.RequestAddCookies -- ex-0000000001 Cookie spec selected: strict
10:31:14.295 [main] DEBUG org.apache.hc.client5.http.impl.classic.InternalHttpClient -- ep-0000000001 start execution ex-0000000001
10:31:14.295 [main] DEBUG org.apache.hc.client5.http.impl.io.PoolingHttpClientConnectionManager -- ep-0000000001 executing exchange ex-0000000001 over http-outgoing-0
10:31:14.296 [main] DEBUG org.apache.hc.client5.http.headers -- http-outgoing-0 >> GET /chrome-for-testing/LATEST_RELEASE_120.0.6099.63 HTTP/1.1
10:31:14.296 [main] DEBUG org.apache.hc.client5.http.headers -- http-outgoing-0 >> user-agent: Apache-HttpClient/5.0
10:31:14.296 [main] DEBUG org.apache.hc.client5.http.headers -- http-outgoing-0 >> accept-encoding: gzip, deflate, br
10:31:14.296 [main] DEBUG org.apache.hc.client5.http.headers -- http-outgoing-0 >> cache-control: max-age=0
10:31:14.296 [main] DEBUG org.apache.hc.client5.http.headers -- http-outgoing-0 >> connection: keep-alive
10:31:14.296 [main] DEBUG org.apache.hc.client5.http.headers -- http-outgoing-0 >> Host: googlechromelabs.github.io
10:31:14.296 [main] DEBUG org.apache.hc.client5.http.wire -- http-outgoing-0 >> "GET /chrome-for-testing/LATEST_RELEASE_120.0.6099.63 HTTP/1.1[\r][\n]"
10:31:14.296 [main] DEBUG org.apache.hc.client5.http.wire -- http-outgoing-0 >> "user-agent: Apache-HttpClient/5.0[\r][\n]"
10:31:14.296 [main] DEBUG org.apache.hc.client5.http.wire -- http-outgoing-0 >> "accept-encoding: gzip, deflate, br[\r][\n]"
10:31:14.296 [main] DEBUG org.apache.hc.client5.http.wire -- http-outgoing-0 >> "cache-control: max-age=0[\r][\n]"
10:31:14.297 [main] DEBUG org.apache.hc.client5.http.wire -- http-outgoing-0 >> "connection: keep-alive[\r][\n]"
10:31:14.297 [main] DEBUG org.apache.hc.client5.http.wire -- http-outgoing-0 >> "Host: googlechromelabs.github.io[\r][\n]"
10:31:14.297 [main] DEBUG org.apache.hc.client5.http.wire -- http-outgoing-0 >> "[\r][\n]"
10:31:14.478 [main] DEBUG org.apache.hc.client5.http.wire -- http-outgoing-0 << "HTTP/1.1 404 Not Found[\r][\n]"
10:31:14.478 [main] DEBUG org.apache.hc.client5.http.wire -- http-outgoing-0 << "Connection: keep-alive[\r][\n]"
10:31:14.479 [main] DEBUG org.apache.hc.client5.http.wire -- http-outgoing-0 << "Content-Length: 5254[\r][\n]"
10:31:14.480 [main] DEBUG org.apache.hc.client5.http.wire -- http-outgoing-0 << "Server: GitHub.com[\r][\n]"
10:31:14.480 [main] DEBUG org.apache.hc.client5.http.wire -- http-outgoing-0 << "Content-Type: text/html; charset=utf-8[\r][\n]"
10:31:14.480 [main] DEBUG org.apache.hc.client5.http.wire -- http-outgoing-0 << "permissions-policy: interest-cohort=()[\r][\n]"
10:31:14.481 [main] DEBUG org.apache.hc.client5.http.wire -- http-outgoing-0 << "x-origin-cache: HIT[\r][\n]"
10:31:14.481 [main] DEBUG org.apache.hc.client5.http.wire -- http-outgoing-0 << "Access-Control-Allow-Origin: *[\r][\n]"
10:31:14.482 [main] DEBUG org.apache.hc.client5.http.wire -- http-outgoing-0 << "Strict-Transport-Security: max-age=31556952[\r][\n]"
10:31:14.482 [main] DEBUG org.apache.hc.client5.http.wire -- http-outgoing-0 << "ETag: W/"64d39a40-24a3"[\r][\n]"
10:31:14.482 [main] DEBUG org.apache.hc.client5.http.wire -- http-outgoing-0 << "Content-Security-Policy: default-src 'none'; style-src 'unsafe-inline'; img-src data:; connect-src 'self'[\r][\n]"
10:31:14.482 [main] DEBUG org.apache.hc.client5.http.wire -- http-outgoing-0 << "Content-Encoding: gzip[\r][\n]"
10:31:14.482 [main] DEBUG org.apache.hc.client5.http.wire -- http-outgoing-0 << "x-proxy-cache: MISS[\r][\n]"
10:31:14.483 [main] DEBUG org.apache.hc.client5.http.wire -- http-outgoing-0 << "X-GitHub-Request-Id: D770:36888F:8DAD80:90719A:658D4063[\r][\n]"
10:31:14.483 [main] DEBUG org.apache.hc.client5.http.wire -- http-outgoing-0 << "Accept-Ranges: bytes[\r][\n]"
10:31:14.484 [main] DEBUG org.apache.hc.client5.http.wire -- http-outgoing-0 << "Date: Thu, 28 Dec 2023 09:31:15 GMT[\r][\n]"
10:31:14.484 [main] DEBUG org.apache.hc.client5.http.wire -- http-outgoing-0 << "Via: 1.1 varnish[\r][\n]"
10:31:14.484 [main] DEBUG org.apache.hc.client5.http.wire -- http-outgoing-0 << "Age: 0[\r][\n]"
10:31:14.484 [main] DEBUG org.apache.hc.client5.http.wire -- http-outgoing-0 << "X-Served-By: cache-mad22021-MAD[\r][\n]"
10:31:14.484 [main] DEBUG org.apache.hc.client5.http.wire -- http-outgoing-0 << "X-Cache: MISS[\r][\n]"
10:31:14.484 [main] DEBUG org.apache.hc.client5.http.wire -- http-outgoing-0 << "X-Cache-Hits: 0[\r][\n]"
10:31:14.484 [main] DEBUG org.apache.hc.client5.http.wire -- http-outgoing-0 << "X-Timer: S1703755876.825730,VS0,VE139[\r][\n]"
10:31:14.485 [main] DEBUG org.apache.hc.client5.http.wire -- http-outgoing-0 << "Vary: Accept-Encoding[\r][\n]"
10:31:14.485 [main] DEBUG org.apache.hc.client5.http.wire -- http-outgoing-0 << "X-Fastly-Request-ID: 3442bf6d82bbaf092519527c50dd3d4acf7a5691[\r][\n]"
10:31:14.485 [main] DEBUG org.apache.hc.client5.http.wire -- http-outgoing-0 << "[\r][\n]"
10:31:14.495 [main] DEBUG org.apache.hc.client5.http.headers -- http-outgoing-0 << HTTP/1.1 404 Not Found
10:31:14.495 [main] DEBUG org.apache.hc.client5.http.headers -- http-outgoing-0 << Connection: keep-alive
10:31:14.495 [main] DEBUG org.apache.hc.client5.http.headers -- http-outgoing-0 << Content-Length: 5254
10:31:14.496 [main] DEBUG org.apache.hc.client5.http.headers -- http-outgoing-0 << Server: GitHub.com
10:31:14.496 [main] DEBUG org.apache.hc.client5.http.headers -- http-outgoing-0 << Content-Type: text/html; charset=utf-8
10:31:14.496 [main] DEBUG org.apache.hc.client5.http.headers -- http-outgoing-0 << permissions-policy: interest-cohort=()
10:31:14.497 [main] DEBUG org.apache.hc.client5.http.headers -- http-outgoing-0 << x-origin-cache: HIT
10:31:14.497 [main] DEBUG org.apache.hc.client5.http.headers -- http-outgoing-0 << Access-Control-Allow-Origin: *
10:31:14.497 [main] DEBUG org.apache.hc.client5.http.headers -- http-outgoing-0 << Strict-Transport-Security: max-age=31556952
10:31:14.497 [main] DEBUG org.apache.hc.client5.http.headers -- http-outgoing-0 << ETag: W/"64d39a40-24a3"
10:31:14.498 [main] DEBUG org.apache.hc.client5.http.headers -- http-outgoing-0 << Content-Security-Policy: default-src 'none'; style-src 'unsafe-inline'; img-src data:; connect-src 'self'
10:31:14.498 [main] DEBUG org.apache.hc.client5.http.headers -- http-outgoing-0 << Content-Encoding: gzip
10:31:14.498 [main] DEBUG org.apache.hc.client5.http.headers -- http-outgoing-0 << x-proxy-cache: MISS
10:31:14.498 [main] DEBUG org.apache.hc.client5.http.headers -- http-outgoing-0 << X-GitHub-Request-Id: D770:36888F:8DAD80:90719A:658D4063
10:31:14.498 [main] DEBUG org.apache.hc.client5.http.headers -- http-outgoing-0 << Accept-Ranges: bytes
10:31:14.499 [main] DEBUG org.apache.hc.client5.http.headers -- http-outgoing-0 << Date: Thu, 28 Dec 2023 09:31:15 GMT
10:31:14.499 [main] DEBUG org.apache.hc.client5.http.headers -- http-outgoing-0 << Via: 1.1 varnish
10:31:14.499 [main] DEBUG org.apache.hc.client5.http.headers -- http-outgoing-0 << Age: 0
10:31:14.499 [main] DEBUG org.apache.hc.client5.http.headers -- http-outgoing-0 << X-Served-By: cache-mad22021-MAD
10:31:14.499 [main] DEBUG org.apache.hc.client5.http.headers -- http-outgoing-0 << X-Cache: MISS
10:31:14.500 [main] DEBUG org.apache.hc.client5.http.headers -- http-outgoing-0 << X-Cache-Hits: 0
10:31:14.500 [main] DEBUG org.apache.hc.client5.http.headers -- http-outgoing-0 << X-Timer: S1703755876.825730,VS0,VE139
10:31:14.500 [main] DEBUG org.apache.hc.client5.http.headers -- http-outgoing-0 << Vary: Accept-Encoding
10:31:14.500 [main] DEBUG org.apache.hc.client5.http.headers -- http-outgoing-0 << X-Fastly-Request-ID: 3442bf6d82bbaf092519527c50dd3d4acf7a5691
10:31:14.512 [main] DEBUG org.apache.hc.client5.http.impl.classic.MainClientExec -- ex-0000000001 connection can be kept alive for 3 MINUTES
10:31:14.522 [main] ERROR io.github.bonigarcia.wdm.online.HttpClient -- Error HTTP 404 executing https://googlechromelabs.github.io/chrome-for-testing/LATEST_RELEASE_120.0.6099.63
10:31:14.523 [main] WARN io.github.bonigarcia.wdm.versions.VersionDetector -- Exception reading https://googlechromelabs.github.io/chrome-for-testing/LATEST_RELEASE_120.0.6099.63 to get latest version of chromedriver (Error HTTP 404 executing https://googlechromelabs.github.io/chrome-for-testing/LATEST_RELEASE_120.0.6099.63)
10:31:14.524 [main] DEBUG io.github.bonigarcia.wdm.versions.VersionDetector -- Getting driver version for chrome120.0.6099.63 from online versions.properties
10:31:14.526 [main] DEBUG org.apache.hc.client5.http.impl.classic.InternalHttpClient -- ex-0000000002 preparing request execution
10:31:14.528 [main] DEBUG org.apache.hc.client5.http.impl.classic.ProtocolExec -- ex-0000000002 target auth state: UNCHALLENGED
10:31:14.528 [main] DEBUG org.apache.hc.client5.http.impl.classic.ProtocolExec -- ex-0000000002 proxy auth state: UNCHALLENGED
10:31:14.529 [main] DEBUG org.apache.hc.client5.http.impl.classic.ConnectExec -- ex-0000000002 acquiring connection with route {s}->https://raw.githubusercontent.com:443
10:31:14.529 [main] DEBUG org.apache.hc.client5.http.impl.classic.InternalHttpClient -- ex-0000000002 acquiring endpoint (3 MINUTES)
10:31:14.529 [main] DEBUG org.apache.hc.client5.http.impl.io.PoolingHttpClientConnectionManager -- ex-0000000002 endpoint lease request (3 MINUTES) [route: {s}->https://raw.githubusercontent.com:443][total available: 0; route allocated: 0 of 5; total allocated: 1 of 25]
10:31:14.530 [main] DEBUG org.apache.hc.client5.http.impl.io.PoolingHttpClientConnectionManager -- ex-0000000002 endpoint leased [route: {s}->https://raw.githubusercontent.com:443][total available: 0; route allocated: 1 of 5; total allocated: 2 of 25]
10:31:14.530 [main] DEBUG org.apache.hc.client5.http.impl.io.PoolingHttpClientConnectionManager -- ex-0000000002 acquired ep-0000000002
10:31:14.530 [main] DEBUG org.apache.hc.client5.http.impl.classic.InternalHttpClient -- ex-0000000002 acquired endpoint ep-0000000002
10:31:14.531 [main] DEBUG org.apache.hc.client5.http.impl.classic.ConnectExec -- ex-0000000002 opening connection {s}->https://raw.githubusercontent.com:443
10:31:14.531 [main] DEBUG org.apache.hc.client5.http.impl.classic.InternalHttpClient -- ep-0000000002 connecting endpoint (null)
10:31:14.532 [main] DEBUG org.apache.hc.client5.http.impl.io.PoolingHttpClientConnectionManager -- ep-0000000002 connecting endpoint to https://raw.githubusercontent.com:443 (30 SECONDS)
10:31:14.532 [main] DEBUG org.apache.hc.client5.http.impl.io.DefaultHttpClientConnectionOperator -- raw.githubusercontent.com resolving remote address
10:31:14.572 [main] DEBUG org.apache.hc.client5.http.impl.io.DefaultHttpClientConnectionOperator -- raw.githubusercontent.com resolved to [raw.githubusercontent.com/185.199.109.133, raw.githubusercontent.com/185.199.110.133, raw.githubusercontent.com/185.199.108.133, raw.githubusercontent.com/185.199.111.133]
10:31:14.573 [main] DEBUG org.apache.hc.client5.http.impl.io.DefaultHttpClientConnectionOperator -- raw.githubusercontent.com:443 connecting null->raw.githubusercontent.com/185.199.109.133:443 (30 SECONDS)
10:31:14.573 [main] DEBUG org.apache.hc.client5.http.ssl.SSLConnectionSocketFactory -- Connecting socket to raw.githubusercontent.com/185.199.109.133:443 with timeout 30 SECONDS
10:31:14.612 [main] DEBUG org.apache.hc.client5.http.ssl.SSLConnectionSocketFactory -- Enabled protocols: [TLSv1.3, TLSv1.2]
10:31:14.613 [main] DEBUG org.apache.hc.client5.http.ssl.SSLConnectionSocketFactory -- Enabled cipher suites: [TLS_AES_256_GCM_SHA384, TLS_AES_128_GCM_SHA256, TLS_CHACHA20_POLY1305_SHA256, TLS_ECDHE_ECDSA_WITH_AES_256_GCM_SHA384, TLS_ECDHE_ECDSA_WITH_AES_128_GCM_SHA256, TLS_ECDHE_ECDSA_WITH_CHACHA20_POLY1305_SHA256, TLS_ECDHE_RSA_WITH_AES_256_GCM_SHA384, TLS_ECDHE_RSA_WITH_CHACHA20_POLY1305_SHA256, TLS_ECDHE_RSA_WITH_AES_128_GCM_SHA256, TLS_DHE_RSA_WITH_AES_256_GCM_SHA384, TLS_DHE_RSA_WITH_CHACHA20_POLY1305_SHA256, TLS_DHE_DSS_WITH_AES_256_GCM_SHA384, TLS_DHE_RSA_WITH_AES_128_GCM_SHA256, TLS_DHE_DSS_WITH_AES_128_GCM_SHA256, TLS_ECDHE_ECDSA_WITH_AES_256_CBC_SHA384, TLS_ECDHE_RSA_WITH_AES_256_CBC_SHA384, TLS_ECDHE_ECDSA_WITH_AES_128_CBC_SHA256, TLS_ECDHE_RSA_WITH_AES_128_CBC_SHA256, TLS_DHE_RSA_WITH_AES_256_CBC_SHA256, TLS_DHE_DSS_WITH_AES_256_CBC_SHA256, TLS_DHE_RSA_WITH_AES_128_CBC_SHA256, TLS_DHE_DSS_WITH_AES_128_CBC_SHA256, TLS_ECDHE_ECDSA_WITH_AES_256_CBC_SHA, TLS_ECDHE_RSA_WITH_AES_256_CBC_SHA, TLS_ECDHE_ECDSA_WITH_AES_128_CBC_SHA, TLS_ECDHE_RSA_WITH_AES_128_CBC_SHA, TLS_DHE_RSA_WITH_AES_256_CBC_SHA, TLS_DHE_DSS_WITH_AES_256_CBC_SHA, TLS_DHE_RSA_WITH_AES_128_CBC_SHA, TLS_DHE_DSS_WITH_AES_128_CBC_SHA, TLS_RSA_WITH_AES_256_GCM_SHA384, TLS_RSA_WITH_AES_128_GCM_SHA256, TLS_RSA_WITH_AES_256_CBC_SHA256, TLS_RSA_WITH_AES_128_CBC_SHA256, TLS_RSA_WITH_AES_256_CBC_SHA, TLS_RSA_WITH_AES_128_CBC_SHA, TLS_EMPTY_RENEGOTIATION_INFO_SCSV]
10:31:14.613 [main] DEBUG org.apache.hc.client5.http.ssl.SSLConnectionSocketFactory -- Starting handshake (null)
10:31:14.706 [main] DEBUG org.apache.hc.client5.http.ssl.SSLConnectionSocketFactory -- Secure session established
10:31:14.706 [main] DEBUG org.apache.hc.client5.http.ssl.SSLConnectionSocketFactory --  negotiated protocol: TLSv1.3
10:31:14.707 [main] DEBUG org.apache.hc.client5.http.ssl.SSLConnectionSocketFactory --  negotiated cipher suite: TLS_AES_128_GCM_SHA256
10:31:14.707 [main] DEBUG org.apache.hc.client5.http.ssl.SSLConnectionSocketFactory --  peer principal: CN=*.github.io, O="GitHub, Inc.", L=San Francisco, ST=California, C=US
10:31:14.707 [main] DEBUG org.apache.hc.client5.http.ssl.SSLConnectionSocketFactory --  peer alternative names: [*.github.io, github.io, *.github.com, github.com, www.github.com, *.githubusercontent.com, githubusercontent.com]
10:31:14.707 [main] DEBUG org.apache.hc.client5.http.ssl.SSLConnectionSocketFactory --  issuer principal: CN=DigiCert TLS RSA SHA256 2020 CA1, O=DigiCert Inc, C=US
10:31:14.708 [main] DEBUG org.apache.hc.client5.http.impl.io.DefaultManagedHttpClientConnection -- http-outgoing-1 set socket timeout to 3 MINUTES
10:31:14.708 [main] DEBUG org.apache.hc.client5.http.impl.io.DefaultHttpClientConnectionOperator -- raw.githubusercontent.com:443 connected null->raw.githubusercontent.com/185.199.109.133:443 as http-outgoing-1
10:31:14.710 [main] DEBUG org.apache.hc.client5.http.impl.io.PoolingHttpClientConnectionManager -- ep-0000000002 connected http-outgoing-1
10:31:14.710 [main] DEBUG org.apache.hc.client5.http.impl.classic.InternalHttpClient -- ep-0000000002 endpoint connected
10:31:14.710 [main] DEBUG org.apache.hc.client5.http.impl.classic.MainClientExec -- ex-0000000002 executing GET /bonigarcia/webdrivermanager/master/src/main/resources/versions.properties HTTP/1.1
10:31:14.711 [main] DEBUG org.apache.hc.client5.http.protocol.RequestAddCookies -- ex-0000000002 Cookie spec selected: strict
10:31:14.711 [main] DEBUG org.apache.hc.client5.http.impl.classic.InternalHttpClient -- ep-0000000002 start execution ex-0000000002
10:31:14.711 [main] DEBUG org.apache.hc.client5.http.impl.io.PoolingHttpClientConnectionManager -- ep-0000000002 executing exchange ex-0000000002 over http-outgoing-1
10:31:14.713 [main] DEBUG org.apache.hc.client5.http.headers -- http-outgoing-1 >> GET /bonigarcia/webdrivermanager/master/src/main/resources/versions.properties HTTP/1.1
10:31:14.714 [main] DEBUG org.apache.hc.client5.http.headers -- http-outgoing-1 >> user-agent: Apache-HttpClient/5.0
10:31:14.714 [main] DEBUG org.apache.hc.client5.http.headers -- http-outgoing-1 >> accept-encoding: gzip, deflate, br
10:31:14.715 [main] DEBUG org.apache.hc.client5.http.headers -- http-outgoing-1 >> cache-control: max-age=0
10:31:14.715 [main] DEBUG org.apache.hc.client5.http.headers -- http-outgoing-1 >> connection: keep-alive
10:31:14.715 [main] DEBUG org.apache.hc.client5.http.headers -- http-outgoing-1 >> Host: raw.githubusercontent.com
10:31:14.715 [main] DEBUG org.apache.hc.client5.http.wire -- http-outgoing-1 >> "GET /bonigarcia/webdrivermanager/master/src/main/resources/versions.properties HTTP/1.1[\r][\n]"
10:31:14.716 [main] DEBUG org.apache.hc.client5.http.wire -- http-outgoing-1 >> "user-agent: Apache-HttpClient/5.0[\r][\n]"
10:31:14.716 [main] DEBUG org.apache.hc.client5.http.wire -- http-outgoing-1 >> "accept-encoding: gzip, deflate, br[\r][\n]"
10:31:14.716 [main] DEBUG org.apache.hc.client5.http.wire -- http-outgoing-1 >> "cache-control: max-age=0[\r][\n]"
10:31:14.717 [main] DEBUG org.apache.hc.client5.http.wire -- http-outgoing-1 >> "connection: keep-alive[\r][\n]"
10:31:14.717 [main] DEBUG org.apache.hc.client5.http.wire -- http-outgoing-1 >> "Host: raw.githubusercontent.com[\r][\n]"
10:31:14.717 [main] DEBUG org.apache.hc.client5.http.wire -- http-outgoing-1 >> "[\r][\n]"
10:31:14.901 [main] DEBUG org.apache.hc.client5.http.wire -- http-outgoing-1 << "HTTP/1.1 200 OK[\r][\n]"
10:31:14.902 [main] DEBUG org.apache.hc.client5.http.wire -- http-outgoing-1 << "Connection: keep-alive[\r][\n]"
10:31:14.902 [main] DEBUG org.apache.hc.client5.http.wire -- http-outgoing-1 << "Content-Length: 1653[\r][\n]"
10:31:14.902 [main] DEBUG org.apache.hc.client5.http.wire -- http-outgoing-1 << "Cache-Control: max-age=300[\r][\n]"
10:31:14.903 [main] DEBUG org.apache.hc.client5.http.wire -- http-outgoing-1 << "Content-Security-Policy: default-src 'none'; style-src 'unsafe-inline'; sandbox[\r][\n]"
10:31:14.903 [main] DEBUG org.apache.hc.client5.http.wire -- http-outgoing-1 << "Content-Type: text/plain; charset=utf-8[\r][\n]"
10:31:14.904 [main] DEBUG org.apache.hc.client5.http.wire -- http-outgoing-1 << "ETag: W/"de56f96e4580ae55450ed6a794662cbdb2b39827f9709095aa3e1e7f6914629d"[\r][\n]"
10:31:14.904 [main] DEBUG org.apache.hc.client5.http.wire -- http-outgoing-1 << "Strict-Transport-Security: max-age=31536000[\r][\n]"
10:31:14.904 [main] DEBUG org.apache.hc.client5.http.wire -- http-outgoing-1 << "X-Content-Type-Options: nosniff[\r][\n]"
10:31:14.905 [main] DEBUG org.apache.hc.client5.http.wire -- http-outgoing-1 << "X-Frame-Options: deny[\r][\n]"
10:31:14.905 [main] DEBUG org.apache.hc.client5.http.wire -- http-outgoing-1 << "X-XSS-Protection: 1; mode=block[\r][\n]"
10:31:14.905 [main] DEBUG org.apache.hc.client5.http.wire -- http-outgoing-1 << "X-GitHub-Request-Id: D5BE:3DFCCC:2516CE:27975C:658D16A0[\r][\n]"
10:31:14.905 [main] DEBUG org.apache.hc.client5.http.wire -- http-outgoing-1 << "Content-Encoding: gzip[\r][\n]"
10:31:14.905 [main] DEBUG org.apache.hc.client5.http.wire -- http-outgoing-1 << "Accept-Ranges: bytes[\r][\n]"
10:31:14.906 [main] DEBUG org.apache.hc.client5.http.wire -- http-outgoing-1 << "Date: Thu, 28 Dec 2023 09:31:16 GMT[\r][\n]"
10:31:14.907 [main] DEBUG org.apache.hc.client5.http.wire -- http-outgoing-1 << "Via: 1.1 varnish[\r][\n]"
10:31:14.907 [main] DEBUG org.apache.hc.client5.http.wire -- http-outgoing-1 << "X-Served-By: cache-mad22080-MAD[\r][\n]"
10:31:14.907 [main] DEBUG org.apache.hc.client5.http.wire -- http-outgoing-1 << "X-Cache: HIT[\r][\n]"
10:31:14.908 [main] DEBUG org.apache.hc.client5.http.wire -- http-outgoing-1 << "X-Cache-Hits: 1[\r][\n]"
10:31:14.908 [main] DEBUG org.apache.hc.client5.http.wire -- http-outgoing-1 << "X-Timer: S1703755876.245159,VS0,VE127[\r][\n]"
10:31:14.908 [main] DEBUG org.apache.hc.client5.http.wire -- http-outgoing-1 << "Vary: Authorization,Accept-Encoding,Origin[\r][\n]"
10:31:14.908 [main] DEBUG org.apache.hc.client5.http.wire -- http-outgoing-1 << "Access-Control-Allow-Origin: *[\r][\n]"
10:31:14.909 [main] DEBUG org.apache.hc.client5.http.wire -- http-outgoing-1 << "Cross-Origin-Resource-Policy: cross-origin[\r][\n]"
10:31:14.909 [main] DEBUG org.apache.hc.client5.http.wire -- http-outgoing-1 << "X-Fastly-Request-ID: 19ba7b3d9fb48c74e6389c5f5c39c07925f57b85[\r][\n]"
10:31:14.909 [main] DEBUG org.apache.hc.client5.http.wire -- http-outgoing-1 << "Expires: Thu, 28 Dec 2023 09:36:16 GMT[\r][\n]"
10:31:14.910 [main] DEBUG org.apache.hc.client5.http.wire -- http-outgoing-1 << "Source-Age: 0[\r][\n]"
10:31:14.910 [main] DEBUG org.apache.hc.client5.http.wire -- http-outgoing-1 << "[\r][\n]"
10:31:14.911 [main] DEBUG org.apache.hc.client5.http.headers -- http-outgoing-1 << HTTP/1.1 200 OK
10:31:14.912 [main] DEBUG org.apache.hc.client5.http.headers -- http-outgoing-1 << Connection: keep-alive
10:31:14.912 [main] DEBUG org.apache.hc.client5.http.headers -- http-outgoing-1 << Content-Length: 1653
10:31:14.912 [main] DEBUG org.apache.hc.client5.http.headers -- http-outgoing-1 << Cache-Control: max-age=300
10:31:14.912 [main] DEBUG org.apache.hc.client5.http.headers -- http-outgoing-1 << Content-Security-Policy: default-src 'none'; style-src 'unsafe-inline'; sandbox
10:31:14.913 [main] DEBUG org.apache.hc.client5.http.headers -- http-outgoing-1 << Content-Type: text/plain; charset=utf-8
10:31:14.913 [main] DEBUG org.apache.hc.client5.http.headers -- http-outgoing-1 << ETag: W/"de56f96e4580ae55450ed6a794662cbdb2b39827f9709095aa3e1e7f6914629d"
10:31:14.913 [main] DEBUG org.apache.hc.client5.http.headers -- http-outgoing-1 << Strict-Transport-Security: max-age=31536000
10:31:14.913 [main] DEBUG org.apache.hc.client5.http.headers -- http-outgoing-1 << X-Content-Type-Options: nosniff
10:31:14.913 [main] DEBUG org.apache.hc.client5.http.headers -- http-outgoing-1 << X-Frame-Options: deny
10:31:14.913 [main] DEBUG org.apache.hc.client5.http.headers -- http-outgoing-1 << X-XSS-Protection: 1; mode=block
10:31:14.914 [main] DEBUG org.apache.hc.client5.http.headers -- http-outgoing-1 << X-GitHub-Request-Id: D5BE:3DFCCC:2516CE:27975C:658D16A0
10:31:14.914 [main] DEBUG org.apache.hc.client5.http.headers -- http-outgoing-1 << Content-Encoding: gzip
10:31:14.914 [main] DEBUG org.apache.hc.client5.http.headers -- http-outgoing-1 << Accept-Ranges: bytes
10:31:14.914 [main] DEBUG org.apache.hc.client5.http.headers -- http-outgoing-1 << Date: Thu, 28 Dec 2023 09:31:16 GMT
10:31:14.914 [main] DEBUG org.apache.hc.client5.http.headers -- http-outgoing-1 << Via: 1.1 varnish
10:31:14.915 [main] DEBUG org.apache.hc.client5.http.headers -- http-outgoing-1 << X-Served-By: cache-mad22080-MAD
10:31:14.915 [main] DEBUG org.apache.hc.client5.http.headers -- http-outgoing-1 << X-Cache: HIT
10:31:14.915 [main] DEBUG org.apache.hc.client5.http.headers -- http-outgoing-1 << X-Cache-Hits: 1
10:31:14.915 [main] DEBUG org.apache.hc.client5.http.headers -- http-outgoing-1 << X-Timer: S1703755876.245159,VS0,VE127
10:31:14.915 [main] DEBUG org.apache.hc.client5.http.headers -- http-outgoing-1 << Vary: Authorization,Accept-Encoding,Origin
10:31:14.915 [main] DEBUG org.apache.hc.client5.http.headers -- http-outgoing-1 << Access-Control-Allow-Origin: *
10:31:14.916 [main] DEBUG org.apache.hc.client5.http.headers -- http-outgoing-1 << Cross-Origin-Resource-Policy: cross-origin
10:31:14.916 [main] DEBUG org.apache.hc.client5.http.headers -- http-outgoing-1 << X-Fastly-Request-ID: 19ba7b3d9fb48c74e6389c5f5c39c07925f57b85
10:31:14.916 [main] DEBUG org.apache.hc.client5.http.headers -- http-outgoing-1 << Expires: Thu, 28 Dec 2023 09:36:16 GMT
10:31:14.916 [main] DEBUG org.apache.hc.client5.http.headers -- http-outgoing-1 << Source-Age: 0
10:31:14.916 [main] DEBUG org.apache.hc.client5.http.impl.classic.MainClientExec -- ex-0000000002 connection can be kept alive for 3 MINUTES
10:31:14.947 [main] DEBUG org.apache.hc.client5.http.wire -- http-outgoing-1 << "[0x1f][0xffffff8b][0x8][0x0][0x0][0x0][0x0][0x0][0x0][0x3][0xffffff8d][0xffffff97]Mo[0xffffffe3]6[0x10][0xffffff86][0xffffffef][0xfffffff9][0x15][0x2]z[0xffffff8e][0xffffffcc][0xffffffcf]![0x19][0xffffff80][0xffffff97]~[0xffffff9e][0xffffff8a][0x1e][0xffffffda]?[0xffffffe0][0xffffffb5][0xffffff95]DX[0xffffffc7][\n]"
10:31:14.950 [main] DEBUG org.apache.hc.client5.http.wire -- http-outgoing-1 << "lg[0xffffffb3][0xffffffe8][0xffffffaf][0xffffffef][0xc][0xffffffc9][0xffffffa1]h[0xffffffaa][0x5]z[0x8]v[0xffffffe7][0xffffffb1]D[0xffffffce][0xffffff90][0xffffffd4][0xffffffcb]w~[0x18][0xfffffffe]z[0xffffff9d][0xffffffaf][0xffffffc3][0xfffffff3]|[0xffffff9a][0xffffff86][0xffffffc3]r[0xffffffbe][0xffffffed][0xffffffe7][0xfffffff3]u[0xffffffb8][0xffffffbd]N[0xffffffc3][0xffffffd7][0xfffffff3][0xfffffff2]y[0x1e][0xffffff8e][0xffffff97][0xfffffff9][0xffffffdb]t[0x19][0xfffffff0][0xffffffef]:/[0xfffffff8][0xffffffcb]ay{[0xffffffdf][0xffffffdf][0xffffffe6]/[0xfffffff8][0xfffffff4][0xffffffe7]|{MO[0x1e][0xffffff96][0xffffffcb]e[0xffffffba][0xffffffbe]/[0xffffffe7][0xffffffe3]|~[0x19][0xffffffbe]\[0xffffff96][0xffffffcf][0xffffffeb][0xfffffffa][0xffffffca][0xffffffc3][0xffffffc3][0xf][0xffffffc3][0xffffff8f][0x19]=[\r][0xffffffbf]-[0xffffffcb][0xb][0xffffffbe][0xfffffff9][0xffffffd3][0xffffffeb]ey[0xffffff9b][0xffffff86][0xfffffffd][0xfffffff9][0xffffff98][0xffffffff];[0x7f][0xffffffbc][\r][0xffffff8f][0xffffffc3][0xffffffcf]i[0xffffffaa][0xffffffa7][0xffffffe1][0xffffff90]~[0xffffffcd][0x13][0xffffffe3][0xffffffcb][0x7f].[0x1f][0xffffff97][0xffffffc3][0xfffffff4]4[0xffffffbc][0xffffffde]n[0xffffffef]O[0xffffffbb]][0xfffffffb][0xffffffeb]x(o[0xffffff8f][0xffffffcb][0xffffffe5]ew[0xffffffc4]|O[0xffffffcb][0xfffffffe]x}[0xffffffc8][0xffffffcf]Hi"[0xfffffffe][0xffffff8d]b[0xffffffb4]N[0xffffffdb]1[0xffffff88][0xffffffca]5rM[0x1c][0xffffff9c][0x1a]AW[0xffffffae][0xffffff90][0xffffffab][0xffffffc4][0xffffffa5][0x1d]M[0xffffffa8]\"[0xffffff97][0xffffffc4]-[0xffffffe8][0x11]L[0xffffffe5][0x2][0xffffffb9] n[0xffffffbc][0x1c][0xffffff9d]c.B[0xffffffc4][0xffffffbf][0xffffffc4]qzW[0xffffff9f][0x17][0x1e][0xffffffb9]'[0xffffffae]m[0x18][0xffffff9d][0xffffffac][0xffffffdc]!w[0xffffff89][0xb]3[0xffffff82][0xffffffaa][0x1c][0xffffff90][0x3]qe[0xffffffc2][0x8][0xffffffeb][0xfffffff3][0x16][0xffffffb9]%.[0xffffff83][0xffffffc5][0x1f]+[0xffffffc7]zE[0xffffffaa][0xffffff97][0xffffffca]p5[0x7f][0xffffff81][0xfffffff5][0xffffff8a]T[0xffffffaf][0x0]1J[0xffffffbd]&[0xffffff84][0x5][0xffffff8b]T[0xffffffb0][0xffffffc0][0xfffffff1][0xffffff9a][0x9][0xffffffb0]`A[0x5][0xffffff9b]`[0xffffffe5]hV[0xffffff8e][0x5][0xb]*[0xffffffd8][0xfffffff8][0x0]#[0xfffffff0][0xffffff82][0xffffff86][0x10]CH[0xffffffd4][0x18][0xffffff9c][0xffffff9b][0xffffffa9][0xffffff8f][0xffffff81][0xffffff8a]5[0xffffffce][0xfffffffa][0x11][0xffffffa7]a[0xffffffec]b[0xffffffa0]Z[\r][0x4][0xffffffb5][0xffffffae]A[0xffffff80][0x18] Q0[0xffffffa3][0xffffffb1]Lm[0xc]6Q[0xffffffed]G[0xffffffe0]z[0xffffff82][0xffffff89][0xffffffc1]$[0xffffff8a][0xffffff8b][0xffffff83][0x1b][0xffffffc9]X[0xffffffc7]@E[0x1a][0xffffffeb][0xffffffdc][0xffffffba][0xffffffa9]A[0xffffffc5][0xffffffa0][0x12][0xffffffc5]-[0xffffffc5]Uf,cH[0x5][0x1a]<[0x1]X+c[0x11]C[0xffffffaa][0xffffffcf]h1*^'[0x1f][0xffffffa2]O[0xfffffff5]i[0xfffffffc]G[0xfffffff1][0xffffffc8][0xffffffde]G[0xffffff9f][0xffffffea][0xffffffd3][0xffffffca][0xffffff8c][0x1][0xffffff98][0xffffffba][0xffffffe8]Sy[0xffffffca][0xffffff8b][0xffffffd1]{[0xffffffa6][0x10]}*O[0x19][0x1c][0xffffff97][0xffffff97][0xffffffc2][0xffffffdb][0xffffffe8]Sy[0xffffffd2][0xffffffeb][0xffffffd1]sj[0xffffffde]D[0xffffff9f][0xffffffca][0xffffff93][0xffffffc6][0xffffff8d][0xffffff9a][0xffffffd7][0xffffffd8][0xffffffeb][0xffffffe8]Su[0xffffffb4][0xffffff93][0xffffff9a][0xffffff97][0xffffffc2][0xffffffcb][0xffffffe8]S[0x19][0x2]W^[0xffffffea]:[0xffffff9d][0xffffff88][0xffffff9e][0xffffffca][0xffffffd0][0x1]s[0xffffffc1]#T[0xffffffb0][0xb][0xffffffd1][0xffffff85][0xffffff84][0xffffff8d][0x1d]u[0xffffffa5]>:[0xffffff9f]([0xffffff9e][0x1d]<W[0xffffff8c]]tT[0xffffff88][0xfffffff6][0xffffff80][0xffffffdf][0x2][0xffffffa7][0xffffffe1] :H[0x14][0xf][0xffffffb8]Tu[0xc][0x1b][0x1d]U[0xffffffa2][0xffffff9d][0xffffffc3][0x3][0xffffffb6]>m[0xffffffa2]3[0x9]+<[0xffffffbf][0xc]utT[0xffffff89][0x6],[0x8]8e[0xffffffa7][0xffffffa2][0xffffffc2][0x1d][0xffffffe5]H[0xffffffde]E[0xffffff82]"N[0xc][0x2]E[0xffffffbc]7[0xffffffe0])[0xffffffe2][0x15][0x5]G[0x11][0xffffffef]&[0x0]E[0xffffff9c][0xc]X[0xffffff8c][0xffffffea][0x12][0xffffff81][0xffffffa1][0xffffff88][0xffffffd7][0x1c]4E<[0x1f]P.[0xffffffba][0xffffffce]G[0xffffffb9][0xffffffd4]o[0x6]([0x17][0xffffffad][0xffffffef]T[0xffffffed][0xfffffff7][0xffffffe5][0xffffffef][0xfffffff9]t[0xffffffda][0xf][0xffffffbf][0xffffffce][0xffffff97][0xffffffe9]y[0xfffffff9][0xffffffde]H[0xffffffd9][0xffffffcb]t[0xfffffff8][0xffffffba][0xfffffffc][0xffffffab][0xffffff92]]Q[0xffffffca]^P@?[0xffffffbe][0xffffff8c]([0xffffffa9][0xffffffbb][0xffffffb7]<[0xffffffc4][0xffffffae]yaw[0xffffff99]N[0xffffffd3][0xfffffffe]:][0x1f][0xffffff9e][0xfffffff3][0xffffffb8]R[0xffffff89][0xffffff88][0xffffffcb][0xffffff86]kW[0xffffff89][0xc][0x1b][0xffffffe2]7[0xffffffc4]m[0x8]l[0xffffff88][0xffffffdd][0x10][0xffffffb3]!zC[0xffffffd4][0xffffff86][0xffffffc8][\r]I9[0xffffffab]QU"B&[0xffffffeb]3[0xffffffc2]o[0xffffff88][0xffffffdb][0x10][0xffffffd8][0x10][0xffffffbb]!)g[0xffffffd9][0x12][0xffffffbd]!jC[0xffffffe4][0xffffff86][0xffffff88][0xffffff8e][0xffffff84][0xffffffd0][0x3][0xffffffdf][0x3][0xffffffd7][0x3][0xffffffe8][0xffffff81][0xffffffed]A[0xffffff9f]m[0xffffffe8][0xffffff93][\r]}[0xffffffae][0xffffffa1]O5P[0xffffffa6][0xfffffff8]m5`<[0xffffffcd][0xffffffe7][0xffffff8f][0xffffffef][0x19]K[0xffffffc6]>t[0xffffffcf]y[0xffffffdf][0x3][0xffffffd7][0x3][0xffffffe8][0xffffff81][0xffffffed][0xffffff81][0xffffffe9][0x1][0x15][0xffffffa0]|[0x3]T[0xf][0xffffffa8][0x0][0xffffffe5][0x1a] :[0xffffffe0]B[0xf]R[0xffffffa6][0xffffffd0][0x0][0xffffffd7][0x3][0xffffffe8][0xffffff81][0xffffffed][0xffffff81][0xffffffe9][0xffffff81][0xffffffee][0xffffff81][0xffffffea][0xffffff81][0xffffffec][0xffffff81][0xffffffe8][0x0][0xffffff84][0x1e][0xffffffa4]Lm[0x3]R[0xffffffa6][0xffffffa6][0x1][0xffffffd0][0x3][0xffffffdb][0xffffff83][0xffffff94]i[0xfffffff3][0x1][0xffffff81][0xffffffee]A[0xffffffca][0xffffffb4]9[0xfffffff6][0xffffff90]2m[0xe][0x5][0xffffff88][0xe][0xffffffd8][0xffffffd0][0x3][0xffffffdf][0x3][0xffffffd7][0xffffff83][0xffffff94][0xffffffa9]h[0xffffff80]e[0xffffffd0]*[0xffffffdf][0x1f][0xffffffef][0xffffffd3]e[0xffffffdf][0xffffffe8][0xffffffdd]B[0xfffffff1][0xffffffff][0xffffffd1][0xffffffbb][0xfffffff4][0xffffffe0]uy[0xffffffbe]}[0xffffffee]/S[0xffffff8e][0xffffffd8][0xffffffcb][0xfffffff5][0xffffffea][0xffffff97]~L[0xffffff9e]G[0xffffffd2][0xffffffe5][0x5][0x2]//[0xffffff89]ws[0xffffffe1][0xffffffe4][0xfffffff1][0xffffff92][0xffffffa7][\n]"
10:31:14.952 [main] DEBUG org.apache.hc.client5.http.wire -- http-outgoing-1 << "x[0xfffffffb][0xfffffffb][0xffffffc0][0xffffff98],^[0xffffffb2]T[0x1][0xffffffad][0xffffff83][0xffffffd4][0xffffff8a]9Y[0xffffffbc]d[0xffffffa9]<[0xe][0x13][0x1c]crx[0xffffffc9]Q9[0xfffffffc][0xffffff82]$[0xffffffda][0xffffff92][0xffffffc2]E[0xffffffeb] Q[0xffffffcc]2G=h[0xc][0xffffffa4]Te[0x18]T[0xffffff85][0xffffffc6]?z[0xffffffa6][0xffffffee][0xffffffce]=[0xffffffda]B[0xffffffa1][0xfffffff5][0xffffff8e]8Q[0xffffffc1][0xffffffb6][0xffffffb5][0xffffff8e][0xffffffa8][0xfffffff8][0x5][0xffffff9b][0xffffffd6]9[0xffffff86]Re[0xffffffd0][0xffffffad]oD[0xffffffb3][0xffffff91][0xffffffa9]j]#.Z[0xffffffc1][0xffffffb2]5[0xffffff8d][0xffffffe4][0xffffffc7]2[0x16][0xffffffad]g[0xfffffff4][0xffffffa5]p[0x1f]Z[0xffffffc7][0x8]P[0xffffffa8][0xffffffef][0xffffffec]b[0xffffffa6][0xffffffae]5[0xffffff8b]P6[0xffffffc6]Ck[0x15][0xffffffeb][0x12][0xffffffa1][0xffffff88][0xffffffdc]Y[0xffffffc5][0xc]M[0xffffffe3][0x14]}I[0xc][0xffffffc5][0xffffffe4][0xffffffce]'f[0xffffffa8][0xffffffee]mb[0xffffff86][0xffffffb2]q[0xffffff89][0xffffff96][0xffffffe7][0x17][0xffffff8d]I[0xffffffe4]TQ\[0xffffffee],b[0xffffff86][0xffffffbe]s[0xffffff88][0xffffff99][0xffffffba][0xffffffc6] :[0xffffff86][0xffffffd0][0xffffffd8]C_[0xffffffa6]G[0xffffffb5]Y[0xffffffdd]!g[0xffffff8f][0xffffff8a][0xffffffb3][0xffffff9a]C\[0xffffffe0]Buc[0xe][0xffffff81][0x7]U[0xffffff8d]7[0xfffffff4]e[0xffffffc3]Q~VkX7[0xb]5h[0xffffffb5][0xffffff86]|[0xffffffd6]Q[0xffffff87]Vg[0xffffffc8]'[0x1a][0xffffffb5][0xffffffa8]1[0xffffff86][0xffffffb2][0xffffff94][0xffffff8a][0xffffff82][0xffffffd4][0xfffffffa][0xffffffc2]2[0x17][0xffffffaa][0xffffffd2]j[0xb][0x1d][0xffffff8f]j[0x1b]W[0xffffffc8]G[0x19][0xffffffd5]i[0xfffffff5][0xffffff84][0xfffffff5]p[0xffffffa2]D5[0xffffff9e][0xffffff90]?5[0xffffffd4][0xffffffa9][0xffffffc6][0x12][0xffffffd6][0xffffffb9][0xffffff8a][0xffffff95]K[0xffffff81][\r]mP[0xffffff8c]\[0xe][0xffffff8a][0xffffff8f][0xffffffcb]A[0xffffffb1]q9(..[0x7][0xffffffc5][0xffffffc4][0xffffffe5][0xffffffa0]x[0xffffffb8][0x1c][0x14][0xb][0xffffff97][0x3][0xffffff99]=[[0xe]D[0x13][0x18][0xffffffca][0xffffff80]36[0xffffff94][0xffffff81].[0xfffffff3][0x18][0xffffffca]@[0xffffff95][0xffffffc5]0[0xffffff90][0xffffff83];[0xffffffd3]7[0x1f].[0xb])[0xffffffd8][0xfffffff0][0xffffffcb][0xfffffff1]ej4[0xfffffff0][0xffffffed]:![0xfffffff8]O[0x11]<N[0xffffffdf][0xffffffa6][0x13][0xffffff8d]:[0xffffffbe][0xfffffff1][0x8]I[0x11][0xffffffa7][0xfffffff3][0xffffffe3][0xffffffc7]uW[0xffffffd9]#[\r][0xffffffb2][0xffffffbb]-[0xffffffcb][0xffffffe9][0xffffffba][0xfffffffb][0xffffff9c][0xffffffbe][0x14]Q| [0xffffffba][0xfffffff6][0xffffffb5][0xffffffd2][0xffffffe3][0xffffffcd] }[0xffffffa1][0xffffffdc][0xffffffd5]J[0xffffff87][0xffffffa6][0x1b]W2S[0xffffffee]i[0xffffffa5]S[0xffffffe9] g[0xffffffca][0x1d][0xffffffad][0x4][0xffffff90][0xffffffd4]qf[0xffffffca][0xfffffffd][0xffffffac][0xffffffb4]x>p[0xfffffff5][0x12][0xffffffad][0xffffffdd][0xffffffac][0xffffffb4]([0xffffffb4][0xffffffae][0xffffffcc]V{Yi[0x0][0xffffffc7][0xffffff85]B[0xffffffb9][0xffffff93][0xffffffc5][0x1e][0xffffff80][0xffffffee][0xfffffff0][0xc][0xffffffb9][0xffffff8d][0xffffff95][0xffffffda][0xffffffd1][0xffffff8d]Y(7[0xffffffb1][0xffffffd8]"
10:31:14.956 [main] DEBUG org.apache.hc.client5.http.wire -- http-outgoing-1 << "[0xffffff8f]jT[0xffffffb0]B[0xffffffb9][0xffffff85][0xffffff95][\n]"
10:31:14.957 [main] DEBUG org.apache.hc.client5.http.wire -- http-outgoing-1 << "[0xffffffbf]T[0xffffffc7]#p[0x3][0xffffff8b][0x1d][0xffffff87][0xffffffa9]E[0xffffffd4][0xffffffee][0x15]o[0x3]K[0x1d]A[0xffffffa6][0xffffffdc][0xffffffbb]J%[0xffffffc5]:.w[0xffffffae]xYX[0xffffffea][0xffffff9f][0xffffff88]r[0xffffffdf][0xffffff8a][0xffffffd2]OB[0xffffff91]Y[0xffffffe9]Z%UW[0x16][0xffffff86][V,MUV[0x1a]V[0xffffffac][0xffffffc1]TV[0xffffffda]U[0xffffffcc][0xffffffaa][0xffffffce][0xffffffcc][0xffffffcd]j@[0xffffff8d][0xffffffd1]2[0xffffffa3][0xffffffd2][0xffffffa8][0x6]\z][0xffffff9e]*]j[0x10][0xffffffeb][0x4][0xffffffa5]C[0xfffffff5][0xffffffa4]t[0xffffffe5][0xffffffc5][0xffffffd2][0xffffff9d]z,,[0x13][0xffffffee]Li[0xffffffc7][0xfffffff3][0xffffffc6]pW[0xffffffea]pm[0xffffffcb]k[0xffffffdc][0xffffff92][0x2][0xffffff84][0xffffffb2]%[0xffffffdc][0xffffff8e][0x2][0x1e][0x9][0xffffffc8]k[0xffffffc1][0xffffffbd][0xffffffa8][0xffffffa5][0x5].O[0xffffff95]F[0xffffffd4]&[0xffffff83][0xffffff92][0x8]7[0xffffffa1]([\r][0xffffffb6][0xffffffcc][0xffffff87][0xffffffea][0xffffff95][0xffffffd5]3pN[0xffffffdc][0xffffff93][0xffffffe2]=[[0xffffffb6][0xffffffaa][0xfffffff6][0xffffffa3]X1[0xffffff9e][0xffffffbb][0xffffffc4]j3Jg6[0xffffff93][0xffffffd2][0xffffff88]*[0xffffffc7]G[0xffffff87]{P[0xffffffa5]+)[0xfffffffd]'[0xffffffc9]b![0xffffffa5][0xfffffff5][0xffffff94][0x1a]{[0xfffffff3][0xffffff8c][0xffffff8c][0xffffff89][0xffffffef][0xffffff97][0xffffffe9]q>_o[0xfffffffb][0xffffffd3]i:f[0xffffffa8]"[0xffffffd0][0xffffffcd][0xffffffae][0xfffffff3]912[0xffffffa2][0xffffff84][0xffffff81][\n]"
10:31:14.957 [main] DEBUG org.apache.hc.client5.http.wire -- http-outgoing-1 << "[0xffffffb9]|#"[0xffffffea]$[0xffffffde]vy?[0xffffffb4][0xffffff8f][0xfffffff8]a[0x19][0x1d]r[0xffffffa8]Htp[0xffffffa7]}>#[0xffffffd8][0xffffff87][0xffffffd1][0xffffff95][0xffffff8d]z[0xfffffffd][0xfffffff0][0xf][0xffffffe2][0x12][0xffffff8f][0xfffffff4]>[0x13][0x0][0x0]"
10:31:14.961 [main] DEBUG org.apache.hc.client5.http.impl.classic.InternalHttpClient -- ep-0000000002 releasing valid endpoint
10:31:14.962 [main] DEBUG org.apache.hc.client5.http.impl.io.PoolingHttpClientConnectionManager -- ep-0000000002 releasing endpoint
10:31:14.962 [main] DEBUG org.apache.hc.client5.http.impl.io.PoolingHttpClientConnectionManager -- ep-0000000002 connection http-outgoing-1 can be kept alive for 3 MINUTES
10:31:14.963 [main] DEBUG org.apache.hc.client5.http.impl.io.PoolingHttpClientConnectionManager -- ep-0000000002 connection released [route: {s}->https://raw.githubusercontent.com:443][total available: 1; route allocated: 1 of 5; total allocated: 2 of 25]
10:31:14.964 [main] DEBUG io.github.bonigarcia.wdm.versions.VersionDetector -- Driver for chrome120.0.6099.63 not found in online properties (using local versions.properties)
10:31:14.968 [main] DEBUG io.github.bonigarcia.wdm.WebDriverManager -- The driver version for CHROME 120.0.6099.63 is unknown ... trying with latest
10:31:14.991 [main] DEBUG org.apache.hc.client5.http.impl.classic.InternalHttpClient -- ex-0000000003 preparing request execution
10:31:14.992 [main] DEBUG org.apache.hc.client5.http.impl.classic.ProtocolExec -- ex-0000000003 target auth state: UNCHALLENGED
10:31:14.992 [main] DEBUG org.apache.hc.client5.http.impl.classic.ProtocolExec -- ex-0000000003 proxy auth state: UNCHALLENGED
10:31:14.993 [main] DEBUG org.apache.hc.client5.http.impl.classic.ConnectExec -- ex-0000000003 acquiring connection with route {s}->https://googlechromelabs.github.io:443
10:31:14.993 [main] DEBUG org.apache.hc.client5.http.impl.classic.InternalHttpClient -- ex-0000000003 acquiring endpoint (3 MINUTES)
10:31:14.993 [main] DEBUG org.apache.hc.client5.http.impl.io.PoolingHttpClientConnectionManager -- ex-0000000003 endpoint lease request (3 MINUTES) [route: {s}->https://googlechromelabs.github.io:443][total available: 1; route allocated: 1 of 5; total allocated: 2 of 25]
10:31:14.994 [main] DEBUG org.apache.hc.client5.http.impl.io.PoolingHttpClientConnectionManager -- ex-0000000003 endpoint leased [route: {s}->https://googlechromelabs.github.io:443][total available: 1; route allocated: 2 of 5; total allocated: 3 of 25]
10:31:14.995 [main] DEBUG org.apache.hc.client5.http.impl.io.PoolingHttpClientConnectionManager -- ex-0000000003 acquired ep-0000000003
10:31:14.995 [main] DEBUG org.apache.hc.client5.http.impl.classic.InternalHttpClient -- ex-0000000003 acquired endpoint ep-0000000003
10:31:14.995 [main] DEBUG org.apache.hc.client5.http.impl.classic.ConnectExec -- ex-0000000003 opening connection {s}->https://googlechromelabs.github.io:443
10:31:14.996 [main] DEBUG org.apache.hc.client5.http.impl.classic.InternalHttpClient -- ep-0000000003 connecting endpoint (null)
10:31:14.996 [main] DEBUG org.apache.hc.client5.http.impl.io.PoolingHttpClientConnectionManager -- ep-0000000003 connecting endpoint to https://googlechromelabs.github.io:443 (30 SECONDS)
10:31:14.996 [main] DEBUG org.apache.hc.client5.http.impl.io.DefaultHttpClientConnectionOperator -- googlechromelabs.github.io resolving remote address
10:31:14.996 [main] DEBUG org.apache.hc.client5.http.impl.io.DefaultHttpClientConnectionOperator -- googlechromelabs.github.io resolved to [googlechromelabs.github.io/185.199.110.153, googlechromelabs.github.io/185.199.111.153, googlechromelabs.github.io/185.199.108.153, googlechromelabs.github.io/185.199.109.153]
10:31:14.997 [main] DEBUG org.apache.hc.client5.http.impl.io.DefaultHttpClientConnectionOperator -- googlechromelabs.github.io:443 connecting null->googlechromelabs.github.io/185.199.110.153:443 (30 SECONDS)
10:31:14.997 [main] DEBUG org.apache.hc.client5.http.ssl.SSLConnectionSocketFactory -- Connecting socket to googlechromelabs.github.io/185.199.110.153:443 with timeout 30 SECONDS
10:31:15.036 [main] DEBUG org.apache.hc.client5.http.ssl.SSLConnectionSocketFactory -- Enabled protocols: [TLSv1.3, TLSv1.2]
10:31:15.037 [main] DEBUG org.apache.hc.client5.http.ssl.SSLConnectionSocketFactory -- Enabled cipher suites: [TLS_AES_256_GCM_SHA384, TLS_AES_128_GCM_SHA256, TLS_CHACHA20_POLY1305_SHA256, TLS_ECDHE_ECDSA_WITH_AES_256_GCM_SHA384, TLS_ECDHE_ECDSA_WITH_AES_128_GCM_SHA256, TLS_ECDHE_ECDSA_WITH_CHACHA20_POLY1305_SHA256, TLS_ECDHE_RSA_WITH_AES_256_GCM_SHA384, TLS_ECDHE_RSA_WITH_CHACHA20_POLY1305_SHA256, TLS_ECDHE_RSA_WITH_AES_128_GCM_SHA256, TLS_DHE_RSA_WITH_AES_256_GCM_SHA384, TLS_DHE_RSA_WITH_CHACHA20_POLY1305_SHA256, TLS_DHE_DSS_WITH_AES_256_GCM_SHA384, TLS_DHE_RSA_WITH_AES_128_GCM_SHA256, TLS_DHE_DSS_WITH_AES_128_GCM_SHA256, TLS_ECDHE_ECDSA_WITH_AES_256_CBC_SHA384, TLS_ECDHE_RSA_WITH_AES_256_CBC_SHA384, TLS_ECDHE_ECDSA_WITH_AES_128_CBC_SHA256, TLS_ECDHE_RSA_WITH_AES_128_CBC_SHA256, TLS_DHE_RSA_WITH_AES_256_CBC_SHA256, TLS_DHE_DSS_WITH_AES_256_CBC_SHA256, TLS_DHE_RSA_WITH_AES_128_CBC_SHA256, TLS_DHE_DSS_WITH_AES_128_CBC_SHA256, TLS_ECDHE_ECDSA_WITH_AES_256_CBC_SHA, TLS_ECDHE_RSA_WITH_AES_256_CBC_SHA, TLS_ECDHE_ECDSA_WITH_AES_128_CBC_SHA, TLS_ECDHE_RSA_WITH_AES_128_CBC_SHA, TLS_DHE_RSA_WITH_AES_256_CBC_SHA, TLS_DHE_DSS_WITH_AES_256_CBC_SHA, TLS_DHE_RSA_WITH_AES_128_CBC_SHA, TLS_DHE_DSS_WITH_AES_128_CBC_SHA, TLS_RSA_WITH_AES_256_GCM_SHA384, TLS_RSA_WITH_AES_128_GCM_SHA256, TLS_RSA_WITH_AES_256_CBC_SHA256, TLS_RSA_WITH_AES_128_CBC_SHA256, TLS_RSA_WITH_AES_256_CBC_SHA, TLS_RSA_WITH_AES_128_CBC_SHA, TLS_EMPTY_RENEGOTIATION_INFO_SCSV]
10:31:15.038 [main] DEBUG org.apache.hc.client5.http.ssl.SSLConnectionSocketFactory -- Starting handshake (null)
10:31:15.096 [main] DEBUG org.apache.hc.client5.http.ssl.SSLConnectionSocketFactory -- Secure session established
10:31:15.097 [main] DEBUG org.apache.hc.client5.http.ssl.SSLConnectionSocketFactory --  negotiated protocol: TLSv1.3
10:31:15.097 [main] DEBUG org.apache.hc.client5.http.ssl.SSLConnectionSocketFactory --  negotiated cipher suite: TLS_AES_128_GCM_SHA256
10:31:15.097 [main] DEBUG org.apache.hc.client5.http.ssl.SSLConnectionSocketFactory --  peer principal: CN=*.github.io, O="GitHub, Inc.", L=San Francisco, ST=California, C=US
10:31:15.097 [main] DEBUG org.apache.hc.client5.http.ssl.SSLConnectionSocketFactory --  peer alternative names: [*.github.io, github.io, *.github.com, github.com, www.github.com, *.githubusercontent.com, githubusercontent.com]
10:31:15.097 [main] DEBUG org.apache.hc.client5.http.ssl.SSLConnectionSocketFactory --  issuer principal: CN=DigiCert TLS RSA SHA256 2020 CA1, O=DigiCert Inc, C=US
10:31:15.097 [main] DEBUG org.apache.hc.client5.http.impl.io.DefaultManagedHttpClientConnection -- http-outgoing-2 set socket timeout to 3 MINUTES
10:31:15.097 [main] DEBUG org.apache.hc.client5.http.impl.io.DefaultHttpClientConnectionOperator -- googlechromelabs.github.io:443 connected null->googlechromelabs.github.io/185.199.110.153:443 as http-outgoing-2
10:31:15.098 [main] DEBUG org.apache.hc.client5.http.impl.io.PoolingHttpClientConnectionManager -- ep-0000000003 connected http-outgoing-2
10:31:15.098 [main] DEBUG org.apache.hc.client5.http.impl.classic.InternalHttpClient -- ep-0000000003 endpoint connected
10:31:15.098 [main] DEBUG org.apache.hc.client5.http.impl.classic.MainClientExec -- ex-0000000003 executing GET /chrome-for-testing/last-known-good-versions-with-downloads.json HTTP/1.1
10:31:15.098 [main] DEBUG org.apache.hc.client5.http.protocol.RequestAddCookies -- ex-0000000003 Cookie spec selected: strict
10:31:15.098 [main] DEBUG org.apache.hc.client5.http.impl.classic.InternalHttpClient -- ep-0000000003 start execution ex-0000000003
10:31:15.098 [main] DEBUG org.apache.hc.client5.http.impl.io.PoolingHttpClientConnectionManager -- ep-0000000003 executing exchange ex-0000000003 over http-outgoing-2
10:31:15.099 [main] DEBUG org.apache.hc.client5.http.headers -- http-outgoing-2 >> GET /chrome-for-testing/last-known-good-versions-with-downloads.json HTTP/1.1
10:31:15.099 [main] DEBUG org.apache.hc.client5.http.headers -- http-outgoing-2 >> user-agent: Apache-HttpClient/5.0
10:31:15.099 [main] DEBUG org.apache.hc.client5.http.headers -- http-outgoing-2 >> accept-encoding: gzip, deflate, br
10:31:15.099 [main] DEBUG org.apache.hc.client5.http.headers -- http-outgoing-2 >> cache-control: max-age=0
10:31:15.099 [main] DEBUG org.apache.hc.client5.http.headers -- http-outgoing-2 >> connection: keep-alive
10:31:15.099 [main] DEBUG org.apache.hc.client5.http.headers -- http-outgoing-2 >> Host: googlechromelabs.github.io
10:31:15.099 [main] DEBUG org.apache.hc.client5.http.wire -- http-outgoing-2 >> "GET /chrome-for-testing/last-known-good-versions-with-downloads.json HTTP/1.1[\r][\n]"
10:31:15.099 [main] DEBUG org.apache.hc.client5.http.wire -- http-outgoing-2 >> "user-agent: Apache-HttpClient/5.0[\r][\n]"
10:31:15.099 [main] DEBUG org.apache.hc.client5.http.wire -- http-outgoing-2 >> "accept-encoding: gzip, deflate, br[\r][\n]"
10:31:15.099 [main] DEBUG org.apache.hc.client5.http.wire -- http-outgoing-2 >> "cache-control: max-age=0[\r][\n]"
10:31:15.100 [main] DEBUG org.apache.hc.client5.http.wire -- http-outgoing-2 >> "connection: keep-alive[\r][\n]"
10:31:15.100 [main] DEBUG org.apache.hc.client5.http.wire -- http-outgoing-2 >> "Host: googlechromelabs.github.io[\r][\n]"
10:31:15.100 [main] DEBUG org.apache.hc.client5.http.wire -- http-outgoing-2 >> "[\r][\n]"
10:31:15.140 [main] DEBUG org.apache.hc.client5.http.wire -- http-outgoing-2 << "HTTP/1.1 200 OK[\r][\n]"
10:31:15.141 [main] DEBUG org.apache.hc.client5.http.wire -- http-outgoing-2 << "Connection: keep-alive[\r][\n]"
10:31:15.141 [main] DEBUG org.apache.hc.client5.http.wire -- http-outgoing-2 << "Content-Length: 641[\r][\n]"
10:31:15.142 [main] DEBUG org.apache.hc.client5.http.wire -- http-outgoing-2 << "Server: GitHub.com[\r][\n]"
10:31:15.142 [main] DEBUG org.apache.hc.client5.http.wire -- http-outgoing-2 << "Content-Type: application/json; charset=utf-8[\r][\n]"
10:31:15.142 [main] DEBUG org.apache.hc.client5.http.wire -- http-outgoing-2 << "permissions-policy: interest-cohort=()[\r][\n]"
10:31:15.142 [main] DEBUG org.apache.hc.client5.http.wire -- http-outgoing-2 << "x-origin-cache: HIT[\r][\n]"
10:31:15.142 [main] DEBUG org.apache.hc.client5.http.wire -- http-outgoing-2 << "Last-Modified: Thu, 28 Dec 2023 09:09:08 GMT[\r][\n]"
10:31:15.142 [main] DEBUG org.apache.hc.client5.http.wire -- http-outgoing-2 << "Access-Control-Allow-Origin: *[\r][\n]"
10:31:15.143 [main] DEBUG org.apache.hc.client5.http.wire -- http-outgoing-2 << "Strict-Transport-Security: max-age=31556952[\r][\n]"
10:31:15.143 [main] DEBUG org.apache.hc.client5.http.wire -- http-outgoing-2 << "ETag: W/"658d3b34-22ac"[\r][\n]"
10:31:15.143 [main] DEBUG org.apache.hc.client5.http.wire -- http-outgoing-2 << "expires: Thu, 28 Dec 2023 09:19:31 GMT[\r][\n]"
10:31:15.143 [main] DEBUG org.apache.hc.client5.http.wire -- http-outgoing-2 << "Cache-Control: max-age=600[\r][\n]"
10:31:15.143 [main] DEBUG org.apache.hc.client5.http.wire -- http-outgoing-2 << "Content-Encoding: gzip[\r][\n]"
10:31:15.143 [main] DEBUG org.apache.hc.client5.http.wire -- http-outgoing-2 << "x-proxy-cache: HIT[\r][\n]"
10:31:15.143 [main] DEBUG org.apache.hc.client5.http.wire -- http-outgoing-2 << "X-GitHub-Request-Id: AD28:2802F4:8D3D7B:90038F:658D3C18[\r][\n]"
10:31:15.143 [main] DEBUG org.apache.hc.client5.http.wire -- http-outgoing-2 << "Accept-Ranges: bytes[\r][\n]"
10:31:15.144 [main] DEBUG org.apache.hc.client5.http.wire -- http-outgoing-2 << "Date: Thu, 28 Dec 2023 09:31:16 GMT[\r][\n]"
10:31:15.144 [main] DEBUG org.apache.hc.client5.http.wire -- http-outgoing-2 << "Via: 1.1 varnish[\r][\n]"
10:31:15.147 [main] DEBUG org.apache.hc.client5.http.wire -- http-outgoing-2 << "Age: 435[\r][\n]"
10:31:15.147 [main] DEBUG org.apache.hc.client5.http.wire -- http-outgoing-2 << "X-Served-By: cache-mad22069-MAD[\r][\n]"
10:31:15.148 [main] DEBUG org.apache.hc.client5.http.wire -- http-outgoing-2 << "X-Cache: HIT[\r][\n]"
10:31:15.148 [main] DEBUG org.apache.hc.client5.http.wire -- http-outgoing-2 << "X-Cache-Hits: 1[\r][\n]"
10:31:15.148 [main] DEBUG org.apache.hc.client5.http.wire -- http-outgoing-2 << "X-Timer: S1703755877.629947,VS0,VE1[\r][\n]"
10:31:15.148 [main] DEBUG org.apache.hc.client5.http.wire -- http-outgoing-2 << "Vary: Accept-Encoding[\r][\n]"
10:31:15.148 [main] DEBUG org.apache.hc.client5.http.wire -- http-outgoing-2 << "X-Fastly-Request-ID: 8b714166b7090d80d96b1e75b7d819c277a2eb01[\r][\n]"
10:31:15.148 [main] DEBUG org.apache.hc.client5.http.wire -- http-outgoing-2 << "[\r][\n]"
10:31:15.149 [main] DEBUG org.apache.hc.client5.http.headers -- http-outgoing-2 << HTTP/1.1 200 OK
10:31:15.149 [main] DEBUG org.apache.hc.client5.http.headers -- http-outgoing-2 << Connection: keep-alive
10:31:15.149 [main] DEBUG org.apache.hc.client5.http.headers -- http-outgoing-2 << Content-Length: 641
10:31:15.149 [main] DEBUG org.apache.hc.client5.http.headers -- http-outgoing-2 << Server: GitHub.com
10:31:15.149 [main] DEBUG org.apache.hc.client5.http.headers -- http-outgoing-2 << Content-Type: application/json; charset=utf-8
10:31:15.149 [main] DEBUG org.apache.hc.client5.http.headers -- http-outgoing-2 << permissions-policy: interest-cohort=()
10:31:15.150 [main] DEBUG org.apache.hc.client5.http.headers -- http-outgoing-2 << x-origin-cache: HIT
10:31:15.150 [main] DEBUG org.apache.hc.client5.http.headers -- http-outgoing-2 << Last-Modified: Thu, 28 Dec 2023 09:09:08 GMT
10:31:15.150 [main] DEBUG org.apache.hc.client5.http.headers -- http-outgoing-2 << Access-Control-Allow-Origin: *
10:31:15.150 [main] DEBUG org.apache.hc.client5.http.headers -- http-outgoing-2 << Strict-Transport-Security: max-age=31556952
10:31:15.150 [main] DEBUG org.apache.hc.client5.http.headers -- http-outgoing-2 << ETag: W/"658d3b34-22ac"
10:31:15.150 [main] DEBUG org.apache.hc.client5.http.headers -- http-outgoing-2 << expires: Thu, 28 Dec 2023 09:19:31 GMT
10:31:15.150 [main] DEBUG org.apache.hc.client5.http.headers -- http-outgoing-2 << Cache-Control: max-age=600
10:31:15.150 [main] DEBUG org.apache.hc.client5.http.headers -- http-outgoing-2 << Content-Encoding: gzip
10:31:15.150 [main] DEBUG org.apache.hc.client5.http.headers -- http-outgoing-2 << x-proxy-cache: HIT
10:31:15.150 [main] DEBUG org.apache.hc.client5.http.headers -- http-outgoing-2 << X-GitHub-Request-Id: AD28:2802F4:8D3D7B:90038F:658D3C18
10:31:15.150 [main] DEBUG org.apache.hc.client5.http.headers -- http-outgoing-2 << Accept-Ranges: bytes
10:31:15.150 [main] DEBUG org.apache.hc.client5.http.headers -- http-outgoing-2 << Date: Thu, 28 Dec 2023 09:31:16 GMT
10:31:15.151 [main] DEBUG org.apache.hc.client5.http.headers -- http-outgoing-2 << Via: 1.1 varnish
10:31:15.151 [main] DEBUG org.apache.hc.client5.http.headers -- http-outgoing-2 << Age: 435
10:31:15.151 [main] DEBUG org.apache.hc.client5.http.headers -- http-outgoing-2 << X-Served-By: cache-mad22069-MAD
10:31:15.151 [main] DEBUG org.apache.hc.client5.http.headers -- http-outgoing-2 << X-Cache: HIT
10:31:15.151 [main] DEBUG org.apache.hc.client5.http.headers -- http-outgoing-2 << X-Cache-Hits: 1
10:31:15.151 [main] DEBUG org.apache.hc.client5.http.headers -- http-outgoing-2 << X-Timer: S1703755877.629947,VS0,VE1
10:31:15.151 [main] DEBUG org.apache.hc.client5.http.headers -- http-outgoing-2 << Vary: Accept-Encoding
10:31:15.151 [main] DEBUG org.apache.hc.client5.http.headers -- http-outgoing-2 << X-Fastly-Request-ID: 8b714166b7090d80d96b1e75b7d819c277a2eb01
10:31:15.160 [main] DEBUG org.apache.hc.client5.http.impl.classic.MainClientExec -- ex-0000000003 connection can be kept alive for 3 MINUTES
10:31:15.288 [main] DEBUG org.apache.hc.client5.http.wire -- http-outgoing-2 << "[0x1f][0xffffff8b][0x8][0x0][0x0][0x0][0x0][0x0][0x0][0x3][0xffffffcd][0xffffff96][0xffffffcb][0xffffff92][0xffffff9b]0[0x10]E[0xfffffff7][0xfffffff9][0xc][0xffffffad]yI8[0xffffff80]Y&[0xfffffff3][0x7][0xffffff93]URY(F[0xffffffb1][0xffffffa9][0x12][0xffffffe0][0x2][0xffffff8d]'[0xffffff89][0xffffff8b][0x7f][0xffffff8f][0xc]2[0xffffffe6]!1+[0xffffffab]Ya[0x1a][0xffffffb9][0xfffffffb]B[0xffffff9d][0xffffffea]:W$[0xfffffff2][0xffffff82]5[0xffffff82][0x16]g[0xffffff94]"[0x12][0xffffff90][0xffffffd0][0xffffffc5][0xffffffc4]%[0xfffffff1]7[0xffffff82][0xffffffd3] I[0xffffffc3][0xffffffc4][0xb][0xffffff83][0xffffffe4];r[0xffffffd0][0xffffffe1]D[0xffffffcb][0xffffff92][0xfffffff1][0x6][0xffffffa5]W[0xfffffff4]*[0xffffffe8]/[0xffffffce]n[0xffffffbf]TU[0xfffffffe]U[0xffffffd5][0x1c]tau[0xffffff93]W[0xffffffa5],a[0x12]x[0xffffff81][0x17][0x5][0xfffffffb][0xffffffbd][0xffffff87][0xffffff83][0xffffffbd]|T[0xffffffb3]K><[0xffffffc3]q[0x18][0x11]Y[0xffffffcc][0xffffffaa][0xfffffff7][0xffffff92]W4k[0xfffffffa]~uU[0xffffffc8][0xffffffce]?[0xffffffae][0xffffffe8][0xffffffcc][0xffffffa9][0xfffffff8]][0xffffffd5][0xffffff85]<[0xffffffcc][0xfffffff3][0xfffffff2][0xffffffed]O[0xffffffb4][0xffffff93][0xffffff87][0xffffffdf][0xffffffea][0xffffffdb][0xffffffac][0xffffff93][0x10][0xffffffe7]&[0xfffffff5]}[0xffffff96][0x1d]Y[0xffffffc6][0xffffffbd][0xffffff82]y[0xffffffc7][0xffffff8b][0xffffffc0][0xffffffde][0xffffffa1]*T[0xffffffc9][0xffffffef][0xfffffffb][0xffffffa8][0xffffff8b]+[0xffffffdb][0xffffffb8]B[0xffffffbe]d^[0x1e][0xfffffffd]i(_[0xffffffb5][0xffffffbe][0xffffff9f]T[0xffffffb7][0xffffffde][0xffffffbf][0xfffffffc][0xffffff8c]Zg[0x12][0xffffffa2][0xffffffa0][0x7][0xffffff97][0xffffffd6][0xffffffc5]sb[0xc][0xffffffcd][0xffffffef]g[0xffffff87][0xffffff82])[0xffffffca][0xffffff93][0xffffffbe][0xffffff87]j=[0xffffff8e]a[0xfffffff8][0x1e][0xffffffef]y[0x19][0xffffff92]gD[0xffffffe8][0x1a][0xffffffdf][0xffffffcf]u7[0xffffff86][0xfffffff1][0xffffffcf][0xfffffff9][0x2]][0xffffffe3][0xffffffd1][0xfffffff8][0xfffffffb][0xffffffdb][0xffffffff]t[0x14][0xffffff9d]Y[0xffffff9d]K[0xffffffc6][0xffffffc1][0x18][0xffffffed][0xffffffc7]o[0xffffff86]T[0x15]g[0x1b][0xffffffbc][0xffffff8e][0xffffffc2]@R[0xffffffab]b[0xffffffc0][0xffffffb2][0xfffffffb][0x8][0xffffffb1] [0xffffffd8]=1[0xffffff9a]q[0xffffffd6]4nsb[0xffffff9c][0xffffff83][0xffffffa1]<[0xffffffcb][0xffffffb1][0x19][0xffffffa6][0xffffffe7][0xffffffb9][0xffffffb6][0x1][0xffffffb7].[0x15]$[0xffffffe5][0xfffffff3]<[0xffffffb0][0xffffffb8]k[0xffffffd2][0xc][0xffffffdc][0xffffffb7][0xffffffad][0xffffff83][0xffffffbe]0A[0xffffffa7][0xffffffc6][0xffffffd2]U[0xffffffa6][0xffffffbe][0xffffff82]o[0xffffffdd]q[0x14]{8[0xffffff9a][0xffffffeb]J[0x18][0xffffffe2] [0xffffff86][0xffffffd0][0xffffff95]Q&@[[0x19][0xffffffa7][0xffffff80][0xffffff94][0xffffff95]y[0xe][0xfffffffb][0xffffffae]2N`_Uf[0xffffffd3][0xffffffe1]M[0xffffffc5][0xffffff8c][0xffffffa7]}QY[0xffffff83][0xffffffd4][0xffffffbe][0xffffffa7][0xffffff98]Q[0xffffffb5][0xffffffab])&`mZ[0xffffff8a][0x9][0xffffffdb][0xffffffad]H[0xffffffca][0xffffffca][0xffffff92][0xffffff85]s[0xffffff94][0xffffffd5][0xffffff9d][0xb][0xffffffa7](++[0x18][0xffffffc6]P[0xffffff8c][0x1b][0x19]BP[0xffffff8c][0xb][0xfffffffa][0x3]?ya[0xffffff97][0xffffffa9][0xffffff9e][0xffffffdc][\n]"
10:31:15.289 [main] DEBUG org.apache.hc.client5.http.wire -- http-outgoing-2 << "S;!][0xffffffeb]D^[0x16]r[0x12][0xffffffc5][0xffffffbb][0x4]BN[0x1e][0xffffff91][0x0][0xffffffdd]d[0x14][0x2]RMf1[0xffffffec][0xffffff9b][0xffffffc9]([0xffffff80]}1[0xffffff99][0xe][0xffffff87][0xfffffff7][0x12]#[0xffffff99][0xfffffff6][0xffffffb5]d[0xffffff85]O[0xfffffffb]Vb[0xffffffa4][0xffffffd4][0xffffffae][0xffffff94][0x18]X[0xffffffb5][0xffffffe9]$[0x6]b[0xffffffb7][0xffffffa2]$[0xffffffe6][0xffffffd5][\n]"
10:31:15.290 [main] DEBUG org.apache.hc.client5.http.wire -- http-outgoing-2 << "g$k[0xffffff9b][0x16]NH[0xffffffcc][0xffffff8b][0x17][0xffffffc6]GL{[0x18]BGLk[0xfffffff9][0x3][0x1b][0xfffffff9]JKZ[0xffffffff][0xffffff9d][\n]"
10:31:15.290 [main] DEBUG org.apache.hc.client5.http.wire -- http-outgoing-2 << "[0xffffff89][0xffffffaa]i[0xffffff9c][0xffffff84]`[0xffffffbc]t[0xffffff92][0x1d][0xffffffc6][0xffffff9f]C0'[0xffffffe9]"A;I[0x1f][0x2][0xffffffdc]I[0x1e]1[0xffffff80][0xffffff9c][0xffffffa4][0xf][0x0][0xffffffe4]$[0xffffffc3][0xfffffff0][0xffffff8d]8[0xffffff89][0xffffff8e]L '[0xffffffd1][0xfffffff3][0x9][0xffffffe4]$:J[0x1][0xffffff9c]d[0xffffffc9][0xffffffaa]u'Y[0x12][0xffffffbb])'[0xffffffd1][0xffffffae]V`'1lZ`'[0xffffffd1].^@'[0xffffffd1][0xffffffec]a0'[0xffffffd1][0xffffffac][0xffffffe5]U'i[0xffffffdb]O[0xffffffff][0x1][0xffffffee][0xffffffde][0xffffffae][0xffffffb2][0xffffffac]"[0x0][0x0]"
10:31:15.390 [main] DEBUG org.apache.hc.client5.http.impl.classic.InternalHttpClient -- ep-0000000003 releasing valid endpoint
10:31:15.391 [main] DEBUG org.apache.hc.client5.http.impl.io.PoolingHttpClientConnectionManager -- ep-0000000003 releasing endpoint
10:31:15.391 [main] DEBUG org.apache.hc.client5.http.impl.io.PoolingHttpClientConnectionManager -- ep-0000000003 connection http-outgoing-2 can be kept alive for 3 MINUTES
10:31:15.391 [main] DEBUG org.apache.hc.client5.http.impl.io.PoolingHttpClientConnectionManager -- ep-0000000003 connection released [route: {s}->https://googlechromelabs.github.io:443][total available: 2; route allocated: 2 of 5; total allocated: 3 of 25]
10:31:15.482 [main] DEBUG io.github.bonigarcia.wdm.WebDriverManager -- Driver chromedriver 120.0.6099.109 found in cache
10:31:15.483 [main] INFO io.github.bonigarcia.wdm.WebDriverManager -- Exporting webdriver.chrome.driver as C:\Users\info\.cache\selenium\chromedriver\win64\120.0.6099.109\chromedriver.exe
10:31:31.143 [main] DEBUG io.github.bonigarcia.wdm.WebDriverManager -- Using WebDriverManager 5.6.2
10:31:31.189 [main] WARN io.github.bonigarcia.wdm.versions.VersionDetector -- Exception reading CfT URL ('null') to get version of chromedriver (For input string: "120.0.6099.63")
10:31:31.191 [main] DEBUG org.apache.hc.client5.http.impl.classic.InternalHttpClient -- ex-0000000004 preparing request execution
10:31:31.191 [main] DEBUG org.apache.hc.client5.http.impl.classic.ProtocolExec -- ex-0000000004 target auth state: UNCHALLENGED
10:31:31.191 [main] DEBUG org.apache.hc.client5.http.impl.classic.ProtocolExec -- ex-0000000004 proxy auth state: UNCHALLENGED
10:31:31.191 [main] DEBUG org.apache.hc.client5.http.impl.classic.ConnectExec -- ex-0000000004 acquiring connection with route {s}->https://googlechromelabs.github.io:443
10:31:31.191 [main] DEBUG org.apache.hc.client5.http.impl.classic.InternalHttpClient -- ex-0000000004 acquiring endpoint (3 MINUTES)
10:31:31.191 [main] DEBUG org.apache.hc.client5.http.impl.io.PoolingHttpClientConnectionManager -- ex-0000000004 endpoint lease request (3 MINUTES) [route: {s}->https://googlechromelabs.github.io:443][total available: 0; route allocated: 0 of 5; total allocated: 0 of 25]
10:31:31.191 [main] DEBUG org.apache.hc.client5.http.impl.io.PoolingHttpClientConnectionManager -- ex-0000000004 endpoint leased [route: {s}->https://googlechromelabs.github.io:443][total available: 0; route allocated: 1 of 5; total allocated: 1 of 25]
10:31:31.192 [main] DEBUG org.apache.hc.client5.http.impl.io.PoolingHttpClientConnectionManager -- ex-0000000004 acquired ep-0000000004
10:31:31.192 [main] DEBUG org.apache.hc.client5.http.impl.classic.InternalHttpClient -- ex-0000000004 acquired endpoint ep-0000000004
10:31:31.192 [main] DEBUG org.apache.hc.client5.http.impl.classic.ConnectExec -- ex-0000000004 opening connection {s}->https://googlechromelabs.github.io:443
10:31:31.192 [main] DEBUG org.apache.hc.client5.http.impl.classic.InternalHttpClient -- ep-0000000004 connecting endpoint (null)
10:31:31.192 [main] DEBUG org.apache.hc.client5.http.impl.io.PoolingHttpClientConnectionManager -- ep-0000000004 connecting endpoint to https://googlechromelabs.github.io:443 (30 SECONDS)
10:31:31.192 [main] DEBUG org.apache.hc.client5.http.impl.io.DefaultHttpClientConnectionOperator -- googlechromelabs.github.io resolving remote address
10:31:31.192 [main] DEBUG org.apache.hc.client5.http.impl.io.DefaultHttpClientConnectionOperator -- googlechromelabs.github.io resolved to [googlechromelabs.github.io/185.199.110.153, googlechromelabs.github.io/185.199.111.153, googlechromelabs.github.io/185.199.108.153, googlechromelabs.github.io/185.199.109.153]
10:31:31.193 [main] DEBUG org.apache.hc.client5.http.impl.io.DefaultHttpClientConnectionOperator -- googlechromelabs.github.io:443 connecting null->googlechromelabs.github.io/185.199.110.153:443 (30 SECONDS)
10:31:31.193 [main] DEBUG org.apache.hc.client5.http.ssl.SSLConnectionSocketFactory -- Connecting socket to googlechromelabs.github.io/185.199.110.153:443 with timeout 30 SECONDS
10:31:31.234 [main] DEBUG org.apache.hc.client5.http.ssl.SSLConnectionSocketFactory -- Enabled protocols: [TLSv1.3, TLSv1.2]
10:31:31.234 [main] DEBUG org.apache.hc.client5.http.ssl.SSLConnectionSocketFactory -- Enabled cipher suites: [TLS_AES_256_GCM_SHA384, TLS_AES_128_GCM_SHA256, TLS_CHACHA20_POLY1305_SHA256, TLS_ECDHE_ECDSA_WITH_AES_256_GCM_SHA384, TLS_ECDHE_ECDSA_WITH_AES_128_GCM_SHA256, TLS_ECDHE_ECDSA_WITH_CHACHA20_POLY1305_SHA256, TLS_ECDHE_RSA_WITH_AES_256_GCM_SHA384, TLS_ECDHE_RSA_WITH_CHACHA20_POLY1305_SHA256, TLS_ECDHE_RSA_WITH_AES_128_GCM_SHA256, TLS_DHE_RSA_WITH_AES_256_GCM_SHA384, TLS_DHE_RSA_WITH_CHACHA20_POLY1305_SHA256, TLS_DHE_DSS_WITH_AES_256_GCM_SHA384, TLS_DHE_RSA_WITH_AES_128_GCM_SHA256, TLS_DHE_DSS_WITH_AES_128_GCM_SHA256, TLS_ECDHE_ECDSA_WITH_AES_256_CBC_SHA384, TLS_ECDHE_RSA_WITH_AES_256_CBC_SHA384, TLS_ECDHE_ECDSA_WITH_AES_128_CBC_SHA256, TLS_ECDHE_RSA_WITH_AES_128_CBC_SHA256, TLS_DHE_RSA_WITH_AES_256_CBC_SHA256, TLS_DHE_DSS_WITH_AES_256_CBC_SHA256, TLS_DHE_RSA_WITH_AES_128_CBC_SHA256, TLS_DHE_DSS_WITH_AES_128_CBC_SHA256, TLS_ECDHE_ECDSA_WITH_AES_256_CBC_SHA, TLS_ECDHE_RSA_WITH_AES_256_CBC_SHA, TLS_ECDHE_ECDSA_WITH_AES_128_CBC_SHA, TLS_ECDHE_RSA_WITH_AES_128_CBC_SHA, TLS_DHE_RSA_WITH_AES_256_CBC_SHA, TLS_DHE_DSS_WITH_AES_256_CBC_SHA, TLS_DHE_RSA_WITH_AES_128_CBC_SHA, TLS_DHE_DSS_WITH_AES_128_CBC_SHA, TLS_RSA_WITH_AES_256_GCM_SHA384, TLS_RSA_WITH_AES_128_GCM_SHA256, TLS_RSA_WITH_AES_256_CBC_SHA256, TLS_RSA_WITH_AES_128_CBC_SHA256, TLS_RSA_WITH_AES_256_CBC_SHA, TLS_RSA_WITH_AES_128_CBC_SHA, TLS_EMPTY_RENEGOTIATION_INFO_SCSV]
10:31:31.234 [main] DEBUG org.apache.hc.client5.http.ssl.SSLConnectionSocketFactory -- Starting handshake (null)
10:31:31.293 [main] DEBUG org.apache.hc.client5.http.ssl.SSLConnectionSocketFactory -- Secure session established
10:31:31.294 [main] DEBUG org.apache.hc.client5.http.ssl.SSLConnectionSocketFactory --  negotiated protocol: TLSv1.3
10:31:31.294 [main] DEBUG org.apache.hc.client5.http.ssl.SSLConnectionSocketFactory --  negotiated cipher suite: TLS_AES_128_GCM_SHA256
10:31:31.294 [main] DEBUG org.apache.hc.client5.http.ssl.SSLConnectionSocketFactory --  peer principal: CN=*.github.io, O="GitHub, Inc.", L=San Francisco, ST=California, C=US
10:31:31.294 [main] DEBUG org.apache.hc.client5.http.ssl.SSLConnectionSocketFactory --  peer alternative names: [*.github.io, github.io, *.github.com, github.com, www.github.com, *.githubusercontent.com, githubusercontent.com]
10:31:31.294 [main] DEBUG org.apache.hc.client5.http.ssl.SSLConnectionSocketFactory --  issuer principal: CN=DigiCert TLS RSA SHA256 2020 CA1, O=DigiCert Inc, C=US
10:31:31.294 [main] DEBUG org.apache.hc.client5.http.impl.io.DefaultManagedHttpClientConnection -- http-outgoing-3 set socket timeout to 3 MINUTES
10:31:31.294 [main] DEBUG org.apache.hc.client5.http.impl.io.DefaultHttpClientConnectionOperator -- googlechromelabs.github.io:443 connected null->googlechromelabs.github.io/185.199.110.153:443 as http-outgoing-3
10:31:31.294 [main] DEBUG org.apache.hc.client5.http.impl.io.PoolingHttpClientConnectionManager -- ep-0000000004 connected http-outgoing-3
10:31:31.295 [main] DEBUG org.apache.hc.client5.http.impl.classic.InternalHttpClient -- ep-0000000004 endpoint connected
10:31:31.295 [main] DEBUG org.apache.hc.client5.http.impl.classic.MainClientExec -- ex-0000000004 executing GET /chrome-for-testing/LATEST_RELEASE_120.0.6099.63 HTTP/1.1
10:31:31.295 [main] DEBUG org.apache.hc.client5.http.protocol.RequestAddCookies -- ex-0000000004 Cookie spec selected: strict
10:31:31.295 [main] DEBUG org.apache.hc.client5.http.impl.classic.InternalHttpClient -- ep-0000000004 start execution ex-0000000004
10:31:31.295 [main] DEBUG org.apache.hc.client5.http.impl.io.PoolingHttpClientConnectionManager -- ep-0000000004 executing exchange ex-0000000004 over http-outgoing-3
10:31:31.295 [main] DEBUG org.apache.hc.client5.http.headers -- http-outgoing-3 >> GET /chrome-for-testing/LATEST_RELEASE_120.0.6099.63 HTTP/1.1
10:31:31.296 [main] DEBUG org.apache.hc.client5.http.headers -- http-outgoing-3 >> user-agent: Apache-HttpClient/5.0
10:31:31.296 [main] DEBUG org.apache.hc.client5.http.headers -- http-outgoing-3 >> accept-encoding: gzip, deflate, br
10:31:31.296 [main] DEBUG org.apache.hc.client5.http.headers -- http-outgoing-3 >> cache-control: max-age=0
10:31:31.296 [main] DEBUG org.apache.hc.client5.http.headers -- http-outgoing-3 >> connection: keep-alive
10:31:31.296 [main] DEBUG org.apache.hc.client5.http.headers -- http-outgoing-3 >> Host: googlechromelabs.github.io
10:31:31.296 [main] DEBUG org.apache.hc.client5.http.wire -- http-outgoing-3 >> "GET /chrome-for-testing/LATEST_RELEASE_120.0.6099.63 HTTP/1.1[\r][\n]"
10:31:31.296 [main] DEBUG org.apache.hc.client5.http.wire -- http-outgoing-3 >> "user-agent: Apache-HttpClient/5.0[\r][\n]"
10:31:31.296 [main] DEBUG org.apache.hc.client5.http.wire -- http-outgoing-3 >> "accept-encoding: gzip, deflate, br[\r][\n]"
10:31:31.296 [main] DEBUG org.apache.hc.client5.http.wire -- http-outgoing-3 >> "cache-control: max-age=0[\r][\n]"
10:31:31.296 [main] DEBUG org.apache.hc.client5.http.wire -- http-outgoing-3 >> "connection: keep-alive[\r][\n]"
10:31:31.296 [main] DEBUG org.apache.hc.client5.http.wire -- http-outgoing-3 >> "Host: googlechromelabs.github.io[\r][\n]"
10:31:31.296 [main] DEBUG org.apache.hc.client5.http.wire -- http-outgoing-3 >> "[\r][\n]"
10:31:31.336 [main] DEBUG org.apache.hc.client5.http.wire -- http-outgoing-3 << "HTTP/1.1 404 Not Found[\r][\n]"
10:31:31.337 [main] DEBUG org.apache.hc.client5.http.wire -- http-outgoing-3 << "Connection: keep-alive[\r][\n]"
10:31:31.337 [main] DEBUG org.apache.hc.client5.http.wire -- http-outgoing-3 << "Content-Length: 5254[\r][\n]"
10:31:31.337 [main] DEBUG org.apache.hc.client5.http.wire -- http-outgoing-3 << "Server: GitHub.com[\r][\n]"
10:31:31.337 [main] DEBUG org.apache.hc.client5.http.wire -- http-outgoing-3 << "Content-Type: text/html; charset=utf-8[\r][\n]"
10:31:31.337 [main] DEBUG org.apache.hc.client5.http.wire -- http-outgoing-3 << "permissions-policy: interest-cohort=()[\r][\n]"
10:31:31.337 [main] DEBUG org.apache.hc.client5.http.wire -- http-outgoing-3 << "x-origin-cache: HIT[\r][\n]"
10:31:31.337 [main] DEBUG org.apache.hc.client5.http.wire -- http-outgoing-3 << "Access-Control-Allow-Origin: *[\r][\n]"
10:31:31.337 [main] DEBUG org.apache.hc.client5.http.wire -- http-outgoing-3 << "Strict-Transport-Security: max-age=31556952[\r][\n]"
10:31:31.337 [main] DEBUG org.apache.hc.client5.http.wire -- http-outgoing-3 << "ETag: W/"64d39a40-24a3"[\r][\n]"
10:31:31.338 [main] DEBUG org.apache.hc.client5.http.wire -- http-outgoing-3 << "Content-Security-Policy: default-src 'none'; style-src 'unsafe-inline'; img-src data:; connect-src 'self'[\r][\n]"
10:31:31.338 [main] DEBUG org.apache.hc.client5.http.wire -- http-outgoing-3 << "Content-Encoding: gzip[\r][\n]"
10:31:31.338 [main] DEBUG org.apache.hc.client5.http.wire -- http-outgoing-3 << "x-proxy-cache: MISS[\r][\n]"
10:31:31.338 [main] DEBUG org.apache.hc.client5.http.wire -- http-outgoing-3 << "X-GitHub-Request-Id: D770:36888F:8DAD80:90719A:658D4063[\r][\n]"
10:31:31.338 [main] DEBUG org.apache.hc.client5.http.wire -- http-outgoing-3 << "Accept-Ranges: bytes[\r][\n]"
10:31:31.338 [main] DEBUG org.apache.hc.client5.http.wire -- http-outgoing-3 << "Date: Thu, 28 Dec 2023 09:31:32 GMT[\r][\n]"
10:31:31.338 [main] DEBUG org.apache.hc.client5.http.wire -- http-outgoing-3 << "Via: 1.1 varnish[\r][\n]"
10:31:31.338 [main] DEBUG org.apache.hc.client5.http.wire -- http-outgoing-3 << "Age: 17[\r][\n]"
10:31:31.338 [main] DEBUG org.apache.hc.client5.http.wire -- http-outgoing-3 << "X-Served-By: cache-mad22048-MAD[\r][\n]"
10:31:31.338 [main] DEBUG org.apache.hc.client5.http.wire -- http-outgoing-3 << "X-Cache: HIT[\r][\n]"
10:31:31.339 [main] DEBUG org.apache.hc.client5.http.wire -- http-outgoing-3 << "X-Cache-Hits: 1[\r][\n]"
10:31:31.339 [main] DEBUG org.apache.hc.client5.http.wire -- http-outgoing-3 << "X-Timer: S1703755893.824860,VS0,VE1[\r][\n]"
10:31:31.339 [main] DEBUG org.apache.hc.client5.http.wire -- http-outgoing-3 << "Vary: Accept-Encoding[\r][\n]"
10:31:31.339 [main] DEBUG org.apache.hc.client5.http.wire -- http-outgoing-3 << "X-Fastly-Request-ID: 149d57adb3e1f01bd6dd9891d19e1debf0ecb9e2[\r][\n]"
10:31:31.339 [main] DEBUG org.apache.hc.client5.http.wire -- http-outgoing-3 << "[\r][\n]"
10:31:31.340 [main] DEBUG org.apache.hc.client5.http.headers -- http-outgoing-3 << HTTP/1.1 404 Not Found
10:31:31.341 [main] DEBUG org.apache.hc.client5.http.headers -- http-outgoing-3 << Connection: keep-alive
10:31:31.341 [main] DEBUG org.apache.hc.client5.http.headers -- http-outgoing-3 << Content-Length: 5254
10:31:31.341 [main] DEBUG org.apache.hc.client5.http.headers -- http-outgoing-3 << Server: GitHub.com
10:31:31.341 [main] DEBUG org.apache.hc.client5.http.headers -- http-outgoing-3 << Content-Type: text/html; charset=utf-8
10:31:31.341 [main] DEBUG org.apache.hc.client5.http.headers -- http-outgoing-3 << permissions-policy: interest-cohort=()
10:31:31.341 [main] DEBUG org.apache.hc.client5.http.headers -- http-outgoing-3 << x-origin-cache: HIT
10:31:31.341 [main] DEBUG org.apache.hc.client5.http.headers -- http-outgoing-3 << Access-Control-Allow-Origin: *
10:31:31.342 [main] DEBUG org.apache.hc.client5.http.headers -- http-outgoing-3 << Strict-Transport-Security: max-age=31556952
10:31:31.342 [main] DEBUG org.apache.hc.client5.http.headers -- http-outgoing-3 << ETag: W/"64d39a40-24a3"
10:31:31.342 [main] DEBUG org.apache.hc.client5.http.headers -- http-outgoing-3 << Content-Security-Policy: default-src 'none'; style-src 'unsafe-inline'; img-src data:; connect-src 'self'
10:31:31.342 [main] DEBUG org.apache.hc.client5.http.headers -- http-outgoing-3 << Content-Encoding: gzip
10:31:31.342 [main] DEBUG org.apache.hc.client5.http.headers -- http-outgoing-3 << x-proxy-cache: MISS
10:31:31.342 [main] DEBUG org.apache.hc.client5.http.headers -- http-outgoing-3 << X-GitHub-Request-Id: D770:36888F:8DAD80:90719A:658D4063
10:31:31.342 [main] DEBUG org.apache.hc.client5.http.headers -- http-outgoing-3 << Accept-Ranges: bytes
10:31:31.342 [main] DEBUG org.apache.hc.client5.http.headers -- http-outgoing-3 << Date: Thu, 28 Dec 2023 09:31:32 GMT
10:31:31.342 [main] DEBUG org.apache.hc.client5.http.headers -- http-outgoing-3 << Via: 1.1 varnish
10:31:31.342 [main] DEBUG org.apache.hc.client5.http.headers -- http-outgoing-3 << Age: 17
10:31:31.342 [main] DEBUG org.apache.hc.client5.http.headers -- http-outgoing-3 << X-Served-By: cache-mad22048-MAD
10:31:31.342 [main] DEBUG org.apache.hc.client5.http.headers -- http-outgoing-3 << X-Cache: HIT
10:31:31.343 [main] DEBUG org.apache.hc.client5.http.headers -- http-outgoing-3 << X-Cache-Hits: 1
10:31:31.343 [main] DEBUG org.apache.hc.client5.http.headers -- http-outgoing-3 << X-Timer: S1703755893.824860,VS0,VE1
10:31:31.343 [main] DEBUG org.apache.hc.client5.http.headers -- http-outgoing-3 << Vary: Accept-Encoding
10:31:31.343 [main] DEBUG org.apache.hc.client5.http.headers -- http-outgoing-3 << X-Fastly-Request-ID: 149d57adb3e1f01bd6dd9891d19e1debf0ecb9e2
10:31:31.343 [main] DEBUG org.apache.hc.client5.http.impl.classic.MainClientExec -- ex-0000000004 connection can be kept alive for 3 MINUTES
10:31:31.343 [main] ERROR io.github.bonigarcia.wdm.online.HttpClient -- Error HTTP 404 executing https://googlechromelabs.github.io/chrome-for-testing/LATEST_RELEASE_120.0.6099.63
10:31:31.344 [main] WARN io.github.bonigarcia.wdm.versions.VersionDetector -- Exception reading https://googlechromelabs.github.io/chrome-for-testing/LATEST_RELEASE_120.0.6099.63 to get latest version of chromedriver (Error HTTP 404 executing https://googlechromelabs.github.io/chrome-for-testing/LATEST_RELEASE_120.0.6099.63)
10:31:31.344 [main] DEBUG io.github.bonigarcia.wdm.versions.VersionDetector -- Getting driver version for chrome120.0.6099.63 from online versions.properties
10:31:31.346 [main] DEBUG org.apache.hc.client5.http.impl.classic.InternalHttpClient -- ex-0000000005 preparing request execution
10:31:31.346 [main] DEBUG org.apache.hc.client5.http.impl.classic.ProtocolExec -- ex-0000000005 target auth state: UNCHALLENGED
10:31:31.346 [main] DEBUG org.apache.hc.client5.http.impl.classic.ProtocolExec -- ex-0000000005 proxy auth state: UNCHALLENGED
10:31:31.347 [main] DEBUG org.apache.hc.client5.http.impl.classic.ConnectExec -- ex-0000000005 acquiring connection with route {s}->https://raw.githubusercontent.com:443
10:31:31.347 [main] DEBUG org.apache.hc.client5.http.impl.classic.InternalHttpClient -- ex-0000000005 acquiring endpoint (3 MINUTES)
10:31:31.347 [main] DEBUG org.apache.hc.client5.http.impl.io.PoolingHttpClientConnectionManager -- ex-0000000005 endpoint lease request (3 MINUTES) [route: {s}->https://raw.githubusercontent.com:443][total available: 0; route allocated: 0 of 5; total allocated: 1 of 25]
10:31:31.347 [main] DEBUG org.apache.hc.client5.http.impl.io.PoolingHttpClientConnectionManager -- ex-0000000005 endpoint leased [route: {s}->https://raw.githubusercontent.com:443][total available: 0; route allocated: 1 of 5; total allocated: 2 of 25]
10:31:31.348 [main] DEBUG org.apache.hc.client5.http.impl.io.PoolingHttpClientConnectionManager -- ex-0000000005 acquired ep-0000000005
10:31:31.348 [main] DEBUG org.apache.hc.client5.http.impl.classic.InternalHttpClient -- ex-0000000005 acquired endpoint ep-0000000005
10:31:31.348 [main] DEBUG org.apache.hc.client5.http.impl.classic.ConnectExec -- ex-0000000005 opening connection {s}->https://raw.githubusercontent.com:443
10:31:31.348 [main] DEBUG org.apache.hc.client5.http.impl.classic.InternalHttpClient -- ep-0000000005 connecting endpoint (null)
10:31:31.348 [main] DEBUG org.apache.hc.client5.http.impl.io.PoolingHttpClientConnectionManager -- ep-0000000005 connecting endpoint to https://raw.githubusercontent.com:443 (30 SECONDS)
10:31:31.348 [main] DEBUG org.apache.hc.client5.http.impl.io.DefaultHttpClientConnectionOperator -- raw.githubusercontent.com resolving remote address
10:31:31.348 [main] DEBUG org.apache.hc.client5.http.impl.io.DefaultHttpClientConnectionOperator -- raw.githubusercontent.com resolved to [raw.githubusercontent.com/185.199.109.133, raw.githubusercontent.com/185.199.110.133, raw.githubusercontent.com/185.199.108.133, raw.githubusercontent.com/185.199.111.133]
10:31:31.348 [main] DEBUG org.apache.hc.client5.http.impl.io.DefaultHttpClientConnectionOperator -- raw.githubusercontent.com:443 connecting null->raw.githubusercontent.com/185.199.109.133:443 (30 SECONDS)
10:31:31.348 [main] DEBUG org.apache.hc.client5.http.ssl.SSLConnectionSocketFactory -- Connecting socket to raw.githubusercontent.com/185.199.109.133:443 with timeout 30 SECONDS
10:31:31.391 [main] DEBUG org.apache.hc.client5.http.ssl.SSLConnectionSocketFactory -- Enabled protocols: [TLSv1.3, TLSv1.2]
10:31:31.391 [main] DEBUG org.apache.hc.client5.http.ssl.SSLConnectionSocketFactory -- Enabled cipher suites: [TLS_AES_256_GCM_SHA384, TLS_AES_128_GCM_SHA256, TLS_CHACHA20_POLY1305_SHA256, TLS_ECDHE_ECDSA_WITH_AES_256_GCM_SHA384, TLS_ECDHE_ECDSA_WITH_AES_128_GCM_SHA256, TLS_ECDHE_ECDSA_WITH_CHACHA20_POLY1305_SHA256, TLS_ECDHE_RSA_WITH_AES_256_GCM_SHA384, TLS_ECDHE_RSA_WITH_CHACHA20_POLY1305_SHA256, TLS_ECDHE_RSA_WITH_AES_128_GCM_SHA256, TLS_DHE_RSA_WITH_AES_256_GCM_SHA384, TLS_DHE_RSA_WITH_CHACHA20_POLY1305_SHA256, TLS_DHE_DSS_WITH_AES_256_GCM_SHA384, TLS_DHE_RSA_WITH_AES_128_GCM_SHA256, TLS_DHE_DSS_WITH_AES_128_GCM_SHA256, TLS_ECDHE_ECDSA_WITH_AES_256_CBC_SHA384, TLS_ECDHE_RSA_WITH_AES_256_CBC_SHA384, TLS_ECDHE_ECDSA_WITH_AES_128_CBC_SHA256, TLS_ECDHE_RSA_WITH_AES_128_CBC_SHA256, TLS_DHE_RSA_WITH_AES_256_CBC_SHA256, TLS_DHE_DSS_WITH_AES_256_CBC_SHA256, TLS_DHE_RSA_WITH_AES_128_CBC_SHA256, TLS_DHE_DSS_WITH_AES_128_CBC_SHA256, TLS_ECDHE_ECDSA_WITH_AES_256_CBC_SHA, TLS_ECDHE_RSA_WITH_AES_256_CBC_SHA, TLS_ECDHE_ECDSA_WITH_AES_128_CBC_SHA, TLS_ECDHE_RSA_WITH_AES_128_CBC_SHA, TLS_DHE_RSA_WITH_AES_256_CBC_SHA, TLS_DHE_DSS_WITH_AES_256_CBC_SHA, TLS_DHE_RSA_WITH_AES_128_CBC_SHA, TLS_DHE_DSS_WITH_AES_128_CBC_SHA, TLS_RSA_WITH_AES_256_GCM_SHA384, TLS_RSA_WITH_AES_128_GCM_SHA256, TLS_RSA_WITH_AES_256_CBC_SHA256, TLS_RSA_WITH_AES_128_CBC_SHA256, TLS_RSA_WITH_AES_256_CBC_SHA, TLS_RSA_WITH_AES_128_CBC_SHA, TLS_EMPTY_RENEGOTIATION_INFO_SCSV]
10:31:31.391 [main] DEBUG org.apache.hc.client5.http.ssl.SSLConnectionSocketFactory -- Starting handshake (null)
10:31:31.448 [main] DEBUG org.apache.hc.client5.http.ssl.SSLConnectionSocketFactory -- Secure session established
10:31:31.448 [main] DEBUG org.apache.hc.client5.http.ssl.SSLConnectionSocketFactory --  negotiated protocol: TLSv1.3
10:31:31.448 [main] DEBUG org.apache.hc.client5.http.ssl.SSLConnectionSocketFactory --  negotiated cipher suite: TLS_AES_128_GCM_SHA256
10:31:31.449 [main] DEBUG org.apache.hc.client5.http.ssl.SSLConnectionSocketFactory --  peer principal: CN=*.github.io, O="GitHub, Inc.", L=San Francisco, ST=California, C=US
10:31:31.449 [main] DEBUG org.apache.hc.client5.http.ssl.SSLConnectionSocketFactory --  peer alternative names: [*.github.io, github.io, *.github.com, github.com, www.github.com, *.githubusercontent.com, githubusercontent.com]
10:31:31.449 [main] DEBUG org.apache.hc.client5.http.ssl.SSLConnectionSocketFactory --  issuer principal: CN=DigiCert TLS RSA SHA256 2020 CA1, O=DigiCert Inc, C=US
10:31:31.449 [main] DEBUG org.apache.hc.client5.http.impl.io.DefaultManagedHttpClientConnection -- http-outgoing-4 set socket timeout to 3 MINUTES
10:31:31.449 [main] DEBUG org.apache.hc.client5.http.impl.io.DefaultHttpClientConnectionOperator -- raw.githubusercontent.com:443 connected null->raw.githubusercontent.com/185.199.109.133:443 as http-outgoing-4
10:31:31.449 [main] DEBUG org.apache.hc.client5.http.impl.io.PoolingHttpClientConnectionManager -- ep-0000000005 connected http-outgoing-4
10:31:31.449 [main] DEBUG org.apache.hc.client5.http.impl.classic.InternalHttpClient -- ep-0000000005 endpoint connected
10:31:31.449 [main] DEBUG org.apache.hc.client5.http.impl.classic.MainClientExec -- ex-0000000005 executing GET /bonigarcia/webdrivermanager/master/src/main/resources/versions.properties HTTP/1.1
10:31:31.449 [main] DEBUG org.apache.hc.client5.http.protocol.RequestAddCookies -- ex-0000000005 Cookie spec selected: strict
10:31:31.450 [main] DEBUG org.apache.hc.client5.http.impl.classic.InternalHttpClient -- ep-0000000005 start execution ex-0000000005
10:31:31.450 [main] DEBUG org.apache.hc.client5.http.impl.io.PoolingHttpClientConnectionManager -- ep-0000000005 executing exchange ex-0000000005 over http-outgoing-4
10:31:31.450 [main] DEBUG org.apache.hc.client5.http.headers -- http-outgoing-4 >> GET /bonigarcia/webdrivermanager/master/src/main/resources/versions.properties HTTP/1.1
10:31:31.450 [main] DEBUG org.apache.hc.client5.http.headers -- http-outgoing-4 >> user-agent: Apache-HttpClient/5.0
10:31:31.450 [main] DEBUG org.apache.hc.client5.http.headers -- http-outgoing-4 >> accept-encoding: gzip, deflate, br
10:31:31.450 [main] DEBUG org.apache.hc.client5.http.headers -- http-outgoing-4 >> cache-control: max-age=0
10:31:31.450 [main] DEBUG org.apache.hc.client5.http.headers -- http-outgoing-4 >> connection: keep-alive
10:31:31.450 [main] DEBUG org.apache.hc.client5.http.headers -- http-outgoing-4 >> Host: raw.githubusercontent.com
10:31:31.450 [main] DEBUG org.apache.hc.client5.http.wire -- http-outgoing-4 >> "GET /bonigarcia/webdrivermanager/master/src/main/resources/versions.properties HTTP/1.1[\r][\n]"
10:31:31.451 [main] DEBUG org.apache.hc.client5.http.wire -- http-outgoing-4 >> "user-agent: Apache-HttpClient/5.0[\r][\n]"
10:31:31.451 [main] DEBUG org.apache.hc.client5.http.wire -- http-outgoing-4 >> "accept-encoding: gzip, deflate, br[\r][\n]"
10:31:31.451 [main] DEBUG org.apache.hc.client5.http.wire -- http-outgoing-4 >> "cache-control: max-age=0[\r][\n]"
10:31:31.451 [main] DEBUG org.apache.hc.client5.http.wire -- http-outgoing-4 >> "connection: keep-alive[\r][\n]"
10:31:31.451 [main] DEBUG org.apache.hc.client5.http.wire -- http-outgoing-4 >> "Host: raw.githubusercontent.com[\r][\n]"
10:31:31.451 [main] DEBUG org.apache.hc.client5.http.wire -- http-outgoing-4 >> "[\r][\n]"
10:31:31.489 [main] DEBUG org.apache.hc.client5.http.wire -- http-outgoing-4 << "HTTP/1.1 200 OK[\r][\n]"
10:31:31.489 [main] DEBUG org.apache.hc.client5.http.wire -- http-outgoing-4 << "Connection: keep-alive[\r][\n]"
10:31:31.489 [main] DEBUG org.apache.hc.client5.http.wire -- http-outgoing-4 << "Content-Length: 1653[\r][\n]"
10:31:31.489 [main] DEBUG org.apache.hc.client5.http.wire -- http-outgoing-4 << "Cache-Control: max-age=300[\r][\n]"
10:31:31.489 [main] DEBUG org.apache.hc.client5.http.wire -- http-outgoing-4 << "Content-Security-Policy: default-src 'none'; style-src 'unsafe-inline'; sandbox[\r][\n]"
10:31:31.489 [main] DEBUG org.apache.hc.client5.http.wire -- http-outgoing-4 << "Content-Type: text/plain; charset=utf-8[\r][\n]"
10:31:31.489 [main] DEBUG org.apache.hc.client5.http.wire -- http-outgoing-4 << "ETag: W/"de56f96e4580ae55450ed6a794662cbdb2b39827f9709095aa3e1e7f6914629d"[\r][\n]"
10:31:31.489 [main] DEBUG org.apache.hc.client5.http.wire -- http-outgoing-4 << "Strict-Transport-Security: max-age=31536000[\r][\n]"
10:31:31.490 [main] DEBUG org.apache.hc.client5.http.wire -- http-outgoing-4 << "X-Content-Type-Options: nosniff[\r][\n]"
10:31:31.490 [main] DEBUG org.apache.hc.client5.http.wire -- http-outgoing-4 << "X-Frame-Options: deny[\r][\n]"
10:31:31.490 [main] DEBUG org.apache.hc.client5.http.wire -- http-outgoing-4 << "X-XSS-Protection: 1; mode=block[\r][\n]"
10:31:31.490 [main] DEBUG org.apache.hc.client5.http.wire -- http-outgoing-4 << "X-GitHub-Request-Id: D5BE:3DFCCC:2516CE:27975C:658D16A0[\r][\n]"
10:31:31.490 [main] DEBUG org.apache.hc.client5.http.wire -- http-outgoing-4 << "Content-Encoding: gzip[\r][\n]"
10:31:31.490 [main] DEBUG org.apache.hc.client5.http.wire -- http-outgoing-4 << "Accept-Ranges: bytes[\r][\n]"
10:31:31.490 [main] DEBUG org.apache.hc.client5.http.wire -- http-outgoing-4 << "Date: Thu, 28 Dec 2023 09:31:32 GMT[\r][\n]"
10:31:31.490 [main] DEBUG org.apache.hc.client5.http.wire -- http-outgoing-4 << "Via: 1.1 varnish[\r][\n]"
10:31:31.490 [main] DEBUG org.apache.hc.client5.http.wire -- http-outgoing-4 << "X-Served-By: cache-mad2200123-MAD[\r][\n]"
10:31:31.490 [main] DEBUG org.apache.hc.client5.http.wire -- http-outgoing-4 << "X-Cache: HIT[\r][\n]"
10:31:31.490 [main] DEBUG org.apache.hc.client5.http.wire -- http-outgoing-4 << "X-Cache-Hits: 1[\r][\n]"
10:31:31.490 [main] DEBUG org.apache.hc.client5.http.wire -- http-outgoing-4 << "X-Timer: S1703755893.980768,VS0,VE1[\r][\n]"
10:31:31.491 [main] DEBUG org.apache.hc.client5.http.wire -- http-outgoing-4 << "Vary: Authorization,Accept-Encoding,Origin[\r][\n]"
10:31:31.491 [main] DEBUG org.apache.hc.client5.http.wire -- http-outgoing-4 << "Access-Control-Allow-Origin: *[\r][\n]"
10:31:31.491 [main] DEBUG org.apache.hc.client5.http.wire -- http-outgoing-4 << "Cross-Origin-Resource-Policy: cross-origin[\r][\n]"
10:31:31.491 [main] DEBUG org.apache.hc.client5.http.wire -- http-outgoing-4 << "X-Fastly-Request-ID: 8a61e096887edd71787682f2789c1d5a809eb4cf[\r][\n]"
10:31:31.491 [main] DEBUG org.apache.hc.client5.http.wire -- http-outgoing-4 << "Expires: Thu, 28 Dec 2023 09:36:32 GMT[\r][\n]"
10:31:31.491 [main] DEBUG org.apache.hc.client5.http.wire -- http-outgoing-4 << "Source-Age: 17[\r][\n]"
10:31:31.491 [main] DEBUG org.apache.hc.client5.http.wire -- http-outgoing-4 << "[\r][\n]"
10:31:31.492 [main] DEBUG org.apache.hc.client5.http.headers -- http-outgoing-4 << HTTP/1.1 200 OK
10:31:31.493 [main] DEBUG org.apache.hc.client5.http.headers -- http-outgoing-4 << Connection: keep-alive
10:31:31.493 [main] DEBUG org.apache.hc.client5.http.headers -- http-outgoing-4 << Content-Length: 1653
10:31:31.493 [main] DEBUG org.apache.hc.client5.http.headers -- http-outgoing-4 << Cache-Control: max-age=300
10:31:31.493 [main] DEBUG org.apache.hc.client5.http.headers -- http-outgoing-4 << Content-Security-Policy: default-src 'none'; style-src 'unsafe-inline'; sandbox
10:31:31.493 [main] DEBUG org.apache.hc.client5.http.headers -- http-outgoing-4 << Content-Type: text/plain; charset=utf-8
10:31:31.493 [main] DEBUG org.apache.hc.client5.http.headers -- http-outgoing-4 << ETag: W/"de56f96e4580ae55450ed6a794662cbdb2b39827f9709095aa3e1e7f6914629d"
10:31:31.493 [main] DEBUG org.apache.hc.client5.http.headers -- http-outgoing-4 << Strict-Transport-Security: max-age=31536000
10:31:31.493 [main] DEBUG org.apache.hc.client5.http.headers -- http-outgoing-4 << X-Content-Type-Options: nosniff
10:31:31.493 [main] DEBUG org.apache.hc.client5.http.headers -- http-outgoing-4 << X-Frame-Options: deny
10:31:31.493 [main] DEBUG org.apache.hc.client5.http.headers -- http-outgoing-4 << X-XSS-Protection: 1; mode=block
10:31:31.493 [main] DEBUG org.apache.hc.client5.http.headers -- http-outgoing-4 << X-GitHub-Request-Id: D5BE:3DFCCC:2516CE:27975C:658D16A0
10:31:31.493 [main] DEBUG org.apache.hc.client5.http.headers -- http-outgoing-4 << Content-Encoding: gzip
10:31:31.493 [main] DEBUG org.apache.hc.client5.http.headers -- http-outgoing-4 << Accept-Ranges: bytes
10:31:31.493 [main] DEBUG org.apache.hc.client5.http.headers -- http-outgoing-4 << Date: Thu, 28 Dec 2023 09:31:32 GMT
10:31:31.493 [main] DEBUG org.apache.hc.client5.http.headers -- http-outgoing-4 << Via: 1.1 varnish
10:31:31.493 [main] DEBUG org.apache.hc.client5.http.headers -- http-outgoing-4 << X-Served-By: cache-mad2200123-MAD
10:31:31.493 [main] DEBUG org.apache.hc.client5.http.headers -- http-outgoing-4 << X-Cache: HIT
10:31:31.493 [main] DEBUG org.apache.hc.client5.http.headers -- http-outgoing-4 << X-Cache-Hits: 1
10:31:31.493 [main] DEBUG org.apache.hc.client5.http.headers -- http-outgoing-4 << X-Timer: S1703755893.980768,VS0,VE1
10:31:31.493 [main] DEBUG org.apache.hc.client5.http.headers -- http-outgoing-4 << Vary: Authorization,Accept-Encoding,Origin
10:31:31.493 [main] DEBUG org.apache.hc.client5.http.headers -- http-outgoing-4 << Access-Control-Allow-Origin: *
10:31:31.493 [main] DEBUG org.apache.hc.client5.http.headers -- http-outgoing-4 << Cross-Origin-Resource-Policy: cross-origin
10:31:31.494 [main] DEBUG org.apache.hc.client5.http.headers -- http-outgoing-4 << X-Fastly-Request-ID: 8a61e096887edd71787682f2789c1d5a809eb4cf
10:31:31.494 [main] DEBUG org.apache.hc.client5.http.headers -- http-outgoing-4 << Expires: Thu, 28 Dec 2023 09:36:32 GMT
10:31:31.494 [main] DEBUG org.apache.hc.client5.http.headers -- http-outgoing-4 << Source-Age: 17
10:31:31.495 [main] DEBUG org.apache.hc.client5.http.impl.classic.MainClientExec -- ex-0000000005 connection can be kept alive for 3 MINUTES
10:31:31.496 [main] DEBUG org.apache.hc.client5.http.wire -- http-outgoing-4 << "[0x1f][0xffffff8b][0x8][0x0][0x0][0x0][0x0][0x0][0x0][0x3][0xffffff8d][0xffffff97]Mo[0xffffffe3]6[0x10][0xffffff86][0xffffffef][0xfffffff9][0x15][0x2]z[0xffffff8e][0xffffffcc][0xffffffcf]![0x19][0xffffff80][0xffffff97]~[0xffffff9e][0xffffff8a][0x1e][0xffffffda]?[0xffffffe0][0xffffffb5][0xffffff95]DX[0xffffffc7][\n]"
10:31:31.496 [main] DEBUG org.apache.hc.client5.http.wire -- http-outgoing-4 << "lg[0xffffffb3][0xffffffe8][0xffffffaf][0xffffffef][0xc][0xffffffc9][0xffffffa1]h[0xffffffaa][0x5]z[0x8]v[0xffffffe7][0xffffffb1]D[0xffffffce][0xffffff90][0xffffffd4][0xffffffcb]w~[0x18][0xfffffffe]z[0xffffff9d][0xffffffaf][0xffffffc3][0xfffffff3]|[0xffffff9a][0xffffff86][0xffffffc3]r[0xffffffbe][0xffffffed][0xffffffe7][0xfffffff3]u[0xffffffb8][0xffffffbd]N[0xffffffc3][0xffffffd7][0xfffffff3][0xfffffff2]y[0x1e][0xffffff8e][0xffffff97][0xfffffff9][0xffffffdb]t[0x19][0xfffffff0][0xffffffef]:/[0xfffffff8][0xffffffcb]ay{[0xffffffdf][0xffffffdf][0xffffffe6]/[0xfffffff8][0xfffffff4][0xffffffe7]|{MO[0x1e][0xffffff96][0xffffffcb]e[0xffffffba][0xffffffbe]/[0xffffffe7][0xffffffe3]|~[0x19][0xffffffbe]\[0xffffff96][0xffffffcf][0xffffffeb][0xfffffffa][0xffffffca][0xffffffc3][0xffffffc3][0xf][0xffffffc3][0xffffff8f][0x19]=[\r][0xffffffbf]-[0xffffffcb][0xb][0xffffffbe][0xfffffff9][0xffffffd3][0xffffffeb]ey[0xffffff9b][0xffffff86][0xfffffffd][0xfffffff9][0xffffff98][0xffffffff];[0x7f][0xffffffbc][\r][0xffffff8f][0xffffffc3][0xffffffcf]i[0xffffffaa][0xffffffa7][0xffffffe1][0xffffff90]~[0xffffffcd][0x13][0xffffffe3][0xffffffcb][0x7f].[0x1f][0xffffff97][0xffffffc3][0xfffffff4]4[0xffffffbc][0xffffffde]n[0xffffffef]O[0xffffffbb]][0xfffffffb][0xffffffeb]x(o[0xffffff8f][0xffffffcb][0xffffffe5]ew[0xffffffc4]|O[0xffffffcb][0xfffffffe]x}[0xffffffc8][0xffffffcf]Hi"[0xfffffffe][0xffffff8d]b[0xffffffb4]N[0xffffffdb]1[0xffffff88][0xffffffca]5rM[0x1c][0xffffff9c][0x1a]AW[0xffffffae][0xffffff90][0xffffffab][0xffffffc4][0xffffffa5][0x1d]M[0xffffffa8]\"[0xffffff97][0xffffffc4]-[0xffffffe8][0x11]L[0xffffffe5][0x2][0xffffffb9] n[0xffffffbc][0x1c][0xffffff9d]c.B[0xffffffc4][0xffffffbf][0xffffffc4]qzW[0xffffff9f][0x17][0x1e][0xffffffb9]'[0xffffffae]m[0x18][0xffffff9d][0xffffffac][0xffffffdc]!w[0xffffff89][0xb]3[0xffffff82][0xffffffaa][0x1c][0xffffff90][0x3]qe[0xffffffc2][0x8][0xffffffeb][0xfffffff3][0x16][0xffffffb9]%.[0xffffff83][0xffffffc5][0x1f]+[0xffffffc7]zE[0xffffffaa][0xffffff97][0xffffffca]p5[0x7f][0xffffff81][0xfffffff5][0xffffff8a]T[0xffffffaf][0x0]1J[0xffffffbd]&[0xffffff84][0x5][0xffffff8b]T[0xffffffb0][0xffffffc0][0xfffffff1][0xffffff9a][0x9][0xffffffb0]`A[0x5][0xffffff9b]`[0xffffffe5]hV[0xffffff8e][0x5][0xb]*[0xffffffd8][0xfffffff8][0x0]#[0xfffffff0][0xffffff82][0xffffff86][0x10]CH[0xffffffd4][0x18][0xffffff9c][0xffffff9b][0xffffffa9][0xffffff8f][0xffffff81][0xffffff8a]5[0xffffffce][0xfffffffa][0x11][0xffffffa7]a[0xffffffec]b[0xffffffa0]Z[\r][0x4][0xffffffb5][0xffffffae]A[0xffffff80][0x18] Q0[0xffffffa3][0xffffffb1]Lm[0xc]6Q[0xffffffed]G[0xffffffe0]z[0xffffff82][0xffffff89][0xffffffc1]$[0xffffff8a][0xffffff8b][0xffffff83][0x1b][0xffffffc9]X[0xffffffc7]@E[0x1a][0xffffffeb][0xffffffdc][0xffffffba][0xffffffa9]A[0xffffffc5][0xffffffa0][0x12][0xffffffc5]-[0xffffffc5]Uf,cH[0x5][0x1a]<[0x1]X+c[0x11]C[0xffffffaa][0xffffffcf]h1*^'[0x1f][0xffffffa2]O[0xfffffff5]i[0xfffffffc]G[0xfffffff1][0xffffffc8][0xffffffde]G[0xffffff9f][0xffffffea][0xffffffd3][0xffffffca][0xffffff8c][0x1][0xffffff98][0xffffffba][0xffffffe8]Sy[0xffffffca][0xffffff8b][0xffffffd1]{[0xffffffa6][0x10]}*O[0x19][0x1c][0xffffff97][0xffffff97][0xffffffc2][0xffffffdb][0xffffffe8]Sy[0xffffffd2][0xffffffeb][0xffffffd1]sj[0xffffffde]D[0xffffff9f][0xffffffca][0xffffff93][0xffffffc6][0xffffff8d][0xffffff9a][0xffffffd7][0xffffffd8][0xffffffeb][0xffffffe8]Su[0xffffffb4][0xffffff93][0xffffff9a][0xffffff97][0xffffffc2][0xffffffcb][0xffffffe8]S[0x19][0x2]W^[0xffffffea]:[0xffffff9d][0xffffff88][0xffffff9e][0xffffffca][0xffffffd0][0x1]s[0xffffffc1]#T[0xffffffb0][0xb][0xffffffd1][0xffffff85][0xffffff84][0xffffff8d][0x1d]u[0xffffffa5]>:[0xffffff9f]([0xffffff9e][0x1d]<W[0xffffff8c]]tT[0xffffff88][0xfffffff6][0xffffff80][0xffffffdf][0x2][0xffffffa7][0xffffffe1] :H[0x14][0xf][0xffffffb8]Tu[0xc][0x1b][0x1d]U[0xffffffa2][0xffffff9d][0xffffffc3][0x3][0xffffffb6]>m[0xffffffa2]3[0x9]+<[0xffffffbf][0xc]utT[0xffffff89][0x6],[0x8]8e[0xffffffa7][0xffffffa2][0xffffffc2][0x1d][0xffffffe5]H[0xffffffde]E[0xffffff82]"N[0xc][0x2]E[0xffffffbc]7[0xffffffe0])[0xffffffe2][0x15][0x5]G[0x11][0xffffffef]&[0x0]E[0xffffff9c][0xc]X[0xffffff8c][0xffffffea][0x12][0xffffff81][0xffffffa1][0xffffff88][0xffffffd7][0x1c]4E<[0x1f]P.[0xffffffba][0xffffffce]G[0xffffffb9][0xffffffd4]o[0x6]([0x17][0xffffffad][0xffffffef]T[0xffffffed][0xfffffff7][0xffffffe5][0xffffffef][0xfffffff9]t[0xffffffda][0xf][0xffffffbf][0xffffffce][0xffffff97][0xffffffe9]y[0xfffffff9][0xffffffde]H[0xffffffd9][0xffffffcb]t[0xfffffff8][0xffffffba][0xfffffffc][0xffffffab][0xffffff92]]Q[0xffffffca]^P@?[0xffffffbe][0xffffff8c]([0xffffffa9][0xffffffbb][0xffffffb7]<[0xffffffc4][0xffffffae]yaw[0xffffff99]N[0xffffffd3][0xfffffffe]:][0x1f][0xffffff9e][0xfffffff3][0xffffffb8]R[0xffffff89][0xffffff88][0xffffffcb][0xffffff86]kW[0xffffff89][0xc][0x1b][0xffffffe2]7[0xffffffc4]m[0x8]l[0xffffff88][0xffffffdd][0x10][0xffffffb3]!zC[0xffffffd4][0xffffff86][0xffffffc8][\r]I9[0xffffffab]QU"B&[0xffffffeb]3[0xffffffc2]o[0xffffff88][0xffffffdb][0x10][0xffffffd8][0x10][0xffffffbb]!)g[0xffffffd9][0x12][0xffffffbd]!jC[0xffffffe4][0xffffff86][0xffffff88][0xffffff8e][0xffffff84][0xffffffd0][0x3][0xffffffdf][0x3][0xffffffd7][0x3][0xffffffe8][0xffffff81][0xffffffed]A[0xffffff9f]m[0xffffffe8][0xffffff93][\r]}[0xffffffae][0xffffffa1]O5P[0xffffffa6][0xfffffff8]m5`<[0xffffffcd][0xffffffe7][0xffffff8f][0xffffffef][0x19]K[0xffffffc6]>t[0xffffffcf]y[0xffffffdf][0x3][0xffffffd7][0x3][0xffffffe8][0xffffff81][0xffffffed][0xffffff81][0xffffffe9][0x1][0x15][0xffffffa0]|[0x3]T[0xf][0xffffffa8][0x0][0xffffffe5][0x1a] :[0xffffffe0]B[0xf]R[0xffffffa6][0xffffffd0][0x0][0xffffffd7][0x3][0xffffffe8][0xffffff81][0xffffffed][0xffffff81][0xffffffe9][0xffffff81][0xffffffee][0xffffff81][0xffffffea][0xffffff81][0xffffffec][0xffffff81][0xffffffe8][0x0][0xffffff84][0x1e][0xffffffa4]Lm[0x3]R[0xffffffa6][0xffffffa6][0x1][0xffffffd0][0x3][0xffffffdb][0xffffff83][0xffffff94]i[0xfffffff3][0x1][0xffffff81][0xffffffee]A[0xffffffca][0xffffffb4]9[0xfffffff6][0xffffff90]2m[0xe][0x5][0xffffff88][0xe][0xffffffd8][0xffffffd0][0x3][0xffffffdf][0x3][0xffffffd7][0xffffff83][0xffffff94][0xffffffa9]h[0xffffff80]e[0xffffffd0]*[0xffffffdf][0x1f][0xffffffef][0xffffffd3]e[0xffffffdf][0xffffffe8][0xffffffdd]B[0xfffffff1][0xffffffff][0xffffffd1][0xffffffbb][0xfffffff4][0xffffffe0]uy[0xffffffbe]}[0xffffffee]/S[0xffffff8e][0xffffffd8][0xffffffcb][0xfffffff5][0xffffffea][0xffffff97]~L[0xffffff9e]G[0xffffffd2][0xffffffe5][0x5][0x2]//[0xffffff89]ws[0xffffffe1][0xffffffe4][0xfffffff1][0xffffff92][0xffffffa7][\n]"
10:31:31.498 [main] DEBUG org.apache.hc.client5.http.wire -- http-outgoing-4 << "x[0xfffffffb][0xfffffffb][0xffffffc0][0xffffff98],^[0xffffffb2]T[0x1][0xffffffad][0xffffff83][0xffffffd4][0xffffff8a]9Y[0xffffffbc]d[0xffffffa9]<[0xe][0x13][0x1c]crx[0xffffffc9]Q9[0xfffffffc][0xffffff82]$[0xffffffda][0xffffff92][0xffffffc2]E[0xffffffeb] Q[0xffffffcc]2G=h[0xc][0xffffffa4]Te[0x18]T[0xffffff85][0xffffffc6]?z[0xffffffa6][0xffffffee][0xffffffce]=[0xffffffda]B[0xffffffa1][0xfffffff5][0xffffff8e]8Q[0xffffffc1][0xffffffb6][0xffffffb5][0xffffff8e][0xffffffa8][0xfffffff8][0x5][0xffffff9b][0xffffffd6]9[0xffffff86]Re[0xffffffd0][0xffffffad]oD[0xffffffb3][0xffffff91][0xffffffa9]j]#.Z[0xffffffc1][0xffffffb2]5[0xffffff8d][0xffffffe4][0xffffffc7]2[0x16][0xffffffad]g[0xfffffff4][0xffffffa5]p[0x1f]Z[0xffffffc7][0x8]P[0xffffffa8][0xffffffef][0xffffffec]b[0xffffffa6][0xffffffae]5[0xffffff8b]P6[0xffffffc6]Ck[0x15][0xffffffeb][0x12][0xffffffa1][0xffffff88][0xffffffdc]Y[0xffffffc5][0xc]M[0xffffffe3][0x14]}I[0xc][0xffffffc5][0xffffffe4][0xffffffce]'f[0xffffffa8][0xffffffee]mb[0xffffff86][0xffffffb2]q[0xffffff89][0xffffff96][0xffffffe7][0x17][0xffffff8d]I[0xffffffe4]TQ\[0xffffffee],b[0xffffff86][0xffffffbe]s[0xffffff88][0xffffff99][0xffffffba][0xffffffc6] :[0xffffff86][0xffffffd0][0xffffffd8]C_[0xffffffa6]G[0xffffffb5]Y[0xffffffdd]!g[0xffffff8f][0xffffff8a][0xffffffb3][0xffffff9a]C\[0xffffffe0]Buc[0xe][0xffffff81][0x7]U[0xffffff8d]7[0xfffffff4]e[0xffffffc3]Q~VkX7[0xb]5h[0xffffffb5][0xffffff86]|[0xffffffd6]Q[0xffffff87]Vg[0xffffffc8]'[0x1a][0xffffffb5][0xffffffa8]1[0xffffff86][0xffffffb2][0xffffff94][0xffffff8a][0xffffff82][0xffffffd4][0xfffffffa][0xffffffc2]2[0x17][0xffffffaa][0xffffffd2]j[0xb][0x1d][0xffffff8f]j[0x1b]W[0xffffffc8]G[0x19][0xffffffd5]i[0xfffffff5][0xffffff84][0xfffffff5]p[0xffffffa2]D5[0xffffff9e][0xffffff90]?5[0xffffffd4][0xffffffa9][0xffffffc6][0x12][0xffffffd6][0xffffffb9][0xffffff8a][0xffffff95]K[0xffffff81][\r]mP[0xffffff8c]\[0xe][0xffffff8a][0xffffff8f][0xffffffcb]A[0xffffffb1]q9(..[0x7][0xffffffc5][0xffffffc4][0xffffffe5][0xffffffa0]x[0xffffffb8][0x1c][0x14][0xb][0xffffff97][0x3][0xffffff99]=[[0xe]D[0x13][0x18][0xffffffca][0xffffff80]36[0xffffff94][0xffffff81].[0xfffffff3][0x18][0xffffffca]@[0xffffff95][0xffffffc5]0[0xffffff90][0xffffff83];[0xffffffd3]7[0x1f].[0xb])[0xffffffd8][0xfffffff0][0xffffffcb][0xfffffff1]ej4[0xfffffff0][0xffffffed]:![0xfffffff8]O[0x11]<N[0xffffffdf][0xffffffa6][0x13][0xffffff8d]:[0xffffffbe][0xfffffff1][0x8]I[0x11][0xffffffa7][0xfffffff3][0xffffffe3][0xffffffc7]uW[0xffffffd9]#[\r][0xffffffb2][0xffffffbb]-[0xffffffcb][0xffffffe9][0xffffffba][0xfffffffb][0xffffff9c][0xffffffbe][0x14]Q| [0xffffffba][0xfffffff6][0xffffffb5][0xffffffd2][0xffffffe3][0xffffffcd] }[0xffffffa1][0xffffffdc][0xffffffd5]J[0xffffff87][0xffffffa6][0x1b]W2S[0xffffffee]i[0xffffffa5]S[0xffffffe9] g[0xffffffca][0x1d][0xffffffad][0x4][0xffffff90][0xffffffd4]qf[0xffffffca][0xfffffffd][0xffffffac][0xffffffb4]x>p[0xfffffff5][0x12][0xffffffad][0xffffffdd][0xffffffac][0xffffffb4]([0xffffffb4][0xffffffae][0xffffffcc]V{Yi[0x0][0xffffffc7][0xffffff85]B[0xffffffb9][0xffffff93][0xffffffc5][0x1e][0xffffff80][0xffffffee][0xfffffff0][0xc][0xffffffb9][0xffffff8d][0xffffff95][0xffffffda][0xffffffd1][0xffffff8d]Y(7[0xffffffb1][0xffffffd8]"
10:31:31.498 [main] DEBUG org.apache.hc.client5.http.wire -- http-outgoing-4 << "[0xffffff8f]jT[0xffffffb0]B[0xffffffb9][0xffffff85][0xffffff95][\n]"
10:31:31.498 [main] DEBUG org.apache.hc.client5.http.wire -- http-outgoing-4 << "[0xffffffbf]T[0xffffffc7]#p[0x3][0xffffff8b][0x1d][0xffffff87][0xffffffa9]E[0xffffffd4][0xffffffee][0x15]o[0x3]K[0x1d]A[0xffffffa6][0xffffffdc][0xffffffbb]J%[0xffffffc5]:.w[0xffffffae]xYX[0xffffffea][0xffffff9f][0xffffff88]r[0xffffffdf][0xffffff8a][0xffffffd2]OB[0xffffff91]Y[0xffffffe9]Z%UW[0x16][0xffffff86][V,MUV[0x1a]V[0xffffffac][0xffffffc1]TV[0xffffffda]U[0xffffffcc][0xffffffaa][0xffffffce][0xffffffcc][0xffffffcd]j@[0xffffff8d][0xffffffd1]2[0xffffffa3][0xffffffd2][0xffffffa8][0x6]\z][0xffffff9e]*]j[0x10][0xffffffeb][0x4][0xffffffa5]C[0xfffffff5][0xffffffa4]t[0xffffffe5][0xffffffc5][0xffffffd2][0xffffff9d]z,,[0x13][0xffffffee]Li[0xffffffc7][0xfffffff3][0xffffffc6]pW[0xffffffea]pm[0xffffffcb]k[0xffffffdc][0xffffff92][0x2][0xffffff84][0xffffffb2]%[0xffffffdc][0xffffff8e][0x2][0x1e][0x9][0xffffffc8]k[0xffffffc1][0xffffffbd][0xffffffa8][0xffffffa5][0x5].O[0xffffff95]F[0xffffffd4]&[0xffffff83][0xffffff92][0x8]7[0xffffffa1]([\r][0xffffffb6][0xffffffcc][0xffffff87][0xffffffea][0xffffff95][0xffffffd5]3pN[0xffffffdc][0xffffff93][0xffffffe2]=[[0xffffffb6][0xffffffaa][0xfffffff6][0xffffffa3]X1[0xffffff9e][0xffffffbb][0xffffffc4]j3Jg6[0xffffff93][0xffffffd2][0xffffff88]*[0xffffffc7]G[0xffffff87]{P[0xffffffa5]+)[0xfffffffd]'[0xffffffc9]b![0xffffffa5][0xfffffff5][0xffffff94][0x1a]{[0xfffffff3][0xffffff8c][0xffffff8c][0xffffff89][0xffffffef][0xffffff97][0xffffffe9]q>_o[0xfffffffb][0xffffffd3]i:f[0xffffffa8]"[0xffffffd0][0xffffffcd][0xffffffae][0xfffffff3]912[0xffffffa2][0xffffff84][0xffffff81][\n]"
10:31:31.498 [main] DEBUG org.apache.hc.client5.http.wire -- http-outgoing-4 << "[0xffffffb9]|#"[0xffffffea]$[0xffffffde]vy?[0xffffffb4][0xffffff8f][0xfffffff8]a[0x19][0x1d]r[0xffffffa8]Htp[0xffffffa7]}>#[0xffffffd8][0xffffff87][0xffffffd1][0xffffff95][0xffffff8d]z[0xfffffffd][0xfffffff0][0xf][0xffffffe2][0x12][0xffffff8f][0xfffffff4]>[0x13][0x0][0x0]"
10:31:31.498 [main] DEBUG org.apache.hc.client5.http.impl.classic.InternalHttpClient -- ep-0000000005 releasing valid endpoint
10:31:31.498 [main] DEBUG org.apache.hc.client5.http.impl.io.PoolingHttpClientConnectionManager -- ep-0000000005 releasing endpoint
10:31:31.499 [main] DEBUG org.apache.hc.client5.http.impl.io.PoolingHttpClientConnectionManager -- ep-0000000005 connection http-outgoing-4 can be kept alive for 3 MINUTES
10:31:31.499 [main] DEBUG org.apache.hc.client5.http.impl.io.PoolingHttpClientConnectionManager -- ep-0000000005 connection released [route: {s}->https://raw.githubusercontent.com:443][total available: 1; route allocated: 1 of 5; total allocated: 2 of 25]
10:31:31.499 [main] DEBUG io.github.bonigarcia.wdm.versions.VersionDetector -- Driver for chrome120.0.6099.63 not found in online properties (using local versions.properties)
10:31:31.501 [main] DEBUG io.github.bonigarcia.wdm.WebDriverManager -- The driver version for CHROME 120.0.6099.63 is unknown ... trying with latest
10:31:31.508 [main] DEBUG org.apache.hc.client5.http.impl.classic.InternalHttpClient -- ex-0000000006 preparing request execution
10:31:31.508 [main] DEBUG org.apache.hc.client5.http.impl.classic.ProtocolExec -- ex-0000000006 target auth state: UNCHALLENGED
10:31:31.508 [main] DEBUG org.apache.hc.client5.http.impl.classic.ProtocolExec -- ex-0000000006 proxy auth state: UNCHALLENGED
10:31:31.508 [main] DEBUG org.apache.hc.client5.http.impl.classic.ConnectExec -- ex-0000000006 acquiring connection with route {s}->https://googlechromelabs.github.io:443
10:31:31.508 [main] DEBUG org.apache.hc.client5.http.impl.classic.InternalHttpClient -- ex-0000000006 acquiring endpoint (3 MINUTES)
10:31:31.508 [main] DEBUG org.apache.hc.client5.http.impl.io.PoolingHttpClientConnectionManager -- ex-0000000006 endpoint lease request (3 MINUTES) [route: {s}->https://googlechromelabs.github.io:443][total available: 1; route allocated: 1 of 5; total allocated: 2 of 25]
10:31:31.509 [main] DEBUG org.apache.hc.client5.http.impl.io.PoolingHttpClientConnectionManager -- ex-0000000006 endpoint leased [route: {s}->https://googlechromelabs.github.io:443][total available: 1; route allocated: 2 of 5; total allocated: 3 of 25]
10:31:31.509 [main] DEBUG org.apache.hc.client5.http.impl.io.PoolingHttpClientConnectionManager -- ex-0000000006 acquired ep-0000000006
10:31:31.509 [main] DEBUG org.apache.hc.client5.http.impl.classic.InternalHttpClient -- ex-0000000006 acquired endpoint ep-0000000006
10:31:31.509 [main] DEBUG org.apache.hc.client5.http.impl.classic.ConnectExec -- ex-0000000006 opening connection {s}->https://googlechromelabs.github.io:443
10:31:31.509 [main] DEBUG org.apache.hc.client5.http.impl.classic.InternalHttpClient -- ep-0000000006 connecting endpoint (null)
10:31:31.509 [main] DEBUG org.apache.hc.client5.http.impl.io.PoolingHttpClientConnectionManager -- ep-0000000006 connecting endpoint to https://googlechromelabs.github.io:443 (30 SECONDS)
10:31:31.509 [main] DEBUG org.apache.hc.client5.http.impl.io.DefaultHttpClientConnectionOperator -- googlechromelabs.github.io resolving remote address
10:31:31.510 [main] DEBUG org.apache.hc.client5.http.impl.io.DefaultHttpClientConnectionOperator -- googlechromelabs.github.io resolved to [googlechromelabs.github.io/185.199.110.153, googlechromelabs.github.io/185.199.111.153, googlechromelabs.github.io/185.199.108.153, googlechromelabs.github.io/185.199.109.153]
10:31:31.510 [main] DEBUG org.apache.hc.client5.http.impl.io.DefaultHttpClientConnectionOperator -- googlechromelabs.github.io:443 connecting null->googlechromelabs.github.io/185.199.110.153:443 (30 SECONDS)
10:31:31.510 [main] DEBUG org.apache.hc.client5.http.ssl.SSLConnectionSocketFactory -- Connecting socket to googlechromelabs.github.io/185.199.110.153:443 with timeout 30 SECONDS
10:31:31.548 [main] DEBUG org.apache.hc.client5.http.ssl.SSLConnectionSocketFactory -- Enabled protocols: [TLSv1.3, TLSv1.2]
10:31:31.548 [main] DEBUG org.apache.hc.client5.http.ssl.SSLConnectionSocketFactory -- Enabled cipher suites: [TLS_AES_256_GCM_SHA384, TLS_AES_128_GCM_SHA256, TLS_CHACHA20_POLY1305_SHA256, TLS_ECDHE_ECDSA_WITH_AES_256_GCM_SHA384, TLS_ECDHE_ECDSA_WITH_AES_128_GCM_SHA256, TLS_ECDHE_ECDSA_WITH_CHACHA20_POLY1305_SHA256, TLS_ECDHE_RSA_WITH_AES_256_GCM_SHA384, TLS_ECDHE_RSA_WITH_CHACHA20_POLY1305_SHA256, TLS_ECDHE_RSA_WITH_AES_128_GCM_SHA256, TLS_DHE_RSA_WITH_AES_256_GCM_SHA384, TLS_DHE_RSA_WITH_CHACHA20_POLY1305_SHA256, TLS_DHE_DSS_WITH_AES_256_GCM_SHA384, TLS_DHE_RSA_WITH_AES_128_GCM_SHA256, TLS_DHE_DSS_WITH_AES_128_GCM_SHA256, TLS_ECDHE_ECDSA_WITH_AES_256_CBC_SHA384, TLS_ECDHE_RSA_WITH_AES_256_CBC_SHA384, TLS_ECDHE_ECDSA_WITH_AES_128_CBC_SHA256, TLS_ECDHE_RSA_WITH_AES_128_CBC_SHA256, TLS_DHE_RSA_WITH_AES_256_CBC_SHA256, TLS_DHE_DSS_WITH_AES_256_CBC_SHA256, TLS_DHE_RSA_WITH_AES_128_CBC_SHA256, TLS_DHE_DSS_WITH_AES_128_CBC_SHA256, TLS_ECDHE_ECDSA_WITH_AES_256_CBC_SHA, TLS_ECDHE_RSA_WITH_AES_256_CBC_SHA, TLS_ECDHE_ECDSA_WITH_AES_128_CBC_SHA, TLS_ECDHE_RSA_WITH_AES_128_CBC_SHA, TLS_DHE_RSA_WITH_AES_256_CBC_SHA, TLS_DHE_DSS_WITH_AES_256_CBC_SHA, TLS_DHE_RSA_WITH_AES_128_CBC_SHA, TLS_DHE_DSS_WITH_AES_128_CBC_SHA, TLS_RSA_WITH_AES_256_GCM_SHA384, TLS_RSA_WITH_AES_128_GCM_SHA256, TLS_RSA_WITH_AES_256_CBC_SHA256, TLS_RSA_WITH_AES_128_CBC_SHA256, TLS_RSA_WITH_AES_256_CBC_SHA, TLS_RSA_WITH_AES_128_CBC_SHA, TLS_EMPTY_RENEGOTIATION_INFO_SCSV]
10:31:31.549 [main] DEBUG org.apache.hc.client5.http.ssl.SSLConnectionSocketFactory -- Starting handshake (null)
10:31:31.602 [main] DEBUG org.apache.hc.client5.http.ssl.SSLConnectionSocketFactory -- Secure session established
10:31:31.603 [main] DEBUG org.apache.hc.client5.http.ssl.SSLConnectionSocketFactory --  negotiated protocol: TLSv1.3
10:31:31.603 [main] DEBUG org.apache.hc.client5.http.ssl.SSLConnectionSocketFactory --  negotiated cipher suite: TLS_AES_128_GCM_SHA256
10:31:31.603 [main] DEBUG org.apache.hc.client5.http.ssl.SSLConnectionSocketFactory --  peer principal: CN=*.github.io, O="GitHub, Inc.", L=San Francisco, ST=California, C=US
10:31:31.603 [main] DEBUG org.apache.hc.client5.http.ssl.SSLConnectionSocketFactory --  peer alternative names: [*.github.io, github.io, *.github.com, github.com, www.github.com, *.githubusercontent.com, githubusercontent.com]
10:31:31.603 [main] DEBUG org.apache.hc.client5.http.ssl.SSLConnectionSocketFactory --  issuer principal: CN=DigiCert TLS RSA SHA256 2020 CA1, O=DigiCert Inc, C=US
10:31:31.603 [main] DEBUG org.apache.hc.client5.http.impl.io.DefaultManagedHttpClientConnection -- http-outgoing-5 set socket timeout to 3 MINUTES
10:31:31.603 [main] DEBUG org.apache.hc.client5.http.impl.io.DefaultHttpClientConnectionOperator -- googlechromelabs.github.io:443 connected null->googlechromelabs.github.io/185.199.110.153:443 as http-outgoing-5
10:31:31.603 [main] DEBUG org.apache.hc.client5.http.impl.io.PoolingHttpClientConnectionManager -- ep-0000000006 connected http-outgoing-5
10:31:31.603 [main] DEBUG org.apache.hc.client5.http.impl.classic.InternalHttpClient -- ep-0000000006 endpoint connected
10:31:31.603 [main] DEBUG org.apache.hc.client5.http.impl.classic.MainClientExec -- ex-0000000006 executing GET /chrome-for-testing/last-known-good-versions-with-downloads.json HTTP/1.1
10:31:31.603 [main] DEBUG org.apache.hc.client5.http.protocol.RequestAddCookies -- ex-0000000006 Cookie spec selected: strict
10:31:31.604 [main] DEBUG org.apache.hc.client5.http.impl.classic.InternalHttpClient -- ep-0000000006 start execution ex-0000000006
10:31:31.604 [main] DEBUG org.apache.hc.client5.http.impl.io.PoolingHttpClientConnectionManager -- ep-0000000006 executing exchange ex-0000000006 over http-outgoing-5
10:31:31.604 [main] DEBUG org.apache.hc.client5.http.headers -- http-outgoing-5 >> GET /chrome-for-testing/last-known-good-versions-with-downloads.json HTTP/1.1
10:31:31.604 [main] DEBUG org.apache.hc.client5.http.headers -- http-outgoing-5 >> user-agent: Apache-HttpClient/5.0
10:31:31.604 [main] DEBUG org.apache.hc.client5.http.headers -- http-outgoing-5 >> accept-encoding: gzip, deflate, br
10:31:31.604 [main] DEBUG org.apache.hc.client5.http.headers -- http-outgoing-5 >> cache-control: max-age=0
10:31:31.604 [main] DEBUG org.apache.hc.client5.http.headers -- http-outgoing-5 >> connection: keep-alive
10:31:31.604 [main] DEBUG org.apache.hc.client5.http.headers -- http-outgoing-5 >> Host: googlechromelabs.github.io
10:31:31.606 [main] DEBUG org.apache.hc.client5.http.wire -- http-outgoing-5 >> "GET /chrome-for-testing/last-known-good-versions-with-downloads.json HTTP/1.1[\r][\n]"
10:31:31.606 [main] DEBUG org.apache.hc.client5.http.wire -- http-outgoing-5 >> "user-agent: Apache-HttpClient/5.0[\r][\n]"
10:31:31.606 [main] DEBUG org.apache.hc.client5.http.wire -- http-outgoing-5 >> "accept-encoding: gzip, deflate, br[\r][\n]"
10:31:31.606 [main] DEBUG org.apache.hc.client5.http.wire -- http-outgoing-5 >> "cache-control: max-age=0[\r][\n]"
10:31:31.606 [main] DEBUG org.apache.hc.client5.http.wire -- http-outgoing-5 >> "connection: keep-alive[\r][\n]"
10:31:31.606 [main] DEBUG org.apache.hc.client5.http.wire -- http-outgoing-5 >> "Host: googlechromelabs.github.io[\r][\n]"
10:31:31.606 [main] DEBUG org.apache.hc.client5.http.wire -- http-outgoing-5 >> "[\r][\n]"
10:31:31.651 [main] DEBUG org.apache.hc.client5.http.wire -- http-outgoing-5 << "HTTP/1.1 200 OK[\r][\n]"
10:31:31.651 [main] DEBUG org.apache.hc.client5.http.wire -- http-outgoing-5 << "Connection: keep-alive[\r][\n]"
10:31:31.651 [main] DEBUG org.apache.hc.client5.http.wire -- http-outgoing-5 << "Content-Length: 641[\r][\n]"
10:31:31.651 [main] DEBUG org.apache.hc.client5.http.wire -- http-outgoing-5 << "Server: GitHub.com[\r][\n]"
10:31:31.651 [main] DEBUG org.apache.hc.client5.http.wire -- http-outgoing-5 << "Content-Type: application/json; charset=utf-8[\r][\n]"
10:31:31.651 [main] DEBUG org.apache.hc.client5.http.wire -- http-outgoing-5 << "permissions-policy: interest-cohort=()[\r][\n]"
10:31:31.651 [main] DEBUG org.apache.hc.client5.http.wire -- http-outgoing-5 << "x-origin-cache: HIT[\r][\n]"
10:31:31.651 [main] DEBUG org.apache.hc.client5.http.wire -- http-outgoing-5 << "Last-Modified: Thu, 28 Dec 2023 09:09:08 GMT[\r][\n]"
10:31:31.651 [main] DEBUG org.apache.hc.client5.http.wire -- http-outgoing-5 << "Access-Control-Allow-Origin: *[\r][\n]"
10:31:31.651 [main] DEBUG org.apache.hc.client5.http.wire -- http-outgoing-5 << "Strict-Transport-Security: max-age=31556952[\r][\n]"
10:31:31.651 [main] DEBUG org.apache.hc.client5.http.wire -- http-outgoing-5 << "ETag: W/"658d3b34-22ac"[\r][\n]"
10:31:31.651 [main] DEBUG org.apache.hc.client5.http.wire -- http-outgoing-5 << "expires: Thu, 28 Dec 2023 09:19:31 GMT[\r][\n]"
10:31:31.651 [main] DEBUG org.apache.hc.client5.http.wire -- http-outgoing-5 << "Cache-Control: max-age=600[\r][\n]"
10:31:31.651 [main] DEBUG org.apache.hc.client5.http.wire -- http-outgoing-5 << "Content-Encoding: gzip[\r][\n]"
10:31:31.651 [main] DEBUG org.apache.hc.client5.http.wire -- http-outgoing-5 << "x-proxy-cache: HIT[\r][\n]"
10:31:31.651 [main] DEBUG org.apache.hc.client5.http.wire -- http-outgoing-5 << "X-GitHub-Request-Id: AD28:2802F4:8D3D7B:90038F:658D3C18[\r][\n]"
10:31:31.651 [main] DEBUG org.apache.hc.client5.http.wire -- http-outgoing-5 << "Accept-Ranges: bytes[\r][\n]"
10:31:31.651 [main] DEBUG org.apache.hc.client5.http.wire -- http-outgoing-5 << "Date: Thu, 28 Dec 2023 09:31:33 GMT[\r][\n]"
10:31:31.651 [main] DEBUG org.apache.hc.client5.http.wire -- http-outgoing-5 << "Via: 1.1 varnish[\r][\n]"
10:31:31.652 [main] DEBUG org.apache.hc.client5.http.wire -- http-outgoing-5 << "Age: 452[\r][\n]"
10:31:31.652 [main] DEBUG org.apache.hc.client5.http.wire -- http-outgoing-5 << "X-Served-By: cache-mad22064-MAD[\r][\n]"
10:31:31.652 [main] DEBUG org.apache.hc.client5.http.wire -- http-outgoing-5 << "X-Cache: HIT[\r][\n]"
10:31:31.652 [main] DEBUG org.apache.hc.client5.http.wire -- http-outgoing-5 << "X-Cache-Hits: 1[\r][\n]"
10:31:31.652 [main] DEBUG org.apache.hc.client5.http.wire -- http-outgoing-5 << "X-Timer: S1703755893.134200,VS0,VE1[\r][\n]"
10:31:31.652 [main] DEBUG org.apache.hc.client5.http.wire -- http-outgoing-5 << "Vary: Accept-Encoding[\r][\n]"
10:31:31.652 [main] DEBUG org.apache.hc.client5.http.wire -- http-outgoing-5 << "X-Fastly-Request-ID: 73e7670727a5f19982272f99523c8799ce226692[\r][\n]"
10:31:31.653 [main] DEBUG org.apache.hc.client5.http.wire -- http-outgoing-5 << "[\r][\n]"
10:31:31.653 [main] DEBUG org.apache.hc.client5.http.headers -- http-outgoing-5 << HTTP/1.1 200 OK
10:31:31.653 [main] DEBUG org.apache.hc.client5.http.headers -- http-outgoing-5 << Connection: keep-alive
10:31:31.653 [main] DEBUG org.apache.hc.client5.http.headers -- http-outgoing-5 << Content-Length: 641
10:31:31.653 [main] DEBUG org.apache.hc.client5.http.headers -- http-outgoing-5 << Server: GitHub.com
10:31:31.653 [main] DEBUG org.apache.hc.client5.http.headers -- http-outgoing-5 << Content-Type: application/json; charset=utf-8
10:31:31.653 [main] DEBUG org.apache.hc.client5.http.headers -- http-outgoing-5 << permissions-policy: interest-cohort=()
10:31:31.653 [main] DEBUG org.apache.hc.client5.http.headers -- http-outgoing-5 << x-origin-cache: HIT
10:31:31.653 [main] DEBUG org.apache.hc.client5.http.headers -- http-outgoing-5 << Last-Modified: Thu, 28 Dec 2023 09:09:08 GMT
10:31:31.653 [main] DEBUG org.apache.hc.client5.http.headers -- http-outgoing-5 << Access-Control-Allow-Origin: *
10:31:31.653 [main] DEBUG org.apache.hc.client5.http.headers -- http-outgoing-5 << Strict-Transport-Security: max-age=31556952
10:31:31.653 [main] DEBUG org.apache.hc.client5.http.headers -- http-outgoing-5 << ETag: W/"658d3b34-22ac"
10:31:31.653 [main] DEBUG org.apache.hc.client5.http.headers -- http-outgoing-5 << expires: Thu, 28 Dec 2023 09:19:31 GMT
10:31:31.653 [main] DEBUG org.apache.hc.client5.http.headers -- http-outgoing-5 << Cache-Control: max-age=600
10:31:31.653 [main] DEBUG org.apache.hc.client5.http.headers -- http-outgoing-5 << Content-Encoding: gzip
10:31:31.653 [main] DEBUG org.apache.hc.client5.http.headers -- http-outgoing-5 << x-proxy-cache: HIT
10:31:31.653 [main] DEBUG org.apache.hc.client5.http.headers -- http-outgoing-5 << X-GitHub-Request-Id: AD28:2802F4:8D3D7B:90038F:658D3C18
10:31:31.653 [main] DEBUG org.apache.hc.client5.http.headers -- http-outgoing-5 << Accept-Ranges: bytes
10:31:31.653 [main] DEBUG org.apache.hc.client5.http.headers -- http-outgoing-5 << Date: Thu, 28 Dec 2023 09:31:33 GMT
10:31:31.653 [main] DEBUG org.apache.hc.client5.http.headers -- http-outgoing-5 << Via: 1.1 varnish
10:31:31.654 [main] DEBUG org.apache.hc.client5.http.headers -- http-outgoing-5 << Age: 452
10:31:31.654 [main] DEBUG org.apache.hc.client5.http.headers -- http-outgoing-5 << X-Served-By: cache-mad22064-MAD
10:31:31.654 [main] DEBUG org.apache.hc.client5.http.headers -- http-outgoing-5 << X-Cache: HIT
10:31:31.654 [main] DEBUG org.apache.hc.client5.http.headers -- http-outgoing-5 << X-Cache-Hits: 1
10:31:31.654 [main] DEBUG org.apache.hc.client5.http.headers -- http-outgoing-5 << X-Timer: S1703755893.134200,VS0,VE1
10:31:31.654 [main] DEBUG org.apache.hc.client5.http.headers -- http-outgoing-5 << Vary: Accept-Encoding
10:31:31.654 [main] DEBUG org.apache.hc.client5.http.headers -- http-outgoing-5 << X-Fastly-Request-ID: 73e7670727a5f19982272f99523c8799ce226692
10:31:31.654 [main] DEBUG org.apache.hc.client5.http.impl.classic.MainClientExec -- ex-0000000006 connection can be kept alive for 3 MINUTES
10:31:31.656 [main] DEBUG org.apache.hc.client5.http.wire -- http-outgoing-5 << "[0x1f][0xffffff8b][0x8][0x0][0x0][0x0][0x0][0x0][0x0][0x3][0xffffffcd][0xffffff96][0xffffffcb][0xffffff92][0xffffff9b]0[0x10]E[0xfffffff7][0xfffffff9][0xc][0xffffffad]yI8[0xffffff80]Y&[0xfffffff3][0x7][0xffffff93]URY(F[0xffffffb1][0xffffffa9][0x12][0xffffffe0][0x2][0xffffff8d]'[0xffffff89][0xffffff8b][0x7f][0xffffff8f][0xc]2[0xffffffe6]!1+[0xffffffab]Ya[0x1a][0xffffffb9][0xfffffffb]B[0xffffff9d][0xffffffea]:W$[0xfffffff2][0xffffff82]5[0xffffff82][0x16]g[0xffffff94]"[0x12][0xffffff90][0xffffffd0][0xffffffc5][0xffffffc4]%[0xfffffff1]7[0xffffff82][0xffffffd3] I[0xffffffc3][0xffffffc4][0xb][0xffffff83][0xffffffe4];r[0xffffffd0][0xffffffe1]D[0xffffffcb][0xffffff92][0xfffffff1][0x6][0xffffffa5]W[0xfffffff4]*[0xffffffe8]/[0xffffffce]n[0xffffffbf]TU[0xfffffffe]U[0xffffffd5][0x1c]tau[0xffffff93]W[0xffffffa5],a[0x12]x[0xffffff81][0x17][0x5][0xfffffffb][0xffffffbd][0xffffff87][0xffffff83][0xffffffbd]|T[0xffffffb3]K><[0xffffffc3]q[0x18][0x11]Y[0xffffffcc][0xffffffaa][0xfffffff7][0xffffff92]W4k[0xfffffffa]~uU[0xffffffc8][0xffffffce]?[0xffffffae][0xffffffe8][0xffffffcc][0xffffffa9][0xfffffff8]][0xffffffd5][0xffffff85]<[0xffffffcc][0xfffffff3][0xfffffff2][0xffffffed]O[0xffffffb4][0xffffff93][0xffffff87][0xffffffdf][0xffffffea][0xffffffdb][0xffffffac][0xffffff93][0x10][0xffffffe7]&[0xfffffff5]}[0xffffff96][0x1d]Y[0xffffffc6][0xffffffbd][0xffffff82]y[0xffffffc7][0xffffff8b][0xffffffc0][0xffffffde][0xffffffa1]*T[0xffffffc9][0xffffffef][0xfffffffb][0xffffffa8][0xffffff8b]+[0xffffffdb][0xffffffb8]B[0xffffffbe]d^[0x1e][0xfffffffd]i(_[0xffffffb5][0xffffffbe][0xffffff9f]T[0xffffffb7][0xffffffde][0xffffffbf][0xfffffffc][0xffffff8c]Zg[0x12][0xffffffa2][0xffffffa0][0x7][0xffffff97][0xffffffd6][0xffffffc5]sb[0xc][0xffffffcd][0xffffffef]g[0xffffff87][0xffffff82])[0xffffffca][0xffffff93][0xffffffbe][0xffffff87]j=[0xffffff8e]a[0xfffffff8][0x1e][0xffffffef]y[0x19][0xffffff92]gD[0xffffffe8][0x1a][0xffffffdf][0xffffffcf]u7[0xffffff86][0xfffffff1][0xffffffcf][0xfffffff9][0x2]][0xffffffe3][0xffffffd1][0xfffffff8][0xfffffffb][0xffffffdb][0xffffffff]t[0x14][0xffffff9d]Y[0xffffff9d]K[0xffffffc6][0xffffffc1][0x18][0xffffffed][0xffffffc7]o[0xffffff86]T[0x15]g[0x1b][0xffffffbc][0xffffff8e][0xffffffc2]@R[0xffffffab]b[0xffffffc0][0xffffffb2][0xfffffffb][0x8][0xffffffb1] [0xffffffd8]=1[0xffffff9a]q[0xffffffd6]4nsb[0xffffff9c][0xffffff83][0xffffffa1]<[0xffffffcb][0xffffffb1][0x19][0xffffffa6][0xffffffe7][0xffffffb9][0xffffffb6][0x1][0xffffffb7].[0x15]$[0xffffffe5][0xfffffff3]<[0xffffffb0][0xffffffb8]k[0xffffffd2][0xc][0xffffffdc][0xffffffb7][0xffffffad][0xffffff83][0xffffffbe]0A[0xffffffa7][0xffffffc6][0xffffffd2]U[0xffffffa6][0xffffffbe][0xffffff82]o[0xffffffdd]q[0x14]{8[0xffffff9a][0xffffffeb]J[0x18][0xffffffe2] [0xffffff86][0xffffffd0][0xffffff95]Q&@[[0x19][0xffffffa7][0xffffff80][0xffffff94][0xffffff95]y[0xe][0xfffffffb][0xffffffae]2N`_Uf[0xffffffd3][0xffffffe1]M[0xffffffc5][0xffffff8c][0xffffffa7]}QY[0xffffff83][0xffffffd4][0xffffffbe][0xffffffa7][0xffffff98]Q[0xffffffb5][0xffffffab])&`mZ[0xffffff8a][0x9][0xffffffdb][0xffffffad]H[0xffffffca][0xffffffca][0xffffff92][0xffffff85]s[0xffffff94][0xffffffd5][0xffffff9d][0xb][0xffffffa7](++[0x18][0xffffffc6]P[0xffffff8c][0x1b][0x19]BP[0xffffff8c][0xb][0xfffffffa][0x3]?ya[0xffffff97][0xffffffa9][0xffffff9e][0xffffffdc][\n]"
10:31:31.656 [main] DEBUG org.apache.hc.client5.http.wire -- http-outgoing-5 << "S;!][0xffffffeb]D^[0x16]r[0x12][0xffffffc5][0xffffffbb][0x4]BN[0x1e][0xffffff91][0x0][0xffffffdd]d[0x14][0x2]RMf1[0xffffffec][0xffffff9b][0xffffffc9]([0xffffff80]}1[0xffffff99][0xe][0xffffff87][0xfffffff7][0x12]#[0xffffff99][0xfffffff6][0xffffffb5]d[0xffffff85]O[0xfffffffb]Vb[0xffffffa4][0xffffffd4][0xffffffae][0xffffff94][0x18]X[0xffffffb5][0xffffffe9]$[0x6]b[0xffffffb7][0xffffffa2]$[0xffffffe6][0xffffffd5][\n]"
10:31:31.656 [main] DEBUG org.apache.hc.client5.http.wire -- http-outgoing-5 << "g$k[0xffffff9b][0x16]NH[0xffffffcc][0xffffff8b][0x17][0xffffffc6]GL{[0x18]BGLk[0xfffffff9][0x3][0x1b][0xfffffff9]JKZ[0xffffffff][0xffffff9d][\n]"
10:31:31.656 [main] DEBUG org.apache.hc.client5.http.wire -- http-outgoing-5 << "[0xffffff89][0xffffffaa]i[0xffffff9c][0xffffff84]`[0xffffffbc]t[0xffffff92][0x1d][0xffffffc6][0xffffff9f]C0'[0xffffffe9]"A;I[0x1f][0x2][0xffffffdc]I[0x1e]1[0xffffff80][0xffffff9c][0xffffffa4][0xf][0x0][0xffffffe4]$[0xffffffc3][0xfffffff0][0xffffff8d]8[0xffffff89][0xffffff8e]L '[0xffffffd1][0xfffffff3][0x9][0xffffffe4]$:J[0x1][0xffffff9c]d[0xffffffc9][0xffffffaa]u'Y[0x12][0xffffffbb])'[0xffffffd1][0xffffffae]V`'1lZ`'[0xffffffd1].^@'[0xffffffd1][0xffffffec]a0'[0xffffffd1][0xffffffac][0xffffffe5]U'i[0xffffffdb]O[0xffffffff][0x1][0xffffffee][0xffffffde][0xffffffae][0xffffffb2][0xffffffac]"[0x0][0x0]"
10:31:31.662 [main] DEBUG org.apache.hc.client5.http.impl.classic.InternalHttpClient -- ep-0000000006 releasing valid endpoint
10:31:31.662 [main] DEBUG org.apache.hc.client5.http.impl.io.PoolingHttpClientConnectionManager -- ep-0000000006 releasing endpoint
10:31:31.662 [main] DEBUG org.apache.hc.client5.http.impl.io.PoolingHttpClientConnectionManager -- ep-0000000006 connection http-outgoing-5 can be kept alive for 3 MINUTES
10:31:31.662 [main] DEBUG org.apache.hc.client5.http.impl.io.PoolingHttpClientConnectionManager -- ep-0000000006 connection released [route: {s}->https://googlechromelabs.github.io:443][total available: 2; route allocated: 2 of 5; total allocated: 3 of 25]
10:31:31.676 [main] DEBUG io.github.bonigarcia.wdm.WebDriverManager -- Driver chromedriver 120.0.6099.109 found in cache
10:31:31.678 [main] INFO io.github.bonigarcia.wdm.WebDriverManager -- Exporting webdriver.chrome.driver as C:\Users\info\.cache\selenium\chromedriver\win64\120.0.6099.109\chromedriver.exe
Inside Step - browser is open
  Given browser is open                     # com.sdetadda.allure.GoogleSearch.browser_is_open()
Inside Step - user is on google search page
  And user is on google search page         # com.sdetadda.allure.GoogleSearch.user_is_on_google_search_page()
Inside Step - user enters a text in search box
  When user enters a text in search box     # com.sdetadda.allure.GoogleSearch.user_enters_a_text_in_search_box()
Inside Step - hits enter
  And hits enter                            # com.sdetadda.allure.GoogleSearch.hits_enter()
Inside Step - user is navigated to search results
  Then user is navigated to search results  # com.sdetadda.allure.GoogleSearch.user_is_navigated_to_search_results()
      org.openqa.selenium.WebDriverException: disconnected: Unable to receive message from renderer
  (failed to check if window was closed: disconnected: not connected to DevTools)
  (Session info: chrome=120.0.6099.130)
Build info: version: '4.16.1', revision: '9b4c83354e'
System info: os.name: 'Windows 10', os.arch: 'amd64', os.version: '10.0', java.version: '21.0.1'
Driver info: org.openqa.selenium.chrome.ChromeDriver
Command: [da02aec56acf8ee95df6f22e2e9d6ed3, close {}]
Capabilities {acceptInsecureCerts: false, browserName: chrome, browserVersion: 120.0.6099.130, chrome: {chromedriverVersion: 120.0.6099.109 (3419140ab66..., userDataDir: C:\Users\info\AppData\Local...}, fedcm:accounts: true, goog:chromeOptions: {debuggerAddress: localhost:51956}, networkConnectionEnabled: false, pageLoadStrategy: normal, platformName: windows, proxy: Proxy(), se:cdp: ws://localhost:51956/devtoo..., se:cdpVersion: 120.0.6099.130, setWindowRect: true, strictFileInteractability: false, timeouts: {implicit: 0, pageLoad: 300000, script: 30000}, unhandledPromptBehavior: dismiss and notify, webauthn:extension:credBlob: true, webauthn:extension:largeBlob: true, webauthn:extension:minPinLength: true, webauthn:extension:prf: true, webauthn:virtualAuthenticators: true}
Session ID: da02aec56acf8ee95df6f22e2e9d6ed3
	at java.base/jdk.internal.reflect.DirectConstructorHandleAccessor.newInstance(DirectConstructorHandleAccessor.java:62)
	at java.base/java.lang.reflect.Constructor.newInstanceWithCaller(Constructor.java:502)
	at java.base/java.lang.reflect.Constructor.newInstance(Constructor.java:486)
	at org.openqa.selenium.remote.codec.w3c.W3CHttpResponseCodec.createException(W3CHttpResponseCodec.java:200)
	at org.openqa.selenium.remote.codec.w3c.W3CHttpResponseCodec.decode(W3CHttpResponseCodec.java:133)
	at org.openqa.selenium.remote.codec.w3c.W3CHttpResponseCodec.decode(W3CHttpResponseCodec.java:52)
	at org.openqa.selenium.remote.HttpCommandExecutor.execute(HttpCommandExecutor.java:191)
	at org.openqa.selenium.remote.service.DriverCommandExecutor.invokeExecute(DriverCommandExecutor.java:200)
	at org.openqa.selenium.remote.service.DriverCommandExecutor.execute(DriverCommandExecutor.java:175)
	at org.openqa.selenium.remote.RemoteWebDriver.execute(RemoteWebDriver.java:523)
	at org.openqa.selenium.remote.RemoteWebDriver.execute(RemoteWebDriver.java:596)
	at org.openqa.selenium.remote.RemoteWebDriver.execute(RemoteWebDriver.java:600)
	at org.openqa.selenium.remote.RemoteWebDriver.close(RemoteWebDriver.java:410)
	at com.sdetadda.allure.GoogleSearch.user_is_navigated_to_search_results(GoogleSearch.java:55)
	at ✽.user is navigated to search results(file:///C:/Users/info/eclipse-workspace/AllureReportDemo/src/test/resources/Features/GoogleSearch.feature:15)


    Scenario failed! Capturing screenshot: validate_google_search_is_working_1703755899626.png

Screenshot size: 6059
I'm working man

    Embedding Scenario Screenshot [image/png 6059 bytes]

I'm working man1
]]></system-out>
  </testcase>
  <testcase name="Check login invalid with invalid information #1" classname="Test the login functionality" time="9.307">
    <error message="no such window: target window already closed&#10;from unknown error: web view not found&#10;  (Session info: chrome=120.0.6099.130)&#10;Build info: version: &apos;4.16.1&apos;, revision: &apos;9b4c83354e&apos;&#10;System info: os.name: &apos;Windows 10&apos;, os.arch: &apos;amd64&apos;, os.version: &apos;10.0&apos;, java.version: &apos;21.0.1&apos;&#10;Driver info: org.openqa.selenium.chrome.ChromeDriver&#10;Command: [d6a97ae475861ed908999c27793d3780, findElement {using=xpath, value=/html/body/div[2]/header/div[1]/div/ul/li[2]/a}]&#10;Capabilities {acceptInsecureCerts: false, browserName: chrome, browserVersion: 120.0.6099.130, chrome: {chromedriverVersion: 120.0.6099.109 (3419140ab66..., userDataDir: C:\Users\info\AppData\Local...}, fedcm:accounts: true, goog:chromeOptions: {debuggerAddress: localhost:52008}, networkConnectionEnabled: false, pageLoadStrategy: normal, platformName: windows, proxy: Proxy(), se:cdp: ws://localhost:52008/devtoo..., se:cdpVersion: 120.0.6099.130, setWindowRect: true, strictFileInteractability: false, timeouts: {implicit: 0, pageLoad: 300000, script: 30000}, unhandledPromptBehavior: dismiss and notify, webauthn:extension:credBlob: true, webauthn:extension:largeBlob: true, webauthn:extension:minPinLength: true, webauthn:extension:prf: true, webauthn:virtualAuthenticators: true}&#10;Session ID: d6a97ae475861ed908999c27793d3780" type="org.openqa.selenium.NoSuchWindowException"><![CDATA[org.openqa.selenium.NoSuchWindowException: 
no such window: target window already closed
from unknown error: web view not found
  (Session info: chrome=120.0.6099.130)
Build info: version: '4.16.1', revision: '9b4c83354e'
System info: os.name: 'Windows 10', os.arch: 'amd64', os.version: '10.0', java.version: '21.0.1'
Driver info: org.openqa.selenium.chrome.ChromeDriver
Command: [d6a97ae475861ed908999c27793d3780, findElement {using=xpath, value=/html/body/div[2]/header/div[1]/div/ul/li[2]/a}]
Capabilities {acceptInsecureCerts: false, browserName: chrome, browserVersion: 120.0.6099.130, chrome: {chromedriverVersion: 120.0.6099.109 (3419140ab66..., userDataDir: C:\Users\info\AppData\Local...}, fedcm:accounts: true, goog:chromeOptions: {debuggerAddress: localhost:52008}, networkConnectionEnabled: false, pageLoadStrategy: normal, platformName: windows, proxy: Proxy(), se:cdp: ws://localhost:52008/devtoo..., se:cdpVersion: 120.0.6099.130, setWindowRect: true, strictFileInteractability: false, timeouts: {implicit: 0, pageLoad: 300000, script: 30000}, unhandledPromptBehavior: dismiss and notify, webauthn:extension:credBlob: true, webauthn:extension:largeBlob: true, webauthn:extension:minPinLength: true, webauthn:extension:prf: true, webauthn:virtualAuthenticators: true}
Session ID: d6a97ae475861ed908999c27793d3780
	at java.base/jdk.internal.reflect.DirectConstructorHandleAccessor.newInstance(DirectConstructorHandleAccessor.java:62)
	at java.base/java.lang.reflect.Constructor.newInstanceWithCaller(Constructor.java:502)
	at java.base/java.lang.reflect.Constructor.newInstance(Constructor.java:486)
	at org.openqa.selenium.remote.codec.w3c.W3CHttpResponseCodec.createException(W3CHttpResponseCodec.java:200)
	at org.openqa.selenium.remote.codec.w3c.W3CHttpResponseCodec.decode(W3CHttpResponseCodec.java:133)
	at org.openqa.selenium.remote.codec.w3c.W3CHttpResponseCodec.decode(W3CHttpResponseCodec.java:52)
	at org.openqa.selenium.remote.HttpCommandExecutor.execute(HttpCommandExecutor.java:191)
	at org.openqa.selenium.remote.service.DriverCommandExecutor.invokeExecute(DriverCommandExecutor.java:200)
	at org.openqa.selenium.remote.service.DriverCommandExecutor.execute(DriverCommandExecutor.java:175)
	at org.openqa.selenium.remote.RemoteWebDriver.execute(RemoteWebDriver.java:523)
	at org.openqa.selenium.remote.ElementLocation$ElementFinder$2.findElement(ElementLocation.java:165)
	at org.openqa.selenium.remote.ElementLocation.findElement(ElementLocation.java:59)
	at org.openqa.selenium.remote.RemoteWebDriver.findElement(RemoteWebDriver.java:360)
	at org.openqa.selenium.remote.RemoteWebDriver.findElement(RemoteWebDriver.java:354)
	at com.sdetadda.allure.Login.the_user_is_on_the_login_page(Login.java:28)
	at ✽.the user is on the login page(file:///C:/Users/info/eclipse-workspace/AllureReportDemo/src/test/resources/Features/Login.feature:12)
]]></error>
    <system-out><![CDATA[
@google @search @severity=blocker @issue=6 @tmsLink=45678
Scenario: Check login invalid with invalid information                                 # src/test/resources/Features/Login.feature:19
10:31:40.710 [main] DEBUG io.github.bonigarcia.wdm.WebDriverManager -- Using WebDriverManager 5.6.2
10:31:40.739 [main] WARN io.github.bonigarcia.wdm.versions.VersionDetector -- Exception reading CfT URL ('null') to get version of chromedriver (For input string: "120.0.6099.63")
10:31:40.739 [main] DEBUG org.apache.hc.client5.http.impl.classic.InternalHttpClient -- ex-0000000007 preparing request execution
10:31:40.739 [main] DEBUG org.apache.hc.client5.http.impl.classic.ProtocolExec -- ex-0000000007 target auth state: UNCHALLENGED
10:31:40.739 [main] DEBUG org.apache.hc.client5.http.impl.classic.ProtocolExec -- ex-0000000007 proxy auth state: UNCHALLENGED
10:31:40.739 [main] DEBUG org.apache.hc.client5.http.impl.classic.ConnectExec -- ex-0000000007 acquiring connection with route {s}->https://googlechromelabs.github.io:443
10:31:40.740 [main] DEBUG org.apache.hc.client5.http.impl.classic.InternalHttpClient -- ex-0000000007 acquiring endpoint (3 MINUTES)
10:31:40.740 [main] DEBUG org.apache.hc.client5.http.impl.io.PoolingHttpClientConnectionManager -- ex-0000000007 endpoint lease request (3 MINUTES) [route: {s}->https://googlechromelabs.github.io:443][total available: 0; route allocated: 0 of 5; total allocated: 0 of 25]
10:31:40.740 [main] DEBUG org.apache.hc.client5.http.impl.io.PoolingHttpClientConnectionManager -- ex-0000000007 endpoint leased [route: {s}->https://googlechromelabs.github.io:443][total available: 0; route allocated: 1 of 5; total allocated: 1 of 25]
10:31:40.740 [main] DEBUG org.apache.hc.client5.http.impl.io.PoolingHttpClientConnectionManager -- ex-0000000007 acquired ep-0000000007
10:31:40.740 [main] DEBUG org.apache.hc.client5.http.impl.classic.InternalHttpClient -- ex-0000000007 acquired endpoint ep-0000000007
10:31:40.740 [main] DEBUG org.apache.hc.client5.http.impl.classic.ConnectExec -- ex-0000000007 opening connection {s}->https://googlechromelabs.github.io:443
10:31:40.740 [main] DEBUG org.apache.hc.client5.http.impl.classic.InternalHttpClient -- ep-0000000007 connecting endpoint (null)
10:31:40.740 [main] DEBUG org.apache.hc.client5.http.impl.io.PoolingHttpClientConnectionManager -- ep-0000000007 connecting endpoint to https://googlechromelabs.github.io:443 (30 SECONDS)
10:31:40.740 [main] DEBUG org.apache.hc.client5.http.impl.io.DefaultHttpClientConnectionOperator -- googlechromelabs.github.io resolving remote address
10:31:40.740 [main] DEBUG org.apache.hc.client5.http.impl.io.DefaultHttpClientConnectionOperator -- googlechromelabs.github.io resolved to [googlechromelabs.github.io/185.199.110.153, googlechromelabs.github.io/185.199.111.153, googlechromelabs.github.io/185.199.108.153, googlechromelabs.github.io/185.199.109.153]
10:31:40.741 [main] DEBUG org.apache.hc.client5.http.impl.io.DefaultHttpClientConnectionOperator -- googlechromelabs.github.io:443 connecting null->googlechromelabs.github.io/185.199.110.153:443 (30 SECONDS)
10:31:40.741 [main] DEBUG org.apache.hc.client5.http.ssl.SSLConnectionSocketFactory -- Connecting socket to googlechromelabs.github.io/185.199.110.153:443 with timeout 30 SECONDS
10:31:40.780 [main] DEBUG org.apache.hc.client5.http.ssl.SSLConnectionSocketFactory -- Enabled protocols: [TLSv1.3, TLSv1.2]
10:31:40.780 [main] DEBUG org.apache.hc.client5.http.ssl.SSLConnectionSocketFactory -- Enabled cipher suites: [TLS_AES_256_GCM_SHA384, TLS_AES_128_GCM_SHA256, TLS_CHACHA20_POLY1305_SHA256, TLS_ECDHE_ECDSA_WITH_AES_256_GCM_SHA384, TLS_ECDHE_ECDSA_WITH_AES_128_GCM_SHA256, TLS_ECDHE_ECDSA_WITH_CHACHA20_POLY1305_SHA256, TLS_ECDHE_RSA_WITH_AES_256_GCM_SHA384, TLS_ECDHE_RSA_WITH_CHACHA20_POLY1305_SHA256, TLS_ECDHE_RSA_WITH_AES_128_GCM_SHA256, TLS_DHE_RSA_WITH_AES_256_GCM_SHA384, TLS_DHE_RSA_WITH_CHACHA20_POLY1305_SHA256, TLS_DHE_DSS_WITH_AES_256_GCM_SHA384, TLS_DHE_RSA_WITH_AES_128_GCM_SHA256, TLS_DHE_DSS_WITH_AES_128_GCM_SHA256, TLS_ECDHE_ECDSA_WITH_AES_256_CBC_SHA384, TLS_ECDHE_RSA_WITH_AES_256_CBC_SHA384, TLS_ECDHE_ECDSA_WITH_AES_128_CBC_SHA256, TLS_ECDHE_RSA_WITH_AES_128_CBC_SHA256, TLS_DHE_RSA_WITH_AES_256_CBC_SHA256, TLS_DHE_DSS_WITH_AES_256_CBC_SHA256, TLS_DHE_RSA_WITH_AES_128_CBC_SHA256, TLS_DHE_DSS_WITH_AES_128_CBC_SHA256, TLS_ECDHE_ECDSA_WITH_AES_256_CBC_SHA, TLS_ECDHE_RSA_WITH_AES_256_CBC_SHA, TLS_ECDHE_ECDSA_WITH_AES_128_CBC_SHA, TLS_ECDHE_RSA_WITH_AES_128_CBC_SHA, TLS_DHE_RSA_WITH_AES_256_CBC_SHA, TLS_DHE_DSS_WITH_AES_256_CBC_SHA, TLS_DHE_RSA_WITH_AES_128_CBC_SHA, TLS_DHE_DSS_WITH_AES_128_CBC_SHA, TLS_RSA_WITH_AES_256_GCM_SHA384, TLS_RSA_WITH_AES_128_GCM_SHA256, TLS_RSA_WITH_AES_256_CBC_SHA256, TLS_RSA_WITH_AES_128_CBC_SHA256, TLS_RSA_WITH_AES_256_CBC_SHA, TLS_RSA_WITH_AES_128_CBC_SHA, TLS_EMPTY_RENEGOTIATION_INFO_SCSV]
10:31:40.781 [main] DEBUG org.apache.hc.client5.http.ssl.SSLConnectionSocketFactory -- Starting handshake (null)
10:31:40.838 [main] DEBUG org.apache.hc.client5.http.ssl.SSLConnectionSocketFactory -- Secure session established
10:31:40.838 [main] DEBUG org.apache.hc.client5.http.ssl.SSLConnectionSocketFactory --  negotiated protocol: TLSv1.3
10:31:40.838 [main] DEBUG org.apache.hc.client5.http.ssl.SSLConnectionSocketFactory --  negotiated cipher suite: TLS_AES_128_GCM_SHA256
10:31:40.838 [main] DEBUG org.apache.hc.client5.http.ssl.SSLConnectionSocketFactory --  peer principal: CN=*.github.io, O="GitHub, Inc.", L=San Francisco, ST=California, C=US
10:31:40.838 [main] DEBUG org.apache.hc.client5.http.ssl.SSLConnectionSocketFactory --  peer alternative names: [*.github.io, github.io, *.github.com, github.com, www.github.com, *.githubusercontent.com, githubusercontent.com]
10:31:40.838 [main] DEBUG org.apache.hc.client5.http.ssl.SSLConnectionSocketFactory --  issuer principal: CN=DigiCert TLS RSA SHA256 2020 CA1, O=DigiCert Inc, C=US
10:31:40.838 [main] DEBUG org.apache.hc.client5.http.impl.io.DefaultManagedHttpClientConnection -- http-outgoing-6 set socket timeout to 3 MINUTES
10:31:40.839 [main] DEBUG org.apache.hc.client5.http.impl.io.DefaultHttpClientConnectionOperator -- googlechromelabs.github.io:443 connected null->googlechromelabs.github.io/185.199.110.153:443 as http-outgoing-6
10:31:40.839 [main] DEBUG org.apache.hc.client5.http.impl.io.PoolingHttpClientConnectionManager -- ep-0000000007 connected http-outgoing-6
10:31:40.839 [main] DEBUG org.apache.hc.client5.http.impl.classic.InternalHttpClient -- ep-0000000007 endpoint connected
10:31:40.839 [main] DEBUG org.apache.hc.client5.http.impl.classic.MainClientExec -- ex-0000000007 executing GET /chrome-for-testing/LATEST_RELEASE_120.0.6099.63 HTTP/1.1
10:31:40.840 [main] DEBUG org.apache.hc.client5.http.protocol.RequestAddCookies -- ex-0000000007 Cookie spec selected: strict
10:31:40.840 [main] DEBUG org.apache.hc.client5.http.impl.classic.InternalHttpClient -- ep-0000000007 start execution ex-0000000007
10:31:40.840 [main] DEBUG org.apache.hc.client5.http.impl.io.PoolingHttpClientConnectionManager -- ep-0000000007 executing exchange ex-0000000007 over http-outgoing-6
10:31:40.840 [main] DEBUG org.apache.hc.client5.http.headers -- http-outgoing-6 >> GET /chrome-for-testing/LATEST_RELEASE_120.0.6099.63 HTTP/1.1
10:31:40.840 [main] DEBUG org.apache.hc.client5.http.headers -- http-outgoing-6 >> user-agent: Apache-HttpClient/5.0
10:31:40.841 [main] DEBUG org.apache.hc.client5.http.headers -- http-outgoing-6 >> accept-encoding: gzip, deflate, br
10:31:40.841 [main] DEBUG org.apache.hc.client5.http.headers -- http-outgoing-6 >> cache-control: max-age=0
10:31:40.841 [main] DEBUG org.apache.hc.client5.http.headers -- http-outgoing-6 >> connection: keep-alive
10:31:40.841 [main] DEBUG org.apache.hc.client5.http.headers -- http-outgoing-6 >> Host: googlechromelabs.github.io
10:31:40.841 [main] DEBUG org.apache.hc.client5.http.wire -- http-outgoing-6 >> "GET /chrome-for-testing/LATEST_RELEASE_120.0.6099.63 HTTP/1.1[\r][\n]"
10:31:40.841 [main] DEBUG org.apache.hc.client5.http.wire -- http-outgoing-6 >> "user-agent: Apache-HttpClient/5.0[\r][\n]"
10:31:40.841 [main] DEBUG org.apache.hc.client5.http.wire -- http-outgoing-6 >> "accept-encoding: gzip, deflate, br[\r][\n]"
10:31:40.841 [main] DEBUG org.apache.hc.client5.http.wire -- http-outgoing-6 >> "cache-control: max-age=0[\r][\n]"
10:31:40.841 [main] DEBUG org.apache.hc.client5.http.wire -- http-outgoing-6 >> "connection: keep-alive[\r][\n]"
10:31:40.841 [main] DEBUG org.apache.hc.client5.http.wire -- http-outgoing-6 >> "Host: googlechromelabs.github.io[\r][\n]"
10:31:40.841 [main] DEBUG org.apache.hc.client5.http.wire -- http-outgoing-6 >> "[\r][\n]"
10:31:40.885 [main] DEBUG org.apache.hc.client5.http.wire -- http-outgoing-6 << "HTTP/1.1 404 Not Found[\r][\n]"
10:31:40.885 [main] DEBUG org.apache.hc.client5.http.wire -- http-outgoing-6 << "Connection: keep-alive[\r][\n]"
10:31:40.886 [main] DEBUG org.apache.hc.client5.http.wire -- http-outgoing-6 << "Content-Length: 5254[\r][\n]"
10:31:40.886 [main] DEBUG org.apache.hc.client5.http.wire -- http-outgoing-6 << "Server: GitHub.com[\r][\n]"
10:31:40.886 [main] DEBUG org.apache.hc.client5.http.wire -- http-outgoing-6 << "Content-Type: text/html; charset=utf-8[\r][\n]"
10:31:40.886 [main] DEBUG org.apache.hc.client5.http.wire -- http-outgoing-6 << "permissions-policy: interest-cohort=()[\r][\n]"
10:31:40.886 [main] DEBUG org.apache.hc.client5.http.wire -- http-outgoing-6 << "x-origin-cache: HIT[\r][\n]"
10:31:40.886 [main] DEBUG org.apache.hc.client5.http.wire -- http-outgoing-6 << "Access-Control-Allow-Origin: *[\r][\n]"
10:31:40.886 [main] DEBUG org.apache.hc.client5.http.wire -- http-outgoing-6 << "Strict-Transport-Security: max-age=31556952[\r][\n]"
10:31:40.886 [main] DEBUG org.apache.hc.client5.http.wire -- http-outgoing-6 << "ETag: W/"64d39a40-24a3"[\r][\n]"
10:31:40.886 [main] DEBUG org.apache.hc.client5.http.wire -- http-outgoing-6 << "Content-Security-Policy: default-src 'none'; style-src 'unsafe-inline'; img-src data:; connect-src 'self'[\r][\n]"
10:31:40.886 [main] DEBUG org.apache.hc.client5.http.wire -- http-outgoing-6 << "Content-Encoding: gzip[\r][\n]"
10:31:40.886 [main] DEBUG org.apache.hc.client5.http.wire -- http-outgoing-6 << "x-proxy-cache: MISS[\r][\n]"
10:31:40.886 [main] DEBUG org.apache.hc.client5.http.wire -- http-outgoing-6 << "X-GitHub-Request-Id: D770:36888F:8DAD80:90719A:658D4063[\r][\n]"
10:31:40.886 [main] DEBUG org.apache.hc.client5.http.wire -- http-outgoing-6 << "Accept-Ranges: bytes[\r][\n]"
10:31:40.886 [main] DEBUG org.apache.hc.client5.http.wire -- http-outgoing-6 << "Date: Thu, 28 Dec 2023 09:31:42 GMT[\r][\n]"
10:31:40.886 [main] DEBUG org.apache.hc.client5.http.wire -- http-outgoing-6 << "Via: 1.1 varnish[\r][\n]"
10:31:40.886 [main] DEBUG org.apache.hc.client5.http.wire -- http-outgoing-6 << "Age: 26[\r][\n]"
10:31:40.886 [main] DEBUG org.apache.hc.client5.http.wire -- http-outgoing-6 << "X-Served-By: cache-mad2200124-MAD[\r][\n]"
10:31:40.886 [main] DEBUG org.apache.hc.client5.http.wire -- http-outgoing-6 << "X-Cache: HIT[\r][\n]"
10:31:40.886 [main] DEBUG org.apache.hc.client5.http.wire -- http-outgoing-6 << "X-Cache-Hits: 1[\r][\n]"
10:31:40.886 [main] DEBUG org.apache.hc.client5.http.wire -- http-outgoing-6 << "X-Timer: S1703755902.371320,VS0,VE5[\r][\n]"
10:31:40.886 [main] DEBUG org.apache.hc.client5.http.wire -- http-outgoing-6 << "Vary: Accept-Encoding[\r][\n]"
10:31:40.886 [main] DEBUG org.apache.hc.client5.http.wire -- http-outgoing-6 << "X-Fastly-Request-ID: 6a3e20cd9257922fcc4748b52440ed3bde4bd017[\r][\n]"
10:31:40.886 [main] DEBUG org.apache.hc.client5.http.wire -- http-outgoing-6 << "[\r][\n]"
10:31:40.887 [main] DEBUG org.apache.hc.client5.http.headers -- http-outgoing-6 << HTTP/1.1 404 Not Found
10:31:40.887 [main] DEBUG org.apache.hc.client5.http.headers -- http-outgoing-6 << Connection: keep-alive
10:31:40.887 [main] DEBUG org.apache.hc.client5.http.headers -- http-outgoing-6 << Content-Length: 5254
10:31:40.887 [main] DEBUG org.apache.hc.client5.http.headers -- http-outgoing-6 << Server: GitHub.com
10:31:40.887 [main] DEBUG org.apache.hc.client5.http.headers -- http-outgoing-6 << Content-Type: text/html; charset=utf-8
10:31:40.887 [main] DEBUG org.apache.hc.client5.http.headers -- http-outgoing-6 << permissions-policy: interest-cohort=()
10:31:40.887 [main] DEBUG org.apache.hc.client5.http.headers -- http-outgoing-6 << x-origin-cache: HIT
10:31:40.887 [main] DEBUG org.apache.hc.client5.http.headers -- http-outgoing-6 << Access-Control-Allow-Origin: *
10:31:40.887 [main] DEBUG org.apache.hc.client5.http.headers -- http-outgoing-6 << Strict-Transport-Security: max-age=31556952
10:31:40.887 [main] DEBUG org.apache.hc.client5.http.headers -- http-outgoing-6 << ETag: W/"64d39a40-24a3"
10:31:40.887 [main] DEBUG org.apache.hc.client5.http.headers -- http-outgoing-6 << Content-Security-Policy: default-src 'none'; style-src 'unsafe-inline'; img-src data:; connect-src 'self'
10:31:40.887 [main] DEBUG org.apache.hc.client5.http.headers -- http-outgoing-6 << Content-Encoding: gzip
10:31:40.887 [main] DEBUG org.apache.hc.client5.http.headers -- http-outgoing-6 << x-proxy-cache: MISS
10:31:40.887 [main] DEBUG org.apache.hc.client5.http.headers -- http-outgoing-6 << X-GitHub-Request-Id: D770:36888F:8DAD80:90719A:658D4063
10:31:40.887 [main] DEBUG org.apache.hc.client5.http.headers -- http-outgoing-6 << Accept-Ranges: bytes
10:31:40.888 [main] DEBUG org.apache.hc.client5.http.headers -- http-outgoing-6 << Date: Thu, 28 Dec 2023 09:31:42 GMT
10:31:40.888 [main] DEBUG org.apache.hc.client5.http.headers -- http-outgoing-6 << Via: 1.1 varnish
10:31:40.888 [main] DEBUG org.apache.hc.client5.http.headers -- http-outgoing-6 << Age: 26
10:31:40.888 [main] DEBUG org.apache.hc.client5.http.headers -- http-outgoing-6 << X-Served-By: cache-mad2200124-MAD
10:31:40.888 [main] DEBUG org.apache.hc.client5.http.headers -- http-outgoing-6 << X-Cache: HIT
10:31:40.888 [main] DEBUG org.apache.hc.client5.http.headers -- http-outgoing-6 << X-Cache-Hits: 1
10:31:40.888 [main] DEBUG org.apache.hc.client5.http.headers -- http-outgoing-6 << X-Timer: S1703755902.371320,VS0,VE5
10:31:40.888 [main] DEBUG org.apache.hc.client5.http.headers -- http-outgoing-6 << Vary: Accept-Encoding
10:31:40.888 [main] DEBUG org.apache.hc.client5.http.headers -- http-outgoing-6 << X-Fastly-Request-ID: 6a3e20cd9257922fcc4748b52440ed3bde4bd017
10:31:40.888 [main] DEBUG org.apache.hc.client5.http.impl.classic.MainClientExec -- ex-0000000007 connection can be kept alive for 3 MINUTES
10:31:40.888 [main] ERROR io.github.bonigarcia.wdm.online.HttpClient -- Error HTTP 404 executing https://googlechromelabs.github.io/chrome-for-testing/LATEST_RELEASE_120.0.6099.63
10:31:40.888 [main] WARN io.github.bonigarcia.wdm.versions.VersionDetector -- Exception reading https://googlechromelabs.github.io/chrome-for-testing/LATEST_RELEASE_120.0.6099.63 to get latest version of chromedriver (Error HTTP 404 executing https://googlechromelabs.github.io/chrome-for-testing/LATEST_RELEASE_120.0.6099.63)
10:31:40.888 [main] DEBUG io.github.bonigarcia.wdm.versions.VersionDetector -- Getting driver version for chrome120.0.6099.63 from online versions.properties
10:31:40.890 [main] DEBUG org.apache.hc.client5.http.impl.classic.InternalHttpClient -- ex-0000000008 preparing request execution
10:31:40.891 [main] DEBUG org.apache.hc.client5.http.impl.classic.ProtocolExec -- ex-0000000008 target auth state: UNCHALLENGED
10:31:40.892 [main] DEBUG org.apache.hc.client5.http.impl.classic.ProtocolExec -- ex-0000000008 proxy auth state: UNCHALLENGED
10:31:40.892 [main] DEBUG org.apache.hc.client5.http.impl.classic.ConnectExec -- ex-0000000008 acquiring connection with route {s}->https://raw.githubusercontent.com:443
10:31:40.892 [main] DEBUG org.apache.hc.client5.http.impl.classic.InternalHttpClient -- ex-0000000008 acquiring endpoint (3 MINUTES)
10:31:40.892 [main] DEBUG org.apache.hc.client5.http.impl.io.PoolingHttpClientConnectionManager -- ex-0000000008 endpoint lease request (3 MINUTES) [route: {s}->https://raw.githubusercontent.com:443][total available: 0; route allocated: 0 of 5; total allocated: 1 of 25]
10:31:40.892 [main] DEBUG org.apache.hc.client5.http.impl.io.PoolingHttpClientConnectionManager -- ex-0000000008 endpoint leased [route: {s}->https://raw.githubusercontent.com:443][total available: 0; route allocated: 1 of 5; total allocated: 2 of 25]
10:31:40.892 [main] DEBUG org.apache.hc.client5.http.impl.io.PoolingHttpClientConnectionManager -- ex-0000000008 acquired ep-0000000008
10:31:40.892 [main] DEBUG org.apache.hc.client5.http.impl.classic.InternalHttpClient -- ex-0000000008 acquired endpoint ep-0000000008
10:31:40.892 [main] DEBUG org.apache.hc.client5.http.impl.classic.ConnectExec -- ex-0000000008 opening connection {s}->https://raw.githubusercontent.com:443
10:31:40.892 [main] DEBUG org.apache.hc.client5.http.impl.classic.InternalHttpClient -- ep-0000000008 connecting endpoint (null)
10:31:40.892 [main] DEBUG org.apache.hc.client5.http.impl.io.PoolingHttpClientConnectionManager -- ep-0000000008 connecting endpoint to https://raw.githubusercontent.com:443 (30 SECONDS)
10:31:40.892 [main] DEBUG org.apache.hc.client5.http.impl.io.DefaultHttpClientConnectionOperator -- raw.githubusercontent.com resolving remote address
10:31:40.892 [main] DEBUG org.apache.hc.client5.http.impl.io.DefaultHttpClientConnectionOperator -- raw.githubusercontent.com resolved to [raw.githubusercontent.com/185.199.109.133, raw.githubusercontent.com/185.199.110.133, raw.githubusercontent.com/185.199.108.133, raw.githubusercontent.com/185.199.111.133]
10:31:40.893 [main] DEBUG org.apache.hc.client5.http.impl.io.DefaultHttpClientConnectionOperator -- raw.githubusercontent.com:443 connecting null->raw.githubusercontent.com/185.199.109.133:443 (30 SECONDS)
10:31:40.893 [main] DEBUG org.apache.hc.client5.http.ssl.SSLConnectionSocketFactory -- Connecting socket to raw.githubusercontent.com/185.199.109.133:443 with timeout 30 SECONDS
10:31:40.931 [main] DEBUG org.apache.hc.client5.http.ssl.SSLConnectionSocketFactory -- Enabled protocols: [TLSv1.3, TLSv1.2]
10:31:40.931 [main] DEBUG org.apache.hc.client5.http.ssl.SSLConnectionSocketFactory -- Enabled cipher suites: [TLS_AES_256_GCM_SHA384, TLS_AES_128_GCM_SHA256, TLS_CHACHA20_POLY1305_SHA256, TLS_ECDHE_ECDSA_WITH_AES_256_GCM_SHA384, TLS_ECDHE_ECDSA_WITH_AES_128_GCM_SHA256, TLS_ECDHE_ECDSA_WITH_CHACHA20_POLY1305_SHA256, TLS_ECDHE_RSA_WITH_AES_256_GCM_SHA384, TLS_ECDHE_RSA_WITH_CHACHA20_POLY1305_SHA256, TLS_ECDHE_RSA_WITH_AES_128_GCM_SHA256, TLS_DHE_RSA_WITH_AES_256_GCM_SHA384, TLS_DHE_RSA_WITH_CHACHA20_POLY1305_SHA256, TLS_DHE_DSS_WITH_AES_256_GCM_SHA384, TLS_DHE_RSA_WITH_AES_128_GCM_SHA256, TLS_DHE_DSS_WITH_AES_128_GCM_SHA256, TLS_ECDHE_ECDSA_WITH_AES_256_CBC_SHA384, TLS_ECDHE_RSA_WITH_AES_256_CBC_SHA384, TLS_ECDHE_ECDSA_WITH_AES_128_CBC_SHA256, TLS_ECDHE_RSA_WITH_AES_128_CBC_SHA256, TLS_DHE_RSA_WITH_AES_256_CBC_SHA256, TLS_DHE_DSS_WITH_AES_256_CBC_SHA256, TLS_DHE_RSA_WITH_AES_128_CBC_SHA256, TLS_DHE_DSS_WITH_AES_128_CBC_SHA256, TLS_ECDHE_ECDSA_WITH_AES_256_CBC_SHA, TLS_ECDHE_RSA_WITH_AES_256_CBC_SHA, TLS_ECDHE_ECDSA_WITH_AES_128_CBC_SHA, TLS_ECDHE_RSA_WITH_AES_128_CBC_SHA, TLS_DHE_RSA_WITH_AES_256_CBC_SHA, TLS_DHE_DSS_WITH_AES_256_CBC_SHA, TLS_DHE_RSA_WITH_AES_128_CBC_SHA, TLS_DHE_DSS_WITH_AES_128_CBC_SHA, TLS_RSA_WITH_AES_256_GCM_SHA384, TLS_RSA_WITH_AES_128_GCM_SHA256, TLS_RSA_WITH_AES_256_CBC_SHA256, TLS_RSA_WITH_AES_128_CBC_SHA256, TLS_RSA_WITH_AES_256_CBC_SHA, TLS_RSA_WITH_AES_128_CBC_SHA, TLS_EMPTY_RENEGOTIATION_INFO_SCSV]
10:31:40.931 [main] DEBUG org.apache.hc.client5.http.ssl.SSLConnectionSocketFactory -- Starting handshake (null)
10:31:40.987 [main] DEBUG org.apache.hc.client5.http.ssl.SSLConnectionSocketFactory -- Secure session established
10:31:40.987 [main] DEBUG org.apache.hc.client5.http.ssl.SSLConnectionSocketFactory --  negotiated protocol: TLSv1.3
10:31:40.987 [main] DEBUG org.apache.hc.client5.http.ssl.SSLConnectionSocketFactory --  negotiated cipher suite: TLS_AES_128_GCM_SHA256
10:31:40.987 [main] DEBUG org.apache.hc.client5.http.ssl.SSLConnectionSocketFactory --  peer principal: CN=*.github.io, O="GitHub, Inc.", L=San Francisco, ST=California, C=US
10:31:40.987 [main] DEBUG org.apache.hc.client5.http.ssl.SSLConnectionSocketFactory --  peer alternative names: [*.github.io, github.io, *.github.com, github.com, www.github.com, *.githubusercontent.com, githubusercontent.com]
10:31:40.987 [main] DEBUG org.apache.hc.client5.http.ssl.SSLConnectionSocketFactory --  issuer principal: CN=DigiCert TLS RSA SHA256 2020 CA1, O=DigiCert Inc, C=US
10:31:40.987 [main] DEBUG org.apache.hc.client5.http.impl.io.DefaultManagedHttpClientConnection -- http-outgoing-7 set socket timeout to 3 MINUTES
10:31:40.987 [main] DEBUG org.apache.hc.client5.http.impl.io.DefaultHttpClientConnectionOperator -- raw.githubusercontent.com:443 connected null->raw.githubusercontent.com/185.199.109.133:443 as http-outgoing-7
10:31:40.987 [main] DEBUG org.apache.hc.client5.http.impl.io.PoolingHttpClientConnectionManager -- ep-0000000008 connected http-outgoing-7
10:31:40.987 [main] DEBUG org.apache.hc.client5.http.impl.classic.InternalHttpClient -- ep-0000000008 endpoint connected
10:31:40.987 [main] DEBUG org.apache.hc.client5.http.impl.classic.MainClientExec -- ex-0000000008 executing GET /bonigarcia/webdrivermanager/master/src/main/resources/versions.properties HTTP/1.1
10:31:40.988 [main] DEBUG org.apache.hc.client5.http.protocol.RequestAddCookies -- ex-0000000008 Cookie spec selected: strict
10:31:40.988 [main] DEBUG org.apache.hc.client5.http.impl.classic.InternalHttpClient -- ep-0000000008 start execution ex-0000000008
10:31:40.988 [main] DEBUG org.apache.hc.client5.http.impl.io.PoolingHttpClientConnectionManager -- ep-0000000008 executing exchange ex-0000000008 over http-outgoing-7
10:31:40.988 [main] DEBUG org.apache.hc.client5.http.headers -- http-outgoing-7 >> GET /bonigarcia/webdrivermanager/master/src/main/resources/versions.properties HTTP/1.1
10:31:40.988 [main] DEBUG org.apache.hc.client5.http.headers -- http-outgoing-7 >> user-agent: Apache-HttpClient/5.0
10:31:40.988 [main] DEBUG org.apache.hc.client5.http.headers -- http-outgoing-7 >> accept-encoding: gzip, deflate, br
10:31:40.988 [main] DEBUG org.apache.hc.client5.http.headers -- http-outgoing-7 >> cache-control: max-age=0
10:31:40.988 [main] DEBUG org.apache.hc.client5.http.headers -- http-outgoing-7 >> connection: keep-alive
10:31:40.988 [main] DEBUG org.apache.hc.client5.http.headers -- http-outgoing-7 >> Host: raw.githubusercontent.com
10:31:40.989 [main] DEBUG org.apache.hc.client5.http.wire -- http-outgoing-7 >> "GET /bonigarcia/webdrivermanager/master/src/main/resources/versions.properties HTTP/1.1[\r][\n]"
10:31:40.989 [main] DEBUG org.apache.hc.client5.http.wire -- http-outgoing-7 >> "user-agent: Apache-HttpClient/5.0[\r][\n]"
10:31:40.989 [main] DEBUG org.apache.hc.client5.http.wire -- http-outgoing-7 >> "accept-encoding: gzip, deflate, br[\r][\n]"
10:31:40.989 [main] DEBUG org.apache.hc.client5.http.wire -- http-outgoing-7 >> "cache-control: max-age=0[\r][\n]"
10:31:40.989 [main] DEBUG org.apache.hc.client5.http.wire -- http-outgoing-7 >> "connection: keep-alive[\r][\n]"
10:31:40.989 [main] DEBUG org.apache.hc.client5.http.wire -- http-outgoing-7 >> "Host: raw.githubusercontent.com[\r][\n]"
10:31:40.989 [main] DEBUG org.apache.hc.client5.http.wire -- http-outgoing-7 >> "[\r][\n]"
10:31:41.031 [main] DEBUG org.apache.hc.client5.http.wire -- http-outgoing-7 << "HTTP/1.1 200 OK[\r][\n]"
10:31:41.031 [main] DEBUG org.apache.hc.client5.http.wire -- http-outgoing-7 << "Connection: keep-alive[\r][\n]"
10:31:41.031 [main] DEBUG org.apache.hc.client5.http.wire -- http-outgoing-7 << "Content-Length: 1653[\r][\n]"
10:31:41.031 [main] DEBUG org.apache.hc.client5.http.wire -- http-outgoing-7 << "Cache-Control: max-age=300[\r][\n]"
10:31:41.031 [main] DEBUG org.apache.hc.client5.http.wire -- http-outgoing-7 << "Content-Security-Policy: default-src 'none'; style-src 'unsafe-inline'; sandbox[\r][\n]"
10:31:41.031 [main] DEBUG org.apache.hc.client5.http.wire -- http-outgoing-7 << "Content-Type: text/plain; charset=utf-8[\r][\n]"
10:31:41.031 [main] DEBUG org.apache.hc.client5.http.wire -- http-outgoing-7 << "ETag: W/"de56f96e4580ae55450ed6a794662cbdb2b39827f9709095aa3e1e7f6914629d"[\r][\n]"
10:31:41.031 [main] DEBUG org.apache.hc.client5.http.wire -- http-outgoing-7 << "Strict-Transport-Security: max-age=31536000[\r][\n]"
10:31:41.031 [main] DEBUG org.apache.hc.client5.http.wire -- http-outgoing-7 << "X-Content-Type-Options: nosniff[\r][\n]"
10:31:41.031 [main] DEBUG org.apache.hc.client5.http.wire -- http-outgoing-7 << "X-Frame-Options: deny[\r][\n]"
10:31:41.031 [main] DEBUG org.apache.hc.client5.http.wire -- http-outgoing-7 << "X-XSS-Protection: 1; mode=block[\r][\n]"
10:31:41.031 [main] DEBUG org.apache.hc.client5.http.wire -- http-outgoing-7 << "X-GitHub-Request-Id: D5BE:3DFCCC:2516CE:27975C:658D16A0[\r][\n]"
10:31:41.031 [main] DEBUG org.apache.hc.client5.http.wire -- http-outgoing-7 << "Content-Encoding: gzip[\r][\n]"
10:31:41.031 [main] DEBUG org.apache.hc.client5.http.wire -- http-outgoing-7 << "Accept-Ranges: bytes[\r][\n]"
10:31:41.031 [main] DEBUG org.apache.hc.client5.http.wire -- http-outgoing-7 << "Date: Thu, 28 Dec 2023 09:31:42 GMT[\r][\n]"
10:31:41.031 [main] DEBUG org.apache.hc.client5.http.wire -- http-outgoing-7 << "Via: 1.1 varnish[\r][\n]"
10:31:41.031 [main] DEBUG org.apache.hc.client5.http.wire -- http-outgoing-7 << "X-Served-By: cache-mad22024-MAD[\r][\n]"
10:31:41.032 [main] DEBUG org.apache.hc.client5.http.wire -- http-outgoing-7 << "X-Cache: HIT[\r][\n]"
10:31:41.032 [main] DEBUG org.apache.hc.client5.http.wire -- http-outgoing-7 << "X-Cache-Hits: 1[\r][\n]"
10:31:41.032 [main] DEBUG org.apache.hc.client5.http.wire -- http-outgoing-7 << "X-Timer: S1703755903.519715,VS0,VE3[\r][\n]"
10:31:41.032 [main] DEBUG org.apache.hc.client5.http.wire -- http-outgoing-7 << "Vary: Authorization,Accept-Encoding,Origin[\r][\n]"
10:31:41.032 [main] DEBUG org.apache.hc.client5.http.wire -- http-outgoing-7 << "Access-Control-Allow-Origin: *[\r][\n]"
10:31:41.032 [main] DEBUG org.apache.hc.client5.http.wire -- http-outgoing-7 << "Cross-Origin-Resource-Policy: cross-origin[\r][\n]"
10:31:41.032 [main] DEBUG org.apache.hc.client5.http.wire -- http-outgoing-7 << "X-Fastly-Request-ID: eb05391a90b91cd79ba731b7bf9f376d9592a644[\r][\n]"
10:31:41.032 [main] DEBUG org.apache.hc.client5.http.wire -- http-outgoing-7 << "Expires: Thu, 28 Dec 2023 09:36:42 GMT[\r][\n]"
10:31:41.032 [main] DEBUG org.apache.hc.client5.http.wire -- http-outgoing-7 << "Source-Age: 26[\r][\n]"
10:31:41.032 [main] DEBUG org.apache.hc.client5.http.wire -- http-outgoing-7 << "[\r][\n]"
10:31:41.032 [main] DEBUG org.apache.hc.client5.http.headers -- http-outgoing-7 << HTTP/1.1 200 OK
10:31:41.032 [main] DEBUG org.apache.hc.client5.http.headers -- http-outgoing-7 << Connection: keep-alive
10:31:41.032 [main] DEBUG org.apache.hc.client5.http.headers -- http-outgoing-7 << Content-Length: 1653
10:31:41.032 [main] DEBUG org.apache.hc.client5.http.headers -- http-outgoing-7 << Cache-Control: max-age=300
10:31:41.032 [main] DEBUG org.apache.hc.client5.http.headers -- http-outgoing-7 << Content-Security-Policy: default-src 'none'; style-src 'unsafe-inline'; sandbox
10:31:41.032 [main] DEBUG org.apache.hc.client5.http.headers -- http-outgoing-7 << Content-Type: text/plain; charset=utf-8
10:31:41.032 [main] DEBUG org.apache.hc.client5.http.headers -- http-outgoing-7 << ETag: W/"de56f96e4580ae55450ed6a794662cbdb2b39827f9709095aa3e1e7f6914629d"
10:31:41.032 [main] DEBUG org.apache.hc.client5.http.headers -- http-outgoing-7 << Strict-Transport-Security: max-age=31536000
10:31:41.032 [main] DEBUG org.apache.hc.client5.http.headers -- http-outgoing-7 << X-Content-Type-Options: nosniff
10:31:41.032 [main] DEBUG org.apache.hc.client5.http.headers -- http-outgoing-7 << X-Frame-Options: deny
10:31:41.033 [main] DEBUG org.apache.hc.client5.http.headers -- http-outgoing-7 << X-XSS-Protection: 1; mode=block
10:31:41.033 [main] DEBUG org.apache.hc.client5.http.headers -- http-outgoing-7 << X-GitHub-Request-Id: D5BE:3DFCCC:2516CE:27975C:658D16A0
10:31:41.033 [main] DEBUG org.apache.hc.client5.http.headers -- http-outgoing-7 << Content-Encoding: gzip
10:31:41.033 [main] DEBUG org.apache.hc.client5.http.headers -- http-outgoing-7 << Accept-Ranges: bytes
10:31:41.033 [main] DEBUG org.apache.hc.client5.http.headers -- http-outgoing-7 << Date: Thu, 28 Dec 2023 09:31:42 GMT
10:31:41.033 [main] DEBUG org.apache.hc.client5.http.headers -- http-outgoing-7 << Via: 1.1 varnish
10:31:41.033 [main] DEBUG org.apache.hc.client5.http.headers -- http-outgoing-7 << X-Served-By: cache-mad22024-MAD
10:31:41.033 [main] DEBUG org.apache.hc.client5.http.headers -- http-outgoing-7 << X-Cache: HIT
10:31:41.033 [main] DEBUG org.apache.hc.client5.http.headers -- http-outgoing-7 << X-Cache-Hits: 1
10:31:41.033 [main] DEBUG org.apache.hc.client5.http.headers -- http-outgoing-7 << X-Timer: S1703755903.519715,VS0,VE3
10:31:41.033 [main] DEBUG org.apache.hc.client5.http.headers -- http-outgoing-7 << Vary: Authorization,Accept-Encoding,Origin
10:31:41.033 [main] DEBUG org.apache.hc.client5.http.headers -- http-outgoing-7 << Access-Control-Allow-Origin: *
10:31:41.033 [main] DEBUG org.apache.hc.client5.http.headers -- http-outgoing-7 << Cross-Origin-Resource-Policy: cross-origin
10:31:41.033 [main] DEBUG org.apache.hc.client5.http.headers -- http-outgoing-7 << X-Fastly-Request-ID: eb05391a90b91cd79ba731b7bf9f376d9592a644
10:31:41.033 [main] DEBUG org.apache.hc.client5.http.headers -- http-outgoing-7 << Expires: Thu, 28 Dec 2023 09:36:42 GMT
10:31:41.033 [main] DEBUG org.apache.hc.client5.http.headers -- http-outgoing-7 << Source-Age: 26
10:31:41.033 [main] DEBUG org.apache.hc.client5.http.impl.classic.MainClientExec -- ex-0000000008 connection can be kept alive for 3 MINUTES
10:31:41.035 [main] DEBUG org.apache.hc.client5.http.wire -- http-outgoing-7 << "[0x1f][0xffffff8b][0x8][0x0][0x0][0x0][0x0][0x0][0x0][0x3][0xffffff8d][0xffffff97]Mo[0xffffffe3]6[0x10][0xffffff86][0xffffffef][0xfffffff9][0x15][0x2]z[0xffffff8e][0xffffffcc][0xffffffcf]![0x19][0xffffff80][0xffffff97]~[0xffffff9e][0xffffff8a][0x1e][0xffffffda]?[0xffffffe0][0xffffffb5][0xffffff95]DX[0xffffffc7][\n]"
10:31:41.036 [main] DEBUG org.apache.hc.client5.http.wire -- http-outgoing-7 << "lg[0xffffffb3][0xffffffe8][0xffffffaf][0xffffffef][0xc][0xffffffc9][0xffffffa1]h[0xffffffaa][0x5]z[0x8]v[0xffffffe7][0xffffffb1]D[0xffffffce][0xffffff90][0xffffffd4][0xffffffcb]w~[0x18][0xfffffffe]z[0xffffff9d][0xffffffaf][0xffffffc3][0xfffffff3]|[0xffffff9a][0xffffff86][0xffffffc3]r[0xffffffbe][0xffffffed][0xffffffe7][0xfffffff3]u[0xffffffb8][0xffffffbd]N[0xffffffc3][0xffffffd7][0xfffffff3][0xfffffff2]y[0x1e][0xffffff8e][0xffffff97][0xfffffff9][0xffffffdb]t[0x19][0xfffffff0][0xffffffef]:/[0xfffffff8][0xffffffcb]ay{[0xffffffdf][0xffffffdf][0xffffffe6]/[0xfffffff8][0xfffffff4][0xffffffe7]|{MO[0x1e][0xffffff96][0xffffffcb]e[0xffffffba][0xffffffbe]/[0xffffffe7][0xffffffe3]|~[0x19][0xffffffbe]\[0xffffff96][0xffffffcf][0xffffffeb][0xfffffffa][0xffffffca][0xffffffc3][0xffffffc3][0xf][0xffffffc3][0xffffff8f][0x19]=[\r][0xffffffbf]-[0xffffffcb][0xb][0xffffffbe][0xfffffff9][0xffffffd3][0xffffffeb]ey[0xffffff9b][0xffffff86][0xfffffffd][0xfffffff9][0xffffff98][0xffffffff];[0x7f][0xffffffbc][\r][0xffffff8f][0xffffffc3][0xffffffcf]i[0xffffffaa][0xffffffa7][0xffffffe1][0xffffff90]~[0xffffffcd][0x13][0xffffffe3][0xffffffcb][0x7f].[0x1f][0xffffff97][0xffffffc3][0xfffffff4]4[0xffffffbc][0xffffffde]n[0xffffffef]O[0xffffffbb]][0xfffffffb][0xffffffeb]x(o[0xffffff8f][0xffffffcb][0xffffffe5]ew[0xffffffc4]|O[0xffffffcb][0xfffffffe]x}[0xffffffc8][0xffffffcf]Hi"[0xfffffffe][0xffffff8d]b[0xffffffb4]N[0xffffffdb]1[0xffffff88][0xffffffca]5rM[0x1c][0xffffff9c][0x1a]AW[0xffffffae][0xffffff90][0xffffffab][0xffffffc4][0xffffffa5][0x1d]M[0xffffffa8]\"[0xffffff97][0xffffffc4]-[0xffffffe8][0x11]L[0xffffffe5][0x2][0xffffffb9] n[0xffffffbc][0x1c][0xffffff9d]c.B[0xffffffc4][0xffffffbf][0xffffffc4]qzW[0xffffff9f][0x17][0x1e][0xffffffb9]'[0xffffffae]m[0x18][0xffffff9d][0xffffffac][0xffffffdc]!w[0xffffff89][0xb]3[0xffffff82][0xffffffaa][0x1c][0xffffff90][0x3]qe[0xffffffc2][0x8][0xffffffeb][0xfffffff3][0x16][0xffffffb9]%.[0xffffff83][0xffffffc5][0x1f]+[0xffffffc7]zE[0xffffffaa][0xffffff97][0xffffffca]p5[0x7f][0xffffff81][0xfffffff5][0xffffff8a]T[0xffffffaf][0x0]1J[0xffffffbd]&[0xffffff84][0x5][0xffffff8b]T[0xffffffb0][0xffffffc0][0xfffffff1][0xffffff9a][0x9][0xffffffb0]`A[0x5][0xffffff9b]`[0xffffffe5]hV[0xffffff8e][0x5][0xb]*[0xffffffd8][0xfffffff8][0x0]#[0xfffffff0][0xffffff82][0xffffff86][0x10]CH[0xffffffd4][0x18][0xffffff9c][0xffffff9b][0xffffffa9][0xffffff8f][0xffffff81][0xffffff8a]5[0xffffffce][0xfffffffa][0x11][0xffffffa7]a[0xffffffec]b[0xffffffa0]Z[\r][0x4][0xffffffb5][0xffffffae]A[0xffffff80][0x18] Q0[0xffffffa3][0xffffffb1]Lm[0xc]6Q[0xffffffed]G[0xffffffe0]z[0xffffff82][0xffffff89][0xffffffc1]$[0xffffff8a][0xffffff8b][0xffffff83][0x1b][0xffffffc9]X[0xffffffc7]@E[0x1a][0xffffffeb][0xffffffdc][0xffffffba][0xffffffa9]A[0xffffffc5][0xffffffa0][0x12][0xffffffc5]-[0xffffffc5]Uf,cH[0x5][0x1a]<[0x1]X+c[0x11]C[0xffffffaa][0xffffffcf]h1*^'[0x1f][0xffffffa2]O[0xfffffff5]i[0xfffffffc]G[0xfffffff1][0xffffffc8][0xffffffde]G[0xffffff9f][0xffffffea][0xffffffd3][0xffffffca][0xffffff8c][0x1][0xffffff98][0xffffffba][0xffffffe8]Sy[0xffffffca][0xffffff8b][0xffffffd1]{[0xffffffa6][0x10]}*O[0x19][0x1c][0xffffff97][0xffffff97][0xffffffc2][0xffffffdb][0xffffffe8]Sy[0xffffffd2][0xffffffeb][0xffffffd1]sj[0xffffffde]D[0xffffff9f][0xffffffca][0xffffff93][0xffffffc6][0xffffff8d][0xffffff9a][0xffffffd7][0xffffffd8][0xffffffeb][0xffffffe8]Su[0xffffffb4][0xffffff93][0xffffff9a][0xffffff97][0xffffffc2][0xffffffcb][0xffffffe8]S[0x19][0x2]W^[0xffffffea]:[0xffffff9d][0xffffff88][0xffffff9e][0xffffffca][0xffffffd0][0x1]s[0xffffffc1]#T[0xffffffb0][0xb][0xffffffd1][0xffffff85][0xffffff84][0xffffff8d][0x1d]u[0xffffffa5]>:[0xffffff9f]([0xffffff9e][0x1d]<W[0xffffff8c]]tT[0xffffff88][0xfffffff6][0xffffff80][0xffffffdf][0x2][0xffffffa7][0xffffffe1] :H[0x14][0xf][0xffffffb8]Tu[0xc][0x1b][0x1d]U[0xffffffa2][0xffffff9d][0xffffffc3][0x3][0xffffffb6]>m[0xffffffa2]3[0x9]+<[0xffffffbf][0xc]utT[0xffffff89][0x6],[0x8]8e[0xffffffa7][0xffffffa2][0xffffffc2][0x1d][0xffffffe5]H[0xffffffde]E[0xffffff82]"N[0xc][0x2]E[0xffffffbc]7[0xffffffe0])[0xffffffe2][0x15][0x5]G[0x11][0xffffffef]&[0x0]E[0xffffff9c][0xc]X[0xffffff8c][0xffffffea][0x12][0xffffff81][0xffffffa1][0xffffff88][0xffffffd7][0x1c]4E<[0x1f]P.[0xffffffba][0xffffffce]G[0xffffffb9][0xffffffd4]o[0x6]([0x17][0xffffffad][0xffffffef]T[0xffffffed][0xfffffff7][0xffffffe5][0xffffffef][0xfffffff9]t[0xffffffda][0xf][0xffffffbf][0xffffffce][0xffffff97][0xffffffe9]y[0xfffffff9][0xffffffde]H[0xffffffd9][0xffffffcb]t[0xfffffff8][0xffffffba][0xfffffffc][0xffffffab][0xffffff92]]Q[0xffffffca]^P@?[0xffffffbe][0xffffff8c]([0xffffffa9][0xffffffbb][0xffffffb7]<[0xffffffc4][0xffffffae]yaw[0xffffff99]N[0xffffffd3][0xfffffffe]:][0x1f][0xffffff9e][0xfffffff3][0xffffffb8]R[0xffffff89][0xffffff88][0xffffffcb][0xffffff86]kW[0xffffff89][0xc][0x1b][0xffffffe2]7[0xffffffc4]m[0x8]l[0xffffff88][0xffffffdd][0x10][0xffffffb3]!zC[0xffffffd4][0xffffff86][0xffffffc8][\r]I9[0xffffffab]QU"B&[0xffffffeb]3[0xffffffc2]o[0xffffff88][0xffffffdb][0x10][0xffffffd8][0x10][0xffffffbb]!)g[0xffffffd9][0x12][0xffffffbd]!jC[0xffffffe4][0xffffff86][0xffffff88][0xffffff8e][0xffffff84][0xffffffd0][0x3][0xffffffdf][0x3][0xffffffd7][0x3][0xffffffe8][0xffffff81][0xffffffed]A[0xffffff9f]m[0xffffffe8][0xffffff93][\r]}[0xffffffae][0xffffffa1]O5P[0xffffffa6][0xfffffff8]m5`<[0xffffffcd][0xffffffe7][0xffffff8f][0xffffffef][0x19]K[0xffffffc6]>t[0xffffffcf]y[0xffffffdf][0x3][0xffffffd7][0x3][0xffffffe8][0xffffff81][0xffffffed][0xffffff81][0xffffffe9][0x1][0x15][0xffffffa0]|[0x3]T[0xf][0xffffffa8][0x0][0xffffffe5][0x1a] :[0xffffffe0]B[0xf]R[0xffffffa6][0xffffffd0][0x0][0xffffffd7][0x3][0xffffffe8][0xffffff81][0xffffffed][0xffffff81][0xffffffe9][0xffffff81][0xffffffee][0xffffff81][0xffffffea][0xffffff81][0xffffffec][0xffffff81][0xffffffe8][0x0][0xffffff84][0x1e][0xffffffa4]Lm[0x3]R[0xffffffa6][0xffffffa6][0x1][0xffffffd0][0x3][0xffffffdb][0xffffff83][0xffffff94]i[0xfffffff3][0x1][0xffffff81][0xffffffee]A[0xffffffca][0xffffffb4]9[0xfffffff6][0xffffff90]2m[0xe][0x5][0xffffff88][0xe][0xffffffd8][0xffffffd0][0x3][0xffffffdf][0x3][0xffffffd7][0xffffff83][0xffffff94][0xffffffa9]h[0xffffff80]e[0xffffffd0]*[0xffffffdf][0x1f][0xffffffef][0xffffffd3]e[0xffffffdf][0xffffffe8][0xffffffdd]B[0xfffffff1][0xffffffff][0xffffffd1][0xffffffbb][0xfffffff4][0xffffffe0]uy[0xffffffbe]}[0xffffffee]/S[0xffffff8e][0xffffffd8][0xffffffcb][0xfffffff5][0xffffffea][0xffffff97]~L[0xffffff9e]G[0xffffffd2][0xffffffe5][0x5][0x2]//[0xffffff89]ws[0xffffffe1][0xffffffe4][0xfffffff1][0xffffff92][0xffffffa7][\n]"
10:31:41.037 [main] DEBUG org.apache.hc.client5.http.wire -- http-outgoing-7 << "x[0xfffffffb][0xfffffffb][0xffffffc0][0xffffff98],^[0xffffffb2]T[0x1][0xffffffad][0xffffff83][0xffffffd4][0xffffff8a]9Y[0xffffffbc]d[0xffffffa9]<[0xe][0x13][0x1c]crx[0xffffffc9]Q9[0xfffffffc][0xffffff82]$[0xffffffda][0xffffff92][0xffffffc2]E[0xffffffeb] Q[0xffffffcc]2G=h[0xc][0xffffffa4]Te[0x18]T[0xffffff85][0xffffffc6]?z[0xffffffa6][0xffffffee][0xffffffce]=[0xffffffda]B[0xffffffa1][0xfffffff5][0xffffff8e]8Q[0xffffffc1][0xffffffb6][0xffffffb5][0xffffff8e][0xffffffa8][0xfffffff8][0x5][0xffffff9b][0xffffffd6]9[0xffffff86]Re[0xffffffd0][0xffffffad]oD[0xffffffb3][0xffffff91][0xffffffa9]j]#.Z[0xffffffc1][0xffffffb2]5[0xffffff8d][0xffffffe4][0xffffffc7]2[0x16][0xffffffad]g[0xfffffff4][0xffffffa5]p[0x1f]Z[0xffffffc7][0x8]P[0xffffffa8][0xffffffef][0xffffffec]b[0xffffffa6][0xffffffae]5[0xffffff8b]P6[0xffffffc6]Ck[0x15][0xffffffeb][0x12][0xffffffa1][0xffffff88][0xffffffdc]Y[0xffffffc5][0xc]M[0xffffffe3][0x14]}I[0xc][0xffffffc5][0xffffffe4][0xffffffce]'f[0xffffffa8][0xffffffee]mb[0xffffff86][0xffffffb2]q[0xffffff89][0xffffff96][0xffffffe7][0x17][0xffffff8d]I[0xffffffe4]TQ\[0xffffffee],b[0xffffff86][0xffffffbe]s[0xffffff88][0xffffff99][0xffffffba][0xffffffc6] :[0xffffff86][0xffffffd0][0xffffffd8]C_[0xffffffa6]G[0xffffffb5]Y[0xffffffdd]!g[0xffffff8f][0xffffff8a][0xffffffb3][0xffffff9a]C\[0xffffffe0]Buc[0xe][0xffffff81][0x7]U[0xffffff8d]7[0xfffffff4]e[0xffffffc3]Q~VkX7[0xb]5h[0xffffffb5][0xffffff86]|[0xffffffd6]Q[0xffffff87]Vg[0xffffffc8]'[0x1a][0xffffffb5][0xffffffa8]1[0xffffff86][0xffffffb2][0xffffff94][0xffffff8a][0xffffff82][0xffffffd4][0xfffffffa][0xffffffc2]2[0x17][0xffffffaa][0xffffffd2]j[0xb][0x1d][0xffffff8f]j[0x1b]W[0xffffffc8]G[0x19][0xffffffd5]i[0xfffffff5][0xffffff84][0xfffffff5]p[0xffffffa2]D5[0xffffff9e][0xffffff90]?5[0xffffffd4][0xffffffa9][0xffffffc6][0x12][0xffffffd6][0xffffffb9][0xffffff8a][0xffffff95]K[0xffffff81][\r]mP[0xffffff8c]\[0xe][0xffffff8a][0xffffff8f][0xffffffcb]A[0xffffffb1]q9(..[0x7][0xffffffc5][0xffffffc4][0xffffffe5][0xffffffa0]x[0xffffffb8][0x1c][0x14][0xb][0xffffff97][0x3][0xffffff99]=[[0xe]D[0x13][0x18][0xffffffca][0xffffff80]36[0xffffff94][0xffffff81].[0xfffffff3][0x18][0xffffffca]@[0xffffff95][0xffffffc5]0[0xffffff90][0xffffff83];[0xffffffd3]7[0x1f].[0xb])[0xffffffd8][0xfffffff0][0xffffffcb][0xfffffff1]ej4[0xfffffff0][0xffffffed]:![0xfffffff8]O[0x11]<N[0xffffffdf][0xffffffa6][0x13][0xffffff8d]:[0xffffffbe][0xfffffff1][0x8]I[0x11][0xffffffa7][0xfffffff3][0xffffffe3][0xffffffc7]uW[0xffffffd9]#[\r][0xffffffb2][0xffffffbb]-[0xffffffcb][0xffffffe9][0xffffffba][0xfffffffb][0xffffff9c][0xffffffbe][0x14]Q| [0xffffffba][0xfffffff6][0xffffffb5][0xffffffd2][0xffffffe3][0xffffffcd] }[0xffffffa1][0xffffffdc][0xffffffd5]J[0xffffff87][0xffffffa6][0x1b]W2S[0xffffffee]i[0xffffffa5]S[0xffffffe9] g[0xffffffca][0x1d][0xffffffad][0x4][0xffffff90][0xffffffd4]qf[0xffffffca][0xfffffffd][0xffffffac][0xffffffb4]x>p[0xfffffff5][0x12][0xffffffad][0xffffffdd][0xffffffac][0xffffffb4]([0xffffffb4][0xffffffae][0xffffffcc]V{Yi[0x0][0xffffffc7][0xffffff85]B[0xffffffb9][0xffffff93][0xffffffc5][0x1e][0xffffff80][0xffffffee][0xfffffff0][0xc][0xffffffb9][0xffffff8d][0xffffff95][0xffffffda][0xffffffd1][0xffffff8d]Y(7[0xffffffb1][0xffffffd8]"
10:31:41.039 [main] DEBUG org.apache.hc.client5.http.wire -- http-outgoing-7 << "[0xffffff8f]jT[0xffffffb0]B[0xffffffb9][0xffffff85][0xffffff95][\n]"
10:31:41.039 [main] DEBUG org.apache.hc.client5.http.wire -- http-outgoing-7 << "[0xffffffbf]T[0xffffffc7]#p[0x3][0xffffff8b][0x1d][0xffffff87][0xffffffa9]E[0xffffffd4][0xffffffee][0x15]o[0x3]K[0x1d]A[0xffffffa6][0xffffffdc][0xffffffbb]J%[0xffffffc5]:.w[0xffffffae]xYX[0xffffffea][0xffffff9f][0xffffff88]r[0xffffffdf][0xffffff8a][0xffffffd2]OB[0xffffff91]Y[0xffffffe9]Z%UW[0x16][0xffffff86][V,MUV[0x1a]V[0xffffffac][0xffffffc1]TV[0xffffffda]U[0xffffffcc][0xffffffaa][0xffffffce][0xffffffcc][0xffffffcd]j@[0xffffff8d][0xffffffd1]2[0xffffffa3][0xffffffd2][0xffffffa8][0x6]\z][0xffffff9e]*]j[0x10][0xffffffeb][0x4][0xffffffa5]C[0xfffffff5][0xffffffa4]t[0xffffffe5][0xffffffc5][0xffffffd2][0xffffff9d]z,,[0x13][0xffffffee]Li[0xffffffc7][0xfffffff3][0xffffffc6]pW[0xffffffea]pm[0xffffffcb]k[0xffffffdc][0xffffff92][0x2][0xffffff84][0xffffffb2]%[0xffffffdc][0xffffff8e][0x2][0x1e][0x9][0xffffffc8]k[0xffffffc1][0xffffffbd][0xffffffa8][0xffffffa5][0x5].O[0xffffff95]F[0xffffffd4]&[0xffffff83][0xffffff92][0x8]7[0xffffffa1]([\r][0xffffffb6][0xffffffcc][0xffffff87][0xffffffea][0xffffff95][0xffffffd5]3pN[0xffffffdc][0xffffff93][0xffffffe2]=[[0xffffffb6][0xffffffaa][0xfffffff6][0xffffffa3]X1[0xffffff9e][0xffffffbb][0xffffffc4]j3Jg6[0xffffff93][0xffffffd2][0xffffff88]*[0xffffffc7]G[0xffffff87]{P[0xffffffa5]+)[0xfffffffd]'[0xffffffc9]b![0xffffffa5][0xfffffff5][0xffffff94][0x1a]{[0xfffffff3][0xffffff8c][0xffffff8c][0xffffff89][0xffffffef][0xffffff97][0xffffffe9]q>_o[0xfffffffb][0xffffffd3]i:f[0xffffffa8]"[0xffffffd0][0xffffffcd][0xffffffae][0xfffffff3]912[0xffffffa2][0xffffff84][0xffffff81][\n]"
10:31:41.039 [main] DEBUG org.apache.hc.client5.http.wire -- http-outgoing-7 << "[0xffffffb9]|#"[0xffffffea]$[0xffffffde]vy?[0xffffffb4][0xffffff8f][0xfffffff8]a[0x19][0x1d]r[0xffffffa8]Htp[0xffffffa7]}>#[0xffffffd8][0xffffff87][0xffffffd1][0xffffff95][0xffffff8d]z[0xfffffffd][0xfffffff0][0xf][0xffffffe2][0x12][0xffffff8f][0xfffffff4]>[0x13][0x0][0x0]"
10:31:41.040 [main] DEBUG org.apache.hc.client5.http.impl.classic.InternalHttpClient -- ep-0000000008 releasing valid endpoint
10:31:41.040 [main] DEBUG org.apache.hc.client5.http.impl.io.PoolingHttpClientConnectionManager -- ep-0000000008 releasing endpoint
10:31:41.040 [main] DEBUG org.apache.hc.client5.http.impl.io.PoolingHttpClientConnectionManager -- ep-0000000008 connection http-outgoing-7 can be kept alive for 3 MINUTES
10:31:41.040 [main] DEBUG org.apache.hc.client5.http.impl.io.PoolingHttpClientConnectionManager -- ep-0000000008 connection released [route: {s}->https://raw.githubusercontent.com:443][total available: 1; route allocated: 1 of 5; total allocated: 2 of 25]
10:31:41.040 [main] DEBUG io.github.bonigarcia.wdm.versions.VersionDetector -- Driver for chrome120.0.6099.63 not found in online properties (using local versions.properties)
10:31:41.043 [main] DEBUG io.github.bonigarcia.wdm.WebDriverManager -- The driver version for CHROME 120.0.6099.63 is unknown ... trying with latest
10:31:41.050 [main] DEBUG org.apache.hc.client5.http.impl.classic.InternalHttpClient -- ex-0000000009 preparing request execution
10:31:41.051 [main] DEBUG org.apache.hc.client5.http.impl.classic.ProtocolExec -- ex-0000000009 target auth state: UNCHALLENGED
10:31:41.051 [main] DEBUG org.apache.hc.client5.http.impl.classic.ProtocolExec -- ex-0000000009 proxy auth state: UNCHALLENGED
10:31:41.051 [main] DEBUG org.apache.hc.client5.http.impl.classic.ConnectExec -- ex-0000000009 acquiring connection with route {s}->https://googlechromelabs.github.io:443
10:31:41.051 [main] DEBUG org.apache.hc.client5.http.impl.classic.InternalHttpClient -- ex-0000000009 acquiring endpoint (3 MINUTES)
10:31:41.052 [main] DEBUG org.apache.hc.client5.http.impl.io.PoolingHttpClientConnectionManager -- ex-0000000009 endpoint lease request (3 MINUTES) [route: {s}->https://googlechromelabs.github.io:443][total available: 1; route allocated: 1 of 5; total allocated: 2 of 25]
10:31:41.052 [main] DEBUG org.apache.hc.client5.http.impl.io.PoolingHttpClientConnectionManager -- ex-0000000009 endpoint leased [route: {s}->https://googlechromelabs.github.io:443][total available: 1; route allocated: 2 of 5; total allocated: 3 of 25]
10:31:41.052 [main] DEBUG org.apache.hc.client5.http.impl.io.PoolingHttpClientConnectionManager -- ex-0000000009 acquired ep-0000000009
10:31:41.052 [main] DEBUG org.apache.hc.client5.http.impl.classic.InternalHttpClient -- ex-0000000009 acquired endpoint ep-0000000009
10:31:41.052 [main] DEBUG org.apache.hc.client5.http.impl.classic.ConnectExec -- ex-0000000009 opening connection {s}->https://googlechromelabs.github.io:443
10:31:41.052 [main] DEBUG org.apache.hc.client5.http.impl.classic.InternalHttpClient -- ep-0000000009 connecting endpoint (null)
10:31:41.052 [main] DEBUG org.apache.hc.client5.http.impl.io.PoolingHttpClientConnectionManager -- ep-0000000009 connecting endpoint to https://googlechromelabs.github.io:443 (30 SECONDS)
10:31:41.052 [main] DEBUG org.apache.hc.client5.http.impl.io.DefaultHttpClientConnectionOperator -- googlechromelabs.github.io resolving remote address
10:31:41.052 [main] DEBUG org.apache.hc.client5.http.impl.io.DefaultHttpClientConnectionOperator -- googlechromelabs.github.io resolved to [googlechromelabs.github.io/185.199.110.153, googlechromelabs.github.io/185.199.111.153, googlechromelabs.github.io/185.199.108.153, googlechromelabs.github.io/185.199.109.153]
10:31:41.053 [main] DEBUG org.apache.hc.client5.http.impl.io.DefaultHttpClientConnectionOperator -- googlechromelabs.github.io:443 connecting null->googlechromelabs.github.io/185.199.110.153:443 (30 SECONDS)
10:31:41.053 [main] DEBUG org.apache.hc.client5.http.ssl.SSLConnectionSocketFactory -- Connecting socket to googlechromelabs.github.io/185.199.110.153:443 with timeout 30 SECONDS
10:31:41.092 [main] DEBUG org.apache.hc.client5.http.ssl.SSLConnectionSocketFactory -- Enabled protocols: [TLSv1.3, TLSv1.2]
10:31:41.092 [main] DEBUG org.apache.hc.client5.http.ssl.SSLConnectionSocketFactory -- Enabled cipher suites: [TLS_AES_256_GCM_SHA384, TLS_AES_128_GCM_SHA256, TLS_CHACHA20_POLY1305_SHA256, TLS_ECDHE_ECDSA_WITH_AES_256_GCM_SHA384, TLS_ECDHE_ECDSA_WITH_AES_128_GCM_SHA256, TLS_ECDHE_ECDSA_WITH_CHACHA20_POLY1305_SHA256, TLS_ECDHE_RSA_WITH_AES_256_GCM_SHA384, TLS_ECDHE_RSA_WITH_CHACHA20_POLY1305_SHA256, TLS_ECDHE_RSA_WITH_AES_128_GCM_SHA256, TLS_DHE_RSA_WITH_AES_256_GCM_SHA384, TLS_DHE_RSA_WITH_CHACHA20_POLY1305_SHA256, TLS_DHE_DSS_WITH_AES_256_GCM_SHA384, TLS_DHE_RSA_WITH_AES_128_GCM_SHA256, TLS_DHE_DSS_WITH_AES_128_GCM_SHA256, TLS_ECDHE_ECDSA_WITH_AES_256_CBC_SHA384, TLS_ECDHE_RSA_WITH_AES_256_CBC_SHA384, TLS_ECDHE_ECDSA_WITH_AES_128_CBC_SHA256, TLS_ECDHE_RSA_WITH_AES_128_CBC_SHA256, TLS_DHE_RSA_WITH_AES_256_CBC_SHA256, TLS_DHE_DSS_WITH_AES_256_CBC_SHA256, TLS_DHE_RSA_WITH_AES_128_CBC_SHA256, TLS_DHE_DSS_WITH_AES_128_CBC_SHA256, TLS_ECDHE_ECDSA_WITH_AES_256_CBC_SHA, TLS_ECDHE_RSA_WITH_AES_256_CBC_SHA, TLS_ECDHE_ECDSA_WITH_AES_128_CBC_SHA, TLS_ECDHE_RSA_WITH_AES_128_CBC_SHA, TLS_DHE_RSA_WITH_AES_256_CBC_SHA, TLS_DHE_DSS_WITH_AES_256_CBC_SHA, TLS_DHE_RSA_WITH_AES_128_CBC_SHA, TLS_DHE_DSS_WITH_AES_128_CBC_SHA, TLS_RSA_WITH_AES_256_GCM_SHA384, TLS_RSA_WITH_AES_128_GCM_SHA256, TLS_RSA_WITH_AES_256_CBC_SHA256, TLS_RSA_WITH_AES_128_CBC_SHA256, TLS_RSA_WITH_AES_256_CBC_SHA, TLS_RSA_WITH_AES_128_CBC_SHA, TLS_EMPTY_RENEGOTIATION_INFO_SCSV]
10:31:41.092 [main] DEBUG org.apache.hc.client5.http.ssl.SSLConnectionSocketFactory -- Starting handshake (null)
10:31:41.148 [main] DEBUG org.apache.hc.client5.http.ssl.SSLConnectionSocketFactory -- Secure session established
10:31:41.148 [main] DEBUG org.apache.hc.client5.http.ssl.SSLConnectionSocketFactory --  negotiated protocol: TLSv1.3
10:31:41.148 [main] DEBUG org.apache.hc.client5.http.ssl.SSLConnectionSocketFactory --  negotiated cipher suite: TLS_AES_128_GCM_SHA256
10:31:41.148 [main] DEBUG org.apache.hc.client5.http.ssl.SSLConnectionSocketFactory --  peer principal: CN=*.github.io, O="GitHub, Inc.", L=San Francisco, ST=California, C=US
10:31:41.148 [main] DEBUG org.apache.hc.client5.http.ssl.SSLConnectionSocketFactory --  peer alternative names: [*.github.io, github.io, *.github.com, github.com, www.github.com, *.githubusercontent.com, githubusercontent.com]
10:31:41.148 [main] DEBUG org.apache.hc.client5.http.ssl.SSLConnectionSocketFactory --  issuer principal: CN=DigiCert TLS RSA SHA256 2020 CA1, O=DigiCert Inc, C=US
10:31:41.148 [main] DEBUG org.apache.hc.client5.http.impl.io.DefaultManagedHttpClientConnection -- http-outgoing-8 set socket timeout to 3 MINUTES
10:31:41.149 [main] DEBUG org.apache.hc.client5.http.impl.io.DefaultHttpClientConnectionOperator -- googlechromelabs.github.io:443 connected null->googlechromelabs.github.io/185.199.110.153:443 as http-outgoing-8
10:31:41.149 [main] DEBUG org.apache.hc.client5.http.impl.io.PoolingHttpClientConnectionManager -- ep-0000000009 connected http-outgoing-8
10:31:41.149 [main] DEBUG org.apache.hc.client5.http.impl.classic.InternalHttpClient -- ep-0000000009 endpoint connected
10:31:41.149 [main] DEBUG org.apache.hc.client5.http.impl.classic.MainClientExec -- ex-0000000009 executing GET /chrome-for-testing/last-known-good-versions-with-downloads.json HTTP/1.1
10:31:41.149 [main] DEBUG org.apache.hc.client5.http.protocol.RequestAddCookies -- ex-0000000009 Cookie spec selected: strict
10:31:41.149 [main] DEBUG org.apache.hc.client5.http.impl.classic.InternalHttpClient -- ep-0000000009 start execution ex-0000000009
10:31:41.149 [main] DEBUG org.apache.hc.client5.http.impl.io.PoolingHttpClientConnectionManager -- ep-0000000009 executing exchange ex-0000000009 over http-outgoing-8
10:31:41.149 [main] DEBUG org.apache.hc.client5.http.headers -- http-outgoing-8 >> GET /chrome-for-testing/last-known-good-versions-with-downloads.json HTTP/1.1
10:31:41.149 [main] DEBUG org.apache.hc.client5.http.headers -- http-outgoing-8 >> user-agent: Apache-HttpClient/5.0
10:31:41.150 [main] DEBUG org.apache.hc.client5.http.headers -- http-outgoing-8 >> accept-encoding: gzip, deflate, br
10:31:41.150 [main] DEBUG org.apache.hc.client5.http.headers -- http-outgoing-8 >> cache-control: max-age=0
10:31:41.150 [main] DEBUG org.apache.hc.client5.http.headers -- http-outgoing-8 >> connection: keep-alive
10:31:41.150 [main] DEBUG org.apache.hc.client5.http.headers -- http-outgoing-8 >> Host: googlechromelabs.github.io
10:31:41.150 [main] DEBUG org.apache.hc.client5.http.wire -- http-outgoing-8 >> "GET /chrome-for-testing/last-known-good-versions-with-downloads.json HTTP/1.1[\r][\n]"
10:31:41.150 [main] DEBUG org.apache.hc.client5.http.wire -- http-outgoing-8 >> "user-agent: Apache-HttpClient/5.0[\r][\n]"
10:31:41.150 [main] DEBUG org.apache.hc.client5.http.wire -- http-outgoing-8 >> "accept-encoding: gzip, deflate, br[\r][\n]"
10:31:41.150 [main] DEBUG org.apache.hc.client5.http.wire -- http-outgoing-8 >> "cache-control: max-age=0[\r][\n]"
10:31:41.150 [main] DEBUG org.apache.hc.client5.http.wire -- http-outgoing-8 >> "connection: keep-alive[\r][\n]"
10:31:41.150 [main] DEBUG org.apache.hc.client5.http.wire -- http-outgoing-8 >> "Host: googlechromelabs.github.io[\r][\n]"
10:31:41.150 [main] DEBUG org.apache.hc.client5.http.wire -- http-outgoing-8 >> "[\r][\n]"
10:31:41.195 [main] DEBUG org.apache.hc.client5.http.wire -- http-outgoing-8 << "HTTP/1.1 200 OK[\r][\n]"
10:31:41.195 [main] DEBUG org.apache.hc.client5.http.wire -- http-outgoing-8 << "Connection: keep-alive[\r][\n]"
10:31:41.195 [main] DEBUG org.apache.hc.client5.http.wire -- http-outgoing-8 << "Content-Length: 641[\r][\n]"
10:31:41.195 [main] DEBUG org.apache.hc.client5.http.wire -- http-outgoing-8 << "Server: GitHub.com[\r][\n]"
10:31:41.195 [main] DEBUG org.apache.hc.client5.http.wire -- http-outgoing-8 << "Content-Type: application/json; charset=utf-8[\r][\n]"
10:31:41.195 [main] DEBUG org.apache.hc.client5.http.wire -- http-outgoing-8 << "permissions-policy: interest-cohort=()[\r][\n]"
10:31:41.195 [main] DEBUG org.apache.hc.client5.http.wire -- http-outgoing-8 << "x-origin-cache: HIT[\r][\n]"
10:31:41.195 [main] DEBUG org.apache.hc.client5.http.wire -- http-outgoing-8 << "Last-Modified: Thu, 28 Dec 2023 09:09:08 GMT[\r][\n]"
10:31:41.195 [main] DEBUG org.apache.hc.client5.http.wire -- http-outgoing-8 << "Access-Control-Allow-Origin: *[\r][\n]"
10:31:41.195 [main] DEBUG org.apache.hc.client5.http.wire -- http-outgoing-8 << "Strict-Transport-Security: max-age=31556952[\r][\n]"
10:31:41.196 [main] DEBUG org.apache.hc.client5.http.wire -- http-outgoing-8 << "ETag: W/"658d3b34-22ac"[\r][\n]"
10:31:41.196 [main] DEBUG org.apache.hc.client5.http.wire -- http-outgoing-8 << "expires: Thu, 28 Dec 2023 09:19:31 GMT[\r][\n]"
10:31:41.196 [main] DEBUG org.apache.hc.client5.http.wire -- http-outgoing-8 << "Cache-Control: max-age=600[\r][\n]"
10:31:41.196 [main] DEBUG org.apache.hc.client5.http.wire -- http-outgoing-8 << "Content-Encoding: gzip[\r][\n]"
10:31:41.196 [main] DEBUG org.apache.hc.client5.http.wire -- http-outgoing-8 << "x-proxy-cache: HIT[\r][\n]"
10:31:41.196 [main] DEBUG org.apache.hc.client5.http.wire -- http-outgoing-8 << "X-GitHub-Request-Id: AD28:2802F4:8D3D7B:90038F:658D3C18[\r][\n]"
10:31:41.196 [main] DEBUG org.apache.hc.client5.http.wire -- http-outgoing-8 << "Accept-Ranges: bytes[\r][\n]"
10:31:41.196 [main] DEBUG org.apache.hc.client5.http.wire -- http-outgoing-8 << "Date: Thu, 28 Dec 2023 09:31:42 GMT[\r][\n]"
10:31:41.196 [main] DEBUG org.apache.hc.client5.http.wire -- http-outgoing-8 << "Via: 1.1 varnish[\r][\n]"
10:31:41.196 [main] DEBUG org.apache.hc.client5.http.wire -- http-outgoing-8 << "Age: 461[\r][\n]"
10:31:41.196 [main] DEBUG org.apache.hc.client5.http.wire -- http-outgoing-8 << "X-Served-By: cache-mad2200142-MAD[\r][\n]"
10:31:41.196 [main] DEBUG org.apache.hc.client5.http.wire -- http-outgoing-8 << "X-Cache: HIT[\r][\n]"
10:31:41.196 [main] DEBUG org.apache.hc.client5.http.wire -- http-outgoing-8 << "X-Cache-Hits: 1[\r][\n]"
10:31:41.196 [main] DEBUG org.apache.hc.client5.http.wire -- http-outgoing-8 << "X-Timer: S1703755903.684424,VS0,VE1[\r][\n]"
10:31:41.196 [main] DEBUG org.apache.hc.client5.http.wire -- http-outgoing-8 << "Vary: Accept-Encoding[\r][\n]"
10:31:41.196 [main] DEBUG org.apache.hc.client5.http.wire -- http-outgoing-8 << "X-Fastly-Request-ID: ea4821d80c9303be5286684a7cf6bc149e38640e[\r][\n]"
10:31:41.196 [main] DEBUG org.apache.hc.client5.http.wire -- http-outgoing-8 << "[\r][\n]"
10:31:41.197 [main] DEBUG org.apache.hc.client5.http.headers -- http-outgoing-8 << HTTP/1.1 200 OK
10:31:41.198 [main] DEBUG org.apache.hc.client5.http.headers -- http-outgoing-8 << Connection: keep-alive
10:31:41.198 [main] DEBUG org.apache.hc.client5.http.headers -- http-outgoing-8 << Content-Length: 641
10:31:41.198 [main] DEBUG org.apache.hc.client5.http.headers -- http-outgoing-8 << Server: GitHub.com
10:31:41.198 [main] DEBUG org.apache.hc.client5.http.headers -- http-outgoing-8 << Content-Type: application/json; charset=utf-8
10:31:41.198 [main] DEBUG org.apache.hc.client5.http.headers -- http-outgoing-8 << permissions-policy: interest-cohort=()
10:31:41.198 [main] DEBUG org.apache.hc.client5.http.headers -- http-outgoing-8 << x-origin-cache: HIT
10:31:41.198 [main] DEBUG org.apache.hc.client5.http.headers -- http-outgoing-8 << Last-Modified: Thu, 28 Dec 2023 09:09:08 GMT
10:31:41.198 [main] DEBUG org.apache.hc.client5.http.headers -- http-outgoing-8 << Access-Control-Allow-Origin: *
10:31:41.198 [main] DEBUG org.apache.hc.client5.http.headers -- http-outgoing-8 << Strict-Transport-Security: max-age=31556952
10:31:41.199 [main] DEBUG org.apache.hc.client5.http.headers -- http-outgoing-8 << ETag: W/"658d3b34-22ac"
10:31:41.199 [main] DEBUG org.apache.hc.client5.http.headers -- http-outgoing-8 << expires: Thu, 28 Dec 2023 09:19:31 GMT
10:31:41.199 [main] DEBUG org.apache.hc.client5.http.headers -- http-outgoing-8 << Cache-Control: max-age=600
10:31:41.199 [main] DEBUG org.apache.hc.client5.http.headers -- http-outgoing-8 << Content-Encoding: gzip
10:31:41.199 [main] DEBUG org.apache.hc.client5.http.headers -- http-outgoing-8 << x-proxy-cache: HIT
10:31:41.199 [main] DEBUG org.apache.hc.client5.http.headers -- http-outgoing-8 << X-GitHub-Request-Id: AD28:2802F4:8D3D7B:90038F:658D3C18
10:31:41.199 [main] DEBUG org.apache.hc.client5.http.headers -- http-outgoing-8 << Accept-Ranges: bytes
10:31:41.199 [main] DEBUG org.apache.hc.client5.http.headers -- http-outgoing-8 << Date: Thu, 28 Dec 2023 09:31:42 GMT
10:31:41.199 [main] DEBUG org.apache.hc.client5.http.headers -- http-outgoing-8 << Via: 1.1 varnish
10:31:41.199 [main] DEBUG org.apache.hc.client5.http.headers -- http-outgoing-8 << Age: 461
10:31:41.200 [main] DEBUG org.apache.hc.client5.http.headers -- http-outgoing-8 << X-Served-By: cache-mad2200142-MAD
10:31:41.200 [main] DEBUG org.apache.hc.client5.http.headers -- http-outgoing-8 << X-Cache: HIT
10:31:41.200 [main] DEBUG org.apache.hc.client5.http.headers -- http-outgoing-8 << X-Cache-Hits: 1
10:31:41.200 [main] DEBUG org.apache.hc.client5.http.headers -- http-outgoing-8 << X-Timer: S1703755903.684424,VS0,VE1
10:31:41.200 [main] DEBUG org.apache.hc.client5.http.headers -- http-outgoing-8 << Vary: Accept-Encoding
10:31:41.200 [main] DEBUG org.apache.hc.client5.http.headers -- http-outgoing-8 << X-Fastly-Request-ID: ea4821d80c9303be5286684a7cf6bc149e38640e
10:31:41.200 [main] DEBUG org.apache.hc.client5.http.impl.classic.MainClientExec -- ex-0000000009 connection can be kept alive for 3 MINUTES
10:31:41.201 [main] DEBUG org.apache.hc.client5.http.wire -- http-outgoing-8 << "[0x1f][0xffffff8b][0x8][0x0][0x0][0x0][0x0][0x0][0x0][0x3][0xffffffcd][0xffffff96][0xffffffcb][0xffffff92][0xffffff9b]0[0x10]E[0xfffffff7][0xfffffff9][0xc][0xffffffad]yI8[0xffffff80]Y&[0xfffffff3][0x7][0xffffff93]URY(F[0xffffffb1][0xffffffa9][0x12][0xffffffe0][0x2][0xffffff8d]'[0xffffff89][0xffffff8b][0x7f][0xffffff8f][0xc]2[0xffffffe6]!1+[0xffffffab]Ya[0x1a][0xffffffb9][0xfffffffb]B[0xffffff9d][0xffffffea]:W$[0xfffffff2][0xffffff82]5[0xffffff82][0x16]g[0xffffff94]"[0x12][0xffffff90][0xffffffd0][0xffffffc5][0xffffffc4]%[0xfffffff1]7[0xffffff82][0xffffffd3] I[0xffffffc3][0xffffffc4][0xb][0xffffff83][0xffffffe4];r[0xffffffd0][0xffffffe1]D[0xffffffcb][0xffffff92][0xfffffff1][0x6][0xffffffa5]W[0xfffffff4]*[0xffffffe8]/[0xffffffce]n[0xffffffbf]TU[0xfffffffe]U[0xffffffd5][0x1c]tau[0xffffff93]W[0xffffffa5],a[0x12]x[0xffffff81][0x17][0x5][0xfffffffb][0xffffffbd][0xffffff87][0xffffff83][0xffffffbd]|T[0xffffffb3]K><[0xffffffc3]q[0x18][0x11]Y[0xffffffcc][0xffffffaa][0xfffffff7][0xffffff92]W4k[0xfffffffa]~uU[0xffffffc8][0xffffffce]?[0xffffffae][0xffffffe8][0xffffffcc][0xffffffa9][0xfffffff8]][0xffffffd5][0xffffff85]<[0xffffffcc][0xfffffff3][0xfffffff2][0xffffffed]O[0xffffffb4][0xffffff93][0xffffff87][0xffffffdf][0xffffffea][0xffffffdb][0xffffffac][0xffffff93][0x10][0xffffffe7]&[0xfffffff5]}[0xffffff96][0x1d]Y[0xffffffc6][0xffffffbd][0xffffff82]y[0xffffffc7][0xffffff8b][0xffffffc0][0xffffffde][0xffffffa1]*T[0xffffffc9][0xffffffef][0xfffffffb][0xffffffa8][0xffffff8b]+[0xffffffdb][0xffffffb8]B[0xffffffbe]d^[0x1e][0xfffffffd]i(_[0xffffffb5][0xffffffbe][0xffffff9f]T[0xffffffb7][0xffffffde][0xffffffbf][0xfffffffc][0xffffff8c]Zg[0x12][0xffffffa2][0xffffffa0][0x7][0xffffff97][0xffffffd6][0xffffffc5]sb[0xc][0xffffffcd][0xffffffef]g[0xffffff87][0xffffff82])[0xffffffca][0xffffff93][0xffffffbe][0xffffff87]j=[0xffffff8e]a[0xfffffff8][0x1e][0xffffffef]y[0x19][0xffffff92]gD[0xffffffe8][0x1a][0xffffffdf][0xffffffcf]u7[0xffffff86][0xfffffff1][0xffffffcf][0xfffffff9][0x2]][0xffffffe3][0xffffffd1][0xfffffff8][0xfffffffb][0xffffffdb][0xffffffff]t[0x14][0xffffff9d]Y[0xffffff9d]K[0xffffffc6][0xffffffc1][0x18][0xffffffed][0xffffffc7]o[0xffffff86]T[0x15]g[0x1b][0xffffffbc][0xffffff8e][0xffffffc2]@R[0xffffffab]b[0xffffffc0][0xffffffb2][0xfffffffb][0x8][0xffffffb1] [0xffffffd8]=1[0xffffff9a]q[0xffffffd6]4nsb[0xffffff9c][0xffffff83][0xffffffa1]<[0xffffffcb][0xffffffb1][0x19][0xffffffa6][0xffffffe7][0xffffffb9][0xffffffb6][0x1][0xffffffb7].[0x15]$[0xffffffe5][0xfffffff3]<[0xffffffb0][0xffffffb8]k[0xffffffd2][0xc][0xffffffdc][0xffffffb7][0xffffffad][0xffffff83][0xffffffbe]0A[0xffffffa7][0xffffffc6][0xffffffd2]U[0xffffffa6][0xffffffbe][0xffffff82]o[0xffffffdd]q[0x14]{8[0xffffff9a][0xffffffeb]J[0x18][0xffffffe2] [0xffffff86][0xffffffd0][0xffffff95]Q&@[[0x19][0xffffffa7][0xffffff80][0xffffff94][0xffffff95]y[0xe][0xfffffffb][0xffffffae]2N`_Uf[0xffffffd3][0xffffffe1]M[0xffffffc5][0xffffff8c][0xffffffa7]}QY[0xffffff83][0xffffffd4][0xffffffbe][0xffffffa7][0xffffff98]Q[0xffffffb5][0xffffffab])&`mZ[0xffffff8a][0x9][0xffffffdb][0xffffffad]H[0xffffffca][0xffffffca][0xffffff92][0xffffff85]s[0xffffff94][0xffffffd5][0xffffff9d][0xb][0xffffffa7](++[0x18][0xffffffc6]P[0xffffff8c][0x1b][0x19]BP[0xffffff8c][0xb][0xfffffffa][0x3]?ya[0xffffff97][0xffffffa9][0xffffff9e][0xffffffdc][\n]"
10:31:41.202 [main] DEBUG org.apache.hc.client5.http.wire -- http-outgoing-8 << "S;!][0xffffffeb]D^[0x16]r[0x12][0xffffffc5][0xffffffbb][0x4]BN[0x1e][0xffffff91][0x0][0xffffffdd]d[0x14][0x2]RMf1[0xffffffec][0xffffff9b][0xffffffc9]([0xffffff80]}1[0xffffff99][0xe][0xffffff87][0xfffffff7][0x12]#[0xffffff99][0xfffffff6][0xffffffb5]d[0xffffff85]O[0xfffffffb]Vb[0xffffffa4][0xffffffd4][0xffffffae][0xffffff94][0x18]X[0xffffffb5][0xffffffe9]$[0x6]b[0xffffffb7][0xffffffa2]$[0xffffffe6][0xffffffd5][\n]"
10:31:41.202 [main] DEBUG org.apache.hc.client5.http.wire -- http-outgoing-8 << "g$k[0xffffff9b][0x16]NH[0xffffffcc][0xffffff8b][0x17][0xffffffc6]GL{[0x18]BGLk[0xfffffff9][0x3][0x1b][0xfffffff9]JKZ[0xffffffff][0xffffff9d][\n]"
10:31:41.202 [main] DEBUG org.apache.hc.client5.http.wire -- http-outgoing-8 << "[0xffffff89][0xffffffaa]i[0xffffff9c][0xffffff84]`[0xffffffbc]t[0xffffff92][0x1d][0xffffffc6][0xffffff9f]C0'[0xffffffe9]"A;I[0x1f][0x2][0xffffffdc]I[0x1e]1[0xffffff80][0xffffff9c][0xffffffa4][0xf][0x0][0xffffffe4]$[0xffffffc3][0xfffffff0][0xffffff8d]8[0xffffff89][0xffffff8e]L '[0xffffffd1][0xfffffff3][0x9][0xffffffe4]$:J[0x1][0xffffff9c]d[0xffffffc9][0xffffffaa]u'Y[0x12][0xffffffbb])'[0xffffffd1][0xffffffae]V`'1lZ`'[0xffffffd1].^@'[0xffffffd1][0xffffffec]a0'[0xffffffd1][0xffffffac][0xffffffe5]U'i[0xffffffdb]O[0xffffffff][0x1][0xffffffee][0xffffffde][0xffffffae][0xffffffb2][0xffffffac]"[0x0][0x0]"
10:31:41.209 [main] DEBUG org.apache.hc.client5.http.impl.classic.InternalHttpClient -- ep-0000000009 releasing valid endpoint
10:31:41.209 [main] DEBUG org.apache.hc.client5.http.impl.io.PoolingHttpClientConnectionManager -- ep-0000000009 releasing endpoint
10:31:41.209 [main] DEBUG org.apache.hc.client5.http.impl.io.PoolingHttpClientConnectionManager -- ep-0000000009 connection http-outgoing-8 can be kept alive for 3 MINUTES
10:31:41.210 [main] DEBUG org.apache.hc.client5.http.impl.io.PoolingHttpClientConnectionManager -- ep-0000000009 connection released [route: {s}->https://googlechromelabs.github.io:443][total available: 2; route allocated: 2 of 5; total allocated: 3 of 25]
10:31:41.230 [main] DEBUG io.github.bonigarcia.wdm.WebDriverManager -- Driver chromedriver 120.0.6099.109 found in cache
10:31:41.233 [main] INFO io.github.bonigarcia.wdm.WebDriverManager -- Exporting webdriver.chrome.driver as C:\Users\info\.cache\selenium\chromedriver\win64\120.0.6099.109\chromedriver.exe
10:31:44.448 [main] DEBUG io.github.bonigarcia.wdm.WebDriverManager -- Using WebDriverManager 5.6.2
10:31:44.499 [main] WARN io.github.bonigarcia.wdm.versions.VersionDetector -- Exception reading CfT URL ('null') to get version of chromedriver (For input string: "120.0.6099.63")
10:31:44.500 [main] DEBUG org.apache.hc.client5.http.impl.classic.InternalHttpClient -- ex-0000000010 preparing request execution
10:31:44.501 [main] DEBUG org.apache.hc.client5.http.impl.classic.ProtocolExec -- ex-0000000010 target auth state: UNCHALLENGED
10:31:44.501 [main] DEBUG org.apache.hc.client5.http.impl.classic.ProtocolExec -- ex-0000000010 proxy auth state: UNCHALLENGED
10:31:44.501 [main] DEBUG org.apache.hc.client5.http.impl.classic.ConnectExec -- ex-0000000010 acquiring connection with route {s}->https://googlechromelabs.github.io:443
10:31:44.501 [main] DEBUG org.apache.hc.client5.http.impl.classic.InternalHttpClient -- ex-0000000010 acquiring endpoint (3 MINUTES)
10:31:44.501 [main] DEBUG org.apache.hc.client5.http.impl.io.PoolingHttpClientConnectionManager -- ex-0000000010 endpoint lease request (3 MINUTES) [route: {s}->https://googlechromelabs.github.io:443][total available: 0; route allocated: 0 of 5; total allocated: 0 of 25]
10:31:44.501 [main] DEBUG org.apache.hc.client5.http.impl.io.PoolingHttpClientConnectionManager -- ex-0000000010 endpoint leased [route: {s}->https://googlechromelabs.github.io:443][total available: 0; route allocated: 1 of 5; total allocated: 1 of 25]
10:31:44.501 [main] DEBUG org.apache.hc.client5.http.impl.io.PoolingHttpClientConnectionManager -- ex-0000000010 acquired ep-0000000010
10:31:44.501 [main] DEBUG org.apache.hc.client5.http.impl.classic.InternalHttpClient -- ex-0000000010 acquired endpoint ep-0000000010
10:31:44.501 [main] DEBUG org.apache.hc.client5.http.impl.classic.ConnectExec -- ex-0000000010 opening connection {s}->https://googlechromelabs.github.io:443
10:31:44.501 [main] DEBUG org.apache.hc.client5.http.impl.classic.InternalHttpClient -- ep-0000000010 connecting endpoint (null)
10:31:44.501 [main] DEBUG org.apache.hc.client5.http.impl.io.PoolingHttpClientConnectionManager -- ep-0000000010 connecting endpoint to https://googlechromelabs.github.io:443 (30 SECONDS)
10:31:44.502 [main] DEBUG org.apache.hc.client5.http.impl.io.DefaultHttpClientConnectionOperator -- googlechromelabs.github.io resolving remote address
10:31:44.503 [main] DEBUG org.apache.hc.client5.http.impl.io.DefaultHttpClientConnectionOperator -- googlechromelabs.github.io resolved to [googlechromelabs.github.io/185.199.110.153, googlechromelabs.github.io/185.199.111.153, googlechromelabs.github.io/185.199.108.153, googlechromelabs.github.io/185.199.109.153]
10:31:44.503 [main] DEBUG org.apache.hc.client5.http.impl.io.DefaultHttpClientConnectionOperator -- googlechromelabs.github.io:443 connecting null->googlechromelabs.github.io/185.199.110.153:443 (30 SECONDS)
10:31:44.503 [main] DEBUG org.apache.hc.client5.http.ssl.SSLConnectionSocketFactory -- Connecting socket to googlechromelabs.github.io/185.199.110.153:443 with timeout 30 SECONDS
10:31:44.544 [main] DEBUG org.apache.hc.client5.http.ssl.SSLConnectionSocketFactory -- Enabled protocols: [TLSv1.3, TLSv1.2]
10:31:44.544 [main] DEBUG org.apache.hc.client5.http.ssl.SSLConnectionSocketFactory -- Enabled cipher suites: [TLS_AES_256_GCM_SHA384, TLS_AES_128_GCM_SHA256, TLS_CHACHA20_POLY1305_SHA256, TLS_ECDHE_ECDSA_WITH_AES_256_GCM_SHA384, TLS_ECDHE_ECDSA_WITH_AES_128_GCM_SHA256, TLS_ECDHE_ECDSA_WITH_CHACHA20_POLY1305_SHA256, TLS_ECDHE_RSA_WITH_AES_256_GCM_SHA384, TLS_ECDHE_RSA_WITH_CHACHA20_POLY1305_SHA256, TLS_ECDHE_RSA_WITH_AES_128_GCM_SHA256, TLS_DHE_RSA_WITH_AES_256_GCM_SHA384, TLS_DHE_RSA_WITH_CHACHA20_POLY1305_SHA256, TLS_DHE_DSS_WITH_AES_256_GCM_SHA384, TLS_DHE_RSA_WITH_AES_128_GCM_SHA256, TLS_DHE_DSS_WITH_AES_128_GCM_SHA256, TLS_ECDHE_ECDSA_WITH_AES_256_CBC_SHA384, TLS_ECDHE_RSA_WITH_AES_256_CBC_SHA384, TLS_ECDHE_ECDSA_WITH_AES_128_CBC_SHA256, TLS_ECDHE_RSA_WITH_AES_128_CBC_SHA256, TLS_DHE_RSA_WITH_AES_256_CBC_SHA256, TLS_DHE_DSS_WITH_AES_256_CBC_SHA256, TLS_DHE_RSA_WITH_AES_128_CBC_SHA256, TLS_DHE_DSS_WITH_AES_128_CBC_SHA256, TLS_ECDHE_ECDSA_WITH_AES_256_CBC_SHA, TLS_ECDHE_RSA_WITH_AES_256_CBC_SHA, TLS_ECDHE_ECDSA_WITH_AES_128_CBC_SHA, TLS_ECDHE_RSA_WITH_AES_128_CBC_SHA, TLS_DHE_RSA_WITH_AES_256_CBC_SHA, TLS_DHE_DSS_WITH_AES_256_CBC_SHA, TLS_DHE_RSA_WITH_AES_128_CBC_SHA, TLS_DHE_DSS_WITH_AES_128_CBC_SHA, TLS_RSA_WITH_AES_256_GCM_SHA384, TLS_RSA_WITH_AES_128_GCM_SHA256, TLS_RSA_WITH_AES_256_CBC_SHA256, TLS_RSA_WITH_AES_128_CBC_SHA256, TLS_RSA_WITH_AES_256_CBC_SHA, TLS_RSA_WITH_AES_128_CBC_SHA, TLS_EMPTY_RENEGOTIATION_INFO_SCSV]
10:31:44.545 [main] DEBUG org.apache.hc.client5.http.ssl.SSLConnectionSocketFactory -- Starting handshake (null)
10:31:44.606 [main] DEBUG org.apache.hc.client5.http.ssl.SSLConnectionSocketFactory -- Secure session established
10:31:44.606 [main] DEBUG org.apache.hc.client5.http.ssl.SSLConnectionSocketFactory --  negotiated protocol: TLSv1.3
10:31:44.606 [main] DEBUG org.apache.hc.client5.http.ssl.SSLConnectionSocketFactory --  negotiated cipher suite: TLS_AES_128_GCM_SHA256
10:31:44.606 [main] DEBUG org.apache.hc.client5.http.ssl.SSLConnectionSocketFactory --  peer principal: CN=*.github.io, O="GitHub, Inc.", L=San Francisco, ST=California, C=US
10:31:44.606 [main] DEBUG org.apache.hc.client5.http.ssl.SSLConnectionSocketFactory --  peer alternative names: [*.github.io, github.io, *.github.com, github.com, www.github.com, *.githubusercontent.com, githubusercontent.com]
10:31:44.606 [main] DEBUG org.apache.hc.client5.http.ssl.SSLConnectionSocketFactory --  issuer principal: CN=DigiCert TLS RSA SHA256 2020 CA1, O=DigiCert Inc, C=US
10:31:44.606 [main] DEBUG org.apache.hc.client5.http.impl.io.DefaultManagedHttpClientConnection -- http-outgoing-9 set socket timeout to 3 MINUTES
10:31:44.606 [main] DEBUG org.apache.hc.client5.http.impl.io.DefaultHttpClientConnectionOperator -- googlechromelabs.github.io:443 connected null->googlechromelabs.github.io/185.199.110.153:443 as http-outgoing-9
10:31:44.606 [main] DEBUG org.apache.hc.client5.http.impl.io.PoolingHttpClientConnectionManager -- ep-0000000010 connected http-outgoing-9
10:31:44.606 [main] DEBUG org.apache.hc.client5.http.impl.classic.InternalHttpClient -- ep-0000000010 endpoint connected
10:31:44.606 [main] DEBUG org.apache.hc.client5.http.impl.classic.MainClientExec -- ex-0000000010 executing GET /chrome-for-testing/LATEST_RELEASE_120.0.6099.63 HTTP/1.1
10:31:44.607 [main] DEBUG org.apache.hc.client5.http.protocol.RequestAddCookies -- ex-0000000010 Cookie spec selected: strict
10:31:44.607 [main] DEBUG org.apache.hc.client5.http.impl.classic.InternalHttpClient -- ep-0000000010 start execution ex-0000000010
10:31:44.607 [main] DEBUG org.apache.hc.client5.http.impl.io.PoolingHttpClientConnectionManager -- ep-0000000010 executing exchange ex-0000000010 over http-outgoing-9
10:31:44.607 [main] DEBUG org.apache.hc.client5.http.headers -- http-outgoing-9 >> GET /chrome-for-testing/LATEST_RELEASE_120.0.6099.63 HTTP/1.1
10:31:44.607 [main] DEBUG org.apache.hc.client5.http.headers -- http-outgoing-9 >> user-agent: Apache-HttpClient/5.0
10:31:44.607 [main] DEBUG org.apache.hc.client5.http.headers -- http-outgoing-9 >> accept-encoding: gzip, deflate, br
10:31:44.607 [main] DEBUG org.apache.hc.client5.http.headers -- http-outgoing-9 >> cache-control: max-age=0
10:31:44.607 [main] DEBUG org.apache.hc.client5.http.headers -- http-outgoing-9 >> connection: keep-alive
10:31:44.607 [main] DEBUG org.apache.hc.client5.http.headers -- http-outgoing-9 >> Host: googlechromelabs.github.io
10:31:44.607 [main] DEBUG org.apache.hc.client5.http.wire -- http-outgoing-9 >> "GET /chrome-for-testing/LATEST_RELEASE_120.0.6099.63 HTTP/1.1[\r][\n]"
10:31:44.607 [main] DEBUG org.apache.hc.client5.http.wire -- http-outgoing-9 >> "user-agent: Apache-HttpClient/5.0[\r][\n]"
10:31:44.607 [main] DEBUG org.apache.hc.client5.http.wire -- http-outgoing-9 >> "accept-encoding: gzip, deflate, br[\r][\n]"
10:31:44.607 [main] DEBUG org.apache.hc.client5.http.wire -- http-outgoing-9 >> "cache-control: max-age=0[\r][\n]"
10:31:44.607 [main] DEBUG org.apache.hc.client5.http.wire -- http-outgoing-9 >> "connection: keep-alive[\r][\n]"
10:31:44.607 [main] DEBUG org.apache.hc.client5.http.wire -- http-outgoing-9 >> "Host: googlechromelabs.github.io[\r][\n]"
10:31:44.607 [main] DEBUG org.apache.hc.client5.http.wire -- http-outgoing-9 >> "[\r][\n]"
10:31:44.646 [main] DEBUG org.apache.hc.client5.http.wire -- http-outgoing-9 << "HTTP/1.1 404 Not Found[\r][\n]"
10:31:44.647 [main] DEBUG org.apache.hc.client5.http.wire -- http-outgoing-9 << "Connection: keep-alive[\r][\n]"
10:31:44.647 [main] DEBUG org.apache.hc.client5.http.wire -- http-outgoing-9 << "Content-Length: 5254[\r][\n]"
10:31:44.647 [main] DEBUG org.apache.hc.client5.http.wire -- http-outgoing-9 << "Server: GitHub.com[\r][\n]"
10:31:44.647 [main] DEBUG org.apache.hc.client5.http.wire -- http-outgoing-9 << "Content-Type: text/html; charset=utf-8[\r][\n]"
10:31:44.647 [main] DEBUG org.apache.hc.client5.http.wire -- http-outgoing-9 << "permissions-policy: interest-cohort=()[\r][\n]"
10:31:44.647 [main] DEBUG org.apache.hc.client5.http.wire -- http-outgoing-9 << "x-origin-cache: HIT[\r][\n]"
10:31:44.647 [main] DEBUG org.apache.hc.client5.http.wire -- http-outgoing-9 << "Access-Control-Allow-Origin: *[\r][\n]"
10:31:44.647 [main] DEBUG org.apache.hc.client5.http.wire -- http-outgoing-9 << "Strict-Transport-Security: max-age=31556952[\r][\n]"
10:31:44.647 [main] DEBUG org.apache.hc.client5.http.wire -- http-outgoing-9 << "ETag: W/"64d39a40-24a3"[\r][\n]"
10:31:44.647 [main] DEBUG org.apache.hc.client5.http.wire -- http-outgoing-9 << "Content-Security-Policy: default-src 'none'; style-src 'unsafe-inline'; img-src data:; connect-src 'self'[\r][\n]"
10:31:44.647 [main] DEBUG org.apache.hc.client5.http.wire -- http-outgoing-9 << "Content-Encoding: gzip[\r][\n]"
10:31:44.647 [main] DEBUG org.apache.hc.client5.http.wire -- http-outgoing-9 << "x-proxy-cache: MISS[\r][\n]"
10:31:44.647 [main] DEBUG org.apache.hc.client5.http.wire -- http-outgoing-9 << "X-GitHub-Request-Id: D770:36888F:8DAD80:90719A:658D4063[\r][\n]"
10:31:44.647 [main] DEBUG org.apache.hc.client5.http.wire -- http-outgoing-9 << "Accept-Ranges: bytes[\r][\n]"
10:31:44.647 [main] DEBUG org.apache.hc.client5.http.wire -- http-outgoing-9 << "Date: Thu, 28 Dec 2023 09:31:46 GMT[\r][\n]"
10:31:44.647 [main] DEBUG org.apache.hc.client5.http.wire -- http-outgoing-9 << "Via: 1.1 varnish[\r][\n]"
10:31:44.647 [main] DEBUG org.apache.hc.client5.http.wire -- http-outgoing-9 << "Age: 30[\r][\n]"
10:31:44.647 [main] DEBUG org.apache.hc.client5.http.wire -- http-outgoing-9 << "X-Served-By: cache-mad22046-MAD[\r][\n]"
10:31:44.647 [main] DEBUG org.apache.hc.client5.http.wire -- http-outgoing-9 << "X-Cache: HIT[\r][\n]"
10:31:44.647 [main] DEBUG org.apache.hc.client5.http.wire -- http-outgoing-9 << "X-Cache-Hits: 1[\r][\n]"
10:31:44.647 [main] DEBUG org.apache.hc.client5.http.wire -- http-outgoing-9 << "X-Timer: S1703755906.138187,VS0,VE1[\r][\n]"
10:31:44.647 [main] DEBUG org.apache.hc.client5.http.wire -- http-outgoing-9 << "Vary: Accept-Encoding[\r][\n]"
10:31:44.647 [main] DEBUG org.apache.hc.client5.http.wire -- http-outgoing-9 << "X-Fastly-Request-ID: 424c470a45e7bd4ff9d2aed59d26307d3e9739ec[\r][\n]"
10:31:44.647 [main] DEBUG org.apache.hc.client5.http.wire -- http-outgoing-9 << "[\r][\n]"
10:31:44.649 [main] DEBUG org.apache.hc.client5.http.headers -- http-outgoing-9 << HTTP/1.1 404 Not Found
10:31:44.649 [main] DEBUG org.apache.hc.client5.http.headers -- http-outgoing-9 << Connection: keep-alive
10:31:44.649 [main] DEBUG org.apache.hc.client5.http.headers -- http-outgoing-9 << Content-Length: 5254
10:31:44.649 [main] DEBUG org.apache.hc.client5.http.headers -- http-outgoing-9 << Server: GitHub.com
10:31:44.649 [main] DEBUG org.apache.hc.client5.http.headers -- http-outgoing-9 << Content-Type: text/html; charset=utf-8
10:31:44.649 [main] DEBUG org.apache.hc.client5.http.headers -- http-outgoing-9 << permissions-policy: interest-cohort=()
10:31:44.649 [main] DEBUG org.apache.hc.client5.http.headers -- http-outgoing-9 << x-origin-cache: HIT
10:31:44.649 [main] DEBUG org.apache.hc.client5.http.headers -- http-outgoing-9 << Access-Control-Allow-Origin: *
10:31:44.649 [main] DEBUG org.apache.hc.client5.http.headers -- http-outgoing-9 << Strict-Transport-Security: max-age=31556952
10:31:44.649 [main] DEBUG org.apache.hc.client5.http.headers -- http-outgoing-9 << ETag: W/"64d39a40-24a3"
10:31:44.649 [main] DEBUG org.apache.hc.client5.http.headers -- http-outgoing-9 << Content-Security-Policy: default-src 'none'; style-src 'unsafe-inline'; img-src data:; connect-src 'self'
10:31:44.649 [main] DEBUG org.apache.hc.client5.http.headers -- http-outgoing-9 << Content-Encoding: gzip
10:31:44.649 [main] DEBUG org.apache.hc.client5.http.headers -- http-outgoing-9 << x-proxy-cache: MISS
10:31:44.649 [main] DEBUG org.apache.hc.client5.http.headers -- http-outgoing-9 << X-GitHub-Request-Id: D770:36888F:8DAD80:90719A:658D4063
10:31:44.649 [main] DEBUG org.apache.hc.client5.http.headers -- http-outgoing-9 << Accept-Ranges: bytes
10:31:44.649 [main] DEBUG org.apache.hc.client5.http.headers -- http-outgoing-9 << Date: Thu, 28 Dec 2023 09:31:46 GMT
10:31:44.649 [main] DEBUG org.apache.hc.client5.http.headers -- http-outgoing-9 << Via: 1.1 varnish
10:31:44.649 [main] DEBUG org.apache.hc.client5.http.headers -- http-outgoing-9 << Age: 30
10:31:44.649 [main] DEBUG org.apache.hc.client5.http.headers -- http-outgoing-9 << X-Served-By: cache-mad22046-MAD
10:31:44.649 [main] DEBUG org.apache.hc.client5.http.headers -- http-outgoing-9 << X-Cache: HIT
10:31:44.649 [main] DEBUG org.apache.hc.client5.http.headers -- http-outgoing-9 << X-Cache-Hits: 1
10:31:44.649 [main] DEBUG org.apache.hc.client5.http.headers -- http-outgoing-9 << X-Timer: S1703755906.138187,VS0,VE1
10:31:44.649 [main] DEBUG org.apache.hc.client5.http.headers -- http-outgoing-9 << Vary: Accept-Encoding
10:31:44.649 [main] DEBUG org.apache.hc.client5.http.headers -- http-outgoing-9 << X-Fastly-Request-ID: 424c470a45e7bd4ff9d2aed59d26307d3e9739ec
10:31:44.649 [main] DEBUG org.apache.hc.client5.http.impl.classic.MainClientExec -- ex-0000000010 connection can be kept alive for 3 MINUTES
10:31:44.649 [main] ERROR io.github.bonigarcia.wdm.online.HttpClient -- Error HTTP 404 executing https://googlechromelabs.github.io/chrome-for-testing/LATEST_RELEASE_120.0.6099.63
10:31:44.649 [main] WARN io.github.bonigarcia.wdm.versions.VersionDetector -- Exception reading https://googlechromelabs.github.io/chrome-for-testing/LATEST_RELEASE_120.0.6099.63 to get latest version of chromedriver (Error HTTP 404 executing https://googlechromelabs.github.io/chrome-for-testing/LATEST_RELEASE_120.0.6099.63)
10:31:44.649 [main] DEBUG io.github.bonigarcia.wdm.versions.VersionDetector -- Getting driver version for chrome120.0.6099.63 from online versions.properties
10:31:44.650 [main] DEBUG org.apache.hc.client5.http.impl.classic.InternalHttpClient -- ex-0000000011 preparing request execution
10:31:44.651 [main] DEBUG org.apache.hc.client5.http.impl.classic.ProtocolExec -- ex-0000000011 target auth state: UNCHALLENGED
10:31:44.651 [main] DEBUG org.apache.hc.client5.http.impl.classic.ProtocolExec -- ex-0000000011 proxy auth state: UNCHALLENGED
10:31:44.651 [main] DEBUG org.apache.hc.client5.http.impl.classic.ConnectExec -- ex-0000000011 acquiring connection with route {s}->https://raw.githubusercontent.com:443
10:31:44.651 [main] DEBUG org.apache.hc.client5.http.impl.classic.InternalHttpClient -- ex-0000000011 acquiring endpoint (3 MINUTES)
10:31:44.651 [main] DEBUG org.apache.hc.client5.http.impl.io.PoolingHttpClientConnectionManager -- ex-0000000011 endpoint lease request (3 MINUTES) [route: {s}->https://raw.githubusercontent.com:443][total available: 0; route allocated: 0 of 5; total allocated: 1 of 25]
10:31:44.651 [main] DEBUG org.apache.hc.client5.http.impl.io.PoolingHttpClientConnectionManager -- ex-0000000011 endpoint leased [route: {s}->https://raw.githubusercontent.com:443][total available: 0; route allocated: 1 of 5; total allocated: 2 of 25]
10:31:44.651 [main] DEBUG org.apache.hc.client5.http.impl.io.PoolingHttpClientConnectionManager -- ex-0000000011 acquired ep-0000000011
10:31:44.651 [main] DEBUG org.apache.hc.client5.http.impl.classic.InternalHttpClient -- ex-0000000011 acquired endpoint ep-0000000011
10:31:44.651 [main] DEBUG org.apache.hc.client5.http.impl.classic.ConnectExec -- ex-0000000011 opening connection {s}->https://raw.githubusercontent.com:443
10:31:44.652 [main] DEBUG org.apache.hc.client5.http.impl.classic.InternalHttpClient -- ep-0000000011 connecting endpoint (null)
10:31:44.652 [main] DEBUG org.apache.hc.client5.http.impl.io.PoolingHttpClientConnectionManager -- ep-0000000011 connecting endpoint to https://raw.githubusercontent.com:443 (30 SECONDS)
10:31:44.652 [main] DEBUG org.apache.hc.client5.http.impl.io.DefaultHttpClientConnectionOperator -- raw.githubusercontent.com resolving remote address
10:31:44.653 [main] DEBUG org.apache.hc.client5.http.impl.io.DefaultHttpClientConnectionOperator -- raw.githubusercontent.com resolved to [raw.githubusercontent.com/185.199.109.133, raw.githubusercontent.com/185.199.110.133, raw.githubusercontent.com/185.199.108.133, raw.githubusercontent.com/185.199.111.133]
10:31:44.653 [main] DEBUG org.apache.hc.client5.http.impl.io.DefaultHttpClientConnectionOperator -- raw.githubusercontent.com:443 connecting null->raw.githubusercontent.com/185.199.109.133:443 (30 SECONDS)
10:31:44.654 [main] DEBUG org.apache.hc.client5.http.ssl.SSLConnectionSocketFactory -- Connecting socket to raw.githubusercontent.com/185.199.109.133:443 with timeout 30 SECONDS
10:31:44.694 [main] DEBUG org.apache.hc.client5.http.ssl.SSLConnectionSocketFactory -- Enabled protocols: [TLSv1.3, TLSv1.2]
10:31:44.694 [main] DEBUG org.apache.hc.client5.http.ssl.SSLConnectionSocketFactory -- Enabled cipher suites: [TLS_AES_256_GCM_SHA384, TLS_AES_128_GCM_SHA256, TLS_CHACHA20_POLY1305_SHA256, TLS_ECDHE_ECDSA_WITH_AES_256_GCM_SHA384, TLS_ECDHE_ECDSA_WITH_AES_128_GCM_SHA256, TLS_ECDHE_ECDSA_WITH_CHACHA20_POLY1305_SHA256, TLS_ECDHE_RSA_WITH_AES_256_GCM_SHA384, TLS_ECDHE_RSA_WITH_CHACHA20_POLY1305_SHA256, TLS_ECDHE_RSA_WITH_AES_128_GCM_SHA256, TLS_DHE_RSA_WITH_AES_256_GCM_SHA384, TLS_DHE_RSA_WITH_CHACHA20_POLY1305_SHA256, TLS_DHE_DSS_WITH_AES_256_GCM_SHA384, TLS_DHE_RSA_WITH_AES_128_GCM_SHA256, TLS_DHE_DSS_WITH_AES_128_GCM_SHA256, TLS_ECDHE_ECDSA_WITH_AES_256_CBC_SHA384, TLS_ECDHE_RSA_WITH_AES_256_CBC_SHA384, TLS_ECDHE_ECDSA_WITH_AES_128_CBC_SHA256, TLS_ECDHE_RSA_WITH_AES_128_CBC_SHA256, TLS_DHE_RSA_WITH_AES_256_CBC_SHA256, TLS_DHE_DSS_WITH_AES_256_CBC_SHA256, TLS_DHE_RSA_WITH_AES_128_CBC_SHA256, TLS_DHE_DSS_WITH_AES_128_CBC_SHA256, TLS_ECDHE_ECDSA_WITH_AES_256_CBC_SHA, TLS_ECDHE_RSA_WITH_AES_256_CBC_SHA, TLS_ECDHE_ECDSA_WITH_AES_128_CBC_SHA, TLS_ECDHE_RSA_WITH_AES_128_CBC_SHA, TLS_DHE_RSA_WITH_AES_256_CBC_SHA, TLS_DHE_DSS_WITH_AES_256_CBC_SHA, TLS_DHE_RSA_WITH_AES_128_CBC_SHA, TLS_DHE_DSS_WITH_AES_128_CBC_SHA, TLS_RSA_WITH_AES_256_GCM_SHA384, TLS_RSA_WITH_AES_128_GCM_SHA256, TLS_RSA_WITH_AES_256_CBC_SHA256, TLS_RSA_WITH_AES_128_CBC_SHA256, TLS_RSA_WITH_AES_256_CBC_SHA, TLS_RSA_WITH_AES_128_CBC_SHA, TLS_EMPTY_RENEGOTIATION_INFO_SCSV]
10:31:44.694 [main] DEBUG org.apache.hc.client5.http.ssl.SSLConnectionSocketFactory -- Starting handshake (null)
10:31:44.746 [main] DEBUG org.apache.hc.client5.http.ssl.SSLConnectionSocketFactory -- Secure session established
10:31:44.746 [main] DEBUG org.apache.hc.client5.http.ssl.SSLConnectionSocketFactory --  negotiated protocol: TLSv1.3
10:31:44.746 [main] DEBUG org.apache.hc.client5.http.ssl.SSLConnectionSocketFactory --  negotiated cipher suite: TLS_AES_128_GCM_SHA256
10:31:44.746 [main] DEBUG org.apache.hc.client5.http.ssl.SSLConnectionSocketFactory --  peer principal: CN=*.github.io, O="GitHub, Inc.", L=San Francisco, ST=California, C=US
10:31:44.747 [main] DEBUG org.apache.hc.client5.http.ssl.SSLConnectionSocketFactory --  peer alternative names: [*.github.io, github.io, *.github.com, github.com, www.github.com, *.githubusercontent.com, githubusercontent.com]
10:31:44.747 [main] DEBUG org.apache.hc.client5.http.ssl.SSLConnectionSocketFactory --  issuer principal: CN=DigiCert TLS RSA SHA256 2020 CA1, O=DigiCert Inc, C=US
10:31:44.747 [main] DEBUG org.apache.hc.client5.http.impl.io.DefaultManagedHttpClientConnection -- http-outgoing-10 set socket timeout to 3 MINUTES
10:31:44.747 [main] DEBUG org.apache.hc.client5.http.impl.io.DefaultHttpClientConnectionOperator -- raw.githubusercontent.com:443 connected null->raw.githubusercontent.com/185.199.109.133:443 as http-outgoing-10
10:31:44.747 [main] DEBUG org.apache.hc.client5.http.impl.io.PoolingHttpClientConnectionManager -- ep-0000000011 connected http-outgoing-10
10:31:44.747 [main] DEBUG org.apache.hc.client5.http.impl.classic.InternalHttpClient -- ep-0000000011 endpoint connected
10:31:44.747 [main] DEBUG org.apache.hc.client5.http.impl.classic.MainClientExec -- ex-0000000011 executing GET /bonigarcia/webdrivermanager/master/src/main/resources/versions.properties HTTP/1.1
10:31:44.747 [main] DEBUG org.apache.hc.client5.http.protocol.RequestAddCookies -- ex-0000000011 Cookie spec selected: strict
10:31:44.747 [main] DEBUG org.apache.hc.client5.http.impl.classic.InternalHttpClient -- ep-0000000011 start execution ex-0000000011
10:31:44.747 [main] DEBUG org.apache.hc.client5.http.impl.io.PoolingHttpClientConnectionManager -- ep-0000000011 executing exchange ex-0000000011 over http-outgoing-10
10:31:44.747 [main] DEBUG org.apache.hc.client5.http.headers -- http-outgoing-10 >> GET /bonigarcia/webdrivermanager/master/src/main/resources/versions.properties HTTP/1.1
10:31:44.747 [main] DEBUG org.apache.hc.client5.http.headers -- http-outgoing-10 >> user-agent: Apache-HttpClient/5.0
10:31:44.747 [main] DEBUG org.apache.hc.client5.http.headers -- http-outgoing-10 >> accept-encoding: gzip, deflate, br
10:31:44.747 [main] DEBUG org.apache.hc.client5.http.headers -- http-outgoing-10 >> cache-control: max-age=0
10:31:44.747 [main] DEBUG org.apache.hc.client5.http.headers -- http-outgoing-10 >> connection: keep-alive
10:31:44.747 [main] DEBUG org.apache.hc.client5.http.headers -- http-outgoing-10 >> Host: raw.githubusercontent.com
10:31:44.747 [main] DEBUG org.apache.hc.client5.http.wire -- http-outgoing-10 >> "GET /bonigarcia/webdrivermanager/master/src/main/resources/versions.properties HTTP/1.1[\r][\n]"
10:31:44.747 [main] DEBUG org.apache.hc.client5.http.wire -- http-outgoing-10 >> "user-agent: Apache-HttpClient/5.0[\r][\n]"
10:31:44.747 [main] DEBUG org.apache.hc.client5.http.wire -- http-outgoing-10 >> "accept-encoding: gzip, deflate, br[\r][\n]"
10:31:44.747 [main] DEBUG org.apache.hc.client5.http.wire -- http-outgoing-10 >> "cache-control: max-age=0[\r][\n]"
10:31:44.747 [main] DEBUG org.apache.hc.client5.http.wire -- http-outgoing-10 >> "connection: keep-alive[\r][\n]"
10:31:44.747 [main] DEBUG org.apache.hc.client5.http.wire -- http-outgoing-10 >> "Host: raw.githubusercontent.com[\r][\n]"
10:31:44.747 [main] DEBUG org.apache.hc.client5.http.wire -- http-outgoing-10 >> "[\r][\n]"
10:31:44.788 [main] DEBUG org.apache.hc.client5.http.wire -- http-outgoing-10 << "HTTP/1.1 200 OK[\r][\n]"
10:31:44.788 [main] DEBUG org.apache.hc.client5.http.wire -- http-outgoing-10 << "Connection: keep-alive[\r][\n]"
10:31:44.788 [main] DEBUG org.apache.hc.client5.http.wire -- http-outgoing-10 << "Content-Length: 1653[\r][\n]"
10:31:44.788 [main] DEBUG org.apache.hc.client5.http.wire -- http-outgoing-10 << "Cache-Control: max-age=300[\r][\n]"
10:31:44.788 [main] DEBUG org.apache.hc.client5.http.wire -- http-outgoing-10 << "Content-Security-Policy: default-src 'none'; style-src 'unsafe-inline'; sandbox[\r][\n]"
10:31:44.788 [main] DEBUG org.apache.hc.client5.http.wire -- http-outgoing-10 << "Content-Type: text/plain; charset=utf-8[\r][\n]"
10:31:44.788 [main] DEBUG org.apache.hc.client5.http.wire -- http-outgoing-10 << "ETag: W/"de56f96e4580ae55450ed6a794662cbdb2b39827f9709095aa3e1e7f6914629d"[\r][\n]"
10:31:44.788 [main] DEBUG org.apache.hc.client5.http.wire -- http-outgoing-10 << "Strict-Transport-Security: max-age=31536000[\r][\n]"
10:31:44.788 [main] DEBUG org.apache.hc.client5.http.wire -- http-outgoing-10 << "X-Content-Type-Options: nosniff[\r][\n]"
10:31:44.788 [main] DEBUG org.apache.hc.client5.http.wire -- http-outgoing-10 << "X-Frame-Options: deny[\r][\n]"
10:31:44.788 [main] DEBUG org.apache.hc.client5.http.wire -- http-outgoing-10 << "X-XSS-Protection: 1; mode=block[\r][\n]"
10:31:44.788 [main] DEBUG org.apache.hc.client5.http.wire -- http-outgoing-10 << "X-GitHub-Request-Id: D5BE:3DFCCC:2516CE:27975C:658D16A0[\r][\n]"
10:31:44.788 [main] DEBUG org.apache.hc.client5.http.wire -- http-outgoing-10 << "Content-Encoding: gzip[\r][\n]"
10:31:44.788 [main] DEBUG org.apache.hc.client5.http.wire -- http-outgoing-10 << "Accept-Ranges: bytes[\r][\n]"
10:31:44.788 [main] DEBUG org.apache.hc.client5.http.wire -- http-outgoing-10 << "Date: Thu, 28 Dec 2023 09:31:46 GMT[\r][\n]"
10:31:44.788 [main] DEBUG org.apache.hc.client5.http.wire -- http-outgoing-10 << "Via: 1.1 varnish[\r][\n]"
10:31:44.788 [main] DEBUG org.apache.hc.client5.http.wire -- http-outgoing-10 << "X-Served-By: cache-mad2200104-MAD[\r][\n]"
10:31:44.788 [main] DEBUG org.apache.hc.client5.http.wire -- http-outgoing-10 << "X-Cache: HIT[\r][\n]"
10:31:44.788 [main] DEBUG org.apache.hc.client5.http.wire -- http-outgoing-10 << "X-Cache-Hits: 1[\r][\n]"
10:31:44.788 [main] DEBUG org.apache.hc.client5.http.wire -- http-outgoing-10 << "X-Timer: S1703755906.279732,VS0,VE1[\r][\n]"
10:31:44.788 [main] DEBUG org.apache.hc.client5.http.wire -- http-outgoing-10 << "Vary: Authorization,Accept-Encoding,Origin[\r][\n]"
10:31:44.788 [main] DEBUG org.apache.hc.client5.http.wire -- http-outgoing-10 << "Access-Control-Allow-Origin: *[\r][\n]"
10:31:44.788 [main] DEBUG org.apache.hc.client5.http.wire -- http-outgoing-10 << "Cross-Origin-Resource-Policy: cross-origin[\r][\n]"
10:31:44.788 [main] DEBUG org.apache.hc.client5.http.wire -- http-outgoing-10 << "X-Fastly-Request-ID: 480cb68ee5b95de9aa2f711cbf1507560f7a5100[\r][\n]"
10:31:44.788 [main] DEBUG org.apache.hc.client5.http.wire -- http-outgoing-10 << "Expires: Thu, 28 Dec 2023 09:36:46 GMT[\r][\n]"
10:31:44.788 [main] DEBUG org.apache.hc.client5.http.wire -- http-outgoing-10 << "Source-Age: 30[\r][\n]"
10:31:44.788 [main] DEBUG org.apache.hc.client5.http.wire -- http-outgoing-10 << "[\r][\n]"
10:31:44.790 [main] DEBUG org.apache.hc.client5.http.headers -- http-outgoing-10 << HTTP/1.1 200 OK
10:31:44.791 [main] DEBUG org.apache.hc.client5.http.headers -- http-outgoing-10 << Connection: keep-alive
10:31:44.791 [main] DEBUG org.apache.hc.client5.http.headers -- http-outgoing-10 << Content-Length: 1653
10:31:44.791 [main] DEBUG org.apache.hc.client5.http.headers -- http-outgoing-10 << Cache-Control: max-age=300
10:31:44.791 [main] DEBUG org.apache.hc.client5.http.headers -- http-outgoing-10 << Content-Security-Policy: default-src 'none'; style-src 'unsafe-inline'; sandbox
10:31:44.791 [main] DEBUG org.apache.hc.client5.http.headers -- http-outgoing-10 << Content-Type: text/plain; charset=utf-8
10:31:44.791 [main] DEBUG org.apache.hc.client5.http.headers -- http-outgoing-10 << ETag: W/"de56f96e4580ae55450ed6a794662cbdb2b39827f9709095aa3e1e7f6914629d"
10:31:44.791 [main] DEBUG org.apache.hc.client5.http.headers -- http-outgoing-10 << Strict-Transport-Security: max-age=31536000
10:31:44.791 [main] DEBUG org.apache.hc.client5.http.headers -- http-outgoing-10 << X-Content-Type-Options: nosniff
10:31:44.791 [main] DEBUG org.apache.hc.client5.http.headers -- http-outgoing-10 << X-Frame-Options: deny
10:31:44.791 [main] DEBUG org.apache.hc.client5.http.headers -- http-outgoing-10 << X-XSS-Protection: 1; mode=block
10:31:44.791 [main] DEBUG org.apache.hc.client5.http.headers -- http-outgoing-10 << X-GitHub-Request-Id: D5BE:3DFCCC:2516CE:27975C:658D16A0
10:31:44.791 [main] DEBUG org.apache.hc.client5.http.headers -- http-outgoing-10 << Content-Encoding: gzip
10:31:44.791 [main] DEBUG org.apache.hc.client5.http.headers -- http-outgoing-10 << Accept-Ranges: bytes
10:31:44.791 [main] DEBUG org.apache.hc.client5.http.headers -- http-outgoing-10 << Date: Thu, 28 Dec 2023 09:31:46 GMT
10:31:44.791 [main] DEBUG org.apache.hc.client5.http.headers -- http-outgoing-10 << Via: 1.1 varnish
10:31:44.791 [main] DEBUG org.apache.hc.client5.http.headers -- http-outgoing-10 << X-Served-By: cache-mad2200104-MAD
10:31:44.791 [main] DEBUG org.apache.hc.client5.http.headers -- http-outgoing-10 << X-Cache: HIT
10:31:44.791 [main] DEBUG org.apache.hc.client5.http.headers -- http-outgoing-10 << X-Cache-Hits: 1
10:31:44.791 [main] DEBUG org.apache.hc.client5.http.headers -- http-outgoing-10 << X-Timer: S1703755906.279732,VS0,VE1
10:31:44.791 [main] DEBUG org.apache.hc.client5.http.headers -- http-outgoing-10 << Vary: Authorization,Accept-Encoding,Origin
10:31:44.791 [main] DEBUG org.apache.hc.client5.http.headers -- http-outgoing-10 << Access-Control-Allow-Origin: *
10:31:44.791 [main] DEBUG org.apache.hc.client5.http.headers -- http-outgoing-10 << Cross-Origin-Resource-Policy: cross-origin
10:31:44.791 [main] DEBUG org.apache.hc.client5.http.headers -- http-outgoing-10 << X-Fastly-Request-ID: 480cb68ee5b95de9aa2f711cbf1507560f7a5100
10:31:44.791 [main] DEBUG org.apache.hc.client5.http.headers -- http-outgoing-10 << Expires: Thu, 28 Dec 2023 09:36:46 GMT
10:31:44.791 [main] DEBUG org.apache.hc.client5.http.headers -- http-outgoing-10 << Source-Age: 30
10:31:44.792 [main] DEBUG org.apache.hc.client5.http.impl.classic.MainClientExec -- ex-0000000011 connection can be kept alive for 3 MINUTES
10:31:44.793 [main] DEBUG org.apache.hc.client5.http.wire -- http-outgoing-10 << "[0x1f][0xffffff8b][0x8][0x0][0x0][0x0][0x0][0x0][0x0][0x3][0xffffff8d][0xffffff97]Mo[0xffffffe3]6[0x10][0xffffff86][0xffffffef][0xfffffff9][0x15][0x2]z[0xffffff8e][0xffffffcc][0xffffffcf]![0x19][0xffffff80][0xffffff97]~[0xffffff9e][0xffffff8a][0x1e][0xffffffda]?[0xffffffe0][0xffffffb5][0xffffff95]DX[0xffffffc7][\n]"
10:31:44.794 [main] DEBUG org.apache.hc.client5.http.wire -- http-outgoing-10 << "lg[0xffffffb3][0xffffffe8][0xffffffaf][0xffffffef][0xc][0xffffffc9][0xffffffa1]h[0xffffffaa][0x5]z[0x8]v[0xffffffe7][0xffffffb1]D[0xffffffce][0xffffff90][0xffffffd4][0xffffffcb]w~[0x18][0xfffffffe]z[0xffffff9d][0xffffffaf][0xffffffc3][0xfffffff3]|[0xffffff9a][0xffffff86][0xffffffc3]r[0xffffffbe][0xffffffed][0xffffffe7][0xfffffff3]u[0xffffffb8][0xffffffbd]N[0xffffffc3][0xffffffd7][0xfffffff3][0xfffffff2]y[0x1e][0xffffff8e][0xffffff97][0xfffffff9][0xffffffdb]t[0x19][0xfffffff0][0xffffffef]:/[0xfffffff8][0xffffffcb]ay{[0xffffffdf][0xffffffdf][0xffffffe6]/[0xfffffff8][0xfffffff4][0xffffffe7]|{MO[0x1e][0xffffff96][0xffffffcb]e[0xffffffba][0xffffffbe]/[0xffffffe7][0xffffffe3]|~[0x19][0xffffffbe]\[0xffffff96][0xffffffcf][0xffffffeb][0xfffffffa][0xffffffca][0xffffffc3][0xffffffc3][0xf][0xffffffc3][0xffffff8f][0x19]=[\r][0xffffffbf]-[0xffffffcb][0xb][0xffffffbe][0xfffffff9][0xffffffd3][0xffffffeb]ey[0xffffff9b][0xffffff86][0xfffffffd][0xfffffff9][0xffffff98][0xffffffff];[0x7f][0xffffffbc][\r][0xffffff8f][0xffffffc3][0xffffffcf]i[0xffffffaa][0xffffffa7][0xffffffe1][0xffffff90]~[0xffffffcd][0x13][0xffffffe3][0xffffffcb][0x7f].[0x1f][0xffffff97][0xffffffc3][0xfffffff4]4[0xffffffbc][0xffffffde]n[0xffffffef]O[0xffffffbb]][0xfffffffb][0xffffffeb]x(o[0xffffff8f][0xffffffcb][0xffffffe5]ew[0xffffffc4]|O[0xffffffcb][0xfffffffe]x}[0xffffffc8][0xffffffcf]Hi"[0xfffffffe][0xffffff8d]b[0xffffffb4]N[0xffffffdb]1[0xffffff88][0xffffffca]5rM[0x1c][0xffffff9c][0x1a]AW[0xffffffae][0xffffff90][0xffffffab][0xffffffc4][0xffffffa5][0x1d]M[0xffffffa8]\"[0xffffff97][0xffffffc4]-[0xffffffe8][0x11]L[0xffffffe5][0x2][0xffffffb9] n[0xffffffbc][0x1c][0xffffff9d]c.B[0xffffffc4][0xffffffbf][0xffffffc4]qzW[0xffffff9f][0x17][0x1e][0xffffffb9]'[0xffffffae]m[0x18][0xffffff9d][0xffffffac][0xffffffdc]!w[0xffffff89][0xb]3[0xffffff82][0xffffffaa][0x1c][0xffffff90][0x3]qe[0xffffffc2][0x8][0xffffffeb][0xfffffff3][0x16][0xffffffb9]%.[0xffffff83][0xffffffc5][0x1f]+[0xffffffc7]zE[0xffffffaa][0xffffff97][0xffffffca]p5[0x7f][0xffffff81][0xfffffff5][0xffffff8a]T[0xffffffaf][0x0]1J[0xffffffbd]&[0xffffff84][0x5][0xffffff8b]T[0xffffffb0][0xffffffc0][0xfffffff1][0xffffff9a][0x9][0xffffffb0]`A[0x5][0xffffff9b]`[0xffffffe5]hV[0xffffff8e][0x5][0xb]*[0xffffffd8][0xfffffff8][0x0]#[0xfffffff0][0xffffff82][0xffffff86][0x10]CH[0xffffffd4][0x18][0xffffff9c][0xffffff9b][0xffffffa9][0xffffff8f][0xffffff81][0xffffff8a]5[0xffffffce][0xfffffffa][0x11][0xffffffa7]a[0xffffffec]b[0xffffffa0]Z[\r][0x4][0xffffffb5][0xffffffae]A[0xffffff80][0x18] Q0[0xffffffa3][0xffffffb1]Lm[0xc]6Q[0xffffffed]G[0xffffffe0]z[0xffffff82][0xffffff89][0xffffffc1]$[0xffffff8a][0xffffff8b][0xffffff83][0x1b][0xffffffc9]X[0xffffffc7]@E[0x1a][0xffffffeb][0xffffffdc][0xffffffba][0xffffffa9]A[0xffffffc5][0xffffffa0][0x12][0xffffffc5]-[0xffffffc5]Uf,cH[0x5][0x1a]<[0x1]X+c[0x11]C[0xffffffaa][0xffffffcf]h1*^'[0x1f][0xffffffa2]O[0xfffffff5]i[0xfffffffc]G[0xfffffff1][0xffffffc8][0xffffffde]G[0xffffff9f][0xffffffea][0xffffffd3][0xffffffca][0xffffff8c][0x1][0xffffff98][0xffffffba][0xffffffe8]Sy[0xffffffca][0xffffff8b][0xffffffd1]{[0xffffffa6][0x10]}*O[0x19][0x1c][0xffffff97][0xffffff97][0xffffffc2][0xffffffdb][0xffffffe8]Sy[0xffffffd2][0xffffffeb][0xffffffd1]sj[0xffffffde]D[0xffffff9f][0xffffffca][0xffffff93][0xffffffc6][0xffffff8d][0xffffff9a][0xffffffd7][0xffffffd8][0xffffffeb][0xffffffe8]Su[0xffffffb4][0xffffff93][0xffffff9a][0xffffff97][0xffffffc2][0xffffffcb][0xffffffe8]S[0x19][0x2]W^[0xffffffea]:[0xffffff9d][0xffffff88][0xffffff9e][0xffffffca][0xffffffd0][0x1]s[0xffffffc1]#T[0xffffffb0][0xb][0xffffffd1][0xffffff85][0xffffff84][0xffffff8d][0x1d]u[0xffffffa5]>:[0xffffff9f]([0xffffff9e][0x1d]<W[0xffffff8c]]tT[0xffffff88][0xfffffff6][0xffffff80][0xffffffdf][0x2][0xffffffa7][0xffffffe1] :H[0x14][0xf][0xffffffb8]Tu[0xc][0x1b][0x1d]U[0xffffffa2][0xffffff9d][0xffffffc3][0x3][0xffffffb6]>m[0xffffffa2]3[0x9]+<[0xffffffbf][0xc]utT[0xffffff89][0x6],[0x8]8e[0xffffffa7][0xffffffa2][0xffffffc2][0x1d][0xffffffe5]H[0xffffffde]E[0xffffff82]"N[0xc][0x2]E[0xffffffbc]7[0xffffffe0])[0xffffffe2][0x15][0x5]G[0x11][0xffffffef]&[0x0]E[0xffffff9c][0xc]X[0xffffff8c][0xffffffea][0x12][0xffffff81][0xffffffa1][0xffffff88][0xffffffd7][0x1c]4E<[0x1f]P.[0xffffffba][0xffffffce]G[0xffffffb9][0xffffffd4]o[0x6]([0x17][0xffffffad][0xffffffef]T[0xffffffed][0xfffffff7][0xffffffe5][0xffffffef][0xfffffff9]t[0xffffffda][0xf][0xffffffbf][0xffffffce][0xffffff97][0xffffffe9]y[0xfffffff9][0xffffffde]H[0xffffffd9][0xffffffcb]t[0xfffffff8][0xffffffba][0xfffffffc][0xffffffab][0xffffff92]]Q[0xffffffca]^P@?[0xffffffbe][0xffffff8c]([0xffffffa9][0xffffffbb][0xffffffb7]<[0xffffffc4][0xffffffae]yaw[0xffffff99]N[0xffffffd3][0xfffffffe]:][0x1f][0xffffff9e][0xfffffff3][0xffffffb8]R[0xffffff89][0xffffff88][0xffffffcb][0xffffff86]kW[0xffffff89][0xc][0x1b][0xffffffe2]7[0xffffffc4]m[0x8]l[0xffffff88][0xffffffdd][0x10][0xffffffb3]!zC[0xffffffd4][0xffffff86][0xffffffc8][\r]I9[0xffffffab]QU"B&[0xffffffeb]3[0xffffffc2]o[0xffffff88][0xffffffdb][0x10][0xffffffd8][0x10][0xffffffbb]!)g[0xffffffd9][0x12][0xffffffbd]!jC[0xffffffe4][0xffffff86][0xffffff88][0xffffff8e][0xffffff84][0xffffffd0][0x3][0xffffffdf][0x3][0xffffffd7][0x3][0xffffffe8][0xffffff81][0xffffffed]A[0xffffff9f]m[0xffffffe8][0xffffff93][\r]}[0xffffffae][0xffffffa1]O5P[0xffffffa6][0xfffffff8]m5`<[0xffffffcd][0xffffffe7][0xffffff8f][0xffffffef][0x19]K[0xffffffc6]>t[0xffffffcf]y[0xffffffdf][0x3][0xffffffd7][0x3][0xffffffe8][0xffffff81][0xffffffed][0xffffff81][0xffffffe9][0x1][0x15][0xffffffa0]|[0x3]T[0xf][0xffffffa8][0x0][0xffffffe5][0x1a] :[0xffffffe0]B[0xf]R[0xffffffa6][0xffffffd0][0x0][0xffffffd7][0x3][0xffffffe8][0xffffff81][0xffffffed][0xffffff81][0xffffffe9][0xffffff81][0xffffffee][0xffffff81][0xffffffea][0xffffff81][0xffffffec][0xffffff81][0xffffffe8][0x0][0xffffff84][0x1e][0xffffffa4]Lm[0x3]R[0xffffffa6][0xffffffa6][0x1][0xffffffd0][0x3][0xffffffdb][0xffffff83][0xffffff94]i[0xfffffff3][0x1][0xffffff81][0xffffffee]A[0xffffffca][0xffffffb4]9[0xfffffff6][0xffffff90]2m[0xe][0x5][0xffffff88][0xe][0xffffffd8][0xffffffd0][0x3][0xffffffdf][0x3][0xffffffd7][0xffffff83][0xffffff94][0xffffffa9]h[0xffffff80]e[0xffffffd0]*[0xffffffdf][0x1f][0xffffffef][0xffffffd3]e[0xffffffdf][0xffffffe8][0xffffffdd]B[0xfffffff1][0xffffffff][0xffffffd1][0xffffffbb][0xfffffff4][0xffffffe0]uy[0xffffffbe]}[0xffffffee]/S[0xffffff8e][0xffffffd8][0xffffffcb][0xfffffff5][0xffffffea][0xffffff97]~L[0xffffff9e]G[0xffffffd2][0xffffffe5][0x5][0x2]//[0xffffff89]ws[0xffffffe1][0xffffffe4][0xfffffff1][0xffffff92][0xffffffa7][\n]"
10:31:44.795 [main] DEBUG org.apache.hc.client5.http.wire -- http-outgoing-10 << "x[0xfffffffb][0xfffffffb][0xffffffc0][0xffffff98],^[0xffffffb2]T[0x1][0xffffffad][0xffffff83][0xffffffd4][0xffffff8a]9Y[0xffffffbc]d[0xffffffa9]<[0xe][0x13][0x1c]crx[0xffffffc9]Q9[0xfffffffc][0xffffff82]$[0xffffffda][0xffffff92][0xffffffc2]E[0xffffffeb] Q[0xffffffcc]2G=h[0xc][0xffffffa4]Te[0x18]T[0xffffff85][0xffffffc6]?z[0xffffffa6][0xffffffee][0xffffffce]=[0xffffffda]B[0xffffffa1][0xfffffff5][0xffffff8e]8Q[0xffffffc1][0xffffffb6][0xffffffb5][0xffffff8e][0xffffffa8][0xfffffff8][0x5][0xffffff9b][0xffffffd6]9[0xffffff86]Re[0xffffffd0][0xffffffad]oD[0xffffffb3][0xffffff91][0xffffffa9]j]#.Z[0xffffffc1][0xffffffb2]5[0xffffff8d][0xffffffe4][0xffffffc7]2[0x16][0xffffffad]g[0xfffffff4][0xffffffa5]p[0x1f]Z[0xffffffc7][0x8]P[0xffffffa8][0xffffffef][0xffffffec]b[0xffffffa6][0xffffffae]5[0xffffff8b]P6[0xffffffc6]Ck[0x15][0xffffffeb][0x12][0xffffffa1][0xffffff88][0xffffffdc]Y[0xffffffc5][0xc]M[0xffffffe3][0x14]}I[0xc][0xffffffc5][0xffffffe4][0xffffffce]'f[0xffffffa8][0xffffffee]mb[0xffffff86][0xffffffb2]q[0xffffff89][0xffffff96][0xffffffe7][0x17][0xffffff8d]I[0xffffffe4]TQ\[0xffffffee],b[0xffffff86][0xffffffbe]s[0xffffff88][0xffffff99][0xffffffba][0xffffffc6] :[0xffffff86][0xffffffd0][0xffffffd8]C_[0xffffffa6]G[0xffffffb5]Y[0xffffffdd]!g[0xffffff8f][0xffffff8a][0xffffffb3][0xffffff9a]C\[0xffffffe0]Buc[0xe][0xffffff81][0x7]U[0xffffff8d]7[0xfffffff4]e[0xffffffc3]Q~VkX7[0xb]5h[0xffffffb5][0xffffff86]|[0xffffffd6]Q[0xffffff87]Vg[0xffffffc8]'[0x1a][0xffffffb5][0xffffffa8]1[0xffffff86][0xffffffb2][0xffffff94][0xffffff8a][0xffffff82][0xffffffd4][0xfffffffa][0xffffffc2]2[0x17][0xffffffaa][0xffffffd2]j[0xb][0x1d][0xffffff8f]j[0x1b]W[0xffffffc8]G[0x19][0xffffffd5]i[0xfffffff5][0xffffff84][0xfffffff5]p[0xffffffa2]D5[0xffffff9e][0xffffff90]?5[0xffffffd4][0xffffffa9][0xffffffc6][0x12][0xffffffd6][0xffffffb9][0xffffff8a][0xffffff95]K[0xffffff81][\r]mP[0xffffff8c]\[0xe][0xffffff8a][0xffffff8f][0xffffffcb]A[0xffffffb1]q9(..[0x7][0xffffffc5][0xffffffc4][0xffffffe5][0xffffffa0]x[0xffffffb8][0x1c][0x14][0xb][0xffffff97][0x3][0xffffff99]=[[0xe]D[0x13][0x18][0xffffffca][0xffffff80]36[0xffffff94][0xffffff81].[0xfffffff3][0x18][0xffffffca]@[0xffffff95][0xffffffc5]0[0xffffff90][0xffffff83];[0xffffffd3]7[0x1f].[0xb])[0xffffffd8][0xfffffff0][0xffffffcb][0xfffffff1]ej4[0xfffffff0][0xffffffed]:![0xfffffff8]O[0x11]<N[0xffffffdf][0xffffffa6][0x13][0xffffff8d]:[0xffffffbe][0xfffffff1][0x8]I[0x11][0xffffffa7][0xfffffff3][0xffffffe3][0xffffffc7]uW[0xffffffd9]#[\r][0xffffffb2][0xffffffbb]-[0xffffffcb][0xffffffe9][0xffffffba][0xfffffffb][0xffffff9c][0xffffffbe][0x14]Q| [0xffffffba][0xfffffff6][0xffffffb5][0xffffffd2][0xffffffe3][0xffffffcd] }[0xffffffa1][0xffffffdc][0xffffffd5]J[0xffffff87][0xffffffa6][0x1b]W2S[0xffffffee]i[0xffffffa5]S[0xffffffe9] g[0xffffffca][0x1d][0xffffffad][0x4][0xffffff90][0xffffffd4]qf[0xffffffca][0xfffffffd][0xffffffac][0xffffffb4]x>p[0xfffffff5][0x12][0xffffffad][0xffffffdd][0xffffffac][0xffffffb4]([0xffffffb4][0xffffffae][0xffffffcc]V{Yi[0x0][0xffffffc7][0xffffff85]B[0xffffffb9][0xffffff93][0xffffffc5][0x1e][0xffffff80][0xffffffee][0xfffffff0][0xc][0xffffffb9][0xffffff8d][0xffffff95][0xffffffda][0xffffffd1][0xffffff8d]Y(7[0xffffffb1][0xffffffd8]"
10:31:44.795 [main] DEBUG org.apache.hc.client5.http.wire -- http-outgoing-10 << "[0xffffff8f]jT[0xffffffb0]B[0xffffffb9][0xffffff85][0xffffff95][\n]"
10:31:44.795 [main] DEBUG org.apache.hc.client5.http.wire -- http-outgoing-10 << "[0xffffffbf]T[0xffffffc7]#p[0x3][0xffffff8b][0x1d][0xffffff87][0xffffffa9]E[0xffffffd4][0xffffffee][0x15]o[0x3]K[0x1d]A[0xffffffa6][0xffffffdc][0xffffffbb]J%[0xffffffc5]:.w[0xffffffae]xYX[0xffffffea][0xffffff9f][0xffffff88]r[0xffffffdf][0xffffff8a][0xffffffd2]OB[0xffffff91]Y[0xffffffe9]Z%UW[0x16][0xffffff86][V,MUV[0x1a]V[0xffffffac][0xffffffc1]TV[0xffffffda]U[0xffffffcc][0xffffffaa][0xffffffce][0xffffffcc][0xffffffcd]j@[0xffffff8d][0xffffffd1]2[0xffffffa3][0xffffffd2][0xffffffa8][0x6]\z][0xffffff9e]*]j[0x10][0xffffffeb][0x4][0xffffffa5]C[0xfffffff5][0xffffffa4]t[0xffffffe5][0xffffffc5][0xffffffd2][0xffffff9d]z,,[0x13][0xffffffee]Li[0xffffffc7][0xfffffff3][0xffffffc6]pW[0xffffffea]pm[0xffffffcb]k[0xffffffdc][0xffffff92][0x2][0xffffff84][0xffffffb2]%[0xffffffdc][0xffffff8e][0x2][0x1e][0x9][0xffffffc8]k[0xffffffc1][0xffffffbd][0xffffffa8][0xffffffa5][0x5].O[0xffffff95]F[0xffffffd4]&[0xffffff83][0xffffff92][0x8]7[0xffffffa1]([\r][0xffffffb6][0xffffffcc][0xffffff87][0xffffffea][0xffffff95][0xffffffd5]3pN[0xffffffdc][0xffffff93][0xffffffe2]=[[0xffffffb6][0xffffffaa][0xfffffff6][0xffffffa3]X1[0xffffff9e][0xffffffbb][0xffffffc4]j3Jg6[0xffffff93][0xffffffd2][0xffffff88]*[0xffffffc7]G[0xffffff87]{P[0xffffffa5]+)[0xfffffffd]'[0xffffffc9]b![0xffffffa5][0xfffffff5][0xffffff94][0x1a]{[0xfffffff3][0xffffff8c][0xffffff8c][0xffffff89][0xffffffef][0xffffff97][0xffffffe9]q>_o[0xfffffffb][0xffffffd3]i:f[0xffffffa8]"[0xffffffd0][0xffffffcd][0xffffffae][0xfffffff3]912[0xffffffa2][0xffffff84][0xffffff81][\n]"
10:31:44.795 [main] DEBUG org.apache.hc.client5.http.wire -- http-outgoing-10 << "[0xffffffb9]|#"[0xffffffea]$[0xffffffde]vy?[0xffffffb4][0xffffff8f][0xfffffff8]a[0x19][0x1d]r[0xffffffa8]Htp[0xffffffa7]}>#[0xffffffd8][0xffffff87][0xffffffd1][0xffffff95][0xffffff8d]z[0xfffffffd][0xfffffff0][0xf][0xffffffe2][0x12][0xffffff8f][0xfffffff4]>[0x13][0x0][0x0]"
10:31:44.796 [main] DEBUG org.apache.hc.client5.http.impl.classic.InternalHttpClient -- ep-0000000011 releasing valid endpoint
10:31:44.796 [main] DEBUG org.apache.hc.client5.http.impl.io.PoolingHttpClientConnectionManager -- ep-0000000011 releasing endpoint
10:31:44.796 [main] DEBUG org.apache.hc.client5.http.impl.io.PoolingHttpClientConnectionManager -- ep-0000000011 connection http-outgoing-10 can be kept alive for 3 MINUTES
10:31:44.796 [main] DEBUG org.apache.hc.client5.http.impl.io.PoolingHttpClientConnectionManager -- ep-0000000011 connection released [route: {s}->https://raw.githubusercontent.com:443][total available: 1; route allocated: 1 of 5; total allocated: 2 of 25]
10:31:44.796 [main] DEBUG io.github.bonigarcia.wdm.versions.VersionDetector -- Driver for chrome120.0.6099.63 not found in online properties (using local versions.properties)
10:31:44.798 [main] DEBUG io.github.bonigarcia.wdm.WebDriverManager -- The driver version for CHROME 120.0.6099.63 is unknown ... trying with latest
10:31:44.802 [main] DEBUG org.apache.hc.client5.http.impl.classic.InternalHttpClient -- ex-0000000012 preparing request execution
10:31:44.802 [main] DEBUG org.apache.hc.client5.http.impl.classic.ProtocolExec -- ex-0000000012 target auth state: UNCHALLENGED
10:31:44.803 [main] DEBUG org.apache.hc.client5.http.impl.classic.ProtocolExec -- ex-0000000012 proxy auth state: UNCHALLENGED
10:31:44.803 [main] DEBUG org.apache.hc.client5.http.impl.classic.ConnectExec -- ex-0000000012 acquiring connection with route {s}->https://googlechromelabs.github.io:443
10:31:44.803 [main] DEBUG org.apache.hc.client5.http.impl.classic.InternalHttpClient -- ex-0000000012 acquiring endpoint (3 MINUTES)
10:31:44.803 [main] DEBUG org.apache.hc.client5.http.impl.io.PoolingHttpClientConnectionManager -- ex-0000000012 endpoint lease request (3 MINUTES) [route: {s}->https://googlechromelabs.github.io:443][total available: 1; route allocated: 1 of 5; total allocated: 2 of 25]
10:31:44.803 [main] DEBUG org.apache.hc.client5.http.impl.io.PoolingHttpClientConnectionManager -- ex-0000000012 endpoint leased [route: {s}->https://googlechromelabs.github.io:443][total available: 1; route allocated: 2 of 5; total allocated: 3 of 25]
10:31:44.803 [main] DEBUG org.apache.hc.client5.http.impl.io.PoolingHttpClientConnectionManager -- ex-0000000012 acquired ep-0000000012
10:31:44.803 [main] DEBUG org.apache.hc.client5.http.impl.classic.InternalHttpClient -- ex-0000000012 acquired endpoint ep-0000000012
10:31:44.803 [main] DEBUG org.apache.hc.client5.http.impl.classic.ConnectExec -- ex-0000000012 opening connection {s}->https://googlechromelabs.github.io:443
10:31:44.803 [main] DEBUG org.apache.hc.client5.http.impl.classic.InternalHttpClient -- ep-0000000012 connecting endpoint (null)
10:31:44.803 [main] DEBUG org.apache.hc.client5.http.impl.io.PoolingHttpClientConnectionManager -- ep-0000000012 connecting endpoint to https://googlechromelabs.github.io:443 (30 SECONDS)
10:31:44.803 [main] DEBUG org.apache.hc.client5.http.impl.io.DefaultHttpClientConnectionOperator -- googlechromelabs.github.io resolving remote address
10:31:44.803 [main] DEBUG org.apache.hc.client5.http.impl.io.DefaultHttpClientConnectionOperator -- googlechromelabs.github.io resolved to [googlechromelabs.github.io/185.199.110.153, googlechromelabs.github.io/185.199.111.153, googlechromelabs.github.io/185.199.108.153, googlechromelabs.github.io/185.199.109.153]
10:31:44.804 [main] DEBUG org.apache.hc.client5.http.impl.io.DefaultHttpClientConnectionOperator -- googlechromelabs.github.io:443 connecting null->googlechromelabs.github.io/185.199.110.153:443 (30 SECONDS)
10:31:44.804 [main] DEBUG org.apache.hc.client5.http.ssl.SSLConnectionSocketFactory -- Connecting socket to googlechromelabs.github.io/185.199.110.153:443 with timeout 30 SECONDS
10:31:44.843 [main] DEBUG org.apache.hc.client5.http.ssl.SSLConnectionSocketFactory -- Enabled protocols: [TLSv1.3, TLSv1.2]
10:31:44.843 [main] DEBUG org.apache.hc.client5.http.ssl.SSLConnectionSocketFactory -- Enabled cipher suites: [TLS_AES_256_GCM_SHA384, TLS_AES_128_GCM_SHA256, TLS_CHACHA20_POLY1305_SHA256, TLS_ECDHE_ECDSA_WITH_AES_256_GCM_SHA384, TLS_ECDHE_ECDSA_WITH_AES_128_GCM_SHA256, TLS_ECDHE_ECDSA_WITH_CHACHA20_POLY1305_SHA256, TLS_ECDHE_RSA_WITH_AES_256_GCM_SHA384, TLS_ECDHE_RSA_WITH_CHACHA20_POLY1305_SHA256, TLS_ECDHE_RSA_WITH_AES_128_GCM_SHA256, TLS_DHE_RSA_WITH_AES_256_GCM_SHA384, TLS_DHE_RSA_WITH_CHACHA20_POLY1305_SHA256, TLS_DHE_DSS_WITH_AES_256_GCM_SHA384, TLS_DHE_RSA_WITH_AES_128_GCM_SHA256, TLS_DHE_DSS_WITH_AES_128_GCM_SHA256, TLS_ECDHE_ECDSA_WITH_AES_256_CBC_SHA384, TLS_ECDHE_RSA_WITH_AES_256_CBC_SHA384, TLS_ECDHE_ECDSA_WITH_AES_128_CBC_SHA256, TLS_ECDHE_RSA_WITH_AES_128_CBC_SHA256, TLS_DHE_RSA_WITH_AES_256_CBC_SHA256, TLS_DHE_DSS_WITH_AES_256_CBC_SHA256, TLS_DHE_RSA_WITH_AES_128_CBC_SHA256, TLS_DHE_DSS_WITH_AES_128_CBC_SHA256, TLS_ECDHE_ECDSA_WITH_AES_256_CBC_SHA, TLS_ECDHE_RSA_WITH_AES_256_CBC_SHA, TLS_ECDHE_ECDSA_WITH_AES_128_CBC_SHA, TLS_ECDHE_RSA_WITH_AES_128_CBC_SHA, TLS_DHE_RSA_WITH_AES_256_CBC_SHA, TLS_DHE_DSS_WITH_AES_256_CBC_SHA, TLS_DHE_RSA_WITH_AES_128_CBC_SHA, TLS_DHE_DSS_WITH_AES_128_CBC_SHA, TLS_RSA_WITH_AES_256_GCM_SHA384, TLS_RSA_WITH_AES_128_GCM_SHA256, TLS_RSA_WITH_AES_256_CBC_SHA256, TLS_RSA_WITH_AES_128_CBC_SHA256, TLS_RSA_WITH_AES_256_CBC_SHA, TLS_RSA_WITH_AES_128_CBC_SHA, TLS_EMPTY_RENEGOTIATION_INFO_SCSV]
10:31:44.843 [main] DEBUG org.apache.hc.client5.http.ssl.SSLConnectionSocketFactory -- Starting handshake (null)
10:31:44.891 [main] DEBUG org.apache.hc.client5.http.ssl.SSLConnectionSocketFactory -- Secure session established
10:31:44.891 [main] DEBUG org.apache.hc.client5.http.ssl.SSLConnectionSocketFactory --  negotiated protocol: TLSv1.3
10:31:44.891 [main] DEBUG org.apache.hc.client5.http.ssl.SSLConnectionSocketFactory --  negotiated cipher suite: TLS_AES_128_GCM_SHA256
10:31:44.891 [main] DEBUG org.apache.hc.client5.http.ssl.SSLConnectionSocketFactory --  peer principal: CN=*.github.io, O="GitHub, Inc.", L=San Francisco, ST=California, C=US
10:31:44.891 [main] DEBUG org.apache.hc.client5.http.ssl.SSLConnectionSocketFactory --  peer alternative names: [*.github.io, github.io, *.github.com, github.com, www.github.com, *.githubusercontent.com, githubusercontent.com]
10:31:44.891 [main] DEBUG org.apache.hc.client5.http.ssl.SSLConnectionSocketFactory --  issuer principal: CN=DigiCert TLS RSA SHA256 2020 CA1, O=DigiCert Inc, C=US
10:31:44.891 [main] DEBUG org.apache.hc.client5.http.impl.io.DefaultManagedHttpClientConnection -- http-outgoing-11 set socket timeout to 3 MINUTES
10:31:44.891 [main] DEBUG org.apache.hc.client5.http.impl.io.DefaultHttpClientConnectionOperator -- googlechromelabs.github.io:443 connected null->googlechromelabs.github.io/185.199.110.153:443 as http-outgoing-11
10:31:44.891 [main] DEBUG org.apache.hc.client5.http.impl.io.PoolingHttpClientConnectionManager -- ep-0000000012 connected http-outgoing-11
10:31:44.892 [main] DEBUG org.apache.hc.client5.http.impl.classic.InternalHttpClient -- ep-0000000012 endpoint connected
10:31:44.892 [main] DEBUG org.apache.hc.client5.http.impl.classic.MainClientExec -- ex-0000000012 executing GET /chrome-for-testing/last-known-good-versions-with-downloads.json HTTP/1.1
10:31:44.892 [main] DEBUG org.apache.hc.client5.http.protocol.RequestAddCookies -- ex-0000000012 Cookie spec selected: strict
10:31:44.892 [main] DEBUG org.apache.hc.client5.http.impl.classic.InternalHttpClient -- ep-0000000012 start execution ex-0000000012
10:31:44.892 [main] DEBUG org.apache.hc.client5.http.impl.io.PoolingHttpClientConnectionManager -- ep-0000000012 executing exchange ex-0000000012 over http-outgoing-11
10:31:44.892 [main] DEBUG org.apache.hc.client5.http.headers -- http-outgoing-11 >> GET /chrome-for-testing/last-known-good-versions-with-downloads.json HTTP/1.1
10:31:44.892 [main] DEBUG org.apache.hc.client5.http.headers -- http-outgoing-11 >> user-agent: Apache-HttpClient/5.0
10:31:44.892 [main] DEBUG org.apache.hc.client5.http.headers -- http-outgoing-11 >> accept-encoding: gzip, deflate, br
10:31:44.892 [main] DEBUG org.apache.hc.client5.http.headers -- http-outgoing-11 >> cache-control: max-age=0
10:31:44.892 [main] DEBUG org.apache.hc.client5.http.headers -- http-outgoing-11 >> connection: keep-alive
10:31:44.892 [main] DEBUG org.apache.hc.client5.http.headers -- http-outgoing-11 >> Host: googlechromelabs.github.io
10:31:44.892 [main] DEBUG org.apache.hc.client5.http.wire -- http-outgoing-11 >> "GET /chrome-for-testing/last-known-good-versions-with-downloads.json HTTP/1.1[\r][\n]"
10:31:44.892 [main] DEBUG org.apache.hc.client5.http.wire -- http-outgoing-11 >> "user-agent: Apache-HttpClient/5.0[\r][\n]"
10:31:44.892 [main] DEBUG org.apache.hc.client5.http.wire -- http-outgoing-11 >> "accept-encoding: gzip, deflate, br[\r][\n]"
10:31:44.892 [main] DEBUG org.apache.hc.client5.http.wire -- http-outgoing-11 >> "cache-control: max-age=0[\r][\n]"
10:31:44.892 [main] DEBUG org.apache.hc.client5.http.wire -- http-outgoing-11 >> "connection: keep-alive[\r][\n]"
10:31:44.892 [main] DEBUG org.apache.hc.client5.http.wire -- http-outgoing-11 >> "Host: googlechromelabs.github.io[\r][\n]"
10:31:44.892 [main] DEBUG org.apache.hc.client5.http.wire -- http-outgoing-11 >> "[\r][\n]"
10:31:44.934 [main] DEBUG org.apache.hc.client5.http.wire -- http-outgoing-11 << "HTTP/1.1 200 OK[\r][\n]"
10:31:44.934 [main] DEBUG org.apache.hc.client5.http.wire -- http-outgoing-11 << "Connection: keep-alive[\r][\n]"
10:31:44.934 [main] DEBUG org.apache.hc.client5.http.wire -- http-outgoing-11 << "Content-Length: 641[\r][\n]"
10:31:44.934 [main] DEBUG org.apache.hc.client5.http.wire -- http-outgoing-11 << "Server: GitHub.com[\r][\n]"
10:31:44.934 [main] DEBUG org.apache.hc.client5.http.wire -- http-outgoing-11 << "Content-Type: application/json; charset=utf-8[\r][\n]"
10:31:44.934 [main] DEBUG org.apache.hc.client5.http.wire -- http-outgoing-11 << "permissions-policy: interest-cohort=()[\r][\n]"
10:31:44.934 [main] DEBUG org.apache.hc.client5.http.wire -- http-outgoing-11 << "x-origin-cache: HIT[\r][\n]"
10:31:44.934 [main] DEBUG org.apache.hc.client5.http.wire -- http-outgoing-11 << "Last-Modified: Thu, 28 Dec 2023 09:09:08 GMT[\r][\n]"
10:31:44.934 [main] DEBUG org.apache.hc.client5.http.wire -- http-outgoing-11 << "Access-Control-Allow-Origin: *[\r][\n]"
10:31:44.934 [main] DEBUG org.apache.hc.client5.http.wire -- http-outgoing-11 << "Strict-Transport-Security: max-age=31556952[\r][\n]"
10:31:44.934 [main] DEBUG org.apache.hc.client5.http.wire -- http-outgoing-11 << "ETag: W/"658d3b34-22ac"[\r][\n]"
10:31:44.934 [main] DEBUG org.apache.hc.client5.http.wire -- http-outgoing-11 << "expires: Thu, 28 Dec 2023 09:19:31 GMT[\r][\n]"
10:31:44.934 [main] DEBUG org.apache.hc.client5.http.wire -- http-outgoing-11 << "Cache-Control: max-age=600[\r][\n]"
10:31:44.934 [main] DEBUG org.apache.hc.client5.http.wire -- http-outgoing-11 << "Content-Encoding: gzip[\r][\n]"
10:31:44.934 [main] DEBUG org.apache.hc.client5.http.wire -- http-outgoing-11 << "x-proxy-cache: HIT[\r][\n]"
10:31:44.934 [main] DEBUG org.apache.hc.client5.http.wire -- http-outgoing-11 << "X-GitHub-Request-Id: AD28:2802F4:8D3D7B:90038F:658D3C18[\r][\n]"
10:31:44.934 [main] DEBUG org.apache.hc.client5.http.wire -- http-outgoing-11 << "Accept-Ranges: bytes[\r][\n]"
10:31:44.934 [main] DEBUG org.apache.hc.client5.http.wire -- http-outgoing-11 << "Date: Thu, 28 Dec 2023 09:31:46 GMT[\r][\n]"
10:31:44.934 [main] DEBUG org.apache.hc.client5.http.wire -- http-outgoing-11 << "Via: 1.1 varnish[\r][\n]"
10:31:44.934 [main] DEBUG org.apache.hc.client5.http.wire -- http-outgoing-11 << "Age: 465[\r][\n]"
10:31:44.934 [main] DEBUG org.apache.hc.client5.http.wire -- http-outgoing-11 << "X-Served-By: cache-mad2200089-MAD[\r][\n]"
10:31:44.935 [main] DEBUG org.apache.hc.client5.http.wire -- http-outgoing-11 << "X-Cache: HIT[\r][\n]"
10:31:44.935 [main] DEBUG org.apache.hc.client5.http.wire -- http-outgoing-11 << "X-Cache-Hits: 1[\r][\n]"
10:31:44.935 [main] DEBUG org.apache.hc.client5.http.wire -- http-outgoing-11 << "X-Timer: S1703755906.423659,VS0,VE1[\r][\n]"
10:31:44.935 [main] DEBUG org.apache.hc.client5.http.wire -- http-outgoing-11 << "Vary: Accept-Encoding[\r][\n]"
10:31:44.935 [main] DEBUG org.apache.hc.client5.http.wire -- http-outgoing-11 << "X-Fastly-Request-ID: f12214d3234948f03d0f2f7f35c57aee70c868a5[\r][\n]"
10:31:44.935 [main] DEBUG org.apache.hc.client5.http.wire -- http-outgoing-11 << "[\r][\n]"
10:31:44.935 [main] DEBUG org.apache.hc.client5.http.headers -- http-outgoing-11 << HTTP/1.1 200 OK
10:31:44.935 [main] DEBUG org.apache.hc.client5.http.headers -- http-outgoing-11 << Connection: keep-alive
10:31:44.935 [main] DEBUG org.apache.hc.client5.http.headers -- http-outgoing-11 << Content-Length: 641
10:31:44.935 [main] DEBUG org.apache.hc.client5.http.headers -- http-outgoing-11 << Server: GitHub.com
10:31:44.935 [main] DEBUG org.apache.hc.client5.http.headers -- http-outgoing-11 << Content-Type: application/json; charset=utf-8
10:31:44.935 [main] DEBUG org.apache.hc.client5.http.headers -- http-outgoing-11 << permissions-policy: interest-cohort=()
10:31:44.935 [main] DEBUG org.apache.hc.client5.http.headers -- http-outgoing-11 << x-origin-cache: HIT
10:31:44.935 [main] DEBUG org.apache.hc.client5.http.headers -- http-outgoing-11 << Last-Modified: Thu, 28 Dec 2023 09:09:08 GMT
10:31:44.935 [main] DEBUG org.apache.hc.client5.http.headers -- http-outgoing-11 << Access-Control-Allow-Origin: *
10:31:44.935 [main] DEBUG org.apache.hc.client5.http.headers -- http-outgoing-11 << Strict-Transport-Security: max-age=31556952
10:31:44.935 [main] DEBUG org.apache.hc.client5.http.headers -- http-outgoing-11 << ETag: W/"658d3b34-22ac"
10:31:44.935 [main] DEBUG org.apache.hc.client5.http.headers -- http-outgoing-11 << expires: Thu, 28 Dec 2023 09:19:31 GMT
10:31:44.935 [main] DEBUG org.apache.hc.client5.http.headers -- http-outgoing-11 << Cache-Control: max-age=600
10:31:44.935 [main] DEBUG org.apache.hc.client5.http.headers -- http-outgoing-11 << Content-Encoding: gzip
10:31:44.935 [main] DEBUG org.apache.hc.client5.http.headers -- http-outgoing-11 << x-proxy-cache: HIT
10:31:44.935 [main] DEBUG org.apache.hc.client5.http.headers -- http-outgoing-11 << X-GitHub-Request-Id: AD28:2802F4:8D3D7B:90038F:658D3C18
10:31:44.935 [main] DEBUG org.apache.hc.client5.http.headers -- http-outgoing-11 << Accept-Ranges: bytes
10:31:44.935 [main] DEBUG org.apache.hc.client5.http.headers -- http-outgoing-11 << Date: Thu, 28 Dec 2023 09:31:46 GMT
10:31:44.935 [main] DEBUG org.apache.hc.client5.http.headers -- http-outgoing-11 << Via: 1.1 varnish
10:31:44.935 [main] DEBUG org.apache.hc.client5.http.headers -- http-outgoing-11 << Age: 465
10:31:44.935 [main] DEBUG org.apache.hc.client5.http.headers -- http-outgoing-11 << X-Served-By: cache-mad2200089-MAD
10:31:44.935 [main] DEBUG org.apache.hc.client5.http.headers -- http-outgoing-11 << X-Cache: HIT
10:31:44.935 [main] DEBUG org.apache.hc.client5.http.headers -- http-outgoing-11 << X-Cache-Hits: 1
10:31:44.935 [main] DEBUG org.apache.hc.client5.http.headers -- http-outgoing-11 << X-Timer: S1703755906.423659,VS0,VE1
10:31:44.935 [main] DEBUG org.apache.hc.client5.http.headers -- http-outgoing-11 << Vary: Accept-Encoding
10:31:44.935 [main] DEBUG org.apache.hc.client5.http.headers -- http-outgoing-11 << X-Fastly-Request-ID: f12214d3234948f03d0f2f7f35c57aee70c868a5
10:31:44.936 [main] DEBUG org.apache.hc.client5.http.impl.classic.MainClientExec -- ex-0000000012 connection can be kept alive for 3 MINUTES
10:31:44.937 [main] DEBUG org.apache.hc.client5.http.wire -- http-outgoing-11 << "[0x1f][0xffffff8b][0x8][0x0][0x0][0x0][0x0][0x0][0x0][0x3][0xffffffcd][0xffffff96][0xffffffcb][0xffffff92][0xffffff9b]0[0x10]E[0xfffffff7][0xfffffff9][0xc][0xffffffad]yI8[0xffffff80]Y&[0xfffffff3][0x7][0xffffff93]URY(F[0xffffffb1][0xffffffa9][0x12][0xffffffe0][0x2][0xffffff8d]'[0xffffff89][0xffffff8b][0x7f][0xffffff8f][0xc]2[0xffffffe6]!1+[0xffffffab]Ya[0x1a][0xffffffb9][0xfffffffb]B[0xffffff9d][0xffffffea]:W$[0xfffffff2][0xffffff82]5[0xffffff82][0x16]g[0xffffff94]"[0x12][0xffffff90][0xffffffd0][0xffffffc5][0xffffffc4]%[0xfffffff1]7[0xffffff82][0xffffffd3] I[0xffffffc3][0xffffffc4][0xb][0xffffff83][0xffffffe4];r[0xffffffd0][0xffffffe1]D[0xffffffcb][0xffffff92][0xfffffff1][0x6][0xffffffa5]W[0xfffffff4]*[0xffffffe8]/[0xffffffce]n[0xffffffbf]TU[0xfffffffe]U[0xffffffd5][0x1c]tau[0xffffff93]W[0xffffffa5],a[0x12]x[0xffffff81][0x17][0x5][0xfffffffb][0xffffffbd][0xffffff87][0xffffff83][0xffffffbd]|T[0xffffffb3]K><[0xffffffc3]q[0x18][0x11]Y[0xffffffcc][0xffffffaa][0xfffffff7][0xffffff92]W4k[0xfffffffa]~uU[0xffffffc8][0xffffffce]?[0xffffffae][0xffffffe8][0xffffffcc][0xffffffa9][0xfffffff8]][0xffffffd5][0xffffff85]<[0xffffffcc][0xfffffff3][0xfffffff2][0xffffffed]O[0xffffffb4][0xffffff93][0xffffff87][0xffffffdf][0xffffffea][0xffffffdb][0xffffffac][0xffffff93][0x10][0xffffffe7]&[0xfffffff5]}[0xffffff96][0x1d]Y[0xffffffc6][0xffffffbd][0xffffff82]y[0xffffffc7][0xffffff8b][0xffffffc0][0xffffffde][0xffffffa1]*T[0xffffffc9][0xffffffef][0xfffffffb][0xffffffa8][0xffffff8b]+[0xffffffdb][0xffffffb8]B[0xffffffbe]d^[0x1e][0xfffffffd]i(_[0xffffffb5][0xffffffbe][0xffffff9f]T[0xffffffb7][0xffffffde][0xffffffbf][0xfffffffc][0xffffff8c]Zg[0x12][0xffffffa2][0xffffffa0][0x7][0xffffff97][0xffffffd6][0xffffffc5]sb[0xc][0xffffffcd][0xffffffef]g[0xffffff87][0xffffff82])[0xffffffca][0xffffff93][0xffffffbe][0xffffff87]j=[0xffffff8e]a[0xfffffff8][0x1e][0xffffffef]y[0x19][0xffffff92]gD[0xffffffe8][0x1a][0xffffffdf][0xffffffcf]u7[0xffffff86][0xfffffff1][0xffffffcf][0xfffffff9][0x2]][0xffffffe3][0xffffffd1][0xfffffff8][0xfffffffb][0xffffffdb][0xffffffff]t[0x14][0xffffff9d]Y[0xffffff9d]K[0xffffffc6][0xffffffc1][0x18][0xffffffed][0xffffffc7]o[0xffffff86]T[0x15]g[0x1b][0xffffffbc][0xffffff8e][0xffffffc2]@R[0xffffffab]b[0xffffffc0][0xffffffb2][0xfffffffb][0x8][0xffffffb1] [0xffffffd8]=1[0xffffff9a]q[0xffffffd6]4nsb[0xffffff9c][0xffffff83][0xffffffa1]<[0xffffffcb][0xffffffb1][0x19][0xffffffa6][0xffffffe7][0xffffffb9][0xffffffb6][0x1][0xffffffb7].[0x15]$[0xffffffe5][0xfffffff3]<[0xffffffb0][0xffffffb8]k[0xffffffd2][0xc][0xffffffdc][0xffffffb7][0xffffffad][0xffffff83][0xffffffbe]0A[0xffffffa7][0xffffffc6][0xffffffd2]U[0xffffffa6][0xffffffbe][0xffffff82]o[0xffffffdd]q[0x14]{8[0xffffff9a][0xffffffeb]J[0x18][0xffffffe2] [0xffffff86][0xffffffd0][0xffffff95]Q&@[[0x19][0xffffffa7][0xffffff80][0xffffff94][0xffffff95]y[0xe][0xfffffffb][0xffffffae]2N`_Uf[0xffffffd3][0xffffffe1]M[0xffffffc5][0xffffff8c][0xffffffa7]}QY[0xffffff83][0xffffffd4][0xffffffbe][0xffffffa7][0xffffff98]Q[0xffffffb5][0xffffffab])&`mZ[0xffffff8a][0x9][0xffffffdb][0xffffffad]H[0xffffffca][0xffffffca][0xffffff92][0xffffff85]s[0xffffff94][0xffffffd5][0xffffff9d][0xb][0xffffffa7](++[0x18][0xffffffc6]P[0xffffff8c][0x1b][0x19]BP[0xffffff8c][0xb][0xfffffffa][0x3]?ya[0xffffff97][0xffffffa9][0xffffff9e][0xffffffdc][\n]"
10:31:44.937 [main] DEBUG org.apache.hc.client5.http.wire -- http-outgoing-11 << "S;!][0xffffffeb]D^[0x16]r[0x12][0xffffffc5][0xffffffbb][0x4]BN[0x1e][0xffffff91][0x0][0xffffffdd]d[0x14][0x2]RMf1[0xffffffec][0xffffff9b][0xffffffc9]([0xffffff80]}1[0xffffff99][0xe][0xffffff87][0xfffffff7][0x12]#[0xffffff99][0xfffffff6][0xffffffb5]d[0xffffff85]O[0xfffffffb]Vb[0xffffffa4][0xffffffd4][0xffffffae][0xffffff94][0x18]X[0xffffffb5][0xffffffe9]$[0x6]b[0xffffffb7][0xffffffa2]$[0xffffffe6][0xffffffd5][\n]"
10:31:44.937 [main] DEBUG org.apache.hc.client5.http.wire -- http-outgoing-11 << "g$k[0xffffff9b][0x16]NH[0xffffffcc][0xffffff8b][0x17][0xffffffc6]GL{[0x18]BGLk[0xfffffff9][0x3][0x1b][0xfffffff9]JKZ[0xffffffff][0xffffff9d][\n]"
10:31:44.937 [main] DEBUG org.apache.hc.client5.http.wire -- http-outgoing-11 << "[0xffffff89][0xffffffaa]i[0xffffff9c][0xffffff84]`[0xffffffbc]t[0xffffff92][0x1d][0xffffffc6][0xffffff9f]C0'[0xffffffe9]"A;I[0x1f][0x2][0xffffffdc]I[0x1e]1[0xffffff80][0xffffff9c][0xffffffa4][0xf][0x0][0xffffffe4]$[0xffffffc3][0xfffffff0][0xffffff8d]8[0xffffff89][0xffffff8e]L '[0xffffffd1][0xfffffff3][0x9][0xffffffe4]$:J[0x1][0xffffff9c]d[0xffffffc9][0xffffffaa]u'Y[0x12][0xffffffbb])'[0xffffffd1][0xffffffae]V`'1lZ`'[0xffffffd1].^@'[0xffffffd1][0xffffffec]a0'[0xffffffd1][0xffffffac][0xffffffe5]U'i[0xffffffdb]O[0xffffffff][0x1][0xffffffee][0xffffffde][0xffffffae][0xffffffb2][0xffffffac]"[0x0][0x0]"
10:31:44.942 [main] DEBUG org.apache.hc.client5.http.impl.classic.InternalHttpClient -- ep-0000000012 releasing valid endpoint
10:31:44.942 [main] DEBUG org.apache.hc.client5.http.impl.io.PoolingHttpClientConnectionManager -- ep-0000000012 releasing endpoint
10:31:44.942 [main] DEBUG org.apache.hc.client5.http.impl.io.PoolingHttpClientConnectionManager -- ep-0000000012 connection http-outgoing-11 can be kept alive for 3 MINUTES
10:31:44.942 [main] DEBUG org.apache.hc.client5.http.impl.io.PoolingHttpClientConnectionManager -- ep-0000000012 connection released [route: {s}->https://googlechromelabs.github.io:443][total available: 2; route allocated: 2 of 5; total allocated: 3 of 25]
10:31:44.956 [main] DEBUG io.github.bonigarcia.wdm.WebDriverManager -- Driver chromedriver 120.0.6099.109 found in cache
10:31:44.958 [main] INFO io.github.bonigarcia.wdm.WebDriverManager -- Exporting webdriver.chrome.driver as C:\Users\info\.cache\selenium\chromedriver\win64\120.0.6099.109\chromedriver.exe
  Given the user is on the login page                                                  # com.sdetadda.allure.Login.the_user_is_on_the_login_page()
      org.openqa.selenium.NoSuchWindowException: no such window: target window already closed
from unknown error: web view not found
  (Session info: chrome=120.0.6099.130)
Build info: version: '4.16.1', revision: '9b4c83354e'
System info: os.name: 'Windows 10', os.arch: 'amd64', os.version: '10.0', java.version: '21.0.1'
Driver info: org.openqa.selenium.chrome.ChromeDriver
Command: [d6a97ae475861ed908999c27793d3780, findElement {using=xpath, value=/html/body/div[2]/header/div[1]/div/ul/li[2]/a}]
Capabilities {acceptInsecureCerts: false, browserName: chrome, browserVersion: 120.0.6099.130, chrome: {chromedriverVersion: 120.0.6099.109 (3419140ab66..., userDataDir: C:\Users\info\AppData\Local...}, fedcm:accounts: true, goog:chromeOptions: {debuggerAddress: localhost:52008}, networkConnectionEnabled: false, pageLoadStrategy: normal, platformName: windows, proxy: Proxy(), se:cdp: ws://localhost:52008/devtoo..., se:cdpVersion: 120.0.6099.130, setWindowRect: true, strictFileInteractability: false, timeouts: {implicit: 0, pageLoad: 300000, script: 30000}, unhandledPromptBehavior: dismiss and notify, webauthn:extension:credBlob: true, webauthn:extension:largeBlob: true, webauthn:extension:minPinLength: true, webauthn:extension:prf: true, webauthn:virtualAuthenticators: true}
Session ID: d6a97ae475861ed908999c27793d3780
	at java.base/jdk.internal.reflect.DirectConstructorHandleAccessor.newInstance(DirectConstructorHandleAccessor.java:62)
	at java.base/java.lang.reflect.Constructor.newInstanceWithCaller(Constructor.java:502)
	at java.base/java.lang.reflect.Constructor.newInstance(Constructor.java:486)
	at org.openqa.selenium.remote.codec.w3c.W3CHttpResponseCodec.createException(W3CHttpResponseCodec.java:200)
	at org.openqa.selenium.remote.codec.w3c.W3CHttpResponseCodec.decode(W3CHttpResponseCodec.java:133)
	at org.openqa.selenium.remote.codec.w3c.W3CHttpResponseCodec.decode(W3CHttpResponseCodec.java:52)
	at org.openqa.selenium.remote.HttpCommandExecutor.execute(HttpCommandExecutor.java:191)
	at org.openqa.selenium.remote.service.DriverCommandExecutor.invokeExecute(DriverCommandExecutor.java:200)
	at org.openqa.selenium.remote.service.DriverCommandExecutor.execute(DriverCommandExecutor.java:175)
	at org.openqa.selenium.remote.RemoteWebDriver.execute(RemoteWebDriver.java:523)
	at org.openqa.selenium.remote.ElementLocation$ElementFinder$2.findElement(ElementLocation.java:165)
	at org.openqa.selenium.remote.ElementLocation.findElement(ElementLocation.java:59)
	at org.openqa.selenium.remote.RemoteWebDriver.findElement(RemoteWebDriver.java:360)
	at org.openqa.selenium.remote.RemoteWebDriver.findElement(RemoteWebDriver.java:354)
	at com.sdetadda.allure.Login.the_user_is_on_the_login_page(Login.java:28)
	at ✽.the user is on the login page(file:///C:/Users/info/eclipse-workspace/AllureReportDemo/src/test/resources/Features/Login.feature:12)

  When the user enters invalid information "zakarialahssaini22@gmail.com" and "123456" # com.sdetadda.allure.Login.the_user_enters_email_and_password(java.lang.String,java.lang.String)
  And the user clicks the login button                                                 # com.sdetadda.allure.Login.the_user_clicks_the_login_button()
  Then the user should not navigate to the home page                                   # com.sdetadda.allure.Login.the_user_should_not_navigate_to_the_home_page()

    Scenario failed! Capturing screenshot: Check_login_invalid_with_invalid_information_1703755909722.png

]]></system-out>
    <system-err><![CDATA[org.openqa.selenium.NoSuchWindowException: no such window: target window already closed
from unknown error: web view not found
  (Session info: chrome=120.0.6099.130)
Build info: version: '4.16.1', revision: '9b4c83354e'
System info: os.name: 'Windows 10', os.arch: 'amd64', os.version: '10.0', java.version: '21.0.1'
Driver info: org.openqa.selenium.chrome.ChromeDriver
Command: [6b6f18c67cd6b871366646ea3acc48be, screenshot {}]
Capabilities {acceptInsecureCerts: false, browserName: chrome, browserVersion: 120.0.6099.130, chrome: {chromedriverVersion: 120.0.6099.109 (3419140ab66..., userDataDir: C:\Users\info\AppData\Local...}, fedcm:accounts: true, goog:chromeOptions: {debuggerAddress: localhost:51992}, networkConnectionEnabled: false, pageLoadStrategy: normal, platformName: windows, proxy: Proxy(), se:cdp: ws://localhost:51992/devtoo..., se:cdpVersion: 120.0.6099.130, setWindowRect: true, strictFileInteractability: false, timeouts: {implicit: 0, pageLoad: 300000, script: 30000}, unhandledPromptBehavior: dismiss and notify, webauthn:extension:credBlob: true, webauthn:extension:largeBlob: true, webauthn:extension:minPinLength: true, webauthn:extension:prf: true, webauthn:virtualAuthenticators: true}
Session ID: 6b6f18c67cd6b871366646ea3acc48be
	at java.base/jdk.internal.reflect.DirectConstructorHandleAccessor.newInstance(DirectConstructorHandleAccessor.java:62)
	at java.base/java.lang.reflect.Constructor.newInstanceWithCaller(Constructor.java:502)
	at java.base/java.lang.reflect.Constructor.newInstance(Constructor.java:486)
	at org.openqa.selenium.remote.codec.w3c.W3CHttpResponseCodec.createException(W3CHttpResponseCodec.java:200)
	at org.openqa.selenium.remote.codec.w3c.W3CHttpResponseCodec.decode(W3CHttpResponseCodec.java:133)
	at org.openqa.selenium.remote.codec.w3c.W3CHttpResponseCodec.decode(W3CHttpResponseCodec.java:52)
	at org.openqa.selenium.remote.HttpCommandExecutor.execute(HttpCommandExecutor.java:191)
	at org.openqa.selenium.remote.service.DriverCommandExecutor.invokeExecute(DriverCommandExecutor.java:200)
	at org.openqa.selenium.remote.service.DriverCommandExecutor.execute(DriverCommandExecutor.java:175)
	at org.openqa.selenium.remote.RemoteWebDriver.execute(RemoteWebDriver.java:523)
	at org.openqa.selenium.remote.RemoteWebDriver.execute(RemoteWebDriver.java:596)
	at org.openqa.selenium.remote.RemoteWebDriver.execute(RemoteWebDriver.java:600)
	at org.openqa.selenium.remote.RemoteWebDriver.getScreenshotAs(RemoteWebDriver.java:326)
	at com.sdetadda.allure.Hooks.captureScreenshot(Hooks.java:49)
	at com.sdetadda.allure.Hooks.afterScenario(Hooks.java:31)
	at java.base/jdk.internal.reflect.DirectMethodHandleAccessor.invoke(DirectMethodHandleAccessor.java:103)
	at java.base/java.lang.reflect.Method.invoke(Method.java:580)
	at io.cucumber.java.Invoker.doInvoke(Invoker.java:66)
	at io.cucumber.java.Invoker.invoke(Invoker.java:24)
	at io.cucumber.java.AbstractGlueDefinition.invokeMethod(AbstractGlueDefinition.java:47)
	at io.cucumber.java.JavaHookDefinition.execute(JavaHookDefinition.java:64)
	at io.cucumber.core.runner.CoreHookDefinition.execute(CoreHookDefinition.java:46)
	at io.cucumber.core.runner.HookDefinitionMatch.runStep(HookDefinitionMatch.java:21)
	at io.cucumber.core.runner.ExecutionMode$1.execute(ExecutionMode.java:10)
	at io.cucumber.core.runner.TestStep.executeStep(TestStep.java:84)
	at io.cucumber.core.runner.TestStep.run(TestStep.java:56)
	at io.cucumber.core.runner.TestCase.run(TestCase.java:90)
	at io.cucumber.core.runner.Runner.runPickle(Runner.java:75)
	at io.cucumber.junit.PickleRunners$NoStepDescriptions.lambda$run$0(PickleRunners.java:151)
	at io.cucumber.core.runtime.CucumberExecutionContext.lambda$runTestCase$5(CucumberExecutionContext.java:137)
	at io.cucumber.core.runtime.RethrowingThrowableCollector.executeAndThrow(RethrowingThrowableCollector.java:23)
	at io.cucumber.core.runtime.CucumberExecutionContext.runTestCase(CucumberExecutionContext.java:137)
	at io.cucumber.junit.PickleRunners$NoStepDescriptions.run(PickleRunners.java:148)
	at io.cucumber.junit.FeatureRunner.runChild(FeatureRunner.java:144)
	at io.cucumber.junit.FeatureRunner.runChild(FeatureRunner.java:28)
	at org.junit.runners.ParentRunner$4.run(ParentRunner.java:331)
	at org.junit.runners.ParentRunner$1.schedule(ParentRunner.java:79)
	at org.junit.runners.ParentRunner.runChildren(ParentRunner.java:329)
	at org.junit.runners.ParentRunner.access$100(ParentRunner.java:66)
	at org.junit.runners.ParentRunner$2.evaluate(ParentRunner.java:293)
	at org.junit.runners.ParentRunner$3.evaluate(ParentRunner.java:306)
	at org.junit.runners.ParentRunner.run(ParentRunner.java:413)
	at io.cucumber.junit.FeatureRunner.run(FeatureRunner.java:137)
	at io.cucumber.junit.Cucumber.runChild(Cucumber.java:196)
	at io.cucumber.junit.Cucumber.runChild(Cucumber.java:89)
	at org.junit.runners.ParentRunner$4.run(ParentRunner.java:331)
	at org.junit.runners.ParentRunner$1.schedule(ParentRunner.java:79)
	at org.junit.runners.ParentRunner.runChildren(ParentRunner.java:329)
	at org.junit.runners.ParentRunner.access$100(ParentRunner.java:66)
	at org.junit.runners.ParentRunner$2.evaluate(ParentRunner.java:293)
	at io.cucumber.core.runtime.CucumberExecutionContext.lambda$runFeatures$6(CucumberExecutionContext.java:148)
	at io.cucumber.core.runtime.CucumberExecutionContext.execute(CucumberExecutionContext.java:163)
	at io.cucumber.core.runtime.CucumberExecutionContext.runFeatures(CucumberExecutionContext.java:146)
	at io.cucumber.junit.Cucumber$StartAndFinishTestRun.evaluate(Cucumber.java:226)
	at org.junit.runners.ParentRunner$3.evaluate(ParentRunner.java:306)
	at org.junit.runners.ParentRunner.run(ParentRunner.java:413)
	at org.junit.runner.JUnitCore.run(JUnitCore.java:137)
	at org.junit.runner.JUnitCore.run(JUnitCore.java:115)
	at org.junit.vintage.engine.execution.RunnerExecutor.execute(RunnerExecutor.java:42)
	at org.junit.vintage.engine.VintageTestEngine.executeAllChildren(VintageTestEngine.java:80)
	at org.junit.vintage.engine.VintageTestEngine.execute(VintageTestEngine.java:72)
	at org.junit.platform.launcher.core.EngineExecutionOrchestrator.execute(EngineExecutionOrchestrator.java:147)
	at org.junit.platform.launcher.core.EngineExecutionOrchestrator.execute(EngineExecutionOrchestrator.java:127)
	at org.junit.platform.launcher.core.EngineExecutionOrchestrator.execute(EngineExecutionOrchestrator.java:90)
	at org.junit.platform.launcher.core.EngineExecutionOrchestrator.lambda$execute$0(EngineExecutionOrchestrator.java:55)
	at org.junit.platform.launcher.core.EngineExecutionOrchestrator.withInterceptedStreams(EngineExecutionOrchestrator.java:102)
	at org.junit.platform.launcher.core.EngineExecutionOrchestrator.execute(EngineExecutionOrchestrator.java:54)
	at org.junit.platform.launcher.core.DefaultLauncher.execute(DefaultLauncher.java:114)
	at org.junit.platform.launcher.core.DefaultLauncher.execute(DefaultLauncher.java:86)
	at org.junit.platform.launcher.core.DefaultLauncherSession$DelegatingLauncher.execute(DefaultLauncherSession.java:86)
	at org.apache.maven.surefire.junitplatform.LazyLauncher.execute(LazyLauncher.java:56)
	at org.apache.maven.surefire.junitplatform.JUnitPlatformProvider.execute(JUnitPlatformProvider.java:184)
	at org.apache.maven.surefire.junitplatform.JUnitPlatformProvider.invokeAllTests(JUnitPlatformProvider.java:148)
	at org.apache.maven.surefire.junitplatform.JUnitPlatformProvider.invoke(JUnitPlatformProvider.java:122)
	at org.apache.maven.surefire.booter.ForkedBooter.runSuitesInProcess(ForkedBooter.java:385)
	at org.apache.maven.surefire.booter.ForkedBooter.execute(ForkedBooter.java:162)
	at org.apache.maven.surefire.booter.ForkedBooter.run(ForkedBooter.java:507)
	at org.apache.maven.surefire.booter.ForkedBooter.main(ForkedBooter.java:495)
]]></system-err>
  </testcase>
  <testcase name="Check login invalid with invalid information #2" classname="Test the login functionality" time="8.536">
    <error message="Could not start a new session. Response code 500. Message: session not created: Chrome failed to start: exited normally.&#10;  (chrome not reachable)&#10;  (The process started from chrome location C:\Program Files\Google\Chrome\Application\chrome.exe is no longer running, so ChromeDriver is assuming that Chrome has crashed.) &#10;Host info: host: &apos;DESKTOP-QDV6N2Q&apos;, ip: &apos;192.168.58.1&apos;&#10;Build info: version: &apos;4.16.1&apos;, revision: &apos;9b4c83354e&apos;&#10;System info: os.name: &apos;Windows 10&apos;, os.arch: &apos;amd64&apos;, os.version: &apos;10.0&apos;, java.version: &apos;21.0.1&apos;&#10;Driver info: org.openqa.selenium.chrome.ChromeDriver&#10;Command: [null, newSession {capabilities=[Capabilities {browserName: chrome, goog:chromeOptions: {args: [], extensions: []}}]}]" type="org.openqa.selenium.SessionNotCreatedException"><![CDATA[org.openqa.selenium.SessionNotCreatedException: 
Could not start a new session. Response code 500. Message: session not created: Chrome failed to start: exited normally.
  (chrome not reachable)
  (The process started from chrome location C:\Program Files\Google\Chrome\Application\chrome.exe is no longer running, so ChromeDriver is assuming that Chrome has crashed.) 
Host info: host: 'DESKTOP-QDV6N2Q', ip: '192.168.58.1'
Build info: version: '4.16.1', revision: '9b4c83354e'
System info: os.name: 'Windows 10', os.arch: 'amd64', os.version: '10.0', java.version: '21.0.1'
Driver info: org.openqa.selenium.chrome.ChromeDriver
Command: [null, newSession {capabilities=[Capabilities {browserName: chrome, goog:chromeOptions: {args: [], extensions: []}}]}]
	at org.openqa.selenium.remote.ProtocolHandshake.createSession(ProtocolHandshake.java:140)
	at org.openqa.selenium.remote.ProtocolHandshake.createSession(ProtocolHandshake.java:96)
	at org.openqa.selenium.remote.ProtocolHandshake.createSession(ProtocolHandshake.java:68)
	at org.openqa.selenium.remote.HttpCommandExecutor.execute(HttpCommandExecutor.java:163)
	at org.openqa.selenium.remote.service.DriverCommandExecutor.invokeExecute(DriverCommandExecutor.java:200)
	at org.openqa.selenium.remote.service.DriverCommandExecutor.execute(DriverCommandExecutor.java:175)
	at org.openqa.selenium.remote.RemoteWebDriver.execute(RemoteWebDriver.java:523)
	at org.openqa.selenium.remote.RemoteWebDriver.startSession(RemoteWebDriver.java:237)
	at org.openqa.selenium.remote.RemoteWebDriver.<init>(RemoteWebDriver.java:164)
	at org.openqa.selenium.chromium.ChromiumDriver.<init>(ChromiumDriver.java:114)
	at org.openqa.selenium.chrome.ChromeDriver.<init>(ChromeDriver.java:89)
	at org.openqa.selenium.chrome.ChromeDriver.<init>(ChromeDriver.java:84)
	at org.openqa.selenium.chrome.ChromeDriver.<init>(ChromeDriver.java:52)
	at com.sdetadda.allure.Login.the_user_is_on_the_login_page(Login.java:25)
	at ✽.the user is on the login page(file:///C:/Users/info/eclipse-workspace/AllureReportDemo/src/test/resources/Features/Login.feature:12)
]]></error>
    <system-out><![CDATA[
@google @search @severity=blocker @issue=6 @tmsLink=45678
Scenario: Check login invalid with invalid information                                # src/test/resources/Features/Login.feature:20
10:31:50.000 [main] DEBUG io.github.bonigarcia.wdm.WebDriverManager -- Using WebDriverManager 5.6.2
10:31:50.026 [main] WARN io.github.bonigarcia.wdm.versions.VersionDetector -- Exception reading CfT URL ('null') to get version of chromedriver (For input string: "120.0.6099.63")
10:31:50.026 [main] DEBUG org.apache.hc.client5.http.impl.classic.InternalHttpClient -- ex-0000000013 preparing request execution
10:31:50.026 [main] DEBUG org.apache.hc.client5.http.impl.classic.ProtocolExec -- ex-0000000013 target auth state: UNCHALLENGED
10:31:50.026 [main] DEBUG org.apache.hc.client5.http.impl.classic.ProtocolExec -- ex-0000000013 proxy auth state: UNCHALLENGED
10:31:50.027 [main] DEBUG org.apache.hc.client5.http.impl.classic.ConnectExec -- ex-0000000013 acquiring connection with route {s}->https://googlechromelabs.github.io:443
10:31:50.027 [main] DEBUG org.apache.hc.client5.http.impl.classic.InternalHttpClient -- ex-0000000013 acquiring endpoint (3 MINUTES)
10:31:50.027 [main] DEBUG org.apache.hc.client5.http.impl.io.PoolingHttpClientConnectionManager -- ex-0000000013 endpoint lease request (3 MINUTES) [route: {s}->https://googlechromelabs.github.io:443][total available: 0; route allocated: 0 of 5; total allocated: 0 of 25]
10:31:50.027 [main] DEBUG org.apache.hc.client5.http.impl.io.PoolingHttpClientConnectionManager -- ex-0000000013 endpoint leased [route: {s}->https://googlechromelabs.github.io:443][total available: 0; route allocated: 1 of 5; total allocated: 1 of 25]
10:31:50.027 [main] DEBUG org.apache.hc.client5.http.impl.io.PoolingHttpClientConnectionManager -- ex-0000000013 acquired ep-0000000013
10:31:50.027 [main] DEBUG org.apache.hc.client5.http.impl.classic.InternalHttpClient -- ex-0000000013 acquired endpoint ep-0000000013
10:31:50.027 [main] DEBUG org.apache.hc.client5.http.impl.classic.ConnectExec -- ex-0000000013 opening connection {s}->https://googlechromelabs.github.io:443
10:31:50.027 [main] DEBUG org.apache.hc.client5.http.impl.classic.InternalHttpClient -- ep-0000000013 connecting endpoint (null)
10:31:50.027 [main] DEBUG org.apache.hc.client5.http.impl.io.PoolingHttpClientConnectionManager -- ep-0000000013 connecting endpoint to https://googlechromelabs.github.io:443 (30 SECONDS)
10:31:50.027 [main] DEBUG org.apache.hc.client5.http.impl.io.DefaultHttpClientConnectionOperator -- googlechromelabs.github.io resolving remote address
10:31:50.027 [main] DEBUG org.apache.hc.client5.http.impl.io.DefaultHttpClientConnectionOperator -- googlechromelabs.github.io resolved to [googlechromelabs.github.io/185.199.110.153, googlechromelabs.github.io/185.199.111.153, googlechromelabs.github.io/185.199.108.153, googlechromelabs.github.io/185.199.109.153]
10:31:50.027 [main] DEBUG org.apache.hc.client5.http.impl.io.DefaultHttpClientConnectionOperator -- googlechromelabs.github.io:443 connecting null->googlechromelabs.github.io/185.199.110.153:443 (30 SECONDS)
10:31:50.027 [main] DEBUG org.apache.hc.client5.http.ssl.SSLConnectionSocketFactory -- Connecting socket to googlechromelabs.github.io/185.199.110.153:443 with timeout 30 SECONDS
10:31:50.069 [main] DEBUG org.apache.hc.client5.http.ssl.SSLConnectionSocketFactory -- Enabled protocols: [TLSv1.3, TLSv1.2]
10:31:50.069 [main] DEBUG org.apache.hc.client5.http.ssl.SSLConnectionSocketFactory -- Enabled cipher suites: [TLS_AES_256_GCM_SHA384, TLS_AES_128_GCM_SHA256, TLS_CHACHA20_POLY1305_SHA256, TLS_ECDHE_ECDSA_WITH_AES_256_GCM_SHA384, TLS_ECDHE_ECDSA_WITH_AES_128_GCM_SHA256, TLS_ECDHE_ECDSA_WITH_CHACHA20_POLY1305_SHA256, TLS_ECDHE_RSA_WITH_AES_256_GCM_SHA384, TLS_ECDHE_RSA_WITH_CHACHA20_POLY1305_SHA256, TLS_ECDHE_RSA_WITH_AES_128_GCM_SHA256, TLS_DHE_RSA_WITH_AES_256_GCM_SHA384, TLS_DHE_RSA_WITH_CHACHA20_POLY1305_SHA256, TLS_DHE_DSS_WITH_AES_256_GCM_SHA384, TLS_DHE_RSA_WITH_AES_128_GCM_SHA256, TLS_DHE_DSS_WITH_AES_128_GCM_SHA256, TLS_ECDHE_ECDSA_WITH_AES_256_CBC_SHA384, TLS_ECDHE_RSA_WITH_AES_256_CBC_SHA384, TLS_ECDHE_ECDSA_WITH_AES_128_CBC_SHA256, TLS_ECDHE_RSA_WITH_AES_128_CBC_SHA256, TLS_DHE_RSA_WITH_AES_256_CBC_SHA256, TLS_DHE_DSS_WITH_AES_256_CBC_SHA256, TLS_DHE_RSA_WITH_AES_128_CBC_SHA256, TLS_DHE_DSS_WITH_AES_128_CBC_SHA256, TLS_ECDHE_ECDSA_WITH_AES_256_CBC_SHA, TLS_ECDHE_RSA_WITH_AES_256_CBC_SHA, TLS_ECDHE_ECDSA_WITH_AES_128_CBC_SHA, TLS_ECDHE_RSA_WITH_AES_128_CBC_SHA, TLS_DHE_RSA_WITH_AES_256_CBC_SHA, TLS_DHE_DSS_WITH_AES_256_CBC_SHA, TLS_DHE_RSA_WITH_AES_128_CBC_SHA, TLS_DHE_DSS_WITH_AES_128_CBC_SHA, TLS_RSA_WITH_AES_256_GCM_SHA384, TLS_RSA_WITH_AES_128_GCM_SHA256, TLS_RSA_WITH_AES_256_CBC_SHA256, TLS_RSA_WITH_AES_128_CBC_SHA256, TLS_RSA_WITH_AES_256_CBC_SHA, TLS_RSA_WITH_AES_128_CBC_SHA, TLS_EMPTY_RENEGOTIATION_INFO_SCSV]
10:31:50.069 [main] DEBUG org.apache.hc.client5.http.ssl.SSLConnectionSocketFactory -- Starting handshake (null)
10:31:50.136 [main] DEBUG org.apache.hc.client5.http.ssl.SSLConnectionSocketFactory -- Secure session established
10:31:50.136 [main] DEBUG org.apache.hc.client5.http.ssl.SSLConnectionSocketFactory --  negotiated protocol: TLSv1.3
10:31:50.136 [main] DEBUG org.apache.hc.client5.http.ssl.SSLConnectionSocketFactory --  negotiated cipher suite: TLS_AES_128_GCM_SHA256
10:31:50.136 [main] DEBUG org.apache.hc.client5.http.ssl.SSLConnectionSocketFactory --  peer principal: CN=*.github.io, O="GitHub, Inc.", L=San Francisco, ST=California, C=US
10:31:50.136 [main] DEBUG org.apache.hc.client5.http.ssl.SSLConnectionSocketFactory --  peer alternative names: [*.github.io, github.io, *.github.com, github.com, www.github.com, *.githubusercontent.com, githubusercontent.com]
10:31:50.136 [main] DEBUG org.apache.hc.client5.http.ssl.SSLConnectionSocketFactory --  issuer principal: CN=DigiCert TLS RSA SHA256 2020 CA1, O=DigiCert Inc, C=US
10:31:50.136 [main] DEBUG org.apache.hc.client5.http.impl.io.DefaultManagedHttpClientConnection -- http-outgoing-12 set socket timeout to 3 MINUTES
10:31:50.136 [main] DEBUG org.apache.hc.client5.http.impl.io.DefaultHttpClientConnectionOperator -- googlechromelabs.github.io:443 connected null->googlechromelabs.github.io/185.199.110.153:443 as http-outgoing-12
10:31:50.136 [main] DEBUG org.apache.hc.client5.http.impl.io.PoolingHttpClientConnectionManager -- ep-0000000013 connected http-outgoing-12
10:31:50.136 [main] DEBUG org.apache.hc.client5.http.impl.classic.InternalHttpClient -- ep-0000000013 endpoint connected
10:31:50.136 [main] DEBUG org.apache.hc.client5.http.impl.classic.MainClientExec -- ex-0000000013 executing GET /chrome-for-testing/LATEST_RELEASE_120.0.6099.63 HTTP/1.1
10:31:50.136 [main] DEBUG org.apache.hc.client5.http.protocol.RequestAddCookies -- ex-0000000013 Cookie spec selected: strict
10:31:50.136 [main] DEBUG org.apache.hc.client5.http.impl.classic.InternalHttpClient -- ep-0000000013 start execution ex-0000000013
10:31:50.136 [main] DEBUG org.apache.hc.client5.http.impl.io.PoolingHttpClientConnectionManager -- ep-0000000013 executing exchange ex-0000000013 over http-outgoing-12
10:31:50.136 [main] DEBUG org.apache.hc.client5.http.headers -- http-outgoing-12 >> GET /chrome-for-testing/LATEST_RELEASE_120.0.6099.63 HTTP/1.1
10:31:50.136 [main] DEBUG org.apache.hc.client5.http.headers -- http-outgoing-12 >> user-agent: Apache-HttpClient/5.0
10:31:50.136 [main] DEBUG org.apache.hc.client5.http.headers -- http-outgoing-12 >> accept-encoding: gzip, deflate, br
10:31:50.136 [main] DEBUG org.apache.hc.client5.http.headers -- http-outgoing-12 >> cache-control: max-age=0
10:31:50.136 [main] DEBUG org.apache.hc.client5.http.headers -- http-outgoing-12 >> connection: keep-alive
10:31:50.136 [main] DEBUG org.apache.hc.client5.http.headers -- http-outgoing-12 >> Host: googlechromelabs.github.io
10:31:50.136 [main] DEBUG org.apache.hc.client5.http.wire -- http-outgoing-12 >> "GET /chrome-for-testing/LATEST_RELEASE_120.0.6099.63 HTTP/1.1[\r][\n]"
10:31:50.136 [main] DEBUG org.apache.hc.client5.http.wire -- http-outgoing-12 >> "user-agent: Apache-HttpClient/5.0[\r][\n]"
10:31:50.136 [main] DEBUG org.apache.hc.client5.http.wire -- http-outgoing-12 >> "accept-encoding: gzip, deflate, br[\r][\n]"
10:31:50.136 [main] DEBUG org.apache.hc.client5.http.wire -- http-outgoing-12 >> "cache-control: max-age=0[\r][\n]"
10:31:50.137 [main] DEBUG org.apache.hc.client5.http.wire -- http-outgoing-12 >> "connection: keep-alive[\r][\n]"
10:31:50.137 [main] DEBUG org.apache.hc.client5.http.wire -- http-outgoing-12 >> "Host: googlechromelabs.github.io[\r][\n]"
10:31:50.137 [main] DEBUG org.apache.hc.client5.http.wire -- http-outgoing-12 >> "[\r][\n]"
10:31:50.177 [main] DEBUG org.apache.hc.client5.http.wire -- http-outgoing-12 << "HTTP/1.1 404 Not Found[\r][\n]"
10:31:50.177 [main] DEBUG org.apache.hc.client5.http.wire -- http-outgoing-12 << "Connection: keep-alive[\r][\n]"
10:31:50.177 [main] DEBUG org.apache.hc.client5.http.wire -- http-outgoing-12 << "Content-Length: 5254[\r][\n]"
10:31:50.177 [main] DEBUG org.apache.hc.client5.http.wire -- http-outgoing-12 << "Server: GitHub.com[\r][\n]"
10:31:50.177 [main] DEBUG org.apache.hc.client5.http.wire -- http-outgoing-12 << "Content-Type: text/html; charset=utf-8[\r][\n]"
10:31:50.177 [main] DEBUG org.apache.hc.client5.http.wire -- http-outgoing-12 << "permissions-policy: interest-cohort=()[\r][\n]"
10:31:50.177 [main] DEBUG org.apache.hc.client5.http.wire -- http-outgoing-12 << "x-origin-cache: HIT[\r][\n]"
10:31:50.177 [main] DEBUG org.apache.hc.client5.http.wire -- http-outgoing-12 << "Access-Control-Allow-Origin: *[\r][\n]"
10:31:50.177 [main] DEBUG org.apache.hc.client5.http.wire -- http-outgoing-12 << "Strict-Transport-Security: max-age=31556952[\r][\n]"
10:31:50.177 [main] DEBUG org.apache.hc.client5.http.wire -- http-outgoing-12 << "ETag: W/"64d39a40-24a3"[\r][\n]"
10:31:50.177 [main] DEBUG org.apache.hc.client5.http.wire -- http-outgoing-12 << "Content-Security-Policy: default-src 'none'; style-src 'unsafe-inline'; img-src data:; connect-src 'self'[\r][\n]"
10:31:50.177 [main] DEBUG org.apache.hc.client5.http.wire -- http-outgoing-12 << "Content-Encoding: gzip[\r][\n]"
10:31:50.177 [main] DEBUG org.apache.hc.client5.http.wire -- http-outgoing-12 << "x-proxy-cache: MISS[\r][\n]"
10:31:50.177 [main] DEBUG org.apache.hc.client5.http.wire -- http-outgoing-12 << "X-GitHub-Request-Id: D770:36888F:8DAD80:90719A:658D4063[\r][\n]"
10:31:50.177 [main] DEBUG org.apache.hc.client5.http.wire -- http-outgoing-12 << "Accept-Ranges: bytes[\r][\n]"
10:31:50.177 [main] DEBUG org.apache.hc.client5.http.wire -- http-outgoing-12 << "Date: Thu, 28 Dec 2023 09:31:51 GMT[\r][\n]"
10:31:50.177 [main] DEBUG org.apache.hc.client5.http.wire -- http-outgoing-12 << "Via: 1.1 varnish[\r][\n]"
10:31:50.177 [main] DEBUG org.apache.hc.client5.http.wire -- http-outgoing-12 << "Age: 36[\r][\n]"
10:31:50.177 [main] DEBUG org.apache.hc.client5.http.wire -- http-outgoing-12 << "X-Served-By: cache-mad2200100-MAD[\r][\n]"
10:31:50.177 [main] DEBUG org.apache.hc.client5.http.wire -- http-outgoing-12 << "X-Cache: HIT[\r][\n]"
10:31:50.177 [main] DEBUG org.apache.hc.client5.http.wire -- http-outgoing-12 << "X-Cache-Hits: 1[\r][\n]"
10:31:50.177 [main] DEBUG org.apache.hc.client5.http.wire -- http-outgoing-12 << "X-Timer: S1703755912.667376,VS0,VE1[\r][\n]"
10:31:50.177 [main] DEBUG org.apache.hc.client5.http.wire -- http-outgoing-12 << "Vary: Accept-Encoding[\r][\n]"
10:31:50.177 [main] DEBUG org.apache.hc.client5.http.wire -- http-outgoing-12 << "X-Fastly-Request-ID: 2ccf068f56ffd5bd08795ddff1e5d9dd4e38e66d[\r][\n]"
10:31:50.177 [main] DEBUG org.apache.hc.client5.http.wire -- http-outgoing-12 << "[\r][\n]"
10:31:50.178 [main] DEBUG org.apache.hc.client5.http.headers -- http-outgoing-12 << HTTP/1.1 404 Not Found
10:31:50.178 [main] DEBUG org.apache.hc.client5.http.headers -- http-outgoing-12 << Connection: keep-alive
10:31:50.178 [main] DEBUG org.apache.hc.client5.http.headers -- http-outgoing-12 << Content-Length: 5254
10:31:50.178 [main] DEBUG org.apache.hc.client5.http.headers -- http-outgoing-12 << Server: GitHub.com
10:31:50.178 [main] DEBUG org.apache.hc.client5.http.headers -- http-outgoing-12 << Content-Type: text/html; charset=utf-8
10:31:50.178 [main] DEBUG org.apache.hc.client5.http.headers -- http-outgoing-12 << permissions-policy: interest-cohort=()
10:31:50.178 [main] DEBUG org.apache.hc.client5.http.headers -- http-outgoing-12 << x-origin-cache: HIT
10:31:50.178 [main] DEBUG org.apache.hc.client5.http.headers -- http-outgoing-12 << Access-Control-Allow-Origin: *
10:31:50.178 [main] DEBUG org.apache.hc.client5.http.headers -- http-outgoing-12 << Strict-Transport-Security: max-age=31556952
10:31:50.178 [main] DEBUG org.apache.hc.client5.http.headers -- http-outgoing-12 << ETag: W/"64d39a40-24a3"
10:31:50.178 [main] DEBUG org.apache.hc.client5.http.headers -- http-outgoing-12 << Content-Security-Policy: default-src 'none'; style-src 'unsafe-inline'; img-src data:; connect-src 'self'
10:31:50.178 [main] DEBUG org.apache.hc.client5.http.headers -- http-outgoing-12 << Content-Encoding: gzip
10:31:50.178 [main] DEBUG org.apache.hc.client5.http.headers -- http-outgoing-12 << x-proxy-cache: MISS
10:31:50.178 [main] DEBUG org.apache.hc.client5.http.headers -- http-outgoing-12 << X-GitHub-Request-Id: D770:36888F:8DAD80:90719A:658D4063
10:31:50.178 [main] DEBUG org.apache.hc.client5.http.headers -- http-outgoing-12 << Accept-Ranges: bytes
10:31:50.178 [main] DEBUG org.apache.hc.client5.http.headers -- http-outgoing-12 << Date: Thu, 28 Dec 2023 09:31:51 GMT
10:31:50.178 [main] DEBUG org.apache.hc.client5.http.headers -- http-outgoing-12 << Via: 1.1 varnish
10:31:50.178 [main] DEBUG org.apache.hc.client5.http.headers -- http-outgoing-12 << Age: 36
10:31:50.178 [main] DEBUG org.apache.hc.client5.http.headers -- http-outgoing-12 << X-Served-By: cache-mad2200100-MAD
10:31:50.178 [main] DEBUG org.apache.hc.client5.http.headers -- http-outgoing-12 << X-Cache: HIT
10:31:50.178 [main] DEBUG org.apache.hc.client5.http.headers -- http-outgoing-12 << X-Cache-Hits: 1
10:31:50.178 [main] DEBUG org.apache.hc.client5.http.headers -- http-outgoing-12 << X-Timer: S1703755912.667376,VS0,VE1
10:31:50.178 [main] DEBUG org.apache.hc.client5.http.headers -- http-outgoing-12 << Vary: Accept-Encoding
10:31:50.178 [main] DEBUG org.apache.hc.client5.http.headers -- http-outgoing-12 << X-Fastly-Request-ID: 2ccf068f56ffd5bd08795ddff1e5d9dd4e38e66d
10:31:50.178 [main] DEBUG org.apache.hc.client5.http.impl.classic.MainClientExec -- ex-0000000013 connection can be kept alive for 3 MINUTES
10:31:50.178 [main] ERROR io.github.bonigarcia.wdm.online.HttpClient -- Error HTTP 404 executing https://googlechromelabs.github.io/chrome-for-testing/LATEST_RELEASE_120.0.6099.63
10:31:50.178 [main] WARN io.github.bonigarcia.wdm.versions.VersionDetector -- Exception reading https://googlechromelabs.github.io/chrome-for-testing/LATEST_RELEASE_120.0.6099.63 to get latest version of chromedriver (Error HTTP 404 executing https://googlechromelabs.github.io/chrome-for-testing/LATEST_RELEASE_120.0.6099.63)
10:31:50.179 [main] DEBUG io.github.bonigarcia.wdm.versions.VersionDetector -- Getting driver version for chrome120.0.6099.63 from online versions.properties
10:31:50.180 [main] DEBUG org.apache.hc.client5.http.impl.classic.InternalHttpClient -- ex-0000000014 preparing request execution
10:31:50.181 [main] DEBUG org.apache.hc.client5.http.impl.classic.ProtocolExec -- ex-0000000014 target auth state: UNCHALLENGED
10:31:50.181 [main] DEBUG org.apache.hc.client5.http.impl.classic.ProtocolExec -- ex-0000000014 proxy auth state: UNCHALLENGED
10:31:50.181 [main] DEBUG org.apache.hc.client5.http.impl.classic.ConnectExec -- ex-0000000014 acquiring connection with route {s}->https://raw.githubusercontent.com:443
10:31:50.181 [main] DEBUG org.apache.hc.client5.http.impl.classic.InternalHttpClient -- ex-0000000014 acquiring endpoint (3 MINUTES)
10:31:50.181 [main] DEBUG org.apache.hc.client5.http.impl.io.PoolingHttpClientConnectionManager -- ex-0000000014 endpoint lease request (3 MINUTES) [route: {s}->https://raw.githubusercontent.com:443][total available: 0; route allocated: 0 of 5; total allocated: 1 of 25]
10:31:50.181 [main] DEBUG org.apache.hc.client5.http.impl.io.PoolingHttpClientConnectionManager -- ex-0000000014 endpoint leased [route: {s}->https://raw.githubusercontent.com:443][total available: 0; route allocated: 1 of 5; total allocated: 2 of 25]
10:31:50.181 [main] DEBUG org.apache.hc.client5.http.impl.io.PoolingHttpClientConnectionManager -- ex-0000000014 acquired ep-0000000014
10:31:50.181 [main] DEBUG org.apache.hc.client5.http.impl.classic.InternalHttpClient -- ex-0000000014 acquired endpoint ep-0000000014
10:31:50.181 [main] DEBUG org.apache.hc.client5.http.impl.classic.ConnectExec -- ex-0000000014 opening connection {s}->https://raw.githubusercontent.com:443
10:31:50.181 [main] DEBUG org.apache.hc.client5.http.impl.classic.InternalHttpClient -- ep-0000000014 connecting endpoint (null)
10:31:50.181 [main] DEBUG org.apache.hc.client5.http.impl.io.PoolingHttpClientConnectionManager -- ep-0000000014 connecting endpoint to https://raw.githubusercontent.com:443 (30 SECONDS)
10:31:50.181 [main] DEBUG org.apache.hc.client5.http.impl.io.DefaultHttpClientConnectionOperator -- raw.githubusercontent.com resolving remote address
10:31:50.181 [main] DEBUG org.apache.hc.client5.http.impl.io.DefaultHttpClientConnectionOperator -- raw.githubusercontent.com resolved to [raw.githubusercontent.com/185.199.109.133, raw.githubusercontent.com/185.199.110.133, raw.githubusercontent.com/185.199.108.133, raw.githubusercontent.com/185.199.111.133]
10:31:50.182 [main] DEBUG org.apache.hc.client5.http.impl.io.DefaultHttpClientConnectionOperator -- raw.githubusercontent.com:443 connecting null->raw.githubusercontent.com/185.199.109.133:443 (30 SECONDS)
10:31:50.182 [main] DEBUG org.apache.hc.client5.http.ssl.SSLConnectionSocketFactory -- Connecting socket to raw.githubusercontent.com/185.199.109.133:443 with timeout 30 SECONDS
10:31:50.225 [main] DEBUG org.apache.hc.client5.http.ssl.SSLConnectionSocketFactory -- Enabled protocols: [TLSv1.3, TLSv1.2]
10:31:50.226 [main] DEBUG org.apache.hc.client5.http.ssl.SSLConnectionSocketFactory -- Enabled cipher suites: [TLS_AES_256_GCM_SHA384, TLS_AES_128_GCM_SHA256, TLS_CHACHA20_POLY1305_SHA256, TLS_ECDHE_ECDSA_WITH_AES_256_GCM_SHA384, TLS_ECDHE_ECDSA_WITH_AES_128_GCM_SHA256, TLS_ECDHE_ECDSA_WITH_CHACHA20_POLY1305_SHA256, TLS_ECDHE_RSA_WITH_AES_256_GCM_SHA384, TLS_ECDHE_RSA_WITH_CHACHA20_POLY1305_SHA256, TLS_ECDHE_RSA_WITH_AES_128_GCM_SHA256, TLS_DHE_RSA_WITH_AES_256_GCM_SHA384, TLS_DHE_RSA_WITH_CHACHA20_POLY1305_SHA256, TLS_DHE_DSS_WITH_AES_256_GCM_SHA384, TLS_DHE_RSA_WITH_AES_128_GCM_SHA256, TLS_DHE_DSS_WITH_AES_128_GCM_SHA256, TLS_ECDHE_ECDSA_WITH_AES_256_CBC_SHA384, TLS_ECDHE_RSA_WITH_AES_256_CBC_SHA384, TLS_ECDHE_ECDSA_WITH_AES_128_CBC_SHA256, TLS_ECDHE_RSA_WITH_AES_128_CBC_SHA256, TLS_DHE_RSA_WITH_AES_256_CBC_SHA256, TLS_DHE_DSS_WITH_AES_256_CBC_SHA256, TLS_DHE_RSA_WITH_AES_128_CBC_SHA256, TLS_DHE_DSS_WITH_AES_128_CBC_SHA256, TLS_ECDHE_ECDSA_WITH_AES_256_CBC_SHA, TLS_ECDHE_RSA_WITH_AES_256_CBC_SHA, TLS_ECDHE_ECDSA_WITH_AES_128_CBC_SHA, TLS_ECDHE_RSA_WITH_AES_128_CBC_SHA, TLS_DHE_RSA_WITH_AES_256_CBC_SHA, TLS_DHE_DSS_WITH_AES_256_CBC_SHA, TLS_DHE_RSA_WITH_AES_128_CBC_SHA, TLS_DHE_DSS_WITH_AES_128_CBC_SHA, TLS_RSA_WITH_AES_256_GCM_SHA384, TLS_RSA_WITH_AES_128_GCM_SHA256, TLS_RSA_WITH_AES_256_CBC_SHA256, TLS_RSA_WITH_AES_128_CBC_SHA256, TLS_RSA_WITH_AES_256_CBC_SHA, TLS_RSA_WITH_AES_128_CBC_SHA, TLS_EMPTY_RENEGOTIATION_INFO_SCSV]
10:31:50.226 [main] DEBUG org.apache.hc.client5.http.ssl.SSLConnectionSocketFactory -- Starting handshake (null)
10:31:50.304 [main] DEBUG org.apache.hc.client5.http.ssl.SSLConnectionSocketFactory -- Secure session established
10:31:50.304 [main] DEBUG org.apache.hc.client5.http.ssl.SSLConnectionSocketFactory --  negotiated protocol: TLSv1.3
10:31:50.304 [main] DEBUG org.apache.hc.client5.http.ssl.SSLConnectionSocketFactory --  negotiated cipher suite: TLS_AES_128_GCM_SHA256
10:31:50.304 [main] DEBUG org.apache.hc.client5.http.ssl.SSLConnectionSocketFactory --  peer principal: CN=*.github.io, O="GitHub, Inc.", L=San Francisco, ST=California, C=US
10:31:50.304 [main] DEBUG org.apache.hc.client5.http.ssl.SSLConnectionSocketFactory --  peer alternative names: [*.github.io, github.io, *.github.com, github.com, www.github.com, *.githubusercontent.com, githubusercontent.com]
10:31:50.304 [main] DEBUG org.apache.hc.client5.http.ssl.SSLConnectionSocketFactory --  issuer principal: CN=DigiCert TLS RSA SHA256 2020 CA1, O=DigiCert Inc, C=US
10:31:50.304 [main] DEBUG org.apache.hc.client5.http.impl.io.DefaultManagedHttpClientConnection -- http-outgoing-13 set socket timeout to 3 MINUTES
10:31:50.305 [main] DEBUG org.apache.hc.client5.http.impl.io.DefaultHttpClientConnectionOperator -- raw.githubusercontent.com:443 connected null->raw.githubusercontent.com/185.199.109.133:443 as http-outgoing-13
10:31:50.305 [main] DEBUG org.apache.hc.client5.http.impl.io.PoolingHttpClientConnectionManager -- ep-0000000014 connected http-outgoing-13
10:31:50.305 [main] DEBUG org.apache.hc.client5.http.impl.classic.InternalHttpClient -- ep-0000000014 endpoint connected
10:31:50.305 [main] DEBUG org.apache.hc.client5.http.impl.classic.MainClientExec -- ex-0000000014 executing GET /bonigarcia/webdrivermanager/master/src/main/resources/versions.properties HTTP/1.1
10:31:50.305 [main] DEBUG org.apache.hc.client5.http.protocol.RequestAddCookies -- ex-0000000014 Cookie spec selected: strict
10:31:50.305 [main] DEBUG org.apache.hc.client5.http.impl.classic.InternalHttpClient -- ep-0000000014 start execution ex-0000000014
10:31:50.305 [main] DEBUG org.apache.hc.client5.http.impl.io.PoolingHttpClientConnectionManager -- ep-0000000014 executing exchange ex-0000000014 over http-outgoing-13
10:31:50.306 [main] DEBUG org.apache.hc.client5.http.headers -- http-outgoing-13 >> GET /bonigarcia/webdrivermanager/master/src/main/resources/versions.properties HTTP/1.1
10:31:50.306 [main] DEBUG org.apache.hc.client5.http.headers -- http-outgoing-13 >> user-agent: Apache-HttpClient/5.0
10:31:50.306 [main] DEBUG org.apache.hc.client5.http.headers -- http-outgoing-13 >> accept-encoding: gzip, deflate, br
10:31:50.306 [main] DEBUG org.apache.hc.client5.http.headers -- http-outgoing-13 >> cache-control: max-age=0
10:31:50.306 [main] DEBUG org.apache.hc.client5.http.headers -- http-outgoing-13 >> connection: keep-alive
10:31:50.306 [main] DEBUG org.apache.hc.client5.http.headers -- http-outgoing-13 >> Host: raw.githubusercontent.com
10:31:50.306 [main] DEBUG org.apache.hc.client5.http.wire -- http-outgoing-13 >> "GET /bonigarcia/webdrivermanager/master/src/main/resources/versions.properties HTTP/1.1[\r][\n]"
10:31:50.306 [main] DEBUG org.apache.hc.client5.http.wire -- http-outgoing-13 >> "user-agent: Apache-HttpClient/5.0[\r][\n]"
10:31:50.306 [main] DEBUG org.apache.hc.client5.http.wire -- http-outgoing-13 >> "accept-encoding: gzip, deflate, br[\r][\n]"
10:31:50.306 [main] DEBUG org.apache.hc.client5.http.wire -- http-outgoing-13 >> "cache-control: max-age=0[\r][\n]"
10:31:50.306 [main] DEBUG org.apache.hc.client5.http.wire -- http-outgoing-13 >> "connection: keep-alive[\r][\n]"
10:31:50.306 [main] DEBUG org.apache.hc.client5.http.wire -- http-outgoing-13 >> "Host: raw.githubusercontent.com[\r][\n]"
10:31:50.306 [main] DEBUG org.apache.hc.client5.http.wire -- http-outgoing-13 >> "[\r][\n]"
10:31:50.354 [main] DEBUG org.apache.hc.client5.http.wire -- http-outgoing-13 << "HTTP/1.1 200 OK[\r][\n]"
10:31:50.354 [main] DEBUG org.apache.hc.client5.http.wire -- http-outgoing-13 << "Connection: keep-alive[\r][\n]"
10:31:50.354 [main] DEBUG org.apache.hc.client5.http.wire -- http-outgoing-13 << "Content-Length: 1653[\r][\n]"
10:31:50.354 [main] DEBUG org.apache.hc.client5.http.wire -- http-outgoing-13 << "Cache-Control: max-age=300[\r][\n]"
10:31:50.354 [main] DEBUG org.apache.hc.client5.http.wire -- http-outgoing-13 << "Content-Security-Policy: default-src 'none'; style-src 'unsafe-inline'; sandbox[\r][\n]"
10:31:50.354 [main] DEBUG org.apache.hc.client5.http.wire -- http-outgoing-13 << "Content-Type: text/plain; charset=utf-8[\r][\n]"
10:31:50.354 [main] DEBUG org.apache.hc.client5.http.wire -- http-outgoing-13 << "ETag: W/"de56f96e4580ae55450ed6a794662cbdb2b39827f9709095aa3e1e7f6914629d"[\r][\n]"
10:31:50.354 [main] DEBUG org.apache.hc.client5.http.wire -- http-outgoing-13 << "Strict-Transport-Security: max-age=31536000[\r][\n]"
10:31:50.354 [main] DEBUG org.apache.hc.client5.http.wire -- http-outgoing-13 << "X-Content-Type-Options: nosniff[\r][\n]"
10:31:50.354 [main] DEBUG org.apache.hc.client5.http.wire -- http-outgoing-13 << "X-Frame-Options: deny[\r][\n]"
10:31:50.354 [main] DEBUG org.apache.hc.client5.http.wire -- http-outgoing-13 << "X-XSS-Protection: 1; mode=block[\r][\n]"
10:31:50.354 [main] DEBUG org.apache.hc.client5.http.wire -- http-outgoing-13 << "X-GitHub-Request-Id: D5BE:3DFCCC:2516CE:27975C:658D16A0[\r][\n]"
10:31:50.354 [main] DEBUG org.apache.hc.client5.http.wire -- http-outgoing-13 << "Content-Encoding: gzip[\r][\n]"
10:31:50.354 [main] DEBUG org.apache.hc.client5.http.wire -- http-outgoing-13 << "Accept-Ranges: bytes[\r][\n]"
10:31:50.354 [main] DEBUG org.apache.hc.client5.http.wire -- http-outgoing-13 << "Date: Thu, 28 Dec 2023 09:31:51 GMT[\r][\n]"
10:31:50.354 [main] DEBUG org.apache.hc.client5.http.wire -- http-outgoing-13 << "Via: 1.1 varnish[\r][\n]"
10:31:50.354 [main] DEBUG org.apache.hc.client5.http.wire -- http-outgoing-13 << "X-Served-By: cache-mad2200097-MAD[\r][\n]"
10:31:50.354 [main] DEBUG org.apache.hc.client5.http.wire -- http-outgoing-13 << "X-Cache: HIT[\r][\n]"
10:31:50.354 [main] DEBUG org.apache.hc.client5.http.wire -- http-outgoing-13 << "X-Cache-Hits: 1[\r][\n]"
10:31:50.355 [main] DEBUG org.apache.hc.client5.http.wire -- http-outgoing-13 << "X-Timer: S1703755912.843679,VS0,VE1[\r][\n]"
10:31:50.355 [main] DEBUG org.apache.hc.client5.http.wire -- http-outgoing-13 << "Vary: Authorization,Accept-Encoding,Origin[\r][\n]"
10:31:50.355 [main] DEBUG org.apache.hc.client5.http.wire -- http-outgoing-13 << "Access-Control-Allow-Origin: *[\r][\n]"
10:31:50.355 [main] DEBUG org.apache.hc.client5.http.wire -- http-outgoing-13 << "Cross-Origin-Resource-Policy: cross-origin[\r][\n]"
10:31:50.355 [main] DEBUG org.apache.hc.client5.http.wire -- http-outgoing-13 << "X-Fastly-Request-ID: 698db0ac1f2cccd4cefea15f5ee3a64cd18643dd[\r][\n]"
10:31:50.355 [main] DEBUG org.apache.hc.client5.http.wire -- http-outgoing-13 << "Expires: Thu, 28 Dec 2023 09:36:51 GMT[\r][\n]"
10:31:50.355 [main] DEBUG org.apache.hc.client5.http.wire -- http-outgoing-13 << "Source-Age: 35[\r][\n]"
10:31:50.355 [main] DEBUG org.apache.hc.client5.http.wire -- http-outgoing-13 << "[\r][\n]"
10:31:50.356 [main] DEBUG org.apache.hc.client5.http.headers -- http-outgoing-13 << HTTP/1.1 200 OK
10:31:50.356 [main] DEBUG org.apache.hc.client5.http.headers -- http-outgoing-13 << Connection: keep-alive
10:31:50.357 [main] DEBUG org.apache.hc.client5.http.headers -- http-outgoing-13 << Content-Length: 1653
10:31:50.357 [main] DEBUG org.apache.hc.client5.http.headers -- http-outgoing-13 << Cache-Control: max-age=300
10:31:50.357 [main] DEBUG org.apache.hc.client5.http.headers -- http-outgoing-13 << Content-Security-Policy: default-src 'none'; style-src 'unsafe-inline'; sandbox
10:31:50.357 [main] DEBUG org.apache.hc.client5.http.headers -- http-outgoing-13 << Content-Type: text/plain; charset=utf-8
10:31:50.357 [main] DEBUG org.apache.hc.client5.http.headers -- http-outgoing-13 << ETag: W/"de56f96e4580ae55450ed6a794662cbdb2b39827f9709095aa3e1e7f6914629d"
10:31:50.357 [main] DEBUG org.apache.hc.client5.http.headers -- http-outgoing-13 << Strict-Transport-Security: max-age=31536000
10:31:50.357 [main] DEBUG org.apache.hc.client5.http.headers -- http-outgoing-13 << X-Content-Type-Options: nosniff
10:31:50.357 [main] DEBUG org.apache.hc.client5.http.headers -- http-outgoing-13 << X-Frame-Options: deny
10:31:50.357 [main] DEBUG org.apache.hc.client5.http.headers -- http-outgoing-13 << X-XSS-Protection: 1; mode=block
10:31:50.357 [main] DEBUG org.apache.hc.client5.http.headers -- http-outgoing-13 << X-GitHub-Request-Id: D5BE:3DFCCC:2516CE:27975C:658D16A0
10:31:50.357 [main] DEBUG org.apache.hc.client5.http.headers -- http-outgoing-13 << Content-Encoding: gzip
10:31:50.357 [main] DEBUG org.apache.hc.client5.http.headers -- http-outgoing-13 << Accept-Ranges: bytes
10:31:50.357 [main] DEBUG org.apache.hc.client5.http.headers -- http-outgoing-13 << Date: Thu, 28 Dec 2023 09:31:51 GMT
10:31:50.357 [main] DEBUG org.apache.hc.client5.http.headers -- http-outgoing-13 << Via: 1.1 varnish
10:31:50.357 [main] DEBUG org.apache.hc.client5.http.headers -- http-outgoing-13 << X-Served-By: cache-mad2200097-MAD
10:31:50.357 [main] DEBUG org.apache.hc.client5.http.headers -- http-outgoing-13 << X-Cache: HIT
10:31:50.357 [main] DEBUG org.apache.hc.client5.http.headers -- http-outgoing-13 << X-Cache-Hits: 1
10:31:50.357 [main] DEBUG org.apache.hc.client5.http.headers -- http-outgoing-13 << X-Timer: S1703755912.843679,VS0,VE1
10:31:50.357 [main] DEBUG org.apache.hc.client5.http.headers -- http-outgoing-13 << Vary: Authorization,Accept-Encoding,Origin
10:31:50.357 [main] DEBUG org.apache.hc.client5.http.headers -- http-outgoing-13 << Access-Control-Allow-Origin: *
10:31:50.357 [main] DEBUG org.apache.hc.client5.http.headers -- http-outgoing-13 << Cross-Origin-Resource-Policy: cross-origin
10:31:50.357 [main] DEBUG org.apache.hc.client5.http.headers -- http-outgoing-13 << X-Fastly-Request-ID: 698db0ac1f2cccd4cefea15f5ee3a64cd18643dd
10:31:50.357 [main] DEBUG org.apache.hc.client5.http.headers -- http-outgoing-13 << Expires: Thu, 28 Dec 2023 09:36:51 GMT
10:31:50.357 [main] DEBUG org.apache.hc.client5.http.headers -- http-outgoing-13 << Source-Age: 35
10:31:50.357 [main] DEBUG org.apache.hc.client5.http.impl.classic.MainClientExec -- ex-0000000014 connection can be kept alive for 3 MINUTES
10:31:50.358 [main] DEBUG org.apache.hc.client5.http.wire -- http-outgoing-13 << "[0x1f][0xffffff8b][0x8][0x0][0x0][0x0][0x0][0x0][0x0][0x3][0xffffff8d][0xffffff97]Mo[0xffffffe3]6[0x10][0xffffff86][0xffffffef][0xfffffff9][0x15][0x2]z[0xffffff8e][0xffffffcc][0xffffffcf]![0x19][0xffffff80][0xffffff97]~[0xffffff9e][0xffffff8a][0x1e][0xffffffda]?[0xffffffe0][0xffffffb5][0xffffff95]DX[0xffffffc7][\n]"
10:31:50.358 [main] DEBUG org.apache.hc.client5.http.wire -- http-outgoing-13 << "lg[0xffffffb3][0xffffffe8][0xffffffaf][0xffffffef][0xc][0xffffffc9][0xffffffa1]h[0xffffffaa][0x5]z[0x8]v[0xffffffe7][0xffffffb1]D[0xffffffce][0xffffff90][0xffffffd4][0xffffffcb]w~[0x18][0xfffffffe]z[0xffffff9d][0xffffffaf][0xffffffc3][0xfffffff3]|[0xffffff9a][0xffffff86][0xffffffc3]r[0xffffffbe][0xffffffed][0xffffffe7][0xfffffff3]u[0xffffffb8][0xffffffbd]N[0xffffffc3][0xffffffd7][0xfffffff3][0xfffffff2]y[0x1e][0xffffff8e][0xffffff97][0xfffffff9][0xffffffdb]t[0x19][0xfffffff0][0xffffffef]:/[0xfffffff8][0xffffffcb]ay{[0xffffffdf][0xffffffdf][0xffffffe6]/[0xfffffff8][0xfffffff4][0xffffffe7]|{MO[0x1e][0xffffff96][0xffffffcb]e[0xffffffba][0xffffffbe]/[0xffffffe7][0xffffffe3]|~[0x19][0xffffffbe]\[0xffffff96][0xffffffcf][0xffffffeb][0xfffffffa][0xffffffca][0xffffffc3][0xffffffc3][0xf][0xffffffc3][0xffffff8f][0x19]=[\r][0xffffffbf]-[0xffffffcb][0xb][0xffffffbe][0xfffffff9][0xffffffd3][0xffffffeb]ey[0xffffff9b][0xffffff86][0xfffffffd][0xfffffff9][0xffffff98][0xffffffff];[0x7f][0xffffffbc][\r][0xffffff8f][0xffffffc3][0xffffffcf]i[0xffffffaa][0xffffffa7][0xffffffe1][0xffffff90]~[0xffffffcd][0x13][0xffffffe3][0xffffffcb][0x7f].[0x1f][0xffffff97][0xffffffc3][0xfffffff4]4[0xffffffbc][0xffffffde]n[0xffffffef]O[0xffffffbb]][0xfffffffb][0xffffffeb]x(o[0xffffff8f][0xffffffcb][0xffffffe5]ew[0xffffffc4]|O[0xffffffcb][0xfffffffe]x}[0xffffffc8][0xffffffcf]Hi"[0xfffffffe][0xffffff8d]b[0xffffffb4]N[0xffffffdb]1[0xffffff88][0xffffffca]5rM[0x1c][0xffffff9c][0x1a]AW[0xffffffae][0xffffff90][0xffffffab][0xffffffc4][0xffffffa5][0x1d]M[0xffffffa8]\"[0xffffff97][0xffffffc4]-[0xffffffe8][0x11]L[0xffffffe5][0x2][0xffffffb9] n[0xffffffbc][0x1c][0xffffff9d]c.B[0xffffffc4][0xffffffbf][0xffffffc4]qzW[0xffffff9f][0x17][0x1e][0xffffffb9]'[0xffffffae]m[0x18][0xffffff9d][0xffffffac][0xffffffdc]!w[0xffffff89][0xb]3[0xffffff82][0xffffffaa][0x1c][0xffffff90][0x3]qe[0xffffffc2][0x8][0xffffffeb][0xfffffff3][0x16][0xffffffb9]%.[0xffffff83][0xffffffc5][0x1f]+[0xffffffc7]zE[0xffffffaa][0xffffff97][0xffffffca]p5[0x7f][0xffffff81][0xfffffff5][0xffffff8a]T[0xffffffaf][0x0]1J[0xffffffbd]&[0xffffff84][0x5][0xffffff8b]T[0xffffffb0][0xffffffc0][0xfffffff1][0xffffff9a][0x9][0xffffffb0]`A[0x5][0xffffff9b]`[0xffffffe5]hV[0xffffff8e][0x5][0xb]*[0xffffffd8][0xfffffff8][0x0]#[0xfffffff0][0xffffff82][0xffffff86][0x10]CH[0xffffffd4][0x18][0xffffff9c][0xffffff9b][0xffffffa9][0xffffff8f][0xffffff81][0xffffff8a]5[0xffffffce][0xfffffffa][0x11][0xffffffa7]a[0xffffffec]b[0xffffffa0]Z[\r][0x4][0xffffffb5][0xffffffae]A[0xffffff80][0x18] Q0[0xffffffa3][0xffffffb1]Lm[0xc]6Q[0xffffffed]G[0xffffffe0]z[0xffffff82][0xffffff89][0xffffffc1]$[0xffffff8a][0xffffff8b][0xffffff83][0x1b][0xffffffc9]X[0xffffffc7]@E[0x1a][0xffffffeb][0xffffffdc][0xffffffba][0xffffffa9]A[0xffffffc5][0xffffffa0][0x12][0xffffffc5]-[0xffffffc5]Uf,cH[0x5][0x1a]<[0x1]X+c[0x11]C[0xffffffaa][0xffffffcf]h1*^'[0x1f][0xffffffa2]O[0xfffffff5]i[0xfffffffc]G[0xfffffff1][0xffffffc8][0xffffffde]G[0xffffff9f][0xffffffea][0xffffffd3][0xffffffca][0xffffff8c][0x1][0xffffff98][0xffffffba][0xffffffe8]Sy[0xffffffca][0xffffff8b][0xffffffd1]{[0xffffffa6][0x10]}*O[0x19][0x1c][0xffffff97][0xffffff97][0xffffffc2][0xffffffdb][0xffffffe8]Sy[0xffffffd2][0xffffffeb][0xffffffd1]sj[0xffffffde]D[0xffffff9f][0xffffffca][0xffffff93][0xffffffc6][0xffffff8d][0xffffff9a][0xffffffd7][0xffffffd8][0xffffffeb][0xffffffe8]Su[0xffffffb4][0xffffff93][0xffffff9a][0xffffff97][0xffffffc2][0xffffffcb][0xffffffe8]S[0x19][0x2]W^[0xffffffea]:[0xffffff9d][0xffffff88][0xffffff9e][0xffffffca][0xffffffd0][0x1]s[0xffffffc1]#T[0xffffffb0][0xb][0xffffffd1][0xffffff85][0xffffff84][0xffffff8d][0x1d]u[0xffffffa5]>:[0xffffff9f]([0xffffff9e][0x1d]<W[0xffffff8c]]tT[0xffffff88][0xfffffff6][0xffffff80][0xffffffdf][0x2][0xffffffa7][0xffffffe1] :H[0x14][0xf][0xffffffb8]Tu[0xc][0x1b][0x1d]U[0xffffffa2][0xffffff9d][0xffffffc3][0x3][0xffffffb6]>m[0xffffffa2]3[0x9]+<[0xffffffbf][0xc]utT[0xffffff89][0x6],[0x8]8e[0xffffffa7][0xffffffa2][0xffffffc2][0x1d][0xffffffe5]H[0xffffffde]E[0xffffff82]"N[0xc][0x2]E[0xffffffbc]7[0xffffffe0])[0xffffffe2][0x15][0x5]G[0x11][0xffffffef]&[0x0]E[0xffffff9c][0xc]X[0xffffff8c][0xffffffea][0x12][0xffffff81][0xffffffa1][0xffffff88][0xffffffd7][0x1c]4E<[0x1f]P.[0xffffffba][0xffffffce]G[0xffffffb9][0xffffffd4]o[0x6]([0x17][0xffffffad][0xffffffef]T[0xffffffed][0xfffffff7][0xffffffe5][0xffffffef][0xfffffff9]t[0xffffffda][0xf][0xffffffbf][0xffffffce][0xffffff97][0xffffffe9]y[0xfffffff9][0xffffffde]H[0xffffffd9][0xffffffcb]t[0xfffffff8][0xffffffba][0xfffffffc][0xffffffab][0xffffff92]]Q[0xffffffca]^P@?[0xffffffbe][0xffffff8c]([0xffffffa9][0xffffffbb][0xffffffb7]<[0xffffffc4][0xffffffae]yaw[0xffffff99]N[0xffffffd3][0xfffffffe]:][0x1f][0xffffff9e][0xfffffff3][0xffffffb8]R[0xffffff89][0xffffff88][0xffffffcb][0xffffff86]kW[0xffffff89][0xc][0x1b][0xffffffe2]7[0xffffffc4]m[0x8]l[0xffffff88][0xffffffdd][0x10][0xffffffb3]!zC[0xffffffd4][0xffffff86][0xffffffc8][\r]I9[0xffffffab]QU"B&[0xffffffeb]3[0xffffffc2]o[0xffffff88][0xffffffdb][0x10][0xffffffd8][0x10][0xffffffbb]!)g[0xffffffd9][0x12][0xffffffbd]!jC[0xffffffe4][0xffffff86][0xffffff88][0xffffff8e][0xffffff84][0xffffffd0][0x3][0xffffffdf][0x3][0xffffffd7][0x3][0xffffffe8][0xffffff81][0xffffffed]A[0xffffff9f]m[0xffffffe8][0xffffff93][\r]}[0xffffffae][0xffffffa1]O5P[0xffffffa6][0xfffffff8]m5`<[0xffffffcd][0xffffffe7][0xffffff8f][0xffffffef][0x19]K[0xffffffc6]>t[0xffffffcf]y[0xffffffdf][0x3][0xffffffd7][0x3][0xffffffe8][0xffffff81][0xffffffed][0xffffff81][0xffffffe9][0x1][0x15][0xffffffa0]|[0x3]T[0xf][0xffffffa8][0x0][0xffffffe5][0x1a] :[0xffffffe0]B[0xf]R[0xffffffa6][0xffffffd0][0x0][0xffffffd7][0x3][0xffffffe8][0xffffff81][0xffffffed][0xffffff81][0xffffffe9][0xffffff81][0xffffffee][0xffffff81][0xffffffea][0xffffff81][0xffffffec][0xffffff81][0xffffffe8][0x0][0xffffff84][0x1e][0xffffffa4]Lm[0x3]R[0xffffffa6][0xffffffa6][0x1][0xffffffd0][0x3][0xffffffdb][0xffffff83][0xffffff94]i[0xfffffff3][0x1][0xffffff81][0xffffffee]A[0xffffffca][0xffffffb4]9[0xfffffff6][0xffffff90]2m[0xe][0x5][0xffffff88][0xe][0xffffffd8][0xffffffd0][0x3][0xffffffdf][0x3][0xffffffd7][0xffffff83][0xffffff94][0xffffffa9]h[0xffffff80]e[0xffffffd0]*[0xffffffdf][0x1f][0xffffffef][0xffffffd3]e[0xffffffdf][0xffffffe8][0xffffffdd]B[0xfffffff1][0xffffffff][0xffffffd1][0xffffffbb][0xfffffff4][0xffffffe0]uy[0xffffffbe]}[0xffffffee]/S[0xffffff8e][0xffffffd8][0xffffffcb][0xfffffff5][0xffffffea][0xffffff97]~L[0xffffff9e]G[0xffffffd2][0xffffffe5][0x5][0x2]//[0xffffff89]ws[0xffffffe1][0xffffffe4][0xfffffff1][0xffffff92][0xffffffa7][\n]"
10:31:50.358 [main] DEBUG org.apache.hc.client5.http.wire -- http-outgoing-13 << "x[0xfffffffb][0xfffffffb][0xffffffc0][0xffffff98],^[0xffffffb2]T[0x1][0xffffffad][0xffffff83][0xffffffd4][0xffffff8a]9Y[0xffffffbc]d[0xffffffa9]<[0xe][0x13][0x1c]crx[0xffffffc9]Q9[0xfffffffc][0xffffff82]$[0xffffffda][0xffffff92][0xffffffc2]E[0xffffffeb] Q[0xffffffcc]2G=h[0xc][0xffffffa4]Te[0x18]T[0xffffff85][0xffffffc6]?z[0xffffffa6][0xffffffee][0xffffffce]=[0xffffffda]B[0xffffffa1][0xfffffff5][0xffffff8e]8Q[0xffffffc1][0xffffffb6][0xffffffb5][0xffffff8e][0xffffffa8][0xfffffff8][0x5][0xffffff9b][0xffffffd6]9[0xffffff86]Re[0xffffffd0][0xffffffad]oD[0xffffffb3][0xffffff91][0xffffffa9]j]#.Z[0xffffffc1][0xffffffb2]5[0xffffff8d][0xffffffe4][0xffffffc7]2[0x16][0xffffffad]g[0xfffffff4][0xffffffa5]p[0x1f]Z[0xffffffc7][0x8]P[0xffffffa8][0xffffffef][0xffffffec]b[0xffffffa6][0xffffffae]5[0xffffff8b]P6[0xffffffc6]Ck[0x15][0xffffffeb][0x12][0xffffffa1][0xffffff88][0xffffffdc]Y[0xffffffc5][0xc]M[0xffffffe3][0x14]}I[0xc][0xffffffc5][0xffffffe4][0xffffffce]'f[0xffffffa8][0xffffffee]mb[0xffffff86][0xffffffb2]q[0xffffff89][0xffffff96][0xffffffe7][0x17][0xffffff8d]I[0xffffffe4]TQ\[0xffffffee],b[0xffffff86][0xffffffbe]s[0xffffff88][0xffffff99][0xffffffba][0xffffffc6] :[0xffffff86][0xffffffd0][0xffffffd8]C_[0xffffffa6]G[0xffffffb5]Y[0xffffffdd]!g[0xffffff8f][0xffffff8a][0xffffffb3][0xffffff9a]C\[0xffffffe0]Buc[0xe][0xffffff81][0x7]U[0xffffff8d]7[0xfffffff4]e[0xffffffc3]Q~VkX7[0xb]5h[0xffffffb5][0xffffff86]|[0xffffffd6]Q[0xffffff87]Vg[0xffffffc8]'[0x1a][0xffffffb5][0xffffffa8]1[0xffffff86][0xffffffb2][0xffffff94][0xffffff8a][0xffffff82][0xffffffd4][0xfffffffa][0xffffffc2]2[0x17][0xffffffaa][0xffffffd2]j[0xb][0x1d][0xffffff8f]j[0x1b]W[0xffffffc8]G[0x19][0xffffffd5]i[0xfffffff5][0xffffff84][0xfffffff5]p[0xffffffa2]D5[0xffffff9e][0xffffff90]?5[0xffffffd4][0xffffffa9][0xffffffc6][0x12][0xffffffd6][0xffffffb9][0xffffff8a][0xffffff95]K[0xffffff81][\r]mP[0xffffff8c]\[0xe][0xffffff8a][0xffffff8f][0xffffffcb]A[0xffffffb1]q9(..[0x7][0xffffffc5][0xffffffc4][0xffffffe5][0xffffffa0]x[0xffffffb8][0x1c][0x14][0xb][0xffffff97][0x3][0xffffff99]=[[0xe]D[0x13][0x18][0xffffffca][0xffffff80]36[0xffffff94][0xffffff81].[0xfffffff3][0x18][0xffffffca]@[0xffffff95][0xffffffc5]0[0xffffff90][0xffffff83];[0xffffffd3]7[0x1f].[0xb])[0xffffffd8][0xfffffff0][0xffffffcb][0xfffffff1]ej4[0xfffffff0][0xffffffed]:![0xfffffff8]O[0x11]<N[0xffffffdf][0xffffffa6][0x13][0xffffff8d]:[0xffffffbe][0xfffffff1][0x8]I[0x11][0xffffffa7][0xfffffff3][0xffffffe3][0xffffffc7]uW[0xffffffd9]#[\r][0xffffffb2][0xffffffbb]-[0xffffffcb][0xffffffe9][0xffffffba][0xfffffffb][0xffffff9c][0xffffffbe][0x14]Q| [0xffffffba][0xfffffff6][0xffffffb5][0xffffffd2][0xffffffe3][0xffffffcd] }[0xffffffa1][0xffffffdc][0xffffffd5]J[0xffffff87][0xffffffa6][0x1b]W2S[0xffffffee]i[0xffffffa5]S[0xffffffe9] g[0xffffffca][0x1d][0xffffffad][0x4][0xffffff90][0xffffffd4]qf[0xffffffca][0xfffffffd][0xffffffac][0xffffffb4]x>p[0xfffffff5][0x12][0xffffffad][0xffffffdd][0xffffffac][0xffffffb4]([0xffffffb4][0xffffffae][0xffffffcc]V{Yi[0x0][0xffffffc7][0xffffff85]B[0xffffffb9][0xffffff93][0xffffffc5][0x1e][0xffffff80][0xffffffee][0xfffffff0][0xc][0xffffffb9][0xffffff8d][0xffffff95][0xffffffda][0xffffffd1][0xffffff8d]Y(7[0xffffffb1][0xffffffd8]"
10:31:50.359 [main] DEBUG org.apache.hc.client5.http.wire -- http-outgoing-13 << "[0xffffff8f]jT[0xffffffb0]B[0xffffffb9][0xffffff85][0xffffff95][\n]"
10:31:50.359 [main] DEBUG org.apache.hc.client5.http.wire -- http-outgoing-13 << "[0xffffffbf]T[0xffffffc7]#p[0x3][0xffffff8b][0x1d][0xffffff87][0xffffffa9]E[0xffffffd4][0xffffffee][0x15]o[0x3]K[0x1d]A[0xffffffa6][0xffffffdc][0xffffffbb]J%[0xffffffc5]:.w[0xffffffae]xYX[0xffffffea][0xffffff9f][0xffffff88]r[0xffffffdf][0xffffff8a][0xffffffd2]OB[0xffffff91]Y[0xffffffe9]Z%UW[0x16][0xffffff86][V,MUV[0x1a]V[0xffffffac][0xffffffc1]TV[0xffffffda]U[0xffffffcc][0xffffffaa][0xffffffce][0xffffffcc][0xffffffcd]j@[0xffffff8d][0xffffffd1]2[0xffffffa3][0xffffffd2][0xffffffa8][0x6]\z][0xffffff9e]*]j[0x10][0xffffffeb][0x4][0xffffffa5]C[0xfffffff5][0xffffffa4]t[0xffffffe5][0xffffffc5][0xffffffd2][0xffffff9d]z,,[0x13][0xffffffee]Li[0xffffffc7][0xfffffff3][0xffffffc6]pW[0xffffffea]pm[0xffffffcb]k[0xffffffdc][0xffffff92][0x2][0xffffff84][0xffffffb2]%[0xffffffdc][0xffffff8e][0x2][0x1e][0x9][0xffffffc8]k[0xffffffc1][0xffffffbd][0xffffffa8][0xffffffa5][0x5].O[0xffffff95]F[0xffffffd4]&[0xffffff83][0xffffff92][0x8]7[0xffffffa1]([\r][0xffffffb6][0xffffffcc][0xffffff87][0xffffffea][0xffffff95][0xffffffd5]3pN[0xffffffdc][0xffffff93][0xffffffe2]=[[0xffffffb6][0xffffffaa][0xfffffff6][0xffffffa3]X1[0xffffff9e][0xffffffbb][0xffffffc4]j3Jg6[0xffffff93][0xffffffd2][0xffffff88]*[0xffffffc7]G[0xffffff87]{P[0xffffffa5]+)[0xfffffffd]'[0xffffffc9]b![0xffffffa5][0xfffffff5][0xffffff94][0x1a]{[0xfffffff3][0xffffff8c][0xffffff8c][0xffffff89][0xffffffef][0xffffff97][0xffffffe9]q>_o[0xfffffffb][0xffffffd3]i:f[0xffffffa8]"[0xffffffd0][0xffffffcd][0xffffffae][0xfffffff3]912[0xffffffa2][0xffffff84][0xffffff81][\n]"
10:31:50.359 [main] DEBUG org.apache.hc.client5.http.wire -- http-outgoing-13 << "[0xffffffb9]|#"[0xffffffea]$[0xffffffde]vy?[0xffffffb4][0xffffff8f][0xfffffff8]a[0x19][0x1d]r[0xffffffa8]Htp[0xffffffa7]}>#[0xffffffd8][0xffffff87][0xffffffd1][0xffffff95][0xffffff8d]z[0xfffffffd][0xfffffff0][0xf][0xffffffe2][0x12][0xffffff8f][0xfffffff4]>[0x13][0x0][0x0]"
10:31:50.359 [main] DEBUG org.apache.hc.client5.http.impl.classic.InternalHttpClient -- ep-0000000014 releasing valid endpoint
10:31:50.359 [main] DEBUG org.apache.hc.client5.http.impl.io.PoolingHttpClientConnectionManager -- ep-0000000014 releasing endpoint
10:31:50.359 [main] DEBUG org.apache.hc.client5.http.impl.io.PoolingHttpClientConnectionManager -- ep-0000000014 connection http-outgoing-13 can be kept alive for 3 MINUTES
10:31:50.359 [main] DEBUG org.apache.hc.client5.http.impl.io.PoolingHttpClientConnectionManager -- ep-0000000014 connection released [route: {s}->https://raw.githubusercontent.com:443][total available: 1; route allocated: 1 of 5; total allocated: 2 of 25]
10:31:50.359 [main] DEBUG io.github.bonigarcia.wdm.versions.VersionDetector -- Driver for chrome120.0.6099.63 not found in online properties (using local versions.properties)
10:31:50.360 [main] DEBUG io.github.bonigarcia.wdm.WebDriverManager -- The driver version for CHROME 120.0.6099.63 is unknown ... trying with latest
10:31:50.365 [main] DEBUG org.apache.hc.client5.http.impl.classic.InternalHttpClient -- ex-0000000015 preparing request execution
10:31:50.366 [main] DEBUG org.apache.hc.client5.http.impl.classic.ProtocolExec -- ex-0000000015 target auth state: UNCHALLENGED
10:31:50.366 [main] DEBUG org.apache.hc.client5.http.impl.classic.ProtocolExec -- ex-0000000015 proxy auth state: UNCHALLENGED
10:31:50.366 [main] DEBUG org.apache.hc.client5.http.impl.classic.ConnectExec -- ex-0000000015 acquiring connection with route {s}->https://googlechromelabs.github.io:443
10:31:50.366 [main] DEBUG org.apache.hc.client5.http.impl.classic.InternalHttpClient -- ex-0000000015 acquiring endpoint (3 MINUTES)
10:31:50.366 [main] DEBUG org.apache.hc.client5.http.impl.io.PoolingHttpClientConnectionManager -- ex-0000000015 endpoint lease request (3 MINUTES) [route: {s}->https://googlechromelabs.github.io:443][total available: 1; route allocated: 1 of 5; total allocated: 2 of 25]
10:31:50.366 [main] DEBUG org.apache.hc.client5.http.impl.io.PoolingHttpClientConnectionManager -- ex-0000000015 endpoint leased [route: {s}->https://googlechromelabs.github.io:443][total available: 1; route allocated: 2 of 5; total allocated: 3 of 25]
10:31:50.366 [main] DEBUG org.apache.hc.client5.http.impl.io.PoolingHttpClientConnectionManager -- ex-0000000015 acquired ep-0000000015
10:31:50.366 [main] DEBUG org.apache.hc.client5.http.impl.classic.InternalHttpClient -- ex-0000000015 acquired endpoint ep-0000000015
10:31:50.366 [main] DEBUG org.apache.hc.client5.http.impl.classic.ConnectExec -- ex-0000000015 opening connection {s}->https://googlechromelabs.github.io:443
10:31:50.366 [main] DEBUG org.apache.hc.client5.http.impl.classic.InternalHttpClient -- ep-0000000015 connecting endpoint (null)
10:31:50.367 [main] DEBUG org.apache.hc.client5.http.impl.io.PoolingHttpClientConnectionManager -- ep-0000000015 connecting endpoint to https://googlechromelabs.github.io:443 (30 SECONDS)
10:31:50.367 [main] DEBUG org.apache.hc.client5.http.impl.io.DefaultHttpClientConnectionOperator -- googlechromelabs.github.io resolving remote address
10:31:50.367 [main] DEBUG org.apache.hc.client5.http.impl.io.DefaultHttpClientConnectionOperator -- googlechromelabs.github.io resolved to [googlechromelabs.github.io/185.199.110.153, googlechromelabs.github.io/185.199.111.153, googlechromelabs.github.io/185.199.108.153, googlechromelabs.github.io/185.199.109.153]
10:31:50.367 [main] DEBUG org.apache.hc.client5.http.impl.io.DefaultHttpClientConnectionOperator -- googlechromelabs.github.io:443 connecting null->googlechromelabs.github.io/185.199.110.153:443 (30 SECONDS)
10:31:50.367 [main] DEBUG org.apache.hc.client5.http.ssl.SSLConnectionSocketFactory -- Connecting socket to googlechromelabs.github.io/185.199.110.153:443 with timeout 30 SECONDS
10:31:50.407 [main] DEBUG org.apache.hc.client5.http.ssl.SSLConnectionSocketFactory -- Enabled protocols: [TLSv1.3, TLSv1.2]
10:31:50.408 [main] DEBUG org.apache.hc.client5.http.ssl.SSLConnectionSocketFactory -- Enabled cipher suites: [TLS_AES_256_GCM_SHA384, TLS_AES_128_GCM_SHA256, TLS_CHACHA20_POLY1305_SHA256, TLS_ECDHE_ECDSA_WITH_AES_256_GCM_SHA384, TLS_ECDHE_ECDSA_WITH_AES_128_GCM_SHA256, TLS_ECDHE_ECDSA_WITH_CHACHA20_POLY1305_SHA256, TLS_ECDHE_RSA_WITH_AES_256_GCM_SHA384, TLS_ECDHE_RSA_WITH_CHACHA20_POLY1305_SHA256, TLS_ECDHE_RSA_WITH_AES_128_GCM_SHA256, TLS_DHE_RSA_WITH_AES_256_GCM_SHA384, TLS_DHE_RSA_WITH_CHACHA20_POLY1305_SHA256, TLS_DHE_DSS_WITH_AES_256_GCM_SHA384, TLS_DHE_RSA_WITH_AES_128_GCM_SHA256, TLS_DHE_DSS_WITH_AES_128_GCM_SHA256, TLS_ECDHE_ECDSA_WITH_AES_256_CBC_SHA384, TLS_ECDHE_RSA_WITH_AES_256_CBC_SHA384, TLS_ECDHE_ECDSA_WITH_AES_128_CBC_SHA256, TLS_ECDHE_RSA_WITH_AES_128_CBC_SHA256, TLS_DHE_RSA_WITH_AES_256_CBC_SHA256, TLS_DHE_DSS_WITH_AES_256_CBC_SHA256, TLS_DHE_RSA_WITH_AES_128_CBC_SHA256, TLS_DHE_DSS_WITH_AES_128_CBC_SHA256, TLS_ECDHE_ECDSA_WITH_AES_256_CBC_SHA, TLS_ECDHE_RSA_WITH_AES_256_CBC_SHA, TLS_ECDHE_ECDSA_WITH_AES_128_CBC_SHA, TLS_ECDHE_RSA_WITH_AES_128_CBC_SHA, TLS_DHE_RSA_WITH_AES_256_CBC_SHA, TLS_DHE_DSS_WITH_AES_256_CBC_SHA, TLS_DHE_RSA_WITH_AES_128_CBC_SHA, TLS_DHE_DSS_WITH_AES_128_CBC_SHA, TLS_RSA_WITH_AES_256_GCM_SHA384, TLS_RSA_WITH_AES_128_GCM_SHA256, TLS_RSA_WITH_AES_256_CBC_SHA256, TLS_RSA_WITH_AES_128_CBC_SHA256, TLS_RSA_WITH_AES_256_CBC_SHA, TLS_RSA_WITH_AES_128_CBC_SHA, TLS_EMPTY_RENEGOTIATION_INFO_SCSV]
10:31:50.408 [main] DEBUG org.apache.hc.client5.http.ssl.SSLConnectionSocketFactory -- Starting handshake (null)
10:31:50.459 [main] DEBUG org.apache.hc.client5.http.ssl.SSLConnectionSocketFactory -- Secure session established
10:31:50.459 [main] DEBUG org.apache.hc.client5.http.ssl.SSLConnectionSocketFactory --  negotiated protocol: TLSv1.3
10:31:50.459 [main] DEBUG org.apache.hc.client5.http.ssl.SSLConnectionSocketFactory --  negotiated cipher suite: TLS_AES_128_GCM_SHA256
10:31:50.459 [main] DEBUG org.apache.hc.client5.http.ssl.SSLConnectionSocketFactory --  peer principal: CN=*.github.io, O="GitHub, Inc.", L=San Francisco, ST=California, C=US
10:31:50.459 [main] DEBUG org.apache.hc.client5.http.ssl.SSLConnectionSocketFactory --  peer alternative names: [*.github.io, github.io, *.github.com, github.com, www.github.com, *.githubusercontent.com, githubusercontent.com]
10:31:50.459 [main] DEBUG org.apache.hc.client5.http.ssl.SSLConnectionSocketFactory --  issuer principal: CN=DigiCert TLS RSA SHA256 2020 CA1, O=DigiCert Inc, C=US
10:31:50.459 [main] DEBUG org.apache.hc.client5.http.impl.io.DefaultManagedHttpClientConnection -- http-outgoing-14 set socket timeout to 3 MINUTES
10:31:50.459 [main] DEBUG org.apache.hc.client5.http.impl.io.DefaultHttpClientConnectionOperator -- googlechromelabs.github.io:443 connected null->googlechromelabs.github.io/185.199.110.153:443 as http-outgoing-14
10:31:50.460 [main] DEBUG org.apache.hc.client5.http.impl.io.PoolingHttpClientConnectionManager -- ep-0000000015 connected http-outgoing-14
10:31:50.460 [main] DEBUG org.apache.hc.client5.http.impl.classic.InternalHttpClient -- ep-0000000015 endpoint connected
10:31:50.460 [main] DEBUG org.apache.hc.client5.http.impl.classic.MainClientExec -- ex-0000000015 executing GET /chrome-for-testing/last-known-good-versions-with-downloads.json HTTP/1.1
10:31:50.460 [main] DEBUG org.apache.hc.client5.http.protocol.RequestAddCookies -- ex-0000000015 Cookie spec selected: strict
10:31:50.460 [main] DEBUG org.apache.hc.client5.http.impl.classic.InternalHttpClient -- ep-0000000015 start execution ex-0000000015
10:31:50.460 [main] DEBUG org.apache.hc.client5.http.impl.io.PoolingHttpClientConnectionManager -- ep-0000000015 executing exchange ex-0000000015 over http-outgoing-14
10:31:50.460 [main] DEBUG org.apache.hc.client5.http.headers -- http-outgoing-14 >> GET /chrome-for-testing/last-known-good-versions-with-downloads.json HTTP/1.1
10:31:50.460 [main] DEBUG org.apache.hc.client5.http.headers -- http-outgoing-14 >> user-agent: Apache-HttpClient/5.0
10:31:50.460 [main] DEBUG org.apache.hc.client5.http.headers -- http-outgoing-14 >> accept-encoding: gzip, deflate, br
10:31:50.460 [main] DEBUG org.apache.hc.client5.http.headers -- http-outgoing-14 >> cache-control: max-age=0
10:31:50.460 [main] DEBUG org.apache.hc.client5.http.headers -- http-outgoing-14 >> connection: keep-alive
10:31:50.460 [main] DEBUG org.apache.hc.client5.http.headers -- http-outgoing-14 >> Host: googlechromelabs.github.io
10:31:50.460 [main] DEBUG org.apache.hc.client5.http.wire -- http-outgoing-14 >> "GET /chrome-for-testing/last-known-good-versions-with-downloads.json HTTP/1.1[\r][\n]"
10:31:50.460 [main] DEBUG org.apache.hc.client5.http.wire -- http-outgoing-14 >> "user-agent: Apache-HttpClient/5.0[\r][\n]"
10:31:50.460 [main] DEBUG org.apache.hc.client5.http.wire -- http-outgoing-14 >> "accept-encoding: gzip, deflate, br[\r][\n]"
10:31:50.460 [main] DEBUG org.apache.hc.client5.http.wire -- http-outgoing-14 >> "cache-control: max-age=0[\r][\n]"
10:31:50.460 [main] DEBUG org.apache.hc.client5.http.wire -- http-outgoing-14 >> "connection: keep-alive[\r][\n]"
10:31:50.461 [main] DEBUG org.apache.hc.client5.http.wire -- http-outgoing-14 >> "Host: googlechromelabs.github.io[\r][\n]"
10:31:50.461 [main] DEBUG org.apache.hc.client5.http.wire -- http-outgoing-14 >> "[\r][\n]"
10:31:50.502 [main] DEBUG org.apache.hc.client5.http.wire -- http-outgoing-14 << "HTTP/1.1 200 OK[\r][\n]"
10:31:50.502 [main] DEBUG org.apache.hc.client5.http.wire -- http-outgoing-14 << "Connection: keep-alive[\r][\n]"
10:31:50.502 [main] DEBUG org.apache.hc.client5.http.wire -- http-outgoing-14 << "Content-Length: 641[\r][\n]"
10:31:50.502 [main] DEBUG org.apache.hc.client5.http.wire -- http-outgoing-14 << "Server: GitHub.com[\r][\n]"
10:31:50.502 [main] DEBUG org.apache.hc.client5.http.wire -- http-outgoing-14 << "Content-Type: application/json; charset=utf-8[\r][\n]"
10:31:50.502 [main] DEBUG org.apache.hc.client5.http.wire -- http-outgoing-14 << "permissions-policy: interest-cohort=()[\r][\n]"
10:31:50.502 [main] DEBUG org.apache.hc.client5.http.wire -- http-outgoing-14 << "x-origin-cache: HIT[\r][\n]"
10:31:50.502 [main] DEBUG org.apache.hc.client5.http.wire -- http-outgoing-14 << "Last-Modified: Thu, 28 Dec 2023 09:09:08 GMT[\r][\n]"
10:31:50.502 [main] DEBUG org.apache.hc.client5.http.wire -- http-outgoing-14 << "Access-Control-Allow-Origin: *[\r][\n]"
10:31:50.502 [main] DEBUG org.apache.hc.client5.http.wire -- http-outgoing-14 << "Strict-Transport-Security: max-age=31556952[\r][\n]"
10:31:50.502 [main] DEBUG org.apache.hc.client5.http.wire -- http-outgoing-14 << "ETag: W/"658d3b34-22ac"[\r][\n]"
10:31:50.502 [main] DEBUG org.apache.hc.client5.http.wire -- http-outgoing-14 << "expires: Thu, 28 Dec 2023 09:19:31 GMT[\r][\n]"
10:31:50.502 [main] DEBUG org.apache.hc.client5.http.wire -- http-outgoing-14 << "Cache-Control: max-age=600[\r][\n]"
10:31:50.502 [main] DEBUG org.apache.hc.client5.http.wire -- http-outgoing-14 << "Content-Encoding: gzip[\r][\n]"
10:31:50.502 [main] DEBUG org.apache.hc.client5.http.wire -- http-outgoing-14 << "x-proxy-cache: HIT[\r][\n]"
10:31:50.502 [main] DEBUG org.apache.hc.client5.http.wire -- http-outgoing-14 << "X-GitHub-Request-Id: AD28:2802F4:8D3D7B:90038F:658D3C18[\r][\n]"
10:31:50.502 [main] DEBUG org.apache.hc.client5.http.wire -- http-outgoing-14 << "Accept-Ranges: bytes[\r][\n]"
10:31:50.502 [main] DEBUG org.apache.hc.client5.http.wire -- http-outgoing-14 << "Date: Thu, 28 Dec 2023 09:31:51 GMT[\r][\n]"
10:31:50.502 [main] DEBUG org.apache.hc.client5.http.wire -- http-outgoing-14 << "Via: 1.1 varnish[\r][\n]"
10:31:50.502 [main] DEBUG org.apache.hc.client5.http.wire -- http-outgoing-14 << "Age: 471[\r][\n]"
10:31:50.503 [main] DEBUG org.apache.hc.client5.http.wire -- http-outgoing-14 << "X-Served-By: cache-mad2200144-MAD[\r][\n]"
10:31:50.503 [main] DEBUG org.apache.hc.client5.http.wire -- http-outgoing-14 << "X-Cache: HIT[\r][\n]"
10:31:50.503 [main] DEBUG org.apache.hc.client5.http.wire -- http-outgoing-14 << "X-Cache-Hits: 1[\r][\n]"
10:31:50.503 [main] DEBUG org.apache.hc.client5.http.wire -- http-outgoing-14 << "X-Timer: S1703755912.993254,VS0,VE1[\r][\n]"
10:31:50.503 [main] DEBUG org.apache.hc.client5.http.wire -- http-outgoing-14 << "Vary: Accept-Encoding[\r][\n]"
10:31:50.503 [main] DEBUG org.apache.hc.client5.http.wire -- http-outgoing-14 << "X-Fastly-Request-ID: a747300b13ffa2dc61e59700d92b45ec5e232f9f[\r][\n]"
10:31:50.503 [main] DEBUG org.apache.hc.client5.http.wire -- http-outgoing-14 << "[\r][\n]"
10:31:50.503 [main] DEBUG org.apache.hc.client5.http.headers -- http-outgoing-14 << HTTP/1.1 200 OK
10:31:50.503 [main] DEBUG org.apache.hc.client5.http.headers -- http-outgoing-14 << Connection: keep-alive
10:31:50.503 [main] DEBUG org.apache.hc.client5.http.headers -- http-outgoing-14 << Content-Length: 641
10:31:50.503 [main] DEBUG org.apache.hc.client5.http.headers -- http-outgoing-14 << Server: GitHub.com
10:31:50.503 [main] DEBUG org.apache.hc.client5.http.headers -- http-outgoing-14 << Content-Type: application/json; charset=utf-8
10:31:50.503 [main] DEBUG org.apache.hc.client5.http.headers -- http-outgoing-14 << permissions-policy: interest-cohort=()
10:31:50.503 [main] DEBUG org.apache.hc.client5.http.headers -- http-outgoing-14 << x-origin-cache: HIT
10:31:50.503 [main] DEBUG org.apache.hc.client5.http.headers -- http-outgoing-14 << Last-Modified: Thu, 28 Dec 2023 09:09:08 GMT
10:31:50.503 [main] DEBUG org.apache.hc.client5.http.headers -- http-outgoing-14 << Access-Control-Allow-Origin: *
10:31:50.503 [main] DEBUG org.apache.hc.client5.http.headers -- http-outgoing-14 << Strict-Transport-Security: max-age=31556952
10:31:50.503 [main] DEBUG org.apache.hc.client5.http.headers -- http-outgoing-14 << ETag: W/"658d3b34-22ac"
10:31:50.503 [main] DEBUG org.apache.hc.client5.http.headers -- http-outgoing-14 << expires: Thu, 28 Dec 2023 09:19:31 GMT
10:31:50.503 [main] DEBUG org.apache.hc.client5.http.headers -- http-outgoing-14 << Cache-Control: max-age=600
10:31:50.503 [main] DEBUG org.apache.hc.client5.http.headers -- http-outgoing-14 << Content-Encoding: gzip
10:31:50.503 [main] DEBUG org.apache.hc.client5.http.headers -- http-outgoing-14 << x-proxy-cache: HIT
10:31:50.503 [main] DEBUG org.apache.hc.client5.http.headers -- http-outgoing-14 << X-GitHub-Request-Id: AD28:2802F4:8D3D7B:90038F:658D3C18
10:31:50.503 [main] DEBUG org.apache.hc.client5.http.headers -- http-outgoing-14 << Accept-Ranges: bytes
10:31:50.503 [main] DEBUG org.apache.hc.client5.http.headers -- http-outgoing-14 << Date: Thu, 28 Dec 2023 09:31:51 GMT
10:31:50.503 [main] DEBUG org.apache.hc.client5.http.headers -- http-outgoing-14 << Via: 1.1 varnish
10:31:50.503 [main] DEBUG org.apache.hc.client5.http.headers -- http-outgoing-14 << Age: 471
10:31:50.503 [main] DEBUG org.apache.hc.client5.http.headers -- http-outgoing-14 << X-Served-By: cache-mad2200144-MAD
10:31:50.503 [main] DEBUG org.apache.hc.client5.http.headers -- http-outgoing-14 << X-Cache: HIT
10:31:50.503 [main] DEBUG org.apache.hc.client5.http.headers -- http-outgoing-14 << X-Cache-Hits: 1
10:31:50.503 [main] DEBUG org.apache.hc.client5.http.headers -- http-outgoing-14 << X-Timer: S1703755912.993254,VS0,VE1
10:31:50.503 [main] DEBUG org.apache.hc.client5.http.headers -- http-outgoing-14 << Vary: Accept-Encoding
10:31:50.503 [main] DEBUG org.apache.hc.client5.http.headers -- http-outgoing-14 << X-Fastly-Request-ID: a747300b13ffa2dc61e59700d92b45ec5e232f9f
10:31:50.504 [main] DEBUG org.apache.hc.client5.http.impl.classic.MainClientExec -- ex-0000000015 connection can be kept alive for 3 MINUTES
10:31:50.505 [main] DEBUG org.apache.hc.client5.http.wire -- http-outgoing-14 << "[0x1f][0xffffff8b][0x8][0x0][0x0][0x0][0x0][0x0][0x0][0x3][0xffffffcd][0xffffff96][0xffffffcb][0xffffff92][0xffffff9b]0[0x10]E[0xfffffff7][0xfffffff9][0xc][0xffffffad]yI8[0xffffff80]Y&[0xfffffff3][0x7][0xffffff93]URY(F[0xffffffb1][0xffffffa9][0x12][0xffffffe0][0x2][0xffffff8d]'[0xffffff89][0xffffff8b][0x7f][0xffffff8f][0xc]2[0xffffffe6]!1+[0xffffffab]Ya[0x1a][0xffffffb9][0xfffffffb]B[0xffffff9d][0xffffffea]:W$[0xfffffff2][0xffffff82]5[0xffffff82][0x16]g[0xffffff94]"[0x12][0xffffff90][0xffffffd0][0xffffffc5][0xffffffc4]%[0xfffffff1]7[0xffffff82][0xffffffd3] I[0xffffffc3][0xffffffc4][0xb][0xffffff83][0xffffffe4];r[0xffffffd0][0xffffffe1]D[0xffffffcb][0xffffff92][0xfffffff1][0x6][0xffffffa5]W[0xfffffff4]*[0xffffffe8]/[0xffffffce]n[0xffffffbf]TU[0xfffffffe]U[0xffffffd5][0x1c]tau[0xffffff93]W[0xffffffa5],a[0x12]x[0xffffff81][0x17][0x5][0xfffffffb][0xffffffbd][0xffffff87][0xffffff83][0xffffffbd]|T[0xffffffb3]K><[0xffffffc3]q[0x18][0x11]Y[0xffffffcc][0xffffffaa][0xfffffff7][0xffffff92]W4k[0xfffffffa]~uU[0xffffffc8][0xffffffce]?[0xffffffae][0xffffffe8][0xffffffcc][0xffffffa9][0xfffffff8]][0xffffffd5][0xffffff85]<[0xffffffcc][0xfffffff3][0xfffffff2][0xffffffed]O[0xffffffb4][0xffffff93][0xffffff87][0xffffffdf][0xffffffea][0xffffffdb][0xffffffac][0xffffff93][0x10][0xffffffe7]&[0xfffffff5]}[0xffffff96][0x1d]Y[0xffffffc6][0xffffffbd][0xffffff82]y[0xffffffc7][0xffffff8b][0xffffffc0][0xffffffde][0xffffffa1]*T[0xffffffc9][0xffffffef][0xfffffffb][0xffffffa8][0xffffff8b]+[0xffffffdb][0xffffffb8]B[0xffffffbe]d^[0x1e][0xfffffffd]i(_[0xffffffb5][0xffffffbe][0xffffff9f]T[0xffffffb7][0xffffffde][0xffffffbf][0xfffffffc][0xffffff8c]Zg[0x12][0xffffffa2][0xffffffa0][0x7][0xffffff97][0xffffffd6][0xffffffc5]sb[0xc][0xffffffcd][0xffffffef]g[0xffffff87][0xffffff82])[0xffffffca][0xffffff93][0xffffffbe][0xffffff87]j=[0xffffff8e]a[0xfffffff8][0x1e][0xffffffef]y[0x19][0xffffff92]gD[0xffffffe8][0x1a][0xffffffdf][0xffffffcf]u7[0xffffff86][0xfffffff1][0xffffffcf][0xfffffff9][0x2]][0xffffffe3][0xffffffd1][0xfffffff8][0xfffffffb][0xffffffdb][0xffffffff]t[0x14][0xffffff9d]Y[0xffffff9d]K[0xffffffc6][0xffffffc1][0x18][0xffffffed][0xffffffc7]o[0xffffff86]T[0x15]g[0x1b][0xffffffbc][0xffffff8e][0xffffffc2]@R[0xffffffab]b[0xffffffc0][0xffffffb2][0xfffffffb][0x8][0xffffffb1] [0xffffffd8]=1[0xffffff9a]q[0xffffffd6]4nsb[0xffffff9c][0xffffff83][0xffffffa1]<[0xffffffcb][0xffffffb1][0x19][0xffffffa6][0xffffffe7][0xffffffb9][0xffffffb6][0x1][0xffffffb7].[0x15]$[0xffffffe5][0xfffffff3]<[0xffffffb0][0xffffffb8]k[0xffffffd2][0xc][0xffffffdc][0xffffffb7][0xffffffad][0xffffff83][0xffffffbe]0A[0xffffffa7][0xffffffc6][0xffffffd2]U[0xffffffa6][0xffffffbe][0xffffff82]o[0xffffffdd]q[0x14]{8[0xffffff9a][0xffffffeb]J[0x18][0xffffffe2] [0xffffff86][0xffffffd0][0xffffff95]Q&@[[0x19][0xffffffa7][0xffffff80][0xffffff94][0xffffff95]y[0xe][0xfffffffb][0xffffffae]2N`_Uf[0xffffffd3][0xffffffe1]M[0xffffffc5][0xffffff8c][0xffffffa7]}QY[0xffffff83][0xffffffd4][0xffffffbe][0xffffffa7][0xffffff98]Q[0xffffffb5][0xffffffab])&`mZ[0xffffff8a][0x9][0xffffffdb][0xffffffad]H[0xffffffca][0xffffffca][0xffffff92][0xffffff85]s[0xffffff94][0xffffffd5][0xffffff9d][0xb][0xffffffa7](++[0x18][0xffffffc6]P[0xffffff8c][0x1b][0x19]BP[0xffffff8c][0xb][0xfffffffa][0x3]?ya[0xffffff97][0xffffffa9][0xffffff9e][0xffffffdc][\n]"
10:31:50.505 [main] DEBUG org.apache.hc.client5.http.wire -- http-outgoing-14 << "S;!][0xffffffeb]D^[0x16]r[0x12][0xffffffc5][0xffffffbb][0x4]BN[0x1e][0xffffff91][0x0][0xffffffdd]d[0x14][0x2]RMf1[0xffffffec][0xffffff9b][0xffffffc9]([0xffffff80]}1[0xffffff99][0xe][0xffffff87][0xfffffff7][0x12]#[0xffffff99][0xfffffff6][0xffffffb5]d[0xffffff85]O[0xfffffffb]Vb[0xffffffa4][0xffffffd4][0xffffffae][0xffffff94][0x18]X[0xffffffb5][0xffffffe9]$[0x6]b[0xffffffb7][0xffffffa2]$[0xffffffe6][0xffffffd5][\n]"
10:31:50.505 [main] DEBUG org.apache.hc.client5.http.wire -- http-outgoing-14 << "g$k[0xffffff9b][0x16]NH[0xffffffcc][0xffffff8b][0x17][0xffffffc6]GL{[0x18]BGLk[0xfffffff9][0x3][0x1b][0xfffffff9]JKZ[0xffffffff][0xffffff9d][\n]"
10:31:50.505 [main] DEBUG org.apache.hc.client5.http.wire -- http-outgoing-14 << "[0xffffff89][0xffffffaa]i[0xffffff9c][0xffffff84]`[0xffffffbc]t[0xffffff92][0x1d][0xffffffc6][0xffffff9f]C0'[0xffffffe9]"A;I[0x1f][0x2][0xffffffdc]I[0x1e]1[0xffffff80][0xffffff9c][0xffffffa4][0xf][0x0][0xffffffe4]$[0xffffffc3][0xfffffff0][0xffffff8d]8[0xffffff89][0xffffff8e]L '[0xffffffd1][0xfffffff3][0x9][0xffffffe4]$:J[0x1][0xffffff9c]d[0xffffffc9][0xffffffaa]u'Y[0x12][0xffffffbb])'[0xffffffd1][0xffffffae]V`'1lZ`'[0xffffffd1].^@'[0xffffffd1][0xffffffec]a0'[0xffffffd1][0xffffffac][0xffffffe5]U'i[0xffffffdb]O[0xffffffff][0x1][0xffffffee][0xffffffde][0xffffffae][0xffffffb2][0xffffffac]"[0x0][0x0]"
10:31:50.510 [main] DEBUG org.apache.hc.client5.http.impl.classic.InternalHttpClient -- ep-0000000015 releasing valid endpoint
10:31:50.510 [main] DEBUG org.apache.hc.client5.http.impl.io.PoolingHttpClientConnectionManager -- ep-0000000015 releasing endpoint
10:31:50.511 [main] DEBUG org.apache.hc.client5.http.impl.io.PoolingHttpClientConnectionManager -- ep-0000000015 connection http-outgoing-14 can be kept alive for 3 MINUTES
10:31:50.511 [main] DEBUG org.apache.hc.client5.http.impl.io.PoolingHttpClientConnectionManager -- ep-0000000015 connection released [route: {s}->https://googlechromelabs.github.io:443][total available: 2; route allocated: 2 of 5; total allocated: 3 of 25]
10:31:50.526 [main] DEBUG io.github.bonigarcia.wdm.WebDriverManager -- Driver chromedriver 120.0.6099.109 found in cache
10:31:50.528 [main] INFO io.github.bonigarcia.wdm.WebDriverManager -- Exporting webdriver.chrome.driver as C:\Users\info\.cache\selenium\chromedriver\win64\120.0.6099.109\chromedriver.exe
10:31:53.661 [main] DEBUG io.github.bonigarcia.wdm.WebDriverManager -- Using WebDriverManager 5.6.2
10:31:53.691 [main] WARN io.github.bonigarcia.wdm.versions.VersionDetector -- Exception reading CfT URL ('null') to get version of chromedriver (For input string: "120.0.6099.63")
10:31:53.699 [main] DEBUG org.apache.hc.client5.http.impl.classic.InternalHttpClient -- ex-0000000016 preparing request execution
10:31:53.700 [main] DEBUG org.apache.hc.client5.http.impl.classic.ProtocolExec -- ex-0000000016 target auth state: UNCHALLENGED
10:31:53.700 [main] DEBUG org.apache.hc.client5.http.impl.classic.ProtocolExec -- ex-0000000016 proxy auth state: UNCHALLENGED
10:31:53.700 [main] DEBUG org.apache.hc.client5.http.impl.classic.ConnectExec -- ex-0000000016 acquiring connection with route {s}->https://googlechromelabs.github.io:443
10:31:53.701 [main] DEBUG org.apache.hc.client5.http.impl.classic.InternalHttpClient -- ex-0000000016 acquiring endpoint (3 MINUTES)
10:31:53.701 [main] DEBUG org.apache.hc.client5.http.impl.io.PoolingHttpClientConnectionManager -- ex-0000000016 endpoint lease request (3 MINUTES) [route: {s}->https://googlechromelabs.github.io:443][total available: 0; route allocated: 0 of 5; total allocated: 0 of 25]
10:31:53.701 [main] DEBUG org.apache.hc.client5.http.impl.io.PoolingHttpClientConnectionManager -- ex-0000000016 endpoint leased [route: {s}->https://googlechromelabs.github.io:443][total available: 0; route allocated: 1 of 5; total allocated: 1 of 25]
10:31:53.701 [main] DEBUG org.apache.hc.client5.http.impl.io.PoolingHttpClientConnectionManager -- ex-0000000016 acquired ep-0000000016
10:31:53.701 [main] DEBUG org.apache.hc.client5.http.impl.classic.InternalHttpClient -- ex-0000000016 acquired endpoint ep-0000000016
10:31:53.701 [main] DEBUG org.apache.hc.client5.http.impl.classic.ConnectExec -- ex-0000000016 opening connection {s}->https://googlechromelabs.github.io:443
10:31:53.701 [main] DEBUG org.apache.hc.client5.http.impl.classic.InternalHttpClient -- ep-0000000016 connecting endpoint (null)
10:31:53.701 [main] DEBUG org.apache.hc.client5.http.impl.io.PoolingHttpClientConnectionManager -- ep-0000000016 connecting endpoint to https://googlechromelabs.github.io:443 (30 SECONDS)
10:31:53.702 [main] DEBUG org.apache.hc.client5.http.impl.io.DefaultHttpClientConnectionOperator -- googlechromelabs.github.io resolving remote address
10:31:53.702 [main] DEBUG org.apache.hc.client5.http.impl.io.DefaultHttpClientConnectionOperator -- googlechromelabs.github.io resolved to [googlechromelabs.github.io/185.199.110.153, googlechromelabs.github.io/185.199.111.153, googlechromelabs.github.io/185.199.108.153, googlechromelabs.github.io/185.199.109.153]
10:31:53.702 [main] DEBUG org.apache.hc.client5.http.impl.io.DefaultHttpClientConnectionOperator -- googlechromelabs.github.io:443 connecting null->googlechromelabs.github.io/185.199.110.153:443 (30 SECONDS)
10:31:53.702 [main] DEBUG org.apache.hc.client5.http.ssl.SSLConnectionSocketFactory -- Connecting socket to googlechromelabs.github.io/185.199.110.153:443 with timeout 30 SECONDS
10:31:53.745 [main] DEBUG org.apache.hc.client5.http.ssl.SSLConnectionSocketFactory -- Enabled protocols: [TLSv1.3, TLSv1.2]
10:31:53.745 [main] DEBUG org.apache.hc.client5.http.ssl.SSLConnectionSocketFactory -- Enabled cipher suites: [TLS_AES_256_GCM_SHA384, TLS_AES_128_GCM_SHA256, TLS_CHACHA20_POLY1305_SHA256, TLS_ECDHE_ECDSA_WITH_AES_256_GCM_SHA384, TLS_ECDHE_ECDSA_WITH_AES_128_GCM_SHA256, TLS_ECDHE_ECDSA_WITH_CHACHA20_POLY1305_SHA256, TLS_ECDHE_RSA_WITH_AES_256_GCM_SHA384, TLS_ECDHE_RSA_WITH_CHACHA20_POLY1305_SHA256, TLS_ECDHE_RSA_WITH_AES_128_GCM_SHA256, TLS_DHE_RSA_WITH_AES_256_GCM_SHA384, TLS_DHE_RSA_WITH_CHACHA20_POLY1305_SHA256, TLS_DHE_DSS_WITH_AES_256_GCM_SHA384, TLS_DHE_RSA_WITH_AES_128_GCM_SHA256, TLS_DHE_DSS_WITH_AES_128_GCM_SHA256, TLS_ECDHE_ECDSA_WITH_AES_256_CBC_SHA384, TLS_ECDHE_RSA_WITH_AES_256_CBC_SHA384, TLS_ECDHE_ECDSA_WITH_AES_128_CBC_SHA256, TLS_ECDHE_RSA_WITH_AES_128_CBC_SHA256, TLS_DHE_RSA_WITH_AES_256_CBC_SHA256, TLS_DHE_DSS_WITH_AES_256_CBC_SHA256, TLS_DHE_RSA_WITH_AES_128_CBC_SHA256, TLS_DHE_DSS_WITH_AES_128_CBC_SHA256, TLS_ECDHE_ECDSA_WITH_AES_256_CBC_SHA, TLS_ECDHE_RSA_WITH_AES_256_CBC_SHA, TLS_ECDHE_ECDSA_WITH_AES_128_CBC_SHA, TLS_ECDHE_RSA_WITH_AES_128_CBC_SHA, TLS_DHE_RSA_WITH_AES_256_CBC_SHA, TLS_DHE_DSS_WITH_AES_256_CBC_SHA, TLS_DHE_RSA_WITH_AES_128_CBC_SHA, TLS_DHE_DSS_WITH_AES_128_CBC_SHA, TLS_RSA_WITH_AES_256_GCM_SHA384, TLS_RSA_WITH_AES_128_GCM_SHA256, TLS_RSA_WITH_AES_256_CBC_SHA256, TLS_RSA_WITH_AES_128_CBC_SHA256, TLS_RSA_WITH_AES_256_CBC_SHA, TLS_RSA_WITH_AES_128_CBC_SHA, TLS_EMPTY_RENEGOTIATION_INFO_SCSV]
10:31:53.745 [main] DEBUG org.apache.hc.client5.http.ssl.SSLConnectionSocketFactory -- Starting handshake (null)
10:31:53.797 [main] DEBUG org.apache.hc.client5.http.ssl.SSLConnectionSocketFactory -- Secure session established
10:31:53.797 [main] DEBUG org.apache.hc.client5.http.ssl.SSLConnectionSocketFactory --  negotiated protocol: TLSv1.3
10:31:53.797 [main] DEBUG org.apache.hc.client5.http.ssl.SSLConnectionSocketFactory --  negotiated cipher suite: TLS_AES_128_GCM_SHA256
10:31:53.797 [main] DEBUG org.apache.hc.client5.http.ssl.SSLConnectionSocketFactory --  peer principal: CN=*.github.io, O="GitHub, Inc.", L=San Francisco, ST=California, C=US
10:31:53.797 [main] DEBUG org.apache.hc.client5.http.ssl.SSLConnectionSocketFactory --  peer alternative names: [*.github.io, github.io, *.github.com, github.com, www.github.com, *.githubusercontent.com, githubusercontent.com]
10:31:53.797 [main] DEBUG org.apache.hc.client5.http.ssl.SSLConnectionSocketFactory --  issuer principal: CN=DigiCert TLS RSA SHA256 2020 CA1, O=DigiCert Inc, C=US
10:31:53.797 [main] DEBUG org.apache.hc.client5.http.impl.io.DefaultManagedHttpClientConnection -- http-outgoing-15 set socket timeout to 3 MINUTES
10:31:53.797 [main] DEBUG org.apache.hc.client5.http.impl.io.DefaultHttpClientConnectionOperator -- googlechromelabs.github.io:443 connected null->googlechromelabs.github.io/185.199.110.153:443 as http-outgoing-15
10:31:53.797 [main] DEBUG org.apache.hc.client5.http.impl.io.PoolingHttpClientConnectionManager -- ep-0000000016 connected http-outgoing-15
10:31:53.797 [main] DEBUG org.apache.hc.client5.http.impl.classic.InternalHttpClient -- ep-0000000016 endpoint connected
10:31:53.797 [main] DEBUG org.apache.hc.client5.http.impl.classic.MainClientExec -- ex-0000000016 executing GET /chrome-for-testing/LATEST_RELEASE_120.0.6099.63 HTTP/1.1
10:31:53.797 [main] DEBUG org.apache.hc.client5.http.protocol.RequestAddCookies -- ex-0000000016 Cookie spec selected: strict
10:31:53.798 [main] DEBUG org.apache.hc.client5.http.impl.classic.InternalHttpClient -- ep-0000000016 start execution ex-0000000016
10:31:53.798 [main] DEBUG org.apache.hc.client5.http.impl.io.PoolingHttpClientConnectionManager -- ep-0000000016 executing exchange ex-0000000016 over http-outgoing-15
10:31:53.798 [main] DEBUG org.apache.hc.client5.http.headers -- http-outgoing-15 >> GET /chrome-for-testing/LATEST_RELEASE_120.0.6099.63 HTTP/1.1
10:31:53.798 [main] DEBUG org.apache.hc.client5.http.headers -- http-outgoing-15 >> user-agent: Apache-HttpClient/5.0
10:31:53.798 [main] DEBUG org.apache.hc.client5.http.headers -- http-outgoing-15 >> accept-encoding: gzip, deflate, br
10:31:53.798 [main] DEBUG org.apache.hc.client5.http.headers -- http-outgoing-15 >> cache-control: max-age=0
10:31:53.798 [main] DEBUG org.apache.hc.client5.http.headers -- http-outgoing-15 >> connection: keep-alive
10:31:53.798 [main] DEBUG org.apache.hc.client5.http.headers -- http-outgoing-15 >> Host: googlechromelabs.github.io
10:31:53.798 [main] DEBUG org.apache.hc.client5.http.wire -- http-outgoing-15 >> "GET /chrome-for-testing/LATEST_RELEASE_120.0.6099.63 HTTP/1.1[\r][\n]"
10:31:53.798 [main] DEBUG org.apache.hc.client5.http.wire -- http-outgoing-15 >> "user-agent: Apache-HttpClient/5.0[\r][\n]"
10:31:53.798 [main] DEBUG org.apache.hc.client5.http.wire -- http-outgoing-15 >> "accept-encoding: gzip, deflate, br[\r][\n]"
10:31:53.798 [main] DEBUG org.apache.hc.client5.http.wire -- http-outgoing-15 >> "cache-control: max-age=0[\r][\n]"
10:31:53.798 [main] DEBUG org.apache.hc.client5.http.wire -- http-outgoing-15 >> "connection: keep-alive[\r][\n]"
10:31:53.798 [main] DEBUG org.apache.hc.client5.http.wire -- http-outgoing-15 >> "Host: googlechromelabs.github.io[\r][\n]"
10:31:53.798 [main] DEBUG org.apache.hc.client5.http.wire -- http-outgoing-15 >> "[\r][\n]"
10:31:53.840 [main] DEBUG org.apache.hc.client5.http.wire -- http-outgoing-15 << "HTTP/1.1 404 Not Found[\r][\n]"
10:31:53.840 [main] DEBUG org.apache.hc.client5.http.wire -- http-outgoing-15 << "Connection: keep-alive[\r][\n]"
10:31:53.840 [main] DEBUG org.apache.hc.client5.http.wire -- http-outgoing-15 << "Content-Length: 5254[\r][\n]"
10:31:53.840 [main] DEBUG org.apache.hc.client5.http.wire -- http-outgoing-15 << "Server: GitHub.com[\r][\n]"
10:31:53.840 [main] DEBUG org.apache.hc.client5.http.wire -- http-outgoing-15 << "Content-Type: text/html; charset=utf-8[\r][\n]"
10:31:53.840 [main] DEBUG org.apache.hc.client5.http.wire -- http-outgoing-15 << "permissions-policy: interest-cohort=()[\r][\n]"
10:31:53.840 [main] DEBUG org.apache.hc.client5.http.wire -- http-outgoing-15 << "x-origin-cache: HIT[\r][\n]"
10:31:53.840 [main] DEBUG org.apache.hc.client5.http.wire -- http-outgoing-15 << "Access-Control-Allow-Origin: *[\r][\n]"
10:31:53.840 [main] DEBUG org.apache.hc.client5.http.wire -- http-outgoing-15 << "Strict-Transport-Security: max-age=31556952[\r][\n]"
10:31:53.840 [main] DEBUG org.apache.hc.client5.http.wire -- http-outgoing-15 << "ETag: W/"64d39a40-24a3"[\r][\n]"
10:31:53.840 [main] DEBUG org.apache.hc.client5.http.wire -- http-outgoing-15 << "Content-Security-Policy: default-src 'none'; style-src 'unsafe-inline'; img-src data:; connect-src 'self'[\r][\n]"
10:31:53.840 [main] DEBUG org.apache.hc.client5.http.wire -- http-outgoing-15 << "Content-Encoding: gzip[\r][\n]"
10:31:53.840 [main] DEBUG org.apache.hc.client5.http.wire -- http-outgoing-15 << "x-proxy-cache: MISS[\r][\n]"
10:31:53.840 [main] DEBUG org.apache.hc.client5.http.wire -- http-outgoing-15 << "X-GitHub-Request-Id: D770:36888F:8DAD80:90719A:658D4063[\r][\n]"
10:31:53.840 [main] DEBUG org.apache.hc.client5.http.wire -- http-outgoing-15 << "Accept-Ranges: bytes[\r][\n]"
10:31:53.840 [main] DEBUG org.apache.hc.client5.http.wire -- http-outgoing-15 << "Date: Thu, 28 Dec 2023 09:31:55 GMT[\r][\n]"
10:31:53.840 [main] DEBUG org.apache.hc.client5.http.wire -- http-outgoing-15 << "Via: 1.1 varnish[\r][\n]"
10:31:53.840 [main] DEBUG org.apache.hc.client5.http.wire -- http-outgoing-15 << "Age: 39[\r][\n]"
10:31:53.840 [main] DEBUG org.apache.hc.client5.http.wire -- http-outgoing-15 << "X-Served-By: cache-mad22079-MAD[\r][\n]"
10:31:53.840 [main] DEBUG org.apache.hc.client5.http.wire -- http-outgoing-15 << "X-Cache: HIT[\r][\n]"
10:31:53.840 [main] DEBUG org.apache.hc.client5.http.wire -- http-outgoing-15 << "X-Cache-Hits: 1[\r][\n]"
10:31:53.840 [main] DEBUG org.apache.hc.client5.http.wire -- http-outgoing-15 << "X-Timer: S1703755915.329207,VS0,VE1[\r][\n]"
10:31:53.840 [main] DEBUG org.apache.hc.client5.http.wire -- http-outgoing-15 << "Vary: Accept-Encoding[\r][\n]"
10:31:53.840 [main] DEBUG org.apache.hc.client5.http.wire -- http-outgoing-15 << "X-Fastly-Request-ID: 5906fd4ef12c212721bf18f0d53e03fa5a379b0c[\r][\n]"
10:31:53.840 [main] DEBUG org.apache.hc.client5.http.wire -- http-outgoing-15 << "[\r][\n]"
10:31:53.840 [main] DEBUG org.apache.hc.client5.http.headers -- http-outgoing-15 << HTTP/1.1 404 Not Found
10:31:53.841 [main] DEBUG org.apache.hc.client5.http.headers -- http-outgoing-15 << Connection: keep-alive
10:31:53.841 [main] DEBUG org.apache.hc.client5.http.headers -- http-outgoing-15 << Content-Length: 5254
10:31:53.841 [main] DEBUG org.apache.hc.client5.http.headers -- http-outgoing-15 << Server: GitHub.com
10:31:53.841 [main] DEBUG org.apache.hc.client5.http.headers -- http-outgoing-15 << Content-Type: text/html; charset=utf-8
10:31:53.841 [main] DEBUG org.apache.hc.client5.http.headers -- http-outgoing-15 << permissions-policy: interest-cohort=()
10:31:53.841 [main] DEBUG org.apache.hc.client5.http.headers -- http-outgoing-15 << x-origin-cache: HIT
10:31:53.841 [main] DEBUG org.apache.hc.client5.http.headers -- http-outgoing-15 << Access-Control-Allow-Origin: *
10:31:53.841 [main] DEBUG org.apache.hc.client5.http.headers -- http-outgoing-15 << Strict-Transport-Security: max-age=31556952
10:31:53.841 [main] DEBUG org.apache.hc.client5.http.headers -- http-outgoing-15 << ETag: W/"64d39a40-24a3"
10:31:53.841 [main] DEBUG org.apache.hc.client5.http.headers -- http-outgoing-15 << Content-Security-Policy: default-src 'none'; style-src 'unsafe-inline'; img-src data:; connect-src 'self'
10:31:53.841 [main] DEBUG org.apache.hc.client5.http.headers -- http-outgoing-15 << Content-Encoding: gzip
10:31:53.841 [main] DEBUG org.apache.hc.client5.http.headers -- http-outgoing-15 << x-proxy-cache: MISS
10:31:53.841 [main] DEBUG org.apache.hc.client5.http.headers -- http-outgoing-15 << X-GitHub-Request-Id: D770:36888F:8DAD80:90719A:658D4063
10:31:53.841 [main] DEBUG org.apache.hc.client5.http.headers -- http-outgoing-15 << Accept-Ranges: bytes
10:31:53.841 [main] DEBUG org.apache.hc.client5.http.headers -- http-outgoing-15 << Date: Thu, 28 Dec 2023 09:31:55 GMT
10:31:53.841 [main] DEBUG org.apache.hc.client5.http.headers -- http-outgoing-15 << Via: 1.1 varnish
10:31:53.841 [main] DEBUG org.apache.hc.client5.http.headers -- http-outgoing-15 << Age: 39
10:31:53.841 [main] DEBUG org.apache.hc.client5.http.headers -- http-outgoing-15 << X-Served-By: cache-mad22079-MAD
10:31:53.841 [main] DEBUG org.apache.hc.client5.http.headers -- http-outgoing-15 << X-Cache: HIT
10:31:53.841 [main] DEBUG org.apache.hc.client5.http.headers -- http-outgoing-15 << X-Cache-Hits: 1
10:31:53.841 [main] DEBUG org.apache.hc.client5.http.headers -- http-outgoing-15 << X-Timer: S1703755915.329207,VS0,VE1
10:31:53.841 [main] DEBUG org.apache.hc.client5.http.headers -- http-outgoing-15 << Vary: Accept-Encoding
10:31:53.841 [main] DEBUG org.apache.hc.client5.http.headers -- http-outgoing-15 << X-Fastly-Request-ID: 5906fd4ef12c212721bf18f0d53e03fa5a379b0c
10:31:53.841 [main] DEBUG org.apache.hc.client5.http.impl.classic.MainClientExec -- ex-0000000016 connection can be kept alive for 3 MINUTES
10:31:53.841 [main] ERROR io.github.bonigarcia.wdm.online.HttpClient -- Error HTTP 404 executing https://googlechromelabs.github.io/chrome-for-testing/LATEST_RELEASE_120.0.6099.63
10:31:53.841 [main] WARN io.github.bonigarcia.wdm.versions.VersionDetector -- Exception reading https://googlechromelabs.github.io/chrome-for-testing/LATEST_RELEASE_120.0.6099.63 to get latest version of chromedriver (Error HTTP 404 executing https://googlechromelabs.github.io/chrome-for-testing/LATEST_RELEASE_120.0.6099.63)
10:31:53.842 [main] DEBUG io.github.bonigarcia.wdm.versions.VersionDetector -- Getting driver version for chrome120.0.6099.63 from online versions.properties
10:31:53.844 [main] DEBUG org.apache.hc.client5.http.impl.classic.InternalHttpClient -- ex-0000000017 preparing request execution
10:31:53.844 [main] DEBUG org.apache.hc.client5.http.impl.classic.ProtocolExec -- ex-0000000017 target auth state: UNCHALLENGED
10:31:53.844 [main] DEBUG org.apache.hc.client5.http.impl.classic.ProtocolExec -- ex-0000000017 proxy auth state: UNCHALLENGED
10:31:53.844 [main] DEBUG org.apache.hc.client5.http.impl.classic.ConnectExec -- ex-0000000017 acquiring connection with route {s}->https://raw.githubusercontent.com:443
10:31:53.844 [main] DEBUG org.apache.hc.client5.http.impl.classic.InternalHttpClient -- ex-0000000017 acquiring endpoint (3 MINUTES)
10:31:53.844 [main] DEBUG org.apache.hc.client5.http.impl.io.PoolingHttpClientConnectionManager -- ex-0000000017 endpoint lease request (3 MINUTES) [route: {s}->https://raw.githubusercontent.com:443][total available: 0; route allocated: 0 of 5; total allocated: 1 of 25]
10:31:53.844 [main] DEBUG org.apache.hc.client5.http.impl.io.PoolingHttpClientConnectionManager -- ex-0000000017 endpoint leased [route: {s}->https://raw.githubusercontent.com:443][total available: 0; route allocated: 1 of 5; total allocated: 2 of 25]
10:31:53.844 [main] DEBUG org.apache.hc.client5.http.impl.io.PoolingHttpClientConnectionManager -- ex-0000000017 acquired ep-0000000017
10:31:53.844 [main] DEBUG org.apache.hc.client5.http.impl.classic.InternalHttpClient -- ex-0000000017 acquired endpoint ep-0000000017
10:31:53.844 [main] DEBUG org.apache.hc.client5.http.impl.classic.ConnectExec -- ex-0000000017 opening connection {s}->https://raw.githubusercontent.com:443
10:31:53.844 [main] DEBUG org.apache.hc.client5.http.impl.classic.InternalHttpClient -- ep-0000000017 connecting endpoint (null)
10:31:53.844 [main] DEBUG org.apache.hc.client5.http.impl.io.PoolingHttpClientConnectionManager -- ep-0000000017 connecting endpoint to https://raw.githubusercontent.com:443 (30 SECONDS)
10:31:53.844 [main] DEBUG org.apache.hc.client5.http.impl.io.DefaultHttpClientConnectionOperator -- raw.githubusercontent.com resolving remote address
10:31:53.845 [main] DEBUG org.apache.hc.client5.http.impl.io.DefaultHttpClientConnectionOperator -- raw.githubusercontent.com resolved to [raw.githubusercontent.com/185.199.109.133, raw.githubusercontent.com/185.199.110.133, raw.githubusercontent.com/185.199.108.133, raw.githubusercontent.com/185.199.111.133]
10:31:53.845 [main] DEBUG org.apache.hc.client5.http.impl.io.DefaultHttpClientConnectionOperator -- raw.githubusercontent.com:443 connecting null->raw.githubusercontent.com/185.199.109.133:443 (30 SECONDS)
10:31:53.845 [main] DEBUG org.apache.hc.client5.http.ssl.SSLConnectionSocketFactory -- Connecting socket to raw.githubusercontent.com/185.199.109.133:443 with timeout 30 SECONDS
10:31:53.884 [main] DEBUG org.apache.hc.client5.http.ssl.SSLConnectionSocketFactory -- Enabled protocols: [TLSv1.3, TLSv1.2]
10:31:53.885 [main] DEBUG org.apache.hc.client5.http.ssl.SSLConnectionSocketFactory -- Enabled cipher suites: [TLS_AES_256_GCM_SHA384, TLS_AES_128_GCM_SHA256, TLS_CHACHA20_POLY1305_SHA256, TLS_ECDHE_ECDSA_WITH_AES_256_GCM_SHA384, TLS_ECDHE_ECDSA_WITH_AES_128_GCM_SHA256, TLS_ECDHE_ECDSA_WITH_CHACHA20_POLY1305_SHA256, TLS_ECDHE_RSA_WITH_AES_256_GCM_SHA384, TLS_ECDHE_RSA_WITH_CHACHA20_POLY1305_SHA256, TLS_ECDHE_RSA_WITH_AES_128_GCM_SHA256, TLS_DHE_RSA_WITH_AES_256_GCM_SHA384, TLS_DHE_RSA_WITH_CHACHA20_POLY1305_SHA256, TLS_DHE_DSS_WITH_AES_256_GCM_SHA384, TLS_DHE_RSA_WITH_AES_128_GCM_SHA256, TLS_DHE_DSS_WITH_AES_128_GCM_SHA256, TLS_ECDHE_ECDSA_WITH_AES_256_CBC_SHA384, TLS_ECDHE_RSA_WITH_AES_256_CBC_SHA384, TLS_ECDHE_ECDSA_WITH_AES_128_CBC_SHA256, TLS_ECDHE_RSA_WITH_AES_128_CBC_SHA256, TLS_DHE_RSA_WITH_AES_256_CBC_SHA256, TLS_DHE_DSS_WITH_AES_256_CBC_SHA256, TLS_DHE_RSA_WITH_AES_128_CBC_SHA256, TLS_DHE_DSS_WITH_AES_128_CBC_SHA256, TLS_ECDHE_ECDSA_WITH_AES_256_CBC_SHA, TLS_ECDHE_RSA_WITH_AES_256_CBC_SHA, TLS_ECDHE_ECDSA_WITH_AES_128_CBC_SHA, TLS_ECDHE_RSA_WITH_AES_128_CBC_SHA, TLS_DHE_RSA_WITH_AES_256_CBC_SHA, TLS_DHE_DSS_WITH_AES_256_CBC_SHA, TLS_DHE_RSA_WITH_AES_128_CBC_SHA, TLS_DHE_DSS_WITH_AES_128_CBC_SHA, TLS_RSA_WITH_AES_256_GCM_SHA384, TLS_RSA_WITH_AES_128_GCM_SHA256, TLS_RSA_WITH_AES_256_CBC_SHA256, TLS_RSA_WITH_AES_128_CBC_SHA256, TLS_RSA_WITH_AES_256_CBC_SHA, TLS_RSA_WITH_AES_128_CBC_SHA, TLS_EMPTY_RENEGOTIATION_INFO_SCSV]
10:31:53.887 [main] DEBUG org.apache.hc.client5.http.ssl.SSLConnectionSocketFactory -- Starting handshake (null)
10:31:53.944 [main] DEBUG org.apache.hc.client5.http.ssl.SSLConnectionSocketFactory -- Secure session established
10:31:53.944 [main] DEBUG org.apache.hc.client5.http.ssl.SSLConnectionSocketFactory --  negotiated protocol: TLSv1.3
10:31:53.944 [main] DEBUG org.apache.hc.client5.http.ssl.SSLConnectionSocketFactory --  negotiated cipher suite: TLS_AES_128_GCM_SHA256
10:31:53.944 [main] DEBUG org.apache.hc.client5.http.ssl.SSLConnectionSocketFactory --  peer principal: CN=*.github.io, O="GitHub, Inc.", L=San Francisco, ST=California, C=US
10:31:53.944 [main] DEBUG org.apache.hc.client5.http.ssl.SSLConnectionSocketFactory --  peer alternative names: [*.github.io, github.io, *.github.com, github.com, www.github.com, *.githubusercontent.com, githubusercontent.com]
10:31:53.944 [main] DEBUG org.apache.hc.client5.http.ssl.SSLConnectionSocketFactory --  issuer principal: CN=DigiCert TLS RSA SHA256 2020 CA1, O=DigiCert Inc, C=US
10:31:53.944 [main] DEBUG org.apache.hc.client5.http.impl.io.DefaultManagedHttpClientConnection -- http-outgoing-16 set socket timeout to 3 MINUTES
10:31:53.945 [main] DEBUG org.apache.hc.client5.http.impl.io.DefaultHttpClientConnectionOperator -- raw.githubusercontent.com:443 connected null->raw.githubusercontent.com/185.199.109.133:443 as http-outgoing-16
10:31:53.945 [main] DEBUG org.apache.hc.client5.http.impl.io.PoolingHttpClientConnectionManager -- ep-0000000017 connected http-outgoing-16
10:31:53.945 [main] DEBUG org.apache.hc.client5.http.impl.classic.InternalHttpClient -- ep-0000000017 endpoint connected
10:31:53.945 [main] DEBUG org.apache.hc.client5.http.impl.classic.MainClientExec -- ex-0000000017 executing GET /bonigarcia/webdrivermanager/master/src/main/resources/versions.properties HTTP/1.1
10:31:53.945 [main] DEBUG org.apache.hc.client5.http.protocol.RequestAddCookies -- ex-0000000017 Cookie spec selected: strict
10:31:53.945 [main] DEBUG org.apache.hc.client5.http.impl.classic.InternalHttpClient -- ep-0000000017 start execution ex-0000000017
10:31:53.945 [main] DEBUG org.apache.hc.client5.http.impl.io.PoolingHttpClientConnectionManager -- ep-0000000017 executing exchange ex-0000000017 over http-outgoing-16
10:31:53.945 [main] DEBUG org.apache.hc.client5.http.headers -- http-outgoing-16 >> GET /bonigarcia/webdrivermanager/master/src/main/resources/versions.properties HTTP/1.1
10:31:53.945 [main] DEBUG org.apache.hc.client5.http.headers -- http-outgoing-16 >> user-agent: Apache-HttpClient/5.0
10:31:53.945 [main] DEBUG org.apache.hc.client5.http.headers -- http-outgoing-16 >> accept-encoding: gzip, deflate, br
10:31:53.945 [main] DEBUG org.apache.hc.client5.http.headers -- http-outgoing-16 >> cache-control: max-age=0
10:31:53.946 [main] DEBUG org.apache.hc.client5.http.headers -- http-outgoing-16 >> connection: keep-alive
10:31:53.946 [main] DEBUG org.apache.hc.client5.http.headers -- http-outgoing-16 >> Host: raw.githubusercontent.com
10:31:53.946 [main] DEBUG org.apache.hc.client5.http.wire -- http-outgoing-16 >> "GET /bonigarcia/webdrivermanager/master/src/main/resources/versions.properties HTTP/1.1[\r][\n]"
10:31:53.946 [main] DEBUG org.apache.hc.client5.http.wire -- http-outgoing-16 >> "user-agent: Apache-HttpClient/5.0[\r][\n]"
10:31:53.946 [main] DEBUG org.apache.hc.client5.http.wire -- http-outgoing-16 >> "accept-encoding: gzip, deflate, br[\r][\n]"
10:31:53.946 [main] DEBUG org.apache.hc.client5.http.wire -- http-outgoing-16 >> "cache-control: max-age=0[\r][\n]"
10:31:53.946 [main] DEBUG org.apache.hc.client5.http.wire -- http-outgoing-16 >> "connection: keep-alive[\r][\n]"
10:31:53.946 [main] DEBUG org.apache.hc.client5.http.wire -- http-outgoing-16 >> "Host: raw.githubusercontent.com[\r][\n]"
10:31:53.946 [main] DEBUG org.apache.hc.client5.http.wire -- http-outgoing-16 >> "[\r][\n]"
10:31:53.984 [main] DEBUG org.apache.hc.client5.http.wire -- http-outgoing-16 << "HTTP/1.1 200 OK[\r][\n]"
10:31:53.984 [main] DEBUG org.apache.hc.client5.http.wire -- http-outgoing-16 << "Connection: keep-alive[\r][\n]"
10:31:53.984 [main] DEBUG org.apache.hc.client5.http.wire -- http-outgoing-16 << "Content-Length: 1653[\r][\n]"
10:31:53.984 [main] DEBUG org.apache.hc.client5.http.wire -- http-outgoing-16 << "Cache-Control: max-age=300[\r][\n]"
10:31:53.984 [main] DEBUG org.apache.hc.client5.http.wire -- http-outgoing-16 << "Content-Security-Policy: default-src 'none'; style-src 'unsafe-inline'; sandbox[\r][\n]"
10:31:53.984 [main] DEBUG org.apache.hc.client5.http.wire -- http-outgoing-16 << "Content-Type: text/plain; charset=utf-8[\r][\n]"
10:31:53.984 [main] DEBUG org.apache.hc.client5.http.wire -- http-outgoing-16 << "ETag: W/"de56f96e4580ae55450ed6a794662cbdb2b39827f9709095aa3e1e7f6914629d"[\r][\n]"
10:31:53.984 [main] DEBUG org.apache.hc.client5.http.wire -- http-outgoing-16 << "Strict-Transport-Security: max-age=31536000[\r][\n]"
10:31:53.984 [main] DEBUG org.apache.hc.client5.http.wire -- http-outgoing-16 << "X-Content-Type-Options: nosniff[\r][\n]"
10:31:53.984 [main] DEBUG org.apache.hc.client5.http.wire -- http-outgoing-16 << "X-Frame-Options: deny[\r][\n]"
10:31:53.984 [main] DEBUG org.apache.hc.client5.http.wire -- http-outgoing-16 << "X-XSS-Protection: 1; mode=block[\r][\n]"
10:31:53.984 [main] DEBUG org.apache.hc.client5.http.wire -- http-outgoing-16 << "X-GitHub-Request-Id: D5BE:3DFCCC:2516CE:27975C:658D16A0[\r][\n]"
10:31:53.984 [main] DEBUG org.apache.hc.client5.http.wire -- http-outgoing-16 << "Content-Encoding: gzip[\r][\n]"
10:31:53.984 [main] DEBUG org.apache.hc.client5.http.wire -- http-outgoing-16 << "Accept-Ranges: bytes[\r][\n]"
10:31:53.984 [main] DEBUG org.apache.hc.client5.http.wire -- http-outgoing-16 << "Date: Thu, 28 Dec 2023 09:31:55 GMT[\r][\n]"
10:31:53.984 [main] DEBUG org.apache.hc.client5.http.wire -- http-outgoing-16 << "Via: 1.1 varnish[\r][\n]"
10:31:53.984 [main] DEBUG org.apache.hc.client5.http.wire -- http-outgoing-16 << "X-Served-By: cache-mad2200099-MAD[\r][\n]"
10:31:53.984 [main] DEBUG org.apache.hc.client5.http.wire -- http-outgoing-16 << "X-Cache: HIT[\r][\n]"
10:31:53.984 [main] DEBUG org.apache.hc.client5.http.wire -- http-outgoing-16 << "X-Cache-Hits: 1[\r][\n]"
10:31:53.984 [main] DEBUG org.apache.hc.client5.http.wire -- http-outgoing-16 << "X-Timer: S1703755915.476097,VS0,VE1[\r][\n]"
10:31:53.984 [main] DEBUG org.apache.hc.client5.http.wire -- http-outgoing-16 << "Vary: Authorization,Accept-Encoding,Origin[\r][\n]"
10:31:53.984 [main] DEBUG org.apache.hc.client5.http.wire -- http-outgoing-16 << "Access-Control-Allow-Origin: *[\r][\n]"
10:31:53.984 [main] DEBUG org.apache.hc.client5.http.wire -- http-outgoing-16 << "Cross-Origin-Resource-Policy: cross-origin[\r][\n]"
10:31:53.984 [main] DEBUG org.apache.hc.client5.http.wire -- http-outgoing-16 << "X-Fastly-Request-ID: 59f96f1d5016b1750e21354c0d39800bbd92a0ae[\r][\n]"
10:31:53.984 [main] DEBUG org.apache.hc.client5.http.wire -- http-outgoing-16 << "Expires: Thu, 28 Dec 2023 09:36:55 GMT[\r][\n]"
10:31:53.984 [main] DEBUG org.apache.hc.client5.http.wire -- http-outgoing-16 << "Source-Age: 39[\r][\n]"
10:31:53.984 [main] DEBUG org.apache.hc.client5.http.wire -- http-outgoing-16 << "[\r][\n]"
10:31:53.985 [main] DEBUG org.apache.hc.client5.http.headers -- http-outgoing-16 << HTTP/1.1 200 OK
10:31:53.985 [main] DEBUG org.apache.hc.client5.http.headers -- http-outgoing-16 << Connection: keep-alive
10:31:53.985 [main] DEBUG org.apache.hc.client5.http.headers -- http-outgoing-16 << Content-Length: 1653
10:31:53.985 [main] DEBUG org.apache.hc.client5.http.headers -- http-outgoing-16 << Cache-Control: max-age=300
10:31:53.985 [main] DEBUG org.apache.hc.client5.http.headers -- http-outgoing-16 << Content-Security-Policy: default-src 'none'; style-src 'unsafe-inline'; sandbox
10:31:53.985 [main] DEBUG org.apache.hc.client5.http.headers -- http-outgoing-16 << Content-Type: text/plain; charset=utf-8
10:31:53.985 [main] DEBUG org.apache.hc.client5.http.headers -- http-outgoing-16 << ETag: W/"de56f96e4580ae55450ed6a794662cbdb2b39827f9709095aa3e1e7f6914629d"
10:31:53.985 [main] DEBUG org.apache.hc.client5.http.headers -- http-outgoing-16 << Strict-Transport-Security: max-age=31536000
10:31:53.985 [main] DEBUG org.apache.hc.client5.http.headers -- http-outgoing-16 << X-Content-Type-Options: nosniff
10:31:53.985 [main] DEBUG org.apache.hc.client5.http.headers -- http-outgoing-16 << X-Frame-Options: deny
10:31:53.985 [main] DEBUG org.apache.hc.client5.http.headers -- http-outgoing-16 << X-XSS-Protection: 1; mode=block
10:31:53.985 [main] DEBUG org.apache.hc.client5.http.headers -- http-outgoing-16 << X-GitHub-Request-Id: D5BE:3DFCCC:2516CE:27975C:658D16A0
10:31:53.985 [main] DEBUG org.apache.hc.client5.http.headers -- http-outgoing-16 << Content-Encoding: gzip
10:31:53.985 [main] DEBUG org.apache.hc.client5.http.headers -- http-outgoing-16 << Accept-Ranges: bytes
10:31:53.985 [main] DEBUG org.apache.hc.client5.http.headers -- http-outgoing-16 << Date: Thu, 28 Dec 2023 09:31:55 GMT
10:31:53.985 [main] DEBUG org.apache.hc.client5.http.headers -- http-outgoing-16 << Via: 1.1 varnish
10:31:53.985 [main] DEBUG org.apache.hc.client5.http.headers -- http-outgoing-16 << X-Served-By: cache-mad2200099-MAD
10:31:53.985 [main] DEBUG org.apache.hc.client5.http.headers -- http-outgoing-16 << X-Cache: HIT
10:31:53.986 [main] DEBUG org.apache.hc.client5.http.headers -- http-outgoing-16 << X-Cache-Hits: 1
10:31:53.986 [main] DEBUG org.apache.hc.client5.http.headers -- http-outgoing-16 << X-Timer: S1703755915.476097,VS0,VE1
10:31:53.986 [main] DEBUG org.apache.hc.client5.http.headers -- http-outgoing-16 << Vary: Authorization,Accept-Encoding,Origin
10:31:53.986 [main] DEBUG org.apache.hc.client5.http.headers -- http-outgoing-16 << Access-Control-Allow-Origin: *
10:31:53.986 [main] DEBUG org.apache.hc.client5.http.headers -- http-outgoing-16 << Cross-Origin-Resource-Policy: cross-origin
10:31:53.986 [main] DEBUG org.apache.hc.client5.http.headers -- http-outgoing-16 << X-Fastly-Request-ID: 59f96f1d5016b1750e21354c0d39800bbd92a0ae
10:31:53.986 [main] DEBUG org.apache.hc.client5.http.headers -- http-outgoing-16 << Expires: Thu, 28 Dec 2023 09:36:55 GMT
10:31:53.986 [main] DEBUG org.apache.hc.client5.http.headers -- http-outgoing-16 << Source-Age: 39
10:31:53.986 [main] DEBUG org.apache.hc.client5.http.impl.classic.MainClientExec -- ex-0000000017 connection can be kept alive for 3 MINUTES
10:31:53.988 [main] DEBUG org.apache.hc.client5.http.wire -- http-outgoing-16 << "[0x1f][0xffffff8b][0x8][0x0][0x0][0x0][0x0][0x0][0x0][0x3][0xffffff8d][0xffffff97]Mo[0xffffffe3]6[0x10][0xffffff86][0xffffffef][0xfffffff9][0x15][0x2]z[0xffffff8e][0xffffffcc][0xffffffcf]![0x19][0xffffff80][0xffffff97]~[0xffffff9e][0xffffff8a][0x1e][0xffffffda]?[0xffffffe0][0xffffffb5][0xffffff95]DX[0xffffffc7][\n]"
10:31:53.988 [main] DEBUG org.apache.hc.client5.http.wire -- http-outgoing-16 << "lg[0xffffffb3][0xffffffe8][0xffffffaf][0xffffffef][0xc][0xffffffc9][0xffffffa1]h[0xffffffaa][0x5]z[0x8]v[0xffffffe7][0xffffffb1]D[0xffffffce][0xffffff90][0xffffffd4][0xffffffcb]w~[0x18][0xfffffffe]z[0xffffff9d][0xffffffaf][0xffffffc3][0xfffffff3]|[0xffffff9a][0xffffff86][0xffffffc3]r[0xffffffbe][0xffffffed][0xffffffe7][0xfffffff3]u[0xffffffb8][0xffffffbd]N[0xffffffc3][0xffffffd7][0xfffffff3][0xfffffff2]y[0x1e][0xffffff8e][0xffffff97][0xfffffff9][0xffffffdb]t[0x19][0xfffffff0][0xffffffef]:/[0xfffffff8][0xffffffcb]ay{[0xffffffdf][0xffffffdf][0xffffffe6]/[0xfffffff8][0xfffffff4][0xffffffe7]|{MO[0x1e][0xffffff96][0xffffffcb]e[0xffffffba][0xffffffbe]/[0xffffffe7][0xffffffe3]|~[0x19][0xffffffbe]\[0xffffff96][0xffffffcf][0xffffffeb][0xfffffffa][0xffffffca][0xffffffc3][0xffffffc3][0xf][0xffffffc3][0xffffff8f][0x19]=[\r][0xffffffbf]-[0xffffffcb][0xb][0xffffffbe][0xfffffff9][0xffffffd3][0xffffffeb]ey[0xffffff9b][0xffffff86][0xfffffffd][0xfffffff9][0xffffff98][0xffffffff];[0x7f][0xffffffbc][\r][0xffffff8f][0xffffffc3][0xffffffcf]i[0xffffffaa][0xffffffa7][0xffffffe1][0xffffff90]~[0xffffffcd][0x13][0xffffffe3][0xffffffcb][0x7f].[0x1f][0xffffff97][0xffffffc3][0xfffffff4]4[0xffffffbc][0xffffffde]n[0xffffffef]O[0xffffffbb]][0xfffffffb][0xffffffeb]x(o[0xffffff8f][0xffffffcb][0xffffffe5]ew[0xffffffc4]|O[0xffffffcb][0xfffffffe]x}[0xffffffc8][0xffffffcf]Hi"[0xfffffffe][0xffffff8d]b[0xffffffb4]N[0xffffffdb]1[0xffffff88][0xffffffca]5rM[0x1c][0xffffff9c][0x1a]AW[0xffffffae][0xffffff90][0xffffffab][0xffffffc4][0xffffffa5][0x1d]M[0xffffffa8]\"[0xffffff97][0xffffffc4]-[0xffffffe8][0x11]L[0xffffffe5][0x2][0xffffffb9] n[0xffffffbc][0x1c][0xffffff9d]c.B[0xffffffc4][0xffffffbf][0xffffffc4]qzW[0xffffff9f][0x17][0x1e][0xffffffb9]'[0xffffffae]m[0x18][0xffffff9d][0xffffffac][0xffffffdc]!w[0xffffff89][0xb]3[0xffffff82][0xffffffaa][0x1c][0xffffff90][0x3]qe[0xffffffc2][0x8][0xffffffeb][0xfffffff3][0x16][0xffffffb9]%.[0xffffff83][0xffffffc5][0x1f]+[0xffffffc7]zE[0xffffffaa][0xffffff97][0xffffffca]p5[0x7f][0xffffff81][0xfffffff5][0xffffff8a]T[0xffffffaf][0x0]1J[0xffffffbd]&[0xffffff84][0x5][0xffffff8b]T[0xffffffb0][0xffffffc0][0xfffffff1][0xffffff9a][0x9][0xffffffb0]`A[0x5][0xffffff9b]`[0xffffffe5]hV[0xffffff8e][0x5][0xb]*[0xffffffd8][0xfffffff8][0x0]#[0xfffffff0][0xffffff82][0xffffff86][0x10]CH[0xffffffd4][0x18][0xffffff9c][0xffffff9b][0xffffffa9][0xffffff8f][0xffffff81][0xffffff8a]5[0xffffffce][0xfffffffa][0x11][0xffffffa7]a[0xffffffec]b[0xffffffa0]Z[\r][0x4][0xffffffb5][0xffffffae]A[0xffffff80][0x18] Q0[0xffffffa3][0xffffffb1]Lm[0xc]6Q[0xffffffed]G[0xffffffe0]z[0xffffff82][0xffffff89][0xffffffc1]$[0xffffff8a][0xffffff8b][0xffffff83][0x1b][0xffffffc9]X[0xffffffc7]@E[0x1a][0xffffffeb][0xffffffdc][0xffffffba][0xffffffa9]A[0xffffffc5][0xffffffa0][0x12][0xffffffc5]-[0xffffffc5]Uf,cH[0x5][0x1a]<[0x1]X+c[0x11]C[0xffffffaa][0xffffffcf]h1*^'[0x1f][0xffffffa2]O[0xfffffff5]i[0xfffffffc]G[0xfffffff1][0xffffffc8][0xffffffde]G[0xffffff9f][0xffffffea][0xffffffd3][0xffffffca][0xffffff8c][0x1][0xffffff98][0xffffffba][0xffffffe8]Sy[0xffffffca][0xffffff8b][0xffffffd1]{[0xffffffa6][0x10]}*O[0x19][0x1c][0xffffff97][0xffffff97][0xffffffc2][0xffffffdb][0xffffffe8]Sy[0xffffffd2][0xffffffeb][0xffffffd1]sj[0xffffffde]D[0xffffff9f][0xffffffca][0xffffff93][0xffffffc6][0xffffff8d][0xffffff9a][0xffffffd7][0xffffffd8][0xffffffeb][0xffffffe8]Su[0xffffffb4][0xffffff93][0xffffff9a][0xffffff97][0xffffffc2][0xffffffcb][0xffffffe8]S[0x19][0x2]W^[0xffffffea]:[0xffffff9d][0xffffff88][0xffffff9e][0xffffffca][0xffffffd0][0x1]s[0xffffffc1]#T[0xffffffb0][0xb][0xffffffd1][0xffffff85][0xffffff84][0xffffff8d][0x1d]u[0xffffffa5]>:[0xffffff9f]([0xffffff9e][0x1d]<W[0xffffff8c]]tT[0xffffff88][0xfffffff6][0xffffff80][0xffffffdf][0x2][0xffffffa7][0xffffffe1] :H[0x14][0xf][0xffffffb8]Tu[0xc][0x1b][0x1d]U[0xffffffa2][0xffffff9d][0xffffffc3][0x3][0xffffffb6]>m[0xffffffa2]3[0x9]+<[0xffffffbf][0xc]utT[0xffffff89][0x6],[0x8]8e[0xffffffa7][0xffffffa2][0xffffffc2][0x1d][0xffffffe5]H[0xffffffde]E[0xffffff82]"N[0xc][0x2]E[0xffffffbc]7[0xffffffe0])[0xffffffe2][0x15][0x5]G[0x11][0xffffffef]&[0x0]E[0xffffff9c][0xc]X[0xffffff8c][0xffffffea][0x12][0xffffff81][0xffffffa1][0xffffff88][0xffffffd7][0x1c]4E<[0x1f]P.[0xffffffba][0xffffffce]G[0xffffffb9][0xffffffd4]o[0x6]([0x17][0xffffffad][0xffffffef]T[0xffffffed][0xfffffff7][0xffffffe5][0xffffffef][0xfffffff9]t[0xffffffda][0xf][0xffffffbf][0xffffffce][0xffffff97][0xffffffe9]y[0xfffffff9][0xffffffde]H[0xffffffd9][0xffffffcb]t[0xfffffff8][0xffffffba][0xfffffffc][0xffffffab][0xffffff92]]Q[0xffffffca]^P@?[0xffffffbe][0xffffff8c]([0xffffffa9][0xffffffbb][0xffffffb7]<[0xffffffc4][0xffffffae]yaw[0xffffff99]N[0xffffffd3][0xfffffffe]:][0x1f][0xffffff9e][0xfffffff3][0xffffffb8]R[0xffffff89][0xffffff88][0xffffffcb][0xffffff86]kW[0xffffff89][0xc][0x1b][0xffffffe2]7[0xffffffc4]m[0x8]l[0xffffff88][0xffffffdd][0x10][0xffffffb3]!zC[0xffffffd4][0xffffff86][0xffffffc8][\r]I9[0xffffffab]QU"B&[0xffffffeb]3[0xffffffc2]o[0xffffff88][0xffffffdb][0x10][0xffffffd8][0x10][0xffffffbb]!)g[0xffffffd9][0x12][0xffffffbd]!jC[0xffffffe4][0xffffff86][0xffffff88][0xffffff8e][0xffffff84][0xffffffd0][0x3][0xffffffdf][0x3][0xffffffd7][0x3][0xffffffe8][0xffffff81][0xffffffed]A[0xffffff9f]m[0xffffffe8][0xffffff93][\r]}[0xffffffae][0xffffffa1]O5P[0xffffffa6][0xfffffff8]m5`<[0xffffffcd][0xffffffe7][0xffffff8f][0xffffffef][0x19]K[0xffffffc6]>t[0xffffffcf]y[0xffffffdf][0x3][0xffffffd7][0x3][0xffffffe8][0xffffff81][0xffffffed][0xffffff81][0xffffffe9][0x1][0x15][0xffffffa0]|[0x3]T[0xf][0xffffffa8][0x0][0xffffffe5][0x1a] :[0xffffffe0]B[0xf]R[0xffffffa6][0xffffffd0][0x0][0xffffffd7][0x3][0xffffffe8][0xffffff81][0xffffffed][0xffffff81][0xffffffe9][0xffffff81][0xffffffee][0xffffff81][0xffffffea][0xffffff81][0xffffffec][0xffffff81][0xffffffe8][0x0][0xffffff84][0x1e][0xffffffa4]Lm[0x3]R[0xffffffa6][0xffffffa6][0x1][0xffffffd0][0x3][0xffffffdb][0xffffff83][0xffffff94]i[0xfffffff3][0x1][0xffffff81][0xffffffee]A[0xffffffca][0xffffffb4]9[0xfffffff6][0xffffff90]2m[0xe][0x5][0xffffff88][0xe][0xffffffd8][0xffffffd0][0x3][0xffffffdf][0x3][0xffffffd7][0xffffff83][0xffffff94][0xffffffa9]h[0xffffff80]e[0xffffffd0]*[0xffffffdf][0x1f][0xffffffef][0xffffffd3]e[0xffffffdf][0xffffffe8][0xffffffdd]B[0xfffffff1][0xffffffff][0xffffffd1][0xffffffbb][0xfffffff4][0xffffffe0]uy[0xffffffbe]}[0xffffffee]/S[0xffffff8e][0xffffffd8][0xffffffcb][0xfffffff5][0xffffffea][0xffffff97]~L[0xffffff9e]G[0xffffffd2][0xffffffe5][0x5][0x2]//[0xffffff89]ws[0xffffffe1][0xffffffe4][0xfffffff1][0xffffff92][0xffffffa7][\n]"
10:31:53.988 [main] DEBUG org.apache.hc.client5.http.wire -- http-outgoing-16 << "x[0xfffffffb][0xfffffffb][0xffffffc0][0xffffff98],^[0xffffffb2]T[0x1][0xffffffad][0xffffff83][0xffffffd4][0xffffff8a]9Y[0xffffffbc]d[0xffffffa9]<[0xe][0x13][0x1c]crx[0xffffffc9]Q9[0xfffffffc][0xffffff82]$[0xffffffda][0xffffff92][0xffffffc2]E[0xffffffeb] Q[0xffffffcc]2G=h[0xc][0xffffffa4]Te[0x18]T[0xffffff85][0xffffffc6]?z[0xffffffa6][0xffffffee][0xffffffce]=[0xffffffda]B[0xffffffa1][0xfffffff5][0xffffff8e]8Q[0xffffffc1][0xffffffb6][0xffffffb5][0xffffff8e][0xffffffa8][0xfffffff8][0x5][0xffffff9b][0xffffffd6]9[0xffffff86]Re[0xffffffd0][0xffffffad]oD[0xffffffb3][0xffffff91][0xffffffa9]j]#.Z[0xffffffc1][0xffffffb2]5[0xffffff8d][0xffffffe4][0xffffffc7]2[0x16][0xffffffad]g[0xfffffff4][0xffffffa5]p[0x1f]Z[0xffffffc7][0x8]P[0xffffffa8][0xffffffef][0xffffffec]b[0xffffffa6][0xffffffae]5[0xffffff8b]P6[0xffffffc6]Ck[0x15][0xffffffeb][0x12][0xffffffa1][0xffffff88][0xffffffdc]Y[0xffffffc5][0xc]M[0xffffffe3][0x14]}I[0xc][0xffffffc5][0xffffffe4][0xffffffce]'f[0xffffffa8][0xffffffee]mb[0xffffff86][0xffffffb2]q[0xffffff89][0xffffff96][0xffffffe7][0x17][0xffffff8d]I[0xffffffe4]TQ\[0xffffffee],b[0xffffff86][0xffffffbe]s[0xffffff88][0xffffff99][0xffffffba][0xffffffc6] :[0xffffff86][0xffffffd0][0xffffffd8]C_[0xffffffa6]G[0xffffffb5]Y[0xffffffdd]!g[0xffffff8f][0xffffff8a][0xffffffb3][0xffffff9a]C\[0xffffffe0]Buc[0xe][0xffffff81][0x7]U[0xffffff8d]7[0xfffffff4]e[0xffffffc3]Q~VkX7[0xb]5h[0xffffffb5][0xffffff86]|[0xffffffd6]Q[0xffffff87]Vg[0xffffffc8]'[0x1a][0xffffffb5][0xffffffa8]1[0xffffff86][0xffffffb2][0xffffff94][0xffffff8a][0xffffff82][0xffffffd4][0xfffffffa][0xffffffc2]2[0x17][0xffffffaa][0xffffffd2]j[0xb][0x1d][0xffffff8f]j[0x1b]W[0xffffffc8]G[0x19][0xffffffd5]i[0xfffffff5][0xffffff84][0xfffffff5]p[0xffffffa2]D5[0xffffff9e][0xffffff90]?5[0xffffffd4][0xffffffa9][0xffffffc6][0x12][0xffffffd6][0xffffffb9][0xffffff8a][0xffffff95]K[0xffffff81][\r]mP[0xffffff8c]\[0xe][0xffffff8a][0xffffff8f][0xffffffcb]A[0xffffffb1]q9(..[0x7][0xffffffc5][0xffffffc4][0xffffffe5][0xffffffa0]x[0xffffffb8][0x1c][0x14][0xb][0xffffff97][0x3][0xffffff99]=[[0xe]D[0x13][0x18][0xffffffca][0xffffff80]36[0xffffff94][0xffffff81].[0xfffffff3][0x18][0xffffffca]@[0xffffff95][0xffffffc5]0[0xffffff90][0xffffff83];[0xffffffd3]7[0x1f].[0xb])[0xffffffd8][0xfffffff0][0xffffffcb][0xfffffff1]ej4[0xfffffff0][0xffffffed]:![0xfffffff8]O[0x11]<N[0xffffffdf][0xffffffa6][0x13][0xffffff8d]:[0xffffffbe][0xfffffff1][0x8]I[0x11][0xffffffa7][0xfffffff3][0xffffffe3][0xffffffc7]uW[0xffffffd9]#[\r][0xffffffb2][0xffffffbb]-[0xffffffcb][0xffffffe9][0xffffffba][0xfffffffb][0xffffff9c][0xffffffbe][0x14]Q| [0xffffffba][0xfffffff6][0xffffffb5][0xffffffd2][0xffffffe3][0xffffffcd] }[0xffffffa1][0xffffffdc][0xffffffd5]J[0xffffff87][0xffffffa6][0x1b]W2S[0xffffffee]i[0xffffffa5]S[0xffffffe9] g[0xffffffca][0x1d][0xffffffad][0x4][0xffffff90][0xffffffd4]qf[0xffffffca][0xfffffffd][0xffffffac][0xffffffb4]x>p[0xfffffff5][0x12][0xffffffad][0xffffffdd][0xffffffac][0xffffffb4]([0xffffffb4][0xffffffae][0xffffffcc]V{Yi[0x0][0xffffffc7][0xffffff85]B[0xffffffb9][0xffffff93][0xffffffc5][0x1e][0xffffff80][0xffffffee][0xfffffff0][0xc][0xffffffb9][0xffffff8d][0xffffff95][0xffffffda][0xffffffd1][0xffffff8d]Y(7[0xffffffb1][0xffffffd8]"
10:31:53.989 [main] DEBUG org.apache.hc.client5.http.wire -- http-outgoing-16 << "[0xffffff8f]jT[0xffffffb0]B[0xffffffb9][0xffffff85][0xffffff95][\n]"
10:31:53.989 [main] DEBUG org.apache.hc.client5.http.wire -- http-outgoing-16 << "[0xffffffbf]T[0xffffffc7]#p[0x3][0xffffff8b][0x1d][0xffffff87][0xffffffa9]E[0xffffffd4][0xffffffee][0x15]o[0x3]K[0x1d]A[0xffffffa6][0xffffffdc][0xffffffbb]J%[0xffffffc5]:.w[0xffffffae]xYX[0xffffffea][0xffffff9f][0xffffff88]r[0xffffffdf][0xffffff8a][0xffffffd2]OB[0xffffff91]Y[0xffffffe9]Z%UW[0x16][0xffffff86][V,MUV[0x1a]V[0xffffffac][0xffffffc1]TV[0xffffffda]U[0xffffffcc][0xffffffaa][0xffffffce][0xffffffcc][0xffffffcd]j@[0xffffff8d][0xffffffd1]2[0xffffffa3][0xffffffd2][0xffffffa8][0x6]\z][0xffffff9e]*]j[0x10][0xffffffeb][0x4][0xffffffa5]C[0xfffffff5][0xffffffa4]t[0xffffffe5][0xffffffc5][0xffffffd2][0xffffff9d]z,,[0x13][0xffffffee]Li[0xffffffc7][0xfffffff3][0xffffffc6]pW[0xffffffea]pm[0xffffffcb]k[0xffffffdc][0xffffff92][0x2][0xffffff84][0xffffffb2]%[0xffffffdc][0xffffff8e][0x2][0x1e][0x9][0xffffffc8]k[0xffffffc1][0xffffffbd][0xffffffa8][0xffffffa5][0x5].O[0xffffff95]F[0xffffffd4]&[0xffffff83][0xffffff92][0x8]7[0xffffffa1]([\r][0xffffffb6][0xffffffcc][0xffffff87][0xffffffea][0xffffff95][0xffffffd5]3pN[0xffffffdc][0xffffff93][0xffffffe2]=[[0xffffffb6][0xffffffaa][0xfffffff6][0xffffffa3]X1[0xffffff9e][0xffffffbb][0xffffffc4]j3Jg6[0xffffff93][0xffffffd2][0xffffff88]*[0xffffffc7]G[0xffffff87]{P[0xffffffa5]+)[0xfffffffd]'[0xffffffc9]b![0xffffffa5][0xfffffff5][0xffffff94][0x1a]{[0xfffffff3][0xffffff8c][0xffffff8c][0xffffff89][0xffffffef][0xffffff97][0xffffffe9]q>_o[0xfffffffb][0xffffffd3]i:f[0xffffffa8]"[0xffffffd0][0xffffffcd][0xffffffae][0xfffffff3]912[0xffffffa2][0xffffff84][0xffffff81][\n]"
10:31:53.989 [main] DEBUG org.apache.hc.client5.http.wire -- http-outgoing-16 << "[0xffffffb9]|#"[0xffffffea]$[0xffffffde]vy?[0xffffffb4][0xffffff8f][0xfffffff8]a[0x19][0x1d]r[0xffffffa8]Htp[0xffffffa7]}>#[0xffffffd8][0xffffff87][0xffffffd1][0xffffff95][0xffffff8d]z[0xfffffffd][0xfffffff0][0xf][0xffffffe2][0x12][0xffffff8f][0xfffffff4]>[0x13][0x0][0x0]"
10:31:53.990 [main] DEBUG org.apache.hc.client5.http.impl.classic.InternalHttpClient -- ep-0000000017 releasing valid endpoint
10:31:53.990 [main] DEBUG org.apache.hc.client5.http.impl.io.PoolingHttpClientConnectionManager -- ep-0000000017 releasing endpoint
10:31:53.990 [main] DEBUG org.apache.hc.client5.http.impl.io.PoolingHttpClientConnectionManager -- ep-0000000017 connection http-outgoing-16 can be kept alive for 3 MINUTES
10:31:53.990 [main] DEBUG org.apache.hc.client5.http.impl.io.PoolingHttpClientConnectionManager -- ep-0000000017 connection released [route: {s}->https://raw.githubusercontent.com:443][total available: 1; route allocated: 1 of 5; total allocated: 2 of 25]
10:31:53.990 [main] DEBUG io.github.bonigarcia.wdm.versions.VersionDetector -- Driver for chrome120.0.6099.63 not found in online properties (using local versions.properties)
10:31:53.992 [main] DEBUG io.github.bonigarcia.wdm.WebDriverManager -- The driver version for CHROME 120.0.6099.63 is unknown ... trying with latest
10:31:53.996 [main] DEBUG org.apache.hc.client5.http.impl.classic.InternalHttpClient -- ex-0000000018 preparing request execution
10:31:53.996 [main] DEBUG org.apache.hc.client5.http.impl.classic.ProtocolExec -- ex-0000000018 target auth state: UNCHALLENGED
10:31:53.996 [main] DEBUG org.apache.hc.client5.http.impl.classic.ProtocolExec -- ex-0000000018 proxy auth state: UNCHALLENGED
10:31:53.997 [main] DEBUG org.apache.hc.client5.http.impl.classic.ConnectExec -- ex-0000000018 acquiring connection with route {s}->https://googlechromelabs.github.io:443
10:31:53.997 [main] DEBUG org.apache.hc.client5.http.impl.classic.InternalHttpClient -- ex-0000000018 acquiring endpoint (3 MINUTES)
10:31:53.997 [main] DEBUG org.apache.hc.client5.http.impl.io.PoolingHttpClientConnectionManager -- ex-0000000018 endpoint lease request (3 MINUTES) [route: {s}->https://googlechromelabs.github.io:443][total available: 1; route allocated: 1 of 5; total allocated: 2 of 25]
10:31:53.997 [main] DEBUG org.apache.hc.client5.http.impl.io.PoolingHttpClientConnectionManager -- ex-0000000018 endpoint leased [route: {s}->https://googlechromelabs.github.io:443][total available: 1; route allocated: 2 of 5; total allocated: 3 of 25]
10:31:53.997 [main] DEBUG org.apache.hc.client5.http.impl.io.PoolingHttpClientConnectionManager -- ex-0000000018 acquired ep-0000000018
10:31:53.997 [main] DEBUG org.apache.hc.client5.http.impl.classic.InternalHttpClient -- ex-0000000018 acquired endpoint ep-0000000018
10:31:53.997 [main] DEBUG org.apache.hc.client5.http.impl.classic.ConnectExec -- ex-0000000018 opening connection {s}->https://googlechromelabs.github.io:443
10:31:53.997 [main] DEBUG org.apache.hc.client5.http.impl.classic.InternalHttpClient -- ep-0000000018 connecting endpoint (null)
10:31:53.997 [main] DEBUG org.apache.hc.client5.http.impl.io.PoolingHttpClientConnectionManager -- ep-0000000018 connecting endpoint to https://googlechromelabs.github.io:443 (30 SECONDS)
10:31:53.997 [main] DEBUG org.apache.hc.client5.http.impl.io.DefaultHttpClientConnectionOperator -- googlechromelabs.github.io resolving remote address
10:31:53.997 [main] DEBUG org.apache.hc.client5.http.impl.io.DefaultHttpClientConnectionOperator -- googlechromelabs.github.io resolved to [googlechromelabs.github.io/185.199.110.153, googlechromelabs.github.io/185.199.111.153, googlechromelabs.github.io/185.199.108.153, googlechromelabs.github.io/185.199.109.153]
10:31:53.997 [main] DEBUG org.apache.hc.client5.http.impl.io.DefaultHttpClientConnectionOperator -- googlechromelabs.github.io:443 connecting null->googlechromelabs.github.io/185.199.110.153:443 (30 SECONDS)
10:31:53.997 [main] DEBUG org.apache.hc.client5.http.ssl.SSLConnectionSocketFactory -- Connecting socket to googlechromelabs.github.io/185.199.110.153:443 with timeout 30 SECONDS
10:31:54.040 [main] DEBUG org.apache.hc.client5.http.ssl.SSLConnectionSocketFactory -- Enabled protocols: [TLSv1.3, TLSv1.2]
10:31:54.040 [main] DEBUG org.apache.hc.client5.http.ssl.SSLConnectionSocketFactory -- Enabled cipher suites: [TLS_AES_256_GCM_SHA384, TLS_AES_128_GCM_SHA256, TLS_CHACHA20_POLY1305_SHA256, TLS_ECDHE_ECDSA_WITH_AES_256_GCM_SHA384, TLS_ECDHE_ECDSA_WITH_AES_128_GCM_SHA256, TLS_ECDHE_ECDSA_WITH_CHACHA20_POLY1305_SHA256, TLS_ECDHE_RSA_WITH_AES_256_GCM_SHA384, TLS_ECDHE_RSA_WITH_CHACHA20_POLY1305_SHA256, TLS_ECDHE_RSA_WITH_AES_128_GCM_SHA256, TLS_DHE_RSA_WITH_AES_256_GCM_SHA384, TLS_DHE_RSA_WITH_CHACHA20_POLY1305_SHA256, TLS_DHE_DSS_WITH_AES_256_GCM_SHA384, TLS_DHE_RSA_WITH_AES_128_GCM_SHA256, TLS_DHE_DSS_WITH_AES_128_GCM_SHA256, TLS_ECDHE_ECDSA_WITH_AES_256_CBC_SHA384, TLS_ECDHE_RSA_WITH_AES_256_CBC_SHA384, TLS_ECDHE_ECDSA_WITH_AES_128_CBC_SHA256, TLS_ECDHE_RSA_WITH_AES_128_CBC_SHA256, TLS_DHE_RSA_WITH_AES_256_CBC_SHA256, TLS_DHE_DSS_WITH_AES_256_CBC_SHA256, TLS_DHE_RSA_WITH_AES_128_CBC_SHA256, TLS_DHE_DSS_WITH_AES_128_CBC_SHA256, TLS_ECDHE_ECDSA_WITH_AES_256_CBC_SHA, TLS_ECDHE_RSA_WITH_AES_256_CBC_SHA, TLS_ECDHE_ECDSA_WITH_AES_128_CBC_SHA, TLS_ECDHE_RSA_WITH_AES_128_CBC_SHA, TLS_DHE_RSA_WITH_AES_256_CBC_SHA, TLS_DHE_DSS_WITH_AES_256_CBC_SHA, TLS_DHE_RSA_WITH_AES_128_CBC_SHA, TLS_DHE_DSS_WITH_AES_128_CBC_SHA, TLS_RSA_WITH_AES_256_GCM_SHA384, TLS_RSA_WITH_AES_128_GCM_SHA256, TLS_RSA_WITH_AES_256_CBC_SHA256, TLS_RSA_WITH_AES_128_CBC_SHA256, TLS_RSA_WITH_AES_256_CBC_SHA, TLS_RSA_WITH_AES_128_CBC_SHA, TLS_EMPTY_RENEGOTIATION_INFO_SCSV]
10:31:54.040 [main] DEBUG org.apache.hc.client5.http.ssl.SSLConnectionSocketFactory -- Starting handshake (null)
10:31:54.088 [main] DEBUG org.apache.hc.client5.http.ssl.SSLConnectionSocketFactory -- Secure session established
10:31:54.088 [main] DEBUG org.apache.hc.client5.http.ssl.SSLConnectionSocketFactory --  negotiated protocol: TLSv1.3
10:31:54.088 [main] DEBUG org.apache.hc.client5.http.ssl.SSLConnectionSocketFactory --  negotiated cipher suite: TLS_AES_128_GCM_SHA256
10:31:54.088 [main] DEBUG org.apache.hc.client5.http.ssl.SSLConnectionSocketFactory --  peer principal: CN=*.github.io, O="GitHub, Inc.", L=San Francisco, ST=California, C=US
10:31:54.088 [main] DEBUG org.apache.hc.client5.http.ssl.SSLConnectionSocketFactory --  peer alternative names: [*.github.io, github.io, *.github.com, github.com, www.github.com, *.githubusercontent.com, githubusercontent.com]
10:31:54.088 [main] DEBUG org.apache.hc.client5.http.ssl.SSLConnectionSocketFactory --  issuer principal: CN=DigiCert TLS RSA SHA256 2020 CA1, O=DigiCert Inc, C=US
10:31:54.088 [main] DEBUG org.apache.hc.client5.http.impl.io.DefaultManagedHttpClientConnection -- http-outgoing-17 set socket timeout to 3 MINUTES
10:31:54.088 [main] DEBUG org.apache.hc.client5.http.impl.io.DefaultHttpClientConnectionOperator -- googlechromelabs.github.io:443 connected null->googlechromelabs.github.io/185.199.110.153:443 as http-outgoing-17
10:31:54.088 [main] DEBUG org.apache.hc.client5.http.impl.io.PoolingHttpClientConnectionManager -- ep-0000000018 connected http-outgoing-17
10:31:54.088 [main] DEBUG org.apache.hc.client5.http.impl.classic.InternalHttpClient -- ep-0000000018 endpoint connected
10:31:54.088 [main] DEBUG org.apache.hc.client5.http.impl.classic.MainClientExec -- ex-0000000018 executing GET /chrome-for-testing/last-known-good-versions-with-downloads.json HTTP/1.1
10:31:54.089 [main] DEBUG org.apache.hc.client5.http.protocol.RequestAddCookies -- ex-0000000018 Cookie spec selected: strict
10:31:54.089 [main] DEBUG org.apache.hc.client5.http.impl.classic.InternalHttpClient -- ep-0000000018 start execution ex-0000000018
10:31:54.089 [main] DEBUG org.apache.hc.client5.http.impl.io.PoolingHttpClientConnectionManager -- ep-0000000018 executing exchange ex-0000000018 over http-outgoing-17
10:31:54.089 [main] DEBUG org.apache.hc.client5.http.headers -- http-outgoing-17 >> GET /chrome-for-testing/last-known-good-versions-with-downloads.json HTTP/1.1
10:31:54.089 [main] DEBUG org.apache.hc.client5.http.headers -- http-outgoing-17 >> user-agent: Apache-HttpClient/5.0
10:31:54.089 [main] DEBUG org.apache.hc.client5.http.headers -- http-outgoing-17 >> accept-encoding: gzip, deflate, br
10:31:54.089 [main] DEBUG org.apache.hc.client5.http.headers -- http-outgoing-17 >> cache-control: max-age=0
10:31:54.089 [main] DEBUG org.apache.hc.client5.http.headers -- http-outgoing-17 >> connection: keep-alive
10:31:54.089 [main] DEBUG org.apache.hc.client5.http.headers -- http-outgoing-17 >> Host: googlechromelabs.github.io
10:31:54.089 [main] DEBUG org.apache.hc.client5.http.wire -- http-outgoing-17 >> "GET /chrome-for-testing/last-known-good-versions-with-downloads.json HTTP/1.1[\r][\n]"
10:31:54.089 [main] DEBUG org.apache.hc.client5.http.wire -- http-outgoing-17 >> "user-agent: Apache-HttpClient/5.0[\r][\n]"
10:31:54.089 [main] DEBUG org.apache.hc.client5.http.wire -- http-outgoing-17 >> "accept-encoding: gzip, deflate, br[\r][\n]"
10:31:54.089 [main] DEBUG org.apache.hc.client5.http.wire -- http-outgoing-17 >> "cache-control: max-age=0[\r][\n]"
10:31:54.089 [main] DEBUG org.apache.hc.client5.http.wire -- http-outgoing-17 >> "connection: keep-alive[\r][\n]"
10:31:54.089 [main] DEBUG org.apache.hc.client5.http.wire -- http-outgoing-17 >> "Host: googlechromelabs.github.io[\r][\n]"
10:31:54.089 [main] DEBUG org.apache.hc.client5.http.wire -- http-outgoing-17 >> "[\r][\n]"
10:31:54.128 [main] DEBUG org.apache.hc.client5.http.wire -- http-outgoing-17 << "HTTP/1.1 200 OK[\r][\n]"
10:31:54.128 [main] DEBUG org.apache.hc.client5.http.wire -- http-outgoing-17 << "Connection: keep-alive[\r][\n]"
10:31:54.128 [main] DEBUG org.apache.hc.client5.http.wire -- http-outgoing-17 << "Content-Length: 641[\r][\n]"
10:31:54.128 [main] DEBUG org.apache.hc.client5.http.wire -- http-outgoing-17 << "Server: GitHub.com[\r][\n]"
10:31:54.128 [main] DEBUG org.apache.hc.client5.http.wire -- http-outgoing-17 << "Content-Type: application/json; charset=utf-8[\r][\n]"
10:31:54.128 [main] DEBUG org.apache.hc.client5.http.wire -- http-outgoing-17 << "permissions-policy: interest-cohort=()[\r][\n]"
10:31:54.128 [main] DEBUG org.apache.hc.client5.http.wire -- http-outgoing-17 << "x-origin-cache: HIT[\r][\n]"
10:31:54.128 [main] DEBUG org.apache.hc.client5.http.wire -- http-outgoing-17 << "Last-Modified: Thu, 28 Dec 2023 09:09:08 GMT[\r][\n]"
10:31:54.128 [main] DEBUG org.apache.hc.client5.http.wire -- http-outgoing-17 << "Access-Control-Allow-Origin: *[\r][\n]"
10:31:54.129 [main] DEBUG org.apache.hc.client5.http.wire -- http-outgoing-17 << "Strict-Transport-Security: max-age=31556952[\r][\n]"
10:31:54.129 [main] DEBUG org.apache.hc.client5.http.wire -- http-outgoing-17 << "ETag: W/"658d3b34-22ac"[\r][\n]"
10:31:54.129 [main] DEBUG org.apache.hc.client5.http.wire -- http-outgoing-17 << "expires: Thu, 28 Dec 2023 09:19:31 GMT[\r][\n]"
10:31:54.129 [main] DEBUG org.apache.hc.client5.http.wire -- http-outgoing-17 << "Cache-Control: max-age=600[\r][\n]"
10:31:54.129 [main] DEBUG org.apache.hc.client5.http.wire -- http-outgoing-17 << "Content-Encoding: gzip[\r][\n]"
10:31:54.129 [main] DEBUG org.apache.hc.client5.http.wire -- http-outgoing-17 << "x-proxy-cache: HIT[\r][\n]"
10:31:54.129 [main] DEBUG org.apache.hc.client5.http.wire -- http-outgoing-17 << "X-GitHub-Request-Id: AD28:2802F4:8D3D7B:90038F:658D3C18[\r][\n]"
10:31:54.129 [main] DEBUG org.apache.hc.client5.http.wire -- http-outgoing-17 << "Accept-Ranges: bytes[\r][\n]"
10:31:54.129 [main] DEBUG org.apache.hc.client5.http.wire -- http-outgoing-17 << "Date: Thu, 28 Dec 2023 09:31:55 GMT[\r][\n]"
10:31:54.129 [main] DEBUG org.apache.hc.client5.http.wire -- http-outgoing-17 << "Via: 1.1 varnish[\r][\n]"
10:31:54.129 [main] DEBUG org.apache.hc.client5.http.wire -- http-outgoing-17 << "Age: 474[\r][\n]"
10:31:54.129 [main] DEBUG org.apache.hc.client5.http.wire -- http-outgoing-17 << "X-Served-By: cache-mad2200097-MAD[\r][\n]"
10:31:54.129 [main] DEBUG org.apache.hc.client5.http.wire -- http-outgoing-17 << "X-Cache: HIT[\r][\n]"
10:31:54.129 [main] DEBUG org.apache.hc.client5.http.wire -- http-outgoing-17 << "X-Cache-Hits: 1[\r][\n]"
10:31:54.129 [main] DEBUG org.apache.hc.client5.http.wire -- http-outgoing-17 << "X-Timer: S1703755916.617999,VS0,VE1[\r][\n]"
10:31:54.129 [main] DEBUG org.apache.hc.client5.http.wire -- http-outgoing-17 << "Vary: Accept-Encoding[\r][\n]"
10:31:54.129 [main] DEBUG org.apache.hc.client5.http.wire -- http-outgoing-17 << "X-Fastly-Request-ID: 7d0a557906d8c91c2158a0b6396e3da05cd85634[\r][\n]"
10:31:54.129 [main] DEBUG org.apache.hc.client5.http.wire -- http-outgoing-17 << "[\r][\n]"
10:31:54.129 [main] DEBUG org.apache.hc.client5.http.headers -- http-outgoing-17 << HTTP/1.1 200 OK
10:31:54.129 [main] DEBUG org.apache.hc.client5.http.headers -- http-outgoing-17 << Connection: keep-alive
10:31:54.129 [main] DEBUG org.apache.hc.client5.http.headers -- http-outgoing-17 << Content-Length: 641
10:31:54.129 [main] DEBUG org.apache.hc.client5.http.headers -- http-outgoing-17 << Server: GitHub.com
10:31:54.129 [main] DEBUG org.apache.hc.client5.http.headers -- http-outgoing-17 << Content-Type: application/json; charset=utf-8
10:31:54.129 [main] DEBUG org.apache.hc.client5.http.headers -- http-outgoing-17 << permissions-policy: interest-cohort=()
10:31:54.129 [main] DEBUG org.apache.hc.client5.http.headers -- http-outgoing-17 << x-origin-cache: HIT
10:31:54.129 [main] DEBUG org.apache.hc.client5.http.headers -- http-outgoing-17 << Last-Modified: Thu, 28 Dec 2023 09:09:08 GMT
10:31:54.129 [main] DEBUG org.apache.hc.client5.http.headers -- http-outgoing-17 << Access-Control-Allow-Origin: *
10:31:54.129 [main] DEBUG org.apache.hc.client5.http.headers -- http-outgoing-17 << Strict-Transport-Security: max-age=31556952
10:31:54.129 [main] DEBUG org.apache.hc.client5.http.headers -- http-outgoing-17 << ETag: W/"658d3b34-22ac"
10:31:54.129 [main] DEBUG org.apache.hc.client5.http.headers -- http-outgoing-17 << expires: Thu, 28 Dec 2023 09:19:31 GMT
10:31:54.129 [main] DEBUG org.apache.hc.client5.http.headers -- http-outgoing-17 << Cache-Control: max-age=600
10:31:54.129 [main] DEBUG org.apache.hc.client5.http.headers -- http-outgoing-17 << Content-Encoding: gzip
10:31:54.129 [main] DEBUG org.apache.hc.client5.http.headers -- http-outgoing-17 << x-proxy-cache: HIT
10:31:54.129 [main] DEBUG org.apache.hc.client5.http.headers -- http-outgoing-17 << X-GitHub-Request-Id: AD28:2802F4:8D3D7B:90038F:658D3C18
10:31:54.129 [main] DEBUG org.apache.hc.client5.http.headers -- http-outgoing-17 << Accept-Ranges: bytes
10:31:54.129 [main] DEBUG org.apache.hc.client5.http.headers -- http-outgoing-17 << Date: Thu, 28 Dec 2023 09:31:55 GMT
10:31:54.129 [main] DEBUG org.apache.hc.client5.http.headers -- http-outgoing-17 << Via: 1.1 varnish
10:31:54.129 [main] DEBUG org.apache.hc.client5.http.headers -- http-outgoing-17 << Age: 474
10:31:54.129 [main] DEBUG org.apache.hc.client5.http.headers -- http-outgoing-17 << X-Served-By: cache-mad2200097-MAD
10:31:54.129 [main] DEBUG org.apache.hc.client5.http.headers -- http-outgoing-17 << X-Cache: HIT
10:31:54.129 [main] DEBUG org.apache.hc.client5.http.headers -- http-outgoing-17 << X-Cache-Hits: 1
10:31:54.129 [main] DEBUG org.apache.hc.client5.http.headers -- http-outgoing-17 << X-Timer: S1703755916.617999,VS0,VE1
10:31:54.129 [main] DEBUG org.apache.hc.client5.http.headers -- http-outgoing-17 << Vary: Accept-Encoding
10:31:54.129 [main] DEBUG org.apache.hc.client5.http.headers -- http-outgoing-17 << X-Fastly-Request-ID: 7d0a557906d8c91c2158a0b6396e3da05cd85634
10:31:54.130 [main] DEBUG org.apache.hc.client5.http.impl.classic.MainClientExec -- ex-0000000018 connection can be kept alive for 3 MINUTES
10:31:54.131 [main] DEBUG org.apache.hc.client5.http.wire -- http-outgoing-17 << "[0x1f][0xffffff8b][0x8][0x0][0x0][0x0][0x0][0x0][0x0][0x3][0xffffffcd][0xffffff96][0xffffffcb][0xffffff92][0xffffff9b]0[0x10]E[0xfffffff7][0xfffffff9][0xc][0xffffffad]yI8[0xffffff80]Y&[0xfffffff3][0x7][0xffffff93]URY(F[0xffffffb1][0xffffffa9][0x12][0xffffffe0][0x2][0xffffff8d]'[0xffffff89][0xffffff8b][0x7f][0xffffff8f][0xc]2[0xffffffe6]!1+[0xffffffab]Ya[0x1a][0xffffffb9][0xfffffffb]B[0xffffff9d][0xffffffea]:W$[0xfffffff2][0xffffff82]5[0xffffff82][0x16]g[0xffffff94]"[0x12][0xffffff90][0xffffffd0][0xffffffc5][0xffffffc4]%[0xfffffff1]7[0xffffff82][0xffffffd3] I[0xffffffc3][0xffffffc4][0xb][0xffffff83][0xffffffe4];r[0xffffffd0][0xffffffe1]D[0xffffffcb][0xffffff92][0xfffffff1][0x6][0xffffffa5]W[0xfffffff4]*[0xffffffe8]/[0xffffffce]n[0xffffffbf]TU[0xfffffffe]U[0xffffffd5][0x1c]tau[0xffffff93]W[0xffffffa5],a[0x12]x[0xffffff81][0x17][0x5][0xfffffffb][0xffffffbd][0xffffff87][0xffffff83][0xffffffbd]|T[0xffffffb3]K><[0xffffffc3]q[0x18][0x11]Y[0xffffffcc][0xffffffaa][0xfffffff7][0xffffff92]W4k[0xfffffffa]~uU[0xffffffc8][0xffffffce]?[0xffffffae][0xffffffe8][0xffffffcc][0xffffffa9][0xfffffff8]][0xffffffd5][0xffffff85]<[0xffffffcc][0xfffffff3][0xfffffff2][0xffffffed]O[0xffffffb4][0xffffff93][0xffffff87][0xffffffdf][0xffffffea][0xffffffdb][0xffffffac][0xffffff93][0x10][0xffffffe7]&[0xfffffff5]}[0xffffff96][0x1d]Y[0xffffffc6][0xffffffbd][0xffffff82]y[0xffffffc7][0xffffff8b][0xffffffc0][0xffffffde][0xffffffa1]*T[0xffffffc9][0xffffffef][0xfffffffb][0xffffffa8][0xffffff8b]+[0xffffffdb][0xffffffb8]B[0xffffffbe]d^[0x1e][0xfffffffd]i(_[0xffffffb5][0xffffffbe][0xffffff9f]T[0xffffffb7][0xffffffde][0xffffffbf][0xfffffffc][0xffffff8c]Zg[0x12][0xffffffa2][0xffffffa0][0x7][0xffffff97][0xffffffd6][0xffffffc5]sb[0xc][0xffffffcd][0xffffffef]g[0xffffff87][0xffffff82])[0xffffffca][0xffffff93][0xffffffbe][0xffffff87]j=[0xffffff8e]a[0xfffffff8][0x1e][0xffffffef]y[0x19][0xffffff92]gD[0xffffffe8][0x1a][0xffffffdf][0xffffffcf]u7[0xffffff86][0xfffffff1][0xffffffcf][0xfffffff9][0x2]][0xffffffe3][0xffffffd1][0xfffffff8][0xfffffffb][0xffffffdb][0xffffffff]t[0x14][0xffffff9d]Y[0xffffff9d]K[0xffffffc6][0xffffffc1][0x18][0xffffffed][0xffffffc7]o[0xffffff86]T[0x15]g[0x1b][0xffffffbc][0xffffff8e][0xffffffc2]@R[0xffffffab]b[0xffffffc0][0xffffffb2][0xfffffffb][0x8][0xffffffb1] [0xffffffd8]=1[0xffffff9a]q[0xffffffd6]4nsb[0xffffff9c][0xffffff83][0xffffffa1]<[0xffffffcb][0xffffffb1][0x19][0xffffffa6][0xffffffe7][0xffffffb9][0xffffffb6][0x1][0xffffffb7].[0x15]$[0xffffffe5][0xfffffff3]<[0xffffffb0][0xffffffb8]k[0xffffffd2][0xc][0xffffffdc][0xffffffb7][0xffffffad][0xffffff83][0xffffffbe]0A[0xffffffa7][0xffffffc6][0xffffffd2]U[0xffffffa6][0xffffffbe][0xffffff82]o[0xffffffdd]q[0x14]{8[0xffffff9a][0xffffffeb]J[0x18][0xffffffe2] [0xffffff86][0xffffffd0][0xffffff95]Q&@[[0x19][0xffffffa7][0xffffff80][0xffffff94][0xffffff95]y[0xe][0xfffffffb][0xffffffae]2N`_Uf[0xffffffd3][0xffffffe1]M[0xffffffc5][0xffffff8c][0xffffffa7]}QY[0xffffff83][0xffffffd4][0xffffffbe][0xffffffa7][0xffffff98]Q[0xffffffb5][0xffffffab])&`mZ[0xffffff8a][0x9][0xffffffdb][0xffffffad]H[0xffffffca][0xffffffca][0xffffff92][0xffffff85]s[0xffffff94][0xffffffd5][0xffffff9d][0xb][0xffffffa7](++[0x18][0xffffffc6]P[0xffffff8c][0x1b][0x19]BP[0xffffff8c][0xb][0xfffffffa][0x3]?ya[0xffffff97][0xffffffa9][0xffffff9e][0xffffffdc][\n]"
10:31:54.131 [main] DEBUG org.apache.hc.client5.http.wire -- http-outgoing-17 << "S;!][0xffffffeb]D^[0x16]r[0x12][0xffffffc5][0xffffffbb][0x4]BN[0x1e][0xffffff91][0x0][0xffffffdd]d[0x14][0x2]RMf1[0xffffffec][0xffffff9b][0xffffffc9]([0xffffff80]}1[0xffffff99][0xe][0xffffff87][0xfffffff7][0x12]#[0xffffff99][0xfffffff6][0xffffffb5]d[0xffffff85]O[0xfffffffb]Vb[0xffffffa4][0xffffffd4][0xffffffae][0xffffff94][0x18]X[0xffffffb5][0xffffffe9]$[0x6]b[0xffffffb7][0xffffffa2]$[0xffffffe6][0xffffffd5][\n]"
10:31:54.131 [main] DEBUG org.apache.hc.client5.http.wire -- http-outgoing-17 << "g$k[0xffffff9b][0x16]NH[0xffffffcc][0xffffff8b][0x17][0xffffffc6]GL{[0x18]BGLk[0xfffffff9][0x3][0x1b][0xfffffff9]JKZ[0xffffffff][0xffffff9d][\n]"
10:31:54.131 [main] DEBUG org.apache.hc.client5.http.wire -- http-outgoing-17 << "[0xffffff89][0xffffffaa]i[0xffffff9c][0xffffff84]`[0xffffffbc]t[0xffffff92][0x1d][0xffffffc6][0xffffff9f]C0'[0xffffffe9]"A;I[0x1f][0x2][0xffffffdc]I[0x1e]1[0xffffff80][0xffffff9c][0xffffffa4][0xf][0x0][0xffffffe4]$[0xffffffc3][0xfffffff0][0xffffff8d]8[0xffffff89][0xffffff8e]L '[0xffffffd1][0xfffffff3][0x9][0xffffffe4]$:J[0x1][0xffffff9c]d[0xffffffc9][0xffffffaa]u'Y[0x12][0xffffffbb])'[0xffffffd1][0xffffffae]V`'1lZ`'[0xffffffd1].^@'[0xffffffd1][0xffffffec]a0'[0xffffffd1][0xffffffac][0xffffffe5]U'i[0xffffffdb]O[0xffffffff][0x1][0xffffffee][0xffffffde][0xffffffae][0xffffffb2][0xffffffac]"[0x0][0x0]"
10:31:54.135 [main] DEBUG org.apache.hc.client5.http.impl.classic.InternalHttpClient -- ep-0000000018 releasing valid endpoint
10:31:54.135 [main] DEBUG org.apache.hc.client5.http.impl.io.PoolingHttpClientConnectionManager -- ep-0000000018 releasing endpoint
10:31:54.135 [main] DEBUG org.apache.hc.client5.http.impl.io.PoolingHttpClientConnectionManager -- ep-0000000018 connection http-outgoing-17 can be kept alive for 3 MINUTES
10:31:54.135 [main] DEBUG org.apache.hc.client5.http.impl.io.PoolingHttpClientConnectionManager -- ep-0000000018 connection released [route: {s}->https://googlechromelabs.github.io:443][total available: 2; route allocated: 2 of 5; total allocated: 3 of 25]
10:31:54.152 [main] DEBUG io.github.bonigarcia.wdm.WebDriverManager -- Driver chromedriver 120.0.6099.109 found in cache
10:31:54.154 [main] INFO io.github.bonigarcia.wdm.WebDriverManager -- Exporting webdriver.chrome.driver as C:\Users\info\.cache\selenium\chromedriver\win64\120.0.6099.109\chromedriver.exe
  Given the user is on the login page                                                 # com.sdetadda.allure.Login.the_user_is_on_the_login_page()
      org.openqa.selenium.SessionNotCreatedException: Could not start a new session. Response code 500. Message: session not created: Chrome failed to start: exited normally.
  (chrome not reachable)
  (The process started from chrome location C:\Program Files\Google\Chrome\Application\chrome.exe is no longer running, so ChromeDriver is assuming that Chrome has crashed.) 
Host info: host: 'DESKTOP-QDV6N2Q', ip: '192.168.58.1'
Build info: version: '4.16.1', revision: '9b4c83354e'
System info: os.name: 'Windows 10', os.arch: 'amd64', os.version: '10.0', java.version: '21.0.1'
Driver info: org.openqa.selenium.chrome.ChromeDriver
Command: [null, newSession {capabilities=[Capabilities {browserName: chrome, goog:chromeOptions: {args: [], extensions: []}}]}]
	at org.openqa.selenium.remote.ProtocolHandshake.createSession(ProtocolHandshake.java:140)
	at org.openqa.selenium.remote.ProtocolHandshake.createSession(ProtocolHandshake.java:96)
	at org.openqa.selenium.remote.ProtocolHandshake.createSession(ProtocolHandshake.java:68)
	at org.openqa.selenium.remote.HttpCommandExecutor.execute(HttpCommandExecutor.java:163)
	at org.openqa.selenium.remote.service.DriverCommandExecutor.invokeExecute(DriverCommandExecutor.java:200)
	at org.openqa.selenium.remote.service.DriverCommandExecutor.execute(DriverCommandExecutor.java:175)
	at org.openqa.selenium.remote.RemoteWebDriver.execute(RemoteWebDriver.java:523)
	at org.openqa.selenium.remote.RemoteWebDriver.startSession(RemoteWebDriver.java:237)
	at org.openqa.selenium.remote.RemoteWebDriver.<init>(RemoteWebDriver.java:164)
	at org.openqa.selenium.chromium.ChromiumDriver.<init>(ChromiumDriver.java:114)
	at org.openqa.selenium.chrome.ChromeDriver.<init>(ChromeDriver.java:89)
	at org.openqa.selenium.chrome.ChromeDriver.<init>(ChromeDriver.java:84)
	at org.openqa.selenium.chrome.ChromeDriver.<init>(ChromeDriver.java:52)
	at com.sdetadda.allure.Login.the_user_is_on_the_login_page(Login.java:25)
	at ✽.the user is on the login page(file:///C:/Users/info/eclipse-workspace/AllureReportDemo/src/test/resources/Features/Login.feature:12)

  When the user enters invalid information "zakaria.lahssaini@uit.ac.ma" and "678901" # com.sdetadda.allure.Login.the_user_enters_email_and_password(java.lang.String,java.lang.String)
  And the user clicks the login button                                                # com.sdetadda.allure.Login.the_user_clicks_the_login_button()
  Then the user should not navigate to the home page                                  # com.sdetadda.allure.Login.the_user_should_not_navigate_to_the_home_page()

    Scenario failed! Capturing screenshot: Check_login_invalid_with_invalid_information_1703755918372.png

]]></system-out>
    <system-err><![CDATA[org.openqa.selenium.NoSuchWindowException: no such window: target window already closed
from unknown error: web view not found
  (Session info: chrome=120.0.6099.130)
Build info: version: '4.16.1', revision: '9b4c83354e'
System info: os.name: 'Windows 10', os.arch: 'amd64', os.version: '10.0', java.version: '21.0.1'
Driver info: org.openqa.selenium.chrome.ChromeDriver
Command: [9cd9a4f257a6c794603b0875bfbdb657, screenshot {}]
Capabilities {acceptInsecureCerts: false, browserName: chrome, browserVersion: 120.0.6099.130, chrome: {chromedriverVersion: 120.0.6099.109 (3419140ab66..., userDataDir: C:\Users\info\AppData\Local...}, fedcm:accounts: true, goog:chromeOptions: {debuggerAddress: localhost:52031}, networkConnectionEnabled: false, pageLoadStrategy: normal, platformName: windows, proxy: Proxy(), se:cdp: ws://localhost:52031/devtoo..., se:cdpVersion: 120.0.6099.130, setWindowRect: true, strictFileInteractability: false, timeouts: {implicit: 0, pageLoad: 300000, script: 30000}, unhandledPromptBehavior: dismiss and notify, webauthn:extension:credBlob: true, webauthn:extension:largeBlob: true, webauthn:extension:minPinLength: true, webauthn:extension:prf: true, webauthn:virtualAuthenticators: true}
Session ID: 9cd9a4f257a6c794603b0875bfbdb657
	at java.base/jdk.internal.reflect.DirectConstructorHandleAccessor.newInstance(DirectConstructorHandleAccessor.java:62)
	at java.base/java.lang.reflect.Constructor.newInstanceWithCaller(Constructor.java:502)
	at java.base/java.lang.reflect.Constructor.newInstance(Constructor.java:486)
	at org.openqa.selenium.remote.codec.w3c.W3CHttpResponseCodec.createException(W3CHttpResponseCodec.java:200)
	at org.openqa.selenium.remote.codec.w3c.W3CHttpResponseCodec.decode(W3CHttpResponseCodec.java:133)
	at org.openqa.selenium.remote.codec.w3c.W3CHttpResponseCodec.decode(W3CHttpResponseCodec.java:52)
	at org.openqa.selenium.remote.HttpCommandExecutor.execute(HttpCommandExecutor.java:191)
	at org.openqa.selenium.remote.service.DriverCommandExecutor.invokeExecute(DriverCommandExecutor.java:200)
	at org.openqa.selenium.remote.service.DriverCommandExecutor.execute(DriverCommandExecutor.java:175)
	at org.openqa.selenium.remote.RemoteWebDriver.execute(RemoteWebDriver.java:523)
	at org.openqa.selenium.remote.RemoteWebDriver.execute(RemoteWebDriver.java:596)
	at org.openqa.selenium.remote.RemoteWebDriver.execute(RemoteWebDriver.java:600)
	at org.openqa.selenium.remote.RemoteWebDriver.getScreenshotAs(RemoteWebDriver.java:326)
	at com.sdetadda.allure.Hooks.captureScreenshot(Hooks.java:49)
	at com.sdetadda.allure.Hooks.afterScenario(Hooks.java:31)
	at java.base/jdk.internal.reflect.DirectMethodHandleAccessor.invoke(DirectMethodHandleAccessor.java:103)
	at java.base/java.lang.reflect.Method.invoke(Method.java:580)
	at io.cucumber.java.Invoker.doInvoke(Invoker.java:66)
	at io.cucumber.java.Invoker.invoke(Invoker.java:24)
	at io.cucumber.java.AbstractGlueDefinition.invokeMethod(AbstractGlueDefinition.java:47)
	at io.cucumber.java.JavaHookDefinition.execute(JavaHookDefinition.java:64)
	at io.cucumber.core.runner.CoreHookDefinition.execute(CoreHookDefinition.java:46)
	at io.cucumber.core.runner.HookDefinitionMatch.runStep(HookDefinitionMatch.java:21)
	at io.cucumber.core.runner.ExecutionMode$1.execute(ExecutionMode.java:10)
	at io.cucumber.core.runner.TestStep.executeStep(TestStep.java:84)
	at io.cucumber.core.runner.TestStep.run(TestStep.java:56)
	at io.cucumber.core.runner.TestCase.run(TestCase.java:90)
	at io.cucumber.core.runner.Runner.runPickle(Runner.java:75)
	at io.cucumber.junit.PickleRunners$NoStepDescriptions.lambda$run$0(PickleRunners.java:151)
	at io.cucumber.core.runtime.CucumberExecutionContext.lambda$runTestCase$5(CucumberExecutionContext.java:137)
	at io.cucumber.core.runtime.RethrowingThrowableCollector.executeAndThrow(RethrowingThrowableCollector.java:23)
	at io.cucumber.core.runtime.CucumberExecutionContext.runTestCase(CucumberExecutionContext.java:137)
	at io.cucumber.junit.PickleRunners$NoStepDescriptions.run(PickleRunners.java:148)
	at io.cucumber.junit.FeatureRunner.runChild(FeatureRunner.java:144)
	at io.cucumber.junit.FeatureRunner.runChild(FeatureRunner.java:28)
	at org.junit.runners.ParentRunner$4.run(ParentRunner.java:331)
	at org.junit.runners.ParentRunner$1.schedule(ParentRunner.java:79)
	at org.junit.runners.ParentRunner.runChildren(ParentRunner.java:329)
	at org.junit.runners.ParentRunner.access$100(ParentRunner.java:66)
	at org.junit.runners.ParentRunner$2.evaluate(ParentRunner.java:293)
	at org.junit.runners.ParentRunner$3.evaluate(ParentRunner.java:306)
	at org.junit.runners.ParentRunner.run(ParentRunner.java:413)
	at io.cucumber.junit.FeatureRunner.run(FeatureRunner.java:137)
	at io.cucumber.junit.Cucumber.runChild(Cucumber.java:196)
	at io.cucumber.junit.Cucumber.runChild(Cucumber.java:89)
	at org.junit.runners.ParentRunner$4.run(ParentRunner.java:331)
	at org.junit.runners.ParentRunner$1.schedule(ParentRunner.java:79)
	at org.junit.runners.ParentRunner.runChildren(ParentRunner.java:329)
	at org.junit.runners.ParentRunner.access$100(ParentRunner.java:66)
	at org.junit.runners.ParentRunner$2.evaluate(ParentRunner.java:293)
	at io.cucumber.core.runtime.CucumberExecutionContext.lambda$runFeatures$6(CucumberExecutionContext.java:148)
	at io.cucumber.core.runtime.CucumberExecutionContext.execute(CucumberExecutionContext.java:163)
	at io.cucumber.core.runtime.CucumberExecutionContext.runFeatures(CucumberExecutionContext.java:146)
	at io.cucumber.junit.Cucumber$StartAndFinishTestRun.evaluate(Cucumber.java:226)
	at org.junit.runners.ParentRunner$3.evaluate(ParentRunner.java:306)
	at org.junit.runners.ParentRunner.run(ParentRunner.java:413)
	at org.junit.runner.JUnitCore.run(JUnitCore.java:137)
	at org.junit.runner.JUnitCore.run(JUnitCore.java:115)
	at org.junit.vintage.engine.execution.RunnerExecutor.execute(RunnerExecutor.java:42)
	at org.junit.vintage.engine.VintageTestEngine.executeAllChildren(VintageTestEngine.java:80)
	at org.junit.vintage.engine.VintageTestEngine.execute(VintageTestEngine.java:72)
	at org.junit.platform.launcher.core.EngineExecutionOrchestrator.execute(EngineExecutionOrchestrator.java:147)
	at org.junit.platform.launcher.core.EngineExecutionOrchestrator.execute(EngineExecutionOrchestrator.java:127)
	at org.junit.platform.launcher.core.EngineExecutionOrchestrator.execute(EngineExecutionOrchestrator.java:90)
	at org.junit.platform.launcher.core.EngineExecutionOrchestrator.lambda$execute$0(EngineExecutionOrchestrator.java:55)
	at org.junit.platform.launcher.core.EngineExecutionOrchestrator.withInterceptedStreams(EngineExecutionOrchestrator.java:102)
	at org.junit.platform.launcher.core.EngineExecutionOrchestrator.execute(EngineExecutionOrchestrator.java:54)
	at org.junit.platform.launcher.core.DefaultLauncher.execute(DefaultLauncher.java:114)
	at org.junit.platform.launcher.core.DefaultLauncher.execute(DefaultLauncher.java:86)
	at org.junit.platform.launcher.core.DefaultLauncherSession$DelegatingLauncher.execute(DefaultLauncherSession.java:86)
	at org.apache.maven.surefire.junitplatform.LazyLauncher.execute(LazyLauncher.java:56)
	at org.apache.maven.surefire.junitplatform.JUnitPlatformProvider.execute(JUnitPlatformProvider.java:184)
	at org.apache.maven.surefire.junitplatform.JUnitPlatformProvider.invokeAllTests(JUnitPlatformProvider.java:148)
	at org.apache.maven.surefire.junitplatform.JUnitPlatformProvider.invoke(JUnitPlatformProvider.java:122)
	at org.apache.maven.surefire.booter.ForkedBooter.runSuitesInProcess(ForkedBooter.java:385)
	at org.apache.maven.surefire.booter.ForkedBooter.execute(ForkedBooter.java:162)
	at org.apache.maven.surefire.booter.ForkedBooter.run(ForkedBooter.java:507)
	at org.apache.maven.surefire.booter.ForkedBooter.main(ForkedBooter.java:495)
]]></system-err>
  </testcase>
  <testcase name="Check login valid with valid information #1" classname="Test the login functionality" time="17.384">
    <error message="no such window: target window already closed&#10;from unknown error: web view not found&#10;  (Session info: chrome=120.0.6099.130)&#10;Build info: version: &apos;4.16.1&apos;, revision: &apos;9b4c83354e&apos;&#10;System info: os.name: &apos;Windows 10&apos;, os.arch: &apos;amd64&apos;, os.version: &apos;10.0&apos;, java.version: &apos;21.0.1&apos;&#10;Driver info: org.openqa.selenium.chrome.ChromeDriver&#10;Command: [0afe681429ac41550dc1ea881e810c5a, findElement {using=xpath, value=/html/body/div[2]/header/div[1]/div/ul/li[2]/a}]&#10;Capabilities {acceptInsecureCerts: false, browserName: chrome, browserVersion: 120.0.6099.130, chrome: {chromedriverVersion: 120.0.6099.109 (3419140ab66..., userDataDir: C:\Users\info\AppData\Local...}, fedcm:accounts: true, goog:chromeOptions: {debuggerAddress: localhost:52081}, networkConnectionEnabled: false, pageLoadStrategy: normal, platformName: windows, proxy: Proxy(), se:cdp: ws://localhost:52081/devtoo..., se:cdpVersion: 120.0.6099.130, setWindowRect: true, strictFileInteractability: false, timeouts: {implicit: 0, pageLoad: 300000, script: 30000}, unhandledPromptBehavior: dismiss and notify, webauthn:extension:credBlob: true, webauthn:extension:largeBlob: true, webauthn:extension:minPinLength: true, webauthn:extension:prf: true, webauthn:virtualAuthenticators: true}&#10;Session ID: 0afe681429ac41550dc1ea881e810c5a" type="org.openqa.selenium.NoSuchWindowException"><![CDATA[org.openqa.selenium.NoSuchWindowException: 
no such window: target window already closed
from unknown error: web view not found
  (Session info: chrome=120.0.6099.130)
Build info: version: '4.16.1', revision: '9b4c83354e'
System info: os.name: 'Windows 10', os.arch: 'amd64', os.version: '10.0', java.version: '21.0.1'
Driver info: org.openqa.selenium.chrome.ChromeDriver
Command: [0afe681429ac41550dc1ea881e810c5a, findElement {using=xpath, value=/html/body/div[2]/header/div[1]/div/ul/li[2]/a}]
Capabilities {acceptInsecureCerts: false, browserName: chrome, browserVersion: 120.0.6099.130, chrome: {chromedriverVersion: 120.0.6099.109 (3419140ab66..., userDataDir: C:\Users\info\AppData\Local...}, fedcm:accounts: true, goog:chromeOptions: {debuggerAddress: localhost:52081}, networkConnectionEnabled: false, pageLoadStrategy: normal, platformName: windows, proxy: Proxy(), se:cdp: ws://localhost:52081/devtoo..., se:cdpVersion: 120.0.6099.130, setWindowRect: true, strictFileInteractability: false, timeouts: {implicit: 0, pageLoad: 300000, script: 30000}, unhandledPromptBehavior: dismiss and notify, webauthn:extension:credBlob: true, webauthn:extension:largeBlob: true, webauthn:extension:minPinLength: true, webauthn:extension:prf: true, webauthn:virtualAuthenticators: true}
Session ID: 0afe681429ac41550dc1ea881e810c5a
	at java.base/jdk.internal.reflect.DirectConstructorHandleAccessor.newInstance(DirectConstructorHandleAccessor.java:62)
	at java.base/java.lang.reflect.Constructor.newInstanceWithCaller(Constructor.java:502)
	at java.base/java.lang.reflect.Constructor.newInstance(Constructor.java:486)
	at org.openqa.selenium.remote.codec.w3c.W3CHttpResponseCodec.createException(W3CHttpResponseCodec.java:200)
	at org.openqa.selenium.remote.codec.w3c.W3CHttpResponseCodec.decode(W3CHttpResponseCodec.java:133)
	at org.openqa.selenium.remote.codec.w3c.W3CHttpResponseCodec.decode(W3CHttpResponseCodec.java:52)
	at org.openqa.selenium.remote.HttpCommandExecutor.execute(HttpCommandExecutor.java:191)
	at org.openqa.selenium.remote.service.DriverCommandExecutor.invokeExecute(DriverCommandExecutor.java:200)
	at org.openqa.selenium.remote.service.DriverCommandExecutor.execute(DriverCommandExecutor.java:175)
	at org.openqa.selenium.remote.RemoteWebDriver.execute(RemoteWebDriver.java:523)
	at org.openqa.selenium.remote.ElementLocation$ElementFinder$2.findElement(ElementLocation.java:165)
	at org.openqa.selenium.remote.ElementLocation.findElement(ElementLocation.java:59)
	at org.openqa.selenium.remote.RemoteWebDriver.findElement(RemoteWebDriver.java:360)
	at org.openqa.selenium.remote.RemoteWebDriver.findElement(RemoteWebDriver.java:354)
	at com.sdetadda.allure.Login.the_user_is_on_the_login_page_for_login(Login.java:61)
	at ✽.the user is on the login page for login(file:///C:/Users/info/eclipse-workspace/AllureReportDemo/src/test/resources/Features/Login.feature:23)
]]></error>
    <system-out><![CDATA[
@google @search @severity=blocker @issue=6 @tmsLink=45678
Scenario: Check login valid with valid information                                      # src/test/resources/Features/Login.feature:30
10:31:58.538 [main] DEBUG io.github.bonigarcia.wdm.WebDriverManager -- Using WebDriverManager 5.6.2
10:31:58.572 [main] WARN io.github.bonigarcia.wdm.versions.VersionDetector -- Exception reading CfT URL ('null') to get version of chromedriver (For input string: "120.0.6099.63")
10:31:58.572 [main] DEBUG org.apache.hc.client5.http.impl.classic.InternalHttpClient -- ex-0000000019 preparing request execution
10:31:58.572 [main] DEBUG org.apache.hc.client5.http.impl.classic.ProtocolExec -- ex-0000000019 target auth state: UNCHALLENGED
10:31:58.572 [main] DEBUG org.apache.hc.client5.http.impl.classic.ProtocolExec -- ex-0000000019 proxy auth state: UNCHALLENGED
10:31:58.572 [main] DEBUG org.apache.hc.client5.http.impl.classic.ConnectExec -- ex-0000000019 acquiring connection with route {s}->https://googlechromelabs.github.io:443
10:31:58.572 [main] DEBUG org.apache.hc.client5.http.impl.classic.InternalHttpClient -- ex-0000000019 acquiring endpoint (3 MINUTES)
10:31:58.572 [main] DEBUG org.apache.hc.client5.http.impl.io.PoolingHttpClientConnectionManager -- ex-0000000019 endpoint lease request (3 MINUTES) [route: {s}->https://googlechromelabs.github.io:443][total available: 0; route allocated: 0 of 5; total allocated: 0 of 25]
10:31:58.573 [main] DEBUG org.apache.hc.client5.http.impl.io.PoolingHttpClientConnectionManager -- ex-0000000019 endpoint leased [route: {s}->https://googlechromelabs.github.io:443][total available: 0; route allocated: 1 of 5; total allocated: 1 of 25]
10:31:58.573 [main] DEBUG org.apache.hc.client5.http.impl.io.PoolingHttpClientConnectionManager -- ex-0000000019 acquired ep-0000000019
10:31:58.573 [main] DEBUG org.apache.hc.client5.http.impl.classic.InternalHttpClient -- ex-0000000019 acquired endpoint ep-0000000019
10:31:58.573 [main] DEBUG org.apache.hc.client5.http.impl.classic.ConnectExec -- ex-0000000019 opening connection {s}->https://googlechromelabs.github.io:443
10:31:58.573 [main] DEBUG org.apache.hc.client5.http.impl.classic.InternalHttpClient -- ep-0000000019 connecting endpoint (null)
10:31:58.573 [main] DEBUG org.apache.hc.client5.http.impl.io.PoolingHttpClientConnectionManager -- ep-0000000019 connecting endpoint to https://googlechromelabs.github.io:443 (30 SECONDS)
10:31:58.573 [main] DEBUG org.apache.hc.client5.http.impl.io.DefaultHttpClientConnectionOperator -- googlechromelabs.github.io resolving remote address
10:31:58.573 [main] DEBUG org.apache.hc.client5.http.impl.io.DefaultHttpClientConnectionOperator -- googlechromelabs.github.io resolved to [googlechromelabs.github.io/185.199.110.153, googlechromelabs.github.io/185.199.111.153, googlechromelabs.github.io/185.199.108.153, googlechromelabs.github.io/185.199.109.153]
10:31:58.573 [main] DEBUG org.apache.hc.client5.http.impl.io.DefaultHttpClientConnectionOperator -- googlechromelabs.github.io:443 connecting null->googlechromelabs.github.io/185.199.110.153:443 (30 SECONDS)
10:31:58.574 [main] DEBUG org.apache.hc.client5.http.ssl.SSLConnectionSocketFactory -- Connecting socket to googlechromelabs.github.io/185.199.110.153:443 with timeout 30 SECONDS
10:31:58.613 [main] DEBUG org.apache.hc.client5.http.ssl.SSLConnectionSocketFactory -- Enabled protocols: [TLSv1.3, TLSv1.2]
10:31:58.613 [main] DEBUG org.apache.hc.client5.http.ssl.SSLConnectionSocketFactory -- Enabled cipher suites: [TLS_AES_256_GCM_SHA384, TLS_AES_128_GCM_SHA256, TLS_CHACHA20_POLY1305_SHA256, TLS_ECDHE_ECDSA_WITH_AES_256_GCM_SHA384, TLS_ECDHE_ECDSA_WITH_AES_128_GCM_SHA256, TLS_ECDHE_ECDSA_WITH_CHACHA20_POLY1305_SHA256, TLS_ECDHE_RSA_WITH_AES_256_GCM_SHA384, TLS_ECDHE_RSA_WITH_CHACHA20_POLY1305_SHA256, TLS_ECDHE_RSA_WITH_AES_128_GCM_SHA256, TLS_DHE_RSA_WITH_AES_256_GCM_SHA384, TLS_DHE_RSA_WITH_CHACHA20_POLY1305_SHA256, TLS_DHE_DSS_WITH_AES_256_GCM_SHA384, TLS_DHE_RSA_WITH_AES_128_GCM_SHA256, TLS_DHE_DSS_WITH_AES_128_GCM_SHA256, TLS_ECDHE_ECDSA_WITH_AES_256_CBC_SHA384, TLS_ECDHE_RSA_WITH_AES_256_CBC_SHA384, TLS_ECDHE_ECDSA_WITH_AES_128_CBC_SHA256, TLS_ECDHE_RSA_WITH_AES_128_CBC_SHA256, TLS_DHE_RSA_WITH_AES_256_CBC_SHA256, TLS_DHE_DSS_WITH_AES_256_CBC_SHA256, TLS_DHE_RSA_WITH_AES_128_CBC_SHA256, TLS_DHE_DSS_WITH_AES_128_CBC_SHA256, TLS_ECDHE_ECDSA_WITH_AES_256_CBC_SHA, TLS_ECDHE_RSA_WITH_AES_256_CBC_SHA, TLS_ECDHE_ECDSA_WITH_AES_128_CBC_SHA, TLS_ECDHE_RSA_WITH_AES_128_CBC_SHA, TLS_DHE_RSA_WITH_AES_256_CBC_SHA, TLS_DHE_DSS_WITH_AES_256_CBC_SHA, TLS_DHE_RSA_WITH_AES_128_CBC_SHA, TLS_DHE_DSS_WITH_AES_128_CBC_SHA, TLS_RSA_WITH_AES_256_GCM_SHA384, TLS_RSA_WITH_AES_128_GCM_SHA256, TLS_RSA_WITH_AES_256_CBC_SHA256, TLS_RSA_WITH_AES_128_CBC_SHA256, TLS_RSA_WITH_AES_256_CBC_SHA, TLS_RSA_WITH_AES_128_CBC_SHA, TLS_EMPTY_RENEGOTIATION_INFO_SCSV]
10:31:58.613 [main] DEBUG org.apache.hc.client5.http.ssl.SSLConnectionSocketFactory -- Starting handshake (null)
10:31:58.674 [main] DEBUG org.apache.hc.client5.http.ssl.SSLConnectionSocketFactory -- Secure session established
10:31:58.674 [main] DEBUG org.apache.hc.client5.http.ssl.SSLConnectionSocketFactory --  negotiated protocol: TLSv1.3
10:31:58.674 [main] DEBUG org.apache.hc.client5.http.ssl.SSLConnectionSocketFactory --  negotiated cipher suite: TLS_AES_128_GCM_SHA256
10:31:58.675 [main] DEBUG org.apache.hc.client5.http.ssl.SSLConnectionSocketFactory --  peer principal: CN=*.github.io, O="GitHub, Inc.", L=San Francisco, ST=California, C=US
10:31:58.675 [main] DEBUG org.apache.hc.client5.http.ssl.SSLConnectionSocketFactory --  peer alternative names: [*.github.io, github.io, *.github.com, github.com, www.github.com, *.githubusercontent.com, githubusercontent.com]
10:31:58.675 [main] DEBUG org.apache.hc.client5.http.ssl.SSLConnectionSocketFactory --  issuer principal: CN=DigiCert TLS RSA SHA256 2020 CA1, O=DigiCert Inc, C=US
10:31:58.675 [main] DEBUG org.apache.hc.client5.http.impl.io.DefaultManagedHttpClientConnection -- http-outgoing-18 set socket timeout to 3 MINUTES
10:31:58.675 [main] DEBUG org.apache.hc.client5.http.impl.io.DefaultHttpClientConnectionOperator -- googlechromelabs.github.io:443 connected null->googlechromelabs.github.io/185.199.110.153:443 as http-outgoing-18
10:31:58.675 [main] DEBUG org.apache.hc.client5.http.impl.io.PoolingHttpClientConnectionManager -- ep-0000000019 connected http-outgoing-18
10:31:58.675 [main] DEBUG org.apache.hc.client5.http.impl.classic.InternalHttpClient -- ep-0000000019 endpoint connected
10:31:58.675 [main] DEBUG org.apache.hc.client5.http.impl.classic.MainClientExec -- ex-0000000019 executing GET /chrome-for-testing/LATEST_RELEASE_120.0.6099.63 HTTP/1.1
10:31:58.675 [main] DEBUG org.apache.hc.client5.http.protocol.RequestAddCookies -- ex-0000000019 Cookie spec selected: strict
10:31:58.675 [main] DEBUG org.apache.hc.client5.http.impl.classic.InternalHttpClient -- ep-0000000019 start execution ex-0000000019
10:31:58.675 [main] DEBUG org.apache.hc.client5.http.impl.io.PoolingHttpClientConnectionManager -- ep-0000000019 executing exchange ex-0000000019 over http-outgoing-18
10:31:58.676 [main] DEBUG org.apache.hc.client5.http.headers -- http-outgoing-18 >> GET /chrome-for-testing/LATEST_RELEASE_120.0.6099.63 HTTP/1.1
10:31:58.676 [main] DEBUG org.apache.hc.client5.http.headers -- http-outgoing-18 >> user-agent: Apache-HttpClient/5.0
10:31:58.676 [main] DEBUG org.apache.hc.client5.http.headers -- http-outgoing-18 >> accept-encoding: gzip, deflate, br
10:31:58.676 [main] DEBUG org.apache.hc.client5.http.headers -- http-outgoing-18 >> cache-control: max-age=0
10:31:58.676 [main] DEBUG org.apache.hc.client5.http.headers -- http-outgoing-18 >> connection: keep-alive
10:31:58.676 [main] DEBUG org.apache.hc.client5.http.headers -- http-outgoing-18 >> Host: googlechromelabs.github.io
10:31:58.676 [main] DEBUG org.apache.hc.client5.http.wire -- http-outgoing-18 >> "GET /chrome-for-testing/LATEST_RELEASE_120.0.6099.63 HTTP/1.1[\r][\n]"
10:31:58.676 [main] DEBUG org.apache.hc.client5.http.wire -- http-outgoing-18 >> "user-agent: Apache-HttpClient/5.0[\r][\n]"
10:31:58.676 [main] DEBUG org.apache.hc.client5.http.wire -- http-outgoing-18 >> "accept-encoding: gzip, deflate, br[\r][\n]"
10:31:58.676 [main] DEBUG org.apache.hc.client5.http.wire -- http-outgoing-18 >> "cache-control: max-age=0[\r][\n]"
10:31:58.676 [main] DEBUG org.apache.hc.client5.http.wire -- http-outgoing-18 >> "connection: keep-alive[\r][\n]"
10:31:58.676 [main] DEBUG org.apache.hc.client5.http.wire -- http-outgoing-18 >> "Host: googlechromelabs.github.io[\r][\n]"
10:31:58.676 [main] DEBUG org.apache.hc.client5.http.wire -- http-outgoing-18 >> "[\r][\n]"
10:31:58.716 [main] DEBUG org.apache.hc.client5.http.wire -- http-outgoing-18 << "HTTP/1.1 404 Not Found[\r][\n]"
10:31:58.716 [main] DEBUG org.apache.hc.client5.http.wire -- http-outgoing-18 << "Connection: keep-alive[\r][\n]"
10:31:58.716 [main] DEBUG org.apache.hc.client5.http.wire -- http-outgoing-18 << "Content-Length: 5254[\r][\n]"
10:31:58.716 [main] DEBUG org.apache.hc.client5.http.wire -- http-outgoing-18 << "Server: GitHub.com[\r][\n]"
10:31:58.716 [main] DEBUG org.apache.hc.client5.http.wire -- http-outgoing-18 << "Content-Type: text/html; charset=utf-8[\r][\n]"
10:31:58.716 [main] DEBUG org.apache.hc.client5.http.wire -- http-outgoing-18 << "permissions-policy: interest-cohort=()[\r][\n]"
10:31:58.716 [main] DEBUG org.apache.hc.client5.http.wire -- http-outgoing-18 << "x-origin-cache: HIT[\r][\n]"
10:31:58.716 [main] DEBUG org.apache.hc.client5.http.wire -- http-outgoing-18 << "Access-Control-Allow-Origin: *[\r][\n]"
10:31:58.716 [main] DEBUG org.apache.hc.client5.http.wire -- http-outgoing-18 << "Strict-Transport-Security: max-age=31556952[\r][\n]"
10:31:58.716 [main] DEBUG org.apache.hc.client5.http.wire -- http-outgoing-18 << "ETag: W/"64d39a40-24a3"[\r][\n]"
10:31:58.716 [main] DEBUG org.apache.hc.client5.http.wire -- http-outgoing-18 << "Content-Security-Policy: default-src 'none'; style-src 'unsafe-inline'; img-src data:; connect-src 'self'[\r][\n]"
10:31:58.716 [main] DEBUG org.apache.hc.client5.http.wire -- http-outgoing-18 << "Content-Encoding: gzip[\r][\n]"
10:31:58.716 [main] DEBUG org.apache.hc.client5.http.wire -- http-outgoing-18 << "x-proxy-cache: MISS[\r][\n]"
10:31:58.716 [main] DEBUG org.apache.hc.client5.http.wire -- http-outgoing-18 << "X-GitHub-Request-Id: D770:36888F:8DAD80:90719A:658D4063[\r][\n]"
10:31:58.716 [main] DEBUG org.apache.hc.client5.http.wire -- http-outgoing-18 << "Accept-Ranges: bytes[\r][\n]"
10:31:58.716 [main] DEBUG org.apache.hc.client5.http.wire -- http-outgoing-18 << "Date: Thu, 28 Dec 2023 09:32:00 GMT[\r][\n]"
10:31:58.716 [main] DEBUG org.apache.hc.client5.http.wire -- http-outgoing-18 << "Via: 1.1 varnish[\r][\n]"
10:31:58.716 [main] DEBUG org.apache.hc.client5.http.wire -- http-outgoing-18 << "Age: 44[\r][\n]"
10:31:58.716 [main] DEBUG org.apache.hc.client5.http.wire -- http-outgoing-18 << "X-Served-By: cache-mad22064-MAD[\r][\n]"
10:31:58.717 [main] DEBUG org.apache.hc.client5.http.wire -- http-outgoing-18 << "X-Cache: HIT[\r][\n]"
10:31:58.717 [main] DEBUG org.apache.hc.client5.http.wire -- http-outgoing-18 << "X-Cache-Hits: 1[\r][\n]"
10:31:58.717 [main] DEBUG org.apache.hc.client5.http.wire -- http-outgoing-18 << "X-Timer: S1703755920.206256,VS0,VE1[\r][\n]"
10:31:58.717 [main] DEBUG org.apache.hc.client5.http.wire -- http-outgoing-18 << "Vary: Accept-Encoding[\r][\n]"
10:31:58.717 [main] DEBUG org.apache.hc.client5.http.wire -- http-outgoing-18 << "X-Fastly-Request-ID: b16d4cd4a573af88ff841ca42e2c12a8932124ee[\r][\n]"
10:31:58.717 [main] DEBUG org.apache.hc.client5.http.wire -- http-outgoing-18 << "[\r][\n]"
10:31:58.717 [main] DEBUG org.apache.hc.client5.http.headers -- http-outgoing-18 << HTTP/1.1 404 Not Found
10:31:58.717 [main] DEBUG org.apache.hc.client5.http.headers -- http-outgoing-18 << Connection: keep-alive
10:31:58.717 [main] DEBUG org.apache.hc.client5.http.headers -- http-outgoing-18 << Content-Length: 5254
10:31:58.717 [main] DEBUG org.apache.hc.client5.http.headers -- http-outgoing-18 << Server: GitHub.com
10:31:58.717 [main] DEBUG org.apache.hc.client5.http.headers -- http-outgoing-18 << Content-Type: text/html; charset=utf-8
10:31:58.717 [main] DEBUG org.apache.hc.client5.http.headers -- http-outgoing-18 << permissions-policy: interest-cohort=()
10:31:58.717 [main] DEBUG org.apache.hc.client5.http.headers -- http-outgoing-18 << x-origin-cache: HIT
10:31:58.717 [main] DEBUG org.apache.hc.client5.http.headers -- http-outgoing-18 << Access-Control-Allow-Origin: *
10:31:58.717 [main] DEBUG org.apache.hc.client5.http.headers -- http-outgoing-18 << Strict-Transport-Security: max-age=31556952
10:31:58.717 [main] DEBUG org.apache.hc.client5.http.headers -- http-outgoing-18 << ETag: W/"64d39a40-24a3"
10:31:58.717 [main] DEBUG org.apache.hc.client5.http.headers -- http-outgoing-18 << Content-Security-Policy: default-src 'none'; style-src 'unsafe-inline'; img-src data:; connect-src 'self'
10:31:58.717 [main] DEBUG org.apache.hc.client5.http.headers -- http-outgoing-18 << Content-Encoding: gzip
10:31:58.717 [main] DEBUG org.apache.hc.client5.http.headers -- http-outgoing-18 << x-proxy-cache: MISS
10:31:58.717 [main] DEBUG org.apache.hc.client5.http.headers -- http-outgoing-18 << X-GitHub-Request-Id: D770:36888F:8DAD80:90719A:658D4063
10:31:58.717 [main] DEBUG org.apache.hc.client5.http.headers -- http-outgoing-18 << Accept-Ranges: bytes
10:31:58.717 [main] DEBUG org.apache.hc.client5.http.headers -- http-outgoing-18 << Date: Thu, 28 Dec 2023 09:32:00 GMT
10:31:58.717 [main] DEBUG org.apache.hc.client5.http.headers -- http-outgoing-18 << Via: 1.1 varnish
10:31:58.717 [main] DEBUG org.apache.hc.client5.http.headers -- http-outgoing-18 << Age: 44
10:31:58.717 [main] DEBUG org.apache.hc.client5.http.headers -- http-outgoing-18 << X-Served-By: cache-mad22064-MAD
10:31:58.717 [main] DEBUG org.apache.hc.client5.http.headers -- http-outgoing-18 << X-Cache: HIT
10:31:58.717 [main] DEBUG org.apache.hc.client5.http.headers -- http-outgoing-18 << X-Cache-Hits: 1
10:31:58.717 [main] DEBUG org.apache.hc.client5.http.headers -- http-outgoing-18 << X-Timer: S1703755920.206256,VS0,VE1
10:31:58.717 [main] DEBUG org.apache.hc.client5.http.headers -- http-outgoing-18 << Vary: Accept-Encoding
10:31:58.717 [main] DEBUG org.apache.hc.client5.http.headers -- http-outgoing-18 << X-Fastly-Request-ID: b16d4cd4a573af88ff841ca42e2c12a8932124ee
10:31:58.718 [main] DEBUG org.apache.hc.client5.http.impl.classic.MainClientExec -- ex-0000000019 connection can be kept alive for 3 MINUTES
10:31:58.718 [main] ERROR io.github.bonigarcia.wdm.online.HttpClient -- Error HTTP 404 executing https://googlechromelabs.github.io/chrome-for-testing/LATEST_RELEASE_120.0.6099.63
10:31:58.718 [main] WARN io.github.bonigarcia.wdm.versions.VersionDetector -- Exception reading https://googlechromelabs.github.io/chrome-for-testing/LATEST_RELEASE_120.0.6099.63 to get latest version of chromedriver (Error HTTP 404 executing https://googlechromelabs.github.io/chrome-for-testing/LATEST_RELEASE_120.0.6099.63)
10:31:58.719 [main] DEBUG io.github.bonigarcia.wdm.versions.VersionDetector -- Getting driver version for chrome120.0.6099.63 from online versions.properties
10:31:58.720 [main] DEBUG org.apache.hc.client5.http.impl.classic.InternalHttpClient -- ex-0000000020 preparing request execution
10:31:58.720 [main] DEBUG org.apache.hc.client5.http.impl.classic.ProtocolExec -- ex-0000000020 target auth state: UNCHALLENGED
10:31:58.720 [main] DEBUG org.apache.hc.client5.http.impl.classic.ProtocolExec -- ex-0000000020 proxy auth state: UNCHALLENGED
10:31:58.720 [main] DEBUG org.apache.hc.client5.http.impl.classic.ConnectExec -- ex-0000000020 acquiring connection with route {s}->https://raw.githubusercontent.com:443
10:31:58.721 [main] DEBUG org.apache.hc.client5.http.impl.classic.InternalHttpClient -- ex-0000000020 acquiring endpoint (3 MINUTES)
10:31:58.721 [main] DEBUG org.apache.hc.client5.http.impl.io.PoolingHttpClientConnectionManager -- ex-0000000020 endpoint lease request (3 MINUTES) [route: {s}->https://raw.githubusercontent.com:443][total available: 0; route allocated: 0 of 5; total allocated: 1 of 25]
10:31:58.721 [main] DEBUG org.apache.hc.client5.http.impl.io.PoolingHttpClientConnectionManager -- ex-0000000020 endpoint leased [route: {s}->https://raw.githubusercontent.com:443][total available: 0; route allocated: 1 of 5; total allocated: 2 of 25]
10:31:58.721 [main] DEBUG org.apache.hc.client5.http.impl.io.PoolingHttpClientConnectionManager -- ex-0000000020 acquired ep-0000000020
10:31:58.721 [main] DEBUG org.apache.hc.client5.http.impl.classic.InternalHttpClient -- ex-0000000020 acquired endpoint ep-0000000020
10:31:58.721 [main] DEBUG org.apache.hc.client5.http.impl.classic.ConnectExec -- ex-0000000020 opening connection {s}->https://raw.githubusercontent.com:443
10:31:58.721 [main] DEBUG org.apache.hc.client5.http.impl.classic.InternalHttpClient -- ep-0000000020 connecting endpoint (null)
10:31:58.721 [main] DEBUG org.apache.hc.client5.http.impl.io.PoolingHttpClientConnectionManager -- ep-0000000020 connecting endpoint to https://raw.githubusercontent.com:443 (30 SECONDS)
10:31:58.721 [main] DEBUG org.apache.hc.client5.http.impl.io.DefaultHttpClientConnectionOperator -- raw.githubusercontent.com resolving remote address
10:31:58.721 [main] DEBUG org.apache.hc.client5.http.impl.io.DefaultHttpClientConnectionOperator -- raw.githubusercontent.com resolved to [raw.githubusercontent.com/185.199.109.133, raw.githubusercontent.com/185.199.110.133, raw.githubusercontent.com/185.199.108.133, raw.githubusercontent.com/185.199.111.133]
10:31:58.721 [main] DEBUG org.apache.hc.client5.http.impl.io.DefaultHttpClientConnectionOperator -- raw.githubusercontent.com:443 connecting null->raw.githubusercontent.com/185.199.109.133:443 (30 SECONDS)
10:31:58.722 [main] DEBUG org.apache.hc.client5.http.ssl.SSLConnectionSocketFactory -- Connecting socket to raw.githubusercontent.com/185.199.109.133:443 with timeout 30 SECONDS
10:31:58.763 [main] DEBUG org.apache.hc.client5.http.ssl.SSLConnectionSocketFactory -- Enabled protocols: [TLSv1.3, TLSv1.2]
10:31:58.763 [main] DEBUG org.apache.hc.client5.http.ssl.SSLConnectionSocketFactory -- Enabled cipher suites: [TLS_AES_256_GCM_SHA384, TLS_AES_128_GCM_SHA256, TLS_CHACHA20_POLY1305_SHA256, TLS_ECDHE_ECDSA_WITH_AES_256_GCM_SHA384, TLS_ECDHE_ECDSA_WITH_AES_128_GCM_SHA256, TLS_ECDHE_ECDSA_WITH_CHACHA20_POLY1305_SHA256, TLS_ECDHE_RSA_WITH_AES_256_GCM_SHA384, TLS_ECDHE_RSA_WITH_CHACHA20_POLY1305_SHA256, TLS_ECDHE_RSA_WITH_AES_128_GCM_SHA256, TLS_DHE_RSA_WITH_AES_256_GCM_SHA384, TLS_DHE_RSA_WITH_CHACHA20_POLY1305_SHA256, TLS_DHE_DSS_WITH_AES_256_GCM_SHA384, TLS_DHE_RSA_WITH_AES_128_GCM_SHA256, TLS_DHE_DSS_WITH_AES_128_GCM_SHA256, TLS_ECDHE_ECDSA_WITH_AES_256_CBC_SHA384, TLS_ECDHE_RSA_WITH_AES_256_CBC_SHA384, TLS_ECDHE_ECDSA_WITH_AES_128_CBC_SHA256, TLS_ECDHE_RSA_WITH_AES_128_CBC_SHA256, TLS_DHE_RSA_WITH_AES_256_CBC_SHA256, TLS_DHE_DSS_WITH_AES_256_CBC_SHA256, TLS_DHE_RSA_WITH_AES_128_CBC_SHA256, TLS_DHE_DSS_WITH_AES_128_CBC_SHA256, TLS_ECDHE_ECDSA_WITH_AES_256_CBC_SHA, TLS_ECDHE_RSA_WITH_AES_256_CBC_SHA, TLS_ECDHE_ECDSA_WITH_AES_128_CBC_SHA, TLS_ECDHE_RSA_WITH_AES_128_CBC_SHA, TLS_DHE_RSA_WITH_AES_256_CBC_SHA, TLS_DHE_DSS_WITH_AES_256_CBC_SHA, TLS_DHE_RSA_WITH_AES_128_CBC_SHA, TLS_DHE_DSS_WITH_AES_128_CBC_SHA, TLS_RSA_WITH_AES_256_GCM_SHA384, TLS_RSA_WITH_AES_128_GCM_SHA256, TLS_RSA_WITH_AES_256_CBC_SHA256, TLS_RSA_WITH_AES_128_CBC_SHA256, TLS_RSA_WITH_AES_256_CBC_SHA, TLS_RSA_WITH_AES_128_CBC_SHA, TLS_EMPTY_RENEGOTIATION_INFO_SCSV]
10:31:58.763 [main] DEBUG org.apache.hc.client5.http.ssl.SSLConnectionSocketFactory -- Starting handshake (null)
10:31:58.817 [main] DEBUG org.apache.hc.client5.http.ssl.SSLConnectionSocketFactory -- Secure session established
10:31:58.817 [main] DEBUG org.apache.hc.client5.http.ssl.SSLConnectionSocketFactory --  negotiated protocol: TLSv1.3
10:31:58.817 [main] DEBUG org.apache.hc.client5.http.ssl.SSLConnectionSocketFactory --  negotiated cipher suite: TLS_AES_128_GCM_SHA256
10:31:58.817 [main] DEBUG org.apache.hc.client5.http.ssl.SSLConnectionSocketFactory --  peer principal: CN=*.github.io, O="GitHub, Inc.", L=San Francisco, ST=California, C=US
10:31:58.817 [main] DEBUG org.apache.hc.client5.http.ssl.SSLConnectionSocketFactory --  peer alternative names: [*.github.io, github.io, *.github.com, github.com, www.github.com, *.githubusercontent.com, githubusercontent.com]
10:31:58.817 [main] DEBUG org.apache.hc.client5.http.ssl.SSLConnectionSocketFactory --  issuer principal: CN=DigiCert TLS RSA SHA256 2020 CA1, O=DigiCert Inc, C=US
10:31:58.817 [main] DEBUG org.apache.hc.client5.http.impl.io.DefaultManagedHttpClientConnection -- http-outgoing-19 set socket timeout to 3 MINUTES
10:31:58.817 [main] DEBUG org.apache.hc.client5.http.impl.io.DefaultHttpClientConnectionOperator -- raw.githubusercontent.com:443 connected null->raw.githubusercontent.com/185.199.109.133:443 as http-outgoing-19
10:31:58.817 [main] DEBUG org.apache.hc.client5.http.impl.io.PoolingHttpClientConnectionManager -- ep-0000000020 connected http-outgoing-19
10:31:58.817 [main] DEBUG org.apache.hc.client5.http.impl.classic.InternalHttpClient -- ep-0000000020 endpoint connected
10:31:58.817 [main] DEBUG org.apache.hc.client5.http.impl.classic.MainClientExec -- ex-0000000020 executing GET /bonigarcia/webdrivermanager/master/src/main/resources/versions.properties HTTP/1.1
10:31:58.817 [main] DEBUG org.apache.hc.client5.http.protocol.RequestAddCookies -- ex-0000000020 Cookie spec selected: strict
10:31:58.817 [main] DEBUG org.apache.hc.client5.http.impl.classic.InternalHttpClient -- ep-0000000020 start execution ex-0000000020
10:31:58.817 [main] DEBUG org.apache.hc.client5.http.impl.io.PoolingHttpClientConnectionManager -- ep-0000000020 executing exchange ex-0000000020 over http-outgoing-19
10:31:58.818 [main] DEBUG org.apache.hc.client5.http.headers -- http-outgoing-19 >> GET /bonigarcia/webdrivermanager/master/src/main/resources/versions.properties HTTP/1.1
10:31:58.818 [main] DEBUG org.apache.hc.client5.http.headers -- http-outgoing-19 >> user-agent: Apache-HttpClient/5.0
10:31:58.818 [main] DEBUG org.apache.hc.client5.http.headers -- http-outgoing-19 >> accept-encoding: gzip, deflate, br
10:31:58.818 [main] DEBUG org.apache.hc.client5.http.headers -- http-outgoing-19 >> cache-control: max-age=0
10:31:58.818 [main] DEBUG org.apache.hc.client5.http.headers -- http-outgoing-19 >> connection: keep-alive
10:31:58.818 [main] DEBUG org.apache.hc.client5.http.headers -- http-outgoing-19 >> Host: raw.githubusercontent.com
10:31:58.818 [main] DEBUG org.apache.hc.client5.http.wire -- http-outgoing-19 >> "GET /bonigarcia/webdrivermanager/master/src/main/resources/versions.properties HTTP/1.1[\r][\n]"
10:31:58.818 [main] DEBUG org.apache.hc.client5.http.wire -- http-outgoing-19 >> "user-agent: Apache-HttpClient/5.0[\r][\n]"
10:31:58.818 [main] DEBUG org.apache.hc.client5.http.wire -- http-outgoing-19 >> "accept-encoding: gzip, deflate, br[\r][\n]"
10:31:58.818 [main] DEBUG org.apache.hc.client5.http.wire -- http-outgoing-19 >> "cache-control: max-age=0[\r][\n]"
10:31:58.818 [main] DEBUG org.apache.hc.client5.http.wire -- http-outgoing-19 >> "connection: keep-alive[\r][\n]"
10:31:58.818 [main] DEBUG org.apache.hc.client5.http.wire -- http-outgoing-19 >> "Host: raw.githubusercontent.com[\r][\n]"
10:31:58.818 [main] DEBUG org.apache.hc.client5.http.wire -- http-outgoing-19 >> "[\r][\n]"
10:31:58.859 [main] DEBUG org.apache.hc.client5.http.wire -- http-outgoing-19 << "HTTP/1.1 200 OK[\r][\n]"
10:31:58.859 [main] DEBUG org.apache.hc.client5.http.wire -- http-outgoing-19 << "Connection: keep-alive[\r][\n]"
10:31:58.859 [main] DEBUG org.apache.hc.client5.http.wire -- http-outgoing-19 << "Content-Length: 1653[\r][\n]"
10:31:58.859 [main] DEBUG org.apache.hc.client5.http.wire -- http-outgoing-19 << "Cache-Control: max-age=300[\r][\n]"
10:31:58.859 [main] DEBUG org.apache.hc.client5.http.wire -- http-outgoing-19 << "Content-Security-Policy: default-src 'none'; style-src 'unsafe-inline'; sandbox[\r][\n]"
10:31:58.860 [main] DEBUG org.apache.hc.client5.http.wire -- http-outgoing-19 << "Content-Type: text/plain; charset=utf-8[\r][\n]"
10:31:58.860 [main] DEBUG org.apache.hc.client5.http.wire -- http-outgoing-19 << "ETag: W/"de56f96e4580ae55450ed6a794662cbdb2b39827f9709095aa3e1e7f6914629d"[\r][\n]"
10:31:58.860 [main] DEBUG org.apache.hc.client5.http.wire -- http-outgoing-19 << "Strict-Transport-Security: max-age=31536000[\r][\n]"
10:31:58.860 [main] DEBUG org.apache.hc.client5.http.wire -- http-outgoing-19 << "X-Content-Type-Options: nosniff[\r][\n]"
10:31:58.860 [main] DEBUG org.apache.hc.client5.http.wire -- http-outgoing-19 << "X-Frame-Options: deny[\r][\n]"
10:31:58.860 [main] DEBUG org.apache.hc.client5.http.wire -- http-outgoing-19 << "X-XSS-Protection: 1; mode=block[\r][\n]"
10:31:58.860 [main] DEBUG org.apache.hc.client5.http.wire -- http-outgoing-19 << "X-GitHub-Request-Id: D5BE:3DFCCC:2516CE:27975C:658D16A0[\r][\n]"
10:31:58.860 [main] DEBUG org.apache.hc.client5.http.wire -- http-outgoing-19 << "Content-Encoding: gzip[\r][\n]"
10:31:58.860 [main] DEBUG org.apache.hc.client5.http.wire -- http-outgoing-19 << "Accept-Ranges: bytes[\r][\n]"
10:31:58.860 [main] DEBUG org.apache.hc.client5.http.wire -- http-outgoing-19 << "Date: Thu, 28 Dec 2023 09:32:00 GMT[\r][\n]"
10:31:58.860 [main] DEBUG org.apache.hc.client5.http.wire -- http-outgoing-19 << "Via: 1.1 varnish[\r][\n]"
10:31:58.860 [main] DEBUG org.apache.hc.client5.http.wire -- http-outgoing-19 << "X-Served-By: cache-mad22049-MAD[\r][\n]"
10:31:58.860 [main] DEBUG org.apache.hc.client5.http.wire -- http-outgoing-19 << "X-Cache: HIT[\r][\n]"
10:31:58.860 [main] DEBUG org.apache.hc.client5.http.wire -- http-outgoing-19 << "X-Cache-Hits: 1[\r][\n]"
10:31:58.860 [main] DEBUG org.apache.hc.client5.http.wire -- http-outgoing-19 << "X-Timer: S1703755920.349544,VS0,VE1[\r][\n]"
10:31:58.860 [main] DEBUG org.apache.hc.client5.http.wire -- http-outgoing-19 << "Vary: Authorization,Accept-Encoding,Origin[\r][\n]"
10:31:58.860 [main] DEBUG org.apache.hc.client5.http.wire -- http-outgoing-19 << "Access-Control-Allow-Origin: *[\r][\n]"
10:31:58.860 [main] DEBUG org.apache.hc.client5.http.wire -- http-outgoing-19 << "Cross-Origin-Resource-Policy: cross-origin[\r][\n]"
10:31:58.860 [main] DEBUG org.apache.hc.client5.http.wire -- http-outgoing-19 << "X-Fastly-Request-ID: c7bf21968783de3d88e687b40cc356a70d25486c[\r][\n]"
10:31:58.860 [main] DEBUG org.apache.hc.client5.http.wire -- http-outgoing-19 << "Expires: Thu, 28 Dec 2023 09:37:00 GMT[\r][\n]"
10:31:58.860 [main] DEBUG org.apache.hc.client5.http.wire -- http-outgoing-19 << "Source-Age: 44[\r][\n]"
10:31:58.860 [main] DEBUG org.apache.hc.client5.http.wire -- http-outgoing-19 << "[\r][\n]"
10:31:58.861 [main] DEBUG org.apache.hc.client5.http.headers -- http-outgoing-19 << HTTP/1.1 200 OK
10:31:58.861 [main] DEBUG org.apache.hc.client5.http.headers -- http-outgoing-19 << Connection: keep-alive
10:31:58.861 [main] DEBUG org.apache.hc.client5.http.headers -- http-outgoing-19 << Content-Length: 1653
10:31:58.861 [main] DEBUG org.apache.hc.client5.http.headers -- http-outgoing-19 << Cache-Control: max-age=300
10:31:58.861 [main] DEBUG org.apache.hc.client5.http.headers -- http-outgoing-19 << Content-Security-Policy: default-src 'none'; style-src 'unsafe-inline'; sandbox
10:31:58.861 [main] DEBUG org.apache.hc.client5.http.headers -- http-outgoing-19 << Content-Type: text/plain; charset=utf-8
10:31:58.861 [main] DEBUG org.apache.hc.client5.http.headers -- http-outgoing-19 << ETag: W/"de56f96e4580ae55450ed6a794662cbdb2b39827f9709095aa3e1e7f6914629d"
10:31:58.861 [main] DEBUG org.apache.hc.client5.http.headers -- http-outgoing-19 << Strict-Transport-Security: max-age=31536000
10:31:58.861 [main] DEBUG org.apache.hc.client5.http.headers -- http-outgoing-19 << X-Content-Type-Options: nosniff
10:31:58.861 [main] DEBUG org.apache.hc.client5.http.headers -- http-outgoing-19 << X-Frame-Options: deny
10:31:58.861 [main] DEBUG org.apache.hc.client5.http.headers -- http-outgoing-19 << X-XSS-Protection: 1; mode=block
10:31:58.861 [main] DEBUG org.apache.hc.client5.http.headers -- http-outgoing-19 << X-GitHub-Request-Id: D5BE:3DFCCC:2516CE:27975C:658D16A0
10:31:58.861 [main] DEBUG org.apache.hc.client5.http.headers -- http-outgoing-19 << Content-Encoding: gzip
10:31:58.861 [main] DEBUG org.apache.hc.client5.http.headers -- http-outgoing-19 << Accept-Ranges: bytes
10:31:58.861 [main] DEBUG org.apache.hc.client5.http.headers -- http-outgoing-19 << Date: Thu, 28 Dec 2023 09:32:00 GMT
10:31:58.861 [main] DEBUG org.apache.hc.client5.http.headers -- http-outgoing-19 << Via: 1.1 varnish
10:31:58.861 [main] DEBUG org.apache.hc.client5.http.headers -- http-outgoing-19 << X-Served-By: cache-mad22049-MAD
10:31:58.861 [main] DEBUG org.apache.hc.client5.http.headers -- http-outgoing-19 << X-Cache: HIT
10:31:58.861 [main] DEBUG org.apache.hc.client5.http.headers -- http-outgoing-19 << X-Cache-Hits: 1
10:31:58.861 [main] DEBUG org.apache.hc.client5.http.headers -- http-outgoing-19 << X-Timer: S1703755920.349544,VS0,VE1
10:31:58.861 [main] DEBUG org.apache.hc.client5.http.headers -- http-outgoing-19 << Vary: Authorization,Accept-Encoding,Origin
10:31:58.861 [main] DEBUG org.apache.hc.client5.http.headers -- http-outgoing-19 << Access-Control-Allow-Origin: *
10:31:58.861 [main] DEBUG org.apache.hc.client5.http.headers -- http-outgoing-19 << Cross-Origin-Resource-Policy: cross-origin
10:31:58.861 [main] DEBUG org.apache.hc.client5.http.headers -- http-outgoing-19 << X-Fastly-Request-ID: c7bf21968783de3d88e687b40cc356a70d25486c
10:31:58.861 [main] DEBUG org.apache.hc.client5.http.headers -- http-outgoing-19 << Expires: Thu, 28 Dec 2023 09:37:00 GMT
10:31:58.861 [main] DEBUG org.apache.hc.client5.http.headers -- http-outgoing-19 << Source-Age: 44
10:31:58.861 [main] DEBUG org.apache.hc.client5.http.impl.classic.MainClientExec -- ex-0000000020 connection can be kept alive for 3 MINUTES
10:31:58.862 [main] DEBUG org.apache.hc.client5.http.wire -- http-outgoing-19 << "[0x1f][0xffffff8b][0x8][0x0][0x0][0x0][0x0][0x0][0x0][0x3][0xffffff8d][0xffffff97]Mo[0xffffffe3]6[0x10][0xffffff86][0xffffffef][0xfffffff9][0x15][0x2]z[0xffffff8e][0xffffffcc][0xffffffcf]![0x19][0xffffff80][0xffffff97]~[0xffffff9e][0xffffff8a][0x1e][0xffffffda]?[0xffffffe0][0xffffffb5][0xffffff95]DX[0xffffffc7][\n]"
10:31:58.863 [main] DEBUG org.apache.hc.client5.http.wire -- http-outgoing-19 << "lg[0xffffffb3][0xffffffe8][0xffffffaf][0xffffffef][0xc][0xffffffc9][0xffffffa1]h[0xffffffaa][0x5]z[0x8]v[0xffffffe7][0xffffffb1]D[0xffffffce][0xffffff90][0xffffffd4][0xffffffcb]w~[0x18][0xfffffffe]z[0xffffff9d][0xffffffaf][0xffffffc3][0xfffffff3]|[0xffffff9a][0xffffff86][0xffffffc3]r[0xffffffbe][0xffffffed][0xffffffe7][0xfffffff3]u[0xffffffb8][0xffffffbd]N[0xffffffc3][0xffffffd7][0xfffffff3][0xfffffff2]y[0x1e][0xffffff8e][0xffffff97][0xfffffff9][0xffffffdb]t[0x19][0xfffffff0][0xffffffef]:/[0xfffffff8][0xffffffcb]ay{[0xffffffdf][0xffffffdf][0xffffffe6]/[0xfffffff8][0xfffffff4][0xffffffe7]|{MO[0x1e][0xffffff96][0xffffffcb]e[0xffffffba][0xffffffbe]/[0xffffffe7][0xffffffe3]|~[0x19][0xffffffbe]\[0xffffff96][0xffffffcf][0xffffffeb][0xfffffffa][0xffffffca][0xffffffc3][0xffffffc3][0xf][0xffffffc3][0xffffff8f][0x19]=[\r][0xffffffbf]-[0xffffffcb][0xb][0xffffffbe][0xfffffff9][0xffffffd3][0xffffffeb]ey[0xffffff9b][0xffffff86][0xfffffffd][0xfffffff9][0xffffff98][0xffffffff];[0x7f][0xffffffbc][\r][0xffffff8f][0xffffffc3][0xffffffcf]i[0xffffffaa][0xffffffa7][0xffffffe1][0xffffff90]~[0xffffffcd][0x13][0xffffffe3][0xffffffcb][0x7f].[0x1f][0xffffff97][0xffffffc3][0xfffffff4]4[0xffffffbc][0xffffffde]n[0xffffffef]O[0xffffffbb]][0xfffffffb][0xffffffeb]x(o[0xffffff8f][0xffffffcb][0xffffffe5]ew[0xffffffc4]|O[0xffffffcb][0xfffffffe]x}[0xffffffc8][0xffffffcf]Hi"[0xfffffffe][0xffffff8d]b[0xffffffb4]N[0xffffffdb]1[0xffffff88][0xffffffca]5rM[0x1c][0xffffff9c][0x1a]AW[0xffffffae][0xffffff90][0xffffffab][0xffffffc4][0xffffffa5][0x1d]M[0xffffffa8]\"[0xffffff97][0xffffffc4]-[0xffffffe8][0x11]L[0xffffffe5][0x2][0xffffffb9] n[0xffffffbc][0x1c][0xffffff9d]c.B[0xffffffc4][0xffffffbf][0xffffffc4]qzW[0xffffff9f][0x17][0x1e][0xffffffb9]'[0xffffffae]m[0x18][0xffffff9d][0xffffffac][0xffffffdc]!w[0xffffff89][0xb]3[0xffffff82][0xffffffaa][0x1c][0xffffff90][0x3]qe[0xffffffc2][0x8][0xffffffeb][0xfffffff3][0x16][0xffffffb9]%.[0xffffff83][0xffffffc5][0x1f]+[0xffffffc7]zE[0xffffffaa][0xffffff97][0xffffffca]p5[0x7f][0xffffff81][0xfffffff5][0xffffff8a]T[0xffffffaf][0x0]1J[0xffffffbd]&[0xffffff84][0x5][0xffffff8b]T[0xffffffb0][0xffffffc0][0xfffffff1][0xffffff9a][0x9][0xffffffb0]`A[0x5][0xffffff9b]`[0xffffffe5]hV[0xffffff8e][0x5][0xb]*[0xffffffd8][0xfffffff8][0x0]#[0xfffffff0][0xffffff82][0xffffff86][0x10]CH[0xffffffd4][0x18][0xffffff9c][0xffffff9b][0xffffffa9][0xffffff8f][0xffffff81][0xffffff8a]5[0xffffffce][0xfffffffa][0x11][0xffffffa7]a[0xffffffec]b[0xffffffa0]Z[\r][0x4][0xffffffb5][0xffffffae]A[0xffffff80][0x18] Q0[0xffffffa3][0xffffffb1]Lm[0xc]6Q[0xffffffed]G[0xffffffe0]z[0xffffff82][0xffffff89][0xffffffc1]$[0xffffff8a][0xffffff8b][0xffffff83][0x1b][0xffffffc9]X[0xffffffc7]@E[0x1a][0xffffffeb][0xffffffdc][0xffffffba][0xffffffa9]A[0xffffffc5][0xffffffa0][0x12][0xffffffc5]-[0xffffffc5]Uf,cH[0x5][0x1a]<[0x1]X+c[0x11]C[0xffffffaa][0xffffffcf]h1*^'[0x1f][0xffffffa2]O[0xfffffff5]i[0xfffffffc]G[0xfffffff1][0xffffffc8][0xffffffde]G[0xffffff9f][0xffffffea][0xffffffd3][0xffffffca][0xffffff8c][0x1][0xffffff98][0xffffffba][0xffffffe8]Sy[0xffffffca][0xffffff8b][0xffffffd1]{[0xffffffa6][0x10]}*O[0x19][0x1c][0xffffff97][0xffffff97][0xffffffc2][0xffffffdb][0xffffffe8]Sy[0xffffffd2][0xffffffeb][0xffffffd1]sj[0xffffffde]D[0xffffff9f][0xffffffca][0xffffff93][0xffffffc6][0xffffff8d][0xffffff9a][0xffffffd7][0xffffffd8][0xffffffeb][0xffffffe8]Su[0xffffffb4][0xffffff93][0xffffff9a][0xffffff97][0xffffffc2][0xffffffcb][0xffffffe8]S[0x19][0x2]W^[0xffffffea]:[0xffffff9d][0xffffff88][0xffffff9e][0xffffffca][0xffffffd0][0x1]s[0xffffffc1]#T[0xffffffb0][0xb][0xffffffd1][0xffffff85][0xffffff84][0xffffff8d][0x1d]u[0xffffffa5]>:[0xffffff9f]([0xffffff9e][0x1d]<W[0xffffff8c]]tT[0xffffff88][0xfffffff6][0xffffff80][0xffffffdf][0x2][0xffffffa7][0xffffffe1] :H[0x14][0xf][0xffffffb8]Tu[0xc][0x1b][0x1d]U[0xffffffa2][0xffffff9d][0xffffffc3][0x3][0xffffffb6]>m[0xffffffa2]3[0x9]+<[0xffffffbf][0xc]utT[0xffffff89][0x6],[0x8]8e[0xffffffa7][0xffffffa2][0xffffffc2][0x1d][0xffffffe5]H[0xffffffde]E[0xffffff82]"N[0xc][0x2]E[0xffffffbc]7[0xffffffe0])[0xffffffe2][0x15][0x5]G[0x11][0xffffffef]&[0x0]E[0xffffff9c][0xc]X[0xffffff8c][0xffffffea][0x12][0xffffff81][0xffffffa1][0xffffff88][0xffffffd7][0x1c]4E<[0x1f]P.[0xffffffba][0xffffffce]G[0xffffffb9][0xffffffd4]o[0x6]([0x17][0xffffffad][0xffffffef]T[0xffffffed][0xfffffff7][0xffffffe5][0xffffffef][0xfffffff9]t[0xffffffda][0xf][0xffffffbf][0xffffffce][0xffffff97][0xffffffe9]y[0xfffffff9][0xffffffde]H[0xffffffd9][0xffffffcb]t[0xfffffff8][0xffffffba][0xfffffffc][0xffffffab][0xffffff92]]Q[0xffffffca]^P@?[0xffffffbe][0xffffff8c]([0xffffffa9][0xffffffbb][0xffffffb7]<[0xffffffc4][0xffffffae]yaw[0xffffff99]N[0xffffffd3][0xfffffffe]:][0x1f][0xffffff9e][0xfffffff3][0xffffffb8]R[0xffffff89][0xffffff88][0xffffffcb][0xffffff86]kW[0xffffff89][0xc][0x1b][0xffffffe2]7[0xffffffc4]m[0x8]l[0xffffff88][0xffffffdd][0x10][0xffffffb3]!zC[0xffffffd4][0xffffff86][0xffffffc8][\r]I9[0xffffffab]QU"B&[0xffffffeb]3[0xffffffc2]o[0xffffff88][0xffffffdb][0x10][0xffffffd8][0x10][0xffffffbb]!)g[0xffffffd9][0x12][0xffffffbd]!jC[0xffffffe4][0xffffff86][0xffffff88][0xffffff8e][0xffffff84][0xffffffd0][0x3][0xffffffdf][0x3][0xffffffd7][0x3][0xffffffe8][0xffffff81][0xffffffed]A[0xffffff9f]m[0xffffffe8][0xffffff93][\r]}[0xffffffae][0xffffffa1]O5P[0xffffffa6][0xfffffff8]m5`<[0xffffffcd][0xffffffe7][0xffffff8f][0xffffffef][0x19]K[0xffffffc6]>t[0xffffffcf]y[0xffffffdf][0x3][0xffffffd7][0x3][0xffffffe8][0xffffff81][0xffffffed][0xffffff81][0xffffffe9][0x1][0x15][0xffffffa0]|[0x3]T[0xf][0xffffffa8][0x0][0xffffffe5][0x1a] :[0xffffffe0]B[0xf]R[0xffffffa6][0xffffffd0][0x0][0xffffffd7][0x3][0xffffffe8][0xffffff81][0xffffffed][0xffffff81][0xffffffe9][0xffffff81][0xffffffee][0xffffff81][0xffffffea][0xffffff81][0xffffffec][0xffffff81][0xffffffe8][0x0][0xffffff84][0x1e][0xffffffa4]Lm[0x3]R[0xffffffa6][0xffffffa6][0x1][0xffffffd0][0x3][0xffffffdb][0xffffff83][0xffffff94]i[0xfffffff3][0x1][0xffffff81][0xffffffee]A[0xffffffca][0xffffffb4]9[0xfffffff6][0xffffff90]2m[0xe][0x5][0xffffff88][0xe][0xffffffd8][0xffffffd0][0x3][0xffffffdf][0x3][0xffffffd7][0xffffff83][0xffffff94][0xffffffa9]h[0xffffff80]e[0xffffffd0]*[0xffffffdf][0x1f][0xffffffef][0xffffffd3]e[0xffffffdf][0xffffffe8][0xffffffdd]B[0xfffffff1][0xffffffff][0xffffffd1][0xffffffbb][0xfffffff4][0xffffffe0]uy[0xffffffbe]}[0xffffffee]/S[0xffffff8e][0xffffffd8][0xffffffcb][0xfffffff5][0xffffffea][0xffffff97]~L[0xffffff9e]G[0xffffffd2][0xffffffe5][0x5][0x2]//[0xffffff89]ws[0xffffffe1][0xffffffe4][0xfffffff1][0xffffff92][0xffffffa7][\n]"
10:31:58.863 [main] DEBUG org.apache.hc.client5.http.wire -- http-outgoing-19 << "x[0xfffffffb][0xfffffffb][0xffffffc0][0xffffff98],^[0xffffffb2]T[0x1][0xffffffad][0xffffff83][0xffffffd4][0xffffff8a]9Y[0xffffffbc]d[0xffffffa9]<[0xe][0x13][0x1c]crx[0xffffffc9]Q9[0xfffffffc][0xffffff82]$[0xffffffda][0xffffff92][0xffffffc2]E[0xffffffeb] Q[0xffffffcc]2G=h[0xc][0xffffffa4]Te[0x18]T[0xffffff85][0xffffffc6]?z[0xffffffa6][0xffffffee][0xffffffce]=[0xffffffda]B[0xffffffa1][0xfffffff5][0xffffff8e]8Q[0xffffffc1][0xffffffb6][0xffffffb5][0xffffff8e][0xffffffa8][0xfffffff8][0x5][0xffffff9b][0xffffffd6]9[0xffffff86]Re[0xffffffd0][0xffffffad]oD[0xffffffb3][0xffffff91][0xffffffa9]j]#.Z[0xffffffc1][0xffffffb2]5[0xffffff8d][0xffffffe4][0xffffffc7]2[0x16][0xffffffad]g[0xfffffff4][0xffffffa5]p[0x1f]Z[0xffffffc7][0x8]P[0xffffffa8][0xffffffef][0xffffffec]b[0xffffffa6][0xffffffae]5[0xffffff8b]P6[0xffffffc6]Ck[0x15][0xffffffeb][0x12][0xffffffa1][0xffffff88][0xffffffdc]Y[0xffffffc5][0xc]M[0xffffffe3][0x14]}I[0xc][0xffffffc5][0xffffffe4][0xffffffce]'f[0xffffffa8][0xffffffee]mb[0xffffff86][0xffffffb2]q[0xffffff89][0xffffff96][0xffffffe7][0x17][0xffffff8d]I[0xffffffe4]TQ\[0xffffffee],b[0xffffff86][0xffffffbe]s[0xffffff88][0xffffff99][0xffffffba][0xffffffc6] :[0xffffff86][0xffffffd0][0xffffffd8]C_[0xffffffa6]G[0xffffffb5]Y[0xffffffdd]!g[0xffffff8f][0xffffff8a][0xffffffb3][0xffffff9a]C\[0xffffffe0]Buc[0xe][0xffffff81][0x7]U[0xffffff8d]7[0xfffffff4]e[0xffffffc3]Q~VkX7[0xb]5h[0xffffffb5][0xffffff86]|[0xffffffd6]Q[0xffffff87]Vg[0xffffffc8]'[0x1a][0xffffffb5][0xffffffa8]1[0xffffff86][0xffffffb2][0xffffff94][0xffffff8a][0xffffff82][0xffffffd4][0xfffffffa][0xffffffc2]2[0x17][0xffffffaa][0xffffffd2]j[0xb][0x1d][0xffffff8f]j[0x1b]W[0xffffffc8]G[0x19][0xffffffd5]i[0xfffffff5][0xffffff84][0xfffffff5]p[0xffffffa2]D5[0xffffff9e][0xffffff90]?5[0xffffffd4][0xffffffa9][0xffffffc6][0x12][0xffffffd6][0xffffffb9][0xffffff8a][0xffffff95]K[0xffffff81][\r]mP[0xffffff8c]\[0xe][0xffffff8a][0xffffff8f][0xffffffcb]A[0xffffffb1]q9(..[0x7][0xffffffc5][0xffffffc4][0xffffffe5][0xffffffa0]x[0xffffffb8][0x1c][0x14][0xb][0xffffff97][0x3][0xffffff99]=[[0xe]D[0x13][0x18][0xffffffca][0xffffff80]36[0xffffff94][0xffffff81].[0xfffffff3][0x18][0xffffffca]@[0xffffff95][0xffffffc5]0[0xffffff90][0xffffff83];[0xffffffd3]7[0x1f].[0xb])[0xffffffd8][0xfffffff0][0xffffffcb][0xfffffff1]ej4[0xfffffff0][0xffffffed]:![0xfffffff8]O[0x11]<N[0xffffffdf][0xffffffa6][0x13][0xffffff8d]:[0xffffffbe][0xfffffff1][0x8]I[0x11][0xffffffa7][0xfffffff3][0xffffffe3][0xffffffc7]uW[0xffffffd9]#[\r][0xffffffb2][0xffffffbb]-[0xffffffcb][0xffffffe9][0xffffffba][0xfffffffb][0xffffff9c][0xffffffbe][0x14]Q| [0xffffffba][0xfffffff6][0xffffffb5][0xffffffd2][0xffffffe3][0xffffffcd] }[0xffffffa1][0xffffffdc][0xffffffd5]J[0xffffff87][0xffffffa6][0x1b]W2S[0xffffffee]i[0xffffffa5]S[0xffffffe9] g[0xffffffca][0x1d][0xffffffad][0x4][0xffffff90][0xffffffd4]qf[0xffffffca][0xfffffffd][0xffffffac][0xffffffb4]x>p[0xfffffff5][0x12][0xffffffad][0xffffffdd][0xffffffac][0xffffffb4]([0xffffffb4][0xffffffae][0xffffffcc]V{Yi[0x0][0xffffffc7][0xffffff85]B[0xffffffb9][0xffffff93][0xffffffc5][0x1e][0xffffff80][0xffffffee][0xfffffff0][0xc][0xffffffb9][0xffffff8d][0xffffff95][0xffffffda][0xffffffd1][0xffffff8d]Y(7[0xffffffb1][0xffffffd8]"
10:31:58.864 [main] DEBUG org.apache.hc.client5.http.wire -- http-outgoing-19 << "[0xffffff8f]jT[0xffffffb0]B[0xffffffb9][0xffffff85][0xffffff95][\n]"
10:31:58.864 [main] DEBUG org.apache.hc.client5.http.wire -- http-outgoing-19 << "[0xffffffbf]T[0xffffffc7]#p[0x3][0xffffff8b][0x1d][0xffffff87][0xffffffa9]E[0xffffffd4][0xffffffee][0x15]o[0x3]K[0x1d]A[0xffffffa6][0xffffffdc][0xffffffbb]J%[0xffffffc5]:.w[0xffffffae]xYX[0xffffffea][0xffffff9f][0xffffff88]r[0xffffffdf][0xffffff8a][0xffffffd2]OB[0xffffff91]Y[0xffffffe9]Z%UW[0x16][0xffffff86][V,MUV[0x1a]V[0xffffffac][0xffffffc1]TV[0xffffffda]U[0xffffffcc][0xffffffaa][0xffffffce][0xffffffcc][0xffffffcd]j@[0xffffff8d][0xffffffd1]2[0xffffffa3][0xffffffd2][0xffffffa8][0x6]\z][0xffffff9e]*]j[0x10][0xffffffeb][0x4][0xffffffa5]C[0xfffffff5][0xffffffa4]t[0xffffffe5][0xffffffc5][0xffffffd2][0xffffff9d]z,,[0x13][0xffffffee]Li[0xffffffc7][0xfffffff3][0xffffffc6]pW[0xffffffea]pm[0xffffffcb]k[0xffffffdc][0xffffff92][0x2][0xffffff84][0xffffffb2]%[0xffffffdc][0xffffff8e][0x2][0x1e][0x9][0xffffffc8]k[0xffffffc1][0xffffffbd][0xffffffa8][0xffffffa5][0x5].O[0xffffff95]F[0xffffffd4]&[0xffffff83][0xffffff92][0x8]7[0xffffffa1]([\r][0xffffffb6][0xffffffcc][0xffffff87][0xffffffea][0xffffff95][0xffffffd5]3pN[0xffffffdc][0xffffff93][0xffffffe2]=[[0xffffffb6][0xffffffaa][0xfffffff6][0xffffffa3]X1[0xffffff9e][0xffffffbb][0xffffffc4]j3Jg6[0xffffff93][0xffffffd2][0xffffff88]*[0xffffffc7]G[0xffffff87]{P[0xffffffa5]+)[0xfffffffd]'[0xffffffc9]b![0xffffffa5][0xfffffff5][0xffffff94][0x1a]{[0xfffffff3][0xffffff8c][0xffffff8c][0xffffff89][0xffffffef][0xffffff97][0xffffffe9]q>_o[0xfffffffb][0xffffffd3]i:f[0xffffffa8]"[0xffffffd0][0xffffffcd][0xffffffae][0xfffffff3]912[0xffffffa2][0xffffff84][0xffffff81][\n]"
10:31:58.864 [main] DEBUG org.apache.hc.client5.http.wire -- http-outgoing-19 << "[0xffffffb9]|#"[0xffffffea]$[0xffffffde]vy?[0xffffffb4][0xffffff8f][0xfffffff8]a[0x19][0x1d]r[0xffffffa8]Htp[0xffffffa7]}>#[0xffffffd8][0xffffff87][0xffffffd1][0xffffff95][0xffffff8d]z[0xfffffffd][0xfffffff0][0xf][0xffffffe2][0x12][0xffffff8f][0xfffffff4]>[0x13][0x0][0x0]"
10:31:58.864 [main] DEBUG org.apache.hc.client5.http.impl.classic.InternalHttpClient -- ep-0000000020 releasing valid endpoint
10:31:58.864 [main] DEBUG org.apache.hc.client5.http.impl.io.PoolingHttpClientConnectionManager -- ep-0000000020 releasing endpoint
10:31:58.865 [main] DEBUG org.apache.hc.client5.http.impl.io.PoolingHttpClientConnectionManager -- ep-0000000020 connection http-outgoing-19 can be kept alive for 3 MINUTES
10:31:58.865 [main] DEBUG org.apache.hc.client5.http.impl.io.PoolingHttpClientConnectionManager -- ep-0000000020 connection released [route: {s}->https://raw.githubusercontent.com:443][total available: 1; route allocated: 1 of 5; total allocated: 2 of 25]
10:31:58.865 [main] DEBUG io.github.bonigarcia.wdm.versions.VersionDetector -- Driver for chrome120.0.6099.63 not found in online properties (using local versions.properties)
10:31:58.867 [main] DEBUG io.github.bonigarcia.wdm.WebDriverManager -- The driver version for CHROME 120.0.6099.63 is unknown ... trying with latest
10:31:58.872 [main] DEBUG org.apache.hc.client5.http.impl.classic.InternalHttpClient -- ex-0000000021 preparing request execution
10:31:58.872 [main] DEBUG org.apache.hc.client5.http.impl.classic.ProtocolExec -- ex-0000000021 target auth state: UNCHALLENGED
10:31:58.872 [main] DEBUG org.apache.hc.client5.http.impl.classic.ProtocolExec -- ex-0000000021 proxy auth state: UNCHALLENGED
10:31:58.872 [main] DEBUG org.apache.hc.client5.http.impl.classic.ConnectExec -- ex-0000000021 acquiring connection with route {s}->https://googlechromelabs.github.io:443
10:31:58.872 [main] DEBUG org.apache.hc.client5.http.impl.classic.InternalHttpClient -- ex-0000000021 acquiring endpoint (3 MINUTES)
10:31:58.873 [main] DEBUG org.apache.hc.client5.http.impl.io.PoolingHttpClientConnectionManager -- ex-0000000021 endpoint lease request (3 MINUTES) [route: {s}->https://googlechromelabs.github.io:443][total available: 1; route allocated: 1 of 5; total allocated: 2 of 25]
10:31:58.873 [main] DEBUG org.apache.hc.client5.http.impl.io.PoolingHttpClientConnectionManager -- ex-0000000021 endpoint leased [route: {s}->https://googlechromelabs.github.io:443][total available: 1; route allocated: 2 of 5; total allocated: 3 of 25]
10:31:58.873 [main] DEBUG org.apache.hc.client5.http.impl.io.PoolingHttpClientConnectionManager -- ex-0000000021 acquired ep-0000000021
10:31:58.873 [main] DEBUG org.apache.hc.client5.http.impl.classic.InternalHttpClient -- ex-0000000021 acquired endpoint ep-0000000021
10:31:58.873 [main] DEBUG org.apache.hc.client5.http.impl.classic.ConnectExec -- ex-0000000021 opening connection {s}->https://googlechromelabs.github.io:443
10:31:58.873 [main] DEBUG org.apache.hc.client5.http.impl.classic.InternalHttpClient -- ep-0000000021 connecting endpoint (null)
10:31:58.873 [main] DEBUG org.apache.hc.client5.http.impl.io.PoolingHttpClientConnectionManager -- ep-0000000021 connecting endpoint to https://googlechromelabs.github.io:443 (30 SECONDS)
10:31:58.873 [main] DEBUG org.apache.hc.client5.http.impl.io.DefaultHttpClientConnectionOperator -- googlechromelabs.github.io resolving remote address
10:31:58.873 [main] DEBUG org.apache.hc.client5.http.impl.io.DefaultHttpClientConnectionOperator -- googlechromelabs.github.io resolved to [googlechromelabs.github.io/185.199.110.153, googlechromelabs.github.io/185.199.111.153, googlechromelabs.github.io/185.199.108.153, googlechromelabs.github.io/185.199.109.153]
10:31:58.873 [main] DEBUG org.apache.hc.client5.http.impl.io.DefaultHttpClientConnectionOperator -- googlechromelabs.github.io:443 connecting null->googlechromelabs.github.io/185.199.110.153:443 (30 SECONDS)
10:31:58.873 [main] DEBUG org.apache.hc.client5.http.ssl.SSLConnectionSocketFactory -- Connecting socket to googlechromelabs.github.io/185.199.110.153:443 with timeout 30 SECONDS
10:31:58.920 [main] DEBUG org.apache.hc.client5.http.ssl.SSLConnectionSocketFactory -- Enabled protocols: [TLSv1.3, TLSv1.2]
10:31:58.920 [main] DEBUG org.apache.hc.client5.http.ssl.SSLConnectionSocketFactory -- Enabled cipher suites: [TLS_AES_256_GCM_SHA384, TLS_AES_128_GCM_SHA256, TLS_CHACHA20_POLY1305_SHA256, TLS_ECDHE_ECDSA_WITH_AES_256_GCM_SHA384, TLS_ECDHE_ECDSA_WITH_AES_128_GCM_SHA256, TLS_ECDHE_ECDSA_WITH_CHACHA20_POLY1305_SHA256, TLS_ECDHE_RSA_WITH_AES_256_GCM_SHA384, TLS_ECDHE_RSA_WITH_CHACHA20_POLY1305_SHA256, TLS_ECDHE_RSA_WITH_AES_128_GCM_SHA256, TLS_DHE_RSA_WITH_AES_256_GCM_SHA384, TLS_DHE_RSA_WITH_CHACHA20_POLY1305_SHA256, TLS_DHE_DSS_WITH_AES_256_GCM_SHA384, TLS_DHE_RSA_WITH_AES_128_GCM_SHA256, TLS_DHE_DSS_WITH_AES_128_GCM_SHA256, TLS_ECDHE_ECDSA_WITH_AES_256_CBC_SHA384, TLS_ECDHE_RSA_WITH_AES_256_CBC_SHA384, TLS_ECDHE_ECDSA_WITH_AES_128_CBC_SHA256, TLS_ECDHE_RSA_WITH_AES_128_CBC_SHA256, TLS_DHE_RSA_WITH_AES_256_CBC_SHA256, TLS_DHE_DSS_WITH_AES_256_CBC_SHA256, TLS_DHE_RSA_WITH_AES_128_CBC_SHA256, TLS_DHE_DSS_WITH_AES_128_CBC_SHA256, TLS_ECDHE_ECDSA_WITH_AES_256_CBC_SHA, TLS_ECDHE_RSA_WITH_AES_256_CBC_SHA, TLS_ECDHE_ECDSA_WITH_AES_128_CBC_SHA, TLS_ECDHE_RSA_WITH_AES_128_CBC_SHA, TLS_DHE_RSA_WITH_AES_256_CBC_SHA, TLS_DHE_DSS_WITH_AES_256_CBC_SHA, TLS_DHE_RSA_WITH_AES_128_CBC_SHA, TLS_DHE_DSS_WITH_AES_128_CBC_SHA, TLS_RSA_WITH_AES_256_GCM_SHA384, TLS_RSA_WITH_AES_128_GCM_SHA256, TLS_RSA_WITH_AES_256_CBC_SHA256, TLS_RSA_WITH_AES_128_CBC_SHA256, TLS_RSA_WITH_AES_256_CBC_SHA, TLS_RSA_WITH_AES_128_CBC_SHA, TLS_EMPTY_RENEGOTIATION_INFO_SCSV]
10:31:58.920 [main] DEBUG org.apache.hc.client5.http.ssl.SSLConnectionSocketFactory -- Starting handshake (null)
10:31:58.969 [main] DEBUG org.apache.hc.client5.http.ssl.SSLConnectionSocketFactory -- Secure session established
10:31:58.969 [main] DEBUG org.apache.hc.client5.http.ssl.SSLConnectionSocketFactory --  negotiated protocol: TLSv1.3
10:31:58.969 [main] DEBUG org.apache.hc.client5.http.ssl.SSLConnectionSocketFactory --  negotiated cipher suite: TLS_AES_128_GCM_SHA256
10:31:58.969 [main] DEBUG org.apache.hc.client5.http.ssl.SSLConnectionSocketFactory --  peer principal: CN=*.github.io, O="GitHub, Inc.", L=San Francisco, ST=California, C=US
10:31:58.969 [main] DEBUG org.apache.hc.client5.http.ssl.SSLConnectionSocketFactory --  peer alternative names: [*.github.io, github.io, *.github.com, github.com, www.github.com, *.githubusercontent.com, githubusercontent.com]
10:31:58.969 [main] DEBUG org.apache.hc.client5.http.ssl.SSLConnectionSocketFactory --  issuer principal: CN=DigiCert TLS RSA SHA256 2020 CA1, O=DigiCert Inc, C=US
10:31:58.969 [main] DEBUG org.apache.hc.client5.http.impl.io.DefaultManagedHttpClientConnection -- http-outgoing-20 set socket timeout to 3 MINUTES
10:31:58.970 [main] DEBUG org.apache.hc.client5.http.impl.io.DefaultHttpClientConnectionOperator -- googlechromelabs.github.io:443 connected null->googlechromelabs.github.io/185.199.110.153:443 as http-outgoing-20
10:31:58.970 [main] DEBUG org.apache.hc.client5.http.impl.io.PoolingHttpClientConnectionManager -- ep-0000000021 connected http-outgoing-20
10:31:58.970 [main] DEBUG org.apache.hc.client5.http.impl.classic.InternalHttpClient -- ep-0000000021 endpoint connected
10:31:58.970 [main] DEBUG org.apache.hc.client5.http.impl.classic.MainClientExec -- ex-0000000021 executing GET /chrome-for-testing/last-known-good-versions-with-downloads.json HTTP/1.1
10:31:58.970 [main] DEBUG org.apache.hc.client5.http.protocol.RequestAddCookies -- ex-0000000021 Cookie spec selected: strict
10:31:58.970 [main] DEBUG org.apache.hc.client5.http.impl.classic.InternalHttpClient -- ep-0000000021 start execution ex-0000000021
10:31:58.970 [main] DEBUG org.apache.hc.client5.http.impl.io.PoolingHttpClientConnectionManager -- ep-0000000021 executing exchange ex-0000000021 over http-outgoing-20
10:31:58.970 [main] DEBUG org.apache.hc.client5.http.headers -- http-outgoing-20 >> GET /chrome-for-testing/last-known-good-versions-with-downloads.json HTTP/1.1
10:31:58.970 [main] DEBUG org.apache.hc.client5.http.headers -- http-outgoing-20 >> user-agent: Apache-HttpClient/5.0
10:31:58.970 [main] DEBUG org.apache.hc.client5.http.headers -- http-outgoing-20 >> accept-encoding: gzip, deflate, br
10:31:58.970 [main] DEBUG org.apache.hc.client5.http.headers -- http-outgoing-20 >> cache-control: max-age=0
10:31:58.971 [main] DEBUG org.apache.hc.client5.http.headers -- http-outgoing-20 >> connection: keep-alive
10:31:58.971 [main] DEBUG org.apache.hc.client5.http.headers -- http-outgoing-20 >> Host: googlechromelabs.github.io
10:31:58.971 [main] DEBUG org.apache.hc.client5.http.wire -- http-outgoing-20 >> "GET /chrome-for-testing/last-known-good-versions-with-downloads.json HTTP/1.1[\r][\n]"
10:31:58.971 [main] DEBUG org.apache.hc.client5.http.wire -- http-outgoing-20 >> "user-agent: Apache-HttpClient/5.0[\r][\n]"
10:31:58.971 [main] DEBUG org.apache.hc.client5.http.wire -- http-outgoing-20 >> "accept-encoding: gzip, deflate, br[\r][\n]"
10:31:58.971 [main] DEBUG org.apache.hc.client5.http.wire -- http-outgoing-20 >> "cache-control: max-age=0[\r][\n]"
10:31:58.971 [main] DEBUG org.apache.hc.client5.http.wire -- http-outgoing-20 >> "connection: keep-alive[\r][\n]"
10:31:58.971 [main] DEBUG org.apache.hc.client5.http.wire -- http-outgoing-20 >> "Host: googlechromelabs.github.io[\r][\n]"
10:31:58.971 [main] DEBUG org.apache.hc.client5.http.wire -- http-outgoing-20 >> "[\r][\n]"
10:31:59.013 [main] DEBUG org.apache.hc.client5.http.wire -- http-outgoing-20 << "HTTP/1.1 200 OK[\r][\n]"
10:31:59.013 [main] DEBUG org.apache.hc.client5.http.wire -- http-outgoing-20 << "Connection: keep-alive[\r][\n]"
10:31:59.014 [main] DEBUG org.apache.hc.client5.http.wire -- http-outgoing-20 << "Content-Length: 641[\r][\n]"
10:31:59.014 [main] DEBUG org.apache.hc.client5.http.wire -- http-outgoing-20 << "Server: GitHub.com[\r][\n]"
10:31:59.014 [main] DEBUG org.apache.hc.client5.http.wire -- http-outgoing-20 << "Content-Type: application/json; charset=utf-8[\r][\n]"
10:31:59.014 [main] DEBUG org.apache.hc.client5.http.wire -- http-outgoing-20 << "permissions-policy: interest-cohort=()[\r][\n]"
10:31:59.014 [main] DEBUG org.apache.hc.client5.http.wire -- http-outgoing-20 << "x-origin-cache: HIT[\r][\n]"
10:31:59.014 [main] DEBUG org.apache.hc.client5.http.wire -- http-outgoing-20 << "Last-Modified: Thu, 28 Dec 2023 09:09:08 GMT[\r][\n]"
10:31:59.014 [main] DEBUG org.apache.hc.client5.http.wire -- http-outgoing-20 << "Access-Control-Allow-Origin: *[\r][\n]"
10:31:59.014 [main] DEBUG org.apache.hc.client5.http.wire -- http-outgoing-20 << "Strict-Transport-Security: max-age=31556952[\r][\n]"
10:31:59.014 [main] DEBUG org.apache.hc.client5.http.wire -- http-outgoing-20 << "ETag: W/"658d3b34-22ac"[\r][\n]"
10:31:59.014 [main] DEBUG org.apache.hc.client5.http.wire -- http-outgoing-20 << "expires: Thu, 28 Dec 2023 09:19:31 GMT[\r][\n]"
10:31:59.014 [main] DEBUG org.apache.hc.client5.http.wire -- http-outgoing-20 << "Cache-Control: max-age=600[\r][\n]"
10:31:59.014 [main] DEBUG org.apache.hc.client5.http.wire -- http-outgoing-20 << "Content-Encoding: gzip[\r][\n]"
10:31:59.014 [main] DEBUG org.apache.hc.client5.http.wire -- http-outgoing-20 << "x-proxy-cache: HIT[\r][\n]"
10:31:59.014 [main] DEBUG org.apache.hc.client5.http.wire -- http-outgoing-20 << "X-GitHub-Request-Id: AD28:2802F4:8D3D7B:90038F:658D3C18[\r][\n]"
10:31:59.014 [main] DEBUG org.apache.hc.client5.http.wire -- http-outgoing-20 << "Accept-Ranges: bytes[\r][\n]"
10:31:59.014 [main] DEBUG org.apache.hc.client5.http.wire -- http-outgoing-20 << "Date: Thu, 28 Dec 2023 09:32:00 GMT[\r][\n]"
10:31:59.014 [main] DEBUG org.apache.hc.client5.http.wire -- http-outgoing-20 << "Via: 1.1 varnish[\r][\n]"
10:31:59.015 [main] DEBUG org.apache.hc.client5.http.wire -- http-outgoing-20 << "Age: 479[\r][\n]"
10:31:59.015 [main] DEBUG org.apache.hc.client5.http.wire -- http-outgoing-20 << "X-Served-By: cache-mad2200138-MAD[\r][\n]"
10:31:59.015 [main] DEBUG org.apache.hc.client5.http.wire -- http-outgoing-20 << "X-Cache: HIT[\r][\n]"
10:31:59.015 [main] DEBUG org.apache.hc.client5.http.wire -- http-outgoing-20 << "X-Cache-Hits: 1[\r][\n]"
10:31:59.015 [main] DEBUG org.apache.hc.client5.http.wire -- http-outgoing-20 << "X-Timer: S1703755921.504874,VS0,VE1[\r][\n]"
10:31:59.015 [main] DEBUG org.apache.hc.client5.http.wire -- http-outgoing-20 << "Vary: Accept-Encoding[\r][\n]"
10:31:59.015 [main] DEBUG org.apache.hc.client5.http.wire -- http-outgoing-20 << "X-Fastly-Request-ID: 09b11dc022c301e442ace8cda89aa42cb74a4f19[\r][\n]"
10:31:59.015 [main] DEBUG org.apache.hc.client5.http.wire -- http-outgoing-20 << "[\r][\n]"
10:31:59.015 [main] DEBUG org.apache.hc.client5.http.headers -- http-outgoing-20 << HTTP/1.1 200 OK
10:31:59.015 [main] DEBUG org.apache.hc.client5.http.headers -- http-outgoing-20 << Connection: keep-alive
10:31:59.015 [main] DEBUG org.apache.hc.client5.http.headers -- http-outgoing-20 << Content-Length: 641
10:31:59.015 [main] DEBUG org.apache.hc.client5.http.headers -- http-outgoing-20 << Server: GitHub.com
10:31:59.015 [main] DEBUG org.apache.hc.client5.http.headers -- http-outgoing-20 << Content-Type: application/json; charset=utf-8
10:31:59.015 [main] DEBUG org.apache.hc.client5.http.headers -- http-outgoing-20 << permissions-policy: interest-cohort=()
10:31:59.015 [main] DEBUG org.apache.hc.client5.http.headers -- http-outgoing-20 << x-origin-cache: HIT
10:31:59.015 [main] DEBUG org.apache.hc.client5.http.headers -- http-outgoing-20 << Last-Modified: Thu, 28 Dec 2023 09:09:08 GMT
10:31:59.015 [main] DEBUG org.apache.hc.client5.http.headers -- http-outgoing-20 << Access-Control-Allow-Origin: *
10:31:59.015 [main] DEBUG org.apache.hc.client5.http.headers -- http-outgoing-20 << Strict-Transport-Security: max-age=31556952
10:31:59.015 [main] DEBUG org.apache.hc.client5.http.headers -- http-outgoing-20 << ETag: W/"658d3b34-22ac"
10:31:59.015 [main] DEBUG org.apache.hc.client5.http.headers -- http-outgoing-20 << expires: Thu, 28 Dec 2023 09:19:31 GMT
10:31:59.015 [main] DEBUG org.apache.hc.client5.http.headers -- http-outgoing-20 << Cache-Control: max-age=600
10:31:59.015 [main] DEBUG org.apache.hc.client5.http.headers -- http-outgoing-20 << Content-Encoding: gzip
10:31:59.015 [main] DEBUG org.apache.hc.client5.http.headers -- http-outgoing-20 << x-proxy-cache: HIT
10:31:59.015 [main] DEBUG org.apache.hc.client5.http.headers -- http-outgoing-20 << X-GitHub-Request-Id: AD28:2802F4:8D3D7B:90038F:658D3C18
10:31:59.015 [main] DEBUG org.apache.hc.client5.http.headers -- http-outgoing-20 << Accept-Ranges: bytes
10:31:59.015 [main] DEBUG org.apache.hc.client5.http.headers -- http-outgoing-20 << Date: Thu, 28 Dec 2023 09:32:00 GMT
10:31:59.015 [main] DEBUG org.apache.hc.client5.http.headers -- http-outgoing-20 << Via: 1.1 varnish
10:31:59.015 [main] DEBUG org.apache.hc.client5.http.headers -- http-outgoing-20 << Age: 479
10:31:59.015 [main] DEBUG org.apache.hc.client5.http.headers -- http-outgoing-20 << X-Served-By: cache-mad2200138-MAD
10:31:59.015 [main] DEBUG org.apache.hc.client5.http.headers -- http-outgoing-20 << X-Cache: HIT
10:31:59.015 [main] DEBUG org.apache.hc.client5.http.headers -- http-outgoing-20 << X-Cache-Hits: 1
10:31:59.015 [main] DEBUG org.apache.hc.client5.http.headers -- http-outgoing-20 << X-Timer: S1703755921.504874,VS0,VE1
10:31:59.015 [main] DEBUG org.apache.hc.client5.http.headers -- http-outgoing-20 << Vary: Accept-Encoding
10:31:59.015 [main] DEBUG org.apache.hc.client5.http.headers -- http-outgoing-20 << X-Fastly-Request-ID: 09b11dc022c301e442ace8cda89aa42cb74a4f19
10:31:59.016 [main] DEBUG org.apache.hc.client5.http.impl.classic.MainClientExec -- ex-0000000021 connection can be kept alive for 3 MINUTES
10:31:59.017 [main] DEBUG org.apache.hc.client5.http.wire -- http-outgoing-20 << "[0x1f][0xffffff8b][0x8][0x0][0x0][0x0][0x0][0x0][0x0][0x3][0xffffffcd][0xffffff96][0xffffffcb][0xffffff92][0xffffff9b]0[0x10]E[0xfffffff7][0xfffffff9][0xc][0xffffffad]yI8[0xffffff80]Y&[0xfffffff3][0x7][0xffffff93]URY(F[0xffffffb1][0xffffffa9][0x12][0xffffffe0][0x2][0xffffff8d]'[0xffffff89][0xffffff8b][0x7f][0xffffff8f][0xc]2[0xffffffe6]!1+[0xffffffab]Ya[0x1a][0xffffffb9][0xfffffffb]B[0xffffff9d][0xffffffea]:W$[0xfffffff2][0xffffff82]5[0xffffff82][0x16]g[0xffffff94]"[0x12][0xffffff90][0xffffffd0][0xffffffc5][0xffffffc4]%[0xfffffff1]7[0xffffff82][0xffffffd3] I[0xffffffc3][0xffffffc4][0xb][0xffffff83][0xffffffe4];r[0xffffffd0][0xffffffe1]D[0xffffffcb][0xffffff92][0xfffffff1][0x6][0xffffffa5]W[0xfffffff4]*[0xffffffe8]/[0xffffffce]n[0xffffffbf]TU[0xfffffffe]U[0xffffffd5][0x1c]tau[0xffffff93]W[0xffffffa5],a[0x12]x[0xffffff81][0x17][0x5][0xfffffffb][0xffffffbd][0xffffff87][0xffffff83][0xffffffbd]|T[0xffffffb3]K><[0xffffffc3]q[0x18][0x11]Y[0xffffffcc][0xffffffaa][0xfffffff7][0xffffff92]W4k[0xfffffffa]~uU[0xffffffc8][0xffffffce]?[0xffffffae][0xffffffe8][0xffffffcc][0xffffffa9][0xfffffff8]][0xffffffd5][0xffffff85]<[0xffffffcc][0xfffffff3][0xfffffff2][0xffffffed]O[0xffffffb4][0xffffff93][0xffffff87][0xffffffdf][0xffffffea][0xffffffdb][0xffffffac][0xffffff93][0x10][0xffffffe7]&[0xfffffff5]}[0xffffff96][0x1d]Y[0xffffffc6][0xffffffbd][0xffffff82]y[0xffffffc7][0xffffff8b][0xffffffc0][0xffffffde][0xffffffa1]*T[0xffffffc9][0xffffffef][0xfffffffb][0xffffffa8][0xffffff8b]+[0xffffffdb][0xffffffb8]B[0xffffffbe]d^[0x1e][0xfffffffd]i(_[0xffffffb5][0xffffffbe][0xffffff9f]T[0xffffffb7][0xffffffde][0xffffffbf][0xfffffffc][0xffffff8c]Zg[0x12][0xffffffa2][0xffffffa0][0x7][0xffffff97][0xffffffd6][0xffffffc5]sb[0xc][0xffffffcd][0xffffffef]g[0xffffff87][0xffffff82])[0xffffffca][0xffffff93][0xffffffbe][0xffffff87]j=[0xffffff8e]a[0xfffffff8][0x1e][0xffffffef]y[0x19][0xffffff92]gD[0xffffffe8][0x1a][0xffffffdf][0xffffffcf]u7[0xffffff86][0xfffffff1][0xffffffcf][0xfffffff9][0x2]][0xffffffe3][0xffffffd1][0xfffffff8][0xfffffffb][0xffffffdb][0xffffffff]t[0x14][0xffffff9d]Y[0xffffff9d]K[0xffffffc6][0xffffffc1][0x18][0xffffffed][0xffffffc7]o[0xffffff86]T[0x15]g[0x1b][0xffffffbc][0xffffff8e][0xffffffc2]@R[0xffffffab]b[0xffffffc0][0xffffffb2][0xfffffffb][0x8][0xffffffb1] [0xffffffd8]=1[0xffffff9a]q[0xffffffd6]4nsb[0xffffff9c][0xffffff83][0xffffffa1]<[0xffffffcb][0xffffffb1][0x19][0xffffffa6][0xffffffe7][0xffffffb9][0xffffffb6][0x1][0xffffffb7].[0x15]$[0xffffffe5][0xfffffff3]<[0xffffffb0][0xffffffb8]k[0xffffffd2][0xc][0xffffffdc][0xffffffb7][0xffffffad][0xffffff83][0xffffffbe]0A[0xffffffa7][0xffffffc6][0xffffffd2]U[0xffffffa6][0xffffffbe][0xffffff82]o[0xffffffdd]q[0x14]{8[0xffffff9a][0xffffffeb]J[0x18][0xffffffe2] [0xffffff86][0xffffffd0][0xffffff95]Q&@[[0x19][0xffffffa7][0xffffff80][0xffffff94][0xffffff95]y[0xe][0xfffffffb][0xffffffae]2N`_Uf[0xffffffd3][0xffffffe1]M[0xffffffc5][0xffffff8c][0xffffffa7]}QY[0xffffff83][0xffffffd4][0xffffffbe][0xffffffa7][0xffffff98]Q[0xffffffb5][0xffffffab])&`mZ[0xffffff8a][0x9][0xffffffdb][0xffffffad]H[0xffffffca][0xffffffca][0xffffff92][0xffffff85]s[0xffffff94][0xffffffd5][0xffffff9d][0xb][0xffffffa7](++[0x18][0xffffffc6]P[0xffffff8c][0x1b][0x19]BP[0xffffff8c][0xb][0xfffffffa][0x3]?ya[0xffffff97][0xffffffa9][0xffffff9e][0xffffffdc][\n]"
10:31:59.017 [main] DEBUG org.apache.hc.client5.http.wire -- http-outgoing-20 << "S;!][0xffffffeb]D^[0x16]r[0x12][0xffffffc5][0xffffffbb][0x4]BN[0x1e][0xffffff91][0x0][0xffffffdd]d[0x14][0x2]RMf1[0xffffffec][0xffffff9b][0xffffffc9]([0xffffff80]}1[0xffffff99][0xe][0xffffff87][0xfffffff7][0x12]#[0xffffff99][0xfffffff6][0xffffffb5]d[0xffffff85]O[0xfffffffb]Vb[0xffffffa4][0xffffffd4][0xffffffae][0xffffff94][0x18]X[0xffffffb5][0xffffffe9]$[0x6]b[0xffffffb7][0xffffffa2]$[0xffffffe6][0xffffffd5][\n]"
10:31:59.018 [main] DEBUG org.apache.hc.client5.http.wire -- http-outgoing-20 << "g$k[0xffffff9b][0x16]NH[0xffffffcc][0xffffff8b][0x17][0xffffffc6]GL{[0x18]BGLk[0xfffffff9][0x3][0x1b][0xfffffff9]JKZ[0xffffffff][0xffffff9d][\n]"
10:31:59.018 [main] DEBUG org.apache.hc.client5.http.wire -- http-outgoing-20 << "[0xffffff89][0xffffffaa]i[0xffffff9c][0xffffff84]`[0xffffffbc]t[0xffffff92][0x1d][0xffffffc6][0xffffff9f]C0'[0xffffffe9]"A;I[0x1f][0x2][0xffffffdc]I[0x1e]1[0xffffff80][0xffffff9c][0xffffffa4][0xf][0x0][0xffffffe4]$[0xffffffc3][0xfffffff0][0xffffff8d]8[0xffffff89][0xffffff8e]L '[0xffffffd1][0xfffffff3][0x9][0xffffffe4]$:J[0x1][0xffffff9c]d[0xffffffc9][0xffffffaa]u'Y[0x12][0xffffffbb])'[0xffffffd1][0xffffffae]V`'1lZ`'[0xffffffd1].^@'[0xffffffd1][0xffffffec]a0'[0xffffffd1][0xffffffac][0xffffffe5]U'i[0xffffffdb]O[0xffffffff][0x1][0xffffffee][0xffffffde][0xffffffae][0xffffffb2][0xffffffac]"[0x0][0x0]"
10:31:59.021 [main] DEBUG org.apache.hc.client5.http.impl.classic.InternalHttpClient -- ep-0000000021 releasing valid endpoint
10:31:59.021 [main] DEBUG org.apache.hc.client5.http.impl.io.PoolingHttpClientConnectionManager -- ep-0000000021 releasing endpoint
10:31:59.021 [main] DEBUG org.apache.hc.client5.http.impl.io.PoolingHttpClientConnectionManager -- ep-0000000021 connection http-outgoing-20 can be kept alive for 3 MINUTES
10:31:59.021 [main] DEBUG org.apache.hc.client5.http.impl.io.PoolingHttpClientConnectionManager -- ep-0000000021 connection released [route: {s}->https://googlechromelabs.github.io:443][total available: 2; route allocated: 2 of 5; total allocated: 3 of 25]
10:31:59.035 [main] DEBUG io.github.bonigarcia.wdm.WebDriverManager -- Driver chromedriver 120.0.6099.109 found in cache
10:31:59.037 [main] INFO io.github.bonigarcia.wdm.WebDriverManager -- Exporting webdriver.chrome.driver as C:\Users\info\.cache\selenium\chromedriver\win64\120.0.6099.109\chromedriver.exe
10:32:01.403 [main] DEBUG io.github.bonigarcia.wdm.WebDriverManager -- Using WebDriverManager 5.6.2
10:32:01.435 [main] WARN io.github.bonigarcia.wdm.versions.VersionDetector -- Exception reading CfT URL ('null') to get version of chromedriver (For input string: "120.0.6099.63")
10:32:01.436 [main] DEBUG org.apache.hc.client5.http.impl.classic.InternalHttpClient -- ex-0000000022 preparing request execution
10:32:01.436 [main] DEBUG org.apache.hc.client5.http.impl.classic.ProtocolExec -- ex-0000000022 target auth state: UNCHALLENGED
10:32:01.436 [main] DEBUG org.apache.hc.client5.http.impl.classic.ProtocolExec -- ex-0000000022 proxy auth state: UNCHALLENGED
10:32:01.436 [main] DEBUG org.apache.hc.client5.http.impl.classic.ConnectExec -- ex-0000000022 acquiring connection with route {s}->https://googlechromelabs.github.io:443
10:32:01.437 [main] DEBUG org.apache.hc.client5.http.impl.classic.InternalHttpClient -- ex-0000000022 acquiring endpoint (3 MINUTES)
10:32:01.437 [main] DEBUG org.apache.hc.client5.http.impl.io.PoolingHttpClientConnectionManager -- ex-0000000022 endpoint lease request (3 MINUTES) [route: {s}->https://googlechromelabs.github.io:443][total available: 0; route allocated: 0 of 5; total allocated: 0 of 25]
10:32:01.437 [main] DEBUG org.apache.hc.client5.http.impl.io.PoolingHttpClientConnectionManager -- ex-0000000022 endpoint leased [route: {s}->https://googlechromelabs.github.io:443][total available: 0; route allocated: 1 of 5; total allocated: 1 of 25]
10:32:01.437 [main] DEBUG org.apache.hc.client5.http.impl.io.PoolingHttpClientConnectionManager -- ex-0000000022 acquired ep-0000000022
10:32:01.437 [main] DEBUG org.apache.hc.client5.http.impl.classic.InternalHttpClient -- ex-0000000022 acquired endpoint ep-0000000022
10:32:01.437 [main] DEBUG org.apache.hc.client5.http.impl.classic.ConnectExec -- ex-0000000022 opening connection {s}->https://googlechromelabs.github.io:443
10:32:01.437 [main] DEBUG org.apache.hc.client5.http.impl.classic.InternalHttpClient -- ep-0000000022 connecting endpoint (null)
10:32:01.437 [main] DEBUG org.apache.hc.client5.http.impl.io.PoolingHttpClientConnectionManager -- ep-0000000022 connecting endpoint to https://googlechromelabs.github.io:443 (30 SECONDS)
10:32:01.437 [main] DEBUG org.apache.hc.client5.http.impl.io.DefaultHttpClientConnectionOperator -- googlechromelabs.github.io resolving remote address
10:32:01.437 [main] DEBUG org.apache.hc.client5.http.impl.io.DefaultHttpClientConnectionOperator -- googlechromelabs.github.io resolved to [googlechromelabs.github.io/185.199.110.153, googlechromelabs.github.io/185.199.111.153, googlechromelabs.github.io/185.199.108.153, googlechromelabs.github.io/185.199.109.153]
10:32:01.437 [main] DEBUG org.apache.hc.client5.http.impl.io.DefaultHttpClientConnectionOperator -- googlechromelabs.github.io:443 connecting null->googlechromelabs.github.io/185.199.110.153:443 (30 SECONDS)
10:32:01.437 [main] DEBUG org.apache.hc.client5.http.ssl.SSLConnectionSocketFactory -- Connecting socket to googlechromelabs.github.io/185.199.110.153:443 with timeout 30 SECONDS
10:32:01.477 [main] DEBUG org.apache.hc.client5.http.ssl.SSLConnectionSocketFactory -- Enabled protocols: [TLSv1.3, TLSv1.2]
10:32:01.478 [main] DEBUG org.apache.hc.client5.http.ssl.SSLConnectionSocketFactory -- Enabled cipher suites: [TLS_AES_256_GCM_SHA384, TLS_AES_128_GCM_SHA256, TLS_CHACHA20_POLY1305_SHA256, TLS_ECDHE_ECDSA_WITH_AES_256_GCM_SHA384, TLS_ECDHE_ECDSA_WITH_AES_128_GCM_SHA256, TLS_ECDHE_ECDSA_WITH_CHACHA20_POLY1305_SHA256, TLS_ECDHE_RSA_WITH_AES_256_GCM_SHA384, TLS_ECDHE_RSA_WITH_CHACHA20_POLY1305_SHA256, TLS_ECDHE_RSA_WITH_AES_128_GCM_SHA256, TLS_DHE_RSA_WITH_AES_256_GCM_SHA384, TLS_DHE_RSA_WITH_CHACHA20_POLY1305_SHA256, TLS_DHE_DSS_WITH_AES_256_GCM_SHA384, TLS_DHE_RSA_WITH_AES_128_GCM_SHA256, TLS_DHE_DSS_WITH_AES_128_GCM_SHA256, TLS_ECDHE_ECDSA_WITH_AES_256_CBC_SHA384, TLS_ECDHE_RSA_WITH_AES_256_CBC_SHA384, TLS_ECDHE_ECDSA_WITH_AES_128_CBC_SHA256, TLS_ECDHE_RSA_WITH_AES_128_CBC_SHA256, TLS_DHE_RSA_WITH_AES_256_CBC_SHA256, TLS_DHE_DSS_WITH_AES_256_CBC_SHA256, TLS_DHE_RSA_WITH_AES_128_CBC_SHA256, TLS_DHE_DSS_WITH_AES_128_CBC_SHA256, TLS_ECDHE_ECDSA_WITH_AES_256_CBC_SHA, TLS_ECDHE_RSA_WITH_AES_256_CBC_SHA, TLS_ECDHE_ECDSA_WITH_AES_128_CBC_SHA, TLS_ECDHE_RSA_WITH_AES_128_CBC_SHA, TLS_DHE_RSA_WITH_AES_256_CBC_SHA, TLS_DHE_DSS_WITH_AES_256_CBC_SHA, TLS_DHE_RSA_WITH_AES_128_CBC_SHA, TLS_DHE_DSS_WITH_AES_128_CBC_SHA, TLS_RSA_WITH_AES_256_GCM_SHA384, TLS_RSA_WITH_AES_128_GCM_SHA256, TLS_RSA_WITH_AES_256_CBC_SHA256, TLS_RSA_WITH_AES_128_CBC_SHA256, TLS_RSA_WITH_AES_256_CBC_SHA, TLS_RSA_WITH_AES_128_CBC_SHA, TLS_EMPTY_RENEGOTIATION_INFO_SCSV]
10:32:01.478 [main] DEBUG org.apache.hc.client5.http.ssl.SSLConnectionSocketFactory -- Starting handshake (null)
10:32:01.529 [main] DEBUG org.apache.hc.client5.http.ssl.SSLConnectionSocketFactory -- Secure session established
10:32:01.529 [main] DEBUG org.apache.hc.client5.http.ssl.SSLConnectionSocketFactory --  negotiated protocol: TLSv1.3
10:32:01.529 [main] DEBUG org.apache.hc.client5.http.ssl.SSLConnectionSocketFactory --  negotiated cipher suite: TLS_AES_128_GCM_SHA256
10:32:01.529 [main] DEBUG org.apache.hc.client5.http.ssl.SSLConnectionSocketFactory --  peer principal: CN=*.github.io, O="GitHub, Inc.", L=San Francisco, ST=California, C=US
10:32:01.529 [main] DEBUG org.apache.hc.client5.http.ssl.SSLConnectionSocketFactory --  peer alternative names: [*.github.io, github.io, *.github.com, github.com, www.github.com, *.githubusercontent.com, githubusercontent.com]
10:32:01.529 [main] DEBUG org.apache.hc.client5.http.ssl.SSLConnectionSocketFactory --  issuer principal: CN=DigiCert TLS RSA SHA256 2020 CA1, O=DigiCert Inc, C=US
10:32:01.531 [main] DEBUG org.apache.hc.client5.http.impl.io.DefaultManagedHttpClientConnection -- http-outgoing-21 set socket timeout to 3 MINUTES
10:32:01.531 [main] DEBUG org.apache.hc.client5.http.impl.io.DefaultHttpClientConnectionOperator -- googlechromelabs.github.io:443 connected null->googlechromelabs.github.io/185.199.110.153:443 as http-outgoing-21
10:32:01.531 [main] DEBUG org.apache.hc.client5.http.impl.io.PoolingHttpClientConnectionManager -- ep-0000000022 connected http-outgoing-21
10:32:01.531 [main] DEBUG org.apache.hc.client5.http.impl.classic.InternalHttpClient -- ep-0000000022 endpoint connected
10:32:01.531 [main] DEBUG org.apache.hc.client5.http.impl.classic.MainClientExec -- ex-0000000022 executing GET /chrome-for-testing/LATEST_RELEASE_120.0.6099.63 HTTP/1.1
10:32:01.531 [main] DEBUG org.apache.hc.client5.http.protocol.RequestAddCookies -- ex-0000000022 Cookie spec selected: strict
10:32:01.531 [main] DEBUG org.apache.hc.client5.http.impl.classic.InternalHttpClient -- ep-0000000022 start execution ex-0000000022
10:32:01.531 [main] DEBUG org.apache.hc.client5.http.impl.io.PoolingHttpClientConnectionManager -- ep-0000000022 executing exchange ex-0000000022 over http-outgoing-21
10:32:01.531 [main] DEBUG org.apache.hc.client5.http.headers -- http-outgoing-21 >> GET /chrome-for-testing/LATEST_RELEASE_120.0.6099.63 HTTP/1.1
10:32:01.531 [main] DEBUG org.apache.hc.client5.http.headers -- http-outgoing-21 >> user-agent: Apache-HttpClient/5.0
10:32:01.531 [main] DEBUG org.apache.hc.client5.http.headers -- http-outgoing-21 >> accept-encoding: gzip, deflate, br
10:32:01.531 [main] DEBUG org.apache.hc.client5.http.headers -- http-outgoing-21 >> cache-control: max-age=0
10:32:01.531 [main] DEBUG org.apache.hc.client5.http.headers -- http-outgoing-21 >> connection: keep-alive
10:32:01.531 [main] DEBUG org.apache.hc.client5.http.headers -- http-outgoing-21 >> Host: googlechromelabs.github.io
10:32:01.531 [main] DEBUG org.apache.hc.client5.http.wire -- http-outgoing-21 >> "GET /chrome-for-testing/LATEST_RELEASE_120.0.6099.63 HTTP/1.1[\r][\n]"
10:32:01.531 [main] DEBUG org.apache.hc.client5.http.wire -- http-outgoing-21 >> "user-agent: Apache-HttpClient/5.0[\r][\n]"
10:32:01.531 [main] DEBUG org.apache.hc.client5.http.wire -- http-outgoing-21 >> "accept-encoding: gzip, deflate, br[\r][\n]"
10:32:01.531 [main] DEBUG org.apache.hc.client5.http.wire -- http-outgoing-21 >> "cache-control: max-age=0[\r][\n]"
10:32:01.531 [main] DEBUG org.apache.hc.client5.http.wire -- http-outgoing-21 >> "connection: keep-alive[\r][\n]"
10:32:01.532 [main] DEBUG org.apache.hc.client5.http.wire -- http-outgoing-21 >> "Host: googlechromelabs.github.io[\r][\n]"
10:32:01.532 [main] DEBUG org.apache.hc.client5.http.wire -- http-outgoing-21 >> "[\r][\n]"
10:32:01.571 [main] DEBUG org.apache.hc.client5.http.wire -- http-outgoing-21 << "HTTP/1.1 404 Not Found[\r][\n]"
10:32:01.571 [main] DEBUG org.apache.hc.client5.http.wire -- http-outgoing-21 << "Connection: keep-alive[\r][\n]"
10:32:01.571 [main] DEBUG org.apache.hc.client5.http.wire -- http-outgoing-21 << "Content-Length: 5254[\r][\n]"
10:32:01.571 [main] DEBUG org.apache.hc.client5.http.wire -- http-outgoing-21 << "Server: GitHub.com[\r][\n]"
10:32:01.571 [main] DEBUG org.apache.hc.client5.http.wire -- http-outgoing-21 << "Content-Type: text/html; charset=utf-8[\r][\n]"
10:32:01.571 [main] DEBUG org.apache.hc.client5.http.wire -- http-outgoing-21 << "permissions-policy: interest-cohort=()[\r][\n]"
10:32:01.571 [main] DEBUG org.apache.hc.client5.http.wire -- http-outgoing-21 << "x-origin-cache: HIT[\r][\n]"
10:32:01.571 [main] DEBUG org.apache.hc.client5.http.wire -- http-outgoing-21 << "Access-Control-Allow-Origin: *[\r][\n]"
10:32:01.571 [main] DEBUG org.apache.hc.client5.http.wire -- http-outgoing-21 << "Strict-Transport-Security: max-age=31556952[\r][\n]"
10:32:01.571 [main] DEBUG org.apache.hc.client5.http.wire -- http-outgoing-21 << "ETag: W/"64d39a40-24a3"[\r][\n]"
10:32:01.572 [main] DEBUG org.apache.hc.client5.http.wire -- http-outgoing-21 << "Content-Security-Policy: default-src 'none'; style-src 'unsafe-inline'; img-src data:; connect-src 'self'[\r][\n]"
10:32:01.572 [main] DEBUG org.apache.hc.client5.http.wire -- http-outgoing-21 << "Content-Encoding: gzip[\r][\n]"
10:32:01.572 [main] DEBUG org.apache.hc.client5.http.wire -- http-outgoing-21 << "x-proxy-cache: MISS[\r][\n]"
10:32:01.572 [main] DEBUG org.apache.hc.client5.http.wire -- http-outgoing-21 << "X-GitHub-Request-Id: D770:36888F:8DAD80:90719A:658D4063[\r][\n]"
10:32:01.572 [main] DEBUG org.apache.hc.client5.http.wire -- http-outgoing-21 << "Accept-Ranges: bytes[\r][\n]"
10:32:01.572 [main] DEBUG org.apache.hc.client5.http.wire -- http-outgoing-21 << "Date: Thu, 28 Dec 2023 09:32:03 GMT[\r][\n]"
10:32:01.572 [main] DEBUG org.apache.hc.client5.http.wire -- http-outgoing-21 << "Via: 1.1 varnish[\r][\n]"
10:32:01.572 [main] DEBUG org.apache.hc.client5.http.wire -- http-outgoing-21 << "Age: 47[\r][\n]"
10:32:01.572 [main] DEBUG org.apache.hc.client5.http.wire -- http-outgoing-21 << "X-Served-By: cache-mad2200101-MAD[\r][\n]"
10:32:01.572 [main] DEBUG org.apache.hc.client5.http.wire -- http-outgoing-21 << "X-Cache: HIT[\r][\n]"
10:32:01.572 [main] DEBUG org.apache.hc.client5.http.wire -- http-outgoing-21 << "X-Cache-Hits: 1[\r][\n]"
10:32:01.572 [main] DEBUG org.apache.hc.client5.http.wire -- http-outgoing-21 << "X-Timer: S1703755923.061135,VS0,VE1[\r][\n]"
10:32:01.572 [main] DEBUG org.apache.hc.client5.http.wire -- http-outgoing-21 << "Vary: Accept-Encoding[\r][\n]"
10:32:01.572 [main] DEBUG org.apache.hc.client5.http.wire -- http-outgoing-21 << "X-Fastly-Request-ID: 29011be5e6f324277e5e8e60b5a193cf883d1eb7[\r][\n]"
10:32:01.572 [main] DEBUG org.apache.hc.client5.http.wire -- http-outgoing-21 << "[\r][\n]"
10:32:01.572 [main] DEBUG org.apache.hc.client5.http.headers -- http-outgoing-21 << HTTP/1.1 404 Not Found
10:32:01.572 [main] DEBUG org.apache.hc.client5.http.headers -- http-outgoing-21 << Connection: keep-alive
10:32:01.572 [main] DEBUG org.apache.hc.client5.http.headers -- http-outgoing-21 << Content-Length: 5254
10:32:01.572 [main] DEBUG org.apache.hc.client5.http.headers -- http-outgoing-21 << Server: GitHub.com
10:32:01.572 [main] DEBUG org.apache.hc.client5.http.headers -- http-outgoing-21 << Content-Type: text/html; charset=utf-8
10:32:01.572 [main] DEBUG org.apache.hc.client5.http.headers -- http-outgoing-21 << permissions-policy: interest-cohort=()
10:32:01.572 [main] DEBUG org.apache.hc.client5.http.headers -- http-outgoing-21 << x-origin-cache: HIT
10:32:01.572 [main] DEBUG org.apache.hc.client5.http.headers -- http-outgoing-21 << Access-Control-Allow-Origin: *
10:32:01.572 [main] DEBUG org.apache.hc.client5.http.headers -- http-outgoing-21 << Strict-Transport-Security: max-age=31556952
10:32:01.572 [main] DEBUG org.apache.hc.client5.http.headers -- http-outgoing-21 << ETag: W/"64d39a40-24a3"
10:32:01.572 [main] DEBUG org.apache.hc.client5.http.headers -- http-outgoing-21 << Content-Security-Policy: default-src 'none'; style-src 'unsafe-inline'; img-src data:; connect-src 'self'
10:32:01.572 [main] DEBUG org.apache.hc.client5.http.headers -- http-outgoing-21 << Content-Encoding: gzip
10:32:01.572 [main] DEBUG org.apache.hc.client5.http.headers -- http-outgoing-21 << x-proxy-cache: MISS
10:32:01.572 [main] DEBUG org.apache.hc.client5.http.headers -- http-outgoing-21 << X-GitHub-Request-Id: D770:36888F:8DAD80:90719A:658D4063
10:32:01.572 [main] DEBUG org.apache.hc.client5.http.headers -- http-outgoing-21 << Accept-Ranges: bytes
10:32:01.572 [main] DEBUG org.apache.hc.client5.http.headers -- http-outgoing-21 << Date: Thu, 28 Dec 2023 09:32:03 GMT
10:32:01.572 [main] DEBUG org.apache.hc.client5.http.headers -- http-outgoing-21 << Via: 1.1 varnish
10:32:01.572 [main] DEBUG org.apache.hc.client5.http.headers -- http-outgoing-21 << Age: 47
10:32:01.572 [main] DEBUG org.apache.hc.client5.http.headers -- http-outgoing-21 << X-Served-By: cache-mad2200101-MAD
10:32:01.572 [main] DEBUG org.apache.hc.client5.http.headers -- http-outgoing-21 << X-Cache: HIT
10:32:01.572 [main] DEBUG org.apache.hc.client5.http.headers -- http-outgoing-21 << X-Cache-Hits: 1
10:32:01.572 [main] DEBUG org.apache.hc.client5.http.headers -- http-outgoing-21 << X-Timer: S1703755923.061135,VS0,VE1
10:32:01.572 [main] DEBUG org.apache.hc.client5.http.headers -- http-outgoing-21 << Vary: Accept-Encoding
10:32:01.572 [main] DEBUG org.apache.hc.client5.http.headers -- http-outgoing-21 << X-Fastly-Request-ID: 29011be5e6f324277e5e8e60b5a193cf883d1eb7
10:32:01.572 [main] DEBUG org.apache.hc.client5.http.impl.classic.MainClientExec -- ex-0000000022 connection can be kept alive for 3 MINUTES
10:32:01.572 [main] ERROR io.github.bonigarcia.wdm.online.HttpClient -- Error HTTP 404 executing https://googlechromelabs.github.io/chrome-for-testing/LATEST_RELEASE_120.0.6099.63
10:32:01.572 [main] WARN io.github.bonigarcia.wdm.versions.VersionDetector -- Exception reading https://googlechromelabs.github.io/chrome-for-testing/LATEST_RELEASE_120.0.6099.63 to get latest version of chromedriver (Error HTTP 404 executing https://googlechromelabs.github.io/chrome-for-testing/LATEST_RELEASE_120.0.6099.63)
10:32:01.573 [main] DEBUG io.github.bonigarcia.wdm.versions.VersionDetector -- Getting driver version for chrome120.0.6099.63 from online versions.properties
10:32:01.575 [main] DEBUG org.apache.hc.client5.http.impl.classic.InternalHttpClient -- ex-0000000023 preparing request execution
10:32:01.575 [main] DEBUG org.apache.hc.client5.http.impl.classic.ProtocolExec -- ex-0000000023 target auth state: UNCHALLENGED
10:32:01.575 [main] DEBUG org.apache.hc.client5.http.impl.classic.ProtocolExec -- ex-0000000023 proxy auth state: UNCHALLENGED
10:32:01.575 [main] DEBUG org.apache.hc.client5.http.impl.classic.ConnectExec -- ex-0000000023 acquiring connection with route {s}->https://raw.githubusercontent.com:443
10:32:01.575 [main] DEBUG org.apache.hc.client5.http.impl.classic.InternalHttpClient -- ex-0000000023 acquiring endpoint (3 MINUTES)
10:32:01.575 [main] DEBUG org.apache.hc.client5.http.impl.io.PoolingHttpClientConnectionManager -- ex-0000000023 endpoint lease request (3 MINUTES) [route: {s}->https://raw.githubusercontent.com:443][total available: 0; route allocated: 0 of 5; total allocated: 1 of 25]
10:32:01.575 [main] DEBUG org.apache.hc.client5.http.impl.io.PoolingHttpClientConnectionManager -- ex-0000000023 endpoint leased [route: {s}->https://raw.githubusercontent.com:443][total available: 0; route allocated: 1 of 5; total allocated: 2 of 25]
10:32:01.575 [main] DEBUG org.apache.hc.client5.http.impl.io.PoolingHttpClientConnectionManager -- ex-0000000023 acquired ep-0000000023
10:32:01.575 [main] DEBUG org.apache.hc.client5.http.impl.classic.InternalHttpClient -- ex-0000000023 acquired endpoint ep-0000000023
10:32:01.575 [main] DEBUG org.apache.hc.client5.http.impl.classic.ConnectExec -- ex-0000000023 opening connection {s}->https://raw.githubusercontent.com:443
10:32:01.575 [main] DEBUG org.apache.hc.client5.http.impl.classic.InternalHttpClient -- ep-0000000023 connecting endpoint (null)
10:32:01.575 [main] DEBUG org.apache.hc.client5.http.impl.io.PoolingHttpClientConnectionManager -- ep-0000000023 connecting endpoint to https://raw.githubusercontent.com:443 (30 SECONDS)
10:32:01.575 [main] DEBUG org.apache.hc.client5.http.impl.io.DefaultHttpClientConnectionOperator -- raw.githubusercontent.com resolving remote address
10:32:01.575 [main] DEBUG org.apache.hc.client5.http.impl.io.DefaultHttpClientConnectionOperator -- raw.githubusercontent.com resolved to [raw.githubusercontent.com/185.199.109.133, raw.githubusercontent.com/185.199.110.133, raw.githubusercontent.com/185.199.108.133, raw.githubusercontent.com/185.199.111.133]
10:32:01.576 [main] DEBUG org.apache.hc.client5.http.impl.io.DefaultHttpClientConnectionOperator -- raw.githubusercontent.com:443 connecting null->raw.githubusercontent.com/185.199.109.133:443 (30 SECONDS)
10:32:01.576 [main] DEBUG org.apache.hc.client5.http.ssl.SSLConnectionSocketFactory -- Connecting socket to raw.githubusercontent.com/185.199.109.133:443 with timeout 30 SECONDS
10:32:01.619 [main] DEBUG org.apache.hc.client5.http.ssl.SSLConnectionSocketFactory -- Enabled protocols: [TLSv1.3, TLSv1.2]
10:32:01.619 [main] DEBUG org.apache.hc.client5.http.ssl.SSLConnectionSocketFactory -- Enabled cipher suites: [TLS_AES_256_GCM_SHA384, TLS_AES_128_GCM_SHA256, TLS_CHACHA20_POLY1305_SHA256, TLS_ECDHE_ECDSA_WITH_AES_256_GCM_SHA384, TLS_ECDHE_ECDSA_WITH_AES_128_GCM_SHA256, TLS_ECDHE_ECDSA_WITH_CHACHA20_POLY1305_SHA256, TLS_ECDHE_RSA_WITH_AES_256_GCM_SHA384, TLS_ECDHE_RSA_WITH_CHACHA20_POLY1305_SHA256, TLS_ECDHE_RSA_WITH_AES_128_GCM_SHA256, TLS_DHE_RSA_WITH_AES_256_GCM_SHA384, TLS_DHE_RSA_WITH_CHACHA20_POLY1305_SHA256, TLS_DHE_DSS_WITH_AES_256_GCM_SHA384, TLS_DHE_RSA_WITH_AES_128_GCM_SHA256, TLS_DHE_DSS_WITH_AES_128_GCM_SHA256, TLS_ECDHE_ECDSA_WITH_AES_256_CBC_SHA384, TLS_ECDHE_RSA_WITH_AES_256_CBC_SHA384, TLS_ECDHE_ECDSA_WITH_AES_128_CBC_SHA256, TLS_ECDHE_RSA_WITH_AES_128_CBC_SHA256, TLS_DHE_RSA_WITH_AES_256_CBC_SHA256, TLS_DHE_DSS_WITH_AES_256_CBC_SHA256, TLS_DHE_RSA_WITH_AES_128_CBC_SHA256, TLS_DHE_DSS_WITH_AES_128_CBC_SHA256, TLS_ECDHE_ECDSA_WITH_AES_256_CBC_SHA, TLS_ECDHE_RSA_WITH_AES_256_CBC_SHA, TLS_ECDHE_ECDSA_WITH_AES_128_CBC_SHA, TLS_ECDHE_RSA_WITH_AES_128_CBC_SHA, TLS_DHE_RSA_WITH_AES_256_CBC_SHA, TLS_DHE_DSS_WITH_AES_256_CBC_SHA, TLS_DHE_RSA_WITH_AES_128_CBC_SHA, TLS_DHE_DSS_WITH_AES_128_CBC_SHA, TLS_RSA_WITH_AES_256_GCM_SHA384, TLS_RSA_WITH_AES_128_GCM_SHA256, TLS_RSA_WITH_AES_256_CBC_SHA256, TLS_RSA_WITH_AES_128_CBC_SHA256, TLS_RSA_WITH_AES_256_CBC_SHA, TLS_RSA_WITH_AES_128_CBC_SHA, TLS_EMPTY_RENEGOTIATION_INFO_SCSV]
10:32:01.619 [main] DEBUG org.apache.hc.client5.http.ssl.SSLConnectionSocketFactory -- Starting handshake (null)
10:32:01.670 [main] DEBUG org.apache.hc.client5.http.ssl.SSLConnectionSocketFactory -- Secure session established
10:32:01.670 [main] DEBUG org.apache.hc.client5.http.ssl.SSLConnectionSocketFactory --  negotiated protocol: TLSv1.3
10:32:01.670 [main] DEBUG org.apache.hc.client5.http.ssl.SSLConnectionSocketFactory --  negotiated cipher suite: TLS_AES_128_GCM_SHA256
10:32:01.670 [main] DEBUG org.apache.hc.client5.http.ssl.SSLConnectionSocketFactory --  peer principal: CN=*.github.io, O="GitHub, Inc.", L=San Francisco, ST=California, C=US
10:32:01.670 [main] DEBUG org.apache.hc.client5.http.ssl.SSLConnectionSocketFactory --  peer alternative names: [*.github.io, github.io, *.github.com, github.com, www.github.com, *.githubusercontent.com, githubusercontent.com]
10:32:01.670 [main] DEBUG org.apache.hc.client5.http.ssl.SSLConnectionSocketFactory --  issuer principal: CN=DigiCert TLS RSA SHA256 2020 CA1, O=DigiCert Inc, C=US
10:32:01.670 [main] DEBUG org.apache.hc.client5.http.impl.io.DefaultManagedHttpClientConnection -- http-outgoing-22 set socket timeout to 3 MINUTES
10:32:01.670 [main] DEBUG org.apache.hc.client5.http.impl.io.DefaultHttpClientConnectionOperator -- raw.githubusercontent.com:443 connected null->raw.githubusercontent.com/185.199.109.133:443 as http-outgoing-22
10:32:01.670 [main] DEBUG org.apache.hc.client5.http.impl.io.PoolingHttpClientConnectionManager -- ep-0000000023 connected http-outgoing-22
10:32:01.670 [main] DEBUG org.apache.hc.client5.http.impl.classic.InternalHttpClient -- ep-0000000023 endpoint connected
10:32:01.670 [main] DEBUG org.apache.hc.client5.http.impl.classic.MainClientExec -- ex-0000000023 executing GET /bonigarcia/webdrivermanager/master/src/main/resources/versions.properties HTTP/1.1
10:32:01.670 [main] DEBUG org.apache.hc.client5.http.protocol.RequestAddCookies -- ex-0000000023 Cookie spec selected: strict
10:32:01.671 [main] DEBUG org.apache.hc.client5.http.impl.classic.InternalHttpClient -- ep-0000000023 start execution ex-0000000023
10:32:01.671 [main] DEBUG org.apache.hc.client5.http.impl.io.PoolingHttpClientConnectionManager -- ep-0000000023 executing exchange ex-0000000023 over http-outgoing-22
10:32:01.671 [main] DEBUG org.apache.hc.client5.http.headers -- http-outgoing-22 >> GET /bonigarcia/webdrivermanager/master/src/main/resources/versions.properties HTTP/1.1
10:32:01.671 [main] DEBUG org.apache.hc.client5.http.headers -- http-outgoing-22 >> user-agent: Apache-HttpClient/5.0
10:32:01.671 [main] DEBUG org.apache.hc.client5.http.headers -- http-outgoing-22 >> accept-encoding: gzip, deflate, br
10:32:01.671 [main] DEBUG org.apache.hc.client5.http.headers -- http-outgoing-22 >> cache-control: max-age=0
10:32:01.671 [main] DEBUG org.apache.hc.client5.http.headers -- http-outgoing-22 >> connection: keep-alive
10:32:01.671 [main] DEBUG org.apache.hc.client5.http.headers -- http-outgoing-22 >> Host: raw.githubusercontent.com
10:32:01.671 [main] DEBUG org.apache.hc.client5.http.wire -- http-outgoing-22 >> "GET /bonigarcia/webdrivermanager/master/src/main/resources/versions.properties HTTP/1.1[\r][\n]"
10:32:01.671 [main] DEBUG org.apache.hc.client5.http.wire -- http-outgoing-22 >> "user-agent: Apache-HttpClient/5.0[\r][\n]"
10:32:01.671 [main] DEBUG org.apache.hc.client5.http.wire -- http-outgoing-22 >> "accept-encoding: gzip, deflate, br[\r][\n]"
10:32:01.671 [main] DEBUG org.apache.hc.client5.http.wire -- http-outgoing-22 >> "cache-control: max-age=0[\r][\n]"
10:32:01.671 [main] DEBUG org.apache.hc.client5.http.wire -- http-outgoing-22 >> "connection: keep-alive[\r][\n]"
10:32:01.671 [main] DEBUG org.apache.hc.client5.http.wire -- http-outgoing-22 >> "Host: raw.githubusercontent.com[\r][\n]"
10:32:01.671 [main] DEBUG org.apache.hc.client5.http.wire -- http-outgoing-22 >> "[\r][\n]"
10:32:01.711 [main] DEBUG org.apache.hc.client5.http.wire -- http-outgoing-22 << "HTTP/1.1 200 OK[\r][\n]"
10:32:01.711 [main] DEBUG org.apache.hc.client5.http.wire -- http-outgoing-22 << "Connection: keep-alive[\r][\n]"
10:32:01.711 [main] DEBUG org.apache.hc.client5.http.wire -- http-outgoing-22 << "Content-Length: 1653[\r][\n]"
10:32:01.711 [main] DEBUG org.apache.hc.client5.http.wire -- http-outgoing-22 << "Cache-Control: max-age=300[\r][\n]"
10:32:01.711 [main] DEBUG org.apache.hc.client5.http.wire -- http-outgoing-22 << "Content-Security-Policy: default-src 'none'; style-src 'unsafe-inline'; sandbox[\r][\n]"
10:32:01.711 [main] DEBUG org.apache.hc.client5.http.wire -- http-outgoing-22 << "Content-Type: text/plain; charset=utf-8[\r][\n]"
10:32:01.711 [main] DEBUG org.apache.hc.client5.http.wire -- http-outgoing-22 << "ETag: W/"de56f96e4580ae55450ed6a794662cbdb2b39827f9709095aa3e1e7f6914629d"[\r][\n]"
10:32:01.711 [main] DEBUG org.apache.hc.client5.http.wire -- http-outgoing-22 << "Strict-Transport-Security: max-age=31536000[\r][\n]"
10:32:01.711 [main] DEBUG org.apache.hc.client5.http.wire -- http-outgoing-22 << "X-Content-Type-Options: nosniff[\r][\n]"
10:32:01.712 [main] DEBUG org.apache.hc.client5.http.wire -- http-outgoing-22 << "X-Frame-Options: deny[\r][\n]"
10:32:01.712 [main] DEBUG org.apache.hc.client5.http.wire -- http-outgoing-22 << "X-XSS-Protection: 1; mode=block[\r][\n]"
10:32:01.712 [main] DEBUG org.apache.hc.client5.http.wire -- http-outgoing-22 << "X-GitHub-Request-Id: D5BE:3DFCCC:2516CE:27975C:658D16A0[\r][\n]"
10:32:01.712 [main] DEBUG org.apache.hc.client5.http.wire -- http-outgoing-22 << "Content-Encoding: gzip[\r][\n]"
10:32:01.712 [main] DEBUG org.apache.hc.client5.http.wire -- http-outgoing-22 << "Accept-Ranges: bytes[\r][\n]"
10:32:01.712 [main] DEBUG org.apache.hc.client5.http.wire -- http-outgoing-22 << "Date: Thu, 28 Dec 2023 09:32:03 GMT[\r][\n]"
10:32:01.712 [main] DEBUG org.apache.hc.client5.http.wire -- http-outgoing-22 << "Via: 1.1 varnish[\r][\n]"
10:32:01.712 [main] DEBUG org.apache.hc.client5.http.wire -- http-outgoing-22 << "X-Served-By: cache-mad22052-MAD[\r][\n]"
10:32:01.712 [main] DEBUG org.apache.hc.client5.http.wire -- http-outgoing-22 << "X-Cache: HIT[\r][\n]"
10:32:01.712 [main] DEBUG org.apache.hc.client5.http.wire -- http-outgoing-22 << "X-Cache-Hits: 1[\r][\n]"
10:32:01.712 [main] DEBUG org.apache.hc.client5.http.wire -- http-outgoing-22 << "X-Timer: S1703755923.201397,VS0,VE1[\r][\n]"
10:32:01.712 [main] DEBUG org.apache.hc.client5.http.wire -- http-outgoing-22 << "Vary: Authorization,Accept-Encoding,Origin[\r][\n]"
10:32:01.712 [main] DEBUG org.apache.hc.client5.http.wire -- http-outgoing-22 << "Access-Control-Allow-Origin: *[\r][\n]"
10:32:01.712 [main] DEBUG org.apache.hc.client5.http.wire -- http-outgoing-22 << "Cross-Origin-Resource-Policy: cross-origin[\r][\n]"
10:32:01.712 [main] DEBUG org.apache.hc.client5.http.wire -- http-outgoing-22 << "X-Fastly-Request-ID: ac502283b65354c52a14f6d7295aac857db07fb4[\r][\n]"
10:32:01.712 [main] DEBUG org.apache.hc.client5.http.wire -- http-outgoing-22 << "Expires: Thu, 28 Dec 2023 09:37:03 GMT[\r][\n]"
10:32:01.712 [main] DEBUG org.apache.hc.client5.http.wire -- http-outgoing-22 << "Source-Age: 47[\r][\n]"
10:32:01.712 [main] DEBUG org.apache.hc.client5.http.wire -- http-outgoing-22 << "[\r][\n]"
10:32:01.712 [main] DEBUG org.apache.hc.client5.http.headers -- http-outgoing-22 << HTTP/1.1 200 OK
10:32:01.712 [main] DEBUG org.apache.hc.client5.http.headers -- http-outgoing-22 << Connection: keep-alive
10:32:01.712 [main] DEBUG org.apache.hc.client5.http.headers -- http-outgoing-22 << Content-Length: 1653
10:32:01.713 [main] DEBUG org.apache.hc.client5.http.headers -- http-outgoing-22 << Cache-Control: max-age=300
10:32:01.713 [main] DEBUG org.apache.hc.client5.http.headers -- http-outgoing-22 << Content-Security-Policy: default-src 'none'; style-src 'unsafe-inline'; sandbox
10:32:01.713 [main] DEBUG org.apache.hc.client5.http.headers -- http-outgoing-22 << Content-Type: text/plain; charset=utf-8
10:32:01.713 [main] DEBUG org.apache.hc.client5.http.headers -- http-outgoing-22 << ETag: W/"de56f96e4580ae55450ed6a794662cbdb2b39827f9709095aa3e1e7f6914629d"
10:32:01.713 [main] DEBUG org.apache.hc.client5.http.headers -- http-outgoing-22 << Strict-Transport-Security: max-age=31536000
10:32:01.713 [main] DEBUG org.apache.hc.client5.http.headers -- http-outgoing-22 << X-Content-Type-Options: nosniff
10:32:01.713 [main] DEBUG org.apache.hc.client5.http.headers -- http-outgoing-22 << X-Frame-Options: deny
10:32:01.713 [main] DEBUG org.apache.hc.client5.http.headers -- http-outgoing-22 << X-XSS-Protection: 1; mode=block
10:32:01.713 [main] DEBUG org.apache.hc.client5.http.headers -- http-outgoing-22 << X-GitHub-Request-Id: D5BE:3DFCCC:2516CE:27975C:658D16A0
10:32:01.713 [main] DEBUG org.apache.hc.client5.http.headers -- http-outgoing-22 << Content-Encoding: gzip
10:32:01.713 [main] DEBUG org.apache.hc.client5.http.headers -- http-outgoing-22 << Accept-Ranges: bytes
10:32:01.713 [main] DEBUG org.apache.hc.client5.http.headers -- http-outgoing-22 << Date: Thu, 28 Dec 2023 09:32:03 GMT
10:32:01.713 [main] DEBUG org.apache.hc.client5.http.headers -- http-outgoing-22 << Via: 1.1 varnish
10:32:01.713 [main] DEBUG org.apache.hc.client5.http.headers -- http-outgoing-22 << X-Served-By: cache-mad22052-MAD
10:32:01.713 [main] DEBUG org.apache.hc.client5.http.headers -- http-outgoing-22 << X-Cache: HIT
10:32:01.713 [main] DEBUG org.apache.hc.client5.http.headers -- http-outgoing-22 << X-Cache-Hits: 1
10:32:01.713 [main] DEBUG org.apache.hc.client5.http.headers -- http-outgoing-22 << X-Timer: S1703755923.201397,VS0,VE1
10:32:01.713 [main] DEBUG org.apache.hc.client5.http.headers -- http-outgoing-22 << Vary: Authorization,Accept-Encoding,Origin
10:32:01.713 [main] DEBUG org.apache.hc.client5.http.headers -- http-outgoing-22 << Access-Control-Allow-Origin: *
10:32:01.713 [main] DEBUG org.apache.hc.client5.http.headers -- http-outgoing-22 << Cross-Origin-Resource-Policy: cross-origin
10:32:01.713 [main] DEBUG org.apache.hc.client5.http.headers -- http-outgoing-22 << X-Fastly-Request-ID: ac502283b65354c52a14f6d7295aac857db07fb4
10:32:01.713 [main] DEBUG org.apache.hc.client5.http.headers -- http-outgoing-22 << Expires: Thu, 28 Dec 2023 09:37:03 GMT
10:32:01.713 [main] DEBUG org.apache.hc.client5.http.headers -- http-outgoing-22 << Source-Age: 47
10:32:01.713 [main] DEBUG org.apache.hc.client5.http.impl.classic.MainClientExec -- ex-0000000023 connection can be kept alive for 3 MINUTES
10:32:01.714 [main] DEBUG org.apache.hc.client5.http.wire -- http-outgoing-22 << "[0x1f][0xffffff8b][0x8][0x0][0x0][0x0][0x0][0x0][0x0][0x3][0xffffff8d][0xffffff97]Mo[0xffffffe3]6[0x10][0xffffff86][0xffffffef][0xfffffff9][0x15][0x2]z[0xffffff8e][0xffffffcc][0xffffffcf]![0x19][0xffffff80][0xffffff97]~[0xffffff9e][0xffffff8a][0x1e][0xffffffda]?[0xffffffe0][0xffffffb5][0xffffff95]DX[0xffffffc7][\n]"
10:32:01.714 [main] DEBUG org.apache.hc.client5.http.wire -- http-outgoing-22 << "lg[0xffffffb3][0xffffffe8][0xffffffaf][0xffffffef][0xc][0xffffffc9][0xffffffa1]h[0xffffffaa][0x5]z[0x8]v[0xffffffe7][0xffffffb1]D[0xffffffce][0xffffff90][0xffffffd4][0xffffffcb]w~[0x18][0xfffffffe]z[0xffffff9d][0xffffffaf][0xffffffc3][0xfffffff3]|[0xffffff9a][0xffffff86][0xffffffc3]r[0xffffffbe][0xffffffed][0xffffffe7][0xfffffff3]u[0xffffffb8][0xffffffbd]N[0xffffffc3][0xffffffd7][0xfffffff3][0xfffffff2]y[0x1e][0xffffff8e][0xffffff97][0xfffffff9][0xffffffdb]t[0x19][0xfffffff0][0xffffffef]:/[0xfffffff8][0xffffffcb]ay{[0xffffffdf][0xffffffdf][0xffffffe6]/[0xfffffff8][0xfffffff4][0xffffffe7]|{MO[0x1e][0xffffff96][0xffffffcb]e[0xffffffba][0xffffffbe]/[0xffffffe7][0xffffffe3]|~[0x19][0xffffffbe]\[0xffffff96][0xffffffcf][0xffffffeb][0xfffffffa][0xffffffca][0xffffffc3][0xffffffc3][0xf][0xffffffc3][0xffffff8f][0x19]=[\r][0xffffffbf]-[0xffffffcb][0xb][0xffffffbe][0xfffffff9][0xffffffd3][0xffffffeb]ey[0xffffff9b][0xffffff86][0xfffffffd][0xfffffff9][0xffffff98][0xffffffff];[0x7f][0xffffffbc][\r][0xffffff8f][0xffffffc3][0xffffffcf]i[0xffffffaa][0xffffffa7][0xffffffe1][0xffffff90]~[0xffffffcd][0x13][0xffffffe3][0xffffffcb][0x7f].[0x1f][0xffffff97][0xffffffc3][0xfffffff4]4[0xffffffbc][0xffffffde]n[0xffffffef]O[0xffffffbb]][0xfffffffb][0xffffffeb]x(o[0xffffff8f][0xffffffcb][0xffffffe5]ew[0xffffffc4]|O[0xffffffcb][0xfffffffe]x}[0xffffffc8][0xffffffcf]Hi"[0xfffffffe][0xffffff8d]b[0xffffffb4]N[0xffffffdb]1[0xffffff88][0xffffffca]5rM[0x1c][0xffffff9c][0x1a]AW[0xffffffae][0xffffff90][0xffffffab][0xffffffc4][0xffffffa5][0x1d]M[0xffffffa8]\"[0xffffff97][0xffffffc4]-[0xffffffe8][0x11]L[0xffffffe5][0x2][0xffffffb9] n[0xffffffbc][0x1c][0xffffff9d]c.B[0xffffffc4][0xffffffbf][0xffffffc4]qzW[0xffffff9f][0x17][0x1e][0xffffffb9]'[0xffffffae]m[0x18][0xffffff9d][0xffffffac][0xffffffdc]!w[0xffffff89][0xb]3[0xffffff82][0xffffffaa][0x1c][0xffffff90][0x3]qe[0xffffffc2][0x8][0xffffffeb][0xfffffff3][0x16][0xffffffb9]%.[0xffffff83][0xffffffc5][0x1f]+[0xffffffc7]zE[0xffffffaa][0xffffff97][0xffffffca]p5[0x7f][0xffffff81][0xfffffff5][0xffffff8a]T[0xffffffaf][0x0]1J[0xffffffbd]&[0xffffff84][0x5][0xffffff8b]T[0xffffffb0][0xffffffc0][0xfffffff1][0xffffff9a][0x9][0xffffffb0]`A[0x5][0xffffff9b]`[0xffffffe5]hV[0xffffff8e][0x5][0xb]*[0xffffffd8][0xfffffff8][0x0]#[0xfffffff0][0xffffff82][0xffffff86][0x10]CH[0xffffffd4][0x18][0xffffff9c][0xffffff9b][0xffffffa9][0xffffff8f][0xffffff81][0xffffff8a]5[0xffffffce][0xfffffffa][0x11][0xffffffa7]a[0xffffffec]b[0xffffffa0]Z[\r][0x4][0xffffffb5][0xffffffae]A[0xffffff80][0x18] Q0[0xffffffa3][0xffffffb1]Lm[0xc]6Q[0xffffffed]G[0xffffffe0]z[0xffffff82][0xffffff89][0xffffffc1]$[0xffffff8a][0xffffff8b][0xffffff83][0x1b][0xffffffc9]X[0xffffffc7]@E[0x1a][0xffffffeb][0xffffffdc][0xffffffba][0xffffffa9]A[0xffffffc5][0xffffffa0][0x12][0xffffffc5]-[0xffffffc5]Uf,cH[0x5][0x1a]<[0x1]X+c[0x11]C[0xffffffaa][0xffffffcf]h1*^'[0x1f][0xffffffa2]O[0xfffffff5]i[0xfffffffc]G[0xfffffff1][0xffffffc8][0xffffffde]G[0xffffff9f][0xffffffea][0xffffffd3][0xffffffca][0xffffff8c][0x1][0xffffff98][0xffffffba][0xffffffe8]Sy[0xffffffca][0xffffff8b][0xffffffd1]{[0xffffffa6][0x10]}*O[0x19][0x1c][0xffffff97][0xffffff97][0xffffffc2][0xffffffdb][0xffffffe8]Sy[0xffffffd2][0xffffffeb][0xffffffd1]sj[0xffffffde]D[0xffffff9f][0xffffffca][0xffffff93][0xffffffc6][0xffffff8d][0xffffff9a][0xffffffd7][0xffffffd8][0xffffffeb][0xffffffe8]Su[0xffffffb4][0xffffff93][0xffffff9a][0xffffff97][0xffffffc2][0xffffffcb][0xffffffe8]S[0x19][0x2]W^[0xffffffea]:[0xffffff9d][0xffffff88][0xffffff9e][0xffffffca][0xffffffd0][0x1]s[0xffffffc1]#T[0xffffffb0][0xb][0xffffffd1][0xffffff85][0xffffff84][0xffffff8d][0x1d]u[0xffffffa5]>:[0xffffff9f]([0xffffff9e][0x1d]<W[0xffffff8c]]tT[0xffffff88][0xfffffff6][0xffffff80][0xffffffdf][0x2][0xffffffa7][0xffffffe1] :H[0x14][0xf][0xffffffb8]Tu[0xc][0x1b][0x1d]U[0xffffffa2][0xffffff9d][0xffffffc3][0x3][0xffffffb6]>m[0xffffffa2]3[0x9]+<[0xffffffbf][0xc]utT[0xffffff89][0x6],[0x8]8e[0xffffffa7][0xffffffa2][0xffffffc2][0x1d][0xffffffe5]H[0xffffffde]E[0xffffff82]"N[0xc][0x2]E[0xffffffbc]7[0xffffffe0])[0xffffffe2][0x15][0x5]G[0x11][0xffffffef]&[0x0]E[0xffffff9c][0xc]X[0xffffff8c][0xffffffea][0x12][0xffffff81][0xffffffa1][0xffffff88][0xffffffd7][0x1c]4E<[0x1f]P.[0xffffffba][0xffffffce]G[0xffffffb9][0xffffffd4]o[0x6]([0x17][0xffffffad][0xffffffef]T[0xffffffed][0xfffffff7][0xffffffe5][0xffffffef][0xfffffff9]t[0xffffffda][0xf][0xffffffbf][0xffffffce][0xffffff97][0xffffffe9]y[0xfffffff9][0xffffffde]H[0xffffffd9][0xffffffcb]t[0xfffffff8][0xffffffba][0xfffffffc][0xffffffab][0xffffff92]]Q[0xffffffca]^P@?[0xffffffbe][0xffffff8c]([0xffffffa9][0xffffffbb][0xffffffb7]<[0xffffffc4][0xffffffae]yaw[0xffffff99]N[0xffffffd3][0xfffffffe]:][0x1f][0xffffff9e][0xfffffff3][0xffffffb8]R[0xffffff89][0xffffff88][0xffffffcb][0xffffff86]kW[0xffffff89][0xc][0x1b][0xffffffe2]7[0xffffffc4]m[0x8]l[0xffffff88][0xffffffdd][0x10][0xffffffb3]!zC[0xffffffd4][0xffffff86][0xffffffc8][\r]I9[0xffffffab]QU"B&[0xffffffeb]3[0xffffffc2]o[0xffffff88][0xffffffdb][0x10][0xffffffd8][0x10][0xffffffbb]!)g[0xffffffd9][0x12][0xffffffbd]!jC[0xffffffe4][0xffffff86][0xffffff88][0xffffff8e][0xffffff84][0xffffffd0][0x3][0xffffffdf][0x3][0xffffffd7][0x3][0xffffffe8][0xffffff81][0xffffffed]A[0xffffff9f]m[0xffffffe8][0xffffff93][\r]}[0xffffffae][0xffffffa1]O5P[0xffffffa6][0xfffffff8]m5`<[0xffffffcd][0xffffffe7][0xffffff8f][0xffffffef][0x19]K[0xffffffc6]>t[0xffffffcf]y[0xffffffdf][0x3][0xffffffd7][0x3][0xffffffe8][0xffffff81][0xffffffed][0xffffff81][0xffffffe9][0x1][0x15][0xffffffa0]|[0x3]T[0xf][0xffffffa8][0x0][0xffffffe5][0x1a] :[0xffffffe0]B[0xf]R[0xffffffa6][0xffffffd0][0x0][0xffffffd7][0x3][0xffffffe8][0xffffff81][0xffffffed][0xffffff81][0xffffffe9][0xffffff81][0xffffffee][0xffffff81][0xffffffea][0xffffff81][0xffffffec][0xffffff81][0xffffffe8][0x0][0xffffff84][0x1e][0xffffffa4]Lm[0x3]R[0xffffffa6][0xffffffa6][0x1][0xffffffd0][0x3][0xffffffdb][0xffffff83][0xffffff94]i[0xfffffff3][0x1][0xffffff81][0xffffffee]A[0xffffffca][0xffffffb4]9[0xfffffff6][0xffffff90]2m[0xe][0x5][0xffffff88][0xe][0xffffffd8][0xffffffd0][0x3][0xffffffdf][0x3][0xffffffd7][0xffffff83][0xffffff94][0xffffffa9]h[0xffffff80]e[0xffffffd0]*[0xffffffdf][0x1f][0xffffffef][0xffffffd3]e[0xffffffdf][0xffffffe8][0xffffffdd]B[0xfffffff1][0xffffffff][0xffffffd1][0xffffffbb][0xfffffff4][0xffffffe0]uy[0xffffffbe]}[0xffffffee]/S[0xffffff8e][0xffffffd8][0xffffffcb][0xfffffff5][0xffffffea][0xffffff97]~L[0xffffff9e]G[0xffffffd2][0xffffffe5][0x5][0x2]//[0xffffff89]ws[0xffffffe1][0xffffffe4][0xfffffff1][0xffffff92][0xffffffa7][\n]"
10:32:01.714 [main] DEBUG org.apache.hc.client5.http.wire -- http-outgoing-22 << "x[0xfffffffb][0xfffffffb][0xffffffc0][0xffffff98],^[0xffffffb2]T[0x1][0xffffffad][0xffffff83][0xffffffd4][0xffffff8a]9Y[0xffffffbc]d[0xffffffa9]<[0xe][0x13][0x1c]crx[0xffffffc9]Q9[0xfffffffc][0xffffff82]$[0xffffffda][0xffffff92][0xffffffc2]E[0xffffffeb] Q[0xffffffcc]2G=h[0xc][0xffffffa4]Te[0x18]T[0xffffff85][0xffffffc6]?z[0xffffffa6][0xffffffee][0xffffffce]=[0xffffffda]B[0xffffffa1][0xfffffff5][0xffffff8e]8Q[0xffffffc1][0xffffffb6][0xffffffb5][0xffffff8e][0xffffffa8][0xfffffff8][0x5][0xffffff9b][0xffffffd6]9[0xffffff86]Re[0xffffffd0][0xffffffad]oD[0xffffffb3][0xffffff91][0xffffffa9]j]#.Z[0xffffffc1][0xffffffb2]5[0xffffff8d][0xffffffe4][0xffffffc7]2[0x16][0xffffffad]g[0xfffffff4][0xffffffa5]p[0x1f]Z[0xffffffc7][0x8]P[0xffffffa8][0xffffffef][0xffffffec]b[0xffffffa6][0xffffffae]5[0xffffff8b]P6[0xffffffc6]Ck[0x15][0xffffffeb][0x12][0xffffffa1][0xffffff88][0xffffffdc]Y[0xffffffc5][0xc]M[0xffffffe3][0x14]}I[0xc][0xffffffc5][0xffffffe4][0xffffffce]'f[0xffffffa8][0xffffffee]mb[0xffffff86][0xffffffb2]q[0xffffff89][0xffffff96][0xffffffe7][0x17][0xffffff8d]I[0xffffffe4]TQ\[0xffffffee],b[0xffffff86][0xffffffbe]s[0xffffff88][0xffffff99][0xffffffba][0xffffffc6] :[0xffffff86][0xffffffd0][0xffffffd8]C_[0xffffffa6]G[0xffffffb5]Y[0xffffffdd]!g[0xffffff8f][0xffffff8a][0xffffffb3][0xffffff9a]C\[0xffffffe0]Buc[0xe][0xffffff81][0x7]U[0xffffff8d]7[0xfffffff4]e[0xffffffc3]Q~VkX7[0xb]5h[0xffffffb5][0xffffff86]|[0xffffffd6]Q[0xffffff87]Vg[0xffffffc8]'[0x1a][0xffffffb5][0xffffffa8]1[0xffffff86][0xffffffb2][0xffffff94][0xffffff8a][0xffffff82][0xffffffd4][0xfffffffa][0xffffffc2]2[0x17][0xffffffaa][0xffffffd2]j[0xb][0x1d][0xffffff8f]j[0x1b]W[0xffffffc8]G[0x19][0xffffffd5]i[0xfffffff5][0xffffff84][0xfffffff5]p[0xffffffa2]D5[0xffffff9e][0xffffff90]?5[0xffffffd4][0xffffffa9][0xffffffc6][0x12][0xffffffd6][0xffffffb9][0xffffff8a][0xffffff95]K[0xffffff81][\r]mP[0xffffff8c]\[0xe][0xffffff8a][0xffffff8f][0xffffffcb]A[0xffffffb1]q9(..[0x7][0xffffffc5][0xffffffc4][0xffffffe5][0xffffffa0]x[0xffffffb8][0x1c][0x14][0xb][0xffffff97][0x3][0xffffff99]=[[0xe]D[0x13][0x18][0xffffffca][0xffffff80]36[0xffffff94][0xffffff81].[0xfffffff3][0x18][0xffffffca]@[0xffffff95][0xffffffc5]0[0xffffff90][0xffffff83];[0xffffffd3]7[0x1f].[0xb])[0xffffffd8][0xfffffff0][0xffffffcb][0xfffffff1]ej4[0xfffffff0][0xffffffed]:![0xfffffff8]O[0x11]<N[0xffffffdf][0xffffffa6][0x13][0xffffff8d]:[0xffffffbe][0xfffffff1][0x8]I[0x11][0xffffffa7][0xfffffff3][0xffffffe3][0xffffffc7]uW[0xffffffd9]#[\r][0xffffffb2][0xffffffbb]-[0xffffffcb][0xffffffe9][0xffffffba][0xfffffffb][0xffffff9c][0xffffffbe][0x14]Q| [0xffffffba][0xfffffff6][0xffffffb5][0xffffffd2][0xffffffe3][0xffffffcd] }[0xffffffa1][0xffffffdc][0xffffffd5]J[0xffffff87][0xffffffa6][0x1b]W2S[0xffffffee]i[0xffffffa5]S[0xffffffe9] g[0xffffffca][0x1d][0xffffffad][0x4][0xffffff90][0xffffffd4]qf[0xffffffca][0xfffffffd][0xffffffac][0xffffffb4]x>p[0xfffffff5][0x12][0xffffffad][0xffffffdd][0xffffffac][0xffffffb4]([0xffffffb4][0xffffffae][0xffffffcc]V{Yi[0x0][0xffffffc7][0xffffff85]B[0xffffffb9][0xffffff93][0xffffffc5][0x1e][0xffffff80][0xffffffee][0xfffffff0][0xc][0xffffffb9][0xffffff8d][0xffffff95][0xffffffda][0xffffffd1][0xffffff8d]Y(7[0xffffffb1][0xffffffd8]"
10:32:01.715 [main] DEBUG org.apache.hc.client5.http.wire -- http-outgoing-22 << "[0xffffff8f]jT[0xffffffb0]B[0xffffffb9][0xffffff85][0xffffff95][\n]"
10:32:01.715 [main] DEBUG org.apache.hc.client5.http.wire -- http-outgoing-22 << "[0xffffffbf]T[0xffffffc7]#p[0x3][0xffffff8b][0x1d][0xffffff87][0xffffffa9]E[0xffffffd4][0xffffffee][0x15]o[0x3]K[0x1d]A[0xffffffa6][0xffffffdc][0xffffffbb]J%[0xffffffc5]:.w[0xffffffae]xYX[0xffffffea][0xffffff9f][0xffffff88]r[0xffffffdf][0xffffff8a][0xffffffd2]OB[0xffffff91]Y[0xffffffe9]Z%UW[0x16][0xffffff86][V,MUV[0x1a]V[0xffffffac][0xffffffc1]TV[0xffffffda]U[0xffffffcc][0xffffffaa][0xffffffce][0xffffffcc][0xffffffcd]j@[0xffffff8d][0xffffffd1]2[0xffffffa3][0xffffffd2][0xffffffa8][0x6]\z][0xffffff9e]*]j[0x10][0xffffffeb][0x4][0xffffffa5]C[0xfffffff5][0xffffffa4]t[0xffffffe5][0xffffffc5][0xffffffd2][0xffffff9d]z,,[0x13][0xffffffee]Li[0xffffffc7][0xfffffff3][0xffffffc6]pW[0xffffffea]pm[0xffffffcb]k[0xffffffdc][0xffffff92][0x2][0xffffff84][0xffffffb2]%[0xffffffdc][0xffffff8e][0x2][0x1e][0x9][0xffffffc8]k[0xffffffc1][0xffffffbd][0xffffffa8][0xffffffa5][0x5].O[0xffffff95]F[0xffffffd4]&[0xffffff83][0xffffff92][0x8]7[0xffffffa1]([\r][0xffffffb6][0xffffffcc][0xffffff87][0xffffffea][0xffffff95][0xffffffd5]3pN[0xffffffdc][0xffffff93][0xffffffe2]=[[0xffffffb6][0xffffffaa][0xfffffff6][0xffffffa3]X1[0xffffff9e][0xffffffbb][0xffffffc4]j3Jg6[0xffffff93][0xffffffd2][0xffffff88]*[0xffffffc7]G[0xffffff87]{P[0xffffffa5]+)[0xfffffffd]'[0xffffffc9]b![0xffffffa5][0xfffffff5][0xffffff94][0x1a]{[0xfffffff3][0xffffff8c][0xffffff8c][0xffffff89][0xffffffef][0xffffff97][0xffffffe9]q>_o[0xfffffffb][0xffffffd3]i:f[0xffffffa8]"[0xffffffd0][0xffffffcd][0xffffffae][0xfffffff3]912[0xffffffa2][0xffffff84][0xffffff81][\n]"
10:32:01.715 [main] DEBUG org.apache.hc.client5.http.wire -- http-outgoing-22 << "[0xffffffb9]|#"[0xffffffea]$[0xffffffde]vy?[0xffffffb4][0xffffff8f][0xfffffff8]a[0x19][0x1d]r[0xffffffa8]Htp[0xffffffa7]}>#[0xffffffd8][0xffffff87][0xffffffd1][0xffffff95][0xffffff8d]z[0xfffffffd][0xfffffff0][0xf][0xffffffe2][0x12][0xffffff8f][0xfffffff4]>[0x13][0x0][0x0]"
10:32:01.716 [main] DEBUG org.apache.hc.client5.http.impl.classic.InternalHttpClient -- ep-0000000023 releasing valid endpoint
10:32:01.716 [main] DEBUG org.apache.hc.client5.http.impl.io.PoolingHttpClientConnectionManager -- ep-0000000023 releasing endpoint
10:32:01.716 [main] DEBUG org.apache.hc.client5.http.impl.io.PoolingHttpClientConnectionManager -- ep-0000000023 connection http-outgoing-22 can be kept alive for 3 MINUTES
10:32:01.716 [main] DEBUG org.apache.hc.client5.http.impl.io.PoolingHttpClientConnectionManager -- ep-0000000023 connection released [route: {s}->https://raw.githubusercontent.com:443][total available: 1; route allocated: 1 of 5; total allocated: 2 of 25]
10:32:01.716 [main] DEBUG io.github.bonigarcia.wdm.versions.VersionDetector -- Driver for chrome120.0.6099.63 not found in online properties (using local versions.properties)
10:32:01.717 [main] DEBUG io.github.bonigarcia.wdm.WebDriverManager -- The driver version for CHROME 120.0.6099.63 is unknown ... trying with latest
10:32:01.721 [main] DEBUG org.apache.hc.client5.http.impl.classic.InternalHttpClient -- ex-0000000024 preparing request execution
10:32:01.722 [main] DEBUG org.apache.hc.client5.http.impl.classic.ProtocolExec -- ex-0000000024 target auth state: UNCHALLENGED
10:32:01.722 [main] DEBUG org.apache.hc.client5.http.impl.classic.ProtocolExec -- ex-0000000024 proxy auth state: UNCHALLENGED
10:32:01.722 [main] DEBUG org.apache.hc.client5.http.impl.classic.ConnectExec -- ex-0000000024 acquiring connection with route {s}->https://googlechromelabs.github.io:443
10:32:01.722 [main] DEBUG org.apache.hc.client5.http.impl.classic.InternalHttpClient -- ex-0000000024 acquiring endpoint (3 MINUTES)
10:32:01.722 [main] DEBUG org.apache.hc.client5.http.impl.io.PoolingHttpClientConnectionManager -- ex-0000000024 endpoint lease request (3 MINUTES) [route: {s}->https://googlechromelabs.github.io:443][total available: 1; route allocated: 1 of 5; total allocated: 2 of 25]
10:32:01.722 [main] DEBUG org.apache.hc.client5.http.impl.io.PoolingHttpClientConnectionManager -- ex-0000000024 endpoint leased [route: {s}->https://googlechromelabs.github.io:443][total available: 1; route allocated: 2 of 5; total allocated: 3 of 25]
10:32:01.722 [main] DEBUG org.apache.hc.client5.http.impl.io.PoolingHttpClientConnectionManager -- ex-0000000024 acquired ep-0000000024
10:32:01.722 [main] DEBUG org.apache.hc.client5.http.impl.classic.InternalHttpClient -- ex-0000000024 acquired endpoint ep-0000000024
10:32:01.722 [main] DEBUG org.apache.hc.client5.http.impl.classic.ConnectExec -- ex-0000000024 opening connection {s}->https://googlechromelabs.github.io:443
10:32:01.723 [main] DEBUG org.apache.hc.client5.http.impl.classic.InternalHttpClient -- ep-0000000024 connecting endpoint (null)
10:32:01.723 [main] DEBUG org.apache.hc.client5.http.impl.io.PoolingHttpClientConnectionManager -- ep-0000000024 connecting endpoint to https://googlechromelabs.github.io:443 (30 SECONDS)
10:32:01.723 [main] DEBUG org.apache.hc.client5.http.impl.io.DefaultHttpClientConnectionOperator -- googlechromelabs.github.io resolving remote address
10:32:01.723 [main] DEBUG org.apache.hc.client5.http.impl.io.DefaultHttpClientConnectionOperator -- googlechromelabs.github.io resolved to [googlechromelabs.github.io/185.199.110.153, googlechromelabs.github.io/185.199.111.153, googlechromelabs.github.io/185.199.108.153, googlechromelabs.github.io/185.199.109.153]
10:32:01.723 [main] DEBUG org.apache.hc.client5.http.impl.io.DefaultHttpClientConnectionOperator -- googlechromelabs.github.io:443 connecting null->googlechromelabs.github.io/185.199.110.153:443 (30 SECONDS)
10:32:01.723 [main] DEBUG org.apache.hc.client5.http.ssl.SSLConnectionSocketFactory -- Connecting socket to googlechromelabs.github.io/185.199.110.153:443 with timeout 30 SECONDS
10:32:01.763 [main] DEBUG org.apache.hc.client5.http.ssl.SSLConnectionSocketFactory -- Enabled protocols: [TLSv1.3, TLSv1.2]
10:32:01.764 [main] DEBUG org.apache.hc.client5.http.ssl.SSLConnectionSocketFactory -- Enabled cipher suites: [TLS_AES_256_GCM_SHA384, TLS_AES_128_GCM_SHA256, TLS_CHACHA20_POLY1305_SHA256, TLS_ECDHE_ECDSA_WITH_AES_256_GCM_SHA384, TLS_ECDHE_ECDSA_WITH_AES_128_GCM_SHA256, TLS_ECDHE_ECDSA_WITH_CHACHA20_POLY1305_SHA256, TLS_ECDHE_RSA_WITH_AES_256_GCM_SHA384, TLS_ECDHE_RSA_WITH_CHACHA20_POLY1305_SHA256, TLS_ECDHE_RSA_WITH_AES_128_GCM_SHA256, TLS_DHE_RSA_WITH_AES_256_GCM_SHA384, TLS_DHE_RSA_WITH_CHACHA20_POLY1305_SHA256, TLS_DHE_DSS_WITH_AES_256_GCM_SHA384, TLS_DHE_RSA_WITH_AES_128_GCM_SHA256, TLS_DHE_DSS_WITH_AES_128_GCM_SHA256, TLS_ECDHE_ECDSA_WITH_AES_256_CBC_SHA384, TLS_ECDHE_RSA_WITH_AES_256_CBC_SHA384, TLS_ECDHE_ECDSA_WITH_AES_128_CBC_SHA256, TLS_ECDHE_RSA_WITH_AES_128_CBC_SHA256, TLS_DHE_RSA_WITH_AES_256_CBC_SHA256, TLS_DHE_DSS_WITH_AES_256_CBC_SHA256, TLS_DHE_RSA_WITH_AES_128_CBC_SHA256, TLS_DHE_DSS_WITH_AES_128_CBC_SHA256, TLS_ECDHE_ECDSA_WITH_AES_256_CBC_SHA, TLS_ECDHE_RSA_WITH_AES_256_CBC_SHA, TLS_ECDHE_ECDSA_WITH_AES_128_CBC_SHA, TLS_ECDHE_RSA_WITH_AES_128_CBC_SHA, TLS_DHE_RSA_WITH_AES_256_CBC_SHA, TLS_DHE_DSS_WITH_AES_256_CBC_SHA, TLS_DHE_RSA_WITH_AES_128_CBC_SHA, TLS_DHE_DSS_WITH_AES_128_CBC_SHA, TLS_RSA_WITH_AES_256_GCM_SHA384, TLS_RSA_WITH_AES_128_GCM_SHA256, TLS_RSA_WITH_AES_256_CBC_SHA256, TLS_RSA_WITH_AES_128_CBC_SHA256, TLS_RSA_WITH_AES_256_CBC_SHA, TLS_RSA_WITH_AES_128_CBC_SHA, TLS_EMPTY_RENEGOTIATION_INFO_SCSV]
10:32:01.764 [main] DEBUG org.apache.hc.client5.http.ssl.SSLConnectionSocketFactory -- Starting handshake (null)
10:32:01.832 [main] DEBUG org.apache.hc.client5.http.ssl.SSLConnectionSocketFactory -- Secure session established
10:32:01.832 [main] DEBUG org.apache.hc.client5.http.ssl.SSLConnectionSocketFactory --  negotiated protocol: TLSv1.3
10:32:01.832 [main] DEBUG org.apache.hc.client5.http.ssl.SSLConnectionSocketFactory --  negotiated cipher suite: TLS_AES_128_GCM_SHA256
10:32:01.832 [main] DEBUG org.apache.hc.client5.http.ssl.SSLConnectionSocketFactory --  peer principal: CN=*.github.io, O="GitHub, Inc.", L=San Francisco, ST=California, C=US
10:32:01.832 [main] DEBUG org.apache.hc.client5.http.ssl.SSLConnectionSocketFactory --  peer alternative names: [*.github.io, github.io, *.github.com, github.com, www.github.com, *.githubusercontent.com, githubusercontent.com]
10:32:01.832 [main] DEBUG org.apache.hc.client5.http.ssl.SSLConnectionSocketFactory --  issuer principal: CN=DigiCert TLS RSA SHA256 2020 CA1, O=DigiCert Inc, C=US
10:32:01.832 [main] DEBUG org.apache.hc.client5.http.impl.io.DefaultManagedHttpClientConnection -- http-outgoing-23 set socket timeout to 3 MINUTES
10:32:01.832 [main] DEBUG org.apache.hc.client5.http.impl.io.DefaultHttpClientConnectionOperator -- googlechromelabs.github.io:443 connected null->googlechromelabs.github.io/185.199.110.153:443 as http-outgoing-23
10:32:01.832 [main] DEBUG org.apache.hc.client5.http.impl.io.PoolingHttpClientConnectionManager -- ep-0000000024 connected http-outgoing-23
10:32:01.832 [main] DEBUG org.apache.hc.client5.http.impl.classic.InternalHttpClient -- ep-0000000024 endpoint connected
10:32:01.832 [main] DEBUG org.apache.hc.client5.http.impl.classic.MainClientExec -- ex-0000000024 executing GET /chrome-for-testing/last-known-good-versions-with-downloads.json HTTP/1.1
10:32:01.832 [main] DEBUG org.apache.hc.client5.http.protocol.RequestAddCookies -- ex-0000000024 Cookie spec selected: strict
10:32:01.832 [main] DEBUG org.apache.hc.client5.http.impl.classic.InternalHttpClient -- ep-0000000024 start execution ex-0000000024
10:32:01.832 [main] DEBUG org.apache.hc.client5.http.impl.io.PoolingHttpClientConnectionManager -- ep-0000000024 executing exchange ex-0000000024 over http-outgoing-23
10:32:01.832 [main] DEBUG org.apache.hc.client5.http.headers -- http-outgoing-23 >> GET /chrome-for-testing/last-known-good-versions-with-downloads.json HTTP/1.1
10:32:01.832 [main] DEBUG org.apache.hc.client5.http.headers -- http-outgoing-23 >> user-agent: Apache-HttpClient/5.0
10:32:01.832 [main] DEBUG org.apache.hc.client5.http.headers -- http-outgoing-23 >> accept-encoding: gzip, deflate, br
10:32:01.832 [main] DEBUG org.apache.hc.client5.http.headers -- http-outgoing-23 >> cache-control: max-age=0
10:32:01.832 [main] DEBUG org.apache.hc.client5.http.headers -- http-outgoing-23 >> connection: keep-alive
10:32:01.832 [main] DEBUG org.apache.hc.client5.http.headers -- http-outgoing-23 >> Host: googlechromelabs.github.io
10:32:01.832 [main] DEBUG org.apache.hc.client5.http.wire -- http-outgoing-23 >> "GET /chrome-for-testing/last-known-good-versions-with-downloads.json HTTP/1.1[\r][\n]"
10:32:01.832 [main] DEBUG org.apache.hc.client5.http.wire -- http-outgoing-23 >> "user-agent: Apache-HttpClient/5.0[\r][\n]"
10:32:01.832 [main] DEBUG org.apache.hc.client5.http.wire -- http-outgoing-23 >> "accept-encoding: gzip, deflate, br[\r][\n]"
10:32:01.832 [main] DEBUG org.apache.hc.client5.http.wire -- http-outgoing-23 >> "cache-control: max-age=0[\r][\n]"
10:32:01.833 [main] DEBUG org.apache.hc.client5.http.wire -- http-outgoing-23 >> "connection: keep-alive[\r][\n]"
10:32:01.833 [main] DEBUG org.apache.hc.client5.http.wire -- http-outgoing-23 >> "Host: googlechromelabs.github.io[\r][\n]"
10:32:01.833 [main] DEBUG org.apache.hc.client5.http.wire -- http-outgoing-23 >> "[\r][\n]"
10:32:01.877 [main] DEBUG org.apache.hc.client5.http.wire -- http-outgoing-23 << "HTTP/1.1 200 OK[\r][\n]"
10:32:01.877 [main] DEBUG org.apache.hc.client5.http.wire -- http-outgoing-23 << "Connection: keep-alive[\r][\n]"
10:32:01.877 [main] DEBUG org.apache.hc.client5.http.wire -- http-outgoing-23 << "Content-Length: 641[\r][\n]"
10:32:01.877 [main] DEBUG org.apache.hc.client5.http.wire -- http-outgoing-23 << "Server: GitHub.com[\r][\n]"
10:32:01.877 [main] DEBUG org.apache.hc.client5.http.wire -- http-outgoing-23 << "Content-Type: application/json; charset=utf-8[\r][\n]"
10:32:01.877 [main] DEBUG org.apache.hc.client5.http.wire -- http-outgoing-23 << "permissions-policy: interest-cohort=()[\r][\n]"
10:32:01.877 [main] DEBUG org.apache.hc.client5.http.wire -- http-outgoing-23 << "x-origin-cache: HIT[\r][\n]"
10:32:01.877 [main] DEBUG org.apache.hc.client5.http.wire -- http-outgoing-23 << "Last-Modified: Thu, 28 Dec 2023 09:09:08 GMT[\r][\n]"
10:32:01.877 [main] DEBUG org.apache.hc.client5.http.wire -- http-outgoing-23 << "Access-Control-Allow-Origin: *[\r][\n]"
10:32:01.878 [main] DEBUG org.apache.hc.client5.http.wire -- http-outgoing-23 << "Strict-Transport-Security: max-age=31556952[\r][\n]"
10:32:01.878 [main] DEBUG org.apache.hc.client5.http.wire -- http-outgoing-23 << "ETag: W/"658d3b34-22ac"[\r][\n]"
10:32:01.878 [main] DEBUG org.apache.hc.client5.http.wire -- http-outgoing-23 << "expires: Thu, 28 Dec 2023 09:19:31 GMT[\r][\n]"
10:32:01.878 [main] DEBUG org.apache.hc.client5.http.wire -- http-outgoing-23 << "Cache-Control: max-age=600[\r][\n]"
10:32:01.878 [main] DEBUG org.apache.hc.client5.http.wire -- http-outgoing-23 << "Content-Encoding: gzip[\r][\n]"
10:32:01.878 [main] DEBUG org.apache.hc.client5.http.wire -- http-outgoing-23 << "x-proxy-cache: HIT[\r][\n]"
10:32:01.878 [main] DEBUG org.apache.hc.client5.http.wire -- http-outgoing-23 << "X-GitHub-Request-Id: AD28:2802F4:8D3D7B:90038F:658D3C18[\r][\n]"
10:32:01.878 [main] DEBUG org.apache.hc.client5.http.wire -- http-outgoing-23 << "Accept-Ranges: bytes[\r][\n]"
10:32:01.878 [main] DEBUG org.apache.hc.client5.http.wire -- http-outgoing-23 << "Date: Thu, 28 Dec 2023 09:32:03 GMT[\r][\n]"
10:32:01.878 [main] DEBUG org.apache.hc.client5.http.wire -- http-outgoing-23 << "Via: 1.1 varnish[\r][\n]"
10:32:01.878 [main] DEBUG org.apache.hc.client5.http.wire -- http-outgoing-23 << "Age: 482[\r][\n]"
10:32:01.878 [main] DEBUG org.apache.hc.client5.http.wire -- http-outgoing-23 << "X-Served-By: cache-mad2200133-MAD[\r][\n]"
10:32:01.878 [main] DEBUG org.apache.hc.client5.http.wire -- http-outgoing-23 << "X-Cache: HIT[\r][\n]"
10:32:01.878 [main] DEBUG org.apache.hc.client5.http.wire -- http-outgoing-23 << "X-Cache-Hits: 1[\r][\n]"
10:32:01.878 [main] DEBUG org.apache.hc.client5.http.wire -- http-outgoing-23 << "X-Timer: S1703755923.365942,VS0,VE1[\r][\n]"
10:32:01.878 [main] DEBUG org.apache.hc.client5.http.wire -- http-outgoing-23 << "Vary: Accept-Encoding[\r][\n]"
10:32:01.878 [main] DEBUG org.apache.hc.client5.http.wire -- http-outgoing-23 << "X-Fastly-Request-ID: 74b0d6c10755cef16a80501c8bb210027f09e4da[\r][\n]"
10:32:01.878 [main] DEBUG org.apache.hc.client5.http.wire -- http-outgoing-23 << "[\r][\n]"
10:32:01.878 [main] DEBUG org.apache.hc.client5.http.headers -- http-outgoing-23 << HTTP/1.1 200 OK
10:32:01.878 [main] DEBUG org.apache.hc.client5.http.headers -- http-outgoing-23 << Connection: keep-alive
10:32:01.878 [main] DEBUG org.apache.hc.client5.http.headers -- http-outgoing-23 << Content-Length: 641
10:32:01.878 [main] DEBUG org.apache.hc.client5.http.headers -- http-outgoing-23 << Server: GitHub.com
10:32:01.878 [main] DEBUG org.apache.hc.client5.http.headers -- http-outgoing-23 << Content-Type: application/json; charset=utf-8
10:32:01.878 [main] DEBUG org.apache.hc.client5.http.headers -- http-outgoing-23 << permissions-policy: interest-cohort=()
10:32:01.878 [main] DEBUG org.apache.hc.client5.http.headers -- http-outgoing-23 << x-origin-cache: HIT
10:32:01.878 [main] DEBUG org.apache.hc.client5.http.headers -- http-outgoing-23 << Last-Modified: Thu, 28 Dec 2023 09:09:08 GMT
10:32:01.878 [main] DEBUG org.apache.hc.client5.http.headers -- http-outgoing-23 << Access-Control-Allow-Origin: *
10:32:01.878 [main] DEBUG org.apache.hc.client5.http.headers -- http-outgoing-23 << Strict-Transport-Security: max-age=31556952
10:32:01.878 [main] DEBUG org.apache.hc.client5.http.headers -- http-outgoing-23 << ETag: W/"658d3b34-22ac"
10:32:01.878 [main] DEBUG org.apache.hc.client5.http.headers -- http-outgoing-23 << expires: Thu, 28 Dec 2023 09:19:31 GMT
10:32:01.878 [main] DEBUG org.apache.hc.client5.http.headers -- http-outgoing-23 << Cache-Control: max-age=600
10:32:01.878 [main] DEBUG org.apache.hc.client5.http.headers -- http-outgoing-23 << Content-Encoding: gzip
10:32:01.878 [main] DEBUG org.apache.hc.client5.http.headers -- http-outgoing-23 << x-proxy-cache: HIT
10:32:01.878 [main] DEBUG org.apache.hc.client5.http.headers -- http-outgoing-23 << X-GitHub-Request-Id: AD28:2802F4:8D3D7B:90038F:658D3C18
10:32:01.878 [main] DEBUG org.apache.hc.client5.http.headers -- http-outgoing-23 << Accept-Ranges: bytes
10:32:01.878 [main] DEBUG org.apache.hc.client5.http.headers -- http-outgoing-23 << Date: Thu, 28 Dec 2023 09:32:03 GMT
10:32:01.878 [main] DEBUG org.apache.hc.client5.http.headers -- http-outgoing-23 << Via: 1.1 varnish
10:32:01.878 [main] DEBUG org.apache.hc.client5.http.headers -- http-outgoing-23 << Age: 482
10:32:01.878 [main] DEBUG org.apache.hc.client5.http.headers -- http-outgoing-23 << X-Served-By: cache-mad2200133-MAD
10:32:01.878 [main] DEBUG org.apache.hc.client5.http.headers -- http-outgoing-23 << X-Cache: HIT
10:32:01.878 [main] DEBUG org.apache.hc.client5.http.headers -- http-outgoing-23 << X-Cache-Hits: 1
10:32:01.878 [main] DEBUG org.apache.hc.client5.http.headers -- http-outgoing-23 << X-Timer: S1703755923.365942,VS0,VE1
10:32:01.878 [main] DEBUG org.apache.hc.client5.http.headers -- http-outgoing-23 << Vary: Accept-Encoding
10:32:01.878 [main] DEBUG org.apache.hc.client5.http.headers -- http-outgoing-23 << X-Fastly-Request-ID: 74b0d6c10755cef16a80501c8bb210027f09e4da
10:32:01.879 [main] DEBUG org.apache.hc.client5.http.impl.classic.MainClientExec -- ex-0000000024 connection can be kept alive for 3 MINUTES
10:32:01.880 [main] DEBUG org.apache.hc.client5.http.wire -- http-outgoing-23 << "[0x1f][0xffffff8b][0x8][0x0][0x0][0x0][0x0][0x0][0x0][0x3][0xffffffcd][0xffffff96][0xffffffcb][0xffffff92][0xffffff9b]0[0x10]E[0xfffffff7][0xfffffff9][0xc][0xffffffad]yI8[0xffffff80]Y&[0xfffffff3][0x7][0xffffff93]URY(F[0xffffffb1][0xffffffa9][0x12][0xffffffe0][0x2][0xffffff8d]'[0xffffff89][0xffffff8b][0x7f][0xffffff8f][0xc]2[0xffffffe6]!1+[0xffffffab]Ya[0x1a][0xffffffb9][0xfffffffb]B[0xffffff9d][0xffffffea]:W$[0xfffffff2][0xffffff82]5[0xffffff82][0x16]g[0xffffff94]"[0x12][0xffffff90][0xffffffd0][0xffffffc5][0xffffffc4]%[0xfffffff1]7[0xffffff82][0xffffffd3] I[0xffffffc3][0xffffffc4][0xb][0xffffff83][0xffffffe4];r[0xffffffd0][0xffffffe1]D[0xffffffcb][0xffffff92][0xfffffff1][0x6][0xffffffa5]W[0xfffffff4]*[0xffffffe8]/[0xffffffce]n[0xffffffbf]TU[0xfffffffe]U[0xffffffd5][0x1c]tau[0xffffff93]W[0xffffffa5],a[0x12]x[0xffffff81][0x17][0x5][0xfffffffb][0xffffffbd][0xffffff87][0xffffff83][0xffffffbd]|T[0xffffffb3]K><[0xffffffc3]q[0x18][0x11]Y[0xffffffcc][0xffffffaa][0xfffffff7][0xffffff92]W4k[0xfffffffa]~uU[0xffffffc8][0xffffffce]?[0xffffffae][0xffffffe8][0xffffffcc][0xffffffa9][0xfffffff8]][0xffffffd5][0xffffff85]<[0xffffffcc][0xfffffff3][0xfffffff2][0xffffffed]O[0xffffffb4][0xffffff93][0xffffff87][0xffffffdf][0xffffffea][0xffffffdb][0xffffffac][0xffffff93][0x10][0xffffffe7]&[0xfffffff5]}[0xffffff96][0x1d]Y[0xffffffc6][0xffffffbd][0xffffff82]y[0xffffffc7][0xffffff8b][0xffffffc0][0xffffffde][0xffffffa1]*T[0xffffffc9][0xffffffef][0xfffffffb][0xffffffa8][0xffffff8b]+[0xffffffdb][0xffffffb8]B[0xffffffbe]d^[0x1e][0xfffffffd]i(_[0xffffffb5][0xffffffbe][0xffffff9f]T[0xffffffb7][0xffffffde][0xffffffbf][0xfffffffc][0xffffff8c]Zg[0x12][0xffffffa2][0xffffffa0][0x7][0xffffff97][0xffffffd6][0xffffffc5]sb[0xc][0xffffffcd][0xffffffef]g[0xffffff87][0xffffff82])[0xffffffca][0xffffff93][0xffffffbe][0xffffff87]j=[0xffffff8e]a[0xfffffff8][0x1e][0xffffffef]y[0x19][0xffffff92]gD[0xffffffe8][0x1a][0xffffffdf][0xffffffcf]u7[0xffffff86][0xfffffff1][0xffffffcf][0xfffffff9][0x2]][0xffffffe3][0xffffffd1][0xfffffff8][0xfffffffb][0xffffffdb][0xffffffff]t[0x14][0xffffff9d]Y[0xffffff9d]K[0xffffffc6][0xffffffc1][0x18][0xffffffed][0xffffffc7]o[0xffffff86]T[0x15]g[0x1b][0xffffffbc][0xffffff8e][0xffffffc2]@R[0xffffffab]b[0xffffffc0][0xffffffb2][0xfffffffb][0x8][0xffffffb1] [0xffffffd8]=1[0xffffff9a]q[0xffffffd6]4nsb[0xffffff9c][0xffffff83][0xffffffa1]<[0xffffffcb][0xffffffb1][0x19][0xffffffa6][0xffffffe7][0xffffffb9][0xffffffb6][0x1][0xffffffb7].[0x15]$[0xffffffe5][0xfffffff3]<[0xffffffb0][0xffffffb8]k[0xffffffd2][0xc][0xffffffdc][0xffffffb7][0xffffffad][0xffffff83][0xffffffbe]0A[0xffffffa7][0xffffffc6][0xffffffd2]U[0xffffffa6][0xffffffbe][0xffffff82]o[0xffffffdd]q[0x14]{8[0xffffff9a][0xffffffeb]J[0x18][0xffffffe2] [0xffffff86][0xffffffd0][0xffffff95]Q&@[[0x19][0xffffffa7][0xffffff80][0xffffff94][0xffffff95]y[0xe][0xfffffffb][0xffffffae]2N`_Uf[0xffffffd3][0xffffffe1]M[0xffffffc5][0xffffff8c][0xffffffa7]}QY[0xffffff83][0xffffffd4][0xffffffbe][0xffffffa7][0xffffff98]Q[0xffffffb5][0xffffffab])&`mZ[0xffffff8a][0x9][0xffffffdb][0xffffffad]H[0xffffffca][0xffffffca][0xffffff92][0xffffff85]s[0xffffff94][0xffffffd5][0xffffff9d][0xb][0xffffffa7](++[0x18][0xffffffc6]P[0xffffff8c][0x1b][0x19]BP[0xffffff8c][0xb][0xfffffffa][0x3]?ya[0xffffff97][0xffffffa9][0xffffff9e][0xffffffdc][\n]"
10:32:01.880 [main] DEBUG org.apache.hc.client5.http.wire -- http-outgoing-23 << "S;!][0xffffffeb]D^[0x16]r[0x12][0xffffffc5][0xffffffbb][0x4]BN[0x1e][0xffffff91][0x0][0xffffffdd]d[0x14][0x2]RMf1[0xffffffec][0xffffff9b][0xffffffc9]([0xffffff80]}1[0xffffff99][0xe][0xffffff87][0xfffffff7][0x12]#[0xffffff99][0xfffffff6][0xffffffb5]d[0xffffff85]O[0xfffffffb]Vb[0xffffffa4][0xffffffd4][0xffffffae][0xffffff94][0x18]X[0xffffffb5][0xffffffe9]$[0x6]b[0xffffffb7][0xffffffa2]$[0xffffffe6][0xffffffd5][\n]"
10:32:01.880 [main] DEBUG org.apache.hc.client5.http.wire -- http-outgoing-23 << "g$k[0xffffff9b][0x16]NH[0xffffffcc][0xffffff8b][0x17][0xffffffc6]GL{[0x18]BGLk[0xfffffff9][0x3][0x1b][0xfffffff9]JKZ[0xffffffff][0xffffff9d][\n]"
10:32:01.880 [main] DEBUG org.apache.hc.client5.http.wire -- http-outgoing-23 << "[0xffffff89][0xffffffaa]i[0xffffff9c][0xffffff84]`[0xffffffbc]t[0xffffff92][0x1d][0xffffffc6][0xffffff9f]C0'[0xffffffe9]"A;I[0x1f][0x2][0xffffffdc]I[0x1e]1[0xffffff80][0xffffff9c][0xffffffa4][0xf][0x0][0xffffffe4]$[0xffffffc3][0xfffffff0][0xffffff8d]8[0xffffff89][0xffffff8e]L '[0xffffffd1][0xfffffff3][0x9][0xffffffe4]$:J[0x1][0xffffff9c]d[0xffffffc9][0xffffffaa]u'Y[0x12][0xffffffbb])'[0xffffffd1][0xffffffae]V`'1lZ`'[0xffffffd1].^@'[0xffffffd1][0xffffffec]a0'[0xffffffd1][0xffffffac][0xffffffe5]U'i[0xffffffdb]O[0xffffffff][0x1][0xffffffee][0xffffffde][0xffffffae][0xffffffb2][0xffffffac]"[0x0][0x0]"
10:32:01.883 [main] DEBUG org.apache.hc.client5.http.impl.classic.InternalHttpClient -- ep-0000000024 releasing valid endpoint
10:32:01.883 [main] DEBUG org.apache.hc.client5.http.impl.io.PoolingHttpClientConnectionManager -- ep-0000000024 releasing endpoint
10:32:01.883 [main] DEBUG org.apache.hc.client5.http.impl.io.PoolingHttpClientConnectionManager -- ep-0000000024 connection http-outgoing-23 can be kept alive for 3 MINUTES
10:32:01.883 [main] DEBUG org.apache.hc.client5.http.impl.io.PoolingHttpClientConnectionManager -- ep-0000000024 connection released [route: {s}->https://googlechromelabs.github.io:443][total available: 2; route allocated: 2 of 5; total allocated: 3 of 25]
10:32:01.894 [main] DEBUG io.github.bonigarcia.wdm.WebDriverManager -- Driver chromedriver 120.0.6099.109 found in cache
10:32:01.895 [main] INFO io.github.bonigarcia.wdm.WebDriverManager -- Exporting webdriver.chrome.driver as C:\Users\info\.cache\selenium\chromedriver\win64\120.0.6099.109\chromedriver.exe
  Given the user is on the login page for login                                         # com.sdetadda.allure.Login.the_user_is_on_the_login_page_for_login()
      org.openqa.selenium.NoSuchWindowException: no such window: target window already closed
from unknown error: web view not found
  (Session info: chrome=120.0.6099.130)
Build info: version: '4.16.1', revision: '9b4c83354e'
System info: os.name: 'Windows 10', os.arch: 'amd64', os.version: '10.0', java.version: '21.0.1'
Driver info: org.openqa.selenium.chrome.ChromeDriver
Command: [0afe681429ac41550dc1ea881e810c5a, findElement {using=xpath, value=/html/body/div[2]/header/div[1]/div/ul/li[2]/a}]
Capabilities {acceptInsecureCerts: false, browserName: chrome, browserVersion: 120.0.6099.130, chrome: {chromedriverVersion: 120.0.6099.109 (3419140ab66..., userDataDir: C:\Users\info\AppData\Local...}, fedcm:accounts: true, goog:chromeOptions: {debuggerAddress: localhost:52081}, networkConnectionEnabled: false, pageLoadStrategy: normal, platformName: windows, proxy: Proxy(), se:cdp: ws://localhost:52081/devtoo..., se:cdpVersion: 120.0.6099.130, setWindowRect: true, strictFileInteractability: false, timeouts: {implicit: 0, pageLoad: 300000, script: 30000}, unhandledPromptBehavior: dismiss and notify, webauthn:extension:credBlob: true, webauthn:extension:largeBlob: true, webauthn:extension:minPinLength: true, webauthn:extension:prf: true, webauthn:virtualAuthenticators: true}
Session ID: 0afe681429ac41550dc1ea881e810c5a
	at java.base/jdk.internal.reflect.DirectConstructorHandleAccessor.newInstance(DirectConstructorHandleAccessor.java:62)
	at java.base/java.lang.reflect.Constructor.newInstanceWithCaller(Constructor.java:502)
	at java.base/java.lang.reflect.Constructor.newInstance(Constructor.java:486)
	at org.openqa.selenium.remote.codec.w3c.W3CHttpResponseCodec.createException(W3CHttpResponseCodec.java:200)
	at org.openqa.selenium.remote.codec.w3c.W3CHttpResponseCodec.decode(W3CHttpResponseCodec.java:133)
	at org.openqa.selenium.remote.codec.w3c.W3CHttpResponseCodec.decode(W3CHttpResponseCodec.java:52)
	at org.openqa.selenium.remote.HttpCommandExecutor.execute(HttpCommandExecutor.java:191)
	at org.openqa.selenium.remote.service.DriverCommandExecutor.invokeExecute(DriverCommandExecutor.java:200)
	at org.openqa.selenium.remote.service.DriverCommandExecutor.execute(DriverCommandExecutor.java:175)
	at org.openqa.selenium.remote.RemoteWebDriver.execute(RemoteWebDriver.java:523)
	at org.openqa.selenium.remote.ElementLocation$ElementFinder$2.findElement(ElementLocation.java:165)
	at org.openqa.selenium.remote.ElementLocation.findElement(ElementLocation.java:59)
	at org.openqa.selenium.remote.RemoteWebDriver.findElement(RemoteWebDriver.java:360)
	at org.openqa.selenium.remote.RemoteWebDriver.findElement(RemoteWebDriver.java:354)
	at com.sdetadda.allure.Login.the_user_is_on_the_login_page_for_login(Login.java:61)
	at ✽.the user is on the login page for login(file:///C:/Users/info/eclipse-workspace/AllureReportDemo/src/test/resources/Features/Login.feature:23)

  When the user enters valid information "zakarialahssaini2@gmail.com" and "Zakaria-@3" # com.sdetadda.allure.Login.the_user_enters_valid_information(java.lang.String,java.lang.String)
  And the user clicks the login button for login                                        # com.sdetadda.allure.Login.the_user_clicks_the_login_button_for_login()
  Then the user should navigated to the home page                                       # com.sdetadda.allure.Login.the_user_should_navigated_to_the_home_page()

    Scenario failed! Capturing screenshot: Check_login_valid_with_valid_information_1703755926505.png

]]></system-out>
    <system-err><![CDATA[org.openqa.selenium.NoSuchWindowException: no such window: target window already closed
from unknown error: web view not found
  (Session info: chrome=120.0.6099.130)
Build info: version: '4.16.1', revision: '9b4c83354e'
System info: os.name: 'Windows 10', os.arch: 'amd64', os.version: '10.0', java.version: '21.0.1'
Driver info: org.openqa.selenium.chrome.ChromeDriver
Command: [c7bf4716140a09c3c60e6589ec444eb4, screenshot {}]
Capabilities {acceptInsecureCerts: false, browserName: chrome, browserVersion: 120.0.6099.130, chrome: {chromedriverVersion: 120.0.6099.109 (3419140ab66..., userDataDir: C:\Users\info\AppData\Local...}, fedcm:accounts: true, goog:chromeOptions: {debuggerAddress: localhost:52065}, networkConnectionEnabled: false, pageLoadStrategy: normal, platformName: windows, proxy: Proxy(), se:cdp: ws://localhost:52065/devtoo..., se:cdpVersion: 120.0.6099.130, setWindowRect: true, strictFileInteractability: false, timeouts: {implicit: 0, pageLoad: 300000, script: 30000}, unhandledPromptBehavior: dismiss and notify, webauthn:extension:credBlob: true, webauthn:extension:largeBlob: true, webauthn:extension:minPinLength: true, webauthn:extension:prf: true, webauthn:virtualAuthenticators: true}
Session ID: c7bf4716140a09c3c60e6589ec444eb4
	at java.base/jdk.internal.reflect.DirectConstructorHandleAccessor.newInstance(DirectConstructorHandleAccessor.java:62)
	at java.base/java.lang.reflect.Constructor.newInstanceWithCaller(Constructor.java:502)
	at java.base/java.lang.reflect.Constructor.newInstance(Constructor.java:486)
	at org.openqa.selenium.remote.codec.w3c.W3CHttpResponseCodec.createException(W3CHttpResponseCodec.java:200)
	at org.openqa.selenium.remote.codec.w3c.W3CHttpResponseCodec.decode(W3CHttpResponseCodec.java:133)
	at org.openqa.selenium.remote.codec.w3c.W3CHttpResponseCodec.decode(W3CHttpResponseCodec.java:52)
	at org.openqa.selenium.remote.HttpCommandExecutor.execute(HttpCommandExecutor.java:191)
	at org.openqa.selenium.remote.service.DriverCommandExecutor.invokeExecute(DriverCommandExecutor.java:200)
	at org.openqa.selenium.remote.service.DriverCommandExecutor.execute(DriverCommandExecutor.java:175)
	at org.openqa.selenium.remote.RemoteWebDriver.execute(RemoteWebDriver.java:523)
	at org.openqa.selenium.remote.RemoteWebDriver.execute(RemoteWebDriver.java:596)
	at org.openqa.selenium.remote.RemoteWebDriver.execute(RemoteWebDriver.java:600)
	at org.openqa.selenium.remote.RemoteWebDriver.getScreenshotAs(RemoteWebDriver.java:326)
	at com.sdetadda.allure.Hooks.captureScreenshot(Hooks.java:49)
	at com.sdetadda.allure.Hooks.afterScenario(Hooks.java:31)
	at java.base/jdk.internal.reflect.DirectMethodHandleAccessor.invoke(DirectMethodHandleAccessor.java:103)
	at java.base/java.lang.reflect.Method.invoke(Method.java:580)
	at io.cucumber.java.Invoker.doInvoke(Invoker.java:66)
	at io.cucumber.java.Invoker.invoke(Invoker.java:24)
	at io.cucumber.java.AbstractGlueDefinition.invokeMethod(AbstractGlueDefinition.java:47)
	at io.cucumber.java.JavaHookDefinition.execute(JavaHookDefinition.java:64)
	at io.cucumber.core.runner.CoreHookDefinition.execute(CoreHookDefinition.java:46)
	at io.cucumber.core.runner.HookDefinitionMatch.runStep(HookDefinitionMatch.java:21)
	at io.cucumber.core.runner.ExecutionMode$1.execute(ExecutionMode.java:10)
	at io.cucumber.core.runner.TestStep.executeStep(TestStep.java:84)
	at io.cucumber.core.runner.TestStep.run(TestStep.java:56)
	at io.cucumber.core.runner.TestCase.run(TestCase.java:90)
	at io.cucumber.core.runner.Runner.runPickle(Runner.java:75)
	at io.cucumber.junit.PickleRunners$NoStepDescriptions.lambda$run$0(PickleRunners.java:151)
	at io.cucumber.core.runtime.CucumberExecutionContext.lambda$runTestCase$5(CucumberExecutionContext.java:137)
	at io.cucumber.core.runtime.RethrowingThrowableCollector.executeAndThrow(RethrowingThrowableCollector.java:23)
	at io.cucumber.core.runtime.CucumberExecutionContext.runTestCase(CucumberExecutionContext.java:137)
	at io.cucumber.junit.PickleRunners$NoStepDescriptions.run(PickleRunners.java:148)
	at io.cucumber.junit.FeatureRunner.runChild(FeatureRunner.java:144)
	at io.cucumber.junit.FeatureRunner.runChild(FeatureRunner.java:28)
	at org.junit.runners.ParentRunner$4.run(ParentRunner.java:331)
	at org.junit.runners.ParentRunner$1.schedule(ParentRunner.java:79)
	at org.junit.runners.ParentRunner.runChildren(ParentRunner.java:329)
	at org.junit.runners.ParentRunner.access$100(ParentRunner.java:66)
	at org.junit.runners.ParentRunner$2.evaluate(ParentRunner.java:293)
	at org.junit.runners.ParentRunner$3.evaluate(ParentRunner.java:306)
	at org.junit.runners.ParentRunner.run(ParentRunner.java:413)
	at io.cucumber.junit.FeatureRunner.run(FeatureRunner.java:137)
	at io.cucumber.junit.Cucumber.runChild(Cucumber.java:196)
	at io.cucumber.junit.Cucumber.runChild(Cucumber.java:89)
	at org.junit.runners.ParentRunner$4.run(ParentRunner.java:331)
	at org.junit.runners.ParentRunner$1.schedule(ParentRunner.java:79)
	at org.junit.runners.ParentRunner.runChildren(ParentRunner.java:329)
	at org.junit.runners.ParentRunner.access$100(ParentRunner.java:66)
	at org.junit.runners.ParentRunner$2.evaluate(ParentRunner.java:293)
	at io.cucumber.core.runtime.CucumberExecutionContext.lambda$runFeatures$6(CucumberExecutionContext.java:148)
	at io.cucumber.core.runtime.CucumberExecutionContext.execute(CucumberExecutionContext.java:163)
	at io.cucumber.core.runtime.CucumberExecutionContext.runFeatures(CucumberExecutionContext.java:146)
	at io.cucumber.junit.Cucumber$StartAndFinishTestRun.evaluate(Cucumber.java:226)
	at org.junit.runners.ParentRunner$3.evaluate(ParentRunner.java:306)
	at org.junit.runners.ParentRunner.run(ParentRunner.java:413)
	at org.junit.runner.JUnitCore.run(JUnitCore.java:137)
	at org.junit.runner.JUnitCore.run(JUnitCore.java:115)
	at org.junit.vintage.engine.execution.RunnerExecutor.execute(RunnerExecutor.java:42)
	at org.junit.vintage.engine.VintageTestEngine.executeAllChildren(VintageTestEngine.java:80)
	at org.junit.vintage.engine.VintageTestEngine.execute(VintageTestEngine.java:72)
	at org.junit.platform.launcher.core.EngineExecutionOrchestrator.execute(EngineExecutionOrchestrator.java:147)
	at org.junit.platform.launcher.core.EngineExecutionOrchestrator.execute(EngineExecutionOrchestrator.java:127)
	at org.junit.platform.launcher.core.EngineExecutionOrchestrator.execute(EngineExecutionOrchestrator.java:90)
	at org.junit.platform.launcher.core.EngineExecutionOrchestrator.lambda$execute$0(EngineExecutionOrchestrator.java:55)
	at org.junit.platform.launcher.core.EngineExecutionOrchestrator.withInterceptedStreams(EngineExecutionOrchestrator.java:102)
	at org.junit.platform.launcher.core.EngineExecutionOrchestrator.execute(EngineExecutionOrchestrator.java:54)
	at org.junit.platform.launcher.core.DefaultLauncher.execute(DefaultLauncher.java:114)
	at org.junit.platform.launcher.core.DefaultLauncher.execute(DefaultLauncher.java:86)
	at org.junit.platform.launcher.core.DefaultLauncherSession$DelegatingLauncher.execute(DefaultLauncherSession.java:86)
	at org.apache.maven.surefire.junitplatform.LazyLauncher.execute(LazyLauncher.java:56)
	at org.apache.maven.surefire.junitplatform.JUnitPlatformProvider.execute(JUnitPlatformProvider.java:184)
	at org.apache.maven.surefire.junitplatform.JUnitPlatformProvider.invokeAllTests(JUnitPlatformProvider.java:148)
	at org.apache.maven.surefire.junitplatform.JUnitPlatformProvider.invoke(JUnitPlatformProvider.java:122)
	at org.apache.maven.surefire.booter.ForkedBooter.runSuitesInProcess(ForkedBooter.java:385)
	at org.apache.maven.surefire.booter.ForkedBooter.execute(ForkedBooter.java:162)
	at org.apache.maven.surefire.booter.ForkedBooter.run(ForkedBooter.java:507)
	at org.apache.maven.surefire.booter.ForkedBooter.main(ForkedBooter.java:495)
]]></system-err>
  </testcase>
  <testcase name="Check login valid with valid information #2" classname="Test the login functionality" time="13.436">
    <system-out><![CDATA[
@google @search @severity=blocker @issue=6 @tmsLink=45678
Scenario: Check login valid with valid information                                      # src/test/resources/Features/Login.feature:31
10:32:15.926 [main] DEBUG io.github.bonigarcia.wdm.WebDriverManager -- Using WebDriverManager 5.6.2
10:32:15.947 [main] WARN io.github.bonigarcia.wdm.versions.VersionDetector -- Exception reading CfT URL ('null') to get version of chromedriver (For input string: "120.0.6099.63")
10:32:15.948 [main] DEBUG org.apache.hc.client5.http.impl.classic.InternalHttpClient -- ex-0000000025 preparing request execution
10:32:15.948 [main] DEBUG org.apache.hc.client5.http.impl.classic.ProtocolExec -- ex-0000000025 target auth state: UNCHALLENGED
10:32:15.948 [main] DEBUG org.apache.hc.client5.http.impl.classic.ProtocolExec -- ex-0000000025 proxy auth state: UNCHALLENGED
10:32:15.948 [main] DEBUG org.apache.hc.client5.http.impl.classic.ConnectExec -- ex-0000000025 acquiring connection with route {s}->https://googlechromelabs.github.io:443
10:32:15.948 [main] DEBUG org.apache.hc.client5.http.impl.classic.InternalHttpClient -- ex-0000000025 acquiring endpoint (3 MINUTES)
10:32:15.948 [main] DEBUG org.apache.hc.client5.http.impl.io.PoolingHttpClientConnectionManager -- ex-0000000025 endpoint lease request (3 MINUTES) [route: {s}->https://googlechromelabs.github.io:443][total available: 0; route allocated: 0 of 5; total allocated: 0 of 25]
10:32:15.948 [main] DEBUG org.apache.hc.client5.http.impl.io.PoolingHttpClientConnectionManager -- ex-0000000025 endpoint leased [route: {s}->https://googlechromelabs.github.io:443][total available: 0; route allocated: 1 of 5; total allocated: 1 of 25]
10:32:15.948 [main] DEBUG org.apache.hc.client5.http.impl.io.PoolingHttpClientConnectionManager -- ex-0000000025 acquired ep-0000000025
10:32:15.948 [main] DEBUG org.apache.hc.client5.http.impl.classic.InternalHttpClient -- ex-0000000025 acquired endpoint ep-0000000025
10:32:15.948 [main] DEBUG org.apache.hc.client5.http.impl.classic.ConnectExec -- ex-0000000025 opening connection {s}->https://googlechromelabs.github.io:443
10:32:15.949 [main] DEBUG org.apache.hc.client5.http.impl.classic.InternalHttpClient -- ep-0000000025 connecting endpoint (null)
10:32:15.949 [main] DEBUG org.apache.hc.client5.http.impl.io.PoolingHttpClientConnectionManager -- ep-0000000025 connecting endpoint to https://googlechromelabs.github.io:443 (30 SECONDS)
10:32:15.949 [main] DEBUG org.apache.hc.client5.http.impl.io.DefaultHttpClientConnectionOperator -- googlechromelabs.github.io resolving remote address
10:32:15.949 [main] DEBUG org.apache.hc.client5.http.impl.io.DefaultHttpClientConnectionOperator -- googlechromelabs.github.io resolved to [googlechromelabs.github.io/185.199.110.153, googlechromelabs.github.io/185.199.111.153, googlechromelabs.github.io/185.199.108.153, googlechromelabs.github.io/185.199.109.153]
10:32:15.950 [main] DEBUG org.apache.hc.client5.http.impl.io.DefaultHttpClientConnectionOperator -- googlechromelabs.github.io:443 connecting null->googlechromelabs.github.io/185.199.110.153:443 (30 SECONDS)
10:32:15.950 [main] DEBUG org.apache.hc.client5.http.ssl.SSLConnectionSocketFactory -- Connecting socket to googlechromelabs.github.io/185.199.110.153:443 with timeout 30 SECONDS
10:32:15.989 [main] DEBUG org.apache.hc.client5.http.ssl.SSLConnectionSocketFactory -- Enabled protocols: [TLSv1.3, TLSv1.2]
10:32:15.989 [main] DEBUG org.apache.hc.client5.http.ssl.SSLConnectionSocketFactory -- Enabled cipher suites: [TLS_AES_256_GCM_SHA384, TLS_AES_128_GCM_SHA256, TLS_CHACHA20_POLY1305_SHA256, TLS_ECDHE_ECDSA_WITH_AES_256_GCM_SHA384, TLS_ECDHE_ECDSA_WITH_AES_128_GCM_SHA256, TLS_ECDHE_ECDSA_WITH_CHACHA20_POLY1305_SHA256, TLS_ECDHE_RSA_WITH_AES_256_GCM_SHA384, TLS_ECDHE_RSA_WITH_CHACHA20_POLY1305_SHA256, TLS_ECDHE_RSA_WITH_AES_128_GCM_SHA256, TLS_DHE_RSA_WITH_AES_256_GCM_SHA384, TLS_DHE_RSA_WITH_CHACHA20_POLY1305_SHA256, TLS_DHE_DSS_WITH_AES_256_GCM_SHA384, TLS_DHE_RSA_WITH_AES_128_GCM_SHA256, TLS_DHE_DSS_WITH_AES_128_GCM_SHA256, TLS_ECDHE_ECDSA_WITH_AES_256_CBC_SHA384, TLS_ECDHE_RSA_WITH_AES_256_CBC_SHA384, TLS_ECDHE_ECDSA_WITH_AES_128_CBC_SHA256, TLS_ECDHE_RSA_WITH_AES_128_CBC_SHA256, TLS_DHE_RSA_WITH_AES_256_CBC_SHA256, TLS_DHE_DSS_WITH_AES_256_CBC_SHA256, TLS_DHE_RSA_WITH_AES_128_CBC_SHA256, TLS_DHE_DSS_WITH_AES_128_CBC_SHA256, TLS_ECDHE_ECDSA_WITH_AES_256_CBC_SHA, TLS_ECDHE_RSA_WITH_AES_256_CBC_SHA, TLS_ECDHE_ECDSA_WITH_AES_128_CBC_SHA, TLS_ECDHE_RSA_WITH_AES_128_CBC_SHA, TLS_DHE_RSA_WITH_AES_256_CBC_SHA, TLS_DHE_DSS_WITH_AES_256_CBC_SHA, TLS_DHE_RSA_WITH_AES_128_CBC_SHA, TLS_DHE_DSS_WITH_AES_128_CBC_SHA, TLS_RSA_WITH_AES_256_GCM_SHA384, TLS_RSA_WITH_AES_128_GCM_SHA256, TLS_RSA_WITH_AES_256_CBC_SHA256, TLS_RSA_WITH_AES_128_CBC_SHA256, TLS_RSA_WITH_AES_256_CBC_SHA, TLS_RSA_WITH_AES_128_CBC_SHA, TLS_EMPTY_RENEGOTIATION_INFO_SCSV]
10:32:15.989 [main] DEBUG org.apache.hc.client5.http.ssl.SSLConnectionSocketFactory -- Starting handshake (null)
10:32:16.048 [main] DEBUG org.apache.hc.client5.http.ssl.SSLConnectionSocketFactory -- Secure session established
10:32:16.049 [main] DEBUG org.apache.hc.client5.http.ssl.SSLConnectionSocketFactory --  negotiated protocol: TLSv1.3
10:32:16.049 [main] DEBUG org.apache.hc.client5.http.ssl.SSLConnectionSocketFactory --  negotiated cipher suite: TLS_AES_128_GCM_SHA256
10:32:16.049 [main] DEBUG org.apache.hc.client5.http.ssl.SSLConnectionSocketFactory --  peer principal: CN=*.github.io, O="GitHub, Inc.", L=San Francisco, ST=California, C=US
10:32:16.049 [main] DEBUG org.apache.hc.client5.http.ssl.SSLConnectionSocketFactory --  peer alternative names: [*.github.io, github.io, *.github.com, github.com, www.github.com, *.githubusercontent.com, githubusercontent.com]
10:32:16.049 [main] DEBUG org.apache.hc.client5.http.ssl.SSLConnectionSocketFactory --  issuer principal: CN=DigiCert TLS RSA SHA256 2020 CA1, O=DigiCert Inc, C=US
10:32:16.049 [main] DEBUG org.apache.hc.client5.http.impl.io.DefaultManagedHttpClientConnection -- http-outgoing-24 set socket timeout to 3 MINUTES
10:32:16.049 [main] DEBUG org.apache.hc.client5.http.impl.io.DefaultHttpClientConnectionOperator -- googlechromelabs.github.io:443 connected null->googlechromelabs.github.io/185.199.110.153:443 as http-outgoing-24
10:32:16.049 [main] DEBUG org.apache.hc.client5.http.impl.io.PoolingHttpClientConnectionManager -- ep-0000000025 connected http-outgoing-24
10:32:16.049 [main] DEBUG org.apache.hc.client5.http.impl.classic.InternalHttpClient -- ep-0000000025 endpoint connected
10:32:16.049 [main] DEBUG org.apache.hc.client5.http.impl.classic.MainClientExec -- ex-0000000025 executing GET /chrome-for-testing/LATEST_RELEASE_120.0.6099.63 HTTP/1.1
10:32:16.049 [main] DEBUG org.apache.hc.client5.http.protocol.RequestAddCookies -- ex-0000000025 Cookie spec selected: strict
10:32:16.050 [main] DEBUG org.apache.hc.client5.http.impl.classic.InternalHttpClient -- ep-0000000025 start execution ex-0000000025
10:32:16.051 [main] DEBUG org.apache.hc.client5.http.impl.io.PoolingHttpClientConnectionManager -- ep-0000000025 executing exchange ex-0000000025 over http-outgoing-24
10:32:16.051 [main] DEBUG org.apache.hc.client5.http.headers -- http-outgoing-24 >> GET /chrome-for-testing/LATEST_RELEASE_120.0.6099.63 HTTP/1.1
10:32:16.051 [main] DEBUG org.apache.hc.client5.http.headers -- http-outgoing-24 >> user-agent: Apache-HttpClient/5.0
10:32:16.051 [main] DEBUG org.apache.hc.client5.http.headers -- http-outgoing-24 >> accept-encoding: gzip, deflate, br
10:32:16.051 [main] DEBUG org.apache.hc.client5.http.headers -- http-outgoing-24 >> cache-control: max-age=0
10:32:16.052 [main] DEBUG org.apache.hc.client5.http.headers -- http-outgoing-24 >> connection: keep-alive
10:32:16.052 [main] DEBUG org.apache.hc.client5.http.headers -- http-outgoing-24 >> Host: googlechromelabs.github.io
10:32:16.052 [main] DEBUG org.apache.hc.client5.http.wire -- http-outgoing-24 >> "GET /chrome-for-testing/LATEST_RELEASE_120.0.6099.63 HTTP/1.1[\r][\n]"
10:32:16.052 [main] DEBUG org.apache.hc.client5.http.wire -- http-outgoing-24 >> "user-agent: Apache-HttpClient/5.0[\r][\n]"
10:32:16.052 [main] DEBUG org.apache.hc.client5.http.wire -- http-outgoing-24 >> "accept-encoding: gzip, deflate, br[\r][\n]"
10:32:16.052 [main] DEBUG org.apache.hc.client5.http.wire -- http-outgoing-24 >> "cache-control: max-age=0[\r][\n]"
10:32:16.052 [main] DEBUG org.apache.hc.client5.http.wire -- http-outgoing-24 >> "connection: keep-alive[\r][\n]"
10:32:16.052 [main] DEBUG org.apache.hc.client5.http.wire -- http-outgoing-24 >> "Host: googlechromelabs.github.io[\r][\n]"
10:32:16.052 [main] DEBUG org.apache.hc.client5.http.wire -- http-outgoing-24 >> "[\r][\n]"
10:32:16.091 [main] DEBUG org.apache.hc.client5.http.wire -- http-outgoing-24 << "HTTP/1.1 404 Not Found[\r][\n]"
10:32:16.091 [main] DEBUG org.apache.hc.client5.http.wire -- http-outgoing-24 << "Connection: keep-alive[\r][\n]"
10:32:16.091 [main] DEBUG org.apache.hc.client5.http.wire -- http-outgoing-24 << "Content-Length: 5254[\r][\n]"
10:32:16.091 [main] DEBUG org.apache.hc.client5.http.wire -- http-outgoing-24 << "Server: GitHub.com[\r][\n]"
10:32:16.091 [main] DEBUG org.apache.hc.client5.http.wire -- http-outgoing-24 << "Content-Type: text/html; charset=utf-8[\r][\n]"
10:32:16.091 [main] DEBUG org.apache.hc.client5.http.wire -- http-outgoing-24 << "permissions-policy: interest-cohort=()[\r][\n]"
10:32:16.091 [main] DEBUG org.apache.hc.client5.http.wire -- http-outgoing-24 << "x-origin-cache: HIT[\r][\n]"
10:32:16.091 [main] DEBUG org.apache.hc.client5.http.wire -- http-outgoing-24 << "Access-Control-Allow-Origin: *[\r][\n]"
10:32:16.091 [main] DEBUG org.apache.hc.client5.http.wire -- http-outgoing-24 << "Strict-Transport-Security: max-age=31556952[\r][\n]"
10:32:16.091 [main] DEBUG org.apache.hc.client5.http.wire -- http-outgoing-24 << "ETag: W/"64d39a40-24a3"[\r][\n]"
10:32:16.091 [main] DEBUG org.apache.hc.client5.http.wire -- http-outgoing-24 << "Content-Security-Policy: default-src 'none'; style-src 'unsafe-inline'; img-src data:; connect-src 'self'[\r][\n]"
10:32:16.091 [main] DEBUG org.apache.hc.client5.http.wire -- http-outgoing-24 << "Content-Encoding: gzip[\r][\n]"
10:32:16.091 [main] DEBUG org.apache.hc.client5.http.wire -- http-outgoing-24 << "x-proxy-cache: MISS[\r][\n]"
10:32:16.091 [main] DEBUG org.apache.hc.client5.http.wire -- http-outgoing-24 << "X-GitHub-Request-Id: D770:36888F:8DAD80:90719A:658D4063[\r][\n]"
10:32:16.091 [main] DEBUG org.apache.hc.client5.http.wire -- http-outgoing-24 << "Accept-Ranges: bytes[\r][\n]"
10:32:16.091 [main] DEBUG org.apache.hc.client5.http.wire -- http-outgoing-24 << "Date: Thu, 28 Dec 2023 09:32:17 GMT[\r][\n]"
10:32:16.091 [main] DEBUG org.apache.hc.client5.http.wire -- http-outgoing-24 << "Via: 1.1 varnish[\r][\n]"
10:32:16.091 [main] DEBUG org.apache.hc.client5.http.wire -- http-outgoing-24 << "Age: 62[\r][\n]"
10:32:16.091 [main] DEBUG org.apache.hc.client5.http.wire -- http-outgoing-24 << "X-Served-By: cache-mad22075-MAD[\r][\n]"
10:32:16.091 [main] DEBUG org.apache.hc.client5.http.wire -- http-outgoing-24 << "X-Cache: HIT[\r][\n]"
10:32:16.091 [main] DEBUG org.apache.hc.client5.http.wire -- http-outgoing-24 << "X-Cache-Hits: 1[\r][\n]"
10:32:16.091 [main] DEBUG org.apache.hc.client5.http.wire -- http-outgoing-24 << "X-Timer: S1703755938.580929,VS0,VE1[\r][\n]"
10:32:16.091 [main] DEBUG org.apache.hc.client5.http.wire -- http-outgoing-24 << "Vary: Accept-Encoding[\r][\n]"
10:32:16.091 [main] DEBUG org.apache.hc.client5.http.wire -- http-outgoing-24 << "X-Fastly-Request-ID: e7df738cdb6d7d35138b8eaf66572389def16cd9[\r][\n]"
10:32:16.091 [main] DEBUG org.apache.hc.client5.http.wire -- http-outgoing-24 << "[\r][\n]"
10:32:16.092 [main] DEBUG org.apache.hc.client5.http.headers -- http-outgoing-24 << HTTP/1.1 404 Not Found
10:32:16.092 [main] DEBUG org.apache.hc.client5.http.headers -- http-outgoing-24 << Connection: keep-alive
10:32:16.092 [main] DEBUG org.apache.hc.client5.http.headers -- http-outgoing-24 << Content-Length: 5254
10:32:16.092 [main] DEBUG org.apache.hc.client5.http.headers -- http-outgoing-24 << Server: GitHub.com
10:32:16.092 [main] DEBUG org.apache.hc.client5.http.headers -- http-outgoing-24 << Content-Type: text/html; charset=utf-8
10:32:16.092 [main] DEBUG org.apache.hc.client5.http.headers -- http-outgoing-24 << permissions-policy: interest-cohort=()
10:32:16.092 [main] DEBUG org.apache.hc.client5.http.headers -- http-outgoing-24 << x-origin-cache: HIT
10:32:16.092 [main] DEBUG org.apache.hc.client5.http.headers -- http-outgoing-24 << Access-Control-Allow-Origin: *
10:32:16.092 [main] DEBUG org.apache.hc.client5.http.headers -- http-outgoing-24 << Strict-Transport-Security: max-age=31556952
10:32:16.092 [main] DEBUG org.apache.hc.client5.http.headers -- http-outgoing-24 << ETag: W/"64d39a40-24a3"
10:32:16.092 [main] DEBUG org.apache.hc.client5.http.headers -- http-outgoing-24 << Content-Security-Policy: default-src 'none'; style-src 'unsafe-inline'; img-src data:; connect-src 'self'
10:32:16.092 [main] DEBUG org.apache.hc.client5.http.headers -- http-outgoing-24 << Content-Encoding: gzip
10:32:16.092 [main] DEBUG org.apache.hc.client5.http.headers -- http-outgoing-24 << x-proxy-cache: MISS
10:32:16.092 [main] DEBUG org.apache.hc.client5.http.headers -- http-outgoing-24 << X-GitHub-Request-Id: D770:36888F:8DAD80:90719A:658D4063
10:32:16.092 [main] DEBUG org.apache.hc.client5.http.headers -- http-outgoing-24 << Accept-Ranges: bytes
10:32:16.092 [main] DEBUG org.apache.hc.client5.http.headers -- http-outgoing-24 << Date: Thu, 28 Dec 2023 09:32:17 GMT
10:32:16.092 [main] DEBUG org.apache.hc.client5.http.headers -- http-outgoing-24 << Via: 1.1 varnish
10:32:16.092 [main] DEBUG org.apache.hc.client5.http.headers -- http-outgoing-24 << Age: 62
10:32:16.092 [main] DEBUG org.apache.hc.client5.http.headers -- http-outgoing-24 << X-Served-By: cache-mad22075-MAD
10:32:16.092 [main] DEBUG org.apache.hc.client5.http.headers -- http-outgoing-24 << X-Cache: HIT
10:32:16.092 [main] DEBUG org.apache.hc.client5.http.headers -- http-outgoing-24 << X-Cache-Hits: 1
10:32:16.092 [main] DEBUG org.apache.hc.client5.http.headers -- http-outgoing-24 << X-Timer: S1703755938.580929,VS0,VE1
10:32:16.092 [main] DEBUG org.apache.hc.client5.http.headers -- http-outgoing-24 << Vary: Accept-Encoding
10:32:16.092 [main] DEBUG org.apache.hc.client5.http.headers -- http-outgoing-24 << X-Fastly-Request-ID: e7df738cdb6d7d35138b8eaf66572389def16cd9
10:32:16.092 [main] DEBUG org.apache.hc.client5.http.impl.classic.MainClientExec -- ex-0000000025 connection can be kept alive for 3 MINUTES
10:32:16.092 [main] ERROR io.github.bonigarcia.wdm.online.HttpClient -- Error HTTP 404 executing https://googlechromelabs.github.io/chrome-for-testing/LATEST_RELEASE_120.0.6099.63
10:32:16.092 [main] WARN io.github.bonigarcia.wdm.versions.VersionDetector -- Exception reading https://googlechromelabs.github.io/chrome-for-testing/LATEST_RELEASE_120.0.6099.63 to get latest version of chromedriver (Error HTTP 404 executing https://googlechromelabs.github.io/chrome-for-testing/LATEST_RELEASE_120.0.6099.63)
10:32:16.093 [main] DEBUG io.github.bonigarcia.wdm.versions.VersionDetector -- Getting driver version for chrome120.0.6099.63 from online versions.properties
10:32:16.093 [main] DEBUG org.apache.hc.client5.http.impl.classic.InternalHttpClient -- ex-0000000026 preparing request execution
10:32:16.093 [main] DEBUG org.apache.hc.client5.http.impl.classic.ProtocolExec -- ex-0000000026 target auth state: UNCHALLENGED
10:32:16.093 [main] DEBUG org.apache.hc.client5.http.impl.classic.ProtocolExec -- ex-0000000026 proxy auth state: UNCHALLENGED
10:32:16.094 [main] DEBUG org.apache.hc.client5.http.impl.classic.ConnectExec -- ex-0000000026 acquiring connection with route {s}->https://raw.githubusercontent.com:443
10:32:16.094 [main] DEBUG org.apache.hc.client5.http.impl.classic.InternalHttpClient -- ex-0000000026 acquiring endpoint (3 MINUTES)
10:32:16.094 [main] DEBUG org.apache.hc.client5.http.impl.io.PoolingHttpClientConnectionManager -- ex-0000000026 endpoint lease request (3 MINUTES) [route: {s}->https://raw.githubusercontent.com:443][total available: 0; route allocated: 0 of 5; total allocated: 1 of 25]
10:32:16.094 [main] DEBUG org.apache.hc.client5.http.impl.io.PoolingHttpClientConnectionManager -- ex-0000000026 endpoint leased [route: {s}->https://raw.githubusercontent.com:443][total available: 0; route allocated: 1 of 5; total allocated: 2 of 25]
10:32:16.094 [main] DEBUG org.apache.hc.client5.http.impl.io.PoolingHttpClientConnectionManager -- ex-0000000026 acquired ep-0000000026
10:32:16.094 [main] DEBUG org.apache.hc.client5.http.impl.classic.InternalHttpClient -- ex-0000000026 acquired endpoint ep-0000000026
10:32:16.094 [main] DEBUG org.apache.hc.client5.http.impl.classic.ConnectExec -- ex-0000000026 opening connection {s}->https://raw.githubusercontent.com:443
10:32:16.094 [main] DEBUG org.apache.hc.client5.http.impl.classic.InternalHttpClient -- ep-0000000026 connecting endpoint (null)
10:32:16.094 [main] DEBUG org.apache.hc.client5.http.impl.io.PoolingHttpClientConnectionManager -- ep-0000000026 connecting endpoint to https://raw.githubusercontent.com:443 (30 SECONDS)
10:32:16.094 [main] DEBUG org.apache.hc.client5.http.impl.io.DefaultHttpClientConnectionOperator -- raw.githubusercontent.com resolving remote address
10:32:16.095 [main] DEBUG org.apache.hc.client5.http.impl.io.DefaultHttpClientConnectionOperator -- raw.githubusercontent.com resolved to [raw.githubusercontent.com/185.199.109.133, raw.githubusercontent.com/185.199.110.133, raw.githubusercontent.com/185.199.108.133, raw.githubusercontent.com/185.199.111.133]
10:32:16.095 [main] DEBUG org.apache.hc.client5.http.impl.io.DefaultHttpClientConnectionOperator -- raw.githubusercontent.com:443 connecting null->raw.githubusercontent.com/185.199.109.133:443 (30 SECONDS)
10:32:16.095 [main] DEBUG org.apache.hc.client5.http.ssl.SSLConnectionSocketFactory -- Connecting socket to raw.githubusercontent.com/185.199.109.133:443 with timeout 30 SECONDS
10:32:16.140 [main] DEBUG org.apache.hc.client5.http.ssl.SSLConnectionSocketFactory -- Enabled protocols: [TLSv1.3, TLSv1.2]
10:32:16.140 [main] DEBUG org.apache.hc.client5.http.ssl.SSLConnectionSocketFactory -- Enabled cipher suites: [TLS_AES_256_GCM_SHA384, TLS_AES_128_GCM_SHA256, TLS_CHACHA20_POLY1305_SHA256, TLS_ECDHE_ECDSA_WITH_AES_256_GCM_SHA384, TLS_ECDHE_ECDSA_WITH_AES_128_GCM_SHA256, TLS_ECDHE_ECDSA_WITH_CHACHA20_POLY1305_SHA256, TLS_ECDHE_RSA_WITH_AES_256_GCM_SHA384, TLS_ECDHE_RSA_WITH_CHACHA20_POLY1305_SHA256, TLS_ECDHE_RSA_WITH_AES_128_GCM_SHA256, TLS_DHE_RSA_WITH_AES_256_GCM_SHA384, TLS_DHE_RSA_WITH_CHACHA20_POLY1305_SHA256, TLS_DHE_DSS_WITH_AES_256_GCM_SHA384, TLS_DHE_RSA_WITH_AES_128_GCM_SHA256, TLS_DHE_DSS_WITH_AES_128_GCM_SHA256, TLS_ECDHE_ECDSA_WITH_AES_256_CBC_SHA384, TLS_ECDHE_RSA_WITH_AES_256_CBC_SHA384, TLS_ECDHE_ECDSA_WITH_AES_128_CBC_SHA256, TLS_ECDHE_RSA_WITH_AES_128_CBC_SHA256, TLS_DHE_RSA_WITH_AES_256_CBC_SHA256, TLS_DHE_DSS_WITH_AES_256_CBC_SHA256, TLS_DHE_RSA_WITH_AES_128_CBC_SHA256, TLS_DHE_DSS_WITH_AES_128_CBC_SHA256, TLS_ECDHE_ECDSA_WITH_AES_256_CBC_SHA, TLS_ECDHE_RSA_WITH_AES_256_CBC_SHA, TLS_ECDHE_ECDSA_WITH_AES_128_CBC_SHA, TLS_ECDHE_RSA_WITH_AES_128_CBC_SHA, TLS_DHE_RSA_WITH_AES_256_CBC_SHA, TLS_DHE_DSS_WITH_AES_256_CBC_SHA, TLS_DHE_RSA_WITH_AES_128_CBC_SHA, TLS_DHE_DSS_WITH_AES_128_CBC_SHA, TLS_RSA_WITH_AES_256_GCM_SHA384, TLS_RSA_WITH_AES_128_GCM_SHA256, TLS_RSA_WITH_AES_256_CBC_SHA256, TLS_RSA_WITH_AES_128_CBC_SHA256, TLS_RSA_WITH_AES_256_CBC_SHA, TLS_RSA_WITH_AES_128_CBC_SHA, TLS_EMPTY_RENEGOTIATION_INFO_SCSV]
10:32:16.140 [main] DEBUG org.apache.hc.client5.http.ssl.SSLConnectionSocketFactory -- Starting handshake (null)
10:32:16.191 [main] DEBUG org.apache.hc.client5.http.ssl.SSLConnectionSocketFactory -- Secure session established
10:32:16.191 [main] DEBUG org.apache.hc.client5.http.ssl.SSLConnectionSocketFactory --  negotiated protocol: TLSv1.3
10:32:16.191 [main] DEBUG org.apache.hc.client5.http.ssl.SSLConnectionSocketFactory --  negotiated cipher suite: TLS_AES_128_GCM_SHA256
10:32:16.191 [main] DEBUG org.apache.hc.client5.http.ssl.SSLConnectionSocketFactory --  peer principal: CN=*.github.io, O="GitHub, Inc.", L=San Francisco, ST=California, C=US
10:32:16.191 [main] DEBUG org.apache.hc.client5.http.ssl.SSLConnectionSocketFactory --  peer alternative names: [*.github.io, github.io, *.github.com, github.com, www.github.com, *.githubusercontent.com, githubusercontent.com]
10:32:16.191 [main] DEBUG org.apache.hc.client5.http.ssl.SSLConnectionSocketFactory --  issuer principal: CN=DigiCert TLS RSA SHA256 2020 CA1, O=DigiCert Inc, C=US
10:32:16.191 [main] DEBUG org.apache.hc.client5.http.impl.io.DefaultManagedHttpClientConnection -- http-outgoing-25 set socket timeout to 3 MINUTES
10:32:16.191 [main] DEBUG org.apache.hc.client5.http.impl.io.DefaultHttpClientConnectionOperator -- raw.githubusercontent.com:443 connected null->raw.githubusercontent.com/185.199.109.133:443 as http-outgoing-25
10:32:16.191 [main] DEBUG org.apache.hc.client5.http.impl.io.PoolingHttpClientConnectionManager -- ep-0000000026 connected http-outgoing-25
10:32:16.191 [main] DEBUG org.apache.hc.client5.http.impl.classic.InternalHttpClient -- ep-0000000026 endpoint connected
10:32:16.191 [main] DEBUG org.apache.hc.client5.http.impl.classic.MainClientExec -- ex-0000000026 executing GET /bonigarcia/webdrivermanager/master/src/main/resources/versions.properties HTTP/1.1
10:32:16.191 [main] DEBUG org.apache.hc.client5.http.protocol.RequestAddCookies -- ex-0000000026 Cookie spec selected: strict
10:32:16.192 [main] DEBUG org.apache.hc.client5.http.impl.classic.InternalHttpClient -- ep-0000000026 start execution ex-0000000026
10:32:16.192 [main] DEBUG org.apache.hc.client5.http.impl.io.PoolingHttpClientConnectionManager -- ep-0000000026 executing exchange ex-0000000026 over http-outgoing-25
10:32:16.192 [main] DEBUG org.apache.hc.client5.http.headers -- http-outgoing-25 >> GET /bonigarcia/webdrivermanager/master/src/main/resources/versions.properties HTTP/1.1
10:32:16.192 [main] DEBUG org.apache.hc.client5.http.headers -- http-outgoing-25 >> user-agent: Apache-HttpClient/5.0
10:32:16.192 [main] DEBUG org.apache.hc.client5.http.headers -- http-outgoing-25 >> accept-encoding: gzip, deflate, br
10:32:16.192 [main] DEBUG org.apache.hc.client5.http.headers -- http-outgoing-25 >> cache-control: max-age=0
10:32:16.192 [main] DEBUG org.apache.hc.client5.http.headers -- http-outgoing-25 >> connection: keep-alive
10:32:16.192 [main] DEBUG org.apache.hc.client5.http.headers -- http-outgoing-25 >> Host: raw.githubusercontent.com
10:32:16.192 [main] DEBUG org.apache.hc.client5.http.wire -- http-outgoing-25 >> "GET /bonigarcia/webdrivermanager/master/src/main/resources/versions.properties HTTP/1.1[\r][\n]"
10:32:16.192 [main] DEBUG org.apache.hc.client5.http.wire -- http-outgoing-25 >> "user-agent: Apache-HttpClient/5.0[\r][\n]"
10:32:16.192 [main] DEBUG org.apache.hc.client5.http.wire -- http-outgoing-25 >> "accept-encoding: gzip, deflate, br[\r][\n]"
10:32:16.192 [main] DEBUG org.apache.hc.client5.http.wire -- http-outgoing-25 >> "cache-control: max-age=0[\r][\n]"
10:32:16.192 [main] DEBUG org.apache.hc.client5.http.wire -- http-outgoing-25 >> "connection: keep-alive[\r][\n]"
10:32:16.192 [main] DEBUG org.apache.hc.client5.http.wire -- http-outgoing-25 >> "Host: raw.githubusercontent.com[\r][\n]"
10:32:16.192 [main] DEBUG org.apache.hc.client5.http.wire -- http-outgoing-25 >> "[\r][\n]"
10:32:16.234 [main] DEBUG org.apache.hc.client5.http.wire -- http-outgoing-25 << "HTTP/1.1 200 OK[\r][\n]"
10:32:16.235 [main] DEBUG org.apache.hc.client5.http.wire -- http-outgoing-25 << "Connection: keep-alive[\r][\n]"
10:32:16.235 [main] DEBUG org.apache.hc.client5.http.wire -- http-outgoing-25 << "Content-Length: 1653[\r][\n]"
10:32:16.235 [main] DEBUG org.apache.hc.client5.http.wire -- http-outgoing-25 << "Cache-Control: max-age=300[\r][\n]"
10:32:16.235 [main] DEBUG org.apache.hc.client5.http.wire -- http-outgoing-25 << "Content-Security-Policy: default-src 'none'; style-src 'unsafe-inline'; sandbox[\r][\n]"
10:32:16.235 [main] DEBUG org.apache.hc.client5.http.wire -- http-outgoing-25 << "Content-Type: text/plain; charset=utf-8[\r][\n]"
10:32:16.235 [main] DEBUG org.apache.hc.client5.http.wire -- http-outgoing-25 << "ETag: W/"de56f96e4580ae55450ed6a794662cbdb2b39827f9709095aa3e1e7f6914629d"[\r][\n]"
10:32:16.235 [main] DEBUG org.apache.hc.client5.http.wire -- http-outgoing-25 << "Strict-Transport-Security: max-age=31536000[\r][\n]"
10:32:16.235 [main] DEBUG org.apache.hc.client5.http.wire -- http-outgoing-25 << "X-Content-Type-Options: nosniff[\r][\n]"
10:32:16.235 [main] DEBUG org.apache.hc.client5.http.wire -- http-outgoing-25 << "X-Frame-Options: deny[\r][\n]"
10:32:16.235 [main] DEBUG org.apache.hc.client5.http.wire -- http-outgoing-25 << "X-XSS-Protection: 1; mode=block[\r][\n]"
10:32:16.235 [main] DEBUG org.apache.hc.client5.http.wire -- http-outgoing-25 << "X-GitHub-Request-Id: D5BE:3DFCCC:2516CE:27975C:658D16A0[\r][\n]"
10:32:16.235 [main] DEBUG org.apache.hc.client5.http.wire -- http-outgoing-25 << "Content-Encoding: gzip[\r][\n]"
10:32:16.235 [main] DEBUG org.apache.hc.client5.http.wire -- http-outgoing-25 << "Accept-Ranges: bytes[\r][\n]"
10:32:16.235 [main] DEBUG org.apache.hc.client5.http.wire -- http-outgoing-25 << "Date: Thu, 28 Dec 2023 09:32:17 GMT[\r][\n]"
10:32:16.235 [main] DEBUG org.apache.hc.client5.http.wire -- http-outgoing-25 << "Via: 1.1 varnish[\r][\n]"
10:32:16.235 [main] DEBUG org.apache.hc.client5.http.wire -- http-outgoing-25 << "X-Served-By: cache-mad22075-MAD[\r][\n]"
10:32:16.235 [main] DEBUG org.apache.hc.client5.http.wire -- http-outgoing-25 << "X-Cache: HIT[\r][\n]"
10:32:16.235 [main] DEBUG org.apache.hc.client5.http.wire -- http-outgoing-25 << "X-Cache-Hits: 1[\r][\n]"
10:32:16.235 [main] DEBUG org.apache.hc.client5.http.wire -- http-outgoing-25 << "X-Timer: S1703755938.725048,VS0,VE1[\r][\n]"
10:32:16.235 [main] DEBUG org.apache.hc.client5.http.wire -- http-outgoing-25 << "Vary: Authorization,Accept-Encoding,Origin[\r][\n]"
10:32:16.235 [main] DEBUG org.apache.hc.client5.http.wire -- http-outgoing-25 << "Access-Control-Allow-Origin: *[\r][\n]"
10:32:16.235 [main] DEBUG org.apache.hc.client5.http.wire -- http-outgoing-25 << "Cross-Origin-Resource-Policy: cross-origin[\r][\n]"
10:32:16.235 [main] DEBUG org.apache.hc.client5.http.wire -- http-outgoing-25 << "X-Fastly-Request-ID: 8c84f71b88bcd4c144982fcff5f6f6d01e51346b[\r][\n]"
10:32:16.235 [main] DEBUG org.apache.hc.client5.http.wire -- http-outgoing-25 << "Expires: Thu, 28 Dec 2023 09:37:17 GMT[\r][\n]"
10:32:16.235 [main] DEBUG org.apache.hc.client5.http.wire -- http-outgoing-25 << "Source-Age: 61[\r][\n]"
10:32:16.235 [main] DEBUG org.apache.hc.client5.http.wire -- http-outgoing-25 << "[\r][\n]"
10:32:16.236 [main] DEBUG org.apache.hc.client5.http.headers -- http-outgoing-25 << HTTP/1.1 200 OK
10:32:16.236 [main] DEBUG org.apache.hc.client5.http.headers -- http-outgoing-25 << Connection: keep-alive
10:32:16.236 [main] DEBUG org.apache.hc.client5.http.headers -- http-outgoing-25 << Content-Length: 1653
10:32:16.236 [main] DEBUG org.apache.hc.client5.http.headers -- http-outgoing-25 << Cache-Control: max-age=300
10:32:16.236 [main] DEBUG org.apache.hc.client5.http.headers -- http-outgoing-25 << Content-Security-Policy: default-src 'none'; style-src 'unsafe-inline'; sandbox
10:32:16.236 [main] DEBUG org.apache.hc.client5.http.headers -- http-outgoing-25 << Content-Type: text/plain; charset=utf-8
10:32:16.236 [main] DEBUG org.apache.hc.client5.http.headers -- http-outgoing-25 << ETag: W/"de56f96e4580ae55450ed6a794662cbdb2b39827f9709095aa3e1e7f6914629d"
10:32:16.236 [main] DEBUG org.apache.hc.client5.http.headers -- http-outgoing-25 << Strict-Transport-Security: max-age=31536000
10:32:16.236 [main] DEBUG org.apache.hc.client5.http.headers -- http-outgoing-25 << X-Content-Type-Options: nosniff
10:32:16.236 [main] DEBUG org.apache.hc.client5.http.headers -- http-outgoing-25 << X-Frame-Options: deny
10:32:16.236 [main] DEBUG org.apache.hc.client5.http.headers -- http-outgoing-25 << X-XSS-Protection: 1; mode=block
10:32:16.236 [main] DEBUG org.apache.hc.client5.http.headers -- http-outgoing-25 << X-GitHub-Request-Id: D5BE:3DFCCC:2516CE:27975C:658D16A0
10:32:16.236 [main] DEBUG org.apache.hc.client5.http.headers -- http-outgoing-25 << Content-Encoding: gzip
10:32:16.236 [main] DEBUG org.apache.hc.client5.http.headers -- http-outgoing-25 << Accept-Ranges: bytes
10:32:16.236 [main] DEBUG org.apache.hc.client5.http.headers -- http-outgoing-25 << Date: Thu, 28 Dec 2023 09:32:17 GMT
10:32:16.236 [main] DEBUG org.apache.hc.client5.http.headers -- http-outgoing-25 << Via: 1.1 varnish
10:32:16.236 [main] DEBUG org.apache.hc.client5.http.headers -- http-outgoing-25 << X-Served-By: cache-mad22075-MAD
10:32:16.236 [main] DEBUG org.apache.hc.client5.http.headers -- http-outgoing-25 << X-Cache: HIT
10:32:16.236 [main] DEBUG org.apache.hc.client5.http.headers -- http-outgoing-25 << X-Cache-Hits: 1
10:32:16.236 [main] DEBUG org.apache.hc.client5.http.headers -- http-outgoing-25 << X-Timer: S1703755938.725048,VS0,VE1
10:32:16.236 [main] DEBUG org.apache.hc.client5.http.headers -- http-outgoing-25 << Vary: Authorization,Accept-Encoding,Origin
10:32:16.236 [main] DEBUG org.apache.hc.client5.http.headers -- http-outgoing-25 << Access-Control-Allow-Origin: *
10:32:16.236 [main] DEBUG org.apache.hc.client5.http.headers -- http-outgoing-25 << Cross-Origin-Resource-Policy: cross-origin
10:32:16.236 [main] DEBUG org.apache.hc.client5.http.headers -- http-outgoing-25 << X-Fastly-Request-ID: 8c84f71b88bcd4c144982fcff5f6f6d01e51346b
10:32:16.236 [main] DEBUG org.apache.hc.client5.http.headers -- http-outgoing-25 << Expires: Thu, 28 Dec 2023 09:37:17 GMT
10:32:16.236 [main] DEBUG org.apache.hc.client5.http.headers -- http-outgoing-25 << Source-Age: 61
10:32:16.237 [main] DEBUG org.apache.hc.client5.http.impl.classic.MainClientExec -- ex-0000000026 connection can be kept alive for 3 MINUTES
10:32:16.237 [main] DEBUG org.apache.hc.client5.http.wire -- http-outgoing-25 << "[0x1f][0xffffff8b][0x8][0x0][0x0][0x0][0x0][0x0][0x0][0x3][0xffffff8d][0xffffff97]Mo[0xffffffe3]6[0x10][0xffffff86][0xffffffef][0xfffffff9][0x15][0x2]z[0xffffff8e][0xffffffcc][0xffffffcf]![0x19][0xffffff80][0xffffff97]~[0xffffff9e][0xffffff8a][0x1e][0xffffffda]?[0xffffffe0][0xffffffb5][0xffffff95]DX[0xffffffc7][\n]"
10:32:16.237 [main] DEBUG org.apache.hc.client5.http.wire -- http-outgoing-25 << "lg[0xffffffb3][0xffffffe8][0xffffffaf][0xffffffef][0xc][0xffffffc9][0xffffffa1]h[0xffffffaa][0x5]z[0x8]v[0xffffffe7][0xffffffb1]D[0xffffffce][0xffffff90][0xffffffd4][0xffffffcb]w~[0x18][0xfffffffe]z[0xffffff9d][0xffffffaf][0xffffffc3][0xfffffff3]|[0xffffff9a][0xffffff86][0xffffffc3]r[0xffffffbe][0xffffffed][0xffffffe7][0xfffffff3]u[0xffffffb8][0xffffffbd]N[0xffffffc3][0xffffffd7][0xfffffff3][0xfffffff2]y[0x1e][0xffffff8e][0xffffff97][0xfffffff9][0xffffffdb]t[0x19][0xfffffff0][0xffffffef]:/[0xfffffff8][0xffffffcb]ay{[0xffffffdf][0xffffffdf][0xffffffe6]/[0xfffffff8][0xfffffff4][0xffffffe7]|{MO[0x1e][0xffffff96][0xffffffcb]e[0xffffffba][0xffffffbe]/[0xffffffe7][0xffffffe3]|~[0x19][0xffffffbe]\[0xffffff96][0xffffffcf][0xffffffeb][0xfffffffa][0xffffffca][0xffffffc3][0xffffffc3][0xf][0xffffffc3][0xffffff8f][0x19]=[\r][0xffffffbf]-[0xffffffcb][0xb][0xffffffbe][0xfffffff9][0xffffffd3][0xffffffeb]ey[0xffffff9b][0xffffff86][0xfffffffd][0xfffffff9][0xffffff98][0xffffffff];[0x7f][0xffffffbc][\r][0xffffff8f][0xffffffc3][0xffffffcf]i[0xffffffaa][0xffffffa7][0xffffffe1][0xffffff90]~[0xffffffcd][0x13][0xffffffe3][0xffffffcb][0x7f].[0x1f][0xffffff97][0xffffffc3][0xfffffff4]4[0xffffffbc][0xffffffde]n[0xffffffef]O[0xffffffbb]][0xfffffffb][0xffffffeb]x(o[0xffffff8f][0xffffffcb][0xffffffe5]ew[0xffffffc4]|O[0xffffffcb][0xfffffffe]x}[0xffffffc8][0xffffffcf]Hi"[0xfffffffe][0xffffff8d]b[0xffffffb4]N[0xffffffdb]1[0xffffff88][0xffffffca]5rM[0x1c][0xffffff9c][0x1a]AW[0xffffffae][0xffffff90][0xffffffab][0xffffffc4][0xffffffa5][0x1d]M[0xffffffa8]\"[0xffffff97][0xffffffc4]-[0xffffffe8][0x11]L[0xffffffe5][0x2][0xffffffb9] n[0xffffffbc][0x1c][0xffffff9d]c.B[0xffffffc4][0xffffffbf][0xffffffc4]qzW[0xffffff9f][0x17][0x1e][0xffffffb9]'[0xffffffae]m[0x18][0xffffff9d][0xffffffac][0xffffffdc]!w[0xffffff89][0xb]3[0xffffff82][0xffffffaa][0x1c][0xffffff90][0x3]qe[0xffffffc2][0x8][0xffffffeb][0xfffffff3][0x16][0xffffffb9]%.[0xffffff83][0xffffffc5][0x1f]+[0xffffffc7]zE[0xffffffaa][0xffffff97][0xffffffca]p5[0x7f][0xffffff81][0xfffffff5][0xffffff8a]T[0xffffffaf][0x0]1J[0xffffffbd]&[0xffffff84][0x5][0xffffff8b]T[0xffffffb0][0xffffffc0][0xfffffff1][0xffffff9a][0x9][0xffffffb0]`A[0x5][0xffffff9b]`[0xffffffe5]hV[0xffffff8e][0x5][0xb]*[0xffffffd8][0xfffffff8][0x0]#[0xfffffff0][0xffffff82][0xffffff86][0x10]CH[0xffffffd4][0x18][0xffffff9c][0xffffff9b][0xffffffa9][0xffffff8f][0xffffff81][0xffffff8a]5[0xffffffce][0xfffffffa][0x11][0xffffffa7]a[0xffffffec]b[0xffffffa0]Z[\r][0x4][0xffffffb5][0xffffffae]A[0xffffff80][0x18] Q0[0xffffffa3][0xffffffb1]Lm[0xc]6Q[0xffffffed]G[0xffffffe0]z[0xffffff82][0xffffff89][0xffffffc1]$[0xffffff8a][0xffffff8b][0xffffff83][0x1b][0xffffffc9]X[0xffffffc7]@E[0x1a][0xffffffeb][0xffffffdc][0xffffffba][0xffffffa9]A[0xffffffc5][0xffffffa0][0x12][0xffffffc5]-[0xffffffc5]Uf,cH[0x5][0x1a]<[0x1]X+c[0x11]C[0xffffffaa][0xffffffcf]h1*^'[0x1f][0xffffffa2]O[0xfffffff5]i[0xfffffffc]G[0xfffffff1][0xffffffc8][0xffffffde]G[0xffffff9f][0xffffffea][0xffffffd3][0xffffffca][0xffffff8c][0x1][0xffffff98][0xffffffba][0xffffffe8]Sy[0xffffffca][0xffffff8b][0xffffffd1]{[0xffffffa6][0x10]}*O[0x19][0x1c][0xffffff97][0xffffff97][0xffffffc2][0xffffffdb][0xffffffe8]Sy[0xffffffd2][0xffffffeb][0xffffffd1]sj[0xffffffde]D[0xffffff9f][0xffffffca][0xffffff93][0xffffffc6][0xffffff8d][0xffffff9a][0xffffffd7][0xffffffd8][0xffffffeb][0xffffffe8]Su[0xffffffb4][0xffffff93][0xffffff9a][0xffffff97][0xffffffc2][0xffffffcb][0xffffffe8]S[0x19][0x2]W^[0xffffffea]:[0xffffff9d][0xffffff88][0xffffff9e][0xffffffca][0xffffffd0][0x1]s[0xffffffc1]#T[0xffffffb0][0xb][0xffffffd1][0xffffff85][0xffffff84][0xffffff8d][0x1d]u[0xffffffa5]>:[0xffffff9f]([0xffffff9e][0x1d]<W[0xffffff8c]]tT[0xffffff88][0xfffffff6][0xffffff80][0xffffffdf][0x2][0xffffffa7][0xffffffe1] :H[0x14][0xf][0xffffffb8]Tu[0xc][0x1b][0x1d]U[0xffffffa2][0xffffff9d][0xffffffc3][0x3][0xffffffb6]>m[0xffffffa2]3[0x9]+<[0xffffffbf][0xc]utT[0xffffff89][0x6],[0x8]8e[0xffffffa7][0xffffffa2][0xffffffc2][0x1d][0xffffffe5]H[0xffffffde]E[0xffffff82]"N[0xc][0x2]E[0xffffffbc]7[0xffffffe0])[0xffffffe2][0x15][0x5]G[0x11][0xffffffef]&[0x0]E[0xffffff9c][0xc]X[0xffffff8c][0xffffffea][0x12][0xffffff81][0xffffffa1][0xffffff88][0xffffffd7][0x1c]4E<[0x1f]P.[0xffffffba][0xffffffce]G[0xffffffb9][0xffffffd4]o[0x6]([0x17][0xffffffad][0xffffffef]T[0xffffffed][0xfffffff7][0xffffffe5][0xffffffef][0xfffffff9]t[0xffffffda][0xf][0xffffffbf][0xffffffce][0xffffff97][0xffffffe9]y[0xfffffff9][0xffffffde]H[0xffffffd9][0xffffffcb]t[0xfffffff8][0xffffffba][0xfffffffc][0xffffffab][0xffffff92]]Q[0xffffffca]^P@?[0xffffffbe][0xffffff8c]([0xffffffa9][0xffffffbb][0xffffffb7]<[0xffffffc4][0xffffffae]yaw[0xffffff99]N[0xffffffd3][0xfffffffe]:][0x1f][0xffffff9e][0xfffffff3][0xffffffb8]R[0xffffff89][0xffffff88][0xffffffcb][0xffffff86]kW[0xffffff89][0xc][0x1b][0xffffffe2]7[0xffffffc4]m[0x8]l[0xffffff88][0xffffffdd][0x10][0xffffffb3]!zC[0xffffffd4][0xffffff86][0xffffffc8][\r]I9[0xffffffab]QU"B&[0xffffffeb]3[0xffffffc2]o[0xffffff88][0xffffffdb][0x10][0xffffffd8][0x10][0xffffffbb]!)g[0xffffffd9][0x12][0xffffffbd]!jC[0xffffffe4][0xffffff86][0xffffff88][0xffffff8e][0xffffff84][0xffffffd0][0x3][0xffffffdf][0x3][0xffffffd7][0x3][0xffffffe8][0xffffff81][0xffffffed]A[0xffffff9f]m[0xffffffe8][0xffffff93][\r]}[0xffffffae][0xffffffa1]O5P[0xffffffa6][0xfffffff8]m5`<[0xffffffcd][0xffffffe7][0xffffff8f][0xffffffef][0x19]K[0xffffffc6]>t[0xffffffcf]y[0xffffffdf][0x3][0xffffffd7][0x3][0xffffffe8][0xffffff81][0xffffffed][0xffffff81][0xffffffe9][0x1][0x15][0xffffffa0]|[0x3]T[0xf][0xffffffa8][0x0][0xffffffe5][0x1a] :[0xffffffe0]B[0xf]R[0xffffffa6][0xffffffd0][0x0][0xffffffd7][0x3][0xffffffe8][0xffffff81][0xffffffed][0xffffff81][0xffffffe9][0xffffff81][0xffffffee][0xffffff81][0xffffffea][0xffffff81][0xffffffec][0xffffff81][0xffffffe8][0x0][0xffffff84][0x1e][0xffffffa4]Lm[0x3]R[0xffffffa6][0xffffffa6][0x1][0xffffffd0][0x3][0xffffffdb][0xffffff83][0xffffff94]i[0xfffffff3][0x1][0xffffff81][0xffffffee]A[0xffffffca][0xffffffb4]9[0xfffffff6][0xffffff90]2m[0xe][0x5][0xffffff88][0xe][0xffffffd8][0xffffffd0][0x3][0xffffffdf][0x3][0xffffffd7][0xffffff83][0xffffff94][0xffffffa9]h[0xffffff80]e[0xffffffd0]*[0xffffffdf][0x1f][0xffffffef][0xffffffd3]e[0xffffffdf][0xffffffe8][0xffffffdd]B[0xfffffff1][0xffffffff][0xffffffd1][0xffffffbb][0xfffffff4][0xffffffe0]uy[0xffffffbe]}[0xffffffee]/S[0xffffff8e][0xffffffd8][0xffffffcb][0xfffffff5][0xffffffea][0xffffff97]~L[0xffffff9e]G[0xffffffd2][0xffffffe5][0x5][0x2]//[0xffffff89]ws[0xffffffe1][0xffffffe4][0xfffffff1][0xffffff92][0xffffffa7][\n]"
10:32:16.238 [main] DEBUG org.apache.hc.client5.http.wire -- http-outgoing-25 << "x[0xfffffffb][0xfffffffb][0xffffffc0][0xffffff98],^[0xffffffb2]T[0x1][0xffffffad][0xffffff83][0xffffffd4][0xffffff8a]9Y[0xffffffbc]d[0xffffffa9]<[0xe][0x13][0x1c]crx[0xffffffc9]Q9[0xfffffffc][0xffffff82]$[0xffffffda][0xffffff92][0xffffffc2]E[0xffffffeb] Q[0xffffffcc]2G=h[0xc][0xffffffa4]Te[0x18]T[0xffffff85][0xffffffc6]?z[0xffffffa6][0xffffffee][0xffffffce]=[0xffffffda]B[0xffffffa1][0xfffffff5][0xffffff8e]8Q[0xffffffc1][0xffffffb6][0xffffffb5][0xffffff8e][0xffffffa8][0xfffffff8][0x5][0xffffff9b][0xffffffd6]9[0xffffff86]Re[0xffffffd0][0xffffffad]oD[0xffffffb3][0xffffff91][0xffffffa9]j]#.Z[0xffffffc1][0xffffffb2]5[0xffffff8d][0xffffffe4][0xffffffc7]2[0x16][0xffffffad]g[0xfffffff4][0xffffffa5]p[0x1f]Z[0xffffffc7][0x8]P[0xffffffa8][0xffffffef][0xffffffec]b[0xffffffa6][0xffffffae]5[0xffffff8b]P6[0xffffffc6]Ck[0x15][0xffffffeb][0x12][0xffffffa1][0xffffff88][0xffffffdc]Y[0xffffffc5][0xc]M[0xffffffe3][0x14]}I[0xc][0xffffffc5][0xffffffe4][0xffffffce]'f[0xffffffa8][0xffffffee]mb[0xffffff86][0xffffffb2]q[0xffffff89][0xffffff96][0xffffffe7][0x17][0xffffff8d]I[0xffffffe4]TQ\[0xffffffee],b[0xffffff86][0xffffffbe]s[0xffffff88][0xffffff99][0xffffffba][0xffffffc6] :[0xffffff86][0xffffffd0][0xffffffd8]C_[0xffffffa6]G[0xffffffb5]Y[0xffffffdd]!g[0xffffff8f][0xffffff8a][0xffffffb3][0xffffff9a]C\[0xffffffe0]Buc[0xe][0xffffff81][0x7]U[0xffffff8d]7[0xfffffff4]e[0xffffffc3]Q~VkX7[0xb]5h[0xffffffb5][0xffffff86]|[0xffffffd6]Q[0xffffff87]Vg[0xffffffc8]'[0x1a][0xffffffb5][0xffffffa8]1[0xffffff86][0xffffffb2][0xffffff94][0xffffff8a][0xffffff82][0xffffffd4][0xfffffffa][0xffffffc2]2[0x17][0xffffffaa][0xffffffd2]j[0xb][0x1d][0xffffff8f]j[0x1b]W[0xffffffc8]G[0x19][0xffffffd5]i[0xfffffff5][0xffffff84][0xfffffff5]p[0xffffffa2]D5[0xffffff9e][0xffffff90]?5[0xffffffd4][0xffffffa9][0xffffffc6][0x12][0xffffffd6][0xffffffb9][0xffffff8a][0xffffff95]K[0xffffff81][\r]mP[0xffffff8c]\[0xe][0xffffff8a][0xffffff8f][0xffffffcb]A[0xffffffb1]q9(..[0x7][0xffffffc5][0xffffffc4][0xffffffe5][0xffffffa0]x[0xffffffb8][0x1c][0x14][0xb][0xffffff97][0x3][0xffffff99]=[[0xe]D[0x13][0x18][0xffffffca][0xffffff80]36[0xffffff94][0xffffff81].[0xfffffff3][0x18][0xffffffca]@[0xffffff95][0xffffffc5]0[0xffffff90][0xffffff83];[0xffffffd3]7[0x1f].[0xb])[0xffffffd8][0xfffffff0][0xffffffcb][0xfffffff1]ej4[0xfffffff0][0xffffffed]:![0xfffffff8]O[0x11]<N[0xffffffdf][0xffffffa6][0x13][0xffffff8d]:[0xffffffbe][0xfffffff1][0x8]I[0x11][0xffffffa7][0xfffffff3][0xffffffe3][0xffffffc7]uW[0xffffffd9]#[\r][0xffffffb2][0xffffffbb]-[0xffffffcb][0xffffffe9][0xffffffba][0xfffffffb][0xffffff9c][0xffffffbe][0x14]Q| [0xffffffba][0xfffffff6][0xffffffb5][0xffffffd2][0xffffffe3][0xffffffcd] }[0xffffffa1][0xffffffdc][0xffffffd5]J[0xffffff87][0xffffffa6][0x1b]W2S[0xffffffee]i[0xffffffa5]S[0xffffffe9] g[0xffffffca][0x1d][0xffffffad][0x4][0xffffff90][0xffffffd4]qf[0xffffffca][0xfffffffd][0xffffffac][0xffffffb4]x>p[0xfffffff5][0x12][0xffffffad][0xffffffdd][0xffffffac][0xffffffb4]([0xffffffb4][0xffffffae][0xffffffcc]V{Yi[0x0][0xffffffc7][0xffffff85]B[0xffffffb9][0xffffff93][0xffffffc5][0x1e][0xffffff80][0xffffffee][0xfffffff0][0xc][0xffffffb9][0xffffff8d][0xffffff95][0xffffffda][0xffffffd1][0xffffff8d]Y(7[0xffffffb1][0xffffffd8]"
10:32:16.238 [main] DEBUG org.apache.hc.client5.http.wire -- http-outgoing-25 << "[0xffffff8f]jT[0xffffffb0]B[0xffffffb9][0xffffff85][0xffffff95][\n]"
10:32:16.238 [main] DEBUG org.apache.hc.client5.http.wire -- http-outgoing-25 << "[0xffffffbf]T[0xffffffc7]#p[0x3][0xffffff8b][0x1d][0xffffff87][0xffffffa9]E[0xffffffd4][0xffffffee][0x15]o[0x3]K[0x1d]A[0xffffffa6][0xffffffdc][0xffffffbb]J%[0xffffffc5]:.w[0xffffffae]xYX[0xffffffea][0xffffff9f][0xffffff88]r[0xffffffdf][0xffffff8a][0xffffffd2]OB[0xffffff91]Y[0xffffffe9]Z%UW[0x16][0xffffff86][V,MUV[0x1a]V[0xffffffac][0xffffffc1]TV[0xffffffda]U[0xffffffcc][0xffffffaa][0xffffffce][0xffffffcc][0xffffffcd]j@[0xffffff8d][0xffffffd1]2[0xffffffa3][0xffffffd2][0xffffffa8][0x6]\z][0xffffff9e]*]j[0x10][0xffffffeb][0x4][0xffffffa5]C[0xfffffff5][0xffffffa4]t[0xffffffe5][0xffffffc5][0xffffffd2][0xffffff9d]z,,[0x13][0xffffffee]Li[0xffffffc7][0xfffffff3][0xffffffc6]pW[0xffffffea]pm[0xffffffcb]k[0xffffffdc][0xffffff92][0x2][0xffffff84][0xffffffb2]%[0xffffffdc][0xffffff8e][0x2][0x1e][0x9][0xffffffc8]k[0xffffffc1][0xffffffbd][0xffffffa8][0xffffffa5][0x5].O[0xffffff95]F[0xffffffd4]&[0xffffff83][0xffffff92][0x8]7[0xffffffa1]([\r][0xffffffb6][0xffffffcc][0xffffff87][0xffffffea][0xffffff95][0xffffffd5]3pN[0xffffffdc][0xffffff93][0xffffffe2]=[[0xffffffb6][0xffffffaa][0xfffffff6][0xffffffa3]X1[0xffffff9e][0xffffffbb][0xffffffc4]j3Jg6[0xffffff93][0xffffffd2][0xffffff88]*[0xffffffc7]G[0xffffff87]{P[0xffffffa5]+)[0xfffffffd]'[0xffffffc9]b![0xffffffa5][0xfffffff5][0xffffff94][0x1a]{[0xfffffff3][0xffffff8c][0xffffff8c][0xffffff89][0xffffffef][0xffffff97][0xffffffe9]q>_o[0xfffffffb][0xffffffd3]i:f[0xffffffa8]"[0xffffffd0][0xffffffcd][0xffffffae][0xfffffff3]912[0xffffffa2][0xffffff84][0xffffff81][\n]"
10:32:16.238 [main] DEBUG org.apache.hc.client5.http.wire -- http-outgoing-25 << "[0xffffffb9]|#"[0xffffffea]$[0xffffffde]vy?[0xffffffb4][0xffffff8f][0xfffffff8]a[0x19][0x1d]r[0xffffffa8]Htp[0xffffffa7]}>#[0xffffffd8][0xffffff87][0xffffffd1][0xffffff95][0xffffff8d]z[0xfffffffd][0xfffffff0][0xf][0xffffffe2][0x12][0xffffff8f][0xfffffff4]>[0x13][0x0][0x0]"
10:32:16.239 [main] DEBUG org.apache.hc.client5.http.impl.classic.InternalHttpClient -- ep-0000000026 releasing valid endpoint
10:32:16.239 [main] DEBUG org.apache.hc.client5.http.impl.io.PoolingHttpClientConnectionManager -- ep-0000000026 releasing endpoint
10:32:16.239 [main] DEBUG org.apache.hc.client5.http.impl.io.PoolingHttpClientConnectionManager -- ep-0000000026 connection http-outgoing-25 can be kept alive for 3 MINUTES
10:32:16.239 [main] DEBUG org.apache.hc.client5.http.impl.io.PoolingHttpClientConnectionManager -- ep-0000000026 connection released [route: {s}->https://raw.githubusercontent.com:443][total available: 1; route allocated: 1 of 5; total allocated: 2 of 25]
10:32:16.239 [main] DEBUG io.github.bonigarcia.wdm.versions.VersionDetector -- Driver for chrome120.0.6099.63 not found in online properties (using local versions.properties)
10:32:16.240 [main] DEBUG io.github.bonigarcia.wdm.WebDriverManager -- The driver version for CHROME 120.0.6099.63 is unknown ... trying with latest
10:32:16.244 [main] DEBUG org.apache.hc.client5.http.impl.classic.InternalHttpClient -- ex-0000000027 preparing request execution
10:32:16.244 [main] DEBUG org.apache.hc.client5.http.impl.classic.ProtocolExec -- ex-0000000027 target auth state: UNCHALLENGED
10:32:16.245 [main] DEBUG org.apache.hc.client5.http.impl.classic.ProtocolExec -- ex-0000000027 proxy auth state: UNCHALLENGED
10:32:16.245 [main] DEBUG org.apache.hc.client5.http.impl.classic.ConnectExec -- ex-0000000027 acquiring connection with route {s}->https://googlechromelabs.github.io:443
10:32:16.245 [main] DEBUG org.apache.hc.client5.http.impl.classic.InternalHttpClient -- ex-0000000027 acquiring endpoint (3 MINUTES)
10:32:16.245 [main] DEBUG org.apache.hc.client5.http.impl.io.PoolingHttpClientConnectionManager -- ex-0000000027 endpoint lease request (3 MINUTES) [route: {s}->https://googlechromelabs.github.io:443][total available: 1; route allocated: 1 of 5; total allocated: 2 of 25]
10:32:16.245 [main] DEBUG org.apache.hc.client5.http.impl.io.PoolingHttpClientConnectionManager -- ex-0000000027 endpoint leased [route: {s}->https://googlechromelabs.github.io:443][total available: 1; route allocated: 2 of 5; total allocated: 3 of 25]
10:32:16.245 [main] DEBUG org.apache.hc.client5.http.impl.io.PoolingHttpClientConnectionManager -- ex-0000000027 acquired ep-0000000027
10:32:16.245 [main] DEBUG org.apache.hc.client5.http.impl.classic.InternalHttpClient -- ex-0000000027 acquired endpoint ep-0000000027
10:32:16.245 [main] DEBUG org.apache.hc.client5.http.impl.classic.ConnectExec -- ex-0000000027 opening connection {s}->https://googlechromelabs.github.io:443
10:32:16.245 [main] DEBUG org.apache.hc.client5.http.impl.classic.InternalHttpClient -- ep-0000000027 connecting endpoint (null)
10:32:16.245 [main] DEBUG org.apache.hc.client5.http.impl.io.PoolingHttpClientConnectionManager -- ep-0000000027 connecting endpoint to https://googlechromelabs.github.io:443 (30 SECONDS)
10:32:16.245 [main] DEBUG org.apache.hc.client5.http.impl.io.DefaultHttpClientConnectionOperator -- googlechromelabs.github.io resolving remote address
10:32:16.245 [main] DEBUG org.apache.hc.client5.http.impl.io.DefaultHttpClientConnectionOperator -- googlechromelabs.github.io resolved to [googlechromelabs.github.io/185.199.110.153, googlechromelabs.github.io/185.199.111.153, googlechromelabs.github.io/185.199.108.153, googlechromelabs.github.io/185.199.109.153]
10:32:16.246 [main] DEBUG org.apache.hc.client5.http.impl.io.DefaultHttpClientConnectionOperator -- googlechromelabs.github.io:443 connecting null->googlechromelabs.github.io/185.199.110.153:443 (30 SECONDS)
10:32:16.246 [main] DEBUG org.apache.hc.client5.http.ssl.SSLConnectionSocketFactory -- Connecting socket to googlechromelabs.github.io/185.199.110.153:443 with timeout 30 SECONDS
10:32:16.286 [main] DEBUG org.apache.hc.client5.http.ssl.SSLConnectionSocketFactory -- Enabled protocols: [TLSv1.3, TLSv1.2]
10:32:16.286 [main] DEBUG org.apache.hc.client5.http.ssl.SSLConnectionSocketFactory -- Enabled cipher suites: [TLS_AES_256_GCM_SHA384, TLS_AES_128_GCM_SHA256, TLS_CHACHA20_POLY1305_SHA256, TLS_ECDHE_ECDSA_WITH_AES_256_GCM_SHA384, TLS_ECDHE_ECDSA_WITH_AES_128_GCM_SHA256, TLS_ECDHE_ECDSA_WITH_CHACHA20_POLY1305_SHA256, TLS_ECDHE_RSA_WITH_AES_256_GCM_SHA384, TLS_ECDHE_RSA_WITH_CHACHA20_POLY1305_SHA256, TLS_ECDHE_RSA_WITH_AES_128_GCM_SHA256, TLS_DHE_RSA_WITH_AES_256_GCM_SHA384, TLS_DHE_RSA_WITH_CHACHA20_POLY1305_SHA256, TLS_DHE_DSS_WITH_AES_256_GCM_SHA384, TLS_DHE_RSA_WITH_AES_128_GCM_SHA256, TLS_DHE_DSS_WITH_AES_128_GCM_SHA256, TLS_ECDHE_ECDSA_WITH_AES_256_CBC_SHA384, TLS_ECDHE_RSA_WITH_AES_256_CBC_SHA384, TLS_ECDHE_ECDSA_WITH_AES_128_CBC_SHA256, TLS_ECDHE_RSA_WITH_AES_128_CBC_SHA256, TLS_DHE_RSA_WITH_AES_256_CBC_SHA256, TLS_DHE_DSS_WITH_AES_256_CBC_SHA256, TLS_DHE_RSA_WITH_AES_128_CBC_SHA256, TLS_DHE_DSS_WITH_AES_128_CBC_SHA256, TLS_ECDHE_ECDSA_WITH_AES_256_CBC_SHA, TLS_ECDHE_RSA_WITH_AES_256_CBC_SHA, TLS_ECDHE_ECDSA_WITH_AES_128_CBC_SHA, TLS_ECDHE_RSA_WITH_AES_128_CBC_SHA, TLS_DHE_RSA_WITH_AES_256_CBC_SHA, TLS_DHE_DSS_WITH_AES_256_CBC_SHA, TLS_DHE_RSA_WITH_AES_128_CBC_SHA, TLS_DHE_DSS_WITH_AES_128_CBC_SHA, TLS_RSA_WITH_AES_256_GCM_SHA384, TLS_RSA_WITH_AES_128_GCM_SHA256, TLS_RSA_WITH_AES_256_CBC_SHA256, TLS_RSA_WITH_AES_128_CBC_SHA256, TLS_RSA_WITH_AES_256_CBC_SHA, TLS_RSA_WITH_AES_128_CBC_SHA, TLS_EMPTY_RENEGOTIATION_INFO_SCSV]
10:32:16.286 [main] DEBUG org.apache.hc.client5.http.ssl.SSLConnectionSocketFactory -- Starting handshake (null)
10:32:16.331 [main] DEBUG org.apache.hc.client5.http.ssl.SSLConnectionSocketFactory -- Secure session established
10:32:16.331 [main] DEBUG org.apache.hc.client5.http.ssl.SSLConnectionSocketFactory --  negotiated protocol: TLSv1.3
10:32:16.332 [main] DEBUG org.apache.hc.client5.http.ssl.SSLConnectionSocketFactory --  negotiated cipher suite: TLS_AES_128_GCM_SHA256
10:32:16.332 [main] DEBUG org.apache.hc.client5.http.ssl.SSLConnectionSocketFactory --  peer principal: CN=*.github.io, O="GitHub, Inc.", L=San Francisco, ST=California, C=US
10:32:16.332 [main] DEBUG org.apache.hc.client5.http.ssl.SSLConnectionSocketFactory --  peer alternative names: [*.github.io, github.io, *.github.com, github.com, www.github.com, *.githubusercontent.com, githubusercontent.com]
10:32:16.332 [main] DEBUG org.apache.hc.client5.http.ssl.SSLConnectionSocketFactory --  issuer principal: CN=DigiCert TLS RSA SHA256 2020 CA1, O=DigiCert Inc, C=US
10:32:16.332 [main] DEBUG org.apache.hc.client5.http.impl.io.DefaultManagedHttpClientConnection -- http-outgoing-26 set socket timeout to 3 MINUTES
10:32:16.332 [main] DEBUG org.apache.hc.client5.http.impl.io.DefaultHttpClientConnectionOperator -- googlechromelabs.github.io:443 connected null->googlechromelabs.github.io/185.199.110.153:443 as http-outgoing-26
10:32:16.332 [main] DEBUG org.apache.hc.client5.http.impl.io.PoolingHttpClientConnectionManager -- ep-0000000027 connected http-outgoing-26
10:32:16.332 [main] DEBUG org.apache.hc.client5.http.impl.classic.InternalHttpClient -- ep-0000000027 endpoint connected
10:32:16.332 [main] DEBUG org.apache.hc.client5.http.impl.classic.MainClientExec -- ex-0000000027 executing GET /chrome-for-testing/last-known-good-versions-with-downloads.json HTTP/1.1
10:32:16.332 [main] DEBUG org.apache.hc.client5.http.protocol.RequestAddCookies -- ex-0000000027 Cookie spec selected: strict
10:32:16.332 [main] DEBUG org.apache.hc.client5.http.impl.classic.InternalHttpClient -- ep-0000000027 start execution ex-0000000027
10:32:16.332 [main] DEBUG org.apache.hc.client5.http.impl.io.PoolingHttpClientConnectionManager -- ep-0000000027 executing exchange ex-0000000027 over http-outgoing-26
10:32:16.332 [main] DEBUG org.apache.hc.client5.http.headers -- http-outgoing-26 >> GET /chrome-for-testing/last-known-good-versions-with-downloads.json HTTP/1.1
10:32:16.332 [main] DEBUG org.apache.hc.client5.http.headers -- http-outgoing-26 >> user-agent: Apache-HttpClient/5.0
10:32:16.332 [main] DEBUG org.apache.hc.client5.http.headers -- http-outgoing-26 >> accept-encoding: gzip, deflate, br
10:32:16.332 [main] DEBUG org.apache.hc.client5.http.headers -- http-outgoing-26 >> cache-control: max-age=0
10:32:16.332 [main] DEBUG org.apache.hc.client5.http.headers -- http-outgoing-26 >> connection: keep-alive
10:32:16.332 [main] DEBUG org.apache.hc.client5.http.headers -- http-outgoing-26 >> Host: googlechromelabs.github.io
10:32:16.332 [main] DEBUG org.apache.hc.client5.http.wire -- http-outgoing-26 >> "GET /chrome-for-testing/last-known-good-versions-with-downloads.json HTTP/1.1[\r][\n]"
10:32:16.332 [main] DEBUG org.apache.hc.client5.http.wire -- http-outgoing-26 >> "user-agent: Apache-HttpClient/5.0[\r][\n]"
10:32:16.332 [main] DEBUG org.apache.hc.client5.http.wire -- http-outgoing-26 >> "accept-encoding: gzip, deflate, br[\r][\n]"
10:32:16.332 [main] DEBUG org.apache.hc.client5.http.wire -- http-outgoing-26 >> "cache-control: max-age=0[\r][\n]"
10:32:16.332 [main] DEBUG org.apache.hc.client5.http.wire -- http-outgoing-26 >> "connection: keep-alive[\r][\n]"
10:32:16.332 [main] DEBUG org.apache.hc.client5.http.wire -- http-outgoing-26 >> "Host: googlechromelabs.github.io[\r][\n]"
10:32:16.332 [main] DEBUG org.apache.hc.client5.http.wire -- http-outgoing-26 >> "[\r][\n]"
10:32:16.371 [main] DEBUG org.apache.hc.client5.http.wire -- http-outgoing-26 << "HTTP/1.1 200 OK[\r][\n]"
10:32:16.371 [main] DEBUG org.apache.hc.client5.http.wire -- http-outgoing-26 << "Connection: keep-alive[\r][\n]"
10:32:16.371 [main] DEBUG org.apache.hc.client5.http.wire -- http-outgoing-26 << "Content-Length: 641[\r][\n]"
10:32:16.371 [main] DEBUG org.apache.hc.client5.http.wire -- http-outgoing-26 << "Server: GitHub.com[\r][\n]"
10:32:16.371 [main] DEBUG org.apache.hc.client5.http.wire -- http-outgoing-26 << "Content-Type: application/json; charset=utf-8[\r][\n]"
10:32:16.371 [main] DEBUG org.apache.hc.client5.http.wire -- http-outgoing-26 << "permissions-policy: interest-cohort=()[\r][\n]"
10:32:16.371 [main] DEBUG org.apache.hc.client5.http.wire -- http-outgoing-26 << "x-origin-cache: HIT[\r][\n]"
10:32:16.371 [main] DEBUG org.apache.hc.client5.http.wire -- http-outgoing-26 << "Last-Modified: Thu, 28 Dec 2023 09:09:08 GMT[\r][\n]"
10:32:16.371 [main] DEBUG org.apache.hc.client5.http.wire -- http-outgoing-26 << "Access-Control-Allow-Origin: *[\r][\n]"
10:32:16.371 [main] DEBUG org.apache.hc.client5.http.wire -- http-outgoing-26 << "Strict-Transport-Security: max-age=31556952[\r][\n]"
10:32:16.371 [main] DEBUG org.apache.hc.client5.http.wire -- http-outgoing-26 << "ETag: W/"658d3b34-22ac"[\r][\n]"
10:32:16.371 [main] DEBUG org.apache.hc.client5.http.wire -- http-outgoing-26 << "expires: Thu, 28 Dec 2023 09:19:31 GMT[\r][\n]"
10:32:16.371 [main] DEBUG org.apache.hc.client5.http.wire -- http-outgoing-26 << "Cache-Control: max-age=600[\r][\n]"
10:32:16.371 [main] DEBUG org.apache.hc.client5.http.wire -- http-outgoing-26 << "Content-Encoding: gzip[\r][\n]"
10:32:16.371 [main] DEBUG org.apache.hc.client5.http.wire -- http-outgoing-26 << "x-proxy-cache: HIT[\r][\n]"
10:32:16.371 [main] DEBUG org.apache.hc.client5.http.wire -- http-outgoing-26 << "X-GitHub-Request-Id: AD28:2802F4:8D3D7B:90038F:658D3C18[\r][\n]"
10:32:16.371 [main] DEBUG org.apache.hc.client5.http.wire -- http-outgoing-26 << "Accept-Ranges: bytes[\r][\n]"
10:32:16.371 [main] DEBUG org.apache.hc.client5.http.wire -- http-outgoing-26 << "Date: Thu, 28 Dec 2023 09:32:17 GMT[\r][\n]"
10:32:16.371 [main] DEBUG org.apache.hc.client5.http.wire -- http-outgoing-26 << "Via: 1.1 varnish[\r][\n]"
10:32:16.371 [main] DEBUG org.apache.hc.client5.http.wire -- http-outgoing-26 << "Age: 496[\r][\n]"
10:32:16.371 [main] DEBUG org.apache.hc.client5.http.wire -- http-outgoing-26 << "X-Served-By: cache-mad2200142-MAD[\r][\n]"
10:32:16.371 [main] DEBUG org.apache.hc.client5.http.wire -- http-outgoing-26 << "X-Cache: HIT[\r][\n]"
10:32:16.371 [main] DEBUG org.apache.hc.client5.http.wire -- http-outgoing-26 << "X-Cache-Hits: 2[\r][\n]"
10:32:16.371 [main] DEBUG org.apache.hc.client5.http.wire -- http-outgoing-26 << "X-Timer: S1703755938.863098,VS0,VE0[\r][\n]"
10:32:16.371 [main] DEBUG org.apache.hc.client5.http.wire -- http-outgoing-26 << "Vary: Accept-Encoding[\r][\n]"
10:32:16.372 [main] DEBUG org.apache.hc.client5.http.wire -- http-outgoing-26 << "X-Fastly-Request-ID: 7d2758812e3885fcc498a2d3cc547156f32b4e25[\r][\n]"
10:32:16.372 [main] DEBUG org.apache.hc.client5.http.wire -- http-outgoing-26 << "[\r][\n]"
10:32:16.372 [main] DEBUG org.apache.hc.client5.http.headers -- http-outgoing-26 << HTTP/1.1 200 OK
10:32:16.372 [main] DEBUG org.apache.hc.client5.http.headers -- http-outgoing-26 << Connection: keep-alive
10:32:16.372 [main] DEBUG org.apache.hc.client5.http.headers -- http-outgoing-26 << Content-Length: 641
10:32:16.372 [main] DEBUG org.apache.hc.client5.http.headers -- http-outgoing-26 << Server: GitHub.com
10:32:16.372 [main] DEBUG org.apache.hc.client5.http.headers -- http-outgoing-26 << Content-Type: application/json; charset=utf-8
10:32:16.372 [main] DEBUG org.apache.hc.client5.http.headers -- http-outgoing-26 << permissions-policy: interest-cohort=()
10:32:16.372 [main] DEBUG org.apache.hc.client5.http.headers -- http-outgoing-26 << x-origin-cache: HIT
10:32:16.372 [main] DEBUG org.apache.hc.client5.http.headers -- http-outgoing-26 << Last-Modified: Thu, 28 Dec 2023 09:09:08 GMT
10:32:16.372 [main] DEBUG org.apache.hc.client5.http.headers -- http-outgoing-26 << Access-Control-Allow-Origin: *
10:32:16.372 [main] DEBUG org.apache.hc.client5.http.headers -- http-outgoing-26 << Strict-Transport-Security: max-age=31556952
10:32:16.372 [main] DEBUG org.apache.hc.client5.http.headers -- http-outgoing-26 << ETag: W/"658d3b34-22ac"
10:32:16.372 [main] DEBUG org.apache.hc.client5.http.headers -- http-outgoing-26 << expires: Thu, 28 Dec 2023 09:19:31 GMT
10:32:16.372 [main] DEBUG org.apache.hc.client5.http.headers -- http-outgoing-26 << Cache-Control: max-age=600
10:32:16.372 [main] DEBUG org.apache.hc.client5.http.headers -- http-outgoing-26 << Content-Encoding: gzip
10:32:16.372 [main] DEBUG org.apache.hc.client5.http.headers -- http-outgoing-26 << x-proxy-cache: HIT
10:32:16.372 [main] DEBUG org.apache.hc.client5.http.headers -- http-outgoing-26 << X-GitHub-Request-Id: AD28:2802F4:8D3D7B:90038F:658D3C18
10:32:16.372 [main] DEBUG org.apache.hc.client5.http.headers -- http-outgoing-26 << Accept-Ranges: bytes
10:32:16.372 [main] DEBUG org.apache.hc.client5.http.headers -- http-outgoing-26 << Date: Thu, 28 Dec 2023 09:32:17 GMT
10:32:16.372 [main] DEBUG org.apache.hc.client5.http.headers -- http-outgoing-26 << Via: 1.1 varnish
10:32:16.372 [main] DEBUG org.apache.hc.client5.http.headers -- http-outgoing-26 << Age: 496
10:32:16.372 [main] DEBUG org.apache.hc.client5.http.headers -- http-outgoing-26 << X-Served-By: cache-mad2200142-MAD
10:32:16.372 [main] DEBUG org.apache.hc.client5.http.headers -- http-outgoing-26 << X-Cache: HIT
10:32:16.372 [main] DEBUG org.apache.hc.client5.http.headers -- http-outgoing-26 << X-Cache-Hits: 2
10:32:16.372 [main] DEBUG org.apache.hc.client5.http.headers -- http-outgoing-26 << X-Timer: S1703755938.863098,VS0,VE0
10:32:16.372 [main] DEBUG org.apache.hc.client5.http.headers -- http-outgoing-26 << Vary: Accept-Encoding
10:32:16.372 [main] DEBUG org.apache.hc.client5.http.headers -- http-outgoing-26 << X-Fastly-Request-ID: 7d2758812e3885fcc498a2d3cc547156f32b4e25
10:32:16.372 [main] DEBUG org.apache.hc.client5.http.impl.classic.MainClientExec -- ex-0000000027 connection can be kept alive for 3 MINUTES
10:32:16.373 [main] DEBUG org.apache.hc.client5.http.wire -- http-outgoing-26 << "[0x1f][0xffffff8b][0x8][0x0][0x0][0x0][0x0][0x0][0x0][0x3][0xffffffcd][0xffffff96][0xffffffcb][0xffffff92][0xffffff9b]0[0x10]E[0xfffffff7][0xfffffff9][0xc][0xffffffad]yI8[0xffffff80]Y&[0xfffffff3][0x7][0xffffff93]URY(F[0xffffffb1][0xffffffa9][0x12][0xffffffe0][0x2][0xffffff8d]'[0xffffff89][0xffffff8b][0x7f][0xffffff8f][0xc]2[0xffffffe6]!1+[0xffffffab]Ya[0x1a][0xffffffb9][0xfffffffb]B[0xffffff9d][0xffffffea]:W$[0xfffffff2][0xffffff82]5[0xffffff82][0x16]g[0xffffff94]"[0x12][0xffffff90][0xffffffd0][0xffffffc5][0xffffffc4]%[0xfffffff1]7[0xffffff82][0xffffffd3] I[0xffffffc3][0xffffffc4][0xb][0xffffff83][0xffffffe4];r[0xffffffd0][0xffffffe1]D[0xffffffcb][0xffffff92][0xfffffff1][0x6][0xffffffa5]W[0xfffffff4]*[0xffffffe8]/[0xffffffce]n[0xffffffbf]TU[0xfffffffe]U[0xffffffd5][0x1c]tau[0xffffff93]W[0xffffffa5],a[0x12]x[0xffffff81][0x17][0x5][0xfffffffb][0xffffffbd][0xffffff87][0xffffff83][0xffffffbd]|T[0xffffffb3]K><[0xffffffc3]q[0x18][0x11]Y[0xffffffcc][0xffffffaa][0xfffffff7][0xffffff92]W4k[0xfffffffa]~uU[0xffffffc8][0xffffffce]?[0xffffffae][0xffffffe8][0xffffffcc][0xffffffa9][0xfffffff8]][0xffffffd5][0xffffff85]<[0xffffffcc][0xfffffff3][0xfffffff2][0xffffffed]O[0xffffffb4][0xffffff93][0xffffff87][0xffffffdf][0xffffffea][0xffffffdb][0xffffffac][0xffffff93][0x10][0xffffffe7]&[0xfffffff5]}[0xffffff96][0x1d]Y[0xffffffc6][0xffffffbd][0xffffff82]y[0xffffffc7][0xffffff8b][0xffffffc0][0xffffffde][0xffffffa1]*T[0xffffffc9][0xffffffef][0xfffffffb][0xffffffa8][0xffffff8b]+[0xffffffdb][0xffffffb8]B[0xffffffbe]d^[0x1e][0xfffffffd]i(_[0xffffffb5][0xffffffbe][0xffffff9f]T[0xffffffb7][0xffffffde][0xffffffbf][0xfffffffc][0xffffff8c]Zg[0x12][0xffffffa2][0xffffffa0][0x7][0xffffff97][0xffffffd6][0xffffffc5]sb[0xc][0xffffffcd][0xffffffef]g[0xffffff87][0xffffff82])[0xffffffca][0xffffff93][0xffffffbe][0xffffff87]j=[0xffffff8e]a[0xfffffff8][0x1e][0xffffffef]y[0x19][0xffffff92]gD[0xffffffe8][0x1a][0xffffffdf][0xffffffcf]u7[0xffffff86][0xfffffff1][0xffffffcf][0xfffffff9][0x2]][0xffffffe3][0xffffffd1][0xfffffff8][0xfffffffb][0xffffffdb][0xffffffff]t[0x14][0xffffff9d]Y[0xffffff9d]K[0xffffffc6][0xffffffc1][0x18][0xffffffed][0xffffffc7]o[0xffffff86]T[0x15]g[0x1b][0xffffffbc][0xffffff8e][0xffffffc2]@R[0xffffffab]b[0xffffffc0][0xffffffb2][0xfffffffb][0x8][0xffffffb1] [0xffffffd8]=1[0xffffff9a]q[0xffffffd6]4nsb[0xffffff9c][0xffffff83][0xffffffa1]<[0xffffffcb][0xffffffb1][0x19][0xffffffa6][0xffffffe7][0xffffffb9][0xffffffb6][0x1][0xffffffb7].[0x15]$[0xffffffe5][0xfffffff3]<[0xffffffb0][0xffffffb8]k[0xffffffd2][0xc][0xffffffdc][0xffffffb7][0xffffffad][0xffffff83][0xffffffbe]0A[0xffffffa7][0xffffffc6][0xffffffd2]U[0xffffffa6][0xffffffbe][0xffffff82]o[0xffffffdd]q[0x14]{8[0xffffff9a][0xffffffeb]J[0x18][0xffffffe2] [0xffffff86][0xffffffd0][0xffffff95]Q&@[[0x19][0xffffffa7][0xffffff80][0xffffff94][0xffffff95]y[0xe][0xfffffffb][0xffffffae]2N`_Uf[0xffffffd3][0xffffffe1]M[0xffffffc5][0xffffff8c][0xffffffa7]}QY[0xffffff83][0xffffffd4][0xffffffbe][0xffffffa7][0xffffff98]Q[0xffffffb5][0xffffffab])&`mZ[0xffffff8a][0x9][0xffffffdb][0xffffffad]H[0xffffffca][0xffffffca][0xffffff92][0xffffff85]s[0xffffff94][0xffffffd5][0xffffff9d][0xb][0xffffffa7](++[0x18][0xffffffc6]P[0xffffff8c][0x1b][0x19]BP[0xffffff8c][0xb][0xfffffffa][0x3]?ya[0xffffff97][0xffffffa9][0xffffff9e][0xffffffdc][\n]"
10:32:16.373 [main] DEBUG org.apache.hc.client5.http.wire -- http-outgoing-26 << "S;!][0xffffffeb]D^[0x16]r[0x12][0xffffffc5][0xffffffbb][0x4]BN[0x1e][0xffffff91][0x0][0xffffffdd]d[0x14][0x2]RMf1[0xffffffec][0xffffff9b][0xffffffc9]([0xffffff80]}1[0xffffff99][0xe][0xffffff87][0xfffffff7][0x12]#[0xffffff99][0xfffffff6][0xffffffb5]d[0xffffff85]O[0xfffffffb]Vb[0xffffffa4][0xffffffd4][0xffffffae][0xffffff94][0x18]X[0xffffffb5][0xffffffe9]$[0x6]b[0xffffffb7][0xffffffa2]$[0xffffffe6][0xffffffd5][\n]"
10:32:16.373 [main] DEBUG org.apache.hc.client5.http.wire -- http-outgoing-26 << "g$k[0xffffff9b][0x16]NH[0xffffffcc][0xffffff8b][0x17][0xffffffc6]GL{[0x18]BGLk[0xfffffff9][0x3][0x1b][0xfffffff9]JKZ[0xffffffff][0xffffff9d][\n]"
10:32:16.373 [main] DEBUG org.apache.hc.client5.http.wire -- http-outgoing-26 << "[0xffffff89][0xffffffaa]i[0xffffff9c][0xffffff84]`[0xffffffbc]t[0xffffff92][0x1d][0xffffffc6][0xffffff9f]C0'[0xffffffe9]"A;I[0x1f][0x2][0xffffffdc]I[0x1e]1[0xffffff80][0xffffff9c][0xffffffa4][0xf][0x0][0xffffffe4]$[0xffffffc3][0xfffffff0][0xffffff8d]8[0xffffff89][0xffffff8e]L '[0xffffffd1][0xfffffff3][0x9][0xffffffe4]$:J[0x1][0xffffff9c]d[0xffffffc9][0xffffffaa]u'Y[0x12][0xffffffbb])'[0xffffffd1][0xffffffae]V`'1lZ`'[0xffffffd1].^@'[0xffffffd1][0xffffffec]a0'[0xffffffd1][0xffffffac][0xffffffe5]U'i[0xffffffdb]O[0xffffffff][0x1][0xffffffee][0xffffffde][0xffffffae][0xffffffb2][0xffffffac]"[0x0][0x0]"
10:32:16.376 [main] DEBUG org.apache.hc.client5.http.impl.classic.InternalHttpClient -- ep-0000000027 releasing valid endpoint
10:32:16.377 [main] DEBUG org.apache.hc.client5.http.impl.io.PoolingHttpClientConnectionManager -- ep-0000000027 releasing endpoint
10:32:16.377 [main] DEBUG org.apache.hc.client5.http.impl.io.PoolingHttpClientConnectionManager -- ep-0000000027 connection http-outgoing-26 can be kept alive for 3 MINUTES
10:32:16.377 [main] DEBUG org.apache.hc.client5.http.impl.io.PoolingHttpClientConnectionManager -- ep-0000000027 connection released [route: {s}->https://googlechromelabs.github.io:443][total available: 2; route allocated: 2 of 5; total allocated: 3 of 25]
10:32:16.390 [main] DEBUG io.github.bonigarcia.wdm.WebDriverManager -- Driver chromedriver 120.0.6099.109 found in cache
10:32:16.391 [main] INFO io.github.bonigarcia.wdm.WebDriverManager -- Exporting webdriver.chrome.driver as C:\Users\info\.cache\selenium\chromedriver\win64\120.0.6099.109\chromedriver.exe
10:32:19.385 [main] DEBUG io.github.bonigarcia.wdm.WebDriverManager -- Using WebDriverManager 5.6.2
10:32:19.408 [main] WARN io.github.bonigarcia.wdm.versions.VersionDetector -- Exception reading CfT URL ('null') to get version of chromedriver (For input string: "120.0.6099.63")
10:32:19.408 [main] DEBUG org.apache.hc.client5.http.impl.classic.InternalHttpClient -- ex-0000000028 preparing request execution
10:32:19.408 [main] DEBUG org.apache.hc.client5.http.impl.classic.ProtocolExec -- ex-0000000028 target auth state: UNCHALLENGED
10:32:19.408 [main] DEBUG org.apache.hc.client5.http.impl.classic.ProtocolExec -- ex-0000000028 proxy auth state: UNCHALLENGED
10:32:19.408 [main] DEBUG org.apache.hc.client5.http.impl.classic.ConnectExec -- ex-0000000028 acquiring connection with route {s}->https://googlechromelabs.github.io:443
10:32:19.408 [main] DEBUG org.apache.hc.client5.http.impl.classic.InternalHttpClient -- ex-0000000028 acquiring endpoint (3 MINUTES)
10:32:19.408 [main] DEBUG org.apache.hc.client5.http.impl.io.PoolingHttpClientConnectionManager -- ex-0000000028 endpoint lease request (3 MINUTES) [route: {s}->https://googlechromelabs.github.io:443][total available: 0; route allocated: 0 of 5; total allocated: 0 of 25]
10:32:19.409 [main] DEBUG org.apache.hc.client5.http.impl.io.PoolingHttpClientConnectionManager -- ex-0000000028 endpoint leased [route: {s}->https://googlechromelabs.github.io:443][total available: 0; route allocated: 1 of 5; total allocated: 1 of 25]
10:32:19.409 [main] DEBUG org.apache.hc.client5.http.impl.io.PoolingHttpClientConnectionManager -- ex-0000000028 acquired ep-0000000028
10:32:19.409 [main] DEBUG org.apache.hc.client5.http.impl.classic.InternalHttpClient -- ex-0000000028 acquired endpoint ep-0000000028
10:32:19.409 [main] DEBUG org.apache.hc.client5.http.impl.classic.ConnectExec -- ex-0000000028 opening connection {s}->https://googlechromelabs.github.io:443
10:32:19.409 [main] DEBUG org.apache.hc.client5.http.impl.classic.InternalHttpClient -- ep-0000000028 connecting endpoint (null)
10:32:19.409 [main] DEBUG org.apache.hc.client5.http.impl.io.PoolingHttpClientConnectionManager -- ep-0000000028 connecting endpoint to https://googlechromelabs.github.io:443 (30 SECONDS)
10:32:19.409 [main] DEBUG org.apache.hc.client5.http.impl.io.DefaultHttpClientConnectionOperator -- googlechromelabs.github.io resolving remote address
10:32:19.409 [main] DEBUG org.apache.hc.client5.http.impl.io.DefaultHttpClientConnectionOperator -- googlechromelabs.github.io resolved to [googlechromelabs.github.io/185.199.110.153, googlechromelabs.github.io/185.199.111.153, googlechromelabs.github.io/185.199.108.153, googlechromelabs.github.io/185.199.109.153]
10:32:19.409 [main] DEBUG org.apache.hc.client5.http.impl.io.DefaultHttpClientConnectionOperator -- googlechromelabs.github.io:443 connecting null->googlechromelabs.github.io/185.199.110.153:443 (30 SECONDS)
10:32:19.410 [main] DEBUG org.apache.hc.client5.http.ssl.SSLConnectionSocketFactory -- Connecting socket to googlechromelabs.github.io/185.199.110.153:443 with timeout 30 SECONDS
10:32:19.449 [main] DEBUG org.apache.hc.client5.http.ssl.SSLConnectionSocketFactory -- Enabled protocols: [TLSv1.3, TLSv1.2]
10:32:19.449 [main] DEBUG org.apache.hc.client5.http.ssl.SSLConnectionSocketFactory -- Enabled cipher suites: [TLS_AES_256_GCM_SHA384, TLS_AES_128_GCM_SHA256, TLS_CHACHA20_POLY1305_SHA256, TLS_ECDHE_ECDSA_WITH_AES_256_GCM_SHA384, TLS_ECDHE_ECDSA_WITH_AES_128_GCM_SHA256, TLS_ECDHE_ECDSA_WITH_CHACHA20_POLY1305_SHA256, TLS_ECDHE_RSA_WITH_AES_256_GCM_SHA384, TLS_ECDHE_RSA_WITH_CHACHA20_POLY1305_SHA256, TLS_ECDHE_RSA_WITH_AES_128_GCM_SHA256, TLS_DHE_RSA_WITH_AES_256_GCM_SHA384, TLS_DHE_RSA_WITH_CHACHA20_POLY1305_SHA256, TLS_DHE_DSS_WITH_AES_256_GCM_SHA384, TLS_DHE_RSA_WITH_AES_128_GCM_SHA256, TLS_DHE_DSS_WITH_AES_128_GCM_SHA256, TLS_ECDHE_ECDSA_WITH_AES_256_CBC_SHA384, TLS_ECDHE_RSA_WITH_AES_256_CBC_SHA384, TLS_ECDHE_ECDSA_WITH_AES_128_CBC_SHA256, TLS_ECDHE_RSA_WITH_AES_128_CBC_SHA256, TLS_DHE_RSA_WITH_AES_256_CBC_SHA256, TLS_DHE_DSS_WITH_AES_256_CBC_SHA256, TLS_DHE_RSA_WITH_AES_128_CBC_SHA256, TLS_DHE_DSS_WITH_AES_128_CBC_SHA256, TLS_ECDHE_ECDSA_WITH_AES_256_CBC_SHA, TLS_ECDHE_RSA_WITH_AES_256_CBC_SHA, TLS_ECDHE_ECDSA_WITH_AES_128_CBC_SHA, TLS_ECDHE_RSA_WITH_AES_128_CBC_SHA, TLS_DHE_RSA_WITH_AES_256_CBC_SHA, TLS_DHE_DSS_WITH_AES_256_CBC_SHA, TLS_DHE_RSA_WITH_AES_128_CBC_SHA, TLS_DHE_DSS_WITH_AES_128_CBC_SHA, TLS_RSA_WITH_AES_256_GCM_SHA384, TLS_RSA_WITH_AES_128_GCM_SHA256, TLS_RSA_WITH_AES_256_CBC_SHA256, TLS_RSA_WITH_AES_128_CBC_SHA256, TLS_RSA_WITH_AES_256_CBC_SHA, TLS_RSA_WITH_AES_128_CBC_SHA, TLS_EMPTY_RENEGOTIATION_INFO_SCSV]
10:32:19.449 [main] DEBUG org.apache.hc.client5.http.ssl.SSLConnectionSocketFactory -- Starting handshake (null)
10:32:19.501 [main] DEBUG org.apache.hc.client5.http.ssl.SSLConnectionSocketFactory -- Secure session established
10:32:19.501 [main] DEBUG org.apache.hc.client5.http.ssl.SSLConnectionSocketFactory --  negotiated protocol: TLSv1.3
10:32:19.501 [main] DEBUG org.apache.hc.client5.http.ssl.SSLConnectionSocketFactory --  negotiated cipher suite: TLS_AES_128_GCM_SHA256
10:32:19.501 [main] DEBUG org.apache.hc.client5.http.ssl.SSLConnectionSocketFactory --  peer principal: CN=*.github.io, O="GitHub, Inc.", L=San Francisco, ST=California, C=US
10:32:19.501 [main] DEBUG org.apache.hc.client5.http.ssl.SSLConnectionSocketFactory --  peer alternative names: [*.github.io, github.io, *.github.com, github.com, www.github.com, *.githubusercontent.com, githubusercontent.com]
10:32:19.501 [main] DEBUG org.apache.hc.client5.http.ssl.SSLConnectionSocketFactory --  issuer principal: CN=DigiCert TLS RSA SHA256 2020 CA1, O=DigiCert Inc, C=US
10:32:19.501 [main] DEBUG org.apache.hc.client5.http.impl.io.DefaultManagedHttpClientConnection -- http-outgoing-27 set socket timeout to 3 MINUTES
10:32:19.501 [main] DEBUG org.apache.hc.client5.http.impl.io.DefaultHttpClientConnectionOperator -- googlechromelabs.github.io:443 connected null->googlechromelabs.github.io/185.199.110.153:443 as http-outgoing-27
10:32:19.501 [main] DEBUG org.apache.hc.client5.http.impl.io.PoolingHttpClientConnectionManager -- ep-0000000028 connected http-outgoing-27
10:32:19.501 [main] DEBUG org.apache.hc.client5.http.impl.classic.InternalHttpClient -- ep-0000000028 endpoint connected
10:32:19.501 [main] DEBUG org.apache.hc.client5.http.impl.classic.MainClientExec -- ex-0000000028 executing GET /chrome-for-testing/LATEST_RELEASE_120.0.6099.63 HTTP/1.1
10:32:19.501 [main] DEBUG org.apache.hc.client5.http.protocol.RequestAddCookies -- ex-0000000028 Cookie spec selected: strict
10:32:19.501 [main] DEBUG org.apache.hc.client5.http.impl.classic.InternalHttpClient -- ep-0000000028 start execution ex-0000000028
10:32:19.501 [main] DEBUG org.apache.hc.client5.http.impl.io.PoolingHttpClientConnectionManager -- ep-0000000028 executing exchange ex-0000000028 over http-outgoing-27
10:32:19.501 [main] DEBUG org.apache.hc.client5.http.headers -- http-outgoing-27 >> GET /chrome-for-testing/LATEST_RELEASE_120.0.6099.63 HTTP/1.1
10:32:19.501 [main] DEBUG org.apache.hc.client5.http.headers -- http-outgoing-27 >> user-agent: Apache-HttpClient/5.0
10:32:19.501 [main] DEBUG org.apache.hc.client5.http.headers -- http-outgoing-27 >> accept-encoding: gzip, deflate, br
10:32:19.501 [main] DEBUG org.apache.hc.client5.http.headers -- http-outgoing-27 >> cache-control: max-age=0
10:32:19.501 [main] DEBUG org.apache.hc.client5.http.headers -- http-outgoing-27 >> connection: keep-alive
10:32:19.501 [main] DEBUG org.apache.hc.client5.http.headers -- http-outgoing-27 >> Host: googlechromelabs.github.io
10:32:19.502 [main] DEBUG org.apache.hc.client5.http.wire -- http-outgoing-27 >> "GET /chrome-for-testing/LATEST_RELEASE_120.0.6099.63 HTTP/1.1[\r][\n]"
10:32:19.502 [main] DEBUG org.apache.hc.client5.http.wire -- http-outgoing-27 >> "user-agent: Apache-HttpClient/5.0[\r][\n]"
10:32:19.502 [main] DEBUG org.apache.hc.client5.http.wire -- http-outgoing-27 >> "accept-encoding: gzip, deflate, br[\r][\n]"
10:32:19.502 [main] DEBUG org.apache.hc.client5.http.wire -- http-outgoing-27 >> "cache-control: max-age=0[\r][\n]"
10:32:19.502 [main] DEBUG org.apache.hc.client5.http.wire -- http-outgoing-27 >> "connection: keep-alive[\r][\n]"
10:32:19.502 [main] DEBUG org.apache.hc.client5.http.wire -- http-outgoing-27 >> "Host: googlechromelabs.github.io[\r][\n]"
10:32:19.502 [main] DEBUG org.apache.hc.client5.http.wire -- http-outgoing-27 >> "[\r][\n]"
10:32:19.544 [main] DEBUG org.apache.hc.client5.http.wire -- http-outgoing-27 << "HTTP/1.1 404 Not Found[\r][\n]"
10:32:19.544 [main] DEBUG org.apache.hc.client5.http.wire -- http-outgoing-27 << "Connection: keep-alive[\r][\n]"
10:32:19.544 [main] DEBUG org.apache.hc.client5.http.wire -- http-outgoing-27 << "Content-Length: 5254[\r][\n]"
10:32:19.544 [main] DEBUG org.apache.hc.client5.http.wire -- http-outgoing-27 << "Server: GitHub.com[\r][\n]"
10:32:19.544 [main] DEBUG org.apache.hc.client5.http.wire -- http-outgoing-27 << "Content-Type: text/html; charset=utf-8[\r][\n]"
10:32:19.544 [main] DEBUG org.apache.hc.client5.http.wire -- http-outgoing-27 << "permissions-policy: interest-cohort=()[\r][\n]"
10:32:19.544 [main] DEBUG org.apache.hc.client5.http.wire -- http-outgoing-27 << "x-origin-cache: HIT[\r][\n]"
10:32:19.544 [main] DEBUG org.apache.hc.client5.http.wire -- http-outgoing-27 << "Access-Control-Allow-Origin: *[\r][\n]"
10:32:19.544 [main] DEBUG org.apache.hc.client5.http.wire -- http-outgoing-27 << "Strict-Transport-Security: max-age=31556952[\r][\n]"
10:32:19.544 [main] DEBUG org.apache.hc.client5.http.wire -- http-outgoing-27 << "ETag: W/"64d39a40-24a3"[\r][\n]"
10:32:19.544 [main] DEBUG org.apache.hc.client5.http.wire -- http-outgoing-27 << "Content-Security-Policy: default-src 'none'; style-src 'unsafe-inline'; img-src data:; connect-src 'self'[\r][\n]"
10:32:19.544 [main] DEBUG org.apache.hc.client5.http.wire -- http-outgoing-27 << "Content-Encoding: gzip[\r][\n]"
10:32:19.544 [main] DEBUG org.apache.hc.client5.http.wire -- http-outgoing-27 << "x-proxy-cache: MISS[\r][\n]"
10:32:19.544 [main] DEBUG org.apache.hc.client5.http.wire -- http-outgoing-27 << "X-GitHub-Request-Id: D770:36888F:8DAD80:90719A:658D4063[\r][\n]"
10:32:19.544 [main] DEBUG org.apache.hc.client5.http.wire -- http-outgoing-27 << "Accept-Ranges: bytes[\r][\n]"
10:32:19.544 [main] DEBUG org.apache.hc.client5.http.wire -- http-outgoing-27 << "Date: Thu, 28 Dec 2023 09:32:21 GMT[\r][\n]"
10:32:19.544 [main] DEBUG org.apache.hc.client5.http.wire -- http-outgoing-27 << "Via: 1.1 varnish[\r][\n]"
10:32:19.544 [main] DEBUG org.apache.hc.client5.http.wire -- http-outgoing-27 << "Age: 65[\r][\n]"
10:32:19.544 [main] DEBUG org.apache.hc.client5.http.wire -- http-outgoing-27 << "X-Served-By: cache-mad22056-MAD[\r][\n]"
10:32:19.544 [main] DEBUG org.apache.hc.client5.http.wire -- http-outgoing-27 << "X-Cache: HIT[\r][\n]"
10:32:19.544 [main] DEBUG org.apache.hc.client5.http.wire -- http-outgoing-27 << "X-Cache-Hits: 1[\r][\n]"
10:32:19.544 [main] DEBUG org.apache.hc.client5.http.wire -- http-outgoing-27 << "X-Timer: S1703755941.031827,VS0,VE1[\r][\n]"
10:32:19.544 [main] DEBUG org.apache.hc.client5.http.wire -- http-outgoing-27 << "Vary: Accept-Encoding[\r][\n]"
10:32:19.544 [main] DEBUG org.apache.hc.client5.http.wire -- http-outgoing-27 << "X-Fastly-Request-ID: 76d4473736c18a7be2295783ff4c778ad59f93e5[\r][\n]"
10:32:19.544 [main] DEBUG org.apache.hc.client5.http.wire -- http-outgoing-27 << "[\r][\n]"
10:32:19.544 [main] DEBUG org.apache.hc.client5.http.headers -- http-outgoing-27 << HTTP/1.1 404 Not Found
10:32:19.544 [main] DEBUG org.apache.hc.client5.http.headers -- http-outgoing-27 << Connection: keep-alive
10:32:19.544 [main] DEBUG org.apache.hc.client5.http.headers -- http-outgoing-27 << Content-Length: 5254
10:32:19.544 [main] DEBUG org.apache.hc.client5.http.headers -- http-outgoing-27 << Server: GitHub.com
10:32:19.544 [main] DEBUG org.apache.hc.client5.http.headers -- http-outgoing-27 << Content-Type: text/html; charset=utf-8
10:32:19.544 [main] DEBUG org.apache.hc.client5.http.headers -- http-outgoing-27 << permissions-policy: interest-cohort=()
10:32:19.544 [main] DEBUG org.apache.hc.client5.http.headers -- http-outgoing-27 << x-origin-cache: HIT
10:32:19.544 [main] DEBUG org.apache.hc.client5.http.headers -- http-outgoing-27 << Access-Control-Allow-Origin: *
10:32:19.544 [main] DEBUG org.apache.hc.client5.http.headers -- http-outgoing-27 << Strict-Transport-Security: max-age=31556952
10:32:19.544 [main] DEBUG org.apache.hc.client5.http.headers -- http-outgoing-27 << ETag: W/"64d39a40-24a3"
10:32:19.545 [main] DEBUG org.apache.hc.client5.http.headers -- http-outgoing-27 << Content-Security-Policy: default-src 'none'; style-src 'unsafe-inline'; img-src data:; connect-src 'self'
10:32:19.545 [main] DEBUG org.apache.hc.client5.http.headers -- http-outgoing-27 << Content-Encoding: gzip
10:32:19.545 [main] DEBUG org.apache.hc.client5.http.headers -- http-outgoing-27 << x-proxy-cache: MISS
10:32:19.545 [main] DEBUG org.apache.hc.client5.http.headers -- http-outgoing-27 << X-GitHub-Request-Id: D770:36888F:8DAD80:90719A:658D4063
10:32:19.545 [main] DEBUG org.apache.hc.client5.http.headers -- http-outgoing-27 << Accept-Ranges: bytes
10:32:19.545 [main] DEBUG org.apache.hc.client5.http.headers -- http-outgoing-27 << Date: Thu, 28 Dec 2023 09:32:21 GMT
10:32:19.545 [main] DEBUG org.apache.hc.client5.http.headers -- http-outgoing-27 << Via: 1.1 varnish
10:32:19.545 [main] DEBUG org.apache.hc.client5.http.headers -- http-outgoing-27 << Age: 65
10:32:19.545 [main] DEBUG org.apache.hc.client5.http.headers -- http-outgoing-27 << X-Served-By: cache-mad22056-MAD
10:32:19.545 [main] DEBUG org.apache.hc.client5.http.headers -- http-outgoing-27 << X-Cache: HIT
10:32:19.545 [main] DEBUG org.apache.hc.client5.http.headers -- http-outgoing-27 << X-Cache-Hits: 1
10:32:19.545 [main] DEBUG org.apache.hc.client5.http.headers -- http-outgoing-27 << X-Timer: S1703755941.031827,VS0,VE1
10:32:19.545 [main] DEBUG org.apache.hc.client5.http.headers -- http-outgoing-27 << Vary: Accept-Encoding
10:32:19.545 [main] DEBUG org.apache.hc.client5.http.headers -- http-outgoing-27 << X-Fastly-Request-ID: 76d4473736c18a7be2295783ff4c778ad59f93e5
10:32:19.545 [main] DEBUG org.apache.hc.client5.http.impl.classic.MainClientExec -- ex-0000000028 connection can be kept alive for 3 MINUTES
10:32:19.545 [main] ERROR io.github.bonigarcia.wdm.online.HttpClient -- Error HTTP 404 executing https://googlechromelabs.github.io/chrome-for-testing/LATEST_RELEASE_120.0.6099.63
10:32:19.545 [main] WARN io.github.bonigarcia.wdm.versions.VersionDetector -- Exception reading https://googlechromelabs.github.io/chrome-for-testing/LATEST_RELEASE_120.0.6099.63 to get latest version of chromedriver (Error HTTP 404 executing https://googlechromelabs.github.io/chrome-for-testing/LATEST_RELEASE_120.0.6099.63)
10:32:19.546 [main] DEBUG io.github.bonigarcia.wdm.versions.VersionDetector -- Getting driver version for chrome120.0.6099.63 from online versions.properties
10:32:19.549 [main] DEBUG org.apache.hc.client5.http.impl.classic.InternalHttpClient -- ex-0000000029 preparing request execution
10:32:19.549 [main] DEBUG org.apache.hc.client5.http.impl.classic.ProtocolExec -- ex-0000000029 target auth state: UNCHALLENGED
10:32:19.549 [main] DEBUG org.apache.hc.client5.http.impl.classic.ProtocolExec -- ex-0000000029 proxy auth state: UNCHALLENGED
10:32:19.549 [main] DEBUG org.apache.hc.client5.http.impl.classic.ConnectExec -- ex-0000000029 acquiring connection with route {s}->https://raw.githubusercontent.com:443
10:32:19.549 [main] DEBUG org.apache.hc.client5.http.impl.classic.InternalHttpClient -- ex-0000000029 acquiring endpoint (3 MINUTES)
10:32:19.549 [main] DEBUG org.apache.hc.client5.http.impl.io.PoolingHttpClientConnectionManager -- ex-0000000029 endpoint lease request (3 MINUTES) [route: {s}->https://raw.githubusercontent.com:443][total available: 0; route allocated: 0 of 5; total allocated: 1 of 25]
10:32:19.549 [main] DEBUG org.apache.hc.client5.http.impl.io.PoolingHttpClientConnectionManager -- ex-0000000029 endpoint leased [route: {s}->https://raw.githubusercontent.com:443][total available: 0; route allocated: 1 of 5; total allocated: 2 of 25]
10:32:19.549 [main] DEBUG org.apache.hc.client5.http.impl.io.PoolingHttpClientConnectionManager -- ex-0000000029 acquired ep-0000000029
10:32:19.549 [main] DEBUG org.apache.hc.client5.http.impl.classic.InternalHttpClient -- ex-0000000029 acquired endpoint ep-0000000029
10:32:19.549 [main] DEBUG org.apache.hc.client5.http.impl.classic.ConnectExec -- ex-0000000029 opening connection {s}->https://raw.githubusercontent.com:443
10:32:19.549 [main] DEBUG org.apache.hc.client5.http.impl.classic.InternalHttpClient -- ep-0000000029 connecting endpoint (null)
10:32:19.549 [main] DEBUG org.apache.hc.client5.http.impl.io.PoolingHttpClientConnectionManager -- ep-0000000029 connecting endpoint to https://raw.githubusercontent.com:443 (30 SECONDS)
10:32:19.549 [main] DEBUG org.apache.hc.client5.http.impl.io.DefaultHttpClientConnectionOperator -- raw.githubusercontent.com resolving remote address
10:32:19.549 [main] DEBUG org.apache.hc.client5.http.impl.io.DefaultHttpClientConnectionOperator -- raw.githubusercontent.com resolved to [raw.githubusercontent.com/185.199.109.133, raw.githubusercontent.com/185.199.110.133, raw.githubusercontent.com/185.199.108.133, raw.githubusercontent.com/185.199.111.133]
10:32:19.550 [main] DEBUG org.apache.hc.client5.http.impl.io.DefaultHttpClientConnectionOperator -- raw.githubusercontent.com:443 connecting null->raw.githubusercontent.com/185.199.109.133:443 (30 SECONDS)
10:32:19.550 [main] DEBUG org.apache.hc.client5.http.ssl.SSLConnectionSocketFactory -- Connecting socket to raw.githubusercontent.com/185.199.109.133:443 with timeout 30 SECONDS
10:32:19.591 [main] DEBUG org.apache.hc.client5.http.ssl.SSLConnectionSocketFactory -- Enabled protocols: [TLSv1.3, TLSv1.2]
10:32:19.591 [main] DEBUG org.apache.hc.client5.http.ssl.SSLConnectionSocketFactory -- Enabled cipher suites: [TLS_AES_256_GCM_SHA384, TLS_AES_128_GCM_SHA256, TLS_CHACHA20_POLY1305_SHA256, TLS_ECDHE_ECDSA_WITH_AES_256_GCM_SHA384, TLS_ECDHE_ECDSA_WITH_AES_128_GCM_SHA256, TLS_ECDHE_ECDSA_WITH_CHACHA20_POLY1305_SHA256, TLS_ECDHE_RSA_WITH_AES_256_GCM_SHA384, TLS_ECDHE_RSA_WITH_CHACHA20_POLY1305_SHA256, TLS_ECDHE_RSA_WITH_AES_128_GCM_SHA256, TLS_DHE_RSA_WITH_AES_256_GCM_SHA384, TLS_DHE_RSA_WITH_CHACHA20_POLY1305_SHA256, TLS_DHE_DSS_WITH_AES_256_GCM_SHA384, TLS_DHE_RSA_WITH_AES_128_GCM_SHA256, TLS_DHE_DSS_WITH_AES_128_GCM_SHA256, TLS_ECDHE_ECDSA_WITH_AES_256_CBC_SHA384, TLS_ECDHE_RSA_WITH_AES_256_CBC_SHA384, TLS_ECDHE_ECDSA_WITH_AES_128_CBC_SHA256, TLS_ECDHE_RSA_WITH_AES_128_CBC_SHA256, TLS_DHE_RSA_WITH_AES_256_CBC_SHA256, TLS_DHE_DSS_WITH_AES_256_CBC_SHA256, TLS_DHE_RSA_WITH_AES_128_CBC_SHA256, TLS_DHE_DSS_WITH_AES_128_CBC_SHA256, TLS_ECDHE_ECDSA_WITH_AES_256_CBC_SHA, TLS_ECDHE_RSA_WITH_AES_256_CBC_SHA, TLS_ECDHE_ECDSA_WITH_AES_128_CBC_SHA, TLS_ECDHE_RSA_WITH_AES_128_CBC_SHA, TLS_DHE_RSA_WITH_AES_256_CBC_SHA, TLS_DHE_DSS_WITH_AES_256_CBC_SHA, TLS_DHE_RSA_WITH_AES_128_CBC_SHA, TLS_DHE_DSS_WITH_AES_128_CBC_SHA, TLS_RSA_WITH_AES_256_GCM_SHA384, TLS_RSA_WITH_AES_128_GCM_SHA256, TLS_RSA_WITH_AES_256_CBC_SHA256, TLS_RSA_WITH_AES_128_CBC_SHA256, TLS_RSA_WITH_AES_256_CBC_SHA, TLS_RSA_WITH_AES_128_CBC_SHA, TLS_EMPTY_RENEGOTIATION_INFO_SCSV]
10:32:19.591 [main] DEBUG org.apache.hc.client5.http.ssl.SSLConnectionSocketFactory -- Starting handshake (null)
10:32:19.652 [main] DEBUG org.apache.hc.client5.http.ssl.SSLConnectionSocketFactory -- Secure session established
10:32:19.652 [main] DEBUG org.apache.hc.client5.http.ssl.SSLConnectionSocketFactory --  negotiated protocol: TLSv1.3
10:32:19.652 [main] DEBUG org.apache.hc.client5.http.ssl.SSLConnectionSocketFactory --  negotiated cipher suite: TLS_AES_128_GCM_SHA256
10:32:19.652 [main] DEBUG org.apache.hc.client5.http.ssl.SSLConnectionSocketFactory --  peer principal: CN=*.github.io, O="GitHub, Inc.", L=San Francisco, ST=California, C=US
10:32:19.652 [main] DEBUG org.apache.hc.client5.http.ssl.SSLConnectionSocketFactory --  peer alternative names: [*.github.io, github.io, *.github.com, github.com, www.github.com, *.githubusercontent.com, githubusercontent.com]
10:32:19.652 [main] DEBUG org.apache.hc.client5.http.ssl.SSLConnectionSocketFactory --  issuer principal: CN=DigiCert TLS RSA SHA256 2020 CA1, O=DigiCert Inc, C=US
10:32:19.652 [main] DEBUG org.apache.hc.client5.http.impl.io.DefaultManagedHttpClientConnection -- http-outgoing-28 set socket timeout to 3 MINUTES
10:32:19.652 [main] DEBUG org.apache.hc.client5.http.impl.io.DefaultHttpClientConnectionOperator -- raw.githubusercontent.com:443 connected null->raw.githubusercontent.com/185.199.109.133:443 as http-outgoing-28
10:32:19.653 [main] DEBUG org.apache.hc.client5.http.impl.io.PoolingHttpClientConnectionManager -- ep-0000000029 connected http-outgoing-28
10:32:19.653 [main] DEBUG org.apache.hc.client5.http.impl.classic.InternalHttpClient -- ep-0000000029 endpoint connected
10:32:19.653 [main] DEBUG org.apache.hc.client5.http.impl.classic.MainClientExec -- ex-0000000029 executing GET /bonigarcia/webdrivermanager/master/src/main/resources/versions.properties HTTP/1.1
10:32:19.653 [main] DEBUG org.apache.hc.client5.http.protocol.RequestAddCookies -- ex-0000000029 Cookie spec selected: strict
10:32:19.653 [main] DEBUG org.apache.hc.client5.http.impl.classic.InternalHttpClient -- ep-0000000029 start execution ex-0000000029
10:32:19.653 [main] DEBUG org.apache.hc.client5.http.impl.io.PoolingHttpClientConnectionManager -- ep-0000000029 executing exchange ex-0000000029 over http-outgoing-28
10:32:19.653 [main] DEBUG org.apache.hc.client5.http.headers -- http-outgoing-28 >> GET /bonigarcia/webdrivermanager/master/src/main/resources/versions.properties HTTP/1.1
10:32:19.653 [main] DEBUG org.apache.hc.client5.http.headers -- http-outgoing-28 >> user-agent: Apache-HttpClient/5.0
10:32:19.653 [main] DEBUG org.apache.hc.client5.http.headers -- http-outgoing-28 >> accept-encoding: gzip, deflate, br
10:32:19.653 [main] DEBUG org.apache.hc.client5.http.headers -- http-outgoing-28 >> cache-control: max-age=0
10:32:19.653 [main] DEBUG org.apache.hc.client5.http.headers -- http-outgoing-28 >> connection: keep-alive
10:32:19.653 [main] DEBUG org.apache.hc.client5.http.headers -- http-outgoing-28 >> Host: raw.githubusercontent.com
10:32:19.653 [main] DEBUG org.apache.hc.client5.http.wire -- http-outgoing-28 >> "GET /bonigarcia/webdrivermanager/master/src/main/resources/versions.properties HTTP/1.1[\r][\n]"
10:32:19.653 [main] DEBUG org.apache.hc.client5.http.wire -- http-outgoing-28 >> "user-agent: Apache-HttpClient/5.0[\r][\n]"
10:32:19.653 [main] DEBUG org.apache.hc.client5.http.wire -- http-outgoing-28 >> "accept-encoding: gzip, deflate, br[\r][\n]"
10:32:19.653 [main] DEBUG org.apache.hc.client5.http.wire -- http-outgoing-28 >> "cache-control: max-age=0[\r][\n]"
10:32:19.653 [main] DEBUG org.apache.hc.client5.http.wire -- http-outgoing-28 >> "connection: keep-alive[\r][\n]"
10:32:19.653 [main] DEBUG org.apache.hc.client5.http.wire -- http-outgoing-28 >> "Host: raw.githubusercontent.com[\r][\n]"
10:32:19.653 [main] DEBUG org.apache.hc.client5.http.wire -- http-outgoing-28 >> "[\r][\n]"
10:32:19.695 [main] DEBUG org.apache.hc.client5.http.wire -- http-outgoing-28 << "HTTP/1.1 200 OK[\r][\n]"
10:32:19.695 [main] DEBUG org.apache.hc.client5.http.wire -- http-outgoing-28 << "Connection: keep-alive[\r][\n]"
10:32:19.695 [main] DEBUG org.apache.hc.client5.http.wire -- http-outgoing-28 << "Content-Length: 1653[\r][\n]"
10:32:19.695 [main] DEBUG org.apache.hc.client5.http.wire -- http-outgoing-28 << "Cache-Control: max-age=300[\r][\n]"
10:32:19.695 [main] DEBUG org.apache.hc.client5.http.wire -- http-outgoing-28 << "Content-Security-Policy: default-src 'none'; style-src 'unsafe-inline'; sandbox[\r][\n]"
10:32:19.695 [main] DEBUG org.apache.hc.client5.http.wire -- http-outgoing-28 << "Content-Type: text/plain; charset=utf-8[\r][\n]"
10:32:19.695 [main] DEBUG org.apache.hc.client5.http.wire -- http-outgoing-28 << "ETag: W/"de56f96e4580ae55450ed6a794662cbdb2b39827f9709095aa3e1e7f6914629d"[\r][\n]"
10:32:19.695 [main] DEBUG org.apache.hc.client5.http.wire -- http-outgoing-28 << "Strict-Transport-Security: max-age=31536000[\r][\n]"
10:32:19.695 [main] DEBUG org.apache.hc.client5.http.wire -- http-outgoing-28 << "X-Content-Type-Options: nosniff[\r][\n]"
10:32:19.695 [main] DEBUG org.apache.hc.client5.http.wire -- http-outgoing-28 << "X-Frame-Options: deny[\r][\n]"
10:32:19.695 [main] DEBUG org.apache.hc.client5.http.wire -- http-outgoing-28 << "X-XSS-Protection: 1; mode=block[\r][\n]"
10:32:19.695 [main] DEBUG org.apache.hc.client5.http.wire -- http-outgoing-28 << "X-GitHub-Request-Id: D5BE:3DFCCC:2516CE:27975C:658D16A0[\r][\n]"
10:32:19.695 [main] DEBUG org.apache.hc.client5.http.wire -- http-outgoing-28 << "Content-Encoding: gzip[\r][\n]"
10:32:19.695 [main] DEBUG org.apache.hc.client5.http.wire -- http-outgoing-28 << "Accept-Ranges: bytes[\r][\n]"
10:32:19.695 [main] DEBUG org.apache.hc.client5.http.wire -- http-outgoing-28 << "Date: Thu, 28 Dec 2023 09:32:21 GMT[\r][\n]"
10:32:19.695 [main] DEBUG org.apache.hc.client5.http.wire -- http-outgoing-28 << "Via: 1.1 varnish[\r][\n]"
10:32:19.695 [main] DEBUG org.apache.hc.client5.http.wire -- http-outgoing-28 << "X-Served-By: cache-mad2200147-MAD[\r][\n]"
10:32:19.695 [main] DEBUG org.apache.hc.client5.http.wire -- http-outgoing-28 << "X-Cache: HIT[\r][\n]"
10:32:19.695 [main] DEBUG org.apache.hc.client5.http.wire -- http-outgoing-28 << "X-Cache-Hits: 1[\r][\n]"
10:32:19.695 [main] DEBUG org.apache.hc.client5.http.wire -- http-outgoing-28 << "X-Timer: S1703755941.189040,VS0,VE1[\r][\n]"
10:32:19.695 [main] DEBUG org.apache.hc.client5.http.wire -- http-outgoing-28 << "Vary: Authorization,Accept-Encoding,Origin[\r][\n]"
10:32:19.695 [main] DEBUG org.apache.hc.client5.http.wire -- http-outgoing-28 << "Access-Control-Allow-Origin: *[\r][\n]"
10:32:19.695 [main] DEBUG org.apache.hc.client5.http.wire -- http-outgoing-28 << "Cross-Origin-Resource-Policy: cross-origin[\r][\n]"
10:32:19.695 [main] DEBUG org.apache.hc.client5.http.wire -- http-outgoing-28 << "X-Fastly-Request-ID: 40ce0da58c4114d0a3160d7ea11db2591646ad33[\r][\n]"
10:32:19.695 [main] DEBUG org.apache.hc.client5.http.wire -- http-outgoing-28 << "Expires: Thu, 28 Dec 2023 09:37:21 GMT[\r][\n]"
10:32:19.695 [main] DEBUG org.apache.hc.client5.http.wire -- http-outgoing-28 << "Source-Age: 65[\r][\n]"
10:32:19.695 [main] DEBUG org.apache.hc.client5.http.wire -- http-outgoing-28 << "[\r][\n]"
10:32:19.696 [main] DEBUG org.apache.hc.client5.http.headers -- http-outgoing-28 << HTTP/1.1 200 OK
10:32:19.696 [main] DEBUG org.apache.hc.client5.http.headers -- http-outgoing-28 << Connection: keep-alive
10:32:19.696 [main] DEBUG org.apache.hc.client5.http.headers -- http-outgoing-28 << Content-Length: 1653
10:32:19.696 [main] DEBUG org.apache.hc.client5.http.headers -- http-outgoing-28 << Cache-Control: max-age=300
10:32:19.696 [main] DEBUG org.apache.hc.client5.http.headers -- http-outgoing-28 << Content-Security-Policy: default-src 'none'; style-src 'unsafe-inline'; sandbox
10:32:19.696 [main] DEBUG org.apache.hc.client5.http.headers -- http-outgoing-28 << Content-Type: text/plain; charset=utf-8
10:32:19.696 [main] DEBUG org.apache.hc.client5.http.headers -- http-outgoing-28 << ETag: W/"de56f96e4580ae55450ed6a794662cbdb2b39827f9709095aa3e1e7f6914629d"
10:32:19.696 [main] DEBUG org.apache.hc.client5.http.headers -- http-outgoing-28 << Strict-Transport-Security: max-age=31536000
10:32:19.696 [main] DEBUG org.apache.hc.client5.http.headers -- http-outgoing-28 << X-Content-Type-Options: nosniff
10:32:19.696 [main] DEBUG org.apache.hc.client5.http.headers -- http-outgoing-28 << X-Frame-Options: deny
10:32:19.696 [main] DEBUG org.apache.hc.client5.http.headers -- http-outgoing-28 << X-XSS-Protection: 1; mode=block
10:32:19.696 [main] DEBUG org.apache.hc.client5.http.headers -- http-outgoing-28 << X-GitHub-Request-Id: D5BE:3DFCCC:2516CE:27975C:658D16A0
10:32:19.696 [main] DEBUG org.apache.hc.client5.http.headers -- http-outgoing-28 << Content-Encoding: gzip
10:32:19.696 [main] DEBUG org.apache.hc.client5.http.headers -- http-outgoing-28 << Accept-Ranges: bytes
10:32:19.696 [main] DEBUG org.apache.hc.client5.http.headers -- http-outgoing-28 << Date: Thu, 28 Dec 2023 09:32:21 GMT
10:32:19.696 [main] DEBUG org.apache.hc.client5.http.headers -- http-outgoing-28 << Via: 1.1 varnish
10:32:19.696 [main] DEBUG org.apache.hc.client5.http.headers -- http-outgoing-28 << X-Served-By: cache-mad2200147-MAD
10:32:19.696 [main] DEBUG org.apache.hc.client5.http.headers -- http-outgoing-28 << X-Cache: HIT
10:32:19.696 [main] DEBUG org.apache.hc.client5.http.headers -- http-outgoing-28 << X-Cache-Hits: 1
10:32:19.696 [main] DEBUG org.apache.hc.client5.http.headers -- http-outgoing-28 << X-Timer: S1703755941.189040,VS0,VE1
10:32:19.696 [main] DEBUG org.apache.hc.client5.http.headers -- http-outgoing-28 << Vary: Authorization,Accept-Encoding,Origin
10:32:19.696 [main] DEBUG org.apache.hc.client5.http.headers -- http-outgoing-28 << Access-Control-Allow-Origin: *
10:32:19.696 [main] DEBUG org.apache.hc.client5.http.headers -- http-outgoing-28 << Cross-Origin-Resource-Policy: cross-origin
10:32:19.696 [main] DEBUG org.apache.hc.client5.http.headers -- http-outgoing-28 << X-Fastly-Request-ID: 40ce0da58c4114d0a3160d7ea11db2591646ad33
10:32:19.696 [main] DEBUG org.apache.hc.client5.http.headers -- http-outgoing-28 << Expires: Thu, 28 Dec 2023 09:37:21 GMT
10:32:19.696 [main] DEBUG org.apache.hc.client5.http.headers -- http-outgoing-28 << Source-Age: 65
10:32:19.696 [main] DEBUG org.apache.hc.client5.http.impl.classic.MainClientExec -- ex-0000000029 connection can be kept alive for 3 MINUTES
10:32:19.698 [main] DEBUG org.apache.hc.client5.http.wire -- http-outgoing-28 << "[0x1f][0xffffff8b][0x8][0x0][0x0][0x0][0x0][0x0][0x0][0x3][0xffffff8d][0xffffff97]Mo[0xffffffe3]6[0x10][0xffffff86][0xffffffef][0xfffffff9][0x15][0x2]z[0xffffff8e][0xffffffcc][0xffffffcf]![0x19][0xffffff80][0xffffff97]~[0xffffff9e][0xffffff8a][0x1e][0xffffffda]?[0xffffffe0][0xffffffb5][0xffffff95]DX[0xffffffc7][\n]"
10:32:19.699 [main] DEBUG org.apache.hc.client5.http.wire -- http-outgoing-28 << "lg[0xffffffb3][0xffffffe8][0xffffffaf][0xffffffef][0xc][0xffffffc9][0xffffffa1]h[0xffffffaa][0x5]z[0x8]v[0xffffffe7][0xffffffb1]D[0xffffffce][0xffffff90][0xffffffd4][0xffffffcb]w~[0x18][0xfffffffe]z[0xffffff9d][0xffffffaf][0xffffffc3][0xfffffff3]|[0xffffff9a][0xffffff86][0xffffffc3]r[0xffffffbe][0xffffffed][0xffffffe7][0xfffffff3]u[0xffffffb8][0xffffffbd]N[0xffffffc3][0xffffffd7][0xfffffff3][0xfffffff2]y[0x1e][0xffffff8e][0xffffff97][0xfffffff9][0xffffffdb]t[0x19][0xfffffff0][0xffffffef]:/[0xfffffff8][0xffffffcb]ay{[0xffffffdf][0xffffffdf][0xffffffe6]/[0xfffffff8][0xfffffff4][0xffffffe7]|{MO[0x1e][0xffffff96][0xffffffcb]e[0xffffffba][0xffffffbe]/[0xffffffe7][0xffffffe3]|~[0x19][0xffffffbe]\[0xffffff96][0xffffffcf][0xffffffeb][0xfffffffa][0xffffffca][0xffffffc3][0xffffffc3][0xf][0xffffffc3][0xffffff8f][0x19]=[\r][0xffffffbf]-[0xffffffcb][0xb][0xffffffbe][0xfffffff9][0xffffffd3][0xffffffeb]ey[0xffffff9b][0xffffff86][0xfffffffd][0xfffffff9][0xffffff98][0xffffffff];[0x7f][0xffffffbc][\r][0xffffff8f][0xffffffc3][0xffffffcf]i[0xffffffaa][0xffffffa7][0xffffffe1][0xffffff90]~[0xffffffcd][0x13][0xffffffe3][0xffffffcb][0x7f].[0x1f][0xffffff97][0xffffffc3][0xfffffff4]4[0xffffffbc][0xffffffde]n[0xffffffef]O[0xffffffbb]][0xfffffffb][0xffffffeb]x(o[0xffffff8f][0xffffffcb][0xffffffe5]ew[0xffffffc4]|O[0xffffffcb][0xfffffffe]x}[0xffffffc8][0xffffffcf]Hi"[0xfffffffe][0xffffff8d]b[0xffffffb4]N[0xffffffdb]1[0xffffff88][0xffffffca]5rM[0x1c][0xffffff9c][0x1a]AW[0xffffffae][0xffffff90][0xffffffab][0xffffffc4][0xffffffa5][0x1d]M[0xffffffa8]\"[0xffffff97][0xffffffc4]-[0xffffffe8][0x11]L[0xffffffe5][0x2][0xffffffb9] n[0xffffffbc][0x1c][0xffffff9d]c.B[0xffffffc4][0xffffffbf][0xffffffc4]qzW[0xffffff9f][0x17][0x1e][0xffffffb9]'[0xffffffae]m[0x18][0xffffff9d][0xffffffac][0xffffffdc]!w[0xffffff89][0xb]3[0xffffff82][0xffffffaa][0x1c][0xffffff90][0x3]qe[0xffffffc2][0x8][0xffffffeb][0xfffffff3][0x16][0xffffffb9]%.[0xffffff83][0xffffffc5][0x1f]+[0xffffffc7]zE[0xffffffaa][0xffffff97][0xffffffca]p5[0x7f][0xffffff81][0xfffffff5][0xffffff8a]T[0xffffffaf][0x0]1J[0xffffffbd]&[0xffffff84][0x5][0xffffff8b]T[0xffffffb0][0xffffffc0][0xfffffff1][0xffffff9a][0x9][0xffffffb0]`A[0x5][0xffffff9b]`[0xffffffe5]hV[0xffffff8e][0x5][0xb]*[0xffffffd8][0xfffffff8][0x0]#[0xfffffff0][0xffffff82][0xffffff86][0x10]CH[0xffffffd4][0x18][0xffffff9c][0xffffff9b][0xffffffa9][0xffffff8f][0xffffff81][0xffffff8a]5[0xffffffce][0xfffffffa][0x11][0xffffffa7]a[0xffffffec]b[0xffffffa0]Z[\r][0x4][0xffffffb5][0xffffffae]A[0xffffff80][0x18] Q0[0xffffffa3][0xffffffb1]Lm[0xc]6Q[0xffffffed]G[0xffffffe0]z[0xffffff82][0xffffff89][0xffffffc1]$[0xffffff8a][0xffffff8b][0xffffff83][0x1b][0xffffffc9]X[0xffffffc7]@E[0x1a][0xffffffeb][0xffffffdc][0xffffffba][0xffffffa9]A[0xffffffc5][0xffffffa0][0x12][0xffffffc5]-[0xffffffc5]Uf,cH[0x5][0x1a]<[0x1]X+c[0x11]C[0xffffffaa][0xffffffcf]h1*^'[0x1f][0xffffffa2]O[0xfffffff5]i[0xfffffffc]G[0xfffffff1][0xffffffc8][0xffffffde]G[0xffffff9f][0xffffffea][0xffffffd3][0xffffffca][0xffffff8c][0x1][0xffffff98][0xffffffba][0xffffffe8]Sy[0xffffffca][0xffffff8b][0xffffffd1]{[0xffffffa6][0x10]}*O[0x19][0x1c][0xffffff97][0xffffff97][0xffffffc2][0xffffffdb][0xffffffe8]Sy[0xffffffd2][0xffffffeb][0xffffffd1]sj[0xffffffde]D[0xffffff9f][0xffffffca][0xffffff93][0xffffffc6][0xffffff8d][0xffffff9a][0xffffffd7][0xffffffd8][0xffffffeb][0xffffffe8]Su[0xffffffb4][0xffffff93][0xffffff9a][0xffffff97][0xffffffc2][0xffffffcb][0xffffffe8]S[0x19][0x2]W^[0xffffffea]:[0xffffff9d][0xffffff88][0xffffff9e][0xffffffca][0xffffffd0][0x1]s[0xffffffc1]#T[0xffffffb0][0xb][0xffffffd1][0xffffff85][0xffffff84][0xffffff8d][0x1d]u[0xffffffa5]>:[0xffffff9f]([0xffffff9e][0x1d]<W[0xffffff8c]]tT[0xffffff88][0xfffffff6][0xffffff80][0xffffffdf][0x2][0xffffffa7][0xffffffe1] :H[0x14][0xf][0xffffffb8]Tu[0xc][0x1b][0x1d]U[0xffffffa2][0xffffff9d][0xffffffc3][0x3][0xffffffb6]>m[0xffffffa2]3[0x9]+<[0xffffffbf][0xc]utT[0xffffff89][0x6],[0x8]8e[0xffffffa7][0xffffffa2][0xffffffc2][0x1d][0xffffffe5]H[0xffffffde]E[0xffffff82]"N[0xc][0x2]E[0xffffffbc]7[0xffffffe0])[0xffffffe2][0x15][0x5]G[0x11][0xffffffef]&[0x0]E[0xffffff9c][0xc]X[0xffffff8c][0xffffffea][0x12][0xffffff81][0xffffffa1][0xffffff88][0xffffffd7][0x1c]4E<[0x1f]P.[0xffffffba][0xffffffce]G[0xffffffb9][0xffffffd4]o[0x6]([0x17][0xffffffad][0xffffffef]T[0xffffffed][0xfffffff7][0xffffffe5][0xffffffef][0xfffffff9]t[0xffffffda][0xf][0xffffffbf][0xffffffce][0xffffff97][0xffffffe9]y[0xfffffff9][0xffffffde]H[0xffffffd9][0xffffffcb]t[0xfffffff8][0xffffffba][0xfffffffc][0xffffffab][0xffffff92]]Q[0xffffffca]^P@?[0xffffffbe][0xffffff8c]([0xffffffa9][0xffffffbb][0xffffffb7]<[0xffffffc4][0xffffffae]yaw[0xffffff99]N[0xffffffd3][0xfffffffe]:][0x1f][0xffffff9e][0xfffffff3][0xffffffb8]R[0xffffff89][0xffffff88][0xffffffcb][0xffffff86]kW[0xffffff89][0xc][0x1b][0xffffffe2]7[0xffffffc4]m[0x8]l[0xffffff88][0xffffffdd][0x10][0xffffffb3]!zC[0xffffffd4][0xffffff86][0xffffffc8][\r]I9[0xffffffab]QU"B&[0xffffffeb]3[0xffffffc2]o[0xffffff88][0xffffffdb][0x10][0xffffffd8][0x10][0xffffffbb]!)g[0xffffffd9][0x12][0xffffffbd]!jC[0xffffffe4][0xffffff86][0xffffff88][0xffffff8e][0xffffff84][0xffffffd0][0x3][0xffffffdf][0x3][0xffffffd7][0x3][0xffffffe8][0xffffff81][0xffffffed]A[0xffffff9f]m[0xffffffe8][0xffffff93][\r]}[0xffffffae][0xffffffa1]O5P[0xffffffa6][0xfffffff8]m5`<[0xffffffcd][0xffffffe7][0xffffff8f][0xffffffef][0x19]K[0xffffffc6]>t[0xffffffcf]y[0xffffffdf][0x3][0xffffffd7][0x3][0xffffffe8][0xffffff81][0xffffffed][0xffffff81][0xffffffe9][0x1][0x15][0xffffffa0]|[0x3]T[0xf][0xffffffa8][0x0][0xffffffe5][0x1a] :[0xffffffe0]B[0xf]R[0xffffffa6][0xffffffd0][0x0][0xffffffd7][0x3][0xffffffe8][0xffffff81][0xffffffed][0xffffff81][0xffffffe9][0xffffff81][0xffffffee][0xffffff81][0xffffffea][0xffffff81][0xffffffec][0xffffff81][0xffffffe8][0x0][0xffffff84][0x1e][0xffffffa4]Lm[0x3]R[0xffffffa6][0xffffffa6][0x1][0xffffffd0][0x3][0xffffffdb][0xffffff83][0xffffff94]i[0xfffffff3][0x1][0xffffff81][0xffffffee]A[0xffffffca][0xffffffb4]9[0xfffffff6][0xffffff90]2m[0xe][0x5][0xffffff88][0xe][0xffffffd8][0xffffffd0][0x3][0xffffffdf][0x3][0xffffffd7][0xffffff83][0xffffff94][0xffffffa9]h[0xffffff80]e[0xffffffd0]*[0xffffffdf][0x1f][0xffffffef][0xffffffd3]e[0xffffffdf][0xffffffe8][0xffffffdd]B[0xfffffff1][0xffffffff][0xffffffd1][0xffffffbb][0xfffffff4][0xffffffe0]uy[0xffffffbe]}[0xffffffee]/S[0xffffff8e][0xffffffd8][0xffffffcb][0xfffffff5][0xffffffea][0xffffff97]~L[0xffffff9e]G[0xffffffd2][0xffffffe5][0x5][0x2]//[0xffffff89]ws[0xffffffe1][0xffffffe4][0xfffffff1][0xffffff92][0xffffffa7][\n]"
10:32:19.699 [main] DEBUG org.apache.hc.client5.http.wire -- http-outgoing-28 << "x[0xfffffffb][0xfffffffb][0xffffffc0][0xffffff98],^[0xffffffb2]T[0x1][0xffffffad][0xffffff83][0xffffffd4][0xffffff8a]9Y[0xffffffbc]d[0xffffffa9]<[0xe][0x13][0x1c]crx[0xffffffc9]Q9[0xfffffffc][0xffffff82]$[0xffffffda][0xffffff92][0xffffffc2]E[0xffffffeb] Q[0xffffffcc]2G=h[0xc][0xffffffa4]Te[0x18]T[0xffffff85][0xffffffc6]?z[0xffffffa6][0xffffffee][0xffffffce]=[0xffffffda]B[0xffffffa1][0xfffffff5][0xffffff8e]8Q[0xffffffc1][0xffffffb6][0xffffffb5][0xffffff8e][0xffffffa8][0xfffffff8][0x5][0xffffff9b][0xffffffd6]9[0xffffff86]Re[0xffffffd0][0xffffffad]oD[0xffffffb3][0xffffff91][0xffffffa9]j]#.Z[0xffffffc1][0xffffffb2]5[0xffffff8d][0xffffffe4][0xffffffc7]2[0x16][0xffffffad]g[0xfffffff4][0xffffffa5]p[0x1f]Z[0xffffffc7][0x8]P[0xffffffa8][0xffffffef][0xffffffec]b[0xffffffa6][0xffffffae]5[0xffffff8b]P6[0xffffffc6]Ck[0x15][0xffffffeb][0x12][0xffffffa1][0xffffff88][0xffffffdc]Y[0xffffffc5][0xc]M[0xffffffe3][0x14]}I[0xc][0xffffffc5][0xffffffe4][0xffffffce]'f[0xffffffa8][0xffffffee]mb[0xffffff86][0xffffffb2]q[0xffffff89][0xffffff96][0xffffffe7][0x17][0xffffff8d]I[0xffffffe4]TQ\[0xffffffee],b[0xffffff86][0xffffffbe]s[0xffffff88][0xffffff99][0xffffffba][0xffffffc6] :[0xffffff86][0xffffffd0][0xffffffd8]C_[0xffffffa6]G[0xffffffb5]Y[0xffffffdd]!g[0xffffff8f][0xffffff8a][0xffffffb3][0xffffff9a]C\[0xffffffe0]Buc[0xe][0xffffff81][0x7]U[0xffffff8d]7[0xfffffff4]e[0xffffffc3]Q~VkX7[0xb]5h[0xffffffb5][0xffffff86]|[0xffffffd6]Q[0xffffff87]Vg[0xffffffc8]'[0x1a][0xffffffb5][0xffffffa8]1[0xffffff86][0xffffffb2][0xffffff94][0xffffff8a][0xffffff82][0xffffffd4][0xfffffffa][0xffffffc2]2[0x17][0xffffffaa][0xffffffd2]j[0xb][0x1d][0xffffff8f]j[0x1b]W[0xffffffc8]G[0x19][0xffffffd5]i[0xfffffff5][0xffffff84][0xfffffff5]p[0xffffffa2]D5[0xffffff9e][0xffffff90]?5[0xffffffd4][0xffffffa9][0xffffffc6][0x12][0xffffffd6][0xffffffb9][0xffffff8a][0xffffff95]K[0xffffff81][\r]mP[0xffffff8c]\[0xe][0xffffff8a][0xffffff8f][0xffffffcb]A[0xffffffb1]q9(..[0x7][0xffffffc5][0xffffffc4][0xffffffe5][0xffffffa0]x[0xffffffb8][0x1c][0x14][0xb][0xffffff97][0x3][0xffffff99]=[[0xe]D[0x13][0x18][0xffffffca][0xffffff80]36[0xffffff94][0xffffff81].[0xfffffff3][0x18][0xffffffca]@[0xffffff95][0xffffffc5]0[0xffffff90][0xffffff83];[0xffffffd3]7[0x1f].[0xb])[0xffffffd8][0xfffffff0][0xffffffcb][0xfffffff1]ej4[0xfffffff0][0xffffffed]:![0xfffffff8]O[0x11]<N[0xffffffdf][0xffffffa6][0x13][0xffffff8d]:[0xffffffbe][0xfffffff1][0x8]I[0x11][0xffffffa7][0xfffffff3][0xffffffe3][0xffffffc7]uW[0xffffffd9]#[\r][0xffffffb2][0xffffffbb]-[0xffffffcb][0xffffffe9][0xffffffba][0xfffffffb][0xffffff9c][0xffffffbe][0x14]Q| [0xffffffba][0xfffffff6][0xffffffb5][0xffffffd2][0xffffffe3][0xffffffcd] }[0xffffffa1][0xffffffdc][0xffffffd5]J[0xffffff87][0xffffffa6][0x1b]W2S[0xffffffee]i[0xffffffa5]S[0xffffffe9] g[0xffffffca][0x1d][0xffffffad][0x4][0xffffff90][0xffffffd4]qf[0xffffffca][0xfffffffd][0xffffffac][0xffffffb4]x>p[0xfffffff5][0x12][0xffffffad][0xffffffdd][0xffffffac][0xffffffb4]([0xffffffb4][0xffffffae][0xffffffcc]V{Yi[0x0][0xffffffc7][0xffffff85]B[0xffffffb9][0xffffff93][0xffffffc5][0x1e][0xffffff80][0xffffffee][0xfffffff0][0xc][0xffffffb9][0xffffff8d][0xffffff95][0xffffffda][0xffffffd1][0xffffff8d]Y(7[0xffffffb1][0xffffffd8]"
10:32:19.700 [main] DEBUG org.apache.hc.client5.http.wire -- http-outgoing-28 << "[0xffffff8f]jT[0xffffffb0]B[0xffffffb9][0xffffff85][0xffffff95][\n]"
10:32:19.700 [main] DEBUG org.apache.hc.client5.http.wire -- http-outgoing-28 << "[0xffffffbf]T[0xffffffc7]#p[0x3][0xffffff8b][0x1d][0xffffff87][0xffffffa9]E[0xffffffd4][0xffffffee][0x15]o[0x3]K[0x1d]A[0xffffffa6][0xffffffdc][0xffffffbb]J%[0xffffffc5]:.w[0xffffffae]xYX[0xffffffea][0xffffff9f][0xffffff88]r[0xffffffdf][0xffffff8a][0xffffffd2]OB[0xffffff91]Y[0xffffffe9]Z%UW[0x16][0xffffff86][V,MUV[0x1a]V[0xffffffac][0xffffffc1]TV[0xffffffda]U[0xffffffcc][0xffffffaa][0xffffffce][0xffffffcc][0xffffffcd]j@[0xffffff8d][0xffffffd1]2[0xffffffa3][0xffffffd2][0xffffffa8][0x6]\z][0xffffff9e]*]j[0x10][0xffffffeb][0x4][0xffffffa5]C[0xfffffff5][0xffffffa4]t[0xffffffe5][0xffffffc5][0xffffffd2][0xffffff9d]z,,[0x13][0xffffffee]Li[0xffffffc7][0xfffffff3][0xffffffc6]pW[0xffffffea]pm[0xffffffcb]k[0xffffffdc][0xffffff92][0x2][0xffffff84][0xffffffb2]%[0xffffffdc][0xffffff8e][0x2][0x1e][0x9][0xffffffc8]k[0xffffffc1][0xffffffbd][0xffffffa8][0xffffffa5][0x5].O[0xffffff95]F[0xffffffd4]&[0xffffff83][0xffffff92][0x8]7[0xffffffa1]([\r][0xffffffb6][0xffffffcc][0xffffff87][0xffffffea][0xffffff95][0xffffffd5]3pN[0xffffffdc][0xffffff93][0xffffffe2]=[[0xffffffb6][0xffffffaa][0xfffffff6][0xffffffa3]X1[0xffffff9e][0xffffffbb][0xffffffc4]j3Jg6[0xffffff93][0xffffffd2][0xffffff88]*[0xffffffc7]G[0xffffff87]{P[0xffffffa5]+)[0xfffffffd]'[0xffffffc9]b![0xffffffa5][0xfffffff5][0xffffff94][0x1a]{[0xfffffff3][0xffffff8c][0xffffff8c][0xffffff89][0xffffffef][0xffffff97][0xffffffe9]q>_o[0xfffffffb][0xffffffd3]i:f[0xffffffa8]"[0xffffffd0][0xffffffcd][0xffffffae][0xfffffff3]912[0xffffffa2][0xffffff84][0xffffff81][\n]"
10:32:19.700 [main] DEBUG org.apache.hc.client5.http.wire -- http-outgoing-28 << "[0xffffffb9]|#"[0xffffffea]$[0xffffffde]vy?[0xffffffb4][0xffffff8f][0xfffffff8]a[0x19][0x1d]r[0xffffffa8]Htp[0xffffffa7]}>#[0xffffffd8][0xffffff87][0xffffffd1][0xffffff95][0xffffff8d]z[0xfffffffd][0xfffffff0][0xf][0xffffffe2][0x12][0xffffff8f][0xfffffff4]>[0x13][0x0][0x0]"
10:32:19.700 [main] DEBUG org.apache.hc.client5.http.impl.classic.InternalHttpClient -- ep-0000000029 releasing valid endpoint
10:32:19.700 [main] DEBUG org.apache.hc.client5.http.impl.io.PoolingHttpClientConnectionManager -- ep-0000000029 releasing endpoint
10:32:19.700 [main] DEBUG org.apache.hc.client5.http.impl.io.PoolingHttpClientConnectionManager -- ep-0000000029 connection http-outgoing-28 can be kept alive for 3 MINUTES
10:32:19.700 [main] DEBUG org.apache.hc.client5.http.impl.io.PoolingHttpClientConnectionManager -- ep-0000000029 connection released [route: {s}->https://raw.githubusercontent.com:443][total available: 1; route allocated: 1 of 5; total allocated: 2 of 25]
10:32:19.701 [main] DEBUG io.github.bonigarcia.wdm.versions.VersionDetector -- Driver for chrome120.0.6099.63 not found in online properties (using local versions.properties)
10:32:19.701 [main] DEBUG io.github.bonigarcia.wdm.WebDriverManager -- The driver version for CHROME 120.0.6099.63 is unknown ... trying with latest
10:32:19.705 [main] DEBUG org.apache.hc.client5.http.impl.classic.InternalHttpClient -- ex-0000000030 preparing request execution
10:32:19.705 [main] DEBUG org.apache.hc.client5.http.impl.classic.ProtocolExec -- ex-0000000030 target auth state: UNCHALLENGED
10:32:19.705 [main] DEBUG org.apache.hc.client5.http.impl.classic.ProtocolExec -- ex-0000000030 proxy auth state: UNCHALLENGED
10:32:19.706 [main] DEBUG org.apache.hc.client5.http.impl.classic.ConnectExec -- ex-0000000030 acquiring connection with route {s}->https://googlechromelabs.github.io:443
10:32:19.706 [main] DEBUG org.apache.hc.client5.http.impl.classic.InternalHttpClient -- ex-0000000030 acquiring endpoint (3 MINUTES)
10:32:19.706 [main] DEBUG org.apache.hc.client5.http.impl.io.PoolingHttpClientConnectionManager -- ex-0000000030 endpoint lease request (3 MINUTES) [route: {s}->https://googlechromelabs.github.io:443][total available: 1; route allocated: 1 of 5; total allocated: 2 of 25]
10:32:19.706 [main] DEBUG org.apache.hc.client5.http.impl.io.PoolingHttpClientConnectionManager -- ex-0000000030 endpoint leased [route: {s}->https://googlechromelabs.github.io:443][total available: 1; route allocated: 2 of 5; total allocated: 3 of 25]
10:32:19.706 [main] DEBUG org.apache.hc.client5.http.impl.io.PoolingHttpClientConnectionManager -- ex-0000000030 acquired ep-0000000030
10:32:19.706 [main] DEBUG org.apache.hc.client5.http.impl.classic.InternalHttpClient -- ex-0000000030 acquired endpoint ep-0000000030
10:32:19.706 [main] DEBUG org.apache.hc.client5.http.impl.classic.ConnectExec -- ex-0000000030 opening connection {s}->https://googlechromelabs.github.io:443
10:32:19.706 [main] DEBUG org.apache.hc.client5.http.impl.classic.InternalHttpClient -- ep-0000000030 connecting endpoint (null)
10:32:19.706 [main] DEBUG org.apache.hc.client5.http.impl.io.PoolingHttpClientConnectionManager -- ep-0000000030 connecting endpoint to https://googlechromelabs.github.io:443 (30 SECONDS)
10:32:19.706 [main] DEBUG org.apache.hc.client5.http.impl.io.DefaultHttpClientConnectionOperator -- googlechromelabs.github.io resolving remote address
10:32:19.706 [main] DEBUG org.apache.hc.client5.http.impl.io.DefaultHttpClientConnectionOperator -- googlechromelabs.github.io resolved to [googlechromelabs.github.io/185.199.110.153, googlechromelabs.github.io/185.199.111.153, googlechromelabs.github.io/185.199.108.153, googlechromelabs.github.io/185.199.109.153]
10:32:19.706 [main] DEBUG org.apache.hc.client5.http.impl.io.DefaultHttpClientConnectionOperator -- googlechromelabs.github.io:443 connecting null->googlechromelabs.github.io/185.199.110.153:443 (30 SECONDS)
10:32:19.707 [main] DEBUG org.apache.hc.client5.http.ssl.SSLConnectionSocketFactory -- Connecting socket to googlechromelabs.github.io/185.199.110.153:443 with timeout 30 SECONDS
10:32:19.746 [main] DEBUG org.apache.hc.client5.http.ssl.SSLConnectionSocketFactory -- Enabled protocols: [TLSv1.3, TLSv1.2]
10:32:19.746 [main] DEBUG org.apache.hc.client5.http.ssl.SSLConnectionSocketFactory -- Enabled cipher suites: [TLS_AES_256_GCM_SHA384, TLS_AES_128_GCM_SHA256, TLS_CHACHA20_POLY1305_SHA256, TLS_ECDHE_ECDSA_WITH_AES_256_GCM_SHA384, TLS_ECDHE_ECDSA_WITH_AES_128_GCM_SHA256, TLS_ECDHE_ECDSA_WITH_CHACHA20_POLY1305_SHA256, TLS_ECDHE_RSA_WITH_AES_256_GCM_SHA384, TLS_ECDHE_RSA_WITH_CHACHA20_POLY1305_SHA256, TLS_ECDHE_RSA_WITH_AES_128_GCM_SHA256, TLS_DHE_RSA_WITH_AES_256_GCM_SHA384, TLS_DHE_RSA_WITH_CHACHA20_POLY1305_SHA256, TLS_DHE_DSS_WITH_AES_256_GCM_SHA384, TLS_DHE_RSA_WITH_AES_128_GCM_SHA256, TLS_DHE_DSS_WITH_AES_128_GCM_SHA256, TLS_ECDHE_ECDSA_WITH_AES_256_CBC_SHA384, TLS_ECDHE_RSA_WITH_AES_256_CBC_SHA384, TLS_ECDHE_ECDSA_WITH_AES_128_CBC_SHA256, TLS_ECDHE_RSA_WITH_AES_128_CBC_SHA256, TLS_DHE_RSA_WITH_AES_256_CBC_SHA256, TLS_DHE_DSS_WITH_AES_256_CBC_SHA256, TLS_DHE_RSA_WITH_AES_128_CBC_SHA256, TLS_DHE_DSS_WITH_AES_128_CBC_SHA256, TLS_ECDHE_ECDSA_WITH_AES_256_CBC_SHA, TLS_ECDHE_RSA_WITH_AES_256_CBC_SHA, TLS_ECDHE_ECDSA_WITH_AES_128_CBC_SHA, TLS_ECDHE_RSA_WITH_AES_128_CBC_SHA, TLS_DHE_RSA_WITH_AES_256_CBC_SHA, TLS_DHE_DSS_WITH_AES_256_CBC_SHA, TLS_DHE_RSA_WITH_AES_128_CBC_SHA, TLS_DHE_DSS_WITH_AES_128_CBC_SHA, TLS_RSA_WITH_AES_256_GCM_SHA384, TLS_RSA_WITH_AES_128_GCM_SHA256, TLS_RSA_WITH_AES_256_CBC_SHA256, TLS_RSA_WITH_AES_128_CBC_SHA256, TLS_RSA_WITH_AES_256_CBC_SHA, TLS_RSA_WITH_AES_128_CBC_SHA, TLS_EMPTY_RENEGOTIATION_INFO_SCSV]
10:32:19.746 [main] DEBUG org.apache.hc.client5.http.ssl.SSLConnectionSocketFactory -- Starting handshake (null)
10:32:19.795 [main] DEBUG org.apache.hc.client5.http.ssl.SSLConnectionSocketFactory -- Secure session established
10:32:19.795 [main] DEBUG org.apache.hc.client5.http.ssl.SSLConnectionSocketFactory --  negotiated protocol: TLSv1.3
10:32:19.795 [main] DEBUG org.apache.hc.client5.http.ssl.SSLConnectionSocketFactory --  negotiated cipher suite: TLS_AES_128_GCM_SHA256
10:32:19.795 [main] DEBUG org.apache.hc.client5.http.ssl.SSLConnectionSocketFactory --  peer principal: CN=*.github.io, O="GitHub, Inc.", L=San Francisco, ST=California, C=US
10:32:19.795 [main] DEBUG org.apache.hc.client5.http.ssl.SSLConnectionSocketFactory --  peer alternative names: [*.github.io, github.io, *.github.com, github.com, www.github.com, *.githubusercontent.com, githubusercontent.com]
10:32:19.795 [main] DEBUG org.apache.hc.client5.http.ssl.SSLConnectionSocketFactory --  issuer principal: CN=DigiCert TLS RSA SHA256 2020 CA1, O=DigiCert Inc, C=US
10:32:19.795 [main] DEBUG org.apache.hc.client5.http.impl.io.DefaultManagedHttpClientConnection -- http-outgoing-29 set socket timeout to 3 MINUTES
10:32:19.795 [main] DEBUG org.apache.hc.client5.http.impl.io.DefaultHttpClientConnectionOperator -- googlechromelabs.github.io:443 connected null->googlechromelabs.github.io/185.199.110.153:443 as http-outgoing-29
10:32:19.795 [main] DEBUG org.apache.hc.client5.http.impl.io.PoolingHttpClientConnectionManager -- ep-0000000030 connected http-outgoing-29
10:32:19.795 [main] DEBUG org.apache.hc.client5.http.impl.classic.InternalHttpClient -- ep-0000000030 endpoint connected
10:32:19.795 [main] DEBUG org.apache.hc.client5.http.impl.classic.MainClientExec -- ex-0000000030 executing GET /chrome-for-testing/last-known-good-versions-with-downloads.json HTTP/1.1
10:32:19.795 [main] DEBUG org.apache.hc.client5.http.protocol.RequestAddCookies -- ex-0000000030 Cookie spec selected: strict
10:32:19.795 [main] DEBUG org.apache.hc.client5.http.impl.classic.InternalHttpClient -- ep-0000000030 start execution ex-0000000030
10:32:19.795 [main] DEBUG org.apache.hc.client5.http.impl.io.PoolingHttpClientConnectionManager -- ep-0000000030 executing exchange ex-0000000030 over http-outgoing-29
10:32:19.795 [main] DEBUG org.apache.hc.client5.http.headers -- http-outgoing-29 >> GET /chrome-for-testing/last-known-good-versions-with-downloads.json HTTP/1.1
10:32:19.795 [main] DEBUG org.apache.hc.client5.http.headers -- http-outgoing-29 >> user-agent: Apache-HttpClient/5.0
10:32:19.795 [main] DEBUG org.apache.hc.client5.http.headers -- http-outgoing-29 >> accept-encoding: gzip, deflate, br
10:32:19.795 [main] DEBUG org.apache.hc.client5.http.headers -- http-outgoing-29 >> cache-control: max-age=0
10:32:19.795 [main] DEBUG org.apache.hc.client5.http.headers -- http-outgoing-29 >> connection: keep-alive
10:32:19.795 [main] DEBUG org.apache.hc.client5.http.headers -- http-outgoing-29 >> Host: googlechromelabs.github.io
10:32:19.795 [main] DEBUG org.apache.hc.client5.http.wire -- http-outgoing-29 >> "GET /chrome-for-testing/last-known-good-versions-with-downloads.json HTTP/1.1[\r][\n]"
10:32:19.795 [main] DEBUG org.apache.hc.client5.http.wire -- http-outgoing-29 >> "user-agent: Apache-HttpClient/5.0[\r][\n]"
10:32:19.795 [main] DEBUG org.apache.hc.client5.http.wire -- http-outgoing-29 >> "accept-encoding: gzip, deflate, br[\r][\n]"
10:32:19.795 [main] DEBUG org.apache.hc.client5.http.wire -- http-outgoing-29 >> "cache-control: max-age=0[\r][\n]"
10:32:19.795 [main] DEBUG org.apache.hc.client5.http.wire -- http-outgoing-29 >> "connection: keep-alive[\r][\n]"
10:32:19.795 [main] DEBUG org.apache.hc.client5.http.wire -- http-outgoing-29 >> "Host: googlechromelabs.github.io[\r][\n]"
10:32:19.795 [main] DEBUG org.apache.hc.client5.http.wire -- http-outgoing-29 >> "[\r][\n]"
10:32:19.835 [main] DEBUG org.apache.hc.client5.http.wire -- http-outgoing-29 << "HTTP/1.1 200 OK[\r][\n]"
10:32:19.835 [main] DEBUG org.apache.hc.client5.http.wire -- http-outgoing-29 << "Connection: keep-alive[\r][\n]"
10:32:19.835 [main] DEBUG org.apache.hc.client5.http.wire -- http-outgoing-29 << "Content-Length: 641[\r][\n]"
10:32:19.835 [main] DEBUG org.apache.hc.client5.http.wire -- http-outgoing-29 << "Server: GitHub.com[\r][\n]"
10:32:19.835 [main] DEBUG org.apache.hc.client5.http.wire -- http-outgoing-29 << "Content-Type: application/json; charset=utf-8[\r][\n]"
10:32:19.835 [main] DEBUG org.apache.hc.client5.http.wire -- http-outgoing-29 << "permissions-policy: interest-cohort=()[\r][\n]"
10:32:19.835 [main] DEBUG org.apache.hc.client5.http.wire -- http-outgoing-29 << "x-origin-cache: HIT[\r][\n]"
10:32:19.835 [main] DEBUG org.apache.hc.client5.http.wire -- http-outgoing-29 << "Last-Modified: Thu, 28 Dec 2023 09:09:08 GMT[\r][\n]"
10:32:19.835 [main] DEBUG org.apache.hc.client5.http.wire -- http-outgoing-29 << "Access-Control-Allow-Origin: *[\r][\n]"
10:32:19.835 [main] DEBUG org.apache.hc.client5.http.wire -- http-outgoing-29 << "Strict-Transport-Security: max-age=31556952[\r][\n]"
10:32:19.835 [main] DEBUG org.apache.hc.client5.http.wire -- http-outgoing-29 << "ETag: W/"658d3b34-22ac"[\r][\n]"
10:32:19.835 [main] DEBUG org.apache.hc.client5.http.wire -- http-outgoing-29 << "expires: Thu, 28 Dec 2023 09:19:31 GMT[\r][\n]"
10:32:19.835 [main] DEBUG org.apache.hc.client5.http.wire -- http-outgoing-29 << "Cache-Control: max-age=600[\r][\n]"
10:32:19.835 [main] DEBUG org.apache.hc.client5.http.wire -- http-outgoing-29 << "Content-Encoding: gzip[\r][\n]"
10:32:19.835 [main] DEBUG org.apache.hc.client5.http.wire -- http-outgoing-29 << "x-proxy-cache: HIT[\r][\n]"
10:32:19.835 [main] DEBUG org.apache.hc.client5.http.wire -- http-outgoing-29 << "X-GitHub-Request-Id: AD28:2802F4:8D3D7B:90038F:658D3C18[\r][\n]"
10:32:19.835 [main] DEBUG org.apache.hc.client5.http.wire -- http-outgoing-29 << "Accept-Ranges: bytes[\r][\n]"
10:32:19.835 [main] DEBUG org.apache.hc.client5.http.wire -- http-outgoing-29 << "Date: Thu, 28 Dec 2023 09:32:21 GMT[\r][\n]"
10:32:19.835 [main] DEBUG org.apache.hc.client5.http.wire -- http-outgoing-29 << "Via: 1.1 varnish[\r][\n]"
10:32:19.835 [main] DEBUG org.apache.hc.client5.http.wire -- http-outgoing-29 << "Age: 500[\r][\n]"
10:32:19.835 [main] DEBUG org.apache.hc.client5.http.wire -- http-outgoing-29 << "X-Served-By: cache-mad2200110-MAD[\r][\n]"
10:32:19.835 [main] DEBUG org.apache.hc.client5.http.wire -- http-outgoing-29 << "X-Cache: HIT[\r][\n]"
10:32:19.835 [main] DEBUG org.apache.hc.client5.http.wire -- http-outgoing-29 << "X-Cache-Hits: 1[\r][\n]"
10:32:19.835 [main] DEBUG org.apache.hc.client5.http.wire -- http-outgoing-29 << "X-Timer: S1703755941.325250,VS0,VE1[\r][\n]"
10:32:19.835 [main] DEBUG org.apache.hc.client5.http.wire -- http-outgoing-29 << "Vary: Accept-Encoding[\r][\n]"
10:32:19.836 [main] DEBUG org.apache.hc.client5.http.wire -- http-outgoing-29 << "X-Fastly-Request-ID: c9d59ba61683423ed90672efcb25c9909858c85f[\r][\n]"
10:32:19.836 [main] DEBUG org.apache.hc.client5.http.wire -- http-outgoing-29 << "[\r][\n]"
10:32:19.836 [main] DEBUG org.apache.hc.client5.http.headers -- http-outgoing-29 << HTTP/1.1 200 OK
10:32:19.836 [main] DEBUG org.apache.hc.client5.http.headers -- http-outgoing-29 << Connection: keep-alive
10:32:19.836 [main] DEBUG org.apache.hc.client5.http.headers -- http-outgoing-29 << Content-Length: 641
10:32:19.836 [main] DEBUG org.apache.hc.client5.http.headers -- http-outgoing-29 << Server: GitHub.com
10:32:19.836 [main] DEBUG org.apache.hc.client5.http.headers -- http-outgoing-29 << Content-Type: application/json; charset=utf-8
10:32:19.836 [main] DEBUG org.apache.hc.client5.http.headers -- http-outgoing-29 << permissions-policy: interest-cohort=()
10:32:19.836 [main] DEBUG org.apache.hc.client5.http.headers -- http-outgoing-29 << x-origin-cache: HIT
10:32:19.836 [main] DEBUG org.apache.hc.client5.http.headers -- http-outgoing-29 << Last-Modified: Thu, 28 Dec 2023 09:09:08 GMT
10:32:19.836 [main] DEBUG org.apache.hc.client5.http.headers -- http-outgoing-29 << Access-Control-Allow-Origin: *
10:32:19.836 [main] DEBUG org.apache.hc.client5.http.headers -- http-outgoing-29 << Strict-Transport-Security: max-age=31556952
10:32:19.836 [main] DEBUG org.apache.hc.client5.http.headers -- http-outgoing-29 << ETag: W/"658d3b34-22ac"
10:32:19.836 [main] DEBUG org.apache.hc.client5.http.headers -- http-outgoing-29 << expires: Thu, 28 Dec 2023 09:19:31 GMT
10:32:19.836 [main] DEBUG org.apache.hc.client5.http.headers -- http-outgoing-29 << Cache-Control: max-age=600
10:32:19.836 [main] DEBUG org.apache.hc.client5.http.headers -- http-outgoing-29 << Content-Encoding: gzip
10:32:19.836 [main] DEBUG org.apache.hc.client5.http.headers -- http-outgoing-29 << x-proxy-cache: HIT
10:32:19.836 [main] DEBUG org.apache.hc.client5.http.headers -- http-outgoing-29 << X-GitHub-Request-Id: AD28:2802F4:8D3D7B:90038F:658D3C18
10:32:19.836 [main] DEBUG org.apache.hc.client5.http.headers -- http-outgoing-29 << Accept-Ranges: bytes
10:32:19.836 [main] DEBUG org.apache.hc.client5.http.headers -- http-outgoing-29 << Date: Thu, 28 Dec 2023 09:32:21 GMT
10:32:19.836 [main] DEBUG org.apache.hc.client5.http.headers -- http-outgoing-29 << Via: 1.1 varnish
10:32:19.836 [main] DEBUG org.apache.hc.client5.http.headers -- http-outgoing-29 << Age: 500
10:32:19.836 [main] DEBUG org.apache.hc.client5.http.headers -- http-outgoing-29 << X-Served-By: cache-mad2200110-MAD
10:32:19.836 [main] DEBUG org.apache.hc.client5.http.headers -- http-outgoing-29 << X-Cache: HIT
10:32:19.836 [main] DEBUG org.apache.hc.client5.http.headers -- http-outgoing-29 << X-Cache-Hits: 1
10:32:19.836 [main] DEBUG org.apache.hc.client5.http.headers -- http-outgoing-29 << X-Timer: S1703755941.325250,VS0,VE1
10:32:19.836 [main] DEBUG org.apache.hc.client5.http.headers -- http-outgoing-29 << Vary: Accept-Encoding
10:32:19.836 [main] DEBUG org.apache.hc.client5.http.headers -- http-outgoing-29 << X-Fastly-Request-ID: c9d59ba61683423ed90672efcb25c9909858c85f
10:32:19.836 [main] DEBUG org.apache.hc.client5.http.impl.classic.MainClientExec -- ex-0000000030 connection can be kept alive for 3 MINUTES
10:32:19.837 [main] DEBUG org.apache.hc.client5.http.wire -- http-outgoing-29 << "[0x1f][0xffffff8b][0x8][0x0][0x0][0x0][0x0][0x0][0x0][0x3][0xffffffcd][0xffffff96][0xffffffcb][0xffffff92][0xffffff9b]0[0x10]E[0xfffffff7][0xfffffff9][0xc][0xffffffad]yI8[0xffffff80]Y&[0xfffffff3][0x7][0xffffff93]URY(F[0xffffffb1][0xffffffa9][0x12][0xffffffe0][0x2][0xffffff8d]'[0xffffff89][0xffffff8b][0x7f][0xffffff8f][0xc]2[0xffffffe6]!1+[0xffffffab]Ya[0x1a][0xffffffb9][0xfffffffb]B[0xffffff9d][0xffffffea]:W$[0xfffffff2][0xffffff82]5[0xffffff82][0x16]g[0xffffff94]"[0x12][0xffffff90][0xffffffd0][0xffffffc5][0xffffffc4]%[0xfffffff1]7[0xffffff82][0xffffffd3] I[0xffffffc3][0xffffffc4][0xb][0xffffff83][0xffffffe4];r[0xffffffd0][0xffffffe1]D[0xffffffcb][0xffffff92][0xfffffff1][0x6][0xffffffa5]W[0xfffffff4]*[0xffffffe8]/[0xffffffce]n[0xffffffbf]TU[0xfffffffe]U[0xffffffd5][0x1c]tau[0xffffff93]W[0xffffffa5],a[0x12]x[0xffffff81][0x17][0x5][0xfffffffb][0xffffffbd][0xffffff87][0xffffff83][0xffffffbd]|T[0xffffffb3]K><[0xffffffc3]q[0x18][0x11]Y[0xffffffcc][0xffffffaa][0xfffffff7][0xffffff92]W4k[0xfffffffa]~uU[0xffffffc8][0xffffffce]?[0xffffffae][0xffffffe8][0xffffffcc][0xffffffa9][0xfffffff8]][0xffffffd5][0xffffff85]<[0xffffffcc][0xfffffff3][0xfffffff2][0xffffffed]O[0xffffffb4][0xffffff93][0xffffff87][0xffffffdf][0xffffffea][0xffffffdb][0xffffffac][0xffffff93][0x10][0xffffffe7]&[0xfffffff5]}[0xffffff96][0x1d]Y[0xffffffc6][0xffffffbd][0xffffff82]y[0xffffffc7][0xffffff8b][0xffffffc0][0xffffffde][0xffffffa1]*T[0xffffffc9][0xffffffef][0xfffffffb][0xffffffa8][0xffffff8b]+[0xffffffdb][0xffffffb8]B[0xffffffbe]d^[0x1e][0xfffffffd]i(_[0xffffffb5][0xffffffbe][0xffffff9f]T[0xffffffb7][0xffffffde][0xffffffbf][0xfffffffc][0xffffff8c]Zg[0x12][0xffffffa2][0xffffffa0][0x7][0xffffff97][0xffffffd6][0xffffffc5]sb[0xc][0xffffffcd][0xffffffef]g[0xffffff87][0xffffff82])[0xffffffca][0xffffff93][0xffffffbe][0xffffff87]j=[0xffffff8e]a[0xfffffff8][0x1e][0xffffffef]y[0x19][0xffffff92]gD[0xffffffe8][0x1a][0xffffffdf][0xffffffcf]u7[0xffffff86][0xfffffff1][0xffffffcf][0xfffffff9][0x2]][0xffffffe3][0xffffffd1][0xfffffff8][0xfffffffb][0xffffffdb][0xffffffff]t[0x14][0xffffff9d]Y[0xffffff9d]K[0xffffffc6][0xffffffc1][0x18][0xffffffed][0xffffffc7]o[0xffffff86]T[0x15]g[0x1b][0xffffffbc][0xffffff8e][0xffffffc2]@R[0xffffffab]b[0xffffffc0][0xffffffb2][0xfffffffb][0x8][0xffffffb1] [0xffffffd8]=1[0xffffff9a]q[0xffffffd6]4nsb[0xffffff9c][0xffffff83][0xffffffa1]<[0xffffffcb][0xffffffb1][0x19][0xffffffa6][0xffffffe7][0xffffffb9][0xffffffb6][0x1][0xffffffb7].[0x15]$[0xffffffe5][0xfffffff3]<[0xffffffb0][0xffffffb8]k[0xffffffd2][0xc][0xffffffdc][0xffffffb7][0xffffffad][0xffffff83][0xffffffbe]0A[0xffffffa7][0xffffffc6][0xffffffd2]U[0xffffffa6][0xffffffbe][0xffffff82]o[0xffffffdd]q[0x14]{8[0xffffff9a][0xffffffeb]J[0x18][0xffffffe2] [0xffffff86][0xffffffd0][0xffffff95]Q&@[[0x19][0xffffffa7][0xffffff80][0xffffff94][0xffffff95]y[0xe][0xfffffffb][0xffffffae]2N`_Uf[0xffffffd3][0xffffffe1]M[0xffffffc5][0xffffff8c][0xffffffa7]}QY[0xffffff83][0xffffffd4][0xffffffbe][0xffffffa7][0xffffff98]Q[0xffffffb5][0xffffffab])&`mZ[0xffffff8a][0x9][0xffffffdb][0xffffffad]H[0xffffffca][0xffffffca][0xffffff92][0xffffff85]s[0xffffff94][0xffffffd5][0xffffff9d][0xb][0xffffffa7](++[0x18][0xffffffc6]P[0xffffff8c][0x1b][0x19]BP[0xffffff8c][0xb][0xfffffffa][0x3]?ya[0xffffff97][0xffffffa9][0xffffff9e][0xffffffdc][\n]"
10:32:19.837 [main] DEBUG org.apache.hc.client5.http.wire -- http-outgoing-29 << "S;!][0xffffffeb]D^[0x16]r[0x12][0xffffffc5][0xffffffbb][0x4]BN[0x1e][0xffffff91][0x0][0xffffffdd]d[0x14][0x2]RMf1[0xffffffec][0xffffff9b][0xffffffc9]([0xffffff80]}1[0xffffff99][0xe][0xffffff87][0xfffffff7][0x12]#[0xffffff99][0xfffffff6][0xffffffb5]d[0xffffff85]O[0xfffffffb]Vb[0xffffffa4][0xffffffd4][0xffffffae][0xffffff94][0x18]X[0xffffffb5][0xffffffe9]$[0x6]b[0xffffffb7][0xffffffa2]$[0xffffffe6][0xffffffd5][\n]"
10:32:19.837 [main] DEBUG org.apache.hc.client5.http.wire -- http-outgoing-29 << "g$k[0xffffff9b][0x16]NH[0xffffffcc][0xffffff8b][0x17][0xffffffc6]GL{[0x18]BGLk[0xfffffff9][0x3][0x1b][0xfffffff9]JKZ[0xffffffff][0xffffff9d][\n]"
10:32:19.837 [main] DEBUG org.apache.hc.client5.http.wire -- http-outgoing-29 << "[0xffffff89][0xffffffaa]i[0xffffff9c][0xffffff84]`[0xffffffbc]t[0xffffff92][0x1d][0xffffffc6][0xffffff9f]C0'[0xffffffe9]"A;I[0x1f][0x2][0xffffffdc]I[0x1e]1[0xffffff80][0xffffff9c][0xffffffa4][0xf][0x0][0xffffffe4]$[0xffffffc3][0xfffffff0][0xffffff8d]8[0xffffff89][0xffffff8e]L '[0xffffffd1][0xfffffff3][0x9][0xffffffe4]$:J[0x1][0xffffff9c]d[0xffffffc9][0xffffffaa]u'Y[0x12][0xffffffbb])'[0xffffffd1][0xffffffae]V`'1lZ`'[0xffffffd1].^@'[0xffffffd1][0xffffffec]a0'[0xffffffd1][0xffffffac][0xffffffe5]U'i[0xffffffdb]O[0xffffffff][0x1][0xffffffee][0xffffffde][0xffffffae][0xffffffb2][0xffffffac]"[0x0][0x0]"
10:32:19.840 [main] DEBUG org.apache.hc.client5.http.impl.classic.InternalHttpClient -- ep-0000000030 releasing valid endpoint
10:32:19.840 [main] DEBUG org.apache.hc.client5.http.impl.io.PoolingHttpClientConnectionManager -- ep-0000000030 releasing endpoint
10:32:19.840 [main] DEBUG org.apache.hc.client5.http.impl.io.PoolingHttpClientConnectionManager -- ep-0000000030 connection http-outgoing-29 can be kept alive for 3 MINUTES
10:32:19.840 [main] DEBUG org.apache.hc.client5.http.impl.io.PoolingHttpClientConnectionManager -- ep-0000000030 connection released [route: {s}->https://googlechromelabs.github.io:443][total available: 2; route allocated: 2 of 5; total allocated: 3 of 25]
10:32:19.854 [main] DEBUG io.github.bonigarcia.wdm.WebDriverManager -- Driver chromedriver 120.0.6099.109 found in cache
10:32:19.855 [main] INFO io.github.bonigarcia.wdm.WebDriverManager -- Exporting webdriver.chrome.driver as C:\Users\info\.cache\selenium\chromedriver\win64\120.0.6099.109\chromedriver.exe
Inside Step - user is on the login page
  Given the user is on the login page for login                                         # com.sdetadda.allure.Login.the_user_is_on_the_login_page_for_login()
Inside Step - user enters email and password
  When the user enters valid information "zakarialahssaini3@gmail.com" and "Zakaria-@2" # com.sdetadda.allure.Login.the_user_enters_valid_information(java.lang.String,java.lang.String)
Inside Step - user clicks login button
  And the user clicks the login button for login                                        # com.sdetadda.allure.Login.the_user_clicks_the_login_button_for_login()
Inside Step - user should not navigate to home page
  Then the user should navigated to the home page                                       # com.sdetadda.allure.Login.the_user_should_navigated_to_the_home_page()
]]></system-out>
  </testcase>
  <testcase name="Check registration success with valid information" classname="Test the registration functionality" time="10.644">
    <error message="no such window: target window already closed&#10;from unknown error: web view not found&#10;  (Session info: chrome=120.0.6099.130)&#10;Build info: version: &apos;4.16.1&apos;, revision: &apos;9b4c83354e&apos;&#10;System info: os.name: &apos;Windows 10&apos;, os.arch: &apos;amd64&apos;, os.version: &apos;10.0&apos;, java.version: &apos;21.0.1&apos;&#10;Driver info: org.openqa.selenium.chrome.ChromeDriver&#10;Command: [a18a8a6c7f44530504870d71956b75a6, findElement {using=name, value=firstname}]&#10;Capabilities {acceptInsecureCerts: false, browserName: chrome, browserVersion: 120.0.6099.130, chrome: {chromedriverVersion: 120.0.6099.109 (3419140ab66..., userDataDir: C:\Users\info\AppData\Local...}, fedcm:accounts: true, goog:chromeOptions: {debuggerAddress: localhost:52161}, networkConnectionEnabled: false, pageLoadStrategy: normal, platformName: windows, proxy: Proxy(), se:cdp: ws://localhost:52161/devtoo..., se:cdpVersion: 120.0.6099.130, setWindowRect: true, strictFileInteractability: false, timeouts: {implicit: 0, pageLoad: 300000, script: 30000}, unhandledPromptBehavior: dismiss and notify, webauthn:extension:credBlob: true, webauthn:extension:largeBlob: true, webauthn:extension:minPinLength: true, webauthn:extension:prf: true, webauthn:virtualAuthenticators: true}&#10;Session ID: a18a8a6c7f44530504870d71956b75a6" type="org.openqa.selenium.NoSuchWindowException"><![CDATA[org.openqa.selenium.NoSuchWindowException: 
no such window: target window already closed
from unknown error: web view not found
  (Session info: chrome=120.0.6099.130)
Build info: version: '4.16.1', revision: '9b4c83354e'
System info: os.name: 'Windows 10', os.arch: 'amd64', os.version: '10.0', java.version: '21.0.1'
Driver info: org.openqa.selenium.chrome.ChromeDriver
Command: [a18a8a6c7f44530504870d71956b75a6, findElement {using=name, value=firstname}]
Capabilities {acceptInsecureCerts: false, browserName: chrome, browserVersion: 120.0.6099.130, chrome: {chromedriverVersion: 120.0.6099.109 (3419140ab66..., userDataDir: C:\Users\info\AppData\Local...}, fedcm:accounts: true, goog:chromeOptions: {debuggerAddress: localhost:52161}, networkConnectionEnabled: false, pageLoadStrategy: normal, platformName: windows, proxy: Proxy(), se:cdp: ws://localhost:52161/devtoo..., se:cdpVersion: 120.0.6099.130, setWindowRect: true, strictFileInteractability: false, timeouts: {implicit: 0, pageLoad: 300000, script: 30000}, unhandledPromptBehavior: dismiss and notify, webauthn:extension:credBlob: true, webauthn:extension:largeBlob: true, webauthn:extension:minPinLength: true, webauthn:extension:prf: true, webauthn:virtualAuthenticators: true}
Session ID: a18a8a6c7f44530504870d71956b75a6
	at java.base/jdk.internal.reflect.DirectConstructorHandleAccessor.newInstance(DirectConstructorHandleAccessor.java:62)
	at java.base/java.lang.reflect.Constructor.newInstanceWithCaller(Constructor.java:502)
	at java.base/java.lang.reflect.Constructor.newInstance(Constructor.java:486)
	at org.openqa.selenium.remote.codec.w3c.W3CHttpResponseCodec.createException(W3CHttpResponseCodec.java:200)
	at org.openqa.selenium.remote.codec.w3c.W3CHttpResponseCodec.decode(W3CHttpResponseCodec.java:133)
	at org.openqa.selenium.remote.codec.w3c.W3CHttpResponseCodec.decode(W3CHttpResponseCodec.java:52)
	at org.openqa.selenium.remote.HttpCommandExecutor.execute(HttpCommandExecutor.java:191)
	at org.openqa.selenium.remote.service.DriverCommandExecutor.invokeExecute(DriverCommandExecutor.java:200)
	at org.openqa.selenium.remote.service.DriverCommandExecutor.execute(DriverCommandExecutor.java:175)
	at org.openqa.selenium.remote.RemoteWebDriver.execute(RemoteWebDriver.java:523)
	at org.openqa.selenium.remote.ElementLocation$ElementFinder$2.findElement(ElementLocation.java:165)
	at org.openqa.selenium.remote.ElementLocation.findElement(ElementLocation.java:66)
	at org.openqa.selenium.remote.RemoteWebDriver.findElement(RemoteWebDriver.java:360)
	at org.openqa.selenium.remote.RemoteWebDriver.findElement(RemoteWebDriver.java:354)
	at com.sdetadda.allure.RegistreSteps.the_user_enters_their_email_password_and_confirms_the_password(RegistreSteps.java:45)
	at ✽.the user enters their email, password, and confirms the password(file:///C:/Users/info/eclipse-workspace/AllureReportDemo/src/test/resources/Features/Registre.feature:16)
]]></error>
    <system-out><![CDATA[
@google @search @severity=blocker @issue=6 @tmsLink=45678
Scenario: Check registration success with valid information            # src/test/resources/Features/Registre.feature:11
10:32:29.378 [main] DEBUG io.github.bonigarcia.wdm.WebDriverManager -- Using WebDriverManager 5.6.2
10:32:29.406 [main] WARN io.github.bonigarcia.wdm.versions.VersionDetector -- Exception reading CfT URL ('null') to get version of chromedriver (For input string: "120.0.6099.63")
10:32:29.406 [main] DEBUG org.apache.hc.client5.http.impl.classic.InternalHttpClient -- ex-0000000031 preparing request execution
10:32:29.407 [main] DEBUG org.apache.hc.client5.http.impl.classic.ProtocolExec -- ex-0000000031 target auth state: UNCHALLENGED
10:32:29.407 [main] DEBUG org.apache.hc.client5.http.impl.classic.ProtocolExec -- ex-0000000031 proxy auth state: UNCHALLENGED
10:32:29.407 [main] DEBUG org.apache.hc.client5.http.impl.classic.ConnectExec -- ex-0000000031 acquiring connection with route {s}->https://googlechromelabs.github.io:443
10:32:29.407 [main] DEBUG org.apache.hc.client5.http.impl.classic.InternalHttpClient -- ex-0000000031 acquiring endpoint (3 MINUTES)
10:32:29.407 [main] DEBUG org.apache.hc.client5.http.impl.io.PoolingHttpClientConnectionManager -- ex-0000000031 endpoint lease request (3 MINUTES) [route: {s}->https://googlechromelabs.github.io:443][total available: 0; route allocated: 0 of 5; total allocated: 0 of 25]
10:32:29.407 [main] DEBUG org.apache.hc.client5.http.impl.io.PoolingHttpClientConnectionManager -- ex-0000000031 endpoint leased [route: {s}->https://googlechromelabs.github.io:443][total available: 0; route allocated: 1 of 5; total allocated: 1 of 25]
10:32:29.407 [main] DEBUG org.apache.hc.client5.http.impl.io.PoolingHttpClientConnectionManager -- ex-0000000031 acquired ep-0000000031
10:32:29.407 [main] DEBUG org.apache.hc.client5.http.impl.classic.InternalHttpClient -- ex-0000000031 acquired endpoint ep-0000000031
10:32:29.407 [main] DEBUG org.apache.hc.client5.http.impl.classic.ConnectExec -- ex-0000000031 opening connection {s}->https://googlechromelabs.github.io:443
10:32:29.407 [main] DEBUG org.apache.hc.client5.http.impl.classic.InternalHttpClient -- ep-0000000031 connecting endpoint (null)
10:32:29.407 [main] DEBUG org.apache.hc.client5.http.impl.io.PoolingHttpClientConnectionManager -- ep-0000000031 connecting endpoint to https://googlechromelabs.github.io:443 (30 SECONDS)
10:32:29.407 [main] DEBUG org.apache.hc.client5.http.impl.io.DefaultHttpClientConnectionOperator -- googlechromelabs.github.io resolving remote address
10:32:29.407 [main] DEBUG org.apache.hc.client5.http.impl.io.DefaultHttpClientConnectionOperator -- googlechromelabs.github.io resolved to [googlechromelabs.github.io/185.199.110.153, googlechromelabs.github.io/185.199.111.153, googlechromelabs.github.io/185.199.108.153, googlechromelabs.github.io/185.199.109.153]
10:32:29.407 [main] DEBUG org.apache.hc.client5.http.impl.io.DefaultHttpClientConnectionOperator -- googlechromelabs.github.io:443 connecting null->googlechromelabs.github.io/185.199.110.153:443 (30 SECONDS)
10:32:29.407 [main] DEBUG org.apache.hc.client5.http.ssl.SSLConnectionSocketFactory -- Connecting socket to googlechromelabs.github.io/185.199.110.153:443 with timeout 30 SECONDS
10:32:29.448 [main] DEBUG org.apache.hc.client5.http.ssl.SSLConnectionSocketFactory -- Enabled protocols: [TLSv1.3, TLSv1.2]
10:32:29.448 [main] DEBUG org.apache.hc.client5.http.ssl.SSLConnectionSocketFactory -- Enabled cipher suites: [TLS_AES_256_GCM_SHA384, TLS_AES_128_GCM_SHA256, TLS_CHACHA20_POLY1305_SHA256, TLS_ECDHE_ECDSA_WITH_AES_256_GCM_SHA384, TLS_ECDHE_ECDSA_WITH_AES_128_GCM_SHA256, TLS_ECDHE_ECDSA_WITH_CHACHA20_POLY1305_SHA256, TLS_ECDHE_RSA_WITH_AES_256_GCM_SHA384, TLS_ECDHE_RSA_WITH_CHACHA20_POLY1305_SHA256, TLS_ECDHE_RSA_WITH_AES_128_GCM_SHA256, TLS_DHE_RSA_WITH_AES_256_GCM_SHA384, TLS_DHE_RSA_WITH_CHACHA20_POLY1305_SHA256, TLS_DHE_DSS_WITH_AES_256_GCM_SHA384, TLS_DHE_RSA_WITH_AES_128_GCM_SHA256, TLS_DHE_DSS_WITH_AES_128_GCM_SHA256, TLS_ECDHE_ECDSA_WITH_AES_256_CBC_SHA384, TLS_ECDHE_RSA_WITH_AES_256_CBC_SHA384, TLS_ECDHE_ECDSA_WITH_AES_128_CBC_SHA256, TLS_ECDHE_RSA_WITH_AES_128_CBC_SHA256, TLS_DHE_RSA_WITH_AES_256_CBC_SHA256, TLS_DHE_DSS_WITH_AES_256_CBC_SHA256, TLS_DHE_RSA_WITH_AES_128_CBC_SHA256, TLS_DHE_DSS_WITH_AES_128_CBC_SHA256, TLS_ECDHE_ECDSA_WITH_AES_256_CBC_SHA, TLS_ECDHE_RSA_WITH_AES_256_CBC_SHA, TLS_ECDHE_ECDSA_WITH_AES_128_CBC_SHA, TLS_ECDHE_RSA_WITH_AES_128_CBC_SHA, TLS_DHE_RSA_WITH_AES_256_CBC_SHA, TLS_DHE_DSS_WITH_AES_256_CBC_SHA, TLS_DHE_RSA_WITH_AES_128_CBC_SHA, TLS_DHE_DSS_WITH_AES_128_CBC_SHA, TLS_RSA_WITH_AES_256_GCM_SHA384, TLS_RSA_WITH_AES_128_GCM_SHA256, TLS_RSA_WITH_AES_256_CBC_SHA256, TLS_RSA_WITH_AES_128_CBC_SHA256, TLS_RSA_WITH_AES_256_CBC_SHA, TLS_RSA_WITH_AES_128_CBC_SHA, TLS_EMPTY_RENEGOTIATION_INFO_SCSV]
10:32:29.448 [main] DEBUG org.apache.hc.client5.http.ssl.SSLConnectionSocketFactory -- Starting handshake (null)
10:32:29.499 [main] DEBUG org.apache.hc.client5.http.ssl.SSLConnectionSocketFactory -- Secure session established
10:32:29.499 [main] DEBUG org.apache.hc.client5.http.ssl.SSLConnectionSocketFactory --  negotiated protocol: TLSv1.3
10:32:29.499 [main] DEBUG org.apache.hc.client5.http.ssl.SSLConnectionSocketFactory --  negotiated cipher suite: TLS_AES_128_GCM_SHA256
10:32:29.499 [main] DEBUG org.apache.hc.client5.http.ssl.SSLConnectionSocketFactory --  peer principal: CN=*.github.io, O="GitHub, Inc.", L=San Francisco, ST=California, C=US
10:32:29.499 [main] DEBUG org.apache.hc.client5.http.ssl.SSLConnectionSocketFactory --  peer alternative names: [*.github.io, github.io, *.github.com, github.com, www.github.com, *.githubusercontent.com, githubusercontent.com]
10:32:29.499 [main] DEBUG org.apache.hc.client5.http.ssl.SSLConnectionSocketFactory --  issuer principal: CN=DigiCert TLS RSA SHA256 2020 CA1, O=DigiCert Inc, C=US
10:32:29.499 [main] DEBUG org.apache.hc.client5.http.impl.io.DefaultManagedHttpClientConnection -- http-outgoing-30 set socket timeout to 3 MINUTES
10:32:29.499 [main] DEBUG org.apache.hc.client5.http.impl.io.DefaultHttpClientConnectionOperator -- googlechromelabs.github.io:443 connected null->googlechromelabs.github.io/185.199.110.153:443 as http-outgoing-30
10:32:29.499 [main] DEBUG org.apache.hc.client5.http.impl.io.PoolingHttpClientConnectionManager -- ep-0000000031 connected http-outgoing-30
10:32:29.499 [main] DEBUG org.apache.hc.client5.http.impl.classic.InternalHttpClient -- ep-0000000031 endpoint connected
10:32:29.499 [main] DEBUG org.apache.hc.client5.http.impl.classic.MainClientExec -- ex-0000000031 executing GET /chrome-for-testing/LATEST_RELEASE_120.0.6099.63 HTTP/1.1
10:32:29.499 [main] DEBUG org.apache.hc.client5.http.protocol.RequestAddCookies -- ex-0000000031 Cookie spec selected: strict
10:32:29.499 [main] DEBUG org.apache.hc.client5.http.impl.classic.InternalHttpClient -- ep-0000000031 start execution ex-0000000031
10:32:29.499 [main] DEBUG org.apache.hc.client5.http.impl.io.PoolingHttpClientConnectionManager -- ep-0000000031 executing exchange ex-0000000031 over http-outgoing-30
10:32:29.499 [main] DEBUG org.apache.hc.client5.http.headers -- http-outgoing-30 >> GET /chrome-for-testing/LATEST_RELEASE_120.0.6099.63 HTTP/1.1
10:32:29.499 [main] DEBUG org.apache.hc.client5.http.headers -- http-outgoing-30 >> user-agent: Apache-HttpClient/5.0
10:32:29.499 [main] DEBUG org.apache.hc.client5.http.headers -- http-outgoing-30 >> accept-encoding: gzip, deflate, br
10:32:29.499 [main] DEBUG org.apache.hc.client5.http.headers -- http-outgoing-30 >> cache-control: max-age=0
10:32:29.499 [main] DEBUG org.apache.hc.client5.http.headers -- http-outgoing-30 >> connection: keep-alive
10:32:29.499 [main] DEBUG org.apache.hc.client5.http.headers -- http-outgoing-30 >> Host: googlechromelabs.github.io
10:32:29.499 [main] DEBUG org.apache.hc.client5.http.wire -- http-outgoing-30 >> "GET /chrome-for-testing/LATEST_RELEASE_120.0.6099.63 HTTP/1.1[\r][\n]"
10:32:29.499 [main] DEBUG org.apache.hc.client5.http.wire -- http-outgoing-30 >> "user-agent: Apache-HttpClient/5.0[\r][\n]"
10:32:29.499 [main] DEBUG org.apache.hc.client5.http.wire -- http-outgoing-30 >> "accept-encoding: gzip, deflate, br[\r][\n]"
10:32:29.499 [main] DEBUG org.apache.hc.client5.http.wire -- http-outgoing-30 >> "cache-control: max-age=0[\r][\n]"
10:32:29.499 [main] DEBUG org.apache.hc.client5.http.wire -- http-outgoing-30 >> "connection: keep-alive[\r][\n]"
10:32:29.499 [main] DEBUG org.apache.hc.client5.http.wire -- http-outgoing-30 >> "Host: googlechromelabs.github.io[\r][\n]"
10:32:29.499 [main] DEBUG org.apache.hc.client5.http.wire -- http-outgoing-30 >> "[\r][\n]"
10:32:29.540 [main] DEBUG org.apache.hc.client5.http.wire -- http-outgoing-30 << "HTTP/1.1 404 Not Found[\r][\n]"
10:32:29.541 [main] DEBUG org.apache.hc.client5.http.wire -- http-outgoing-30 << "Connection: keep-alive[\r][\n]"
10:32:29.541 [main] DEBUG org.apache.hc.client5.http.wire -- http-outgoing-30 << "Content-Length: 5254[\r][\n]"
10:32:29.541 [main] DEBUG org.apache.hc.client5.http.wire -- http-outgoing-30 << "Server: GitHub.com[\r][\n]"
10:32:29.541 [main] DEBUG org.apache.hc.client5.http.wire -- http-outgoing-30 << "Content-Type: text/html; charset=utf-8[\r][\n]"
10:32:29.541 [main] DEBUG org.apache.hc.client5.http.wire -- http-outgoing-30 << "permissions-policy: interest-cohort=()[\r][\n]"
10:32:29.541 [main] DEBUG org.apache.hc.client5.http.wire -- http-outgoing-30 << "x-origin-cache: HIT[\r][\n]"
10:32:29.541 [main] DEBUG org.apache.hc.client5.http.wire -- http-outgoing-30 << "Access-Control-Allow-Origin: *[\r][\n]"
10:32:29.541 [main] DEBUG org.apache.hc.client5.http.wire -- http-outgoing-30 << "Strict-Transport-Security: max-age=31556952[\r][\n]"
10:32:29.541 [main] DEBUG org.apache.hc.client5.http.wire -- http-outgoing-30 << "ETag: W/"64d39a40-24a3"[\r][\n]"
10:32:29.541 [main] DEBUG org.apache.hc.client5.http.wire -- http-outgoing-30 << "Content-Security-Policy: default-src 'none'; style-src 'unsafe-inline'; img-src data:; connect-src 'self'[\r][\n]"
10:32:29.541 [main] DEBUG org.apache.hc.client5.http.wire -- http-outgoing-30 << "Content-Encoding: gzip[\r][\n]"
10:32:29.541 [main] DEBUG org.apache.hc.client5.http.wire -- http-outgoing-30 << "x-proxy-cache: MISS[\r][\n]"
10:32:29.541 [main] DEBUG org.apache.hc.client5.http.wire -- http-outgoing-30 << "X-GitHub-Request-Id: D770:36888F:8DAD80:90719A:658D4063[\r][\n]"
10:32:29.541 [main] DEBUG org.apache.hc.client5.http.wire -- http-outgoing-30 << "Accept-Ranges: bytes[\r][\n]"
10:32:29.541 [main] DEBUG org.apache.hc.client5.http.wire -- http-outgoing-30 << "Date: Thu, 28 Dec 2023 09:32:31 GMT[\r][\n]"
10:32:29.541 [main] DEBUG org.apache.hc.client5.http.wire -- http-outgoing-30 << "Via: 1.1 varnish[\r][\n]"
10:32:29.541 [main] DEBUG org.apache.hc.client5.http.wire -- http-outgoing-30 << "Age: 75[\r][\n]"
10:32:29.541 [main] DEBUG org.apache.hc.client5.http.wire -- http-outgoing-30 << "X-Served-By: cache-mad2200112-MAD[\r][\n]"
10:32:29.541 [main] DEBUG org.apache.hc.client5.http.wire -- http-outgoing-30 << "X-Cache: HIT[\r][\n]"
10:32:29.542 [main] DEBUG org.apache.hc.client5.http.wire -- http-outgoing-30 << "X-Cache-Hits: 1[\r][\n]"
10:32:29.542 [main] DEBUG org.apache.hc.client5.http.wire -- http-outgoing-30 << "X-Timer: S1703755951.033364,VS0,VE1[\r][\n]"
10:32:29.542 [main] DEBUG org.apache.hc.client5.http.wire -- http-outgoing-30 << "Vary: Accept-Encoding[\r][\n]"
10:32:29.542 [main] DEBUG org.apache.hc.client5.http.wire -- http-outgoing-30 << "X-Fastly-Request-ID: 739ef1f4e96cc40d09a765e8694b810c84fabf2c[\r][\n]"
10:32:29.542 [main] DEBUG org.apache.hc.client5.http.wire -- http-outgoing-30 << "[\r][\n]"
10:32:29.542 [main] DEBUG org.apache.hc.client5.http.headers -- http-outgoing-30 << HTTP/1.1 404 Not Found
10:32:29.542 [main] DEBUG org.apache.hc.client5.http.headers -- http-outgoing-30 << Connection: keep-alive
10:32:29.542 [main] DEBUG org.apache.hc.client5.http.headers -- http-outgoing-30 << Content-Length: 5254
10:32:29.542 [main] DEBUG org.apache.hc.client5.http.headers -- http-outgoing-30 << Server: GitHub.com
10:32:29.542 [main] DEBUG org.apache.hc.client5.http.headers -- http-outgoing-30 << Content-Type: text/html; charset=utf-8
10:32:29.542 [main] DEBUG org.apache.hc.client5.http.headers -- http-outgoing-30 << permissions-policy: interest-cohort=()
10:32:29.542 [main] DEBUG org.apache.hc.client5.http.headers -- http-outgoing-30 << x-origin-cache: HIT
10:32:29.542 [main] DEBUG org.apache.hc.client5.http.headers -- http-outgoing-30 << Access-Control-Allow-Origin: *
10:32:29.542 [main] DEBUG org.apache.hc.client5.http.headers -- http-outgoing-30 << Strict-Transport-Security: max-age=31556952
10:32:29.542 [main] DEBUG org.apache.hc.client5.http.headers -- http-outgoing-30 << ETag: W/"64d39a40-24a3"
10:32:29.542 [main] DEBUG org.apache.hc.client5.http.headers -- http-outgoing-30 << Content-Security-Policy: default-src 'none'; style-src 'unsafe-inline'; img-src data:; connect-src 'self'
10:32:29.542 [main] DEBUG org.apache.hc.client5.http.headers -- http-outgoing-30 << Content-Encoding: gzip
10:32:29.542 [main] DEBUG org.apache.hc.client5.http.headers -- http-outgoing-30 << x-proxy-cache: MISS
10:32:29.542 [main] DEBUG org.apache.hc.client5.http.headers -- http-outgoing-30 << X-GitHub-Request-Id: D770:36888F:8DAD80:90719A:658D4063
10:32:29.542 [main] DEBUG org.apache.hc.client5.http.headers -- http-outgoing-30 << Accept-Ranges: bytes
10:32:29.542 [main] DEBUG org.apache.hc.client5.http.headers -- http-outgoing-30 << Date: Thu, 28 Dec 2023 09:32:31 GMT
10:32:29.542 [main] DEBUG org.apache.hc.client5.http.headers -- http-outgoing-30 << Via: 1.1 varnish
10:32:29.542 [main] DEBUG org.apache.hc.client5.http.headers -- http-outgoing-30 << Age: 75
10:32:29.542 [main] DEBUG org.apache.hc.client5.http.headers -- http-outgoing-30 << X-Served-By: cache-mad2200112-MAD
10:32:29.542 [main] DEBUG org.apache.hc.client5.http.headers -- http-outgoing-30 << X-Cache: HIT
10:32:29.542 [main] DEBUG org.apache.hc.client5.http.headers -- http-outgoing-30 << X-Cache-Hits: 1
10:32:29.542 [main] DEBUG org.apache.hc.client5.http.headers -- http-outgoing-30 << X-Timer: S1703755951.033364,VS0,VE1
10:32:29.542 [main] DEBUG org.apache.hc.client5.http.headers -- http-outgoing-30 << Vary: Accept-Encoding
10:32:29.542 [main] DEBUG org.apache.hc.client5.http.headers -- http-outgoing-30 << X-Fastly-Request-ID: 739ef1f4e96cc40d09a765e8694b810c84fabf2c
10:32:29.542 [main] DEBUG org.apache.hc.client5.http.impl.classic.MainClientExec -- ex-0000000031 connection can be kept alive for 3 MINUTES
10:32:29.543 [main] ERROR io.github.bonigarcia.wdm.online.HttpClient -- Error HTTP 404 executing https://googlechromelabs.github.io/chrome-for-testing/LATEST_RELEASE_120.0.6099.63
10:32:29.543 [main] WARN io.github.bonigarcia.wdm.versions.VersionDetector -- Exception reading https://googlechromelabs.github.io/chrome-for-testing/LATEST_RELEASE_120.0.6099.63 to get latest version of chromedriver (Error HTTP 404 executing https://googlechromelabs.github.io/chrome-for-testing/LATEST_RELEASE_120.0.6099.63)
10:32:29.543 [main] DEBUG io.github.bonigarcia.wdm.versions.VersionDetector -- Getting driver version for chrome120.0.6099.63 from online versions.properties
10:32:29.544 [main] DEBUG org.apache.hc.client5.http.impl.classic.InternalHttpClient -- ex-0000000032 preparing request execution
10:32:29.544 [main] DEBUG org.apache.hc.client5.http.impl.classic.ProtocolExec -- ex-0000000032 target auth state: UNCHALLENGED
10:32:29.544 [main] DEBUG org.apache.hc.client5.http.impl.classic.ProtocolExec -- ex-0000000032 proxy auth state: UNCHALLENGED
10:32:29.544 [main] DEBUG org.apache.hc.client5.http.impl.classic.ConnectExec -- ex-0000000032 acquiring connection with route {s}->https://raw.githubusercontent.com:443
10:32:29.544 [main] DEBUG org.apache.hc.client5.http.impl.classic.InternalHttpClient -- ex-0000000032 acquiring endpoint (3 MINUTES)
10:32:29.544 [main] DEBUG org.apache.hc.client5.http.impl.io.PoolingHttpClientConnectionManager -- ex-0000000032 endpoint lease request (3 MINUTES) [route: {s}->https://raw.githubusercontent.com:443][total available: 0; route allocated: 0 of 5; total allocated: 1 of 25]
10:32:29.544 [main] DEBUG org.apache.hc.client5.http.impl.io.PoolingHttpClientConnectionManager -- ex-0000000032 endpoint leased [route: {s}->https://raw.githubusercontent.com:443][total available: 0; route allocated: 1 of 5; total allocated: 2 of 25]
10:32:29.545 [main] DEBUG org.apache.hc.client5.http.impl.io.PoolingHttpClientConnectionManager -- ex-0000000032 acquired ep-0000000032
10:32:29.545 [main] DEBUG org.apache.hc.client5.http.impl.classic.InternalHttpClient -- ex-0000000032 acquired endpoint ep-0000000032
10:32:29.545 [main] DEBUG org.apache.hc.client5.http.impl.classic.ConnectExec -- ex-0000000032 opening connection {s}->https://raw.githubusercontent.com:443
10:32:29.545 [main] DEBUG org.apache.hc.client5.http.impl.classic.InternalHttpClient -- ep-0000000032 connecting endpoint (null)
10:32:29.545 [main] DEBUG org.apache.hc.client5.http.impl.io.PoolingHttpClientConnectionManager -- ep-0000000032 connecting endpoint to https://raw.githubusercontent.com:443 (30 SECONDS)
10:32:29.545 [main] DEBUG org.apache.hc.client5.http.impl.io.DefaultHttpClientConnectionOperator -- raw.githubusercontent.com resolving remote address
10:32:29.545 [main] DEBUG org.apache.hc.client5.http.impl.io.DefaultHttpClientConnectionOperator -- raw.githubusercontent.com resolved to [raw.githubusercontent.com/185.199.109.133, raw.githubusercontent.com/185.199.110.133, raw.githubusercontent.com/185.199.108.133, raw.githubusercontent.com/185.199.111.133]
10:32:29.545 [main] DEBUG org.apache.hc.client5.http.impl.io.DefaultHttpClientConnectionOperator -- raw.githubusercontent.com:443 connecting null->raw.githubusercontent.com/185.199.109.133:443 (30 SECONDS)
10:32:29.545 [main] DEBUG org.apache.hc.client5.http.ssl.SSLConnectionSocketFactory -- Connecting socket to raw.githubusercontent.com/185.199.109.133:443 with timeout 30 SECONDS
10:32:29.583 [main] DEBUG org.apache.hc.client5.http.ssl.SSLConnectionSocketFactory -- Enabled protocols: [TLSv1.3, TLSv1.2]
10:32:29.583 [main] DEBUG org.apache.hc.client5.http.ssl.SSLConnectionSocketFactory -- Enabled cipher suites: [TLS_AES_256_GCM_SHA384, TLS_AES_128_GCM_SHA256, TLS_CHACHA20_POLY1305_SHA256, TLS_ECDHE_ECDSA_WITH_AES_256_GCM_SHA384, TLS_ECDHE_ECDSA_WITH_AES_128_GCM_SHA256, TLS_ECDHE_ECDSA_WITH_CHACHA20_POLY1305_SHA256, TLS_ECDHE_RSA_WITH_AES_256_GCM_SHA384, TLS_ECDHE_RSA_WITH_CHACHA20_POLY1305_SHA256, TLS_ECDHE_RSA_WITH_AES_128_GCM_SHA256, TLS_DHE_RSA_WITH_AES_256_GCM_SHA384, TLS_DHE_RSA_WITH_CHACHA20_POLY1305_SHA256, TLS_DHE_DSS_WITH_AES_256_GCM_SHA384, TLS_DHE_RSA_WITH_AES_128_GCM_SHA256, TLS_DHE_DSS_WITH_AES_128_GCM_SHA256, TLS_ECDHE_ECDSA_WITH_AES_256_CBC_SHA384, TLS_ECDHE_RSA_WITH_AES_256_CBC_SHA384, TLS_ECDHE_ECDSA_WITH_AES_128_CBC_SHA256, TLS_ECDHE_RSA_WITH_AES_128_CBC_SHA256, TLS_DHE_RSA_WITH_AES_256_CBC_SHA256, TLS_DHE_DSS_WITH_AES_256_CBC_SHA256, TLS_DHE_RSA_WITH_AES_128_CBC_SHA256, TLS_DHE_DSS_WITH_AES_128_CBC_SHA256, TLS_ECDHE_ECDSA_WITH_AES_256_CBC_SHA, TLS_ECDHE_RSA_WITH_AES_256_CBC_SHA, TLS_ECDHE_ECDSA_WITH_AES_128_CBC_SHA, TLS_ECDHE_RSA_WITH_AES_128_CBC_SHA, TLS_DHE_RSA_WITH_AES_256_CBC_SHA, TLS_DHE_DSS_WITH_AES_256_CBC_SHA, TLS_DHE_RSA_WITH_AES_128_CBC_SHA, TLS_DHE_DSS_WITH_AES_128_CBC_SHA, TLS_RSA_WITH_AES_256_GCM_SHA384, TLS_RSA_WITH_AES_128_GCM_SHA256, TLS_RSA_WITH_AES_256_CBC_SHA256, TLS_RSA_WITH_AES_128_CBC_SHA256, TLS_RSA_WITH_AES_256_CBC_SHA, TLS_RSA_WITH_AES_128_CBC_SHA, TLS_EMPTY_RENEGOTIATION_INFO_SCSV]
10:32:29.583 [main] DEBUG org.apache.hc.client5.http.ssl.SSLConnectionSocketFactory -- Starting handshake (null)
10:32:29.635 [main] DEBUG org.apache.hc.client5.http.ssl.SSLConnectionSocketFactory -- Secure session established
10:32:29.635 [main] DEBUG org.apache.hc.client5.http.ssl.SSLConnectionSocketFactory --  negotiated protocol: TLSv1.3
10:32:29.635 [main] DEBUG org.apache.hc.client5.http.ssl.SSLConnectionSocketFactory --  negotiated cipher suite: TLS_AES_128_GCM_SHA256
10:32:29.635 [main] DEBUG org.apache.hc.client5.http.ssl.SSLConnectionSocketFactory --  peer principal: CN=*.github.io, O="GitHub, Inc.", L=San Francisco, ST=California, C=US
10:32:29.635 [main] DEBUG org.apache.hc.client5.http.ssl.SSLConnectionSocketFactory --  peer alternative names: [*.github.io, github.io, *.github.com, github.com, www.github.com, *.githubusercontent.com, githubusercontent.com]
10:32:29.635 [main] DEBUG org.apache.hc.client5.http.ssl.SSLConnectionSocketFactory --  issuer principal: CN=DigiCert TLS RSA SHA256 2020 CA1, O=DigiCert Inc, C=US
10:32:29.635 [main] DEBUG org.apache.hc.client5.http.impl.io.DefaultManagedHttpClientConnection -- http-outgoing-31 set socket timeout to 3 MINUTES
10:32:29.635 [main] DEBUG org.apache.hc.client5.http.impl.io.DefaultHttpClientConnectionOperator -- raw.githubusercontent.com:443 connected null->raw.githubusercontent.com/185.199.109.133:443 as http-outgoing-31
10:32:29.635 [main] DEBUG org.apache.hc.client5.http.impl.io.PoolingHttpClientConnectionManager -- ep-0000000032 connected http-outgoing-31
10:32:29.635 [main] DEBUG org.apache.hc.client5.http.impl.classic.InternalHttpClient -- ep-0000000032 endpoint connected
10:32:29.635 [main] DEBUG org.apache.hc.client5.http.impl.classic.MainClientExec -- ex-0000000032 executing GET /bonigarcia/webdrivermanager/master/src/main/resources/versions.properties HTTP/1.1
10:32:29.635 [main] DEBUG org.apache.hc.client5.http.protocol.RequestAddCookies -- ex-0000000032 Cookie spec selected: strict
10:32:29.635 [main] DEBUG org.apache.hc.client5.http.impl.classic.InternalHttpClient -- ep-0000000032 start execution ex-0000000032
10:32:29.635 [main] DEBUG org.apache.hc.client5.http.impl.io.PoolingHttpClientConnectionManager -- ep-0000000032 executing exchange ex-0000000032 over http-outgoing-31
10:32:29.636 [main] DEBUG org.apache.hc.client5.http.headers -- http-outgoing-31 >> GET /bonigarcia/webdrivermanager/master/src/main/resources/versions.properties HTTP/1.1
10:32:29.636 [main] DEBUG org.apache.hc.client5.http.headers -- http-outgoing-31 >> user-agent: Apache-HttpClient/5.0
10:32:29.636 [main] DEBUG org.apache.hc.client5.http.headers -- http-outgoing-31 >> accept-encoding: gzip, deflate, br
10:32:29.636 [main] DEBUG org.apache.hc.client5.http.headers -- http-outgoing-31 >> cache-control: max-age=0
10:32:29.636 [main] DEBUG org.apache.hc.client5.http.headers -- http-outgoing-31 >> connection: keep-alive
10:32:29.636 [main] DEBUG org.apache.hc.client5.http.headers -- http-outgoing-31 >> Host: raw.githubusercontent.com
10:32:29.636 [main] DEBUG org.apache.hc.client5.http.wire -- http-outgoing-31 >> "GET /bonigarcia/webdrivermanager/master/src/main/resources/versions.properties HTTP/1.1[\r][\n]"
10:32:29.636 [main] DEBUG org.apache.hc.client5.http.wire -- http-outgoing-31 >> "user-agent: Apache-HttpClient/5.0[\r][\n]"
10:32:29.636 [main] DEBUG org.apache.hc.client5.http.wire -- http-outgoing-31 >> "accept-encoding: gzip, deflate, br[\r][\n]"
10:32:29.636 [main] DEBUG org.apache.hc.client5.http.wire -- http-outgoing-31 >> "cache-control: max-age=0[\r][\n]"
10:32:29.636 [main] DEBUG org.apache.hc.client5.http.wire -- http-outgoing-31 >> "connection: keep-alive[\r][\n]"
10:32:29.636 [main] DEBUG org.apache.hc.client5.http.wire -- http-outgoing-31 >> "Host: raw.githubusercontent.com[\r][\n]"
10:32:29.636 [main] DEBUG org.apache.hc.client5.http.wire -- http-outgoing-31 >> "[\r][\n]"
10:32:29.674 [main] DEBUG org.apache.hc.client5.http.wire -- http-outgoing-31 << "HTTP/1.1 200 OK[\r][\n]"
10:32:29.674 [main] DEBUG org.apache.hc.client5.http.wire -- http-outgoing-31 << "Connection: keep-alive[\r][\n]"
10:32:29.674 [main] DEBUG org.apache.hc.client5.http.wire -- http-outgoing-31 << "Content-Length: 1653[\r][\n]"
10:32:29.674 [main] DEBUG org.apache.hc.client5.http.wire -- http-outgoing-31 << "Cache-Control: max-age=300[\r][\n]"
10:32:29.674 [main] DEBUG org.apache.hc.client5.http.wire -- http-outgoing-31 << "Content-Security-Policy: default-src 'none'; style-src 'unsafe-inline'; sandbox[\r][\n]"
10:32:29.674 [main] DEBUG org.apache.hc.client5.http.wire -- http-outgoing-31 << "Content-Type: text/plain; charset=utf-8[\r][\n]"
10:32:29.674 [main] DEBUG org.apache.hc.client5.http.wire -- http-outgoing-31 << "ETag: W/"de56f96e4580ae55450ed6a794662cbdb2b39827f9709095aa3e1e7f6914629d"[\r][\n]"
10:32:29.674 [main] DEBUG org.apache.hc.client5.http.wire -- http-outgoing-31 << "Strict-Transport-Security: max-age=31536000[\r][\n]"
10:32:29.674 [main] DEBUG org.apache.hc.client5.http.wire -- http-outgoing-31 << "X-Content-Type-Options: nosniff[\r][\n]"
10:32:29.674 [main] DEBUG org.apache.hc.client5.http.wire -- http-outgoing-31 << "X-Frame-Options: deny[\r][\n]"
10:32:29.674 [main] DEBUG org.apache.hc.client5.http.wire -- http-outgoing-31 << "X-XSS-Protection: 1; mode=block[\r][\n]"
10:32:29.674 [main] DEBUG org.apache.hc.client5.http.wire -- http-outgoing-31 << "X-GitHub-Request-Id: D5BE:3DFCCC:2516CE:27975C:658D16A0[\r][\n]"
10:32:29.674 [main] DEBUG org.apache.hc.client5.http.wire -- http-outgoing-31 << "Content-Encoding: gzip[\r][\n]"
10:32:29.674 [main] DEBUG org.apache.hc.client5.http.wire -- http-outgoing-31 << "Accept-Ranges: bytes[\r][\n]"
10:32:29.674 [main] DEBUG org.apache.hc.client5.http.wire -- http-outgoing-31 << "Date: Thu, 28 Dec 2023 09:32:31 GMT[\r][\n]"
10:32:29.674 [main] DEBUG org.apache.hc.client5.http.wire -- http-outgoing-31 << "Via: 1.1 varnish[\r][\n]"
10:32:29.674 [main] DEBUG org.apache.hc.client5.http.wire -- http-outgoing-31 << "X-Served-By: cache-mad2200097-MAD[\r][\n]"
10:32:29.674 [main] DEBUG org.apache.hc.client5.http.wire -- http-outgoing-31 << "X-Cache: HIT[\r][\n]"
10:32:29.674 [main] DEBUG org.apache.hc.client5.http.wire -- http-outgoing-31 << "X-Cache-Hits: 2[\r][\n]"
10:32:29.674 [main] DEBUG org.apache.hc.client5.http.wire -- http-outgoing-31 << "X-Timer: S1703755951.165555,VS0,VE0[\r][\n]"
10:32:29.674 [main] DEBUG org.apache.hc.client5.http.wire -- http-outgoing-31 << "Vary: Authorization,Accept-Encoding,Origin[\r][\n]"
10:32:29.674 [main] DEBUG org.apache.hc.client5.http.wire -- http-outgoing-31 << "Access-Control-Allow-Origin: *[\r][\n]"
10:32:29.674 [main] DEBUG org.apache.hc.client5.http.wire -- http-outgoing-31 << "Cross-Origin-Resource-Policy: cross-origin[\r][\n]"
10:32:29.674 [main] DEBUG org.apache.hc.client5.http.wire -- http-outgoing-31 << "X-Fastly-Request-ID: 5b0abfac6a404194fca859a4518e919a33e5e688[\r][\n]"
10:32:29.674 [main] DEBUG org.apache.hc.client5.http.wire -- http-outgoing-31 << "Expires: Thu, 28 Dec 2023 09:37:31 GMT[\r][\n]"
10:32:29.674 [main] DEBUG org.apache.hc.client5.http.wire -- http-outgoing-31 << "Source-Age: 74[\r][\n]"
10:32:29.674 [main] DEBUG org.apache.hc.client5.http.wire -- http-outgoing-31 << "[\r][\n]"
10:32:29.674 [main] DEBUG org.apache.hc.client5.http.headers -- http-outgoing-31 << HTTP/1.1 200 OK
10:32:29.674 [main] DEBUG org.apache.hc.client5.http.headers -- http-outgoing-31 << Connection: keep-alive
10:32:29.674 [main] DEBUG org.apache.hc.client5.http.headers -- http-outgoing-31 << Content-Length: 1653
10:32:29.674 [main] DEBUG org.apache.hc.client5.http.headers -- http-outgoing-31 << Cache-Control: max-age=300
10:32:29.674 [main] DEBUG org.apache.hc.client5.http.headers -- http-outgoing-31 << Content-Security-Policy: default-src 'none'; style-src 'unsafe-inline'; sandbox
10:32:29.674 [main] DEBUG org.apache.hc.client5.http.headers -- http-outgoing-31 << Content-Type: text/plain; charset=utf-8
10:32:29.674 [main] DEBUG org.apache.hc.client5.http.headers -- http-outgoing-31 << ETag: W/"de56f96e4580ae55450ed6a794662cbdb2b39827f9709095aa3e1e7f6914629d"
10:32:29.674 [main] DEBUG org.apache.hc.client5.http.headers -- http-outgoing-31 << Strict-Transport-Security: max-age=31536000
10:32:29.674 [main] DEBUG org.apache.hc.client5.http.headers -- http-outgoing-31 << X-Content-Type-Options: nosniff
10:32:29.674 [main] DEBUG org.apache.hc.client5.http.headers -- http-outgoing-31 << X-Frame-Options: deny
10:32:29.674 [main] DEBUG org.apache.hc.client5.http.headers -- http-outgoing-31 << X-XSS-Protection: 1; mode=block
10:32:29.674 [main] DEBUG org.apache.hc.client5.http.headers -- http-outgoing-31 << X-GitHub-Request-Id: D5BE:3DFCCC:2516CE:27975C:658D16A0
10:32:29.674 [main] DEBUG org.apache.hc.client5.http.headers -- http-outgoing-31 << Content-Encoding: gzip
10:32:29.674 [main] DEBUG org.apache.hc.client5.http.headers -- http-outgoing-31 << Accept-Ranges: bytes
10:32:29.674 [main] DEBUG org.apache.hc.client5.http.headers -- http-outgoing-31 << Date: Thu, 28 Dec 2023 09:32:31 GMT
10:32:29.674 [main] DEBUG org.apache.hc.client5.http.headers -- http-outgoing-31 << Via: 1.1 varnish
10:32:29.674 [main] DEBUG org.apache.hc.client5.http.headers -- http-outgoing-31 << X-Served-By: cache-mad2200097-MAD
10:32:29.674 [main] DEBUG org.apache.hc.client5.http.headers -- http-outgoing-31 << X-Cache: HIT
10:32:29.674 [main] DEBUG org.apache.hc.client5.http.headers -- http-outgoing-31 << X-Cache-Hits: 2
10:32:29.674 [main] DEBUG org.apache.hc.client5.http.headers -- http-outgoing-31 << X-Timer: S1703755951.165555,VS0,VE0
10:32:29.674 [main] DEBUG org.apache.hc.client5.http.headers -- http-outgoing-31 << Vary: Authorization,Accept-Encoding,Origin
10:32:29.674 [main] DEBUG org.apache.hc.client5.http.headers -- http-outgoing-31 << Access-Control-Allow-Origin: *
10:32:29.674 [main] DEBUG org.apache.hc.client5.http.headers -- http-outgoing-31 << Cross-Origin-Resource-Policy: cross-origin
10:32:29.674 [main] DEBUG org.apache.hc.client5.http.headers -- http-outgoing-31 << X-Fastly-Request-ID: 5b0abfac6a404194fca859a4518e919a33e5e688
10:32:29.674 [main] DEBUG org.apache.hc.client5.http.headers -- http-outgoing-31 << Expires: Thu, 28 Dec 2023 09:37:31 GMT
10:32:29.674 [main] DEBUG org.apache.hc.client5.http.headers -- http-outgoing-31 << Source-Age: 74
10:32:29.674 [main] DEBUG org.apache.hc.client5.http.impl.classic.MainClientExec -- ex-0000000032 connection can be kept alive for 3 MINUTES
10:32:29.675 [main] DEBUG org.apache.hc.client5.http.wire -- http-outgoing-31 << "[0x1f][0xffffff8b][0x8][0x0][0x0][0x0][0x0][0x0][0x0][0x3][0xffffff8d][0xffffff97]Mo[0xffffffe3]6[0x10][0xffffff86][0xffffffef][0xfffffff9][0x15][0x2]z[0xffffff8e][0xffffffcc][0xffffffcf]![0x19][0xffffff80][0xffffff97]~[0xffffff9e][0xffffff8a][0x1e][0xffffffda]?[0xffffffe0][0xffffffb5][0xffffff95]DX[0xffffffc7][\n]"
10:32:29.675 [main] DEBUG org.apache.hc.client5.http.wire -- http-outgoing-31 << "lg[0xffffffb3][0xffffffe8][0xffffffaf][0xffffffef][0xc][0xffffffc9][0xffffffa1]h[0xffffffaa][0x5]z[0x8]v[0xffffffe7][0xffffffb1]D[0xffffffce][0xffffff90][0xffffffd4][0xffffffcb]w~[0x18][0xfffffffe]z[0xffffff9d][0xffffffaf][0xffffffc3][0xfffffff3]|[0xffffff9a][0xffffff86][0xffffffc3]r[0xffffffbe][0xffffffed][0xffffffe7][0xfffffff3]u[0xffffffb8][0xffffffbd]N[0xffffffc3][0xffffffd7][0xfffffff3][0xfffffff2]y[0x1e][0xffffff8e][0xffffff97][0xfffffff9][0xffffffdb]t[0x19][0xfffffff0][0xffffffef]:/[0xfffffff8][0xffffffcb]ay{[0xffffffdf][0xffffffdf][0xffffffe6]/[0xfffffff8][0xfffffff4][0xffffffe7]|{MO[0x1e][0xffffff96][0xffffffcb]e[0xffffffba][0xffffffbe]/[0xffffffe7][0xffffffe3]|~[0x19][0xffffffbe]\[0xffffff96][0xffffffcf][0xffffffeb][0xfffffffa][0xffffffca][0xffffffc3][0xffffffc3][0xf][0xffffffc3][0xffffff8f][0x19]=[\r][0xffffffbf]-[0xffffffcb][0xb][0xffffffbe][0xfffffff9][0xffffffd3][0xffffffeb]ey[0xffffff9b][0xffffff86][0xfffffffd][0xfffffff9][0xffffff98][0xffffffff];[0x7f][0xffffffbc][\r][0xffffff8f][0xffffffc3][0xffffffcf]i[0xffffffaa][0xffffffa7][0xffffffe1][0xffffff90]~[0xffffffcd][0x13][0xffffffe3][0xffffffcb][0x7f].[0x1f][0xffffff97][0xffffffc3][0xfffffff4]4[0xffffffbc][0xffffffde]n[0xffffffef]O[0xffffffbb]][0xfffffffb][0xffffffeb]x(o[0xffffff8f][0xffffffcb][0xffffffe5]ew[0xffffffc4]|O[0xffffffcb][0xfffffffe]x}[0xffffffc8][0xffffffcf]Hi"[0xfffffffe][0xffffff8d]b[0xffffffb4]N[0xffffffdb]1[0xffffff88][0xffffffca]5rM[0x1c][0xffffff9c][0x1a]AW[0xffffffae][0xffffff90][0xffffffab][0xffffffc4][0xffffffa5][0x1d]M[0xffffffa8]\"[0xffffff97][0xffffffc4]-[0xffffffe8][0x11]L[0xffffffe5][0x2][0xffffffb9] n[0xffffffbc][0x1c][0xffffff9d]c.B[0xffffffc4][0xffffffbf][0xffffffc4]qzW[0xffffff9f][0x17][0x1e][0xffffffb9]'[0xffffffae]m[0x18][0xffffff9d][0xffffffac][0xffffffdc]!w[0xffffff89][0xb]3[0xffffff82][0xffffffaa][0x1c][0xffffff90][0x3]qe[0xffffffc2][0x8][0xffffffeb][0xfffffff3][0x16][0xffffffb9]%.[0xffffff83][0xffffffc5][0x1f]+[0xffffffc7]zE[0xffffffaa][0xffffff97][0xffffffca]p5[0x7f][0xffffff81][0xfffffff5][0xffffff8a]T[0xffffffaf][0x0]1J[0xffffffbd]&[0xffffff84][0x5][0xffffff8b]T[0xffffffb0][0xffffffc0][0xfffffff1][0xffffff9a][0x9][0xffffffb0]`A[0x5][0xffffff9b]`[0xffffffe5]hV[0xffffff8e][0x5][0xb]*[0xffffffd8][0xfffffff8][0x0]#[0xfffffff0][0xffffff82][0xffffff86][0x10]CH[0xffffffd4][0x18][0xffffff9c][0xffffff9b][0xffffffa9][0xffffff8f][0xffffff81][0xffffff8a]5[0xffffffce][0xfffffffa][0x11][0xffffffa7]a[0xffffffec]b[0xffffffa0]Z[\r][0x4][0xffffffb5][0xffffffae]A[0xffffff80][0x18] Q0[0xffffffa3][0xffffffb1]Lm[0xc]6Q[0xffffffed]G[0xffffffe0]z[0xffffff82][0xffffff89][0xffffffc1]$[0xffffff8a][0xffffff8b][0xffffff83][0x1b][0xffffffc9]X[0xffffffc7]@E[0x1a][0xffffffeb][0xffffffdc][0xffffffba][0xffffffa9]A[0xffffffc5][0xffffffa0][0x12][0xffffffc5]-[0xffffffc5]Uf,cH[0x5][0x1a]<[0x1]X+c[0x11]C[0xffffffaa][0xffffffcf]h1*^'[0x1f][0xffffffa2]O[0xfffffff5]i[0xfffffffc]G[0xfffffff1][0xffffffc8][0xffffffde]G[0xffffff9f][0xffffffea][0xffffffd3][0xffffffca][0xffffff8c][0x1][0xffffff98][0xffffffba][0xffffffe8]Sy[0xffffffca][0xffffff8b][0xffffffd1]{[0xffffffa6][0x10]}*O[0x19][0x1c][0xffffff97][0xffffff97][0xffffffc2][0xffffffdb][0xffffffe8]Sy[0xffffffd2][0xffffffeb][0xffffffd1]sj[0xffffffde]D[0xffffff9f][0xffffffca][0xffffff93][0xffffffc6][0xffffff8d][0xffffff9a][0xffffffd7][0xffffffd8][0xffffffeb][0xffffffe8]Su[0xffffffb4][0xffffff93][0xffffff9a][0xffffff97][0xffffffc2][0xffffffcb][0xffffffe8]S[0x19][0x2]W^[0xffffffea]:[0xffffff9d][0xffffff88][0xffffff9e][0xffffffca][0xffffffd0][0x1]s[0xffffffc1]#T[0xffffffb0][0xb][0xffffffd1][0xffffff85][0xffffff84][0xffffff8d][0x1d]u[0xffffffa5]>:[0xffffff9f]([0xffffff9e][0x1d]<W[0xffffff8c]]tT[0xffffff88][0xfffffff6][0xffffff80][0xffffffdf][0x2][0xffffffa7][0xffffffe1] :H[0x14][0xf][0xffffffb8]Tu[0xc][0x1b][0x1d]U[0xffffffa2][0xffffff9d][0xffffffc3][0x3][0xffffffb6]>m[0xffffffa2]3[0x9]+<[0xffffffbf][0xc]utT[0xffffff89][0x6],[0x8]8e[0xffffffa7][0xffffffa2][0xffffffc2][0x1d][0xffffffe5]H[0xffffffde]E[0xffffff82]"N[0xc][0x2]E[0xffffffbc]7[0xffffffe0])[0xffffffe2][0x15][0x5]G[0x11][0xffffffef]&[0x0]E[0xffffff9c][0xc]X[0xffffff8c][0xffffffea][0x12][0xffffff81][0xffffffa1][0xffffff88][0xffffffd7][0x1c]4E<[0x1f]P.[0xffffffba][0xffffffce]G[0xffffffb9][0xffffffd4]o[0x6]([0x17][0xffffffad][0xffffffef]T[0xffffffed][0xfffffff7][0xffffffe5][0xffffffef][0xfffffff9]t[0xffffffda][0xf][0xffffffbf][0xffffffce][0xffffff97][0xffffffe9]y[0xfffffff9][0xffffffde]H[0xffffffd9][0xffffffcb]t[0xfffffff8][0xffffffba][0xfffffffc][0xffffffab][0xffffff92]]Q[0xffffffca]^P@?[0xffffffbe][0xffffff8c]([0xffffffa9][0xffffffbb][0xffffffb7]<[0xffffffc4][0xffffffae]yaw[0xffffff99]N[0xffffffd3][0xfffffffe]:][0x1f][0xffffff9e][0xfffffff3][0xffffffb8]R[0xffffff89][0xffffff88][0xffffffcb][0xffffff86]kW[0xffffff89][0xc][0x1b][0xffffffe2]7[0xffffffc4]m[0x8]l[0xffffff88][0xffffffdd][0x10][0xffffffb3]!zC[0xffffffd4][0xffffff86][0xffffffc8][\r]I9[0xffffffab]QU"B&[0xffffffeb]3[0xffffffc2]o[0xffffff88][0xffffffdb][0x10][0xffffffd8][0x10][0xffffffbb]!)g[0xffffffd9][0x12][0xffffffbd]!jC[0xffffffe4][0xffffff86][0xffffff88][0xffffff8e][0xffffff84][0xffffffd0][0x3][0xffffffdf][0x3][0xffffffd7][0x3][0xffffffe8][0xffffff81][0xffffffed]A[0xffffff9f]m[0xffffffe8][0xffffff93][\r]}[0xffffffae][0xffffffa1]O5P[0xffffffa6][0xfffffff8]m5`<[0xffffffcd][0xffffffe7][0xffffff8f][0xffffffef][0x19]K[0xffffffc6]>t[0xffffffcf]y[0xffffffdf][0x3][0xffffffd7][0x3][0xffffffe8][0xffffff81][0xffffffed][0xffffff81][0xffffffe9][0x1][0x15][0xffffffa0]|[0x3]T[0xf][0xffffffa8][0x0][0xffffffe5][0x1a] :[0xffffffe0]B[0xf]R[0xffffffa6][0xffffffd0][0x0][0xffffffd7][0x3][0xffffffe8][0xffffff81][0xffffffed][0xffffff81][0xffffffe9][0xffffff81][0xffffffee][0xffffff81][0xffffffea][0xffffff81][0xffffffec][0xffffff81][0xffffffe8][0x0][0xffffff84][0x1e][0xffffffa4]Lm[0x3]R[0xffffffa6][0xffffffa6][0x1][0xffffffd0][0x3][0xffffffdb][0xffffff83][0xffffff94]i[0xfffffff3][0x1][0xffffff81][0xffffffee]A[0xffffffca][0xffffffb4]9[0xfffffff6][0xffffff90]2m[0xe][0x5][0xffffff88][0xe][0xffffffd8][0xffffffd0][0x3][0xffffffdf][0x3][0xffffffd7][0xffffff83][0xffffff94][0xffffffa9]h[0xffffff80]e[0xffffffd0]*[0xffffffdf][0x1f][0xffffffef][0xffffffd3]e[0xffffffdf][0xffffffe8][0xffffffdd]B[0xfffffff1][0xffffffff][0xffffffd1][0xffffffbb][0xfffffff4][0xffffffe0]uy[0xffffffbe]}[0xffffffee]/S[0xffffff8e][0xffffffd8][0xffffffcb][0xfffffff5][0xffffffea][0xffffff97]~L[0xffffff9e]G[0xffffffd2][0xffffffe5][0x5][0x2]//[0xffffff89]ws[0xffffffe1][0xffffffe4][0xfffffff1][0xffffff92][0xffffffa7][\n]"
10:32:29.676 [main] DEBUG org.apache.hc.client5.http.wire -- http-outgoing-31 << "x[0xfffffffb][0xfffffffb][0xffffffc0][0xffffff98],^[0xffffffb2]T[0x1][0xffffffad][0xffffff83][0xffffffd4][0xffffff8a]9Y[0xffffffbc]d[0xffffffa9]<[0xe][0x13][0x1c]crx[0xffffffc9]Q9[0xfffffffc][0xffffff82]$[0xffffffda][0xffffff92][0xffffffc2]E[0xffffffeb] Q[0xffffffcc]2G=h[0xc][0xffffffa4]Te[0x18]T[0xffffff85][0xffffffc6]?z[0xffffffa6][0xffffffee][0xffffffce]=[0xffffffda]B[0xffffffa1][0xfffffff5][0xffffff8e]8Q[0xffffffc1][0xffffffb6][0xffffffb5][0xffffff8e][0xffffffa8][0xfffffff8][0x5][0xffffff9b][0xffffffd6]9[0xffffff86]Re[0xffffffd0][0xffffffad]oD[0xffffffb3][0xffffff91][0xffffffa9]j]#.Z[0xffffffc1][0xffffffb2]5[0xffffff8d][0xffffffe4][0xffffffc7]2[0x16][0xffffffad]g[0xfffffff4][0xffffffa5]p[0x1f]Z[0xffffffc7][0x8]P[0xffffffa8][0xffffffef][0xffffffec]b[0xffffffa6][0xffffffae]5[0xffffff8b]P6[0xffffffc6]Ck[0x15][0xffffffeb][0x12][0xffffffa1][0xffffff88][0xffffffdc]Y[0xffffffc5][0xc]M[0xffffffe3][0x14]}I[0xc][0xffffffc5][0xffffffe4][0xffffffce]'f[0xffffffa8][0xffffffee]mb[0xffffff86][0xffffffb2]q[0xffffff89][0xffffff96][0xffffffe7][0x17][0xffffff8d]I[0xffffffe4]TQ\[0xffffffee],b[0xffffff86][0xffffffbe]s[0xffffff88][0xffffff99][0xffffffba][0xffffffc6] :[0xffffff86][0xffffffd0][0xffffffd8]C_[0xffffffa6]G[0xffffffb5]Y[0xffffffdd]!g[0xffffff8f][0xffffff8a][0xffffffb3][0xffffff9a]C\[0xffffffe0]Buc[0xe][0xffffff81][0x7]U[0xffffff8d]7[0xfffffff4]e[0xffffffc3]Q~VkX7[0xb]5h[0xffffffb5][0xffffff86]|[0xffffffd6]Q[0xffffff87]Vg[0xffffffc8]'[0x1a][0xffffffb5][0xffffffa8]1[0xffffff86][0xffffffb2][0xffffff94][0xffffff8a][0xffffff82][0xffffffd4][0xfffffffa][0xffffffc2]2[0x17][0xffffffaa][0xffffffd2]j[0xb][0x1d][0xffffff8f]j[0x1b]W[0xffffffc8]G[0x19][0xffffffd5]i[0xfffffff5][0xffffff84][0xfffffff5]p[0xffffffa2]D5[0xffffff9e][0xffffff90]?5[0xffffffd4][0xffffffa9][0xffffffc6][0x12][0xffffffd6][0xffffffb9][0xffffff8a][0xffffff95]K[0xffffff81][\r]mP[0xffffff8c]\[0xe][0xffffff8a][0xffffff8f][0xffffffcb]A[0xffffffb1]q9(..[0x7][0xffffffc5][0xffffffc4][0xffffffe5][0xffffffa0]x[0xffffffb8][0x1c][0x14][0xb][0xffffff97][0x3][0xffffff99]=[[0xe]D[0x13][0x18][0xffffffca][0xffffff80]36[0xffffff94][0xffffff81].[0xfffffff3][0x18][0xffffffca]@[0xffffff95][0xffffffc5]0[0xffffff90][0xffffff83];[0xffffffd3]7[0x1f].[0xb])[0xffffffd8][0xfffffff0][0xffffffcb][0xfffffff1]ej4[0xfffffff0][0xffffffed]:![0xfffffff8]O[0x11]<N[0xffffffdf][0xffffffa6][0x13][0xffffff8d]:[0xffffffbe][0xfffffff1][0x8]I[0x11][0xffffffa7][0xfffffff3][0xffffffe3][0xffffffc7]uW[0xffffffd9]#[\r][0xffffffb2][0xffffffbb]-[0xffffffcb][0xffffffe9][0xffffffba][0xfffffffb][0xffffff9c][0xffffffbe][0x14]Q| [0xffffffba][0xfffffff6][0xffffffb5][0xffffffd2][0xffffffe3][0xffffffcd] }[0xffffffa1][0xffffffdc][0xffffffd5]J[0xffffff87][0xffffffa6][0x1b]W2S[0xffffffee]i[0xffffffa5]S[0xffffffe9] g[0xffffffca][0x1d][0xffffffad][0x4][0xffffff90][0xffffffd4]qf[0xffffffca][0xfffffffd][0xffffffac][0xffffffb4]x>p[0xfffffff5][0x12][0xffffffad][0xffffffdd][0xffffffac][0xffffffb4]([0xffffffb4][0xffffffae][0xffffffcc]V{Yi[0x0][0xffffffc7][0xffffff85]B[0xffffffb9][0xffffff93][0xffffffc5][0x1e][0xffffff80][0xffffffee][0xfffffff0][0xc][0xffffffb9][0xffffff8d][0xffffff95][0xffffffda][0xffffffd1][0xffffff8d]Y(7[0xffffffb1][0xffffffd8]"
10:32:29.676 [main] DEBUG org.apache.hc.client5.http.wire -- http-outgoing-31 << "[0xffffff8f]jT[0xffffffb0]B[0xffffffb9][0xffffff85][0xffffff95][\n]"
10:32:29.676 [main] DEBUG org.apache.hc.client5.http.wire -- http-outgoing-31 << "[0xffffffbf]T[0xffffffc7]#p[0x3][0xffffff8b][0x1d][0xffffff87][0xffffffa9]E[0xffffffd4][0xffffffee][0x15]o[0x3]K[0x1d]A[0xffffffa6][0xffffffdc][0xffffffbb]J%[0xffffffc5]:.w[0xffffffae]xYX[0xffffffea][0xffffff9f][0xffffff88]r[0xffffffdf][0xffffff8a][0xffffffd2]OB[0xffffff91]Y[0xffffffe9]Z%UW[0x16][0xffffff86][V,MUV[0x1a]V[0xffffffac][0xffffffc1]TV[0xffffffda]U[0xffffffcc][0xffffffaa][0xffffffce][0xffffffcc][0xffffffcd]j@[0xffffff8d][0xffffffd1]2[0xffffffa3][0xffffffd2][0xffffffa8][0x6]\z][0xffffff9e]*]j[0x10][0xffffffeb][0x4][0xffffffa5]C[0xfffffff5][0xffffffa4]t[0xffffffe5][0xffffffc5][0xffffffd2][0xffffff9d]z,,[0x13][0xffffffee]Li[0xffffffc7][0xfffffff3][0xffffffc6]pW[0xffffffea]pm[0xffffffcb]k[0xffffffdc][0xffffff92][0x2][0xffffff84][0xffffffb2]%[0xffffffdc][0xffffff8e][0x2][0x1e][0x9][0xffffffc8]k[0xffffffc1][0xffffffbd][0xffffffa8][0xffffffa5][0x5].O[0xffffff95]F[0xffffffd4]&[0xffffff83][0xffffff92][0x8]7[0xffffffa1]([\r][0xffffffb6][0xffffffcc][0xffffff87][0xffffffea][0xffffff95][0xffffffd5]3pN[0xffffffdc][0xffffff93][0xffffffe2]=[[0xffffffb6][0xffffffaa][0xfffffff6][0xffffffa3]X1[0xffffff9e][0xffffffbb][0xffffffc4]j3Jg6[0xffffff93][0xffffffd2][0xffffff88]*[0xffffffc7]G[0xffffff87]{P[0xffffffa5]+)[0xfffffffd]'[0xffffffc9]b![0xffffffa5][0xfffffff5][0xffffff94][0x1a]{[0xfffffff3][0xffffff8c][0xffffff8c][0xffffff89][0xffffffef][0xffffff97][0xffffffe9]q>_o[0xfffffffb][0xffffffd3]i:f[0xffffffa8]"[0xffffffd0][0xffffffcd][0xffffffae][0xfffffff3]912[0xffffffa2][0xffffff84][0xffffff81][\n]"
10:32:29.676 [main] DEBUG org.apache.hc.client5.http.wire -- http-outgoing-31 << "[0xffffffb9]|#"[0xffffffea]$[0xffffffde]vy?[0xffffffb4][0xffffff8f][0xfffffff8]a[0x19][0x1d]r[0xffffffa8]Htp[0xffffffa7]}>#[0xffffffd8][0xffffff87][0xffffffd1][0xffffff95][0xffffff8d]z[0xfffffffd][0xfffffff0][0xf][0xffffffe2][0x12][0xffffff8f][0xfffffff4]>[0x13][0x0][0x0]"
10:32:29.676 [main] DEBUG org.apache.hc.client5.http.impl.classic.InternalHttpClient -- ep-0000000032 releasing valid endpoint
10:32:29.676 [main] DEBUG org.apache.hc.client5.http.impl.io.PoolingHttpClientConnectionManager -- ep-0000000032 releasing endpoint
10:32:29.676 [main] DEBUG org.apache.hc.client5.http.impl.io.PoolingHttpClientConnectionManager -- ep-0000000032 connection http-outgoing-31 can be kept alive for 3 MINUTES
10:32:29.676 [main] DEBUG org.apache.hc.client5.http.impl.io.PoolingHttpClientConnectionManager -- ep-0000000032 connection released [route: {s}->https://raw.githubusercontent.com:443][total available: 1; route allocated: 1 of 5; total allocated: 2 of 25]
10:32:29.676 [main] DEBUG io.github.bonigarcia.wdm.versions.VersionDetector -- Driver for chrome120.0.6099.63 not found in online properties (using local versions.properties)
10:32:29.678 [main] DEBUG io.github.bonigarcia.wdm.WebDriverManager -- The driver version for CHROME 120.0.6099.63 is unknown ... trying with latest
10:32:29.680 [main] DEBUG org.apache.hc.client5.http.impl.classic.InternalHttpClient -- ex-0000000033 preparing request execution
10:32:29.680 [main] DEBUG org.apache.hc.client5.http.impl.classic.ProtocolExec -- ex-0000000033 target auth state: UNCHALLENGED
10:32:29.680 [main] DEBUG org.apache.hc.client5.http.impl.classic.ProtocolExec -- ex-0000000033 proxy auth state: UNCHALLENGED
10:32:29.681 [main] DEBUG org.apache.hc.client5.http.impl.classic.ConnectExec -- ex-0000000033 acquiring connection with route {s}->https://googlechromelabs.github.io:443
10:32:29.681 [main] DEBUG org.apache.hc.client5.http.impl.classic.InternalHttpClient -- ex-0000000033 acquiring endpoint (3 MINUTES)
10:32:29.681 [main] DEBUG org.apache.hc.client5.http.impl.io.PoolingHttpClientConnectionManager -- ex-0000000033 endpoint lease request (3 MINUTES) [route: {s}->https://googlechromelabs.github.io:443][total available: 1; route allocated: 1 of 5; total allocated: 2 of 25]
10:32:29.681 [main] DEBUG org.apache.hc.client5.http.impl.io.PoolingHttpClientConnectionManager -- ex-0000000033 endpoint leased [route: {s}->https://googlechromelabs.github.io:443][total available: 1; route allocated: 2 of 5; total allocated: 3 of 25]
10:32:29.681 [main] DEBUG org.apache.hc.client5.http.impl.io.PoolingHttpClientConnectionManager -- ex-0000000033 acquired ep-0000000033
10:32:29.681 [main] DEBUG org.apache.hc.client5.http.impl.classic.InternalHttpClient -- ex-0000000033 acquired endpoint ep-0000000033
10:32:29.681 [main] DEBUG org.apache.hc.client5.http.impl.classic.ConnectExec -- ex-0000000033 opening connection {s}->https://googlechromelabs.github.io:443
10:32:29.681 [main] DEBUG org.apache.hc.client5.http.impl.classic.InternalHttpClient -- ep-0000000033 connecting endpoint (null)
10:32:29.681 [main] DEBUG org.apache.hc.client5.http.impl.io.PoolingHttpClientConnectionManager -- ep-0000000033 connecting endpoint to https://googlechromelabs.github.io:443 (30 SECONDS)
10:32:29.681 [main] DEBUG org.apache.hc.client5.http.impl.io.DefaultHttpClientConnectionOperator -- googlechromelabs.github.io resolving remote address
10:32:29.681 [main] DEBUG org.apache.hc.client5.http.impl.io.DefaultHttpClientConnectionOperator -- googlechromelabs.github.io resolved to [googlechromelabs.github.io/185.199.110.153, googlechromelabs.github.io/185.199.111.153, googlechromelabs.github.io/185.199.108.153, googlechromelabs.github.io/185.199.109.153]
10:32:29.681 [main] DEBUG org.apache.hc.client5.http.impl.io.DefaultHttpClientConnectionOperator -- googlechromelabs.github.io:443 connecting null->googlechromelabs.github.io/185.199.110.153:443 (30 SECONDS)
10:32:29.681 [main] DEBUG org.apache.hc.client5.http.ssl.SSLConnectionSocketFactory -- Connecting socket to googlechromelabs.github.io/185.199.110.153:443 with timeout 30 SECONDS
10:32:29.720 [main] DEBUG org.apache.hc.client5.http.ssl.SSLConnectionSocketFactory -- Enabled protocols: [TLSv1.3, TLSv1.2]
10:32:29.720 [main] DEBUG org.apache.hc.client5.http.ssl.SSLConnectionSocketFactory -- Enabled cipher suites: [TLS_AES_256_GCM_SHA384, TLS_AES_128_GCM_SHA256, TLS_CHACHA20_POLY1305_SHA256, TLS_ECDHE_ECDSA_WITH_AES_256_GCM_SHA384, TLS_ECDHE_ECDSA_WITH_AES_128_GCM_SHA256, TLS_ECDHE_ECDSA_WITH_CHACHA20_POLY1305_SHA256, TLS_ECDHE_RSA_WITH_AES_256_GCM_SHA384, TLS_ECDHE_RSA_WITH_CHACHA20_POLY1305_SHA256, TLS_ECDHE_RSA_WITH_AES_128_GCM_SHA256, TLS_DHE_RSA_WITH_AES_256_GCM_SHA384, TLS_DHE_RSA_WITH_CHACHA20_POLY1305_SHA256, TLS_DHE_DSS_WITH_AES_256_GCM_SHA384, TLS_DHE_RSA_WITH_AES_128_GCM_SHA256, TLS_DHE_DSS_WITH_AES_128_GCM_SHA256, TLS_ECDHE_ECDSA_WITH_AES_256_CBC_SHA384, TLS_ECDHE_RSA_WITH_AES_256_CBC_SHA384, TLS_ECDHE_ECDSA_WITH_AES_128_CBC_SHA256, TLS_ECDHE_RSA_WITH_AES_128_CBC_SHA256, TLS_DHE_RSA_WITH_AES_256_CBC_SHA256, TLS_DHE_DSS_WITH_AES_256_CBC_SHA256, TLS_DHE_RSA_WITH_AES_128_CBC_SHA256, TLS_DHE_DSS_WITH_AES_128_CBC_SHA256, TLS_ECDHE_ECDSA_WITH_AES_256_CBC_SHA, TLS_ECDHE_RSA_WITH_AES_256_CBC_SHA, TLS_ECDHE_ECDSA_WITH_AES_128_CBC_SHA, TLS_ECDHE_RSA_WITH_AES_128_CBC_SHA, TLS_DHE_RSA_WITH_AES_256_CBC_SHA, TLS_DHE_DSS_WITH_AES_256_CBC_SHA, TLS_DHE_RSA_WITH_AES_128_CBC_SHA, TLS_DHE_DSS_WITH_AES_128_CBC_SHA, TLS_RSA_WITH_AES_256_GCM_SHA384, TLS_RSA_WITH_AES_128_GCM_SHA256, TLS_RSA_WITH_AES_256_CBC_SHA256, TLS_RSA_WITH_AES_128_CBC_SHA256, TLS_RSA_WITH_AES_256_CBC_SHA, TLS_RSA_WITH_AES_128_CBC_SHA, TLS_EMPTY_RENEGOTIATION_INFO_SCSV]
10:32:29.720 [main] DEBUG org.apache.hc.client5.http.ssl.SSLConnectionSocketFactory -- Starting handshake (null)
10:32:29.767 [main] DEBUG org.apache.hc.client5.http.ssl.SSLConnectionSocketFactory -- Secure session established
10:32:29.767 [main] DEBUG org.apache.hc.client5.http.ssl.SSLConnectionSocketFactory --  negotiated protocol: TLSv1.3
10:32:29.767 [main] DEBUG org.apache.hc.client5.http.ssl.SSLConnectionSocketFactory --  negotiated cipher suite: TLS_AES_128_GCM_SHA256
10:32:29.767 [main] DEBUG org.apache.hc.client5.http.ssl.SSLConnectionSocketFactory --  peer principal: CN=*.github.io, O="GitHub, Inc.", L=San Francisco, ST=California, C=US
10:32:29.768 [main] DEBUG org.apache.hc.client5.http.ssl.SSLConnectionSocketFactory --  peer alternative names: [*.github.io, github.io, *.github.com, github.com, www.github.com, *.githubusercontent.com, githubusercontent.com]
10:32:29.768 [main] DEBUG org.apache.hc.client5.http.ssl.SSLConnectionSocketFactory --  issuer principal: CN=DigiCert TLS RSA SHA256 2020 CA1, O=DigiCert Inc, C=US
10:32:29.768 [main] DEBUG org.apache.hc.client5.http.impl.io.DefaultManagedHttpClientConnection -- http-outgoing-32 set socket timeout to 3 MINUTES
10:32:29.768 [main] DEBUG org.apache.hc.client5.http.impl.io.DefaultHttpClientConnectionOperator -- googlechromelabs.github.io:443 connected null->googlechromelabs.github.io/185.199.110.153:443 as http-outgoing-32
10:32:29.768 [main] DEBUG org.apache.hc.client5.http.impl.io.PoolingHttpClientConnectionManager -- ep-0000000033 connected http-outgoing-32
10:32:29.768 [main] DEBUG org.apache.hc.client5.http.impl.classic.InternalHttpClient -- ep-0000000033 endpoint connected
10:32:29.768 [main] DEBUG org.apache.hc.client5.http.impl.classic.MainClientExec -- ex-0000000033 executing GET /chrome-for-testing/last-known-good-versions-with-downloads.json HTTP/1.1
10:32:29.768 [main] DEBUG org.apache.hc.client5.http.protocol.RequestAddCookies -- ex-0000000033 Cookie spec selected: strict
10:32:29.768 [main] DEBUG org.apache.hc.client5.http.impl.classic.InternalHttpClient -- ep-0000000033 start execution ex-0000000033
10:32:29.768 [main] DEBUG org.apache.hc.client5.http.impl.io.PoolingHttpClientConnectionManager -- ep-0000000033 executing exchange ex-0000000033 over http-outgoing-32
10:32:29.768 [main] DEBUG org.apache.hc.client5.http.headers -- http-outgoing-32 >> GET /chrome-for-testing/last-known-good-versions-with-downloads.json HTTP/1.1
10:32:29.768 [main] DEBUG org.apache.hc.client5.http.headers -- http-outgoing-32 >> user-agent: Apache-HttpClient/5.0
10:32:29.768 [main] DEBUG org.apache.hc.client5.http.headers -- http-outgoing-32 >> accept-encoding: gzip, deflate, br
10:32:29.768 [main] DEBUG org.apache.hc.client5.http.headers -- http-outgoing-32 >> cache-control: max-age=0
10:32:29.768 [main] DEBUG org.apache.hc.client5.http.headers -- http-outgoing-32 >> connection: keep-alive
10:32:29.768 [main] DEBUG org.apache.hc.client5.http.headers -- http-outgoing-32 >> Host: googlechromelabs.github.io
10:32:29.768 [main] DEBUG org.apache.hc.client5.http.wire -- http-outgoing-32 >> "GET /chrome-for-testing/last-known-good-versions-with-downloads.json HTTP/1.1[\r][\n]"
10:32:29.768 [main] DEBUG org.apache.hc.client5.http.wire -- http-outgoing-32 >> "user-agent: Apache-HttpClient/5.0[\r][\n]"
10:32:29.768 [main] DEBUG org.apache.hc.client5.http.wire -- http-outgoing-32 >> "accept-encoding: gzip, deflate, br[\r][\n]"
10:32:29.768 [main] DEBUG org.apache.hc.client5.http.wire -- http-outgoing-32 >> "cache-control: max-age=0[\r][\n]"
10:32:29.768 [main] DEBUG org.apache.hc.client5.http.wire -- http-outgoing-32 >> "connection: keep-alive[\r][\n]"
10:32:29.768 [main] DEBUG org.apache.hc.client5.http.wire -- http-outgoing-32 >> "Host: googlechromelabs.github.io[\r][\n]"
10:32:29.768 [main] DEBUG org.apache.hc.client5.http.wire -- http-outgoing-32 >> "[\r][\n]"
10:32:29.810 [main] DEBUG org.apache.hc.client5.http.wire -- http-outgoing-32 << "HTTP/1.1 200 OK[\r][\n]"
10:32:29.810 [main] DEBUG org.apache.hc.client5.http.wire -- http-outgoing-32 << "Connection: keep-alive[\r][\n]"
10:32:29.810 [main] DEBUG org.apache.hc.client5.http.wire -- http-outgoing-32 << "Content-Length: 641[\r][\n]"
10:32:29.810 [main] DEBUG org.apache.hc.client5.http.wire -- http-outgoing-32 << "Server: GitHub.com[\r][\n]"
10:32:29.810 [main] DEBUG org.apache.hc.client5.http.wire -- http-outgoing-32 << "Content-Type: application/json; charset=utf-8[\r][\n]"
10:32:29.810 [main] DEBUG org.apache.hc.client5.http.wire -- http-outgoing-32 << "permissions-policy: interest-cohort=()[\r][\n]"
10:32:29.810 [main] DEBUG org.apache.hc.client5.http.wire -- http-outgoing-32 << "x-origin-cache: HIT[\r][\n]"
10:32:29.810 [main] DEBUG org.apache.hc.client5.http.wire -- http-outgoing-32 << "Last-Modified: Thu, 28 Dec 2023 09:09:08 GMT[\r][\n]"
10:32:29.810 [main] DEBUG org.apache.hc.client5.http.wire -- http-outgoing-32 << "Access-Control-Allow-Origin: *[\r][\n]"
10:32:29.810 [main] DEBUG org.apache.hc.client5.http.wire -- http-outgoing-32 << "Strict-Transport-Security: max-age=31556952[\r][\n]"
10:32:29.810 [main] DEBUG org.apache.hc.client5.http.wire -- http-outgoing-32 << "ETag: W/"658d3b34-22ac"[\r][\n]"
10:32:29.810 [main] DEBUG org.apache.hc.client5.http.wire -- http-outgoing-32 << "expires: Thu, 28 Dec 2023 09:19:31 GMT[\r][\n]"
10:32:29.810 [main] DEBUG org.apache.hc.client5.http.wire -- http-outgoing-32 << "Cache-Control: max-age=600[\r][\n]"
10:32:29.810 [main] DEBUG org.apache.hc.client5.http.wire -- http-outgoing-32 << "Content-Encoding: gzip[\r][\n]"
10:32:29.810 [main] DEBUG org.apache.hc.client5.http.wire -- http-outgoing-32 << "x-proxy-cache: HIT[\r][\n]"
10:32:29.810 [main] DEBUG org.apache.hc.client5.http.wire -- http-outgoing-32 << "X-GitHub-Request-Id: AD28:2802F4:8D3D7B:90038F:658D3C18[\r][\n]"
10:32:29.810 [main] DEBUG org.apache.hc.client5.http.wire -- http-outgoing-32 << "Accept-Ranges: bytes[\r][\n]"
10:32:29.810 [main] DEBUG org.apache.hc.client5.http.wire -- http-outgoing-32 << "Date: Thu, 28 Dec 2023 09:32:31 GMT[\r][\n]"
10:32:29.810 [main] DEBUG org.apache.hc.client5.http.wire -- http-outgoing-32 << "Via: 1.1 varnish[\r][\n]"
10:32:29.810 [main] DEBUG org.apache.hc.client5.http.wire -- http-outgoing-32 << "Age: 510[\r][\n]"
10:32:29.810 [main] DEBUG org.apache.hc.client5.http.wire -- http-outgoing-32 << "X-Served-By: cache-mad22051-MAD[\r][\n]"
10:32:29.810 [main] DEBUG org.apache.hc.client5.http.wire -- http-outgoing-32 << "X-Cache: HIT[\r][\n]"
10:32:29.810 [main] DEBUG org.apache.hc.client5.http.wire -- http-outgoing-32 << "X-Cache-Hits: 1[\r][\n]"
10:32:29.811 [main] DEBUG org.apache.hc.client5.http.wire -- http-outgoing-32 << "X-Timer: S1703755951.300360,VS0,VE1[\r][\n]"
10:32:29.811 [main] DEBUG org.apache.hc.client5.http.wire -- http-outgoing-32 << "Vary: Accept-Encoding[\r][\n]"
10:32:29.811 [main] DEBUG org.apache.hc.client5.http.wire -- http-outgoing-32 << "X-Fastly-Request-ID: d61e31dd30f7182dd9c278865341904d34e3a424[\r][\n]"
10:32:29.811 [main] DEBUG org.apache.hc.client5.http.wire -- http-outgoing-32 << "[\r][\n]"
10:32:29.811 [main] DEBUG org.apache.hc.client5.http.headers -- http-outgoing-32 << HTTP/1.1 200 OK
10:32:29.811 [main] DEBUG org.apache.hc.client5.http.headers -- http-outgoing-32 << Connection: keep-alive
10:32:29.811 [main] DEBUG org.apache.hc.client5.http.headers -- http-outgoing-32 << Content-Length: 641
10:32:29.811 [main] DEBUG org.apache.hc.client5.http.headers -- http-outgoing-32 << Server: GitHub.com
10:32:29.811 [main] DEBUG org.apache.hc.client5.http.headers -- http-outgoing-32 << Content-Type: application/json; charset=utf-8
10:32:29.811 [main] DEBUG org.apache.hc.client5.http.headers -- http-outgoing-32 << permissions-policy: interest-cohort=()
10:32:29.811 [main] DEBUG org.apache.hc.client5.http.headers -- http-outgoing-32 << x-origin-cache: HIT
10:32:29.811 [main] DEBUG org.apache.hc.client5.http.headers -- http-outgoing-32 << Last-Modified: Thu, 28 Dec 2023 09:09:08 GMT
10:32:29.811 [main] DEBUG org.apache.hc.client5.http.headers -- http-outgoing-32 << Access-Control-Allow-Origin: *
10:32:29.811 [main] DEBUG org.apache.hc.client5.http.headers -- http-outgoing-32 << Strict-Transport-Security: max-age=31556952
10:32:29.811 [main] DEBUG org.apache.hc.client5.http.headers -- http-outgoing-32 << ETag: W/"658d3b34-22ac"
10:32:29.811 [main] DEBUG org.apache.hc.client5.http.headers -- http-outgoing-32 << expires: Thu, 28 Dec 2023 09:19:31 GMT
10:32:29.811 [main] DEBUG org.apache.hc.client5.http.headers -- http-outgoing-32 << Cache-Control: max-age=600
10:32:29.811 [main] DEBUG org.apache.hc.client5.http.headers -- http-outgoing-32 << Content-Encoding: gzip
10:32:29.811 [main] DEBUG org.apache.hc.client5.http.headers -- http-outgoing-32 << x-proxy-cache: HIT
10:32:29.811 [main] DEBUG org.apache.hc.client5.http.headers -- http-outgoing-32 << X-GitHub-Request-Id: AD28:2802F4:8D3D7B:90038F:658D3C18
10:32:29.811 [main] DEBUG org.apache.hc.client5.http.headers -- http-outgoing-32 << Accept-Ranges: bytes
10:32:29.811 [main] DEBUG org.apache.hc.client5.http.headers -- http-outgoing-32 << Date: Thu, 28 Dec 2023 09:32:31 GMT
10:32:29.811 [main] DEBUG org.apache.hc.client5.http.headers -- http-outgoing-32 << Via: 1.1 varnish
10:32:29.811 [main] DEBUG org.apache.hc.client5.http.headers -- http-outgoing-32 << Age: 510
10:32:29.811 [main] DEBUG org.apache.hc.client5.http.headers -- http-outgoing-32 << X-Served-By: cache-mad22051-MAD
10:32:29.811 [main] DEBUG org.apache.hc.client5.http.headers -- http-outgoing-32 << X-Cache: HIT
10:32:29.811 [main] DEBUG org.apache.hc.client5.http.headers -- http-outgoing-32 << X-Cache-Hits: 1
10:32:29.811 [main] DEBUG org.apache.hc.client5.http.headers -- http-outgoing-32 << X-Timer: S1703755951.300360,VS0,VE1
10:32:29.811 [main] DEBUG org.apache.hc.client5.http.headers -- http-outgoing-32 << Vary: Accept-Encoding
10:32:29.811 [main] DEBUG org.apache.hc.client5.http.headers -- http-outgoing-32 << X-Fastly-Request-ID: d61e31dd30f7182dd9c278865341904d34e3a424
10:32:29.811 [main] DEBUG org.apache.hc.client5.http.impl.classic.MainClientExec -- ex-0000000033 connection can be kept alive for 3 MINUTES
10:32:29.812 [main] DEBUG org.apache.hc.client5.http.wire -- http-outgoing-32 << "[0x1f][0xffffff8b][0x8][0x0][0x0][0x0][0x0][0x0][0x0][0x3][0xffffffcd][0xffffff96][0xffffffcb][0xffffff92][0xffffff9b]0[0x10]E[0xfffffff7][0xfffffff9][0xc][0xffffffad]yI8[0xffffff80]Y&[0xfffffff3][0x7][0xffffff93]URY(F[0xffffffb1][0xffffffa9][0x12][0xffffffe0][0x2][0xffffff8d]'[0xffffff89][0xffffff8b][0x7f][0xffffff8f][0xc]2[0xffffffe6]!1+[0xffffffab]Ya[0x1a][0xffffffb9][0xfffffffb]B[0xffffff9d][0xffffffea]:W$[0xfffffff2][0xffffff82]5[0xffffff82][0x16]g[0xffffff94]"[0x12][0xffffff90][0xffffffd0][0xffffffc5][0xffffffc4]%[0xfffffff1]7[0xffffff82][0xffffffd3] I[0xffffffc3][0xffffffc4][0xb][0xffffff83][0xffffffe4];r[0xffffffd0][0xffffffe1]D[0xffffffcb][0xffffff92][0xfffffff1][0x6][0xffffffa5]W[0xfffffff4]*[0xffffffe8]/[0xffffffce]n[0xffffffbf]TU[0xfffffffe]U[0xffffffd5][0x1c]tau[0xffffff93]W[0xffffffa5],a[0x12]x[0xffffff81][0x17][0x5][0xfffffffb][0xffffffbd][0xffffff87][0xffffff83][0xffffffbd]|T[0xffffffb3]K><[0xffffffc3]q[0x18][0x11]Y[0xffffffcc][0xffffffaa][0xfffffff7][0xffffff92]W4k[0xfffffffa]~uU[0xffffffc8][0xffffffce]?[0xffffffae][0xffffffe8][0xffffffcc][0xffffffa9][0xfffffff8]][0xffffffd5][0xffffff85]<[0xffffffcc][0xfffffff3][0xfffffff2][0xffffffed]O[0xffffffb4][0xffffff93][0xffffff87][0xffffffdf][0xffffffea][0xffffffdb][0xffffffac][0xffffff93][0x10][0xffffffe7]&[0xfffffff5]}[0xffffff96][0x1d]Y[0xffffffc6][0xffffffbd][0xffffff82]y[0xffffffc7][0xffffff8b][0xffffffc0][0xffffffde][0xffffffa1]*T[0xffffffc9][0xffffffef][0xfffffffb][0xffffffa8][0xffffff8b]+[0xffffffdb][0xffffffb8]B[0xffffffbe]d^[0x1e][0xfffffffd]i(_[0xffffffb5][0xffffffbe][0xffffff9f]T[0xffffffb7][0xffffffde][0xffffffbf][0xfffffffc][0xffffff8c]Zg[0x12][0xffffffa2][0xffffffa0][0x7][0xffffff97][0xffffffd6][0xffffffc5]sb[0xc][0xffffffcd][0xffffffef]g[0xffffff87][0xffffff82])[0xffffffca][0xffffff93][0xffffffbe][0xffffff87]j=[0xffffff8e]a[0xfffffff8][0x1e][0xffffffef]y[0x19][0xffffff92]gD[0xffffffe8][0x1a][0xffffffdf][0xffffffcf]u7[0xffffff86][0xfffffff1][0xffffffcf][0xfffffff9][0x2]][0xffffffe3][0xffffffd1][0xfffffff8][0xfffffffb][0xffffffdb][0xffffffff]t[0x14][0xffffff9d]Y[0xffffff9d]K[0xffffffc6][0xffffffc1][0x18][0xffffffed][0xffffffc7]o[0xffffff86]T[0x15]g[0x1b][0xffffffbc][0xffffff8e][0xffffffc2]@R[0xffffffab]b[0xffffffc0][0xffffffb2][0xfffffffb][0x8][0xffffffb1] [0xffffffd8]=1[0xffffff9a]q[0xffffffd6]4nsb[0xffffff9c][0xffffff83][0xffffffa1]<[0xffffffcb][0xffffffb1][0x19][0xffffffa6][0xffffffe7][0xffffffb9][0xffffffb6][0x1][0xffffffb7].[0x15]$[0xffffffe5][0xfffffff3]<[0xffffffb0][0xffffffb8]k[0xffffffd2][0xc][0xffffffdc][0xffffffb7][0xffffffad][0xffffff83][0xffffffbe]0A[0xffffffa7][0xffffffc6][0xffffffd2]U[0xffffffa6][0xffffffbe][0xffffff82]o[0xffffffdd]q[0x14]{8[0xffffff9a][0xffffffeb]J[0x18][0xffffffe2] [0xffffff86][0xffffffd0][0xffffff95]Q&@[[0x19][0xffffffa7][0xffffff80][0xffffff94][0xffffff95]y[0xe][0xfffffffb][0xffffffae]2N`_Uf[0xffffffd3][0xffffffe1]M[0xffffffc5][0xffffff8c][0xffffffa7]}QY[0xffffff83][0xffffffd4][0xffffffbe][0xffffffa7][0xffffff98]Q[0xffffffb5][0xffffffab])&`mZ[0xffffff8a][0x9][0xffffffdb][0xffffffad]H[0xffffffca][0xffffffca][0xffffff92][0xffffff85]s[0xffffff94][0xffffffd5][0xffffff9d][0xb][0xffffffa7](++[0x18][0xffffffc6]P[0xffffff8c][0x1b][0x19]BP[0xffffff8c][0xb][0xfffffffa][0x3]?ya[0xffffff97][0xffffffa9][0xffffff9e][0xffffffdc][\n]"
10:32:29.812 [main] DEBUG org.apache.hc.client5.http.wire -- http-outgoing-32 << "S;!][0xffffffeb]D^[0x16]r[0x12][0xffffffc5][0xffffffbb][0x4]BN[0x1e][0xffffff91][0x0][0xffffffdd]d[0x14][0x2]RMf1[0xffffffec][0xffffff9b][0xffffffc9]([0xffffff80]}1[0xffffff99][0xe][0xffffff87][0xfffffff7][0x12]#[0xffffff99][0xfffffff6][0xffffffb5]d[0xffffff85]O[0xfffffffb]Vb[0xffffffa4][0xffffffd4][0xffffffae][0xffffff94][0x18]X[0xffffffb5][0xffffffe9]$[0x6]b[0xffffffb7][0xffffffa2]$[0xffffffe6][0xffffffd5][\n]"
10:32:29.812 [main] DEBUG org.apache.hc.client5.http.wire -- http-outgoing-32 << "g$k[0xffffff9b][0x16]NH[0xffffffcc][0xffffff8b][0x17][0xffffffc6]GL{[0x18]BGLk[0xfffffff9][0x3][0x1b][0xfffffff9]JKZ[0xffffffff][0xffffff9d][\n]"
10:32:29.812 [main] DEBUG org.apache.hc.client5.http.wire -- http-outgoing-32 << "[0xffffff89][0xffffffaa]i[0xffffff9c][0xffffff84]`[0xffffffbc]t[0xffffff92][0x1d][0xffffffc6][0xffffff9f]C0'[0xffffffe9]"A;I[0x1f][0x2][0xffffffdc]I[0x1e]1[0xffffff80][0xffffff9c][0xffffffa4][0xf][0x0][0xffffffe4]$[0xffffffc3][0xfffffff0][0xffffff8d]8[0xffffff89][0xffffff8e]L '[0xffffffd1][0xfffffff3][0x9][0xffffffe4]$:J[0x1][0xffffff9c]d[0xffffffc9][0xffffffaa]u'Y[0x12][0xffffffbb])'[0xffffffd1][0xffffffae]V`'1lZ`'[0xffffffd1].^@'[0xffffffd1][0xffffffec]a0'[0xffffffd1][0xffffffac][0xffffffe5]U'i[0xffffffdb]O[0xffffffff][0x1][0xffffffee][0xffffffde][0xffffffae][0xffffffb2][0xffffffac]"[0x0][0x0]"
10:32:29.816 [main] DEBUG org.apache.hc.client5.http.impl.classic.InternalHttpClient -- ep-0000000033 releasing valid endpoint
10:32:29.816 [main] DEBUG org.apache.hc.client5.http.impl.io.PoolingHttpClientConnectionManager -- ep-0000000033 releasing endpoint
10:32:29.816 [main] DEBUG org.apache.hc.client5.http.impl.io.PoolingHttpClientConnectionManager -- ep-0000000033 connection http-outgoing-32 can be kept alive for 3 MINUTES
10:32:29.816 [main] DEBUG org.apache.hc.client5.http.impl.io.PoolingHttpClientConnectionManager -- ep-0000000033 connection released [route: {s}->https://googlechromelabs.github.io:443][total available: 2; route allocated: 2 of 5; total allocated: 3 of 25]
10:32:29.829 [main] DEBUG io.github.bonigarcia.wdm.WebDriverManager -- Driver chromedriver 120.0.6099.109 found in cache
10:32:29.830 [main] INFO io.github.bonigarcia.wdm.WebDriverManager -- Exporting webdriver.chrome.driver as C:\Users\info\.cache\selenium\chromedriver\win64\120.0.6099.109\chromedriver.exe
10:32:32.814 [main] DEBUG io.github.bonigarcia.wdm.WebDriverManager -- Using WebDriverManager 5.6.2
10:32:32.839 [main] WARN io.github.bonigarcia.wdm.versions.VersionDetector -- Exception reading CfT URL ('null') to get version of chromedriver (For input string: "120.0.6099.63")
10:32:32.839 [main] DEBUG org.apache.hc.client5.http.impl.classic.InternalHttpClient -- ex-0000000034 preparing request execution
10:32:32.839 [main] DEBUG org.apache.hc.client5.http.impl.classic.ProtocolExec -- ex-0000000034 target auth state: UNCHALLENGED
10:32:32.839 [main] DEBUG org.apache.hc.client5.http.impl.classic.ProtocolExec -- ex-0000000034 proxy auth state: UNCHALLENGED
10:32:32.839 [main] DEBUG org.apache.hc.client5.http.impl.classic.ConnectExec -- ex-0000000034 acquiring connection with route {s}->https://googlechromelabs.github.io:443
10:32:32.839 [main] DEBUG org.apache.hc.client5.http.impl.classic.InternalHttpClient -- ex-0000000034 acquiring endpoint (3 MINUTES)
10:32:32.839 [main] DEBUG org.apache.hc.client5.http.impl.io.PoolingHttpClientConnectionManager -- ex-0000000034 endpoint lease request (3 MINUTES) [route: {s}->https://googlechromelabs.github.io:443][total available: 0; route allocated: 0 of 5; total allocated: 0 of 25]
10:32:32.840 [main] DEBUG org.apache.hc.client5.http.impl.io.PoolingHttpClientConnectionManager -- ex-0000000034 endpoint leased [route: {s}->https://googlechromelabs.github.io:443][total available: 0; route allocated: 1 of 5; total allocated: 1 of 25]
10:32:32.840 [main] DEBUG org.apache.hc.client5.http.impl.io.PoolingHttpClientConnectionManager -- ex-0000000034 acquired ep-0000000034
10:32:32.840 [main] DEBUG org.apache.hc.client5.http.impl.classic.InternalHttpClient -- ex-0000000034 acquired endpoint ep-0000000034
10:32:32.840 [main] DEBUG org.apache.hc.client5.http.impl.classic.ConnectExec -- ex-0000000034 opening connection {s}->https://googlechromelabs.github.io:443
10:32:32.840 [main] DEBUG org.apache.hc.client5.http.impl.classic.InternalHttpClient -- ep-0000000034 connecting endpoint (null)
10:32:32.840 [main] DEBUG org.apache.hc.client5.http.impl.io.PoolingHttpClientConnectionManager -- ep-0000000034 connecting endpoint to https://googlechromelabs.github.io:443 (30 SECONDS)
10:32:32.840 [main] DEBUG org.apache.hc.client5.http.impl.io.DefaultHttpClientConnectionOperator -- googlechromelabs.github.io resolving remote address
10:32:32.840 [main] DEBUG org.apache.hc.client5.http.impl.io.DefaultHttpClientConnectionOperator -- googlechromelabs.github.io resolved to [googlechromelabs.github.io/185.199.110.153, googlechromelabs.github.io/185.199.111.153, googlechromelabs.github.io/185.199.108.153, googlechromelabs.github.io/185.199.109.153]
10:32:32.840 [main] DEBUG org.apache.hc.client5.http.impl.io.DefaultHttpClientConnectionOperator -- googlechromelabs.github.io:443 connecting null->googlechromelabs.github.io/185.199.110.153:443 (30 SECONDS)
10:32:32.840 [main] DEBUG org.apache.hc.client5.http.ssl.SSLConnectionSocketFactory -- Connecting socket to googlechromelabs.github.io/185.199.110.153:443 with timeout 30 SECONDS
10:32:32.880 [main] DEBUG org.apache.hc.client5.http.ssl.SSLConnectionSocketFactory -- Enabled protocols: [TLSv1.3, TLSv1.2]
10:32:32.880 [main] DEBUG org.apache.hc.client5.http.ssl.SSLConnectionSocketFactory -- Enabled cipher suites: [TLS_AES_256_GCM_SHA384, TLS_AES_128_GCM_SHA256, TLS_CHACHA20_POLY1305_SHA256, TLS_ECDHE_ECDSA_WITH_AES_256_GCM_SHA384, TLS_ECDHE_ECDSA_WITH_AES_128_GCM_SHA256, TLS_ECDHE_ECDSA_WITH_CHACHA20_POLY1305_SHA256, TLS_ECDHE_RSA_WITH_AES_256_GCM_SHA384, TLS_ECDHE_RSA_WITH_CHACHA20_POLY1305_SHA256, TLS_ECDHE_RSA_WITH_AES_128_GCM_SHA256, TLS_DHE_RSA_WITH_AES_256_GCM_SHA384, TLS_DHE_RSA_WITH_CHACHA20_POLY1305_SHA256, TLS_DHE_DSS_WITH_AES_256_GCM_SHA384, TLS_DHE_RSA_WITH_AES_128_GCM_SHA256, TLS_DHE_DSS_WITH_AES_128_GCM_SHA256, TLS_ECDHE_ECDSA_WITH_AES_256_CBC_SHA384, TLS_ECDHE_RSA_WITH_AES_256_CBC_SHA384, TLS_ECDHE_ECDSA_WITH_AES_128_CBC_SHA256, TLS_ECDHE_RSA_WITH_AES_128_CBC_SHA256, TLS_DHE_RSA_WITH_AES_256_CBC_SHA256, TLS_DHE_DSS_WITH_AES_256_CBC_SHA256, TLS_DHE_RSA_WITH_AES_128_CBC_SHA256, TLS_DHE_DSS_WITH_AES_128_CBC_SHA256, TLS_ECDHE_ECDSA_WITH_AES_256_CBC_SHA, TLS_ECDHE_RSA_WITH_AES_256_CBC_SHA, TLS_ECDHE_ECDSA_WITH_AES_128_CBC_SHA, TLS_ECDHE_RSA_WITH_AES_128_CBC_SHA, TLS_DHE_RSA_WITH_AES_256_CBC_SHA, TLS_DHE_DSS_WITH_AES_256_CBC_SHA, TLS_DHE_RSA_WITH_AES_128_CBC_SHA, TLS_DHE_DSS_WITH_AES_128_CBC_SHA, TLS_RSA_WITH_AES_256_GCM_SHA384, TLS_RSA_WITH_AES_128_GCM_SHA256, TLS_RSA_WITH_AES_256_CBC_SHA256, TLS_RSA_WITH_AES_128_CBC_SHA256, TLS_RSA_WITH_AES_256_CBC_SHA, TLS_RSA_WITH_AES_128_CBC_SHA, TLS_EMPTY_RENEGOTIATION_INFO_SCSV]
10:32:32.880 [main] DEBUG org.apache.hc.client5.http.ssl.SSLConnectionSocketFactory -- Starting handshake (null)
10:32:32.931 [main] DEBUG org.apache.hc.client5.http.ssl.SSLConnectionSocketFactory -- Secure session established
10:32:32.931 [main] DEBUG org.apache.hc.client5.http.ssl.SSLConnectionSocketFactory --  negotiated protocol: TLSv1.3
10:32:32.931 [main] DEBUG org.apache.hc.client5.http.ssl.SSLConnectionSocketFactory --  negotiated cipher suite: TLS_AES_128_GCM_SHA256
10:32:32.931 [main] DEBUG org.apache.hc.client5.http.ssl.SSLConnectionSocketFactory --  peer principal: CN=*.github.io, O="GitHub, Inc.", L=San Francisco, ST=California, C=US
10:32:32.931 [main] DEBUG org.apache.hc.client5.http.ssl.SSLConnectionSocketFactory --  peer alternative names: [*.github.io, github.io, *.github.com, github.com, www.github.com, *.githubusercontent.com, githubusercontent.com]
10:32:32.931 [main] DEBUG org.apache.hc.client5.http.ssl.SSLConnectionSocketFactory --  issuer principal: CN=DigiCert TLS RSA SHA256 2020 CA1, O=DigiCert Inc, C=US
10:32:32.931 [main] DEBUG org.apache.hc.client5.http.impl.io.DefaultManagedHttpClientConnection -- http-outgoing-33 set socket timeout to 3 MINUTES
10:32:32.931 [main] DEBUG org.apache.hc.client5.http.impl.io.DefaultHttpClientConnectionOperator -- googlechromelabs.github.io:443 connected null->googlechromelabs.github.io/185.199.110.153:443 as http-outgoing-33
10:32:32.931 [main] DEBUG org.apache.hc.client5.http.impl.io.PoolingHttpClientConnectionManager -- ep-0000000034 connected http-outgoing-33
10:32:32.931 [main] DEBUG org.apache.hc.client5.http.impl.classic.InternalHttpClient -- ep-0000000034 endpoint connected
10:32:32.931 [main] DEBUG org.apache.hc.client5.http.impl.classic.MainClientExec -- ex-0000000034 executing GET /chrome-for-testing/LATEST_RELEASE_120.0.6099.63 HTTP/1.1
10:32:32.931 [main] DEBUG org.apache.hc.client5.http.protocol.RequestAddCookies -- ex-0000000034 Cookie spec selected: strict
10:32:32.931 [main] DEBUG org.apache.hc.client5.http.impl.classic.InternalHttpClient -- ep-0000000034 start execution ex-0000000034
10:32:32.931 [main] DEBUG org.apache.hc.client5.http.impl.io.PoolingHttpClientConnectionManager -- ep-0000000034 executing exchange ex-0000000034 over http-outgoing-33
10:32:32.931 [main] DEBUG org.apache.hc.client5.http.headers -- http-outgoing-33 >> GET /chrome-for-testing/LATEST_RELEASE_120.0.6099.63 HTTP/1.1
10:32:32.931 [main] DEBUG org.apache.hc.client5.http.headers -- http-outgoing-33 >> user-agent: Apache-HttpClient/5.0
10:32:32.931 [main] DEBUG org.apache.hc.client5.http.headers -- http-outgoing-33 >> accept-encoding: gzip, deflate, br
10:32:32.931 [main] DEBUG org.apache.hc.client5.http.headers -- http-outgoing-33 >> cache-control: max-age=0
10:32:32.931 [main] DEBUG org.apache.hc.client5.http.headers -- http-outgoing-33 >> connection: keep-alive
10:32:32.931 [main] DEBUG org.apache.hc.client5.http.headers -- http-outgoing-33 >> Host: googlechromelabs.github.io
10:32:32.931 [main] DEBUG org.apache.hc.client5.http.wire -- http-outgoing-33 >> "GET /chrome-for-testing/LATEST_RELEASE_120.0.6099.63 HTTP/1.1[\r][\n]"
10:32:32.931 [main] DEBUG org.apache.hc.client5.http.wire -- http-outgoing-33 >> "user-agent: Apache-HttpClient/5.0[\r][\n]"
10:32:32.931 [main] DEBUG org.apache.hc.client5.http.wire -- http-outgoing-33 >> "accept-encoding: gzip, deflate, br[\r][\n]"
10:32:32.931 [main] DEBUG org.apache.hc.client5.http.wire -- http-outgoing-33 >> "cache-control: max-age=0[\r][\n]"
10:32:32.931 [main] DEBUG org.apache.hc.client5.http.wire -- http-outgoing-33 >> "connection: keep-alive[\r][\n]"
10:32:32.931 [main] DEBUG org.apache.hc.client5.http.wire -- http-outgoing-33 >> "Host: googlechromelabs.github.io[\r][\n]"
10:32:32.931 [main] DEBUG org.apache.hc.client5.http.wire -- http-outgoing-33 >> "[\r][\n]"
10:32:32.971 [main] DEBUG org.apache.hc.client5.http.wire -- http-outgoing-33 << "HTTP/1.1 404 Not Found[\r][\n]"
10:32:32.971 [main] DEBUG org.apache.hc.client5.http.wire -- http-outgoing-33 << "Connection: keep-alive[\r][\n]"
10:32:32.971 [main] DEBUG org.apache.hc.client5.http.wire -- http-outgoing-33 << "Content-Length: 5254[\r][\n]"
10:32:32.971 [main] DEBUG org.apache.hc.client5.http.wire -- http-outgoing-33 << "Server: GitHub.com[\r][\n]"
10:32:32.971 [main] DEBUG org.apache.hc.client5.http.wire -- http-outgoing-33 << "Content-Type: text/html; charset=utf-8[\r][\n]"
10:32:32.971 [main] DEBUG org.apache.hc.client5.http.wire -- http-outgoing-33 << "permissions-policy: interest-cohort=()[\r][\n]"
10:32:32.971 [main] DEBUG org.apache.hc.client5.http.wire -- http-outgoing-33 << "x-origin-cache: HIT[\r][\n]"
10:32:32.971 [main] DEBUG org.apache.hc.client5.http.wire -- http-outgoing-33 << "Access-Control-Allow-Origin: *[\r][\n]"
10:32:32.971 [main] DEBUG org.apache.hc.client5.http.wire -- http-outgoing-33 << "Strict-Transport-Security: max-age=31556952[\r][\n]"
10:32:32.971 [main] DEBUG org.apache.hc.client5.http.wire -- http-outgoing-33 << "ETag: W/"64d39a40-24a3"[\r][\n]"
10:32:32.971 [main] DEBUG org.apache.hc.client5.http.wire -- http-outgoing-33 << "Content-Security-Policy: default-src 'none'; style-src 'unsafe-inline'; img-src data:; connect-src 'self'[\r][\n]"
10:32:32.971 [main] DEBUG org.apache.hc.client5.http.wire -- http-outgoing-33 << "Content-Encoding: gzip[\r][\n]"
10:32:32.971 [main] DEBUG org.apache.hc.client5.http.wire -- http-outgoing-33 << "x-proxy-cache: MISS[\r][\n]"
10:32:32.971 [main] DEBUG org.apache.hc.client5.http.wire -- http-outgoing-33 << "X-GitHub-Request-Id: D770:36888F:8DAD80:90719A:658D4063[\r][\n]"
10:32:32.971 [main] DEBUG org.apache.hc.client5.http.wire -- http-outgoing-33 << "Accept-Ranges: bytes[\r][\n]"
10:32:32.971 [main] DEBUG org.apache.hc.client5.http.wire -- http-outgoing-33 << "Date: Thu, 28 Dec 2023 09:32:34 GMT[\r][\n]"
10:32:32.971 [main] DEBUG org.apache.hc.client5.http.wire -- http-outgoing-33 << "Via: 1.1 varnish[\r][\n]"
10:32:32.971 [main] DEBUG org.apache.hc.client5.http.wire -- http-outgoing-33 << "Age: 79[\r][\n]"
10:32:32.971 [main] DEBUG org.apache.hc.client5.http.wire -- http-outgoing-33 << "X-Served-By: cache-mad2200115-MAD[\r][\n]"
10:32:32.971 [main] DEBUG org.apache.hc.client5.http.wire -- http-outgoing-33 << "X-Cache: HIT[\r][\n]"
10:32:32.971 [main] DEBUG org.apache.hc.client5.http.wire -- http-outgoing-33 << "X-Cache-Hits: 1[\r][\n]"
10:32:32.971 [main] DEBUG org.apache.hc.client5.http.wire -- http-outgoing-33 << "X-Timer: S1703755954.462932,VS0,VE1[\r][\n]"
10:32:32.971 [main] DEBUG org.apache.hc.client5.http.wire -- http-outgoing-33 << "Vary: Accept-Encoding[\r][\n]"
10:32:32.971 [main] DEBUG org.apache.hc.client5.http.wire -- http-outgoing-33 << "X-Fastly-Request-ID: 2847f9a9a7968b934d90732c758b0cb06f4c0363[\r][\n]"
10:32:32.971 [main] DEBUG org.apache.hc.client5.http.wire -- http-outgoing-33 << "[\r][\n]"
10:32:32.971 [main] DEBUG org.apache.hc.client5.http.headers -- http-outgoing-33 << HTTP/1.1 404 Not Found
10:32:32.971 [main] DEBUG org.apache.hc.client5.http.headers -- http-outgoing-33 << Connection: keep-alive
10:32:32.971 [main] DEBUG org.apache.hc.client5.http.headers -- http-outgoing-33 << Content-Length: 5254
10:32:32.971 [main] DEBUG org.apache.hc.client5.http.headers -- http-outgoing-33 << Server: GitHub.com
10:32:32.971 [main] DEBUG org.apache.hc.client5.http.headers -- http-outgoing-33 << Content-Type: text/html; charset=utf-8
10:32:32.971 [main] DEBUG org.apache.hc.client5.http.headers -- http-outgoing-33 << permissions-policy: interest-cohort=()
10:32:32.971 [main] DEBUG org.apache.hc.client5.http.headers -- http-outgoing-33 << x-origin-cache: HIT
10:32:32.971 [main] DEBUG org.apache.hc.client5.http.headers -- http-outgoing-33 << Access-Control-Allow-Origin: *
10:32:32.971 [main] DEBUG org.apache.hc.client5.http.headers -- http-outgoing-33 << Strict-Transport-Security: max-age=31556952
10:32:32.971 [main] DEBUG org.apache.hc.client5.http.headers -- http-outgoing-33 << ETag: W/"64d39a40-24a3"
10:32:32.971 [main] DEBUG org.apache.hc.client5.http.headers -- http-outgoing-33 << Content-Security-Policy: default-src 'none'; style-src 'unsafe-inline'; img-src data:; connect-src 'self'
10:32:32.971 [main] DEBUG org.apache.hc.client5.http.headers -- http-outgoing-33 << Content-Encoding: gzip
10:32:32.971 [main] DEBUG org.apache.hc.client5.http.headers -- http-outgoing-33 << x-proxy-cache: MISS
10:32:32.971 [main] DEBUG org.apache.hc.client5.http.headers -- http-outgoing-33 << X-GitHub-Request-Id: D770:36888F:8DAD80:90719A:658D4063
10:32:32.971 [main] DEBUG org.apache.hc.client5.http.headers -- http-outgoing-33 << Accept-Ranges: bytes
10:32:32.971 [main] DEBUG org.apache.hc.client5.http.headers -- http-outgoing-33 << Date: Thu, 28 Dec 2023 09:32:34 GMT
10:32:32.971 [main] DEBUG org.apache.hc.client5.http.headers -- http-outgoing-33 << Via: 1.1 varnish
10:32:32.971 [main] DEBUG org.apache.hc.client5.http.headers -- http-outgoing-33 << Age: 79
10:32:32.971 [main] DEBUG org.apache.hc.client5.http.headers -- http-outgoing-33 << X-Served-By: cache-mad2200115-MAD
10:32:32.971 [main] DEBUG org.apache.hc.client5.http.headers -- http-outgoing-33 << X-Cache: HIT
10:32:32.971 [main] DEBUG org.apache.hc.client5.http.headers -- http-outgoing-33 << X-Cache-Hits: 1
10:32:32.971 [main] DEBUG org.apache.hc.client5.http.headers -- http-outgoing-33 << X-Timer: S1703755954.462932,VS0,VE1
10:32:32.971 [main] DEBUG org.apache.hc.client5.http.headers -- http-outgoing-33 << Vary: Accept-Encoding
10:32:32.971 [main] DEBUG org.apache.hc.client5.http.headers -- http-outgoing-33 << X-Fastly-Request-ID: 2847f9a9a7968b934d90732c758b0cb06f4c0363
10:32:32.971 [main] DEBUG org.apache.hc.client5.http.impl.classic.MainClientExec -- ex-0000000034 connection can be kept alive for 3 MINUTES
10:32:32.972 [main] ERROR io.github.bonigarcia.wdm.online.HttpClient -- Error HTTP 404 executing https://googlechromelabs.github.io/chrome-for-testing/LATEST_RELEASE_120.0.6099.63
10:32:32.972 [main] WARN io.github.bonigarcia.wdm.versions.VersionDetector -- Exception reading https://googlechromelabs.github.io/chrome-for-testing/LATEST_RELEASE_120.0.6099.63 to get latest version of chromedriver (Error HTTP 404 executing https://googlechromelabs.github.io/chrome-for-testing/LATEST_RELEASE_120.0.6099.63)
10:32:32.973 [main] DEBUG io.github.bonigarcia.wdm.versions.VersionDetector -- Getting driver version for chrome120.0.6099.63 from online versions.properties
10:32:32.973 [main] DEBUG org.apache.hc.client5.http.impl.classic.InternalHttpClient -- ex-0000000035 preparing request execution
10:32:32.973 [main] DEBUG org.apache.hc.client5.http.impl.classic.ProtocolExec -- ex-0000000035 target auth state: UNCHALLENGED
10:32:32.973 [main] DEBUG org.apache.hc.client5.http.impl.classic.ProtocolExec -- ex-0000000035 proxy auth state: UNCHALLENGED
10:32:32.973 [main] DEBUG org.apache.hc.client5.http.impl.classic.ConnectExec -- ex-0000000035 acquiring connection with route {s}->https://raw.githubusercontent.com:443
10:32:32.973 [main] DEBUG org.apache.hc.client5.http.impl.classic.InternalHttpClient -- ex-0000000035 acquiring endpoint (3 MINUTES)
10:32:32.973 [main] DEBUG org.apache.hc.client5.http.impl.io.PoolingHttpClientConnectionManager -- ex-0000000035 endpoint lease request (3 MINUTES) [route: {s}->https://raw.githubusercontent.com:443][total available: 0; route allocated: 0 of 5; total allocated: 1 of 25]
10:32:32.974 [main] DEBUG org.apache.hc.client5.http.impl.io.PoolingHttpClientConnectionManager -- ex-0000000035 endpoint leased [route: {s}->https://raw.githubusercontent.com:443][total available: 0; route allocated: 1 of 5; total allocated: 2 of 25]
10:32:32.974 [main] DEBUG org.apache.hc.client5.http.impl.io.PoolingHttpClientConnectionManager -- ex-0000000035 acquired ep-0000000035
10:32:32.974 [main] DEBUG org.apache.hc.client5.http.impl.classic.InternalHttpClient -- ex-0000000035 acquired endpoint ep-0000000035
10:32:32.974 [main] DEBUG org.apache.hc.client5.http.impl.classic.ConnectExec -- ex-0000000035 opening connection {s}->https://raw.githubusercontent.com:443
10:32:32.974 [main] DEBUG org.apache.hc.client5.http.impl.classic.InternalHttpClient -- ep-0000000035 connecting endpoint (null)
10:32:32.974 [main] DEBUG org.apache.hc.client5.http.impl.io.PoolingHttpClientConnectionManager -- ep-0000000035 connecting endpoint to https://raw.githubusercontent.com:443 (30 SECONDS)
10:32:32.974 [main] DEBUG org.apache.hc.client5.http.impl.io.DefaultHttpClientConnectionOperator -- raw.githubusercontent.com resolving remote address
10:32:32.974 [main] DEBUG org.apache.hc.client5.http.impl.io.DefaultHttpClientConnectionOperator -- raw.githubusercontent.com resolved to [raw.githubusercontent.com/185.199.109.133, raw.githubusercontent.com/185.199.110.133, raw.githubusercontent.com/185.199.108.133, raw.githubusercontent.com/185.199.111.133]
10:32:32.974 [main] DEBUG org.apache.hc.client5.http.impl.io.DefaultHttpClientConnectionOperator -- raw.githubusercontent.com:443 connecting null->raw.githubusercontent.com/185.199.109.133:443 (30 SECONDS)
10:32:32.974 [main] DEBUG org.apache.hc.client5.http.ssl.SSLConnectionSocketFactory -- Connecting socket to raw.githubusercontent.com/185.199.109.133:443 with timeout 30 SECONDS
10:32:33.012 [main] DEBUG org.apache.hc.client5.http.ssl.SSLConnectionSocketFactory -- Enabled protocols: [TLSv1.3, TLSv1.2]
10:32:33.012 [main] DEBUG org.apache.hc.client5.http.ssl.SSLConnectionSocketFactory -- Enabled cipher suites: [TLS_AES_256_GCM_SHA384, TLS_AES_128_GCM_SHA256, TLS_CHACHA20_POLY1305_SHA256, TLS_ECDHE_ECDSA_WITH_AES_256_GCM_SHA384, TLS_ECDHE_ECDSA_WITH_AES_128_GCM_SHA256, TLS_ECDHE_ECDSA_WITH_CHACHA20_POLY1305_SHA256, TLS_ECDHE_RSA_WITH_AES_256_GCM_SHA384, TLS_ECDHE_RSA_WITH_CHACHA20_POLY1305_SHA256, TLS_ECDHE_RSA_WITH_AES_128_GCM_SHA256, TLS_DHE_RSA_WITH_AES_256_GCM_SHA384, TLS_DHE_RSA_WITH_CHACHA20_POLY1305_SHA256, TLS_DHE_DSS_WITH_AES_256_GCM_SHA384, TLS_DHE_RSA_WITH_AES_128_GCM_SHA256, TLS_DHE_DSS_WITH_AES_128_GCM_SHA256, TLS_ECDHE_ECDSA_WITH_AES_256_CBC_SHA384, TLS_ECDHE_RSA_WITH_AES_256_CBC_SHA384, TLS_ECDHE_ECDSA_WITH_AES_128_CBC_SHA256, TLS_ECDHE_RSA_WITH_AES_128_CBC_SHA256, TLS_DHE_RSA_WITH_AES_256_CBC_SHA256, TLS_DHE_DSS_WITH_AES_256_CBC_SHA256, TLS_DHE_RSA_WITH_AES_128_CBC_SHA256, TLS_DHE_DSS_WITH_AES_128_CBC_SHA256, TLS_ECDHE_ECDSA_WITH_AES_256_CBC_SHA, TLS_ECDHE_RSA_WITH_AES_256_CBC_SHA, TLS_ECDHE_ECDSA_WITH_AES_128_CBC_SHA, TLS_ECDHE_RSA_WITH_AES_128_CBC_SHA, TLS_DHE_RSA_WITH_AES_256_CBC_SHA, TLS_DHE_DSS_WITH_AES_256_CBC_SHA, TLS_DHE_RSA_WITH_AES_128_CBC_SHA, TLS_DHE_DSS_WITH_AES_128_CBC_SHA, TLS_RSA_WITH_AES_256_GCM_SHA384, TLS_RSA_WITH_AES_128_GCM_SHA256, TLS_RSA_WITH_AES_256_CBC_SHA256, TLS_RSA_WITH_AES_128_CBC_SHA256, TLS_RSA_WITH_AES_256_CBC_SHA, TLS_RSA_WITH_AES_128_CBC_SHA, TLS_EMPTY_RENEGOTIATION_INFO_SCSV]
10:32:33.012 [main] DEBUG org.apache.hc.client5.http.ssl.SSLConnectionSocketFactory -- Starting handshake (null)
10:32:33.062 [main] DEBUG org.apache.hc.client5.http.ssl.SSLConnectionSocketFactory -- Secure session established
10:32:33.062 [main] DEBUG org.apache.hc.client5.http.ssl.SSLConnectionSocketFactory --  negotiated protocol: TLSv1.3
10:32:33.062 [main] DEBUG org.apache.hc.client5.http.ssl.SSLConnectionSocketFactory --  negotiated cipher suite: TLS_AES_128_GCM_SHA256
10:32:33.062 [main] DEBUG org.apache.hc.client5.http.ssl.SSLConnectionSocketFactory --  peer principal: CN=*.github.io, O="GitHub, Inc.", L=San Francisco, ST=California, C=US
10:32:33.062 [main] DEBUG org.apache.hc.client5.http.ssl.SSLConnectionSocketFactory --  peer alternative names: [*.github.io, github.io, *.github.com, github.com, www.github.com, *.githubusercontent.com, githubusercontent.com]
10:32:33.062 [main] DEBUG org.apache.hc.client5.http.ssl.SSLConnectionSocketFactory --  issuer principal: CN=DigiCert TLS RSA SHA256 2020 CA1, O=DigiCert Inc, C=US
10:32:33.062 [main] DEBUG org.apache.hc.client5.http.impl.io.DefaultManagedHttpClientConnection -- http-outgoing-34 set socket timeout to 3 MINUTES
10:32:33.062 [main] DEBUG org.apache.hc.client5.http.impl.io.DefaultHttpClientConnectionOperator -- raw.githubusercontent.com:443 connected null->raw.githubusercontent.com/185.199.109.133:443 as http-outgoing-34
10:32:33.062 [main] DEBUG org.apache.hc.client5.http.impl.io.PoolingHttpClientConnectionManager -- ep-0000000035 connected http-outgoing-34
10:32:33.062 [main] DEBUG org.apache.hc.client5.http.impl.classic.InternalHttpClient -- ep-0000000035 endpoint connected
10:32:33.062 [main] DEBUG org.apache.hc.client5.http.impl.classic.MainClientExec -- ex-0000000035 executing GET /bonigarcia/webdrivermanager/master/src/main/resources/versions.properties HTTP/1.1
10:32:33.062 [main] DEBUG org.apache.hc.client5.http.protocol.RequestAddCookies -- ex-0000000035 Cookie spec selected: strict
10:32:33.062 [main] DEBUG org.apache.hc.client5.http.impl.classic.InternalHttpClient -- ep-0000000035 start execution ex-0000000035
10:32:33.062 [main] DEBUG org.apache.hc.client5.http.impl.io.PoolingHttpClientConnectionManager -- ep-0000000035 executing exchange ex-0000000035 over http-outgoing-34
10:32:33.062 [main] DEBUG org.apache.hc.client5.http.headers -- http-outgoing-34 >> GET /bonigarcia/webdrivermanager/master/src/main/resources/versions.properties HTTP/1.1
10:32:33.062 [main] DEBUG org.apache.hc.client5.http.headers -- http-outgoing-34 >> user-agent: Apache-HttpClient/5.0
10:32:33.062 [main] DEBUG org.apache.hc.client5.http.headers -- http-outgoing-34 >> accept-encoding: gzip, deflate, br
10:32:33.062 [main] DEBUG org.apache.hc.client5.http.headers -- http-outgoing-34 >> cache-control: max-age=0
10:32:33.062 [main] DEBUG org.apache.hc.client5.http.headers -- http-outgoing-34 >> connection: keep-alive
10:32:33.062 [main] DEBUG org.apache.hc.client5.http.headers -- http-outgoing-34 >> Host: raw.githubusercontent.com
10:32:33.062 [main] DEBUG org.apache.hc.client5.http.wire -- http-outgoing-34 >> "GET /bonigarcia/webdrivermanager/master/src/main/resources/versions.properties HTTP/1.1[\r][\n]"
10:32:33.062 [main] DEBUG org.apache.hc.client5.http.wire -- http-outgoing-34 >> "user-agent: Apache-HttpClient/5.0[\r][\n]"
10:32:33.062 [main] DEBUG org.apache.hc.client5.http.wire -- http-outgoing-34 >> "accept-encoding: gzip, deflate, br[\r][\n]"
10:32:33.062 [main] DEBUG org.apache.hc.client5.http.wire -- http-outgoing-34 >> "cache-control: max-age=0[\r][\n]"
10:32:33.062 [main] DEBUG org.apache.hc.client5.http.wire -- http-outgoing-34 >> "connection: keep-alive[\r][\n]"
10:32:33.062 [main] DEBUG org.apache.hc.client5.http.wire -- http-outgoing-34 >> "Host: raw.githubusercontent.com[\r][\n]"
10:32:33.062 [main] DEBUG org.apache.hc.client5.http.wire -- http-outgoing-34 >> "[\r][\n]"
10:32:33.107 [main] DEBUG org.apache.hc.client5.http.wire -- http-outgoing-34 << "HTTP/1.1 200 OK[\r][\n]"
10:32:33.107 [main] DEBUG org.apache.hc.client5.http.wire -- http-outgoing-34 << "Connection: keep-alive[\r][\n]"
10:32:33.107 [main] DEBUG org.apache.hc.client5.http.wire -- http-outgoing-34 << "Content-Length: 1653[\r][\n]"
10:32:33.107 [main] DEBUG org.apache.hc.client5.http.wire -- http-outgoing-34 << "Cache-Control: max-age=300[\r][\n]"
10:32:33.107 [main] DEBUG org.apache.hc.client5.http.wire -- http-outgoing-34 << "Content-Security-Policy: default-src 'none'; style-src 'unsafe-inline'; sandbox[\r][\n]"
10:32:33.107 [main] DEBUG org.apache.hc.client5.http.wire -- http-outgoing-34 << "Content-Type: text/plain; charset=utf-8[\r][\n]"
10:32:33.107 [main] DEBUG org.apache.hc.client5.http.wire -- http-outgoing-34 << "ETag: W/"de56f96e4580ae55450ed6a794662cbdb2b39827f9709095aa3e1e7f6914629d"[\r][\n]"
10:32:33.107 [main] DEBUG org.apache.hc.client5.http.wire -- http-outgoing-34 << "Strict-Transport-Security: max-age=31536000[\r][\n]"
10:32:33.107 [main] DEBUG org.apache.hc.client5.http.wire -- http-outgoing-34 << "X-Content-Type-Options: nosniff[\r][\n]"
10:32:33.107 [main] DEBUG org.apache.hc.client5.http.wire -- http-outgoing-34 << "X-Frame-Options: deny[\r][\n]"
10:32:33.107 [main] DEBUG org.apache.hc.client5.http.wire -- http-outgoing-34 << "X-XSS-Protection: 1; mode=block[\r][\n]"
10:32:33.107 [main] DEBUG org.apache.hc.client5.http.wire -- http-outgoing-34 << "X-GitHub-Request-Id: D5BE:3DFCCC:2516CE:27975C:658D16A0[\r][\n]"
10:32:33.107 [main] DEBUG org.apache.hc.client5.http.wire -- http-outgoing-34 << "Content-Encoding: gzip[\r][\n]"
10:32:33.107 [main] DEBUG org.apache.hc.client5.http.wire -- http-outgoing-34 << "Accept-Ranges: bytes[\r][\n]"
10:32:33.107 [main] DEBUG org.apache.hc.client5.http.wire -- http-outgoing-34 << "Date: Thu, 28 Dec 2023 09:32:34 GMT[\r][\n]"
10:32:33.107 [main] DEBUG org.apache.hc.client5.http.wire -- http-outgoing-34 << "Via: 1.1 varnish[\r][\n]"
10:32:33.107 [main] DEBUG org.apache.hc.client5.http.wire -- http-outgoing-34 << "X-Served-By: cache-mad22033-MAD[\r][\n]"
10:32:33.107 [main] DEBUG org.apache.hc.client5.http.wire -- http-outgoing-34 << "X-Cache: HIT[\r][\n]"
10:32:33.107 [main] DEBUG org.apache.hc.client5.http.wire -- http-outgoing-34 << "X-Cache-Hits: 1[\r][\n]"
10:32:33.107 [main] DEBUG org.apache.hc.client5.http.wire -- http-outgoing-34 << "X-Timer: S1703755955.593322,VS0,VE1[\r][\n]"
10:32:33.107 [main] DEBUG org.apache.hc.client5.http.wire -- http-outgoing-34 << "Vary: Authorization,Accept-Encoding,Origin[\r][\n]"
10:32:33.107 [main] DEBUG org.apache.hc.client5.http.wire -- http-outgoing-34 << "Access-Control-Allow-Origin: *[\r][\n]"
10:32:33.107 [main] DEBUG org.apache.hc.client5.http.wire -- http-outgoing-34 << "Cross-Origin-Resource-Policy: cross-origin[\r][\n]"
10:32:33.107 [main] DEBUG org.apache.hc.client5.http.wire -- http-outgoing-34 << "X-Fastly-Request-ID: 1a6c11257580e3abeabf06409a7278b8c61350bd[\r][\n]"
10:32:33.107 [main] DEBUG org.apache.hc.client5.http.wire -- http-outgoing-34 << "Expires: Thu, 28 Dec 2023 09:37:34 GMT[\r][\n]"
10:32:33.107 [main] DEBUG org.apache.hc.client5.http.wire -- http-outgoing-34 << "Source-Age: 78[\r][\n]"
10:32:33.107 [main] DEBUG org.apache.hc.client5.http.wire -- http-outgoing-34 << "[\r][\n]"
10:32:33.108 [main] DEBUG org.apache.hc.client5.http.headers -- http-outgoing-34 << HTTP/1.1 200 OK
10:32:33.108 [main] DEBUG org.apache.hc.client5.http.headers -- http-outgoing-34 << Connection: keep-alive
10:32:33.108 [main] DEBUG org.apache.hc.client5.http.headers -- http-outgoing-34 << Content-Length: 1653
10:32:33.108 [main] DEBUG org.apache.hc.client5.http.headers -- http-outgoing-34 << Cache-Control: max-age=300
10:32:33.108 [main] DEBUG org.apache.hc.client5.http.headers -- http-outgoing-34 << Content-Security-Policy: default-src 'none'; style-src 'unsafe-inline'; sandbox
10:32:33.108 [main] DEBUG org.apache.hc.client5.http.headers -- http-outgoing-34 << Content-Type: text/plain; charset=utf-8
10:32:33.108 [main] DEBUG org.apache.hc.client5.http.headers -- http-outgoing-34 << ETag: W/"de56f96e4580ae55450ed6a794662cbdb2b39827f9709095aa3e1e7f6914629d"
10:32:33.108 [main] DEBUG org.apache.hc.client5.http.headers -- http-outgoing-34 << Strict-Transport-Security: max-age=31536000
10:32:33.108 [main] DEBUG org.apache.hc.client5.http.headers -- http-outgoing-34 << X-Content-Type-Options: nosniff
10:32:33.108 [main] DEBUG org.apache.hc.client5.http.headers -- http-outgoing-34 << X-Frame-Options: deny
10:32:33.108 [main] DEBUG org.apache.hc.client5.http.headers -- http-outgoing-34 << X-XSS-Protection: 1; mode=block
10:32:33.108 [main] DEBUG org.apache.hc.client5.http.headers -- http-outgoing-34 << X-GitHub-Request-Id: D5BE:3DFCCC:2516CE:27975C:658D16A0
10:32:33.108 [main] DEBUG org.apache.hc.client5.http.headers -- http-outgoing-34 << Content-Encoding: gzip
10:32:33.108 [main] DEBUG org.apache.hc.client5.http.headers -- http-outgoing-34 << Accept-Ranges: bytes
10:32:33.108 [main] DEBUG org.apache.hc.client5.http.headers -- http-outgoing-34 << Date: Thu, 28 Dec 2023 09:32:34 GMT
10:32:33.108 [main] DEBUG org.apache.hc.client5.http.headers -- http-outgoing-34 << Via: 1.1 varnish
10:32:33.108 [main] DEBUG org.apache.hc.client5.http.headers -- http-outgoing-34 << X-Served-By: cache-mad22033-MAD
10:32:33.108 [main] DEBUG org.apache.hc.client5.http.headers -- http-outgoing-34 << X-Cache: HIT
10:32:33.108 [main] DEBUG org.apache.hc.client5.http.headers -- http-outgoing-34 << X-Cache-Hits: 1
10:32:33.108 [main] DEBUG org.apache.hc.client5.http.headers -- http-outgoing-34 << X-Timer: S1703755955.593322,VS0,VE1
10:32:33.108 [main] DEBUG org.apache.hc.client5.http.headers -- http-outgoing-34 << Vary: Authorization,Accept-Encoding,Origin
10:32:33.108 [main] DEBUG org.apache.hc.client5.http.headers -- http-outgoing-34 << Access-Control-Allow-Origin: *
10:32:33.108 [main] DEBUG org.apache.hc.client5.http.headers -- http-outgoing-34 << Cross-Origin-Resource-Policy: cross-origin
10:32:33.108 [main] DEBUG org.apache.hc.client5.http.headers -- http-outgoing-34 << X-Fastly-Request-ID: 1a6c11257580e3abeabf06409a7278b8c61350bd
10:32:33.108 [main] DEBUG org.apache.hc.client5.http.headers -- http-outgoing-34 << Expires: Thu, 28 Dec 2023 09:37:34 GMT
10:32:33.108 [main] DEBUG org.apache.hc.client5.http.headers -- http-outgoing-34 << Source-Age: 78
10:32:33.108 [main] DEBUG org.apache.hc.client5.http.impl.classic.MainClientExec -- ex-0000000035 connection can be kept alive for 3 MINUTES
10:32:33.109 [main] DEBUG org.apache.hc.client5.http.wire -- http-outgoing-34 << "[0x1f][0xffffff8b][0x8][0x0][0x0][0x0][0x0][0x0][0x0][0x3][0xffffff8d][0xffffff97]Mo[0xffffffe3]6[0x10][0xffffff86][0xffffffef][0xfffffff9][0x15][0x2]z[0xffffff8e][0xffffffcc][0xffffffcf]![0x19][0xffffff80][0xffffff97]~[0xffffff9e][0xffffff8a][0x1e][0xffffffda]?[0xffffffe0][0xffffffb5][0xffffff95]DX[0xffffffc7][\n]"
10:32:33.109 [main] DEBUG org.apache.hc.client5.http.wire -- http-outgoing-34 << "lg[0xffffffb3][0xffffffe8][0xffffffaf][0xffffffef][0xc][0xffffffc9][0xffffffa1]h[0xffffffaa][0x5]z[0x8]v[0xffffffe7][0xffffffb1]D[0xffffffce][0xffffff90][0xffffffd4][0xffffffcb]w~[0x18][0xfffffffe]z[0xffffff9d][0xffffffaf][0xffffffc3][0xfffffff3]|[0xffffff9a][0xffffff86][0xffffffc3]r[0xffffffbe][0xffffffed][0xffffffe7][0xfffffff3]u[0xffffffb8][0xffffffbd]N[0xffffffc3][0xffffffd7][0xfffffff3][0xfffffff2]y[0x1e][0xffffff8e][0xffffff97][0xfffffff9][0xffffffdb]t[0x19][0xfffffff0][0xffffffef]:/[0xfffffff8][0xffffffcb]ay{[0xffffffdf][0xffffffdf][0xffffffe6]/[0xfffffff8][0xfffffff4][0xffffffe7]|{MO[0x1e][0xffffff96][0xffffffcb]e[0xffffffba][0xffffffbe]/[0xffffffe7][0xffffffe3]|~[0x19][0xffffffbe]\[0xffffff96][0xffffffcf][0xffffffeb][0xfffffffa][0xffffffca][0xffffffc3][0xffffffc3][0xf][0xffffffc3][0xffffff8f][0x19]=[\r][0xffffffbf]-[0xffffffcb][0xb][0xffffffbe][0xfffffff9][0xffffffd3][0xffffffeb]ey[0xffffff9b][0xffffff86][0xfffffffd][0xfffffff9][0xffffff98][0xffffffff];[0x7f][0xffffffbc][\r][0xffffff8f][0xffffffc3][0xffffffcf]i[0xffffffaa][0xffffffa7][0xffffffe1][0xffffff90]~[0xffffffcd][0x13][0xffffffe3][0xffffffcb][0x7f].[0x1f][0xffffff97][0xffffffc3][0xfffffff4]4[0xffffffbc][0xffffffde]n[0xffffffef]O[0xffffffbb]][0xfffffffb][0xffffffeb]x(o[0xffffff8f][0xffffffcb][0xffffffe5]ew[0xffffffc4]|O[0xffffffcb][0xfffffffe]x}[0xffffffc8][0xffffffcf]Hi"[0xfffffffe][0xffffff8d]b[0xffffffb4]N[0xffffffdb]1[0xffffff88][0xffffffca]5rM[0x1c][0xffffff9c][0x1a]AW[0xffffffae][0xffffff90][0xffffffab][0xffffffc4][0xffffffa5][0x1d]M[0xffffffa8]\"[0xffffff97][0xffffffc4]-[0xffffffe8][0x11]L[0xffffffe5][0x2][0xffffffb9] n[0xffffffbc][0x1c][0xffffff9d]c.B[0xffffffc4][0xffffffbf][0xffffffc4]qzW[0xffffff9f][0x17][0x1e][0xffffffb9]'[0xffffffae]m[0x18][0xffffff9d][0xffffffac][0xffffffdc]!w[0xffffff89][0xb]3[0xffffff82][0xffffffaa][0x1c][0xffffff90][0x3]qe[0xffffffc2][0x8][0xffffffeb][0xfffffff3][0x16][0xffffffb9]%.[0xffffff83][0xffffffc5][0x1f]+[0xffffffc7]zE[0xffffffaa][0xffffff97][0xffffffca]p5[0x7f][0xffffff81][0xfffffff5][0xffffff8a]T[0xffffffaf][0x0]1J[0xffffffbd]&[0xffffff84][0x5][0xffffff8b]T[0xffffffb0][0xffffffc0][0xfffffff1][0xffffff9a][0x9][0xffffffb0]`A[0x5][0xffffff9b]`[0xffffffe5]hV[0xffffff8e][0x5][0xb]*[0xffffffd8][0xfffffff8][0x0]#[0xfffffff0][0xffffff82][0xffffff86][0x10]CH[0xffffffd4][0x18][0xffffff9c][0xffffff9b][0xffffffa9][0xffffff8f][0xffffff81][0xffffff8a]5[0xffffffce][0xfffffffa][0x11][0xffffffa7]a[0xffffffec]b[0xffffffa0]Z[\r][0x4][0xffffffb5][0xffffffae]A[0xffffff80][0x18] Q0[0xffffffa3][0xffffffb1]Lm[0xc]6Q[0xffffffed]G[0xffffffe0]z[0xffffff82][0xffffff89][0xffffffc1]$[0xffffff8a][0xffffff8b][0xffffff83][0x1b][0xffffffc9]X[0xffffffc7]@E[0x1a][0xffffffeb][0xffffffdc][0xffffffba][0xffffffa9]A[0xffffffc5][0xffffffa0][0x12][0xffffffc5]-[0xffffffc5]Uf,cH[0x5][0x1a]<[0x1]X+c[0x11]C[0xffffffaa][0xffffffcf]h1*^'[0x1f][0xffffffa2]O[0xfffffff5]i[0xfffffffc]G[0xfffffff1][0xffffffc8][0xffffffde]G[0xffffff9f][0xffffffea][0xffffffd3][0xffffffca][0xffffff8c][0x1][0xffffff98][0xffffffba][0xffffffe8]Sy[0xffffffca][0xffffff8b][0xffffffd1]{[0xffffffa6][0x10]}*O[0x19][0x1c][0xffffff97][0xffffff97][0xffffffc2][0xffffffdb][0xffffffe8]Sy[0xffffffd2][0xffffffeb][0xffffffd1]sj[0xffffffde]D[0xffffff9f][0xffffffca][0xffffff93][0xffffffc6][0xffffff8d][0xffffff9a][0xffffffd7][0xffffffd8][0xffffffeb][0xffffffe8]Su[0xffffffb4][0xffffff93][0xffffff9a][0xffffff97][0xffffffc2][0xffffffcb][0xffffffe8]S[0x19][0x2]W^[0xffffffea]:[0xffffff9d][0xffffff88][0xffffff9e][0xffffffca][0xffffffd0][0x1]s[0xffffffc1]#T[0xffffffb0][0xb][0xffffffd1][0xffffff85][0xffffff84][0xffffff8d][0x1d]u[0xffffffa5]>:[0xffffff9f]([0xffffff9e][0x1d]<W[0xffffff8c]]tT[0xffffff88][0xfffffff6][0xffffff80][0xffffffdf][0x2][0xffffffa7][0xffffffe1] :H[0x14][0xf][0xffffffb8]Tu[0xc][0x1b][0x1d]U[0xffffffa2][0xffffff9d][0xffffffc3][0x3][0xffffffb6]>m[0xffffffa2]3[0x9]+<[0xffffffbf][0xc]utT[0xffffff89][0x6],[0x8]8e[0xffffffa7][0xffffffa2][0xffffffc2][0x1d][0xffffffe5]H[0xffffffde]E[0xffffff82]"N[0xc][0x2]E[0xffffffbc]7[0xffffffe0])[0xffffffe2][0x15][0x5]G[0x11][0xffffffef]&[0x0]E[0xffffff9c][0xc]X[0xffffff8c][0xffffffea][0x12][0xffffff81][0xffffffa1][0xffffff88][0xffffffd7][0x1c]4E<[0x1f]P.[0xffffffba][0xffffffce]G[0xffffffb9][0xffffffd4]o[0x6]([0x17][0xffffffad][0xffffffef]T[0xffffffed][0xfffffff7][0xffffffe5][0xffffffef][0xfffffff9]t[0xffffffda][0xf][0xffffffbf][0xffffffce][0xffffff97][0xffffffe9]y[0xfffffff9][0xffffffde]H[0xffffffd9][0xffffffcb]t[0xfffffff8][0xffffffba][0xfffffffc][0xffffffab][0xffffff92]]Q[0xffffffca]^P@?[0xffffffbe][0xffffff8c]([0xffffffa9][0xffffffbb][0xffffffb7]<[0xffffffc4][0xffffffae]yaw[0xffffff99]N[0xffffffd3][0xfffffffe]:][0x1f][0xffffff9e][0xfffffff3][0xffffffb8]R[0xffffff89][0xffffff88][0xffffffcb][0xffffff86]kW[0xffffff89][0xc][0x1b][0xffffffe2]7[0xffffffc4]m[0x8]l[0xffffff88][0xffffffdd][0x10][0xffffffb3]!zC[0xffffffd4][0xffffff86][0xffffffc8][\r]I9[0xffffffab]QU"B&[0xffffffeb]3[0xffffffc2]o[0xffffff88][0xffffffdb][0x10][0xffffffd8][0x10][0xffffffbb]!)g[0xffffffd9][0x12][0xffffffbd]!jC[0xffffffe4][0xffffff86][0xffffff88][0xffffff8e][0xffffff84][0xffffffd0][0x3][0xffffffdf][0x3][0xffffffd7][0x3][0xffffffe8][0xffffff81][0xffffffed]A[0xffffff9f]m[0xffffffe8][0xffffff93][\r]}[0xffffffae][0xffffffa1]O5P[0xffffffa6][0xfffffff8]m5`<[0xffffffcd][0xffffffe7][0xffffff8f][0xffffffef][0x19]K[0xffffffc6]>t[0xffffffcf]y[0xffffffdf][0x3][0xffffffd7][0x3][0xffffffe8][0xffffff81][0xffffffed][0xffffff81][0xffffffe9][0x1][0x15][0xffffffa0]|[0x3]T[0xf][0xffffffa8][0x0][0xffffffe5][0x1a] :[0xffffffe0]B[0xf]R[0xffffffa6][0xffffffd0][0x0][0xffffffd7][0x3][0xffffffe8][0xffffff81][0xffffffed][0xffffff81][0xffffffe9][0xffffff81][0xffffffee][0xffffff81][0xffffffea][0xffffff81][0xffffffec][0xffffff81][0xffffffe8][0x0][0xffffff84][0x1e][0xffffffa4]Lm[0x3]R[0xffffffa6][0xffffffa6][0x1][0xffffffd0][0x3][0xffffffdb][0xffffff83][0xffffff94]i[0xfffffff3][0x1][0xffffff81][0xffffffee]A[0xffffffca][0xffffffb4]9[0xfffffff6][0xffffff90]2m[0xe][0x5][0xffffff88][0xe][0xffffffd8][0xffffffd0][0x3][0xffffffdf][0x3][0xffffffd7][0xffffff83][0xffffff94][0xffffffa9]h[0xffffff80]e[0xffffffd0]*[0xffffffdf][0x1f][0xffffffef][0xffffffd3]e[0xffffffdf][0xffffffe8][0xffffffdd]B[0xfffffff1][0xffffffff][0xffffffd1][0xffffffbb][0xfffffff4][0xffffffe0]uy[0xffffffbe]}[0xffffffee]/S[0xffffff8e][0xffffffd8][0xffffffcb][0xfffffff5][0xffffffea][0xffffff97]~L[0xffffff9e]G[0xffffffd2][0xffffffe5][0x5][0x2]//[0xffffff89]ws[0xffffffe1][0xffffffe4][0xfffffff1][0xffffff92][0xffffffa7][\n]"
10:32:33.109 [main] DEBUG org.apache.hc.client5.http.wire -- http-outgoing-34 << "x[0xfffffffb][0xfffffffb][0xffffffc0][0xffffff98],^[0xffffffb2]T[0x1][0xffffffad][0xffffff83][0xffffffd4][0xffffff8a]9Y[0xffffffbc]d[0xffffffa9]<[0xe][0x13][0x1c]crx[0xffffffc9]Q9[0xfffffffc][0xffffff82]$[0xffffffda][0xffffff92][0xffffffc2]E[0xffffffeb] Q[0xffffffcc]2G=h[0xc][0xffffffa4]Te[0x18]T[0xffffff85][0xffffffc6]?z[0xffffffa6][0xffffffee][0xffffffce]=[0xffffffda]B[0xffffffa1][0xfffffff5][0xffffff8e]8Q[0xffffffc1][0xffffffb6][0xffffffb5][0xffffff8e][0xffffffa8][0xfffffff8][0x5][0xffffff9b][0xffffffd6]9[0xffffff86]Re[0xffffffd0][0xffffffad]oD[0xffffffb3][0xffffff91][0xffffffa9]j]#.Z[0xffffffc1][0xffffffb2]5[0xffffff8d][0xffffffe4][0xffffffc7]2[0x16][0xffffffad]g[0xfffffff4][0xffffffa5]p[0x1f]Z[0xffffffc7][0x8]P[0xffffffa8][0xffffffef][0xffffffec]b[0xffffffa6][0xffffffae]5[0xffffff8b]P6[0xffffffc6]Ck[0x15][0xffffffeb][0x12][0xffffffa1][0xffffff88][0xffffffdc]Y[0xffffffc5][0xc]M[0xffffffe3][0x14]}I[0xc][0xffffffc5][0xffffffe4][0xffffffce]'f[0xffffffa8][0xffffffee]mb[0xffffff86][0xffffffb2]q[0xffffff89][0xffffff96][0xffffffe7][0x17][0xffffff8d]I[0xffffffe4]TQ\[0xffffffee],b[0xffffff86][0xffffffbe]s[0xffffff88][0xffffff99][0xffffffba][0xffffffc6] :[0xffffff86][0xffffffd0][0xffffffd8]C_[0xffffffa6]G[0xffffffb5]Y[0xffffffdd]!g[0xffffff8f][0xffffff8a][0xffffffb3][0xffffff9a]C\[0xffffffe0]Buc[0xe][0xffffff81][0x7]U[0xffffff8d]7[0xfffffff4]e[0xffffffc3]Q~VkX7[0xb]5h[0xffffffb5][0xffffff86]|[0xffffffd6]Q[0xffffff87]Vg[0xffffffc8]'[0x1a][0xffffffb5][0xffffffa8]1[0xffffff86][0xffffffb2][0xffffff94][0xffffff8a][0xffffff82][0xffffffd4][0xfffffffa][0xffffffc2]2[0x17][0xffffffaa][0xffffffd2]j[0xb][0x1d][0xffffff8f]j[0x1b]W[0xffffffc8]G[0x19][0xffffffd5]i[0xfffffff5][0xffffff84][0xfffffff5]p[0xffffffa2]D5[0xffffff9e][0xffffff90]?5[0xffffffd4][0xffffffa9][0xffffffc6][0x12][0xffffffd6][0xffffffb9][0xffffff8a][0xffffff95]K[0xffffff81][\r]mP[0xffffff8c]\[0xe][0xffffff8a][0xffffff8f][0xffffffcb]A[0xffffffb1]q9(..[0x7][0xffffffc5][0xffffffc4][0xffffffe5][0xffffffa0]x[0xffffffb8][0x1c][0x14][0xb][0xffffff97][0x3][0xffffff99]=[[0xe]D[0x13][0x18][0xffffffca][0xffffff80]36[0xffffff94][0xffffff81].[0xfffffff3][0x18][0xffffffca]@[0xffffff95][0xffffffc5]0[0xffffff90][0xffffff83];[0xffffffd3]7[0x1f].[0xb])[0xffffffd8][0xfffffff0][0xffffffcb][0xfffffff1]ej4[0xfffffff0][0xffffffed]:![0xfffffff8]O[0x11]<N[0xffffffdf][0xffffffa6][0x13][0xffffff8d]:[0xffffffbe][0xfffffff1][0x8]I[0x11][0xffffffa7][0xfffffff3][0xffffffe3][0xffffffc7]uW[0xffffffd9]#[\r][0xffffffb2][0xffffffbb]-[0xffffffcb][0xffffffe9][0xffffffba][0xfffffffb][0xffffff9c][0xffffffbe][0x14]Q| [0xffffffba][0xfffffff6][0xffffffb5][0xffffffd2][0xffffffe3][0xffffffcd] }[0xffffffa1][0xffffffdc][0xffffffd5]J[0xffffff87][0xffffffa6][0x1b]W2S[0xffffffee]i[0xffffffa5]S[0xffffffe9] g[0xffffffca][0x1d][0xffffffad][0x4][0xffffff90][0xffffffd4]qf[0xffffffca][0xfffffffd][0xffffffac][0xffffffb4]x>p[0xfffffff5][0x12][0xffffffad][0xffffffdd][0xffffffac][0xffffffb4]([0xffffffb4][0xffffffae][0xffffffcc]V{Yi[0x0][0xffffffc7][0xffffff85]B[0xffffffb9][0xffffff93][0xffffffc5][0x1e][0xffffff80][0xffffffee][0xfffffff0][0xc][0xffffffb9][0xffffff8d][0xffffff95][0xffffffda][0xffffffd1][0xffffff8d]Y(7[0xffffffb1][0xffffffd8]"
10:32:33.110 [main] DEBUG org.apache.hc.client5.http.wire -- http-outgoing-34 << "[0xffffff8f]jT[0xffffffb0]B[0xffffffb9][0xffffff85][0xffffff95][\n]"
10:32:33.110 [main] DEBUG org.apache.hc.client5.http.wire -- http-outgoing-34 << "[0xffffffbf]T[0xffffffc7]#p[0x3][0xffffff8b][0x1d][0xffffff87][0xffffffa9]E[0xffffffd4][0xffffffee][0x15]o[0x3]K[0x1d]A[0xffffffa6][0xffffffdc][0xffffffbb]J%[0xffffffc5]:.w[0xffffffae]xYX[0xffffffea][0xffffff9f][0xffffff88]r[0xffffffdf][0xffffff8a][0xffffffd2]OB[0xffffff91]Y[0xffffffe9]Z%UW[0x16][0xffffff86][V,MUV[0x1a]V[0xffffffac][0xffffffc1]TV[0xffffffda]U[0xffffffcc][0xffffffaa][0xffffffce][0xffffffcc][0xffffffcd]j@[0xffffff8d][0xffffffd1]2[0xffffffa3][0xffffffd2][0xffffffa8][0x6]\z][0xffffff9e]*]j[0x10][0xffffffeb][0x4][0xffffffa5]C[0xfffffff5][0xffffffa4]t[0xffffffe5][0xffffffc5][0xffffffd2][0xffffff9d]z,,[0x13][0xffffffee]Li[0xffffffc7][0xfffffff3][0xffffffc6]pW[0xffffffea]pm[0xffffffcb]k[0xffffffdc][0xffffff92][0x2][0xffffff84][0xffffffb2]%[0xffffffdc][0xffffff8e][0x2][0x1e][0x9][0xffffffc8]k[0xffffffc1][0xffffffbd][0xffffffa8][0xffffffa5][0x5].O[0xffffff95]F[0xffffffd4]&[0xffffff83][0xffffff92][0x8]7[0xffffffa1]([\r][0xffffffb6][0xffffffcc][0xffffff87][0xffffffea][0xffffff95][0xffffffd5]3pN[0xffffffdc][0xffffff93][0xffffffe2]=[[0xffffffb6][0xffffffaa][0xfffffff6][0xffffffa3]X1[0xffffff9e][0xffffffbb][0xffffffc4]j3Jg6[0xffffff93][0xffffffd2][0xffffff88]*[0xffffffc7]G[0xffffff87]{P[0xffffffa5]+)[0xfffffffd]'[0xffffffc9]b![0xffffffa5][0xfffffff5][0xffffff94][0x1a]{[0xfffffff3][0xffffff8c][0xffffff8c][0xffffff89][0xffffffef][0xffffff97][0xffffffe9]q>_o[0xfffffffb][0xffffffd3]i:f[0xffffffa8]"[0xffffffd0][0xffffffcd][0xffffffae][0xfffffff3]912[0xffffffa2][0xffffff84][0xffffff81][\n]"
10:32:33.110 [main] DEBUG org.apache.hc.client5.http.wire -- http-outgoing-34 << "[0xffffffb9]|#"[0xffffffea]$[0xffffffde]vy?[0xffffffb4][0xffffff8f][0xfffffff8]a[0x19][0x1d]r[0xffffffa8]Htp[0xffffffa7]}>#[0xffffffd8][0xffffff87][0xffffffd1][0xffffff95][0xffffff8d]z[0xfffffffd][0xfffffff0][0xf][0xffffffe2][0x12][0xffffff8f][0xfffffff4]>[0x13][0x0][0x0]"
10:32:33.111 [main] DEBUG org.apache.hc.client5.http.impl.classic.InternalHttpClient -- ep-0000000035 releasing valid endpoint
10:32:33.111 [main] DEBUG org.apache.hc.client5.http.impl.io.PoolingHttpClientConnectionManager -- ep-0000000035 releasing endpoint
10:32:33.111 [main] DEBUG org.apache.hc.client5.http.impl.io.PoolingHttpClientConnectionManager -- ep-0000000035 connection http-outgoing-34 can be kept alive for 3 MINUTES
10:32:33.111 [main] DEBUG org.apache.hc.client5.http.impl.io.PoolingHttpClientConnectionManager -- ep-0000000035 connection released [route: {s}->https://raw.githubusercontent.com:443][total available: 1; route allocated: 1 of 5; total allocated: 2 of 25]
10:32:33.111 [main] DEBUG io.github.bonigarcia.wdm.versions.VersionDetector -- Driver for chrome120.0.6099.63 not found in online properties (using local versions.properties)
10:32:33.112 [main] DEBUG io.github.bonigarcia.wdm.WebDriverManager -- The driver version for CHROME 120.0.6099.63 is unknown ... trying with latest
10:32:33.116 [main] DEBUG org.apache.hc.client5.http.impl.classic.InternalHttpClient -- ex-0000000036 preparing request execution
10:32:33.116 [main] DEBUG org.apache.hc.client5.http.impl.classic.ProtocolExec -- ex-0000000036 target auth state: UNCHALLENGED
10:32:33.116 [main] DEBUG org.apache.hc.client5.http.impl.classic.ProtocolExec -- ex-0000000036 proxy auth state: UNCHALLENGED
10:32:33.116 [main] DEBUG org.apache.hc.client5.http.impl.classic.ConnectExec -- ex-0000000036 acquiring connection with route {s}->https://googlechromelabs.github.io:443
10:32:33.116 [main] DEBUG org.apache.hc.client5.http.impl.classic.InternalHttpClient -- ex-0000000036 acquiring endpoint (3 MINUTES)
10:32:33.116 [main] DEBUG org.apache.hc.client5.http.impl.io.PoolingHttpClientConnectionManager -- ex-0000000036 endpoint lease request (3 MINUTES) [route: {s}->https://googlechromelabs.github.io:443][total available: 1; route allocated: 1 of 5; total allocated: 2 of 25]
10:32:33.117 [main] DEBUG org.apache.hc.client5.http.impl.io.PoolingHttpClientConnectionManager -- ex-0000000036 endpoint leased [route: {s}->https://googlechromelabs.github.io:443][total available: 1; route allocated: 2 of 5; total allocated: 3 of 25]
10:32:33.117 [main] DEBUG org.apache.hc.client5.http.impl.io.PoolingHttpClientConnectionManager -- ex-0000000036 acquired ep-0000000036
10:32:33.117 [main] DEBUG org.apache.hc.client5.http.impl.classic.InternalHttpClient -- ex-0000000036 acquired endpoint ep-0000000036
10:32:33.117 [main] DEBUG org.apache.hc.client5.http.impl.classic.ConnectExec -- ex-0000000036 opening connection {s}->https://googlechromelabs.github.io:443
10:32:33.117 [main] DEBUG org.apache.hc.client5.http.impl.classic.InternalHttpClient -- ep-0000000036 connecting endpoint (null)
10:32:33.117 [main] DEBUG org.apache.hc.client5.http.impl.io.PoolingHttpClientConnectionManager -- ep-0000000036 connecting endpoint to https://googlechromelabs.github.io:443 (30 SECONDS)
10:32:33.117 [main] DEBUG org.apache.hc.client5.http.impl.io.DefaultHttpClientConnectionOperator -- googlechromelabs.github.io resolving remote address
10:32:33.117 [main] DEBUG org.apache.hc.client5.http.impl.io.DefaultHttpClientConnectionOperator -- googlechromelabs.github.io resolved to [googlechromelabs.github.io/185.199.110.153, googlechromelabs.github.io/185.199.111.153, googlechromelabs.github.io/185.199.108.153, googlechromelabs.github.io/185.199.109.153]
10:32:33.117 [main] DEBUG org.apache.hc.client5.http.impl.io.DefaultHttpClientConnectionOperator -- googlechromelabs.github.io:443 connecting null->googlechromelabs.github.io/185.199.110.153:443 (30 SECONDS)
10:32:33.117 [main] DEBUG org.apache.hc.client5.http.ssl.SSLConnectionSocketFactory -- Connecting socket to googlechromelabs.github.io/185.199.110.153:443 with timeout 30 SECONDS
10:32:33.163 [main] DEBUG org.apache.hc.client5.http.ssl.SSLConnectionSocketFactory -- Enabled protocols: [TLSv1.3, TLSv1.2]
10:32:33.163 [main] DEBUG org.apache.hc.client5.http.ssl.SSLConnectionSocketFactory -- Enabled cipher suites: [TLS_AES_256_GCM_SHA384, TLS_AES_128_GCM_SHA256, TLS_CHACHA20_POLY1305_SHA256, TLS_ECDHE_ECDSA_WITH_AES_256_GCM_SHA384, TLS_ECDHE_ECDSA_WITH_AES_128_GCM_SHA256, TLS_ECDHE_ECDSA_WITH_CHACHA20_POLY1305_SHA256, TLS_ECDHE_RSA_WITH_AES_256_GCM_SHA384, TLS_ECDHE_RSA_WITH_CHACHA20_POLY1305_SHA256, TLS_ECDHE_RSA_WITH_AES_128_GCM_SHA256, TLS_DHE_RSA_WITH_AES_256_GCM_SHA384, TLS_DHE_RSA_WITH_CHACHA20_POLY1305_SHA256, TLS_DHE_DSS_WITH_AES_256_GCM_SHA384, TLS_DHE_RSA_WITH_AES_128_GCM_SHA256, TLS_DHE_DSS_WITH_AES_128_GCM_SHA256, TLS_ECDHE_ECDSA_WITH_AES_256_CBC_SHA384, TLS_ECDHE_RSA_WITH_AES_256_CBC_SHA384, TLS_ECDHE_ECDSA_WITH_AES_128_CBC_SHA256, TLS_ECDHE_RSA_WITH_AES_128_CBC_SHA256, TLS_DHE_RSA_WITH_AES_256_CBC_SHA256, TLS_DHE_DSS_WITH_AES_256_CBC_SHA256, TLS_DHE_RSA_WITH_AES_128_CBC_SHA256, TLS_DHE_DSS_WITH_AES_128_CBC_SHA256, TLS_ECDHE_ECDSA_WITH_AES_256_CBC_SHA, TLS_ECDHE_RSA_WITH_AES_256_CBC_SHA, TLS_ECDHE_ECDSA_WITH_AES_128_CBC_SHA, TLS_ECDHE_RSA_WITH_AES_128_CBC_SHA, TLS_DHE_RSA_WITH_AES_256_CBC_SHA, TLS_DHE_DSS_WITH_AES_256_CBC_SHA, TLS_DHE_RSA_WITH_AES_128_CBC_SHA, TLS_DHE_DSS_WITH_AES_128_CBC_SHA, TLS_RSA_WITH_AES_256_GCM_SHA384, TLS_RSA_WITH_AES_128_GCM_SHA256, TLS_RSA_WITH_AES_256_CBC_SHA256, TLS_RSA_WITH_AES_128_CBC_SHA256, TLS_RSA_WITH_AES_256_CBC_SHA, TLS_RSA_WITH_AES_128_CBC_SHA, TLS_EMPTY_RENEGOTIATION_INFO_SCSV]
10:32:33.163 [main] DEBUG org.apache.hc.client5.http.ssl.SSLConnectionSocketFactory -- Starting handshake (null)
10:32:33.208 [main] DEBUG org.apache.hc.client5.http.ssl.SSLConnectionSocketFactory -- Secure session established
10:32:33.208 [main] DEBUG org.apache.hc.client5.http.ssl.SSLConnectionSocketFactory --  negotiated protocol: TLSv1.3
10:32:33.208 [main] DEBUG org.apache.hc.client5.http.ssl.SSLConnectionSocketFactory --  negotiated cipher suite: TLS_AES_128_GCM_SHA256
10:32:33.208 [main] DEBUG org.apache.hc.client5.http.ssl.SSLConnectionSocketFactory --  peer principal: CN=*.github.io, O="GitHub, Inc.", L=San Francisco, ST=California, C=US
10:32:33.208 [main] DEBUG org.apache.hc.client5.http.ssl.SSLConnectionSocketFactory --  peer alternative names: [*.github.io, github.io, *.github.com, github.com, www.github.com, *.githubusercontent.com, githubusercontent.com]
10:32:33.208 [main] DEBUG org.apache.hc.client5.http.ssl.SSLConnectionSocketFactory --  issuer principal: CN=DigiCert TLS RSA SHA256 2020 CA1, O=DigiCert Inc, C=US
10:32:33.209 [main] DEBUG org.apache.hc.client5.http.impl.io.DefaultManagedHttpClientConnection -- http-outgoing-35 set socket timeout to 3 MINUTES
10:32:33.209 [main] DEBUG org.apache.hc.client5.http.impl.io.DefaultHttpClientConnectionOperator -- googlechromelabs.github.io:443 connected null->googlechromelabs.github.io/185.199.110.153:443 as http-outgoing-35
10:32:33.209 [main] DEBUG org.apache.hc.client5.http.impl.io.PoolingHttpClientConnectionManager -- ep-0000000036 connected http-outgoing-35
10:32:33.209 [main] DEBUG org.apache.hc.client5.http.impl.classic.InternalHttpClient -- ep-0000000036 endpoint connected
10:32:33.209 [main] DEBUG org.apache.hc.client5.http.impl.classic.MainClientExec -- ex-0000000036 executing GET /chrome-for-testing/last-known-good-versions-with-downloads.json HTTP/1.1
10:32:33.209 [main] DEBUG org.apache.hc.client5.http.protocol.RequestAddCookies -- ex-0000000036 Cookie spec selected: strict
10:32:33.209 [main] DEBUG org.apache.hc.client5.http.impl.classic.InternalHttpClient -- ep-0000000036 start execution ex-0000000036
10:32:33.209 [main] DEBUG org.apache.hc.client5.http.impl.io.PoolingHttpClientConnectionManager -- ep-0000000036 executing exchange ex-0000000036 over http-outgoing-35
10:32:33.209 [main] DEBUG org.apache.hc.client5.http.headers -- http-outgoing-35 >> GET /chrome-for-testing/last-known-good-versions-with-downloads.json HTTP/1.1
10:32:33.209 [main] DEBUG org.apache.hc.client5.http.headers -- http-outgoing-35 >> user-agent: Apache-HttpClient/5.0
10:32:33.209 [main] DEBUG org.apache.hc.client5.http.headers -- http-outgoing-35 >> accept-encoding: gzip, deflate, br
10:32:33.209 [main] DEBUG org.apache.hc.client5.http.headers -- http-outgoing-35 >> cache-control: max-age=0
10:32:33.209 [main] DEBUG org.apache.hc.client5.http.headers -- http-outgoing-35 >> connection: keep-alive
10:32:33.209 [main] DEBUG org.apache.hc.client5.http.headers -- http-outgoing-35 >> Host: googlechromelabs.github.io
10:32:33.209 [main] DEBUG org.apache.hc.client5.http.wire -- http-outgoing-35 >> "GET /chrome-for-testing/last-known-good-versions-with-downloads.json HTTP/1.1[\r][\n]"
10:32:33.209 [main] DEBUG org.apache.hc.client5.http.wire -- http-outgoing-35 >> "user-agent: Apache-HttpClient/5.0[\r][\n]"
10:32:33.209 [main] DEBUG org.apache.hc.client5.http.wire -- http-outgoing-35 >> "accept-encoding: gzip, deflate, br[\r][\n]"
10:32:33.209 [main] DEBUG org.apache.hc.client5.http.wire -- http-outgoing-35 >> "cache-control: max-age=0[\r][\n]"
10:32:33.209 [main] DEBUG org.apache.hc.client5.http.wire -- http-outgoing-35 >> "connection: keep-alive[\r][\n]"
10:32:33.209 [main] DEBUG org.apache.hc.client5.http.wire -- http-outgoing-35 >> "Host: googlechromelabs.github.io[\r][\n]"
10:32:33.209 [main] DEBUG org.apache.hc.client5.http.wire -- http-outgoing-35 >> "[\r][\n]"
10:32:33.250 [main] DEBUG org.apache.hc.client5.http.wire -- http-outgoing-35 << "HTTP/1.1 200 OK[\r][\n]"
10:32:33.250 [main] DEBUG org.apache.hc.client5.http.wire -- http-outgoing-35 << "Connection: keep-alive[\r][\n]"
10:32:33.250 [main] DEBUG org.apache.hc.client5.http.wire -- http-outgoing-35 << "Content-Length: 641[\r][\n]"
10:32:33.250 [main] DEBUG org.apache.hc.client5.http.wire -- http-outgoing-35 << "Server: GitHub.com[\r][\n]"
10:32:33.250 [main] DEBUG org.apache.hc.client5.http.wire -- http-outgoing-35 << "Content-Type: application/json; charset=utf-8[\r][\n]"
10:32:33.250 [main] DEBUG org.apache.hc.client5.http.wire -- http-outgoing-35 << "permissions-policy: interest-cohort=()[\r][\n]"
10:32:33.250 [main] DEBUG org.apache.hc.client5.http.wire -- http-outgoing-35 << "x-origin-cache: HIT[\r][\n]"
10:32:33.250 [main] DEBUG org.apache.hc.client5.http.wire -- http-outgoing-35 << "Last-Modified: Thu, 28 Dec 2023 09:09:08 GMT[\r][\n]"
10:32:33.250 [main] DEBUG org.apache.hc.client5.http.wire -- http-outgoing-35 << "Access-Control-Allow-Origin: *[\r][\n]"
10:32:33.250 [main] DEBUG org.apache.hc.client5.http.wire -- http-outgoing-35 << "Strict-Transport-Security: max-age=31556952[\r][\n]"
10:32:33.250 [main] DEBUG org.apache.hc.client5.http.wire -- http-outgoing-35 << "ETag: W/"658d3b34-22ac"[\r][\n]"
10:32:33.250 [main] DEBUG org.apache.hc.client5.http.wire -- http-outgoing-35 << "expires: Thu, 28 Dec 2023 09:19:31 GMT[\r][\n]"
10:32:33.250 [main] DEBUG org.apache.hc.client5.http.wire -- http-outgoing-35 << "Cache-Control: max-age=600[\r][\n]"
10:32:33.250 [main] DEBUG org.apache.hc.client5.http.wire -- http-outgoing-35 << "Content-Encoding: gzip[\r][\n]"
10:32:33.250 [main] DEBUG org.apache.hc.client5.http.wire -- http-outgoing-35 << "x-proxy-cache: HIT[\r][\n]"
10:32:33.251 [main] DEBUG org.apache.hc.client5.http.wire -- http-outgoing-35 << "X-GitHub-Request-Id: AD28:2802F4:8D3D7B:90038F:658D3C18[\r][\n]"
10:32:33.251 [main] DEBUG org.apache.hc.client5.http.wire -- http-outgoing-35 << "Accept-Ranges: bytes[\r][\n]"
10:32:33.251 [main] DEBUG org.apache.hc.client5.http.wire -- http-outgoing-35 << "Date: Thu, 28 Dec 2023 09:32:34 GMT[\r][\n]"
10:32:33.251 [main] DEBUG org.apache.hc.client5.http.wire -- http-outgoing-35 << "Via: 1.1 varnish[\r][\n]"
10:32:33.251 [main] DEBUG org.apache.hc.client5.http.wire -- http-outgoing-35 << "Age: 513[\r][\n]"
10:32:33.251 [main] DEBUG org.apache.hc.client5.http.wire -- http-outgoing-35 << "X-Served-By: cache-mad22061-MAD[\r][\n]"
10:32:33.251 [main] DEBUG org.apache.hc.client5.http.wire -- http-outgoing-35 << "X-Cache: HIT[\r][\n]"
10:32:33.251 [main] DEBUG org.apache.hc.client5.http.wire -- http-outgoing-35 << "X-Cache-Hits: 3[\r][\n]"
10:32:33.251 [main] DEBUG org.apache.hc.client5.http.wire -- http-outgoing-35 << "X-Timer: S1703755955.739995,VS0,VE1[\r][\n]"
10:32:33.251 [main] DEBUG org.apache.hc.client5.http.wire -- http-outgoing-35 << "Vary: Accept-Encoding[\r][\n]"
10:32:33.251 [main] DEBUG org.apache.hc.client5.http.wire -- http-outgoing-35 << "X-Fastly-Request-ID: 424c0bfef855a0f35268d988108f203ef84d4533[\r][\n]"
10:32:33.251 [main] DEBUG org.apache.hc.client5.http.wire -- http-outgoing-35 << "[\r][\n]"
10:32:33.251 [main] DEBUG org.apache.hc.client5.http.headers -- http-outgoing-35 << HTTP/1.1 200 OK
10:32:33.251 [main] DEBUG org.apache.hc.client5.http.headers -- http-outgoing-35 << Connection: keep-alive
10:32:33.251 [main] DEBUG org.apache.hc.client5.http.headers -- http-outgoing-35 << Content-Length: 641
10:32:33.251 [main] DEBUG org.apache.hc.client5.http.headers -- http-outgoing-35 << Server: GitHub.com
10:32:33.251 [main] DEBUG org.apache.hc.client5.http.headers -- http-outgoing-35 << Content-Type: application/json; charset=utf-8
10:32:33.251 [main] DEBUG org.apache.hc.client5.http.headers -- http-outgoing-35 << permissions-policy: interest-cohort=()
10:32:33.251 [main] DEBUG org.apache.hc.client5.http.headers -- http-outgoing-35 << x-origin-cache: HIT
10:32:33.251 [main] DEBUG org.apache.hc.client5.http.headers -- http-outgoing-35 << Last-Modified: Thu, 28 Dec 2023 09:09:08 GMT
10:32:33.251 [main] DEBUG org.apache.hc.client5.http.headers -- http-outgoing-35 << Access-Control-Allow-Origin: *
10:32:33.251 [main] DEBUG org.apache.hc.client5.http.headers -- http-outgoing-35 << Strict-Transport-Security: max-age=31556952
10:32:33.251 [main] DEBUG org.apache.hc.client5.http.headers -- http-outgoing-35 << ETag: W/"658d3b34-22ac"
10:32:33.251 [main] DEBUG org.apache.hc.client5.http.headers -- http-outgoing-35 << expires: Thu, 28 Dec 2023 09:19:31 GMT
10:32:33.251 [main] DEBUG org.apache.hc.client5.http.headers -- http-outgoing-35 << Cache-Control: max-age=600
10:32:33.251 [main] DEBUG org.apache.hc.client5.http.headers -- http-outgoing-35 << Content-Encoding: gzip
10:32:33.251 [main] DEBUG org.apache.hc.client5.http.headers -- http-outgoing-35 << x-proxy-cache: HIT
10:32:33.251 [main] DEBUG org.apache.hc.client5.http.headers -- http-outgoing-35 << X-GitHub-Request-Id: AD28:2802F4:8D3D7B:90038F:658D3C18
10:32:33.251 [main] DEBUG org.apache.hc.client5.http.headers -- http-outgoing-35 << Accept-Ranges: bytes
10:32:33.251 [main] DEBUG org.apache.hc.client5.http.headers -- http-outgoing-35 << Date: Thu, 28 Dec 2023 09:32:34 GMT
10:32:33.251 [main] DEBUG org.apache.hc.client5.http.headers -- http-outgoing-35 << Via: 1.1 varnish
10:32:33.251 [main] DEBUG org.apache.hc.client5.http.headers -- http-outgoing-35 << Age: 513
10:32:33.251 [main] DEBUG org.apache.hc.client5.http.headers -- http-outgoing-35 << X-Served-By: cache-mad22061-MAD
10:32:33.251 [main] DEBUG org.apache.hc.client5.http.headers -- http-outgoing-35 << X-Cache: HIT
10:32:33.251 [main] DEBUG org.apache.hc.client5.http.headers -- http-outgoing-35 << X-Cache-Hits: 3
10:32:33.251 [main] DEBUG org.apache.hc.client5.http.headers -- http-outgoing-35 << X-Timer: S1703755955.739995,VS0,VE1
10:32:33.251 [main] DEBUG org.apache.hc.client5.http.headers -- http-outgoing-35 << Vary: Accept-Encoding
10:32:33.251 [main] DEBUG org.apache.hc.client5.http.headers -- http-outgoing-35 << X-Fastly-Request-ID: 424c0bfef855a0f35268d988108f203ef84d4533
10:32:33.251 [main] DEBUG org.apache.hc.client5.http.impl.classic.MainClientExec -- ex-0000000036 connection can be kept alive for 3 MINUTES
10:32:33.252 [main] DEBUG org.apache.hc.client5.http.wire -- http-outgoing-35 << "[0x1f][0xffffff8b][0x8][0x0][0x0][0x0][0x0][0x0][0x0][0x3][0xffffffcd][0xffffff96][0xffffffcb][0xffffff92][0xffffff9b]0[0x10]E[0xfffffff7][0xfffffff9][0xc][0xffffffad]yI8[0xffffff80]Y&[0xfffffff3][0x7][0xffffff93]URY(F[0xffffffb1][0xffffffa9][0x12][0xffffffe0][0x2][0xffffff8d]'[0xffffff89][0xffffff8b][0x7f][0xffffff8f][0xc]2[0xffffffe6]!1+[0xffffffab]Ya[0x1a][0xffffffb9][0xfffffffb]B[0xffffff9d][0xffffffea]:W$[0xfffffff2][0xffffff82]5[0xffffff82][0x16]g[0xffffff94]"[0x12][0xffffff90][0xffffffd0][0xffffffc5][0xffffffc4]%[0xfffffff1]7[0xffffff82][0xffffffd3] I[0xffffffc3][0xffffffc4][0xb][0xffffff83][0xffffffe4];r[0xffffffd0][0xffffffe1]D[0xffffffcb][0xffffff92][0xfffffff1][0x6][0xffffffa5]W[0xfffffff4]*[0xffffffe8]/[0xffffffce]n[0xffffffbf]TU[0xfffffffe]U[0xffffffd5][0x1c]tau[0xffffff93]W[0xffffffa5],a[0x12]x[0xffffff81][0x17][0x5][0xfffffffb][0xffffffbd][0xffffff87][0xffffff83][0xffffffbd]|T[0xffffffb3]K><[0xffffffc3]q[0x18][0x11]Y[0xffffffcc][0xffffffaa][0xfffffff7][0xffffff92]W4k[0xfffffffa]~uU[0xffffffc8][0xffffffce]?[0xffffffae][0xffffffe8][0xffffffcc][0xffffffa9][0xfffffff8]][0xffffffd5][0xffffff85]<[0xffffffcc][0xfffffff3][0xfffffff2][0xffffffed]O[0xffffffb4][0xffffff93][0xffffff87][0xffffffdf][0xffffffea][0xffffffdb][0xffffffac][0xffffff93][0x10][0xffffffe7]&[0xfffffff5]}[0xffffff96][0x1d]Y[0xffffffc6][0xffffffbd][0xffffff82]y[0xffffffc7][0xffffff8b][0xffffffc0][0xffffffde][0xffffffa1]*T[0xffffffc9][0xffffffef][0xfffffffb][0xffffffa8][0xffffff8b]+[0xffffffdb][0xffffffb8]B[0xffffffbe]d^[0x1e][0xfffffffd]i(_[0xffffffb5][0xffffffbe][0xffffff9f]T[0xffffffb7][0xffffffde][0xffffffbf][0xfffffffc][0xffffff8c]Zg[0x12][0xffffffa2][0xffffffa0][0x7][0xffffff97][0xffffffd6][0xffffffc5]sb[0xc][0xffffffcd][0xffffffef]g[0xffffff87][0xffffff82])[0xffffffca][0xffffff93][0xffffffbe][0xffffff87]j=[0xffffff8e]a[0xfffffff8][0x1e][0xffffffef]y[0x19][0xffffff92]gD[0xffffffe8][0x1a][0xffffffdf][0xffffffcf]u7[0xffffff86][0xfffffff1][0xffffffcf][0xfffffff9][0x2]][0xffffffe3][0xffffffd1][0xfffffff8][0xfffffffb][0xffffffdb][0xffffffff]t[0x14][0xffffff9d]Y[0xffffff9d]K[0xffffffc6][0xffffffc1][0x18][0xffffffed][0xffffffc7]o[0xffffff86]T[0x15]g[0x1b][0xffffffbc][0xffffff8e][0xffffffc2]@R[0xffffffab]b[0xffffffc0][0xffffffb2][0xfffffffb][0x8][0xffffffb1] [0xffffffd8]=1[0xffffff9a]q[0xffffffd6]4nsb[0xffffff9c][0xffffff83][0xffffffa1]<[0xffffffcb][0xffffffb1][0x19][0xffffffa6][0xffffffe7][0xffffffb9][0xffffffb6][0x1][0xffffffb7].[0x15]$[0xffffffe5][0xfffffff3]<[0xffffffb0][0xffffffb8]k[0xffffffd2][0xc][0xffffffdc][0xffffffb7][0xffffffad][0xffffff83][0xffffffbe]0A[0xffffffa7][0xffffffc6][0xffffffd2]U[0xffffffa6][0xffffffbe][0xffffff82]o[0xffffffdd]q[0x14]{8[0xffffff9a][0xffffffeb]J[0x18][0xffffffe2] [0xffffff86][0xffffffd0][0xffffff95]Q&@[[0x19][0xffffffa7][0xffffff80][0xffffff94][0xffffff95]y[0xe][0xfffffffb][0xffffffae]2N`_Uf[0xffffffd3][0xffffffe1]M[0xffffffc5][0xffffff8c][0xffffffa7]}QY[0xffffff83][0xffffffd4][0xffffffbe][0xffffffa7][0xffffff98]Q[0xffffffb5][0xffffffab])&`mZ[0xffffff8a][0x9][0xffffffdb][0xffffffad]H[0xffffffca][0xffffffca][0xffffff92][0xffffff85]s[0xffffff94][0xffffffd5][0xffffff9d][0xb][0xffffffa7](++[0x18][0xffffffc6]P[0xffffff8c][0x1b][0x19]BP[0xffffff8c][0xb][0xfffffffa][0x3]?ya[0xffffff97][0xffffffa9][0xffffff9e][0xffffffdc][\n]"
10:32:33.253 [main] DEBUG org.apache.hc.client5.http.wire -- http-outgoing-35 << "S;!][0xffffffeb]D^[0x16]r[0x12][0xffffffc5][0xffffffbb][0x4]BN[0x1e][0xffffff91][0x0][0xffffffdd]d[0x14][0x2]RMf1[0xffffffec][0xffffff9b][0xffffffc9]([0xffffff80]}1[0xffffff99][0xe][0xffffff87][0xfffffff7][0x12]#[0xffffff99][0xfffffff6][0xffffffb5]d[0xffffff85]O[0xfffffffb]Vb[0xffffffa4][0xffffffd4][0xffffffae][0xffffff94][0x18]X[0xffffffb5][0xffffffe9]$[0x6]b[0xffffffb7][0xffffffa2]$[0xffffffe6][0xffffffd5][\n]"
10:32:33.253 [main] DEBUG org.apache.hc.client5.http.wire -- http-outgoing-35 << "g$k[0xffffff9b][0x16]NH[0xffffffcc][0xffffff8b][0x17][0xffffffc6]GL{[0x18]BGLk[0xfffffff9][0x3][0x1b][0xfffffff9]JKZ[0xffffffff][0xffffff9d][\n]"
10:32:33.253 [main] DEBUG org.apache.hc.client5.http.wire -- http-outgoing-35 << "[0xffffff89][0xffffffaa]i[0xffffff9c][0xffffff84]`[0xffffffbc]t[0xffffff92][0x1d][0xffffffc6][0xffffff9f]C0'[0xffffffe9]"A;I[0x1f][0x2][0xffffffdc]I[0x1e]1[0xffffff80][0xffffff9c][0xffffffa4][0xf][0x0][0xffffffe4]$[0xffffffc3][0xfffffff0][0xffffff8d]8[0xffffff89][0xffffff8e]L '[0xffffffd1][0xfffffff3][0x9][0xffffffe4]$:J[0x1][0xffffff9c]d[0xffffffc9][0xffffffaa]u'Y[0x12][0xffffffbb])'[0xffffffd1][0xffffffae]V`'1lZ`'[0xffffffd1].^@'[0xffffffd1][0xffffffec]a0'[0xffffffd1][0xffffffac][0xffffffe5]U'i[0xffffffdb]O[0xffffffff][0x1][0xffffffee][0xffffffde][0xffffffae][0xffffffb2][0xffffffac]"[0x0][0x0]"
10:32:33.255 [main] DEBUG org.apache.hc.client5.http.impl.classic.InternalHttpClient -- ep-0000000036 releasing valid endpoint
10:32:33.255 [main] DEBUG org.apache.hc.client5.http.impl.io.PoolingHttpClientConnectionManager -- ep-0000000036 releasing endpoint
10:32:33.255 [main] DEBUG org.apache.hc.client5.http.impl.io.PoolingHttpClientConnectionManager -- ep-0000000036 connection http-outgoing-35 can be kept alive for 3 MINUTES
10:32:33.255 [main] DEBUG org.apache.hc.client5.http.impl.io.PoolingHttpClientConnectionManager -- ep-0000000036 connection released [route: {s}->https://googlechromelabs.github.io:443][total available: 2; route allocated: 2 of 5; total allocated: 3 of 25]
10:32:33.269 [main] DEBUG io.github.bonigarcia.wdm.WebDriverManager -- Driver chromedriver 120.0.6099.109 found in cache
10:32:33.271 [main] INFO io.github.bonigarcia.wdm.WebDriverManager -- Exporting webdriver.chrome.driver as C:\Users\info\.cache\selenium\chromedriver\win64\120.0.6099.109\chromedriver.exe
Inside Step - browser is open
  Given the browser is open                                            # com.sdetadda.allure.RegistreSteps.the_browser_is_open()
Inside Step - the user is on the website
  And the user is on the website                                       # com.sdetadda.allure.RegistreSteps.the_user_is_on_the_website()
Inside Step - the user navigates to the registration page
  When the user navigates to the registration page                     # com.sdetadda.allure.RegistreSteps.the_user_navigates_to_the_registration_page()
  And the user enters their first name and last name                   # com.sdetadda.allure.RegistreSteps.the_user_enters_their_first_name_and_last_name()
  And the user enters their email, password, and confirms the password # com.sdetadda.allure.RegistreSteps.the_user_enters_their_email_password_and_confirms_the_password()
      org.openqa.selenium.NoSuchWindowException: no such window: target window already closed
from unknown error: web view not found
  (Session info: chrome=120.0.6099.130)
Build info: version: '4.16.1', revision: '9b4c83354e'
System info: os.name: 'Windows 10', os.arch: 'amd64', os.version: '10.0', java.version: '21.0.1'
Driver info: org.openqa.selenium.chrome.ChromeDriver
Command: [a18a8a6c7f44530504870d71956b75a6, findElement {using=name, value=firstname}]
Capabilities {acceptInsecureCerts: false, browserName: chrome, browserVersion: 120.0.6099.130, chrome: {chromedriverVersion: 120.0.6099.109 (3419140ab66..., userDataDir: C:\Users\info\AppData\Local...}, fedcm:accounts: true, goog:chromeOptions: {debuggerAddress: localhost:52161}, networkConnectionEnabled: false, pageLoadStrategy: normal, platformName: windows, proxy: Proxy(), se:cdp: ws://localhost:52161/devtoo..., se:cdpVersion: 120.0.6099.130, setWindowRect: true, strictFileInteractability: false, timeouts: {implicit: 0, pageLoad: 300000, script: 30000}, unhandledPromptBehavior: dismiss and notify, webauthn:extension:credBlob: true, webauthn:extension:largeBlob: true, webauthn:extension:minPinLength: true, webauthn:extension:prf: true, webauthn:virtualAuthenticators: true}
Session ID: a18a8a6c7f44530504870d71956b75a6
	at java.base/jdk.internal.reflect.DirectConstructorHandleAccessor.newInstance(DirectConstructorHandleAccessor.java:62)
	at java.base/java.lang.reflect.Constructor.newInstanceWithCaller(Constructor.java:502)
	at java.base/java.lang.reflect.Constructor.newInstance(Constructor.java:486)
	at org.openqa.selenium.remote.codec.w3c.W3CHttpResponseCodec.createException(W3CHttpResponseCodec.java:200)
	at org.openqa.selenium.remote.codec.w3c.W3CHttpResponseCodec.decode(W3CHttpResponseCodec.java:133)
	at org.openqa.selenium.remote.codec.w3c.W3CHttpResponseCodec.decode(W3CHttpResponseCodec.java:52)
	at org.openqa.selenium.remote.HttpCommandExecutor.execute(HttpCommandExecutor.java:191)
	at org.openqa.selenium.remote.service.DriverCommandExecutor.invokeExecute(DriverCommandExecutor.java:200)
	at org.openqa.selenium.remote.service.DriverCommandExecutor.execute(DriverCommandExecutor.java:175)
	at org.openqa.selenium.remote.RemoteWebDriver.execute(RemoteWebDriver.java:523)
	at org.openqa.selenium.remote.ElementLocation$ElementFinder$2.findElement(ElementLocation.java:165)
	at org.openqa.selenium.remote.ElementLocation.findElement(ElementLocation.java:66)
	at org.openqa.selenium.remote.RemoteWebDriver.findElement(RemoteWebDriver.java:360)
	at org.openqa.selenium.remote.RemoteWebDriver.findElement(RemoteWebDriver.java:354)
	at com.sdetadda.allure.RegistreSteps.the_user_enters_their_email_password_and_confirms_the_password(RegistreSteps.java:45)
	at ✽.the user enters their email, password, and confirms the password(file:///C:/Users/info/eclipse-workspace/AllureReportDemo/src/test/resources/Features/Registre.feature:16)

  And the user clicks on the create account button                     # com.sdetadda.allure.RegistreSteps.the_user_clicks_on_the_create_account_button()
  Then the user is navigated to the home page                          # com.sdetadda.allure.RegistreSteps.the_user_is_navigated_to_the_home_page()

    Scenario failed! Capturing screenshot: Check_registration_success_with_valid_information_1703755959211.png

Screenshot size: 6059
I'm working man

    Embedding Scenario Screenshot [image/png 6059 bytes]

I'm working man1
]]></system-out>
  </testcase>
</testsuite>