<?xml version="1.0" encoding="UTF-8"?>
<!-- Generated by org.testng.reporters.JUnitReportReporter -->
<testsuite hostname="DESKTOP-QDV6N2Q" failures="0" tests="1" name="com.sdetadda.allure.MyTest" time="0.081" errors="0" timestamp="2023-12-10T21:06:57 WAT" skipped="0">
  <testcase classname="com.sdetadda.allure.MyTest" name="myTestMethod" time="0.081"/>
</testsuite> <!-- com.sdetadda.allure.MyTest -->
